<?xml version="1.0" encoding="UTF-8"?>
<testsuite xmlns:xsi="http://www.w3.org/2001/XMLSchema-instance" xsi:noNamespaceSchemaLocation="https://maven.apache.org/surefire/maven-surefire-plugin/xsd/surefire-test-report-3.0.xsd" version="3.0" name="TestSuite" time="105.251" tests="6" errors="0" skipped="0" failures="2">
  <properties>
    <property name="java.specification.version" value="21"/>
    <property name="webdriver.chrome.driver" value="/Users/apple/Documents/HHP/Projects/sample/drivers/chromedriver"/>
    <property name="sun.jnu.encoding" value="UTF-8"/>
    <property name="java.class.path" value="/Users/apple/Documents/HHP/Projects/sample/target/test-classes:/Users/apple/Documents/HHP/Projects/sample/target/classes:/Users/apple/.m2/repository/org/seleniumhq/selenium/selenium-java/4.13.0/selenium-java-4.13.0.jar:/Users/apple/.m2/repository/org/seleniumhq/selenium/selenium-api/4.13.0/selenium-api-4.13.0.jar:/Users/apple/.m2/repository/org/seleniumhq/selenium/selenium-chrome-driver/4.13.0/selenium-chrome-driver-4.13.0.jar:/Users/apple/.m2/repository/com/google/auto/service/auto-service-annotations/1.1.1/auto-service-annotations-1.1.1.jar:/Users/apple/.m2/repository/com/google/guava/guava/32.1.2-jre/guava-32.1.2-jre.jar:/Users/apple/.m2/repository/com/google/guava/failureaccess/1.0.1/failureaccess-1.0.1.jar:/Users/apple/.m2/repository/com/google/guava/listenablefuture/9999.0-empty-to-avoid-conflict-with-guava/listenablefuture-9999.0-empty-to-avoid-conflict-with-guava.jar:/Users/apple/.m2/repository/org/checkerframework/checker-qual/3.33.0/checker-qual-3.33.0.jar:/Users/apple/.m2/repository/com/google/errorprone/error_prone_annotations/2.18.0/error_prone_annotations-2.18.0.jar:/Users/apple/.m2/repository/com/google/j2objc/j2objc-annotations/2.8/j2objc-annotations-2.8.jar:/Users/apple/.m2/repository/org/seleniumhq/selenium/selenium-chromium-driver/4.13.0/selenium-chromium-driver-4.13.0.jar:/Users/apple/.m2/repository/org/seleniumhq/selenium/selenium-json/4.13.0/selenium-json-4.13.0.jar:/Users/apple/.m2/repository/org/seleniumhq/selenium/selenium-manager/4.13.0/selenium-manager-4.13.0.jar:/Users/apple/.m2/repository/org/seleniumhq/selenium/selenium-devtools-v115/4.13.0/selenium-devtools-v115-4.13.0.jar:/Users/apple/.m2/repository/org/seleniumhq/selenium/selenium-devtools-v116/4.13.0/selenium-devtools-v116-4.13.0.jar:/Users/apple/.m2/repository/org/seleniumhq/selenium/selenium-devtools-v117/4.13.0/selenium-devtools-v117-4.13.0.jar:/Users/apple/.m2/repository/org/seleniumhq/selenium/selenium-devtools-v85/4.13.0/selenium-devtools-v85-4.13.0.jar:/Users/apple/.m2/repository/org/seleniumhq/selenium/selenium-edge-driver/4.13.0/selenium-edge-driver-4.13.0.jar:/Users/apple/.m2/repository/org/seleniumhq/selenium/selenium-firefox-driver/4.13.0/selenium-firefox-driver-4.13.0.jar:/Users/apple/.m2/repository/org/seleniumhq/selenium/selenium-http/4.13.0/selenium-http-4.13.0.jar:/Users/apple/.m2/repository/dev/failsafe/failsafe/3.3.2/failsafe-3.3.2.jar:/Users/apple/.m2/repository/org/seleniumhq/selenium/selenium-ie-driver/4.13.0/selenium-ie-driver-4.13.0.jar:/Users/apple/.m2/repository/org/seleniumhq/selenium/selenium-remote-driver/4.13.0/selenium-remote-driver-4.13.0.jar:/Users/apple/.m2/repository/io/netty/netty-buffer/4.1.96.Final/netty-buffer-4.1.96.Final.jar:/Users/apple/.m2/repository/io/netty/netty-codec-http/4.1.96.Final/netty-codec-http-4.1.96.Final.jar:/Users/apple/.m2/repository/io/netty/netty-codec/4.1.96.Final/netty-codec-4.1.96.Final.jar:/Users/apple/.m2/repository/io/netty/netty-handler/4.1.96.Final/netty-handler-4.1.96.Final.jar:/Users/apple/.m2/repository/io/netty/netty-common/4.1.96.Final/netty-common-4.1.96.Final.jar:/Users/apple/.m2/repository/io/netty/netty-transport-classes-epoll/4.1.96.Final/netty-transport-classes-epoll-4.1.96.Final.jar:/Users/apple/.m2/repository/io/netty/netty-transport-classes-kqueue/4.1.96.Final/netty-transport-classes-kqueue-4.1.96.Final.jar:/Users/apple/.m2/repository/io/netty/netty-transport-native-epoll/4.1.96.Final/netty-transport-native-epoll-4.1.96.Final.jar:/Users/apple/.m2/repository/io/netty/netty-transport-native-kqueue/4.1.96.Final/netty-transport-native-kqueue-4.1.96.Final.jar:/Users/apple/.m2/repository/io/netty/netty-transport-native-unix-common/4.1.96.Final/netty-transport-native-unix-common-4.1.96.Final.jar:/Users/apple/.m2/repository/io/netty/netty-transport/4.1.96.Final/netty-transport-4.1.96.Final.jar:/Users/apple/.m2/repository/io/netty/netty-resolver/4.1.96.Final/netty-resolver-4.1.96.Final.jar:/Users/apple/.m2/repository/io/opentelemetry/opentelemetry-api/1.28.0/opentelemetry-api-1.28.0.jar:/Users/apple/.m2/repository/io/opentelemetry/opentelemetry-context/1.28.0/opentelemetry-context-1.28.0.jar:/Users/apple/.m2/repository/io/opentelemetry/opentelemetry-exporter-logging/1.28.0/opentelemetry-exporter-logging-1.28.0.jar:/Users/apple/.m2/repository/io/opentelemetry/opentelemetry-sdk-metrics/1.28.0/opentelemetry-sdk-metrics-1.28.0.jar:/Users/apple/.m2/repository/io/opentelemetry/opentelemetry-extension-incubator/1.28.0-alpha/opentelemetry-extension-incubator-1.28.0-alpha.jar:/Users/apple/.m2/repository/io/opentelemetry/opentelemetry-sdk-logs/1.28.0/opentelemetry-sdk-logs-1.28.0.jar:/Users/apple/.m2/repository/io/opentelemetry/opentelemetry-sdk-common/1.28.0/opentelemetry-sdk-common-1.28.0.jar:/Users/apple/.m2/repository/io/opentelemetry/opentelemetry-sdk-extension-autoconfigure-spi/1.28.0/opentelemetry-sdk-extension-autoconfigure-spi-1.28.0.jar:/Users/apple/.m2/repository/io/opentelemetry/opentelemetry-sdk-extension-autoconfigure/1.28.0/opentelemetry-sdk-extension-autoconfigure-1.28.0.jar:/Users/apple/.m2/repository/io/opentelemetry/opentelemetry-api-events/1.28.0-alpha/opentelemetry-api-events-1.28.0-alpha.jar:/Users/apple/.m2/repository/io/opentelemetry/opentelemetry-sdk-trace/1.28.0/opentelemetry-sdk-trace-1.28.0.jar:/Users/apple/.m2/repository/io/opentelemetry/opentelemetry-sdk/1.28.0/opentelemetry-sdk-1.28.0.jar:/Users/apple/.m2/repository/io/opentelemetry/opentelemetry-semconv/1.28.0-alpha/opentelemetry-semconv-1.28.0-alpha.jar:/Users/apple/.m2/repository/net/bytebuddy/byte-buddy/1.14.5/byte-buddy-1.14.5.jar:/Users/apple/.m2/repository/org/asynchttpclient/async-http-client/2.12.3/async-http-client-2.12.3.jar:/Users/apple/.m2/repository/org/asynchttpclient/async-http-client-netty-utils/2.12.3/async-http-client-netty-utils-2.12.3.jar:/Users/apple/.m2/repository/io/netty/netty-codec-socks/4.1.60.Final/netty-codec-socks-4.1.60.Final.jar:/Users/apple/.m2/repository/io/netty/netty-handler-proxy/4.1.60.Final/netty-handler-proxy-4.1.60.Final.jar:/Users/apple/.m2/repository/io/netty/netty-transport-native-epoll/4.1.60.Final/netty-transport-native-epoll-4.1.60.Final-linux-x86_64.jar:/Users/apple/.m2/repository/io/netty/netty-transport-native-kqueue/4.1.60.Final/netty-transport-native-kqueue-4.1.60.Final-osx-x86_64.jar:/Users/apple/.m2/repository/org/reactivestreams/reactive-streams/1.0.3/reactive-streams-1.0.3.jar:/Users/apple/.m2/repository/com/typesafe/netty/netty-reactive-streams/2.0.4/netty-reactive-streams-2.0.4.jar:/Users/apple/.m2/repository/com/sun/activation/jakarta.activation/1.2.2/jakarta.activation-1.2.2.jar:/Users/apple/.m2/repository/org/seleniumhq/selenium/selenium-os/4.13.0/selenium-os-4.13.0.jar:/Users/apple/.m2/repository/org/apache/commons/commons-exec/1.3/commons-exec-1.3.jar:/Users/apple/.m2/repository/org/seleniumhq/selenium/selenium-safari-driver/4.13.0/selenium-safari-driver-4.13.0.jar:/Users/apple/.m2/repository/org/seleniumhq/selenium/selenium-support/4.13.0/selenium-support-4.13.0.jar:/Users/apple/.m2/repository/org/apache/logging/log4j/log4j-api/2.17.2/log4j-api-2.17.2.jar:/Users/apple/.m2/repository/org/slf4j/slf4j-api/1.7.32/slf4j-api-1.7.32.jar:/Users/apple/.m2/repository/ch/qos/logback/logback-classic/1.2.6/logback-classic-1.2.6.jar:/Users/apple/.m2/repository/ch/qos/logback/logback-core/1.2.6/logback-core-1.2.6.jar:/Users/apple/.m2/repository/io/github/bonigarcia/webdrivermanager/5.2.3/webdrivermanager-5.2.3.jar:/Users/apple/.m2/repository/com/google/code/gson/gson/2.9.1/gson-2.9.1.jar:/Users/apple/.m2/repository/com/github/docker-java/docker-java/3.2.13/docker-java-3.2.13.jar:/Users/apple/.m2/repository/com/github/docker-java/docker-java-core/3.2.13/docker-java-core-3.2.13.jar:/Users/apple/.m2/repository/com/github/docker-java/docker-java-api/3.2.13/docker-java-api-3.2.13.jar:/Users/apple/.m2/repository/com/fasterxml/jackson/core/jackson-annotations/2.10.3/jackson-annotations-2.10.3.jar:/Users/apple/.m2/repository/org/apache/commons/commons-compress/1.21/commons-compress-1.21.jar:/Users/apple/.m2/repository/com/fasterxml/jackson/core/jackson-databind/2.10.3/jackson-databind-2.10.3.jar:/Users/apple/.m2/repository/com/fasterxml/jackson/core/jackson-core/2.10.3/jackson-core-2.10.3.jar:/Users/apple/.m2/repository/org/bouncycastle/bcpkix-jdk15on/1.64/bcpkix-jdk15on-1.64.jar:/Users/apple/.m2/repository/org/bouncycastle/bcprov-jdk15on/1.64/bcprov-jdk15on-1.64.jar:/Users/apple/.m2/repository/org/slf4j/jcl-over-slf4j/1.7.30/jcl-over-slf4j-1.7.30.jar:/Users/apple/.m2/repository/com/github/docker-java/docker-java-transport-httpclient5/3.2.13/docker-java-transport-httpclient5-3.2.13.jar:/Users/apple/.m2/repository/com/github/docker-java/docker-java-transport/3.2.13/docker-java-transport-3.2.13.jar:/Users/apple/.m2/repository/net/java/dev/jna/jna/5.8.0/jna-5.8.0.jar:/Users/apple/.m2/repository/org/brotli/dec/0.1.2/dec-0.1.2.jar:/Users/apple/.m2/repository/org/apache/commons/commons-lang3/3.12.0/commons-lang3-3.12.0.jar:/Users/apple/.m2/repository/org/apache/httpcomponents/client5/httpclient5/5.1.3/httpclient5-5.1.3.jar:/Users/apple/.m2/repository/org/apache/httpcomponents/core5/httpcore5/5.1.3/httpcore5-5.1.3.jar:/Users/apple/.m2/repository/org/apache/httpcomponents/core5/httpcore5-h2/5.1.3/httpcore5-h2-5.1.3.jar:/Users/apple/.m2/repository/org/testng/testng/7.5/testng-7.5.jar:/Users/apple/.m2/repository/com/google/code/findbugs/jsr305/3.0.1/jsr305-3.0.1.jar:/Users/apple/.m2/repository/com/beust/jcommander/1.78/jcommander-1.78.jar:/Users/apple/.m2/repository/org/webjars/jquery/3.5.1/jquery-3.5.1.jar:/Users/apple/.m2/repository/org/apache/httpcomponents/httpclient/4.5.13/httpclient-4.5.13.jar:/Users/apple/.m2/repository/org/apache/httpcomponents/httpcore/4.4.13/httpcore-4.4.13.jar:/Users/apple/.m2/repository/commons-logging/commons-logging/1.2/commons-logging-1.2.jar:/Users/apple/.m2/repository/commons-codec/commons-codec/1.11/commons-codec-1.11.jar:/Users/apple/.m2/repository/com/sun/mail/javax.mail/1.6.2/javax.mail-1.6.2.jar:/Users/apple/.m2/repository/javax/activation/activation/1.1/activation-1.1.jar:/Users/apple/.m2/repository/javax/mail/mail/1.4/mail-1.4.jar:/Users/apple/.m2/repository/commons-lang/commons-lang/2.6/commons-lang-2.6.jar:/Users/apple/.m2/repository/commons-cli/commons-cli/1.2/commons-cli-1.2.jar:/Users/apple/.m2/repository/commons-io/commons-io/2.7/commons-io-2.7.jar:"/>
    <property name="java.vm.vendor" value="Oracle Corporation"/>
    <property name="sun.arch.data.model" value="64"/>
    <property name="java.vendor.url" value="https://java.oracle.com/"/>
    <property name="user.timezone" value="Asia/Kolkata"/>
    <property name="os.name" value="Mac OS X"/>
    <property name="java.vm.specification.version" value="21"/>
    <property name="sun.java.launcher" value="SUN_STANDARD"/>
    <property name="user.country" value="GB"/>
    <property name="sun.boot.library.path" value="/Library/Java/JavaVirtualMachines/jdk-21.jdk/Contents/Home/lib"/>
    <property name="sun.java.command" value="/Users/apple/Documents/HHP/Projects/sample/target/surefire/surefirebooter-20240113073925719_3.jar /Users/apple/Documents/HHP/Projects/sample/target/surefire 2024-01-13T07-39-25_635-jvmRun1 surefire-20240113073925719_1tmp surefire_0-20240113073925719_2tmp"/>
    <property name="http.nonProxyHosts" value="local|*.local|169.254/16|*.169.254/16"/>
    <property name="jdk.debug" value="release"/>
    <property name="surefire.test.class.path" value="/Users/apple/Documents/HHP/Projects/sample/target/test-classes:/Users/apple/Documents/HHP/Projects/sample/target/classes:/Users/apple/.m2/repository/org/seleniumhq/selenium/selenium-java/4.13.0/selenium-java-4.13.0.jar:/Users/apple/.m2/repository/org/seleniumhq/selenium/selenium-api/4.13.0/selenium-api-4.13.0.jar:/Users/apple/.m2/repository/org/seleniumhq/selenium/selenium-chrome-driver/4.13.0/selenium-chrome-driver-4.13.0.jar:/Users/apple/.m2/repository/com/google/auto/service/auto-service-annotations/1.1.1/auto-service-annotations-1.1.1.jar:/Users/apple/.m2/repository/com/google/guava/guava/32.1.2-jre/guava-32.1.2-jre.jar:/Users/apple/.m2/repository/com/google/guava/failureaccess/1.0.1/failureaccess-1.0.1.jar:/Users/apple/.m2/repository/com/google/guava/listenablefuture/9999.0-empty-to-avoid-conflict-with-guava/listenablefuture-9999.0-empty-to-avoid-conflict-with-guava.jar:/Users/apple/.m2/repository/org/checkerframework/checker-qual/3.33.0/checker-qual-3.33.0.jar:/Users/apple/.m2/repository/com/google/errorprone/error_prone_annotations/2.18.0/error_prone_annotations-2.18.0.jar:/Users/apple/.m2/repository/com/google/j2objc/j2objc-annotations/2.8/j2objc-annotations-2.8.jar:/Users/apple/.m2/repository/org/seleniumhq/selenium/selenium-chromium-driver/4.13.0/selenium-chromium-driver-4.13.0.jar:/Users/apple/.m2/repository/org/seleniumhq/selenium/selenium-json/4.13.0/selenium-json-4.13.0.jar:/Users/apple/.m2/repository/org/seleniumhq/selenium/selenium-manager/4.13.0/selenium-manager-4.13.0.jar:/Users/apple/.m2/repository/org/seleniumhq/selenium/selenium-devtools-v115/4.13.0/selenium-devtools-v115-4.13.0.jar:/Users/apple/.m2/repository/org/seleniumhq/selenium/selenium-devtools-v116/4.13.0/selenium-devtools-v116-4.13.0.jar:/Users/apple/.m2/repository/org/seleniumhq/selenium/selenium-devtools-v117/4.13.0/selenium-devtools-v117-4.13.0.jar:/Users/apple/.m2/repository/org/seleniumhq/selenium/selenium-devtools-v85/4.13.0/selenium-devtools-v85-4.13.0.jar:/Users/apple/.m2/repository/org/seleniumhq/selenium/selenium-edge-driver/4.13.0/selenium-edge-driver-4.13.0.jar:/Users/apple/.m2/repository/org/seleniumhq/selenium/selenium-firefox-driver/4.13.0/selenium-firefox-driver-4.13.0.jar:/Users/apple/.m2/repository/org/seleniumhq/selenium/selenium-http/4.13.0/selenium-http-4.13.0.jar:/Users/apple/.m2/repository/dev/failsafe/failsafe/3.3.2/failsafe-3.3.2.jar:/Users/apple/.m2/repository/org/seleniumhq/selenium/selenium-ie-driver/4.13.0/selenium-ie-driver-4.13.0.jar:/Users/apple/.m2/repository/org/seleniumhq/selenium/selenium-remote-driver/4.13.0/selenium-remote-driver-4.13.0.jar:/Users/apple/.m2/repository/io/netty/netty-buffer/4.1.96.Final/netty-buffer-4.1.96.Final.jar:/Users/apple/.m2/repository/io/netty/netty-codec-http/4.1.96.Final/netty-codec-http-4.1.96.Final.jar:/Users/apple/.m2/repository/io/netty/netty-codec/4.1.96.Final/netty-codec-4.1.96.Final.jar:/Users/apple/.m2/repository/io/netty/netty-handler/4.1.96.Final/netty-handler-4.1.96.Final.jar:/Users/apple/.m2/repository/io/netty/netty-common/4.1.96.Final/netty-common-4.1.96.Final.jar:/Users/apple/.m2/repository/io/netty/netty-transport-classes-epoll/4.1.96.Final/netty-transport-classes-epoll-4.1.96.Final.jar:/Users/apple/.m2/repository/io/netty/netty-transport-classes-kqueue/4.1.96.Final/netty-transport-classes-kqueue-4.1.96.Final.jar:/Users/apple/.m2/repository/io/netty/netty-transport-native-epoll/4.1.96.Final/netty-transport-native-epoll-4.1.96.Final.jar:/Users/apple/.m2/repository/io/netty/netty-transport-native-kqueue/4.1.96.Final/netty-transport-native-kqueue-4.1.96.Final.jar:/Users/apple/.m2/repository/io/netty/netty-transport-native-unix-common/4.1.96.Final/netty-transport-native-unix-common-4.1.96.Final.jar:/Users/apple/.m2/repository/io/netty/netty-transport/4.1.96.Final/netty-transport-4.1.96.Final.jar:/Users/apple/.m2/repository/io/netty/netty-resolver/4.1.96.Final/netty-resolver-4.1.96.Final.jar:/Users/apple/.m2/repository/io/opentelemetry/opentelemetry-api/1.28.0/opentelemetry-api-1.28.0.jar:/Users/apple/.m2/repository/io/opentelemetry/opentelemetry-context/1.28.0/opentelemetry-context-1.28.0.jar:/Users/apple/.m2/repository/io/opentelemetry/opentelemetry-exporter-logging/1.28.0/opentelemetry-exporter-logging-1.28.0.jar:/Users/apple/.m2/repository/io/opentelemetry/opentelemetry-sdk-metrics/1.28.0/opentelemetry-sdk-metrics-1.28.0.jar:/Users/apple/.m2/repository/io/opentelemetry/opentelemetry-extension-incubator/1.28.0-alpha/opentelemetry-extension-incubator-1.28.0-alpha.jar:/Users/apple/.m2/repository/io/opentelemetry/opentelemetry-sdk-logs/1.28.0/opentelemetry-sdk-logs-1.28.0.jar:/Users/apple/.m2/repository/io/opentelemetry/opentelemetry-sdk-common/1.28.0/opentelemetry-sdk-common-1.28.0.jar:/Users/apple/.m2/repository/io/opentelemetry/opentelemetry-sdk-extension-autoconfigure-spi/1.28.0/opentelemetry-sdk-extension-autoconfigure-spi-1.28.0.jar:/Users/apple/.m2/repository/io/opentelemetry/opentelemetry-sdk-extension-autoconfigure/1.28.0/opentelemetry-sdk-extension-autoconfigure-1.28.0.jar:/Users/apple/.m2/repository/io/opentelemetry/opentelemetry-api-events/1.28.0-alpha/opentelemetry-api-events-1.28.0-alpha.jar:/Users/apple/.m2/repository/io/opentelemetry/opentelemetry-sdk-trace/1.28.0/opentelemetry-sdk-trace-1.28.0.jar:/Users/apple/.m2/repository/io/opentelemetry/opentelemetry-sdk/1.28.0/opentelemetry-sdk-1.28.0.jar:/Users/apple/.m2/repository/io/opentelemetry/opentelemetry-semconv/1.28.0-alpha/opentelemetry-semconv-1.28.0-alpha.jar:/Users/apple/.m2/repository/net/bytebuddy/byte-buddy/1.14.5/byte-buddy-1.14.5.jar:/Users/apple/.m2/repository/org/asynchttpclient/async-http-client/2.12.3/async-http-client-2.12.3.jar:/Users/apple/.m2/repository/org/asynchttpclient/async-http-client-netty-utils/2.12.3/async-http-client-netty-utils-2.12.3.jar:/Users/apple/.m2/repository/io/netty/netty-codec-socks/4.1.60.Final/netty-codec-socks-4.1.60.Final.jar:/Users/apple/.m2/repository/io/netty/netty-handler-proxy/4.1.60.Final/netty-handler-proxy-4.1.60.Final.jar:/Users/apple/.m2/repository/io/netty/netty-transport-native-epoll/4.1.60.Final/netty-transport-native-epoll-4.1.60.Final-linux-x86_64.jar:/Users/apple/.m2/repository/io/netty/netty-transport-native-kqueue/4.1.60.Final/netty-transport-native-kqueue-4.1.60.Final-osx-x86_64.jar:/Users/apple/.m2/repository/org/reactivestreams/reactive-streams/1.0.3/reactive-streams-1.0.3.jar:/Users/apple/.m2/repository/com/typesafe/netty/netty-reactive-streams/2.0.4/netty-reactive-streams-2.0.4.jar:/Users/apple/.m2/repository/com/sun/activation/jakarta.activation/1.2.2/jakarta.activation-1.2.2.jar:/Users/apple/.m2/repository/org/seleniumhq/selenium/selenium-os/4.13.0/selenium-os-4.13.0.jar:/Users/apple/.m2/repository/org/apache/commons/commons-exec/1.3/commons-exec-1.3.jar:/Users/apple/.m2/repository/org/seleniumhq/selenium/selenium-safari-driver/4.13.0/selenium-safari-driver-4.13.0.jar:/Users/apple/.m2/repository/org/seleniumhq/selenium/selenium-support/4.13.0/selenium-support-4.13.0.jar:/Users/apple/.m2/repository/org/apache/logging/log4j/log4j-api/2.17.2/log4j-api-2.17.2.jar:/Users/apple/.m2/repository/org/slf4j/slf4j-api/1.7.32/slf4j-api-1.7.32.jar:/Users/apple/.m2/repository/ch/qos/logback/logback-classic/1.2.6/logback-classic-1.2.6.jar:/Users/apple/.m2/repository/ch/qos/logback/logback-core/1.2.6/logback-core-1.2.6.jar:/Users/apple/.m2/repository/io/github/bonigarcia/webdrivermanager/5.2.3/webdrivermanager-5.2.3.jar:/Users/apple/.m2/repository/com/google/code/gson/gson/2.9.1/gson-2.9.1.jar:/Users/apple/.m2/repository/com/github/docker-java/docker-java/3.2.13/docker-java-3.2.13.jar:/Users/apple/.m2/repository/com/github/docker-java/docker-java-core/3.2.13/docker-java-core-3.2.13.jar:/Users/apple/.m2/repository/com/github/docker-java/docker-java-api/3.2.13/docker-java-api-3.2.13.jar:/Users/apple/.m2/repository/com/fasterxml/jackson/core/jackson-annotations/2.10.3/jackson-annotations-2.10.3.jar:/Users/apple/.m2/repository/org/apache/commons/commons-compress/1.21/commons-compress-1.21.jar:/Users/apple/.m2/repository/com/fasterxml/jackson/core/jackson-databind/2.10.3/jackson-databind-2.10.3.jar:/Users/apple/.m2/repository/com/fasterxml/jackson/core/jackson-core/2.10.3/jackson-core-2.10.3.jar:/Users/apple/.m2/repository/org/bouncycastle/bcpkix-jdk15on/1.64/bcpkix-jdk15on-1.64.jar:/Users/apple/.m2/repository/org/bouncycastle/bcprov-jdk15on/1.64/bcprov-jdk15on-1.64.jar:/Users/apple/.m2/repository/org/slf4j/jcl-over-slf4j/1.7.30/jcl-over-slf4j-1.7.30.jar:/Users/apple/.m2/repository/com/github/docker-java/docker-java-transport-httpclient5/3.2.13/docker-java-transport-httpclient5-3.2.13.jar:/Users/apple/.m2/repository/com/github/docker-java/docker-java-transport/3.2.13/docker-java-transport-3.2.13.jar:/Users/apple/.m2/repository/net/java/dev/jna/jna/5.8.0/jna-5.8.0.jar:/Users/apple/.m2/repository/org/brotli/dec/0.1.2/dec-0.1.2.jar:/Users/apple/.m2/repository/org/apache/commons/commons-lang3/3.12.0/commons-lang3-3.12.0.jar:/Users/apple/.m2/repository/org/apache/httpcomponents/client5/httpclient5/5.1.3/httpclient5-5.1.3.jar:/Users/apple/.m2/repository/org/apache/httpcomponents/core5/httpcore5/5.1.3/httpcore5-5.1.3.jar:/Users/apple/.m2/repository/org/apache/httpcomponents/core5/httpcore5-h2/5.1.3/httpcore5-h2-5.1.3.jar:/Users/apple/.m2/repository/org/testng/testng/7.5/testng-7.5.jar:/Users/apple/.m2/repository/com/google/code/findbugs/jsr305/3.0.1/jsr305-3.0.1.jar:/Users/apple/.m2/repository/com/beust/jcommander/1.78/jcommander-1.78.jar:/Users/apple/.m2/repository/org/webjars/jquery/3.5.1/jquery-3.5.1.jar:/Users/apple/.m2/repository/org/apache/httpcomponents/httpclient/4.5.13/httpclient-4.5.13.jar:/Users/apple/.m2/repository/org/apache/httpcomponents/httpcore/4.4.13/httpcore-4.4.13.jar:/Users/apple/.m2/repository/commons-logging/commons-logging/1.2/commons-logging-1.2.jar:/Users/apple/.m2/repository/commons-codec/commons-codec/1.11/commons-codec-1.11.jar:/Users/apple/.m2/repository/com/sun/mail/javax.mail/1.6.2/javax.mail-1.6.2.jar:/Users/apple/.m2/repository/javax/activation/activation/1.1/activation-1.1.jar:/Users/apple/.m2/repository/javax/mail/mail/1.4/mail-1.4.jar:/Users/apple/.m2/repository/commons-lang/commons-lang/2.6/commons-lang-2.6.jar:/Users/apple/.m2/repository/commons-cli/commons-cli/1.2/commons-cli-1.2.jar:/Users/apple/.m2/repository/commons-io/commons-io/2.7/commons-io-2.7.jar:"/>
    <property name="sun.cpu.endian" value="little"/>
    <property name="user.home" value="/Users/apple"/>
    <property name="user.language" value="en"/>
    <property name="java.specification.vendor" value="Oracle Corporation"/>
    <property name="java.version.date" value="2023-09-19"/>
    <property name="java.home" value="/Library/Java/JavaVirtualMachines/jdk-21.jdk/Contents/Home"/>
    <property name="file.separator" value="/"/>
    <property name="basedir" value="/Users/apple/Documents/HHP/Projects/sample"/>
    <property name="java.vm.compressedOopsMode" value="Zero based"/>
    <property name="line.separator" value="&#10;"/>
    <property name="java.vm.specification.vendor" value="Oracle Corporation"/>
    <property name="java.specification.name" value="Java Platform API Specification"/>
    <property name="apple.awt.application.name" value="ForkedBooter"/>
    <property name="surefire.real.class.path" value="/Users/apple/Documents/HHP/Projects/sample/target/surefire/surefirebooter-20240113073925719_3.jar"/>
    <property name="sun.management.compiler" value="HotSpot 64-Bit Tiered Compilers"/>
    <property name="ftp.nonProxyHosts" value="local|*.local|169.254/16|*.169.254/16"/>
    <property name="java.runtime.version" value="21+35-LTS-2513"/>
    <property name="user.name" value="apple"/>
    <property name="stdout.encoding" value="UTF-8"/>
    <property name="path.separator" value=":"/>
    <property name="os.version" value="11.7.10"/>
    <property name="java.runtime.name" value="Java(TM) SE Runtime Environment"/>
    <property name="file.encoding" value="UTF-8"/>
    <property name="java.vm.name" value="Java HotSpot(TM) 64-Bit Server VM"/>
    <property name="localRepository" value="/Users/apple/.m2/repository"/>
    <property name="java.vendor.url.bug" value="https://bugreport.java.com/bugreport/"/>
    <property name="java.io.tmpdir" value="/var/folders/pb/lrccxhdn21v014jb8bt4rb_r0000gn/T/"/>
    <property name="java.version" value="21"/>
    <property name="user.dir" value="/Users/apple/Documents/HHP/Projects/sample"/>
    <property name="os.arch" value="x86_64"/>
    <property name="java.vm.specification.name" value="Java Virtual Machine Specification"/>
    <property name="native.encoding" value="UTF-8"/>
    <property name="java.library.path" value="/Users/apple/Library/Java/Extensions:/Library/Java/Extensions:/Network/Library/Java/Extensions:/System/Library/Java/Extensions:/usr/lib/java:."/>
    <property name="java.vm.info" value="mixed mode, sharing"/>
    <property name="stderr.encoding" value="UTF-8"/>
    <property name="java.vendor" value="Oracle Corporation"/>
    <property name="java.vm.version" value="21+35-LTS-2513"/>
    <property name="sun.io.unicode.encoding" value="UnicodeBig"/>
    <property name="socksNonProxyHosts" value="local|*.local|169.254/16|*.169.254/16"/>
    <property name="java.class.version" value="65.0"/>
  </properties>
  <testcase name="verifyAllHeaderSectionsPresent" classname="com.sample.modules.HomePage" time="2.164">
    <system-out><![CDATA[07:39:26.073 [main] DEBUG org.testng.TestNG - suiteXmlPath: "/Users/apple/Documents/HHP/Projects/sample/src/test/resources/testng.xml"
07:39:26.210 [main] DEBUG org.testng.internal.Graph - [Graph] ADDING NODE Base.fetchSuiteConfiguration(org.testng.ITestContext)[pri:0, instance:null] -425574212
07:39:26.210 [main] DEBUG org.testng.internal.Graph - [Graph] ================ SORTING
07:39:26.212 [main] DEBUG org.testng.internal.Graph - [Graph] =============== DONE SORTING
07:39:26.212 [main] DEBUG org.testng.internal.Graph - [Graph] ====== SORTED NODES
07:39:26.212 [main] DEBUG org.testng.internal.Graph - [Graph] ====== END SORTED NODES
07:39:26.213 [main] DEBUG org.testng.internal.Graph - [Graph] ADDING NODE Base.after()[pri:0, instance:null] -301863784
07:39:26.213 [main] DEBUG org.testng.internal.Graph - [Graph] ================ SORTING
07:39:26.213 [main] DEBUG org.testng.internal.Graph - [Graph] =============== DONE SORTING
07:39:26.213 [main] DEBUG org.testng.internal.Graph - [Graph] ====== SORTED NODES
07:39:26.213 [main] DEBUG org.testng.internal.Graph - [Graph] ====== END SORTED NODES
07:39:26.216 [main] DEBUG org.testng.internal.Graph - [Graph] ADDING NODE Base.setUp(java.lang.reflect.Method)[pri:0, instance:null] -318578857
07:39:26.216 [main] DEBUG org.testng.internal.Graph - [Graph] ================ SORTING
07:39:26.217 [main] DEBUG org.testng.internal.Graph - [Graph] =============== DONE SORTING
07:39:26.217 [main] DEBUG org.testng.internal.Graph - [Graph] ====== SORTED NODES
07:39:26.217 [main] DEBUG org.testng.internal.Graph - [Graph] ====== END SORTED NODES
07:39:26.217 [main] DEBUG org.testng.internal.Graph - [Graph] ADDING NODE Base.tearDown(org.testng.ITestResult)[pri:0, instance:null] 2001482656
07:39:26.217 [main] DEBUG org.testng.internal.Graph - [Graph] ================ SORTING
07:39:26.218 [main] DEBUG org.testng.internal.Graph - [Graph] =============== DONE SORTING
07:39:26.218 [main] DEBUG org.testng.internal.Graph - [Graph] ====== SORTED NODES
07:39:26.218 [main] DEBUG org.testng.internal.Graph - [Graph] ====== END SORTED NODES
07:39:26.218 [main] DEBUG org.testng.internal.Graph - [Graph] ADDING NODE Base.fetchSuiteConfiguration(org.testng.ITestContext)[pri:0, instance:com.sample.modules.HomePage@7c729a55] 1779986713
07:39:26.218 [main] DEBUG org.testng.internal.Graph - [Graph] ================ SORTING
07:39:26.219 [main] DEBUG org.testng.internal.Graph - [Graph] =============== DONE SORTING
07:39:26.219 [main] DEBUG org.testng.internal.Graph - [Graph] ====== SORTED NODES
07:39:26.219 [main] DEBUG org.testng.internal.Graph - [Graph] ====== END SORTED NODES
07:39:26.221 [main] DEBUG org.testng.internal.Graph - [Graph] ADDING NODE HomePage.verifyCountryCurrencyWidget()[pri:0, instance:com.sample.modules.HomePage@7c729a55] -1894280488
07:39:26.221 [main] DEBUG org.testng.internal.Graph - [Graph] ADDING NODE HomePage.verifySearchFlight()[pri:0, instance:com.sample.modules.HomePage@7c729a55] 1639784281
07:39:26.221 [main] DEBUG org.testng.internal.Graph - [Graph] ADDING NODE HomePage.verifyAllHeaderSectionsPresent()[pri:0, instance:com.sample.modules.HomePage@7c729a55] -1734215486
07:39:26.221 [main] DEBUG org.testng.internal.Graph - [Graph] ================ SORTING
07:39:26.222 [main] DEBUG org.testng.internal.Graph - [Graph] =============== DONE SORTING
07:39:26.222 [main] DEBUG org.testng.internal.Graph - [Graph] ====== SORTED NODES
07:39:26.222 [main] DEBUG org.testng.internal.Graph - [Graph] ====== END SORTED NODES
07:39:26.223 [main] DEBUG org.testng.internal.Graph - [Graph] ADDING NODE Base.after()[pri:0, instance:com.sample.modules.HomePage@7c729a55] 1320042685
07:39:26.223 [main] DEBUG org.testng.internal.Graph - [Graph] ================ SORTING
07:39:26.223 [main] DEBUG org.testng.internal.Graph - [Graph] =============== DONE SORTING
07:39:26.223 [main] DEBUG org.testng.internal.Graph - [Graph] ====== SORTED NODES
07:39:26.223 [main] DEBUG org.testng.internal.Graph - [Graph] ====== END SORTED NODES
07:39:26.235 [main] DEBUG org.testng.internal.Graph - [Graph] ADDING NODE Base.fetchSuiteConfiguration(org.testng.ITestContext)[pri:0, instance:null] -425574212
07:39:26.235 [main] DEBUG org.testng.internal.Graph - [Graph] ================ SORTING
07:39:26.235 [main] DEBUG org.testng.internal.Graph - [Graph] =============== DONE SORTING
07:39:26.235 [main] DEBUG org.testng.internal.Graph - [Graph] ====== SORTED NODES
07:39:26.236 [main] DEBUG org.testng.internal.Graph - [Graph] ====== END SORTED NODES
07:39:26.236 [main] DEBUG org.testng.internal.Graph - [Graph] ADDING NODE Base.after()[pri:0, instance:null] -301863784
07:39:26.236 [main] DEBUG org.testng.internal.Graph - [Graph] ================ SORTING
07:39:26.236 [main] DEBUG org.testng.internal.Graph - [Graph] =============== DONE SORTING
07:39:26.236 [main] DEBUG org.testng.internal.Graph - [Graph] ====== SORTED NODES
07:39:26.236 [main] DEBUG org.testng.internal.Graph - [Graph] ====== END SORTED NODES
07:39:26.238 [main] DEBUG org.testng.internal.Graph - [Graph] ADDING NODE Base.setUp(java.lang.reflect.Method)[pri:0, instance:null] -318578857
07:39:26.238 [main] DEBUG org.testng.internal.Graph - [Graph] ================ SORTING
07:39:26.238 [main] DEBUG org.testng.internal.Graph - [Graph] =============== DONE SORTING
07:39:26.239 [main] DEBUG org.testng.internal.Graph - [Graph] ====== SORTED NODES
07:39:26.239 [main] DEBUG org.testng.internal.Graph - [Graph] ====== END SORTED NODES
07:39:26.239 [main] DEBUG org.testng.internal.Graph - [Graph] ADDING NODE Base.tearDown(org.testng.ITestResult)[pri:0, instance:null] 2001482656
07:39:26.240 [main] DEBUG org.testng.internal.Graph - [Graph] ================ SORTING
07:39:26.240 [main] DEBUG org.testng.internal.Graph - [Graph] =============== DONE SORTING
07:39:26.240 [main] DEBUG org.testng.internal.Graph - [Graph] ====== SORTED NODES
07:39:26.240 [main] DEBUG org.testng.internal.Graph - [Graph] ====== END SORTED NODES
07:39:26.241 [main] DEBUG org.testng.internal.Graph - [Graph] ADDING NODE Base.fetchSuiteConfiguration(org.testng.ITestContext)[pri:0, instance:com.sample.modules.OfferPage@7f3b84b8] 1826708348
07:39:26.241 [main] DEBUG org.testng.internal.Graph - [Graph] ================ SORTING
07:39:26.241 [main] DEBUG org.testng.internal.Graph - [Graph] =============== DONE SORTING
07:39:26.241 [main] DEBUG org.testng.internal.Graph - [Graph] ====== SORTED NODES
07:39:26.241 [main] DEBUG org.testng.internal.Graph - [Graph] ====== END SORTED NODES
07:39:26.241 [main] DEBUG org.testng.internal.Graph - [Graph] ADDING NODE OfferPage.verifyOfferPageFlightsHDFCFilter()[pri:0, instance:com.sample.modules.OfferPage@7f3b84b8] 1366275498
07:39:26.241 [main] DEBUG org.testng.internal.Graph - [Graph] ADDING NODE OfferPage.verifyOfferPageTrendingICICIFilter()[pri:0, instance:com.sample.modules.OfferPage@7f3b84b8] 360496734
07:39:26.242 [main] DEBUG org.testng.internal.Graph - [Graph] ADDING NODE OfferPage.verifyOfferPageHotelAxisFilter()[pri:0, instance:com.sample.modules.OfferPage@7f3b84b8] -98708573
07:39:26.242 [main] DEBUG org.testng.internal.Graph - [Graph] ================ SORTING
07:39:26.242 [main] DEBUG org.testng.internal.Graph - [Graph] =============== DONE SORTING
07:39:26.242 [main] DEBUG org.testng.internal.Graph - [Graph] ====== SORTED NODES
07:39:26.242 [main] DEBUG org.testng.internal.Graph - [Graph] ====== END SORTED NODES
07:39:26.242 [main] DEBUG org.testng.internal.Graph - [Graph] ADDING NODE Base.after()[pri:0, instance:com.sample.modules.OfferPage@7f3b84b8] 1366764320
07:39:26.242 [main] DEBUG org.testng.internal.Graph - [Graph] ================ SORTING
07:39:26.243 [main] DEBUG org.testng.internal.Graph - [Graph] =============== DONE SORTING
07:39:26.243 [main] DEBUG org.testng.internal.Graph - [Graph] ====== SORTED NODES
07:39:26.243 [main] DEBUG org.testng.internal.Graph - [Graph] ====== END SORTED NODES
07:39:26.354 [main] DEBUG io.netty.util.internal.logging.InternalLoggerFactory - Using SLF4J as the default logging framework
07:39:26.356 [main] DEBUG io.netty.util.ResourceLeakDetector - -Dio.netty.leakDetection.level: simple
07:39:26.356 [main] DEBUG io.netty.util.ResourceLeakDetector - -Dio.netty.leakDetection.targetRecords: 4
07:39:26.358 [main] DEBUG io.netty.util.ResourceLeakDetectorFactory - Loaded default ResourceLeakDetector: io.netty.util.ResourceLeakDetector@15a34df2
07:39:26.368 [main] DEBUG io.netty.util.internal.PlatformDependent0 - -Dio.netty.noUnsafe: false
07:39:26.368 [main] DEBUG io.netty.util.internal.PlatformDependent0 - Java version: 21
07:39:26.369 [main] DEBUG io.netty.util.internal.PlatformDependent0 - sun.misc.Unsafe.theUnsafe: available
07:39:26.370 [main] DEBUG io.netty.util.internal.PlatformDependent0 - sun.misc.Unsafe.copyMemory: available
07:39:26.370 [main] DEBUG io.netty.util.internal.PlatformDependent0 - sun.misc.Unsafe.storeFence: available
07:39:26.370 [main] DEBUG io.netty.util.internal.PlatformDependent0 - java.nio.Buffer.address: available
07:39:26.371 [main] DEBUG io.netty.util.internal.PlatformDependent0 - direct buffer constructor: unavailable: Reflective setAccessible(true) disabled
07:39:26.371 [main] DEBUG io.netty.util.internal.PlatformDependent0 - java.nio.Bits.unaligned: available, true
07:39:26.372 [main] DEBUG io.netty.util.internal.PlatformDependent0 - jdk.internal.misc.Unsafe.allocateUninitializedArray(int): unavailable: class io.netty.util.internal.PlatformDependent0$7 cannot access class jdk.internal.misc.Unsafe (in module java.base) because module java.base does not export jdk.internal.misc to unnamed module @603ee946
07:39:26.372 [main] DEBUG io.netty.util.internal.PlatformDependent0 - java.nio.DirectByteBuffer.<init>(long, {int,long}): unavailable
07:39:26.372 [main] DEBUG io.netty.util.internal.PlatformDependent - sun.misc.Unsafe: available
07:39:26.373 [main] DEBUG io.netty.util.internal.PlatformDependent - maxDirectMemory: 8589934592 bytes (maybe)
07:39:26.373 [main] DEBUG io.netty.util.internal.PlatformDependent - -Dio.netty.tmpdir: /var/folders/pb/lrccxhdn21v014jb8bt4rb_r0000gn/T (java.io.tmpdir)
07:39:26.374 [main] DEBUG io.netty.util.internal.PlatformDependent - -Dio.netty.bitMode: 64 (sun.arch.data.model)
07:39:26.374 [main] DEBUG io.netty.util.internal.PlatformDependent - Platform: MacOS
07:39:26.374 [main] DEBUG io.netty.util.internal.PlatformDependent - -Dio.netty.maxDirectMemory: -1 bytes
07:39:26.374 [main] DEBUG io.netty.util.internal.PlatformDependent - -Dio.netty.uninitializedArrayAllocationThreshold: -1
07:39:26.375 [main] DEBUG io.netty.util.internal.CleanerJava9 - java.nio.ByteBuffer.cleaner(): available
07:39:26.375 [main] DEBUG io.netty.util.internal.PlatformDependent - -Dio.netty.noPreferDirect: false
07:39:26.379 [main] DEBUG io.netty.util.internal.PlatformDependent - org.jctools-core.MpscChunkedArrayQueue: available
07:39:26.390 [main] DEBUG io.netty.util.internal.InternalThreadLocalMap - -Dio.netty.threadLocalMap.stringBuilder.initialSize: 1024
07:39:26.390 [main] DEBUG io.netty.util.internal.InternalThreadLocalMap - -Dio.netty.threadLocalMap.stringBuilder.maxSize: 4096
07:39:26.501 [main] DEBUG io.netty.handler.ssl.JdkSslContext - Default protocols (JDK): [TLSv1.3, TLSv1.2] 
07:39:26.501 [main] DEBUG io.netty.handler.ssl.JdkSslContext - Default cipher suites (JDK): [TLS_ECDHE_ECDSA_WITH_AES_256_GCM_SHA384, TLS_ECDHE_ECDSA_WITH_AES_128_GCM_SHA256, TLS_ECDHE_RSA_WITH_AES_128_GCM_SHA256, TLS_ECDHE_RSA_WITH_AES_256_GCM_SHA384, TLS_ECDHE_RSA_WITH_AES_128_CBC_SHA, TLS_ECDHE_RSA_WITH_AES_256_CBC_SHA, TLS_RSA_WITH_AES_128_GCM_SHA256, TLS_RSA_WITH_AES_128_CBC_SHA, TLS_RSA_WITH_AES_256_CBC_SHA, TLS_AES_128_GCM_SHA256, TLS_AES_256_GCM_SHA384]
07:39:26.507 [main] DEBUG io.netty.util.concurrent.GlobalEventExecutor - -Dio.netty.globalEventExecutor.quietPeriodSeconds: 1
07:39:26.513 [main] DEBUG io.netty.channel.MultithreadEventLoopGroup - -Dio.netty.eventLoopThreads: 24
07:39:26.518 [main] DEBUG io.netty.channel.nio.NioEventLoop - -Dio.netty.noKeySetOptimization: false
07:39:26.518 [main] DEBUG io.netty.channel.nio.NioEventLoop - -Dio.netty.selectorAutoRebuildThreshold: 512
07:39:26.539 [main] DEBUG io.netty.buffer.PooledByteBufAllocator - -Dio.netty.allocator.numHeapArenas: 24
07:39:26.540 [main] DEBUG io.netty.buffer.PooledByteBufAllocator - -Dio.netty.allocator.numDirectArenas: 24
07:39:26.540 [main] DEBUG io.netty.buffer.PooledByteBufAllocator - -Dio.netty.allocator.pageSize: 8192
07:39:26.540 [main] DEBUG io.netty.buffer.PooledByteBufAllocator - -Dio.netty.allocator.maxOrder: 9
07:39:26.540 [main] DEBUG io.netty.buffer.PooledByteBufAllocator - -Dio.netty.allocator.chunkSize: 4194304
07:39:26.540 [main] DEBUG io.netty.buffer.PooledByteBufAllocator - -Dio.netty.allocator.smallCacheSize: 256
07:39:26.540 [main] DEBUG io.netty.buffer.PooledByteBufAllocator - -Dio.netty.allocator.normalCacheSize: 64
07:39:26.540 [main] DEBUG io.netty.buffer.PooledByteBufAllocator - -Dio.netty.allocator.maxCachedBufferCapacity: 32768
07:39:26.540 [main] DEBUG io.netty.buffer.PooledByteBufAllocator - -Dio.netty.allocator.cacheTrimInterval: 8192
07:39:26.540 [main] DEBUG io.netty.buffer.PooledByteBufAllocator - -Dio.netty.allocator.cacheTrimIntervalMillis: 0
07:39:26.540 [main] DEBUG io.netty.buffer.PooledByteBufAllocator - -Dio.netty.allocator.useCacheForAllThreads: false
07:39:26.540 [main] DEBUG io.netty.buffer.PooledByteBufAllocator - -Dio.netty.allocator.maxCachedByteBuffersPerChunk: 1023
07:39:26.547 [main] DEBUG io.netty.buffer.ByteBufUtil - -Dio.netty.allocator.type: pooled
07:39:26.547 [main] DEBUG io.netty.buffer.ByteBufUtil - -Dio.netty.threadLocalDirectBufferSize: 0
07:39:26.547 [main] DEBUG io.netty.buffer.ByteBufUtil - -Dio.netty.maxThreadLocalCharBufferSize: 16384
07:39:27.399 [Forwarding newSession on session null to remote] DEBUG io.netty.channel.DefaultChannelId - -Dio.netty.processId: 1744 (auto-detected)
07:39:27.400 [Forwarding newSession on session null to remote] DEBUG io.netty.util.NetUtil - -Djava.net.preferIPv4Stack: false
07:39:27.400 [Forwarding newSession on session null to remote] DEBUG io.netty.util.NetUtil - -Djava.net.preferIPv6Addresses: false
07:39:27.403 [Forwarding newSession on session null to remote] DEBUG io.netty.util.NetUtilInitializations - Loopback interface: lo0 (lo0, 0:0:0:0:0:0:0:1%lo0)
07:39:27.404 [Forwarding newSession on session null to remote] DEBUG io.netty.util.NetUtil - Failed to get SOMAXCONN from sysctl and file /proc/sys/net/core/somaxconn. Default: 128
07:39:27.405 [Forwarding newSession on session null to remote] DEBUG io.netty.channel.DefaultChannelId - -Dio.netty.machineId: 38:f9:d3:ff:fe:71:60:64 (auto-detected)
07:39:27.428 [AsyncHttpClient-1-2] DEBUG io.netty.buffer.AbstractByteBuf - -Dio.netty.buffer.checkAccessible: true
07:39:27.429 [AsyncHttpClient-1-2] DEBUG io.netty.buffer.AbstractByteBuf - -Dio.netty.buffer.checkBounds: true
07:39:27.429 [AsyncHttpClient-1-2] DEBUG io.netty.util.ResourceLeakDetectorFactory - Loaded default ResourceLeakDetector: io.netty.util.ResourceLeakDetector@2571d855
07:39:27.437 [AsyncHttpClient-1-2] DEBUG org.asynchttpclient.netty.channel.NettyConnectListener - Using new Channel '[id: 0xa139dd9f, L:/127.0.0.1:50111 - R:localhost/127.0.0.1:22597]' for 'POST' to '/session'
07:39:27.445 [AsyncHttpClient-1-2] DEBUG io.netty.util.Recycler - -Dio.netty.recycler.maxCapacityPerThread: 4096
07:39:27.445 [AsyncHttpClient-1-2] DEBUG io.netty.util.Recycler - -Dio.netty.recycler.ratio: 8
07:39:27.446 [AsyncHttpClient-1-2] DEBUG io.netty.util.Recycler - -Dio.netty.recycler.chunkSize: 32
07:39:27.446 [AsyncHttpClient-1-2] DEBUG io.netty.util.Recycler - -Dio.netty.recycler.blocking: false
07:39:27.446 [AsyncHttpClient-1-2] DEBUG io.netty.util.Recycler - -Dio.netty.recycler.batchFastThreadLocalOnly: true
07:39:28.339 [AsyncHttpClient-1-2] DEBUG io.netty.handler.codec.compression.Brotli - brotli4j not in the classpath; Brotli support will be unavailable.
07:39:28.339 [AsyncHttpClient-1-2] DEBUG org.asynchttpclient.netty.handler.HttpHandler - 

Request DefaultHttpRequest(decodeResult: success, version: HTTP/1.1)
POST /session HTTP/1.1
User-Agent: selenium/4.13.0 (java mac)
Content-Length: 291
Content-Type: application/json; charset=utf-8
host: localhost:22597
accept: */*

Response DefaultHttpResponse(decodeResult: success, version: HTTP/1.1)
HTTP/1.1 200 OK
Content-Length: 891
Content-Type: application/json; charset=utf-8
cache-control: no-cache

07:39:28.343 [AsyncHttpClient-1-2] DEBUG org.asynchttpclient.netty.channel.ChannelManager - Adding key: http://localhost:22597 for channel [id: 0xa139dd9f, L:/127.0.0.1:50111 - R:localhost/127.0.0.1:22597]
07:39:28.408 [AsyncHttpClient-1-3] DEBUG org.asynchttpclient.netty.channel.NettyConnectListener - Using new Channel '[id: 0xe643765d, L:/127.0.0.1:50116 - R:localhost/127.0.0.1:50112]' for 'GET' to '/json/version'
07:39:28.411 [AsyncHttpClient-1-3] DEBUG org.asynchttpclient.netty.handler.HttpHandler - 

Request DefaultFullHttpRequest(decodeResult: success, version: HTTP/1.1, content: EmptyByteBufBE)
GET /json/version HTTP/1.1
User-Agent: selenium/4.13.0 (java mac)
host: localhost:50112
accept: */*

Response DefaultHttpResponse(decodeResult: success, version: HTTP/1.1)
HTTP/1.1 200 OK
Content-Security-Policy: frame-ancestors 'none'
Content-Length: 422
Content-Type: application/json; charset=UTF-8

07:39:28.411 [AsyncHttpClient-1-3] DEBUG org.asynchttpclient.netty.channel.ChannelManager - Adding key: http://localhost:50112 for channel [id: 0xe643765d, L:/127.0.0.1:50116 - R:localhost/127.0.0.1:50112]
07:39:28.417 [main] DEBUG io.netty.util.internal.ThreadLocalRandom - -Dio.netty.initialSeedUniquifier: 0x762db3014a30b7a9
07:39:28.420 [AsyncHttpClient-1-4] DEBUG org.asynchttpclient.netty.channel.NettyConnectListener - Using new Channel '[id: 0xf68579f8, L:/127.0.0.1:50117 - R:localhost/127.0.0.1:50112]' for 'GET' to '/devtools/browser/c67cb2a2-e150-42b3-a82b-6700428b26aa'
07:39:28.424 [AsyncHttpClient-1-4] DEBUG org.asynchttpclient.netty.handler.WebSocketHandler - 

Request DefaultFullHttpRequest(decodeResult: success, version: HTTP/1.1, content: EmptyByteBufBE)
GET /devtools/browser/c67cb2a2-e150-42b3-a82b-6700428b26aa HTTP/1.1
upgrade: websocket
connection: upgrade
sec-websocket-key: whdzuyLml8kyW2pjp1j9rw==
sec-websocket-version: 13
origin: http://localhost:50112
host: localhost:50112
accept: */*
user-agent: AHC/2.1

Response DefaultHttpResponse(decodeResult: success, version: HTTP/1.1)
HTTP/1.1 101 WebSocket Protocol Handshake
Upgrade: WebSocket
Connection: Upgrade
Sec-WebSocket-Accept: VwpKhlK0o/spVQstlNHxqm2Ffig=

07:39:28.471 [Forwarding maximizeCurrentWindow on session f2666e12727390e270a1a4d76527c8da to remote] DEBUG org.asynchttpclient.netty.request.NettyRequestSender - Using pooled Channel '[id: 0xa139dd9f, L:/127.0.0.1:50111 - R:localhost/127.0.0.1:22597]' for 'POST' to 'http://localhost:22597/session/f2666e12727390e270a1a4d76527c8da/window/maximize'
07:39:28.471 [Forwarding maximizeCurrentWindow on session f2666e12727390e270a1a4d76527c8da to remote] DEBUG org.asynchttpclient.netty.request.NettyRequestSender - Using open Channel [id: 0xa139dd9f, L:/127.0.0.1:50111 - R:localhost/127.0.0.1:22597] for POST '/session/f2666e12727390e270a1a4d76527c8da/window/maximize'
07:39:28.684 [AsyncHttpClient-1-1] DEBUG org.asynchttpclient.netty.channel.DefaultChannelPool - Entry count for : http://localhost:50112 : 1
07:39:28.935 [AsyncHttpClient-1-2] DEBUG org.asynchttpclient.netty.handler.HttpHandler - 

Request DefaultHttpRequest(decodeResult: success, version: HTTP/1.1)
POST /session/f2666e12727390e270a1a4d76527c8da/window/maximize HTTP/1.1
User-Agent: selenium/4.13.0 (java mac)
Content-Length: 3
Content-Type: application/json; charset=utf-8
host: localhost:22597
accept: */*

Response DefaultHttpResponse(decodeResult: success, version: HTTP/1.1)
HTTP/1.1 200 OK
Content-Length: 50
Content-Type: application/json; charset=utf-8
cache-control: no-cache

07:39:28.935 [AsyncHttpClient-1-2] DEBUG org.asynchttpclient.netty.channel.ChannelManager - Adding key: http://localhost:22597 for channel [id: 0xa139dd9f, L:/127.0.0.1:50111 - R:localhost/127.0.0.1:22597]
07:39:28.956 [Forwarding get on session f2666e12727390e270a1a4d76527c8da to remote] DEBUG org.asynchttpclient.netty.request.NettyRequestSender - Using pooled Channel '[id: 0xa139dd9f, L:/127.0.0.1:50111 - R:localhost/127.0.0.1:22597]' for 'POST' to 'http://localhost:22597/session/f2666e12727390e270a1a4d76527c8da/url'
07:39:28.956 [Forwarding get on session f2666e12727390e270a1a4d76527c8da to remote] DEBUG org.asynchttpclient.netty.request.NettyRequestSender - Using open Channel [id: 0xa139dd9f, L:/127.0.0.1:50111 - R:localhost/127.0.0.1:22597] for POST '/session/f2666e12727390e270a1a4d76527c8da/url'
07:39:29.783 [AsyncHttpClient-1-1] DEBUG org.asynchttpclient.netty.channel.DefaultChannelPool - Entry count for : http://localhost:50112 : 1
07:39:30.885 [AsyncHttpClient-1-1] DEBUG org.asynchttpclient.netty.channel.DefaultChannelPool - Entry count for : http://localhost:50112 : 1
07:39:31.960 [AsyncHttpClient-1-2] DEBUG org.asynchttpclient.netty.handler.HttpHandler - 

Request DefaultHttpRequest(decodeResult: success, version: HTTP/1.1)
POST /session/f2666e12727390e270a1a4d76527c8da/url HTTP/1.1
User-Agent: selenium/4.13.0 (java mac)
Content-Length: 57
Content-Type: application/json; charset=utf-8
host: localhost:22597
accept: */*

Response DefaultHttpResponse(decodeResult: success, version: HTTP/1.1)
HTTP/1.1 200 OK
Content-Length: 14
Content-Type: application/json; charset=utf-8
cache-control: no-cache

07:39:31.961 [AsyncHttpClient-1-2] DEBUG org.asynchttpclient.netty.channel.ChannelManager - Adding key: http://localhost:22597 for channel [id: 0xa139dd9f, L:/127.0.0.1:50111 - R:localhost/127.0.0.1:22597]
Step 1 : Open URL - https://www.makemytrip.com/
07:39:31.983 [AsyncHttpClient-1-1] DEBUG org.asynchttpclient.netty.channel.DefaultChannelPool - Entry count for : http://localhost:22597 : 1
07:39:31.983 [AsyncHttpClient-1-1] DEBUG org.asynchttpclient.netty.channel.DefaultChannelPool - Entry count for : http://localhost:50112 : 1
07:39:33.085 [AsyncHttpClient-1-1] DEBUG org.asynchttpclient.netty.channel.DefaultChannelPool - Entry count for : http://localhost:22597 : 1
07:39:33.085 [AsyncHttpClient-1-1] DEBUG org.asynchttpclient.netty.channel.DefaultChannelPool - Entry count for : http://localhost:50112 : 1
Step 2 : Verify mmt logo present.
07:39:33.969 [Forwarding findElement on session f2666e12727390e270a1a4d76527c8da to remote] DEBUG org.asynchttpclient.netty.request.NettyRequestSender - Using pooled Channel '[id: 0xa139dd9f, L:/127.0.0.1:50111 - R:localhost/127.0.0.1:22597]' for 'POST' to 'http://localhost:22597/session/f2666e12727390e270a1a4d76527c8da/element'
07:39:33.969 [Forwarding findElement on session f2666e12727390e270a1a4d76527c8da to remote] DEBUG org.asynchttpclient.netty.request.NettyRequestSender - Using open Channel [id: 0xa139dd9f, L:/127.0.0.1:50111 - R:localhost/127.0.0.1:22597] for POST '/session/f2666e12727390e270a1a4d76527c8da/element'
07:39:33.983 [AsyncHttpClient-1-2] DEBUG org.asynchttpclient.netty.handler.HttpHandler - 

Request DefaultHttpRequest(decodeResult: success, version: HTTP/1.1)
POST /session/f2666e12727390e270a1a4d76527c8da/element HTTP/1.1
User-Agent: selenium/4.13.0 (java mac)
Content-Length: 78
Content-Type: application/json; charset=utf-8
host: localhost:22597
accept: */*

Response DefaultHttpResponse(decodeResult: success, version: HTTP/1.1)
HTTP/1.1 200 OK
Content-Length: 95
Content-Type: application/json; charset=utf-8
cache-control: no-cache

07:39:33.983 [AsyncHttpClient-1-2] DEBUG org.asynchttpclient.netty.channel.ChannelManager - Adding key: http://localhost:22597 for channel [id: 0xa139dd9f, L:/127.0.0.1:50111 - R:localhost/127.0.0.1:22597]
07:39:33.986 [Forwarding executeScript on session f2666e12727390e270a1a4d76527c8da to remote] DEBUG org.asynchttpclient.netty.request.NettyRequestSender - Using pooled Channel '[id: 0xa139dd9f, L:/127.0.0.1:50111 - R:localhost/127.0.0.1:22597]' for 'POST' to 'http://localhost:22597/session/f2666e12727390e270a1a4d76527c8da/execute/sync'
07:39:33.986 [Forwarding executeScript on session f2666e12727390e270a1a4d76527c8da to remote] DEBUG org.asynchttpclient.netty.request.NettyRequestSender - Using open Channel [id: 0xa139dd9f, L:/127.0.0.1:50111 - R:localhost/127.0.0.1:22597] for POST '/session/f2666e12727390e270a1a4d76527c8da/execute/sync'
07:39:33.992 [AsyncHttpClient-1-2] DEBUG org.asynchttpclient.netty.handler.HttpHandler - 

Request DefaultHttpRequest(decodeResult: success, version: HTTP/1.1)
POST /session/f2666e12727390e270a1a4d76527c8da/execute/sync HTTP/1.1
User-Agent: selenium/4.13.0 (java mac)
Content-Length: 179
Content-Type: application/json; charset=utf-8
host: localhost:22597
accept: */*

Response DefaultHttpResponse(decodeResult: success, version: HTTP/1.1)
HTTP/1.1 200 OK
Content-Length: 14
Content-Type: application/json; charset=utf-8
cache-control: no-cache

07:39:33.992 [AsyncHttpClient-1-2] DEBUG org.asynchttpclient.netty.channel.ChannelManager - Adding key: http://localhost:22597 for channel [id: 0xa139dd9f, L:/127.0.0.1:50111 - R:localhost/127.0.0.1:22597]
07:39:33.999 [Forwarding isElementDisplayed on session f2666e12727390e270a1a4d76527c8da to remote] DEBUG org.asynchttpclient.netty.request.NettyRequestSender - Using pooled Channel '[id: 0xa139dd9f, L:/127.0.0.1:50111 - R:localhost/127.0.0.1:22597]' for 'POST' to 'http://localhost:22597/session/f2666e12727390e270a1a4d76527c8da/execute/sync'
07:39:34.000 [Forwarding isElementDisplayed on session f2666e12727390e270a1a4d76527c8da to remote] DEBUG org.asynchttpclient.netty.request.NettyRequestSender - Using open Channel [id: 0xa139dd9f, L:/127.0.0.1:50111 - R:localhost/127.0.0.1:22597] for POST '/session/f2666e12727390e270a1a4d76527c8da/execute/sync'
07:39:34.017 [AsyncHttpClient-1-2] DEBUG org.asynchttpclient.netty.handler.HttpHandler - 

Request DefaultHttpRequest(decodeResult: success, version: HTTP/1.1)
POST /session/f2666e12727390e270a1a4d76527c8da/execute/sync HTTP/1.1
User-Agent: selenium/4.13.0 (java mac)
Content-Length: 48814
Content-Type: application/json; charset=utf-8
host: localhost:22597
accept: */*

Response DefaultHttpResponse(decodeResult: success, version: HTTP/1.1)
HTTP/1.1 200 OK
Content-Length: 14
Content-Type: application/json; charset=utf-8
cache-control: no-cache

07:39:34.018 [AsyncHttpClient-1-2] DEBUG org.asynchttpclient.netty.channel.ChannelManager - Adding key: http://localhost:22597 for channel [id: 0xa139dd9f, L:/127.0.0.1:50111 - R:localhost/127.0.0.1:22597]
Step 3 : Verify mmt login section present.
07:39:34.021 [Forwarding findElement on session f2666e12727390e270a1a4d76527c8da to remote] DEBUG org.asynchttpclient.netty.request.NettyRequestSender - Using pooled Channel '[id: 0xa139dd9f, L:/127.0.0.1:50111 - R:localhost/127.0.0.1:22597]' for 'POST' to 'http://localhost:22597/session/f2666e12727390e270a1a4d76527c8da/element'
07:39:34.021 [Forwarding findElement on session f2666e12727390e270a1a4d76527c8da to remote] DEBUG org.asynchttpclient.netty.request.NettyRequestSender - Using open Channel [id: 0xa139dd9f, L:/127.0.0.1:50111 - R:localhost/127.0.0.1:22597] for POST '/session/f2666e12727390e270a1a4d76527c8da/element'
07:39:34.033 [AsyncHttpClient-1-2] DEBUG org.asynchttpclient.netty.handler.HttpHandler - 

Request DefaultHttpRequest(decodeResult: success, version: HTTP/1.1)
POST /session/f2666e12727390e270a1a4d76527c8da/element HTTP/1.1
User-Agent: selenium/4.13.0 (java mac)
Content-Length: 85
Content-Type: application/json; charset=utf-8
host: localhost:22597
accept: */*

Response DefaultHttpResponse(decodeResult: success, version: HTTP/1.1)
HTTP/1.1 200 OK
Content-Length: 95
Content-Type: application/json; charset=utf-8
cache-control: no-cache

07:39:34.033 [AsyncHttpClient-1-2] DEBUG org.asynchttpclient.netty.channel.ChannelManager - Adding key: http://localhost:22597 for channel [id: 0xa139dd9f, L:/127.0.0.1:50111 - R:localhost/127.0.0.1:22597]
07:39:34.035 [Forwarding executeScript on session f2666e12727390e270a1a4d76527c8da to remote] DEBUG org.asynchttpclient.netty.request.NettyRequestSender - Using pooled Channel '[id: 0xa139dd9f, L:/127.0.0.1:50111 - R:localhost/127.0.0.1:22597]' for 'POST' to 'http://localhost:22597/session/f2666e12727390e270a1a4d76527c8da/execute/sync'
07:39:34.036 [Forwarding executeScript on session f2666e12727390e270a1a4d76527c8da to remote] DEBUG org.asynchttpclient.netty.request.NettyRequestSender - Using open Channel [id: 0xa139dd9f, L:/127.0.0.1:50111 - R:localhost/127.0.0.1:22597] for POST '/session/f2666e12727390e270a1a4d76527c8da/execute/sync'
07:39:34.042 [AsyncHttpClient-1-2] DEBUG org.asynchttpclient.netty.handler.HttpHandler - 

Request DefaultHttpRequest(decodeResult: success, version: HTTP/1.1)
POST /session/f2666e12727390e270a1a4d76527c8da/execute/sync HTTP/1.1
User-Agent: selenium/4.13.0 (java mac)
Content-Length: 179
Content-Type: application/json; charset=utf-8
host: localhost:22597
accept: */*

Response DefaultHttpResponse(decodeResult: success, version: HTTP/1.1)
HTTP/1.1 200 OK
Content-Length: 14
Content-Type: application/json; charset=utf-8
cache-control: no-cache

07:39:34.042 [AsyncHttpClient-1-2] DEBUG org.asynchttpclient.netty.channel.ChannelManager - Adding key: http://localhost:22597 for channel [id: 0xa139dd9f, L:/127.0.0.1:50111 - R:localhost/127.0.0.1:22597]
07:39:34.046 [Forwarding isElementDisplayed on session f2666e12727390e270a1a4d76527c8da to remote] DEBUG org.asynchttpclient.netty.request.NettyRequestSender - Using pooled Channel '[id: 0xa139dd9f, L:/127.0.0.1:50111 - R:localhost/127.0.0.1:22597]' for 'POST' to 'http://localhost:22597/session/f2666e12727390e270a1a4d76527c8da/execute/sync'
07:39:34.047 [Forwarding isElementDisplayed on session f2666e12727390e270a1a4d76527c8da to remote] DEBUG org.asynchttpclient.netty.request.NettyRequestSender - Using open Channel [id: 0xa139dd9f, L:/127.0.0.1:50111 - R:localhost/127.0.0.1:22597] for POST '/session/f2666e12727390e270a1a4d76527c8da/execute/sync'
07:39:34.062 [AsyncHttpClient-1-2] DEBUG org.asynchttpclient.netty.handler.HttpHandler - 

Request DefaultHttpRequest(decodeResult: success, version: HTTP/1.1)
POST /session/f2666e12727390e270a1a4d76527c8da/execute/sync HTTP/1.1
User-Agent: selenium/4.13.0 (java mac)
Content-Length: 48814
Content-Type: application/json; charset=utf-8
host: localhost:22597
accept: */*

Response DefaultHttpResponse(decodeResult: success, version: HTTP/1.1)
HTTP/1.1 200 OK
Content-Length: 14
Content-Type: application/json; charset=utf-8
cache-control: no-cache

07:39:34.062 [AsyncHttpClient-1-2] DEBUG org.asynchttpclient.netty.channel.ChannelManager - Adding key: http://localhost:22597 for channel [id: 0xa139dd9f, L:/127.0.0.1:50111 - R:localhost/127.0.0.1:22597]
Step 4 : Verify mmt country & currency selection dropdown present.
07:39:34.064 [Forwarding findElement on session f2666e12727390e270a1a4d76527c8da to remote] DEBUG org.asynchttpclient.netty.request.NettyRequestSender - Using pooled Channel '[id: 0xa139dd9f, L:/127.0.0.1:50111 - R:localhost/127.0.0.1:22597]' for 'POST' to 'http://localhost:22597/session/f2666e12727390e270a1a4d76527c8da/element'
07:39:34.064 [Forwarding findElement on session f2666e12727390e270a1a4d76527c8da to remote] DEBUG org.asynchttpclient.netty.request.NettyRequestSender - Using open Channel [id: 0xa139dd9f, L:/127.0.0.1:50111 - R:localhost/127.0.0.1:22597] for POST '/session/f2666e12727390e270a1a4d76527c8da/element'
07:39:34.076 [AsyncHttpClient-1-2] DEBUG org.asynchttpclient.netty.handler.HttpHandler - 

Request DefaultHttpRequest(decodeResult: success, version: HTTP/1.1)
POST /session/f2666e12727390e270a1a4d76527c8da/element HTTP/1.1
User-Agent: selenium/4.13.0 (java mac)
Content-Length: 81
Content-Type: application/json; charset=utf-8
host: localhost:22597
accept: */*

Response DefaultHttpResponse(decodeResult: success, version: HTTP/1.1)
HTTP/1.1 200 OK
Content-Length: 95
Content-Type: application/json; charset=utf-8
cache-control: no-cache

07:39:34.076 [AsyncHttpClient-1-2] DEBUG org.asynchttpclient.netty.channel.ChannelManager - Adding key: http://localhost:22597 for channel [id: 0xa139dd9f, L:/127.0.0.1:50111 - R:localhost/127.0.0.1:22597]
07:39:34.078 [Forwarding executeScript on session f2666e12727390e270a1a4d76527c8da to remote] DEBUG org.asynchttpclient.netty.request.NettyRequestSender - Using pooled Channel '[id: 0xa139dd9f, L:/127.0.0.1:50111 - R:localhost/127.0.0.1:22597]' for 'POST' to 'http://localhost:22597/session/f2666e12727390e270a1a4d76527c8da/execute/sync'
07:39:34.078 [Forwarding executeScript on session f2666e12727390e270a1a4d76527c8da to remote] DEBUG org.asynchttpclient.netty.request.NettyRequestSender - Using open Channel [id: 0xa139dd9f, L:/127.0.0.1:50111 - R:localhost/127.0.0.1:22597] for POST '/session/f2666e12727390e270a1a4d76527c8da/execute/sync'
07:39:34.083 [AsyncHttpClient-1-2] DEBUG org.asynchttpclient.netty.handler.HttpHandler - 

Request DefaultHttpRequest(decodeResult: success, version: HTTP/1.1)
POST /session/f2666e12727390e270a1a4d76527c8da/execute/sync HTTP/1.1
User-Agent: selenium/4.13.0 (java mac)
Content-Length: 179
Content-Type: application/json; charset=utf-8
host: localhost:22597
accept: */*

Response DefaultHttpResponse(decodeResult: success, version: HTTP/1.1)
HTTP/1.1 200 OK
Content-Length: 14
Content-Type: application/json; charset=utf-8
cache-control: no-cache

07:39:34.083 [AsyncHttpClient-1-2] DEBUG org.asynchttpclient.netty.channel.ChannelManager - Adding key: http://localhost:22597 for channel [id: 0xa139dd9f, L:/127.0.0.1:50111 - R:localhost/127.0.0.1:22597]
07:39:34.086 [Forwarding isElementDisplayed on session f2666e12727390e270a1a4d76527c8da to remote] DEBUG org.asynchttpclient.netty.request.NettyRequestSender - Using pooled Channel '[id: 0xa139dd9f, L:/127.0.0.1:50111 - R:localhost/127.0.0.1:22597]' for 'POST' to 'http://localhost:22597/session/f2666e12727390e270a1a4d76527c8da/execute/sync'
07:39:34.087 [Forwarding isElementDisplayed on session f2666e12727390e270a1a4d76527c8da to remote] DEBUG org.asynchttpclient.netty.request.NettyRequestSender - Using open Channel [id: 0xa139dd9f, L:/127.0.0.1:50111 - R:localhost/127.0.0.1:22597] for POST '/session/f2666e12727390e270a1a4d76527c8da/execute/sync'
07:39:34.096 [AsyncHttpClient-1-2] DEBUG org.asynchttpclient.netty.handler.HttpHandler - 

Request DefaultHttpRequest(decodeResult: success, version: HTTP/1.1)
POST /session/f2666e12727390e270a1a4d76527c8da/execute/sync HTTP/1.1
User-Agent: selenium/4.13.0 (java mac)
Content-Length: 48814
Content-Type: application/json; charset=utf-8
host: localhost:22597
accept: */*

Response DefaultHttpResponse(decodeResult: success, version: HTTP/1.1)
HTTP/1.1 200 OK
Content-Length: 14
Content-Type: application/json; charset=utf-8
cache-control: no-cache

07:39:34.096 [AsyncHttpClient-1-2] DEBUG org.asynchttpclient.netty.channel.ChannelManager - Adding key: http://localhost:22597 for channel [id: 0xa139dd9f, L:/127.0.0.1:50111 - R:localhost/127.0.0.1:22597]
Step 5 : Verify mmt search section present.
07:39:34.097 [Forwarding findElement on session f2666e12727390e270a1a4d76527c8da to remote] DEBUG org.asynchttpclient.netty.request.NettyRequestSender - Using pooled Channel '[id: 0xa139dd9f, L:/127.0.0.1:50111 - R:localhost/127.0.0.1:22597]' for 'POST' to 'http://localhost:22597/session/f2666e12727390e270a1a4d76527c8da/element'
07:39:34.097 [Forwarding findElement on session f2666e12727390e270a1a4d76527c8da to remote] DEBUG org.asynchttpclient.netty.request.NettyRequestSender - Using open Channel [id: 0xa139dd9f, L:/127.0.0.1:50111 - R:localhost/127.0.0.1:22597] for POST '/session/f2666e12727390e270a1a4d76527c8da/element'
07:39:34.105 [AsyncHttpClient-1-2] DEBUG org.asynchttpclient.netty.handler.HttpHandler - 

Request DefaultHttpRequest(decodeResult: success, version: HTTP/1.1)
POST /session/f2666e12727390e270a1a4d76527c8da/element HTTP/1.1
User-Agent: selenium/4.13.0 (java mac)
Content-Length: 81
Content-Type: application/json; charset=utf-8
host: localhost:22597
accept: */*

Response DefaultHttpResponse(decodeResult: success, version: HTTP/1.1)
HTTP/1.1 200 OK
Content-Length: 95
Content-Type: application/json; charset=utf-8
cache-control: no-cache

07:39:34.105 [AsyncHttpClient-1-2] DEBUG org.asynchttpclient.netty.channel.ChannelManager - Adding key: http://localhost:22597 for channel [id: 0xa139dd9f, L:/127.0.0.1:50111 - R:localhost/127.0.0.1:22597]
07:39:34.107 [Forwarding executeScript on session f2666e12727390e270a1a4d76527c8da to remote] DEBUG org.asynchttpclient.netty.request.NettyRequestSender - Using pooled Channel '[id: 0xa139dd9f, L:/127.0.0.1:50111 - R:localhost/127.0.0.1:22597]' for 'POST' to 'http://localhost:22597/session/f2666e12727390e270a1a4d76527c8da/execute/sync'
07:39:34.107 [Forwarding executeScript on session f2666e12727390e270a1a4d76527c8da to remote] DEBUG org.asynchttpclient.netty.request.NettyRequestSender - Using open Channel [id: 0xa139dd9f, L:/127.0.0.1:50111 - R:localhost/127.0.0.1:22597] for POST '/session/f2666e12727390e270a1a4d76527c8da/execute/sync'
07:39:34.111 [AsyncHttpClient-1-2] DEBUG org.asynchttpclient.netty.handler.HttpHandler - 

Request DefaultHttpRequest(decodeResult: success, version: HTTP/1.1)
POST /session/f2666e12727390e270a1a4d76527c8da/execute/sync HTTP/1.1
User-Agent: selenium/4.13.0 (java mac)
Content-Length: 179
Content-Type: application/json; charset=utf-8
host: localhost:22597
accept: */*

Response DefaultHttpResponse(decodeResult: success, version: HTTP/1.1)
HTTP/1.1 200 OK
Content-Length: 14
Content-Type: application/json; charset=utf-8
cache-control: no-cache

07:39:34.111 [AsyncHttpClient-1-2] DEBUG org.asynchttpclient.netty.channel.ChannelManager - Adding key: http://localhost:22597 for channel [id: 0xa139dd9f, L:/127.0.0.1:50111 - R:localhost/127.0.0.1:22597]
07:39:34.114 [Forwarding isElementDisplayed on session f2666e12727390e270a1a4d76527c8da to remote] DEBUG org.asynchttpclient.netty.request.NettyRequestSender - Using pooled Channel '[id: 0xa139dd9f, L:/127.0.0.1:50111 - R:localhost/127.0.0.1:22597]' for 'POST' to 'http://localhost:22597/session/f2666e12727390e270a1a4d76527c8da/execute/sync'
07:39:34.114 [Forwarding isElementDisplayed on session f2666e12727390e270a1a4d76527c8da to remote] DEBUG org.asynchttpclient.netty.request.NettyRequestSender - Using open Channel [id: 0xa139dd9f, L:/127.0.0.1:50111 - R:localhost/127.0.0.1:22597] for POST '/session/f2666e12727390e270a1a4d76527c8da/execute/sync'
07:39:34.123 [AsyncHttpClient-1-2] DEBUG org.asynchttpclient.netty.handler.HttpHandler - 

Request DefaultHttpRequest(decodeResult: success, version: HTTP/1.1)
POST /session/f2666e12727390e270a1a4d76527c8da/execute/sync HTTP/1.1
User-Agent: selenium/4.13.0 (java mac)
Content-Length: 48814
Content-Type: application/json; charset=utf-8
host: localhost:22597
accept: */*

Response DefaultHttpResponse(decodeResult: success, version: HTTP/1.1)
HTTP/1.1 200 OK
Content-Length: 14
Content-Type: application/json; charset=utf-8
cache-control: no-cache

07:39:34.123 [AsyncHttpClient-1-2] DEBUG org.asynchttpclient.netty.channel.ChannelManager - Adding key: http://localhost:22597 for channel [id: 0xa139dd9f, L:/127.0.0.1:50111 - R:localhost/127.0.0.1:22597]
]]></system-out>
    <system-err><![CDATA[Jan 13, 2024 7:39:28 AM org.openqa.selenium.devtools.CdpVersionFinder findNearestMatch
WARNING: Unable to find an exact match for CDP version 120, so returning the closest version found: 117
]]></system-err>
  </testcase>
  <testcase name="verifyCountryCurrencyWidget" classname="com.sample.modules.HomePage" time="22.289">
    <failure message="Expected condition failed: waiting for element to be clickable: By.xpath: //button[text()=&apos;Apply&apos;] (tried for 20 second(s) with 500 milliseconds interval)&#10;Build info: version: &apos;4.13.0&apos;, revision: &apos;ba948ece5b*&apos;&#10;System info: os.name: &apos;Mac OS X&apos;, os.arch: &apos;x86_64&apos;, os.version: &apos;11.7.10&apos;, java.version: &apos;21&apos;&#10;Driver info: org.openqa.selenium.chrome.ChromeDriver&#10;Capabilities {acceptInsecureCerts: true, browserName: chrome, browserVersion: 120.0.6099.216, chrome: {chromedriverVersion: 120.0.6099.109 (3419140ab66..., userDataDir: /var/folders/pb/lrccxhdn21v...}, fedcm:accounts: true, goog:chromeOptions: {debuggerAddress: localhost:50169}, networkConnectionEnabled: false, pageLoadStrategy: normal, platformName: mac, proxy: Proxy(), se:cdp: ws://localhost:50169/devtoo..., se:cdpVersion: 120.0.6099.216, setWindowRect: true, strictFileInteractability: false, timeouts: {implicit: 0, pageLoad: 300000, script: 30000}, unhandledPromptBehavior: dismiss and notify, webauthn:extension:credBlob: true, webauthn:extension:largeBlob: true, webauthn:extension:minPinLength: true, webauthn:extension:prf: true, webauthn:virtualAuthenticators: true}&#10;Session ID: 4ca056c52b83e54118c1132438e9a0cf" type="org.openqa.selenium.TimeoutException"><![CDATA[org.openqa.selenium.TimeoutException: 
Expected condition failed: waiting for element to be clickable: By.xpath: //button[text()='Apply'] (tried for 20 second(s) with 500 milliseconds interval)
Build info: version: '4.13.0', revision: 'ba948ece5b*'
System info: os.name: 'Mac OS X', os.arch: 'x86_64', os.version: '11.7.10', java.version: '21'
Driver info: org.openqa.selenium.chrome.ChromeDriver
Capabilities {acceptInsecureCerts: true, browserName: chrome, browserVersion: 120.0.6099.216, chrome: {chromedriverVersion: 120.0.6099.109 (3419140ab66..., userDataDir: /var/folders/pb/lrccxhdn21v...}, fedcm:accounts: true, goog:chromeOptions: {debuggerAddress: localhost:50169}, networkConnectionEnabled: false, pageLoadStrategy: normal, platformName: mac, proxy: Proxy(), se:cdp: ws://localhost:50169/devtoo..., se:cdpVersion: 120.0.6099.216, setWindowRect: true, strictFileInteractability: false, timeouts: {implicit: 0, pageLoad: 300000, script: 30000}, unhandledPromptBehavior: dismiss and notify, webauthn:extension:credBlob: true, webauthn:extension:largeBlob: true, webauthn:extension:minPinLength: true, webauthn:extension:prf: true, webauthn:virtualAuthenticators: true}
Session ID: 4ca056c52b83e54118c1132438e9a0cf
	at org.openqa.selenium.support.ui.WebDriverWait.timeoutException(WebDriverWait.java:84)
	at org.openqa.selenium.support.ui.FluentWait.until(FluentWait.java:230)
	at com.sample.utils.Common.waitUntilElementToBeClickable(Common.java:44)
	at com.sample.utils.Common.click(Common.java:341)
	at com.sample.modules.HomePage.verifyCountryCurrencyWidget(HomePage.java:47)
	at java.base/jdk.internal.reflect.DirectMethodHandleAccessor.invoke(DirectMethodHandleAccessor.java:103)
	at java.base/java.lang.reflect.Method.invoke(Method.java:580)
	at org.testng.internal.invokers.MethodInvocationHelper.invokeMethod(MethodInvocationHelper.java:135)
	at org.testng.internal.invokers.TestInvoker.invokeMethod(TestInvoker.java:673)
	at org.testng.internal.invokers.TestInvoker.invokeTestMethod(TestInvoker.java:220)
	at org.testng.internal.invokers.MethodRunner.runInSequence(MethodRunner.java:50)
	at org.testng.internal.invokers.TestInvoker$MethodInvocationAgent.invoke(TestInvoker.java:945)
	at org.testng.internal.invokers.TestInvoker.invokeTestMethods(TestInvoker.java:193)
	at org.testng.internal.invokers.TestMethodWorker.invokeTestMethods(TestMethodWorker.java:146)
	at org.testng.internal.invokers.TestMethodWorker.run(TestMethodWorker.java:128)
	at java.base/java.util.ArrayList.forEach(ArrayList.java:1596)
	at org.testng.TestRunner.privateRun(TestRunner.java:808)
	at org.testng.TestRunner.run(TestRunner.java:603)
	at org.testng.SuiteRunner.runTest(SuiteRunner.java:429)
	at org.testng.SuiteRunner.runSequentially(SuiteRunner.java:423)
	at org.testng.SuiteRunner.privateRun(SuiteRunner.java:383)
	at org.testng.SuiteRunner.run(SuiteRunner.java:326)
	at org.testng.SuiteRunnerWorker.runSuite(SuiteRunnerWorker.java:52)
	at org.testng.SuiteRunnerWorker.run(SuiteRunnerWorker.java:95)
	at org.testng.TestNG.runSuitesSequentially(TestNG.java:1249)
	at org.testng.TestNG.runSuitesLocally(TestNG.java:1169)
	at org.testng.TestNG.runSuites(TestNG.java:1092)
	at org.testng.TestNG.run(TestNG.java:1060)
	at org.apache.maven.surefire.testng.TestNGExecutor.run(TestNGExecutor.java:308)
	at org.apache.maven.surefire.testng.TestNGXmlTestSuite.execute(TestNGXmlTestSuite.java:71)
	at org.apache.maven.surefire.testng.TestNGProvider.invoke(TestNGProvider.java:113)
	at org.apache.maven.surefire.booter.ForkedBooter.runSuitesInProcess(ForkedBooter.java:385)
	at org.apache.maven.surefire.booter.ForkedBooter.execute(ForkedBooter.java:162)
	at org.apache.maven.surefire.booter.ForkedBooter.run(ForkedBooter.java:507)
	at org.apache.maven.surefire.booter.ForkedBooter.main(ForkedBooter.java:495)
]]></failure>
    <system-out><![CDATA[<font color=238E23><strong><i> PASS : verifyAllHeaderSectionsPresent</i></strong></font>
Total testcases:-1
Total passed testcases:-1
Total failed testcases:-0
07:39:34.130 [Driver Command Executor] DEBUG org.asynchttpclient.netty.request.NettyRequestSender - Using pooled Channel '[id: 0xa139dd9f, L:/127.0.0.1:50111 - R:localhost/127.0.0.1:22597]' for 'DELETE' to 'http://localhost:22597/session/f2666e12727390e270a1a4d76527c8da'
07:39:34.130 [Driver Command Executor] DEBUG org.asynchttpclient.netty.request.NettyRequestSender - Using open Channel [id: 0xa139dd9f, L:/127.0.0.1:50111 - R:localhost/127.0.0.1:22597] for DELETE '/session/f2666e12727390e270a1a4d76527c8da'
07:39:34.132 [AsyncHttpClient-1-4] DEBUG org.asynchttpclient.netty.handler.WebSocketHandler - Channel Closed: [id: 0xf68579f8, L:/127.0.0.1:50117 ! R:localhost/127.0.0.1:50112] with attribute DISCARD
07:39:34.153 [AsyncHttpClient-1-3] DEBUG org.asynchttpclient.netty.handler.HttpHandler - Channel Closed: [id: 0xe643765d, L:/127.0.0.1:50116 ! R:localhost/127.0.0.1:50112] with attribute DISCARD
07:39:34.183 [AsyncHttpClient-1-1] DEBUG org.asynchttpclient.netty.channel.DefaultChannelPool - Entry count for : http://localhost:50112 : 1
07:39:34.183 [AsyncHttpClient-1-1] DEBUG org.asynchttpclient.netty.channel.DefaultChannelPool - Adding Candidate expired Channel [id: 0xe643765d, L:/127.0.0.1:50116 ! R:localhost/127.0.0.1:50112] isIdleTimeoutExpired=false isRemotelyClosed=true isTtlExpired=false
07:39:34.184 [AsyncHttpClient-1-1] DEBUG org.asynchttpclient.netty.channel.DefaultChannelPool - Closing Idle Channel [id: 0xe643765d, L:/127.0.0.1:50116 ! R:localhost/127.0.0.1:50112]
07:39:34.184 [AsyncHttpClient-1-2] DEBUG org.asynchttpclient.netty.handler.HttpHandler - 

Request DefaultFullHttpRequest(decodeResult: success, version: HTTP/1.1, content: EmptyByteBufBE)
DELETE /session/f2666e12727390e270a1a4d76527c8da HTTP/1.1
User-Agent: selenium/4.13.0 (java mac)
Content-Type: application/json; charset=utf-8
host: localhost:22597
accept: */*

Response DefaultHttpResponse(decodeResult: success, version: HTTP/1.1)
HTTP/1.1 200 OK
Content-Length: 14
Content-Type: application/json; charset=utf-8
cache-control: no-cache

07:39:34.184 [AsyncHttpClient-1-2] DEBUG org.asynchttpclient.netty.channel.ChannelManager - Adding key: http://localhost:22597 for channel [id: 0xa139dd9f, L:/127.0.0.1:50111 - R:localhost/127.0.0.1:22597]
07:39:34.184 [AsyncHttpClient-1-1] DEBUG org.asynchttpclient.netty.channel.DefaultChannelPool - Closed 1 connections out of 1 in 1 ms
07:39:34.233 [AsyncHttpClient-1-2] DEBUG org.asynchttpclient.netty.handler.HttpHandler - Channel Closed: [id: 0xa139dd9f, L:/127.0.0.1:50111 ! R:localhost/127.0.0.1:22597] with attribute DISCARD
07:39:34.349 [AsyncHttpClient-1-5] DEBUG org.asynchttpclient.netty.channel.NettyConnectListener - Using new Channel '[id: 0xa7a28901, L:/127.0.0.1:50168 - R:localhost/127.0.0.1:4795]' for 'POST' to '/session'
07:39:35.234 [AsyncHttpClient-1-5] DEBUG org.asynchttpclient.netty.handler.HttpHandler - 

Request DefaultHttpRequest(decodeResult: success, version: HTTP/1.1)
POST /session HTTP/1.1
User-Agent: selenium/4.13.0 (java mac)
Content-Length: 291
Content-Type: application/json; charset=utf-8
host: localhost:4795
accept: */*

Response DefaultHttpResponse(decodeResult: success, version: HTTP/1.1)
HTTP/1.1 200 OK
Content-Length: 891
Content-Type: application/json; charset=utf-8
cache-control: no-cache

07:39:35.234 [AsyncHttpClient-1-5] DEBUG org.asynchttpclient.netty.channel.ChannelManager - Adding key: http://localhost:4795 for channel [id: 0xa7a28901, L:/127.0.0.1:50168 - R:localhost/127.0.0.1:4795]
07:39:35.242 [AsyncHttpClient-1-6] DEBUG org.asynchttpclient.netty.channel.NettyConnectListener - Using new Channel '[id: 0xa0f7d41b, L:/127.0.0.1:50173 - R:localhost/127.0.0.1:50169]' for 'GET' to '/json/version'
07:39:35.246 [AsyncHttpClient-1-6] DEBUG org.asynchttpclient.netty.handler.HttpHandler - 

Request DefaultFullHttpRequest(decodeResult: success, version: HTTP/1.1, content: EmptyByteBufBE)
GET /json/version HTTP/1.1
User-Agent: selenium/4.13.0 (java mac)
host: localhost:50169
accept: */*

Response DefaultHttpResponse(decodeResult: success, version: HTTP/1.1)
HTTP/1.1 200 OK
Content-Security-Policy: frame-ancestors 'none'
Content-Length: 422
Content-Type: application/json; charset=UTF-8

07:39:35.247 [AsyncHttpClient-1-6] DEBUG org.asynchttpclient.netty.channel.ChannelManager - Adding key: http://localhost:50169 for channel [id: 0xa0f7d41b, L:/127.0.0.1:50173 - R:localhost/127.0.0.1:50169]
07:39:35.249 [AsyncHttpClient-1-7] DEBUG org.asynchttpclient.netty.channel.NettyConnectListener - Using new Channel '[id: 0xedbbd972, L:/127.0.0.1:50174 - R:localhost/127.0.0.1:50169]' for 'GET' to '/devtools/browser/d3b94e0a-150c-4303-b7df-58ef1fdf373a'
07:39:35.253 [AsyncHttpClient-1-7] DEBUG org.asynchttpclient.netty.handler.WebSocketHandler - 

Request DefaultFullHttpRequest(decodeResult: success, version: HTTP/1.1, content: EmptyByteBufBE)
GET /devtools/browser/d3b94e0a-150c-4303-b7df-58ef1fdf373a HTTP/1.1
upgrade: websocket
connection: upgrade
sec-websocket-key: naC+k1NUkQsCs1yqGTaoKw==
sec-websocket-version: 13
origin: http://localhost:50169
host: localhost:50169
accept: */*
user-agent: AHC/2.1

Response DefaultHttpResponse(decodeResult: success, version: HTTP/1.1)
HTTP/1.1 101 WebSocket Protocol Handshake
Upgrade: WebSocket
Connection: Upgrade
Sec-WebSocket-Accept: MkAcgCRdaOEiyGq04XrXAf8DvXI=

07:39:35.257 [Forwarding maximizeCurrentWindow on session 4ca056c52b83e54118c1132438e9a0cf to remote] DEBUG org.asynchttpclient.netty.request.NettyRequestSender - Using pooled Channel '[id: 0xa7a28901, L:/127.0.0.1:50168 - R:localhost/127.0.0.1:4795]' for 'POST' to 'http://localhost:4795/session/4ca056c52b83e54118c1132438e9a0cf/window/maximize'
07:39:35.257 [Forwarding maximizeCurrentWindow on session 4ca056c52b83e54118c1132438e9a0cf to remote] DEBUG org.asynchttpclient.netty.request.NettyRequestSender - Using open Channel [id: 0xa7a28901, L:/127.0.0.1:50168 - R:localhost/127.0.0.1:4795] for POST '/session/4ca056c52b83e54118c1132438e9a0cf/window/maximize'
07:39:35.285 [AsyncHttpClient-1-1] DEBUG org.asynchttpclient.netty.channel.DefaultChannelPool - Entry count for : http://localhost:50169 : 1
07:39:35.285 [AsyncHttpClient-1-1] DEBUG org.asynchttpclient.netty.channel.DefaultChannelPool - Entry count for : http://localhost:22597 : 1
07:39:35.285 [AsyncHttpClient-1-1] DEBUG org.asynchttpclient.netty.channel.DefaultChannelPool - Adding Candidate expired Channel [id: 0xa139dd9f, L:/127.0.0.1:50111 ! R:localhost/127.0.0.1:22597] isIdleTimeoutExpired=false isRemotelyClosed=true isTtlExpired=false
07:39:35.285 [AsyncHttpClient-1-1] DEBUG org.asynchttpclient.netty.channel.DefaultChannelPool - Closing Idle Channel [id: 0xa139dd9f, L:/127.0.0.1:50111 ! R:localhost/127.0.0.1:22597]
07:39:35.285 [AsyncHttpClient-1-1] DEBUG org.asynchttpclient.netty.channel.DefaultChannelPool - Closed 1 connections out of 2 in 0 ms
07:39:35.726 [AsyncHttpClient-1-5] DEBUG org.asynchttpclient.netty.handler.HttpHandler - 

Request DefaultHttpRequest(decodeResult: success, version: HTTP/1.1)
POST /session/4ca056c52b83e54118c1132438e9a0cf/window/maximize HTTP/1.1
User-Agent: selenium/4.13.0 (java mac)
Content-Length: 3
Content-Type: application/json; charset=utf-8
host: localhost:4795
accept: */*

Response DefaultHttpResponse(decodeResult: success, version: HTTP/1.1)
HTTP/1.1 200 OK
Content-Length: 50
Content-Type: application/json; charset=utf-8
cache-control: no-cache

07:39:35.726 [AsyncHttpClient-1-5] DEBUG org.asynchttpclient.netty.channel.ChannelManager - Adding key: http://localhost:4795 for channel [id: 0xa7a28901, L:/127.0.0.1:50168 - R:localhost/127.0.0.1:4795]
07:39:35.727 [Forwarding get on session 4ca056c52b83e54118c1132438e9a0cf to remote] DEBUG org.asynchttpclient.netty.request.NettyRequestSender - Using pooled Channel '[id: 0xa7a28901, L:/127.0.0.1:50168 - R:localhost/127.0.0.1:4795]' for 'POST' to 'http://localhost:4795/session/4ca056c52b83e54118c1132438e9a0cf/url'
07:39:35.727 [Forwarding get on session 4ca056c52b83e54118c1132438e9a0cf to remote] DEBUG org.asynchttpclient.netty.request.NettyRequestSender - Using open Channel [id: 0xa7a28901, L:/127.0.0.1:50168 - R:localhost/127.0.0.1:4795] for POST '/session/4ca056c52b83e54118c1132438e9a0cf/url'
07:39:36.384 [AsyncHttpClient-1-1] DEBUG org.asynchttpclient.netty.channel.DefaultChannelPool - Entry count for : http://localhost:50169 : 1
07:39:37.482 [AsyncHttpClient-1-1] DEBUG org.asynchttpclient.netty.channel.DefaultChannelPool - Entry count for : http://localhost:50169 : 1
07:39:37.841 [AsyncHttpClient-1-5] DEBUG org.asynchttpclient.netty.handler.HttpHandler - 

Request DefaultHttpRequest(decodeResult: success, version: HTTP/1.1)
POST /session/4ca056c52b83e54118c1132438e9a0cf/url HTTP/1.1
User-Agent: selenium/4.13.0 (java mac)
Content-Length: 57
Content-Type: application/json; charset=utf-8
host: localhost:4795
accept: */*

Response DefaultHttpResponse(decodeResult: success, version: HTTP/1.1)
HTTP/1.1 200 OK
Content-Length: 14
Content-Type: application/json; charset=utf-8
cache-control: no-cache

07:39:37.841 [AsyncHttpClient-1-5] DEBUG org.asynchttpclient.netty.channel.ChannelManager - Adding key: http://localhost:4795 for channel [id: 0xa7a28901, L:/127.0.0.1:50168 - R:localhost/127.0.0.1:4795]
Step 1 : Open URL - https://www.makemytrip.com/
Step 2 : Verify mmt country & currency selection section present.
07:39:37.844 [Forwarding findElement on session 4ca056c52b83e54118c1132438e9a0cf to remote] DEBUG org.asynchttpclient.netty.request.NettyRequestSender - Using pooled Channel '[id: 0xa7a28901, L:/127.0.0.1:50168 - R:localhost/127.0.0.1:4795]' for 'POST' to 'http://localhost:4795/session/4ca056c52b83e54118c1132438e9a0cf/element'
07:39:37.844 [Forwarding findElement on session 4ca056c52b83e54118c1132438e9a0cf to remote] DEBUG org.asynchttpclient.netty.request.NettyRequestSender - Using open Channel [id: 0xa7a28901, L:/127.0.0.1:50168 - R:localhost/127.0.0.1:4795] for POST '/session/4ca056c52b83e54118c1132438e9a0cf/element'
07:39:37.859 [AsyncHttpClient-1-5] DEBUG org.asynchttpclient.netty.handler.HttpHandler - 

Request DefaultHttpRequest(decodeResult: success, version: HTTP/1.1)
POST /session/4ca056c52b83e54118c1132438e9a0cf/element HTTP/1.1
User-Agent: selenium/4.13.0 (java mac)
Content-Length: 81
Content-Type: application/json; charset=utf-8
host: localhost:4795
accept: */*

Response DefaultHttpResponse(decodeResult: success, version: HTTP/1.1)
HTTP/1.1 200 OK
Content-Length: 95
Content-Type: application/json; charset=utf-8
cache-control: no-cache

07:39:37.859 [AsyncHttpClient-1-5] DEBUG org.asynchttpclient.netty.channel.ChannelManager - Adding key: http://localhost:4795 for channel [id: 0xa7a28901, L:/127.0.0.1:50168 - R:localhost/127.0.0.1:4795]
07:39:37.861 [Forwarding executeScript on session 4ca056c52b83e54118c1132438e9a0cf to remote] DEBUG org.asynchttpclient.netty.request.NettyRequestSender - Using pooled Channel '[id: 0xa7a28901, L:/127.0.0.1:50168 - R:localhost/127.0.0.1:4795]' for 'POST' to 'http://localhost:4795/session/4ca056c52b83e54118c1132438e9a0cf/execute/sync'
07:39:37.862 [Forwarding executeScript on session 4ca056c52b83e54118c1132438e9a0cf to remote] DEBUG org.asynchttpclient.netty.request.NettyRequestSender - Using open Channel [id: 0xa7a28901, L:/127.0.0.1:50168 - R:localhost/127.0.0.1:4795] for POST '/session/4ca056c52b83e54118c1132438e9a0cf/execute/sync'
07:39:37.937 [AsyncHttpClient-1-5] DEBUG org.asynchttpclient.netty.handler.HttpHandler - 

Request DefaultHttpRequest(decodeResult: success, version: HTTP/1.1)
POST /session/4ca056c52b83e54118c1132438e9a0cf/execute/sync HTTP/1.1
User-Agent: selenium/4.13.0 (java mac)
Content-Length: 179
Content-Type: application/json; charset=utf-8
host: localhost:4795
accept: */*

Response DefaultHttpResponse(decodeResult: success, version: HTTP/1.1)
HTTP/1.1 200 OK
Content-Length: 14
Content-Type: application/json; charset=utf-8
cache-control: no-cache

07:39:37.937 [AsyncHttpClient-1-5] DEBUG org.asynchttpclient.netty.channel.ChannelManager - Adding key: http://localhost:4795 for channel [id: 0xa7a28901, L:/127.0.0.1:50168 - R:localhost/127.0.0.1:4795]
07:39:37.941 [Forwarding isElementDisplayed on session 4ca056c52b83e54118c1132438e9a0cf to remote] DEBUG org.asynchttpclient.netty.request.NettyRequestSender - Using pooled Channel '[id: 0xa7a28901, L:/127.0.0.1:50168 - R:localhost/127.0.0.1:4795]' for 'POST' to 'http://localhost:4795/session/4ca056c52b83e54118c1132438e9a0cf/execute/sync'
07:39:37.941 [Forwarding isElementDisplayed on session 4ca056c52b83e54118c1132438e9a0cf to remote] DEBUG org.asynchttpclient.netty.request.NettyRequestSender - Using open Channel [id: 0xa7a28901, L:/127.0.0.1:50168 - R:localhost/127.0.0.1:4795] for POST '/session/4ca056c52b83e54118c1132438e9a0cf/execute/sync'
07:39:37.961 [AsyncHttpClient-1-5] DEBUG org.asynchttpclient.netty.handler.HttpHandler - 

Request DefaultHttpRequest(decodeResult: success, version: HTTP/1.1)
POST /session/4ca056c52b83e54118c1132438e9a0cf/execute/sync HTTP/1.1
User-Agent: selenium/4.13.0 (java mac)
Content-Length: 48814
Content-Type: application/json; charset=utf-8
host: localhost:4795
accept: */*

Response DefaultHttpResponse(decodeResult: success, version: HTTP/1.1)
HTTP/1.1 200 OK
Content-Length: 14
Content-Type: application/json; charset=utf-8
cache-control: no-cache

07:39:37.962 [AsyncHttpClient-1-5] DEBUG org.asynchttpclient.netty.channel.ChannelManager - Adding key: http://localhost:4795 for channel [id: 0xa7a28901, L:/127.0.0.1:50168 - R:localhost/127.0.0.1:4795]
Step 3 : Click on mmt country & currency selection section present.
07:39:37.968 [Forwarding findElement on session 4ca056c52b83e54118c1132438e9a0cf to remote] DEBUG org.asynchttpclient.netty.request.NettyRequestSender - Using pooled Channel '[id: 0xa7a28901, L:/127.0.0.1:50168 - R:localhost/127.0.0.1:4795]' for 'POST' to 'http://localhost:4795/session/4ca056c52b83e54118c1132438e9a0cf/element'
07:39:37.969 [Forwarding findElement on session 4ca056c52b83e54118c1132438e9a0cf to remote] DEBUG org.asynchttpclient.netty.request.NettyRequestSender - Using open Channel [id: 0xa7a28901, L:/127.0.0.1:50168 - R:localhost/127.0.0.1:4795] for POST '/session/4ca056c52b83e54118c1132438e9a0cf/element'
07:39:38.163 [AsyncHttpClient-1-5] DEBUG org.asynchttpclient.netty.handler.HttpHandler - 

Request DefaultHttpRequest(decodeResult: success, version: HTTP/1.1)
POST /session/4ca056c52b83e54118c1132438e9a0cf/element HTTP/1.1
User-Agent: selenium/4.13.0 (java mac)
Content-Length: 81
Content-Type: application/json; charset=utf-8
host: localhost:4795
accept: */*

Response DefaultHttpResponse(decodeResult: success, version: HTTP/1.1)
HTTP/1.1 200 OK
Content-Length: 95
Content-Type: application/json; charset=utf-8
cache-control: no-cache

07:39:38.164 [AsyncHttpClient-1-5] DEBUG org.asynchttpclient.netty.channel.ChannelManager - Adding key: http://localhost:4795 for channel [id: 0xa7a28901, L:/127.0.0.1:50168 - R:localhost/127.0.0.1:4795]
07:39:38.167 [Forwarding isElementDisplayed on session 4ca056c52b83e54118c1132438e9a0cf to remote] DEBUG org.asynchttpclient.netty.request.NettyRequestSender - Using pooled Channel '[id: 0xa7a28901, L:/127.0.0.1:50168 - R:localhost/127.0.0.1:4795]' for 'POST' to 'http://localhost:4795/session/4ca056c52b83e54118c1132438e9a0cf/execute/sync'
07:39:38.167 [Forwarding isElementDisplayed on session 4ca056c52b83e54118c1132438e9a0cf to remote] DEBUG org.asynchttpclient.netty.request.NettyRequestSender - Using open Channel [id: 0xa7a28901, L:/127.0.0.1:50168 - R:localhost/127.0.0.1:4795] for POST '/session/4ca056c52b83e54118c1132438e9a0cf/execute/sync'
07:39:38.231 [AsyncHttpClient-1-5] DEBUG org.asynchttpclient.netty.handler.HttpHandler - 

Request DefaultHttpRequest(decodeResult: success, version: HTTP/1.1)
POST /session/4ca056c52b83e54118c1132438e9a0cf/execute/sync HTTP/1.1
User-Agent: selenium/4.13.0 (java mac)
Content-Length: 48814
Content-Type: application/json; charset=utf-8
host: localhost:4795
accept: */*

Response DefaultHttpResponse(decodeResult: success, version: HTTP/1.1)
HTTP/1.1 200 OK
Content-Length: 14
Content-Type: application/json; charset=utf-8
cache-control: no-cache

07:39:38.231 [AsyncHttpClient-1-5] DEBUG org.asynchttpclient.netty.channel.ChannelManager - Adding key: http://localhost:4795 for channel [id: 0xa7a28901, L:/127.0.0.1:50168 - R:localhost/127.0.0.1:4795]
07:39:38.232 [Forwarding isElementEnabled on session 4ca056c52b83e54118c1132438e9a0cf to remote] DEBUG org.asynchttpclient.netty.request.NettyRequestSender - Using pooled Channel '[id: 0xa7a28901, L:/127.0.0.1:50168 - R:localhost/127.0.0.1:4795]' for 'GET' to 'http://localhost:4795/session/4ca056c52b83e54118c1132438e9a0cf/element/509DC8F1A67C77ED464B8BFC7416691F_element_32/enabled'
07:39:38.233 [Forwarding isElementEnabled on session 4ca056c52b83e54118c1132438e9a0cf to remote] DEBUG org.asynchttpclient.netty.request.NettyRequestSender - Using open Channel [id: 0xa7a28901, L:/127.0.0.1:50168 - R:localhost/127.0.0.1:4795] for GET '/session/4ca056c52b83e54118c1132438e9a0cf/element/509DC8F1A67C77ED464B8BFC7416691F_element_32/enabled'
07:39:38.255 [AsyncHttpClient-1-5] DEBUG org.asynchttpclient.netty.handler.HttpHandler - 

Request DefaultFullHttpRequest(decodeResult: success, version: HTTP/1.1, content: EmptyByteBufBE)
GET /session/4ca056c52b83e54118c1132438e9a0cf/element/509DC8F1A67C77ED464B8BFC7416691F_element_32/enabled HTTP/1.1
Cache-Control: no-cache
User-Agent: selenium/4.13.0 (java mac)
Content-Type: application/json; charset=utf-8
host: localhost:4795
accept: */*

Response DefaultHttpResponse(decodeResult: success, version: HTTP/1.1)
HTTP/1.1 200 OK
Content-Length: 14
Content-Type: application/json; charset=utf-8
cache-control: no-cache

07:39:38.256 [AsyncHttpClient-1-5] DEBUG org.asynchttpclient.netty.channel.ChannelManager - Adding key: http://localhost:4795 for channel [id: 0xa7a28901, L:/127.0.0.1:50168 - R:localhost/127.0.0.1:4795]
07:39:38.260 [Forwarding executeScript on session 4ca056c52b83e54118c1132438e9a0cf to remote] DEBUG org.asynchttpclient.netty.request.NettyRequestSender - Using pooled Channel '[id: 0xa7a28901, L:/127.0.0.1:50168 - R:localhost/127.0.0.1:4795]' for 'POST' to 'http://localhost:4795/session/4ca056c52b83e54118c1132438e9a0cf/execute/sync'
07:39:38.260 [Forwarding executeScript on session 4ca056c52b83e54118c1132438e9a0cf to remote] DEBUG org.asynchttpclient.netty.request.NettyRequestSender - Using open Channel [id: 0xa7a28901, L:/127.0.0.1:50168 - R:localhost/127.0.0.1:4795] for POST '/session/4ca056c52b83e54118c1132438e9a0cf/execute/sync'
07:39:38.308 [AsyncHttpClient-1-5] DEBUG org.asynchttpclient.netty.handler.HttpHandler - 

Request DefaultHttpRequest(decodeResult: success, version: HTTP/1.1)
POST /session/4ca056c52b83e54118c1132438e9a0cf/execute/sync HTTP/1.1
User-Agent: selenium/4.13.0 (java mac)
Content-Length: 179
Content-Type: application/json; charset=utf-8
host: localhost:4795
accept: */*

Response DefaultHttpResponse(decodeResult: success, version: HTTP/1.1)
HTTP/1.1 200 OK
Content-Length: 14
Content-Type: application/json; charset=utf-8
cache-control: no-cache

07:39:38.309 [AsyncHttpClient-1-5] DEBUG org.asynchttpclient.netty.channel.ChannelManager - Adding key: http://localhost:4795 for channel [id: 0xa7a28901, L:/127.0.0.1:50168 - R:localhost/127.0.0.1:4795]
07:39:38.310 [Forwarding clickElement on session 4ca056c52b83e54118c1132438e9a0cf to remote] DEBUG org.asynchttpclient.netty.request.NettyRequestSender - Using pooled Channel '[id: 0xa7a28901, L:/127.0.0.1:50168 - R:localhost/127.0.0.1:4795]' for 'POST' to 'http://localhost:4795/session/4ca056c52b83e54118c1132438e9a0cf/element/509DC8F1A67C77ED464B8BFC7416691F_element_32/click'
07:39:38.310 [Forwarding clickElement on session 4ca056c52b83e54118c1132438e9a0cf to remote] DEBUG org.asynchttpclient.netty.request.NettyRequestSender - Using open Channel [id: 0xa7a28901, L:/127.0.0.1:50168 - R:localhost/127.0.0.1:4795] for POST '/session/4ca056c52b83e54118c1132438e9a0cf/element/509DC8F1A67C77ED464B8BFC7416691F_element_32/click'
07:39:38.429 [AsyncHttpClient-1-5] DEBUG org.asynchttpclient.netty.handler.HttpHandler - 

Request DefaultHttpRequest(decodeResult: success, version: HTTP/1.1)
POST /session/4ca056c52b83e54118c1132438e9a0cf/element/509DC8F1A67C77ED464B8BFC7416691F_element_32/click HTTP/1.1
User-Agent: selenium/4.13.0 (java mac)
Content-Length: 57
Content-Type: application/json; charset=utf-8
host: localhost:4795
accept: */*

Response DefaultHttpResponse(decodeResult: success, version: HTTP/1.1)
HTTP/1.1 200 OK
Content-Length: 14
Content-Type: application/json; charset=utf-8
cache-control: no-cache

07:39:38.429 [AsyncHttpClient-1-5] DEBUG org.asynchttpclient.netty.channel.ChannelManager - Adding key: http://localhost:4795 for channel [id: 0xa7a28901, L:/127.0.0.1:50168 - R:localhost/127.0.0.1:4795]
Step 4 : Select country USA from dropdown.
07:39:38.430 [Forwarding findElement on session 4ca056c52b83e54118c1132438e9a0cf to remote] DEBUG org.asynchttpclient.netty.request.NettyRequestSender - Using pooled Channel '[id: 0xa7a28901, L:/127.0.0.1:50168 - R:localhost/127.0.0.1:4795]' for 'POST' to 'http://localhost:4795/session/4ca056c52b83e54118c1132438e9a0cf/element'
07:39:38.430 [Forwarding findElement on session 4ca056c52b83e54118c1132438e9a0cf to remote] DEBUG org.asynchttpclient.netty.request.NettyRequestSender - Using open Channel [id: 0xa7a28901, L:/127.0.0.1:50168 - R:localhost/127.0.0.1:4795] for POST '/session/4ca056c52b83e54118c1132438e9a0cf/element'
07:39:38.440 [AsyncHttpClient-1-5] DEBUG org.asynchttpclient.netty.handler.HttpHandler - 

Request DefaultHttpRequest(decodeResult: success, version: HTTP/1.1)
POST /session/4ca056c52b83e54118c1132438e9a0cf/element HTTP/1.1
User-Agent: selenium/4.13.0 (java mac)
Content-Length: 75
Content-Type: application/json; charset=utf-8
host: localhost:4795
accept: */*

Response DefaultHttpResponse(decodeResult: success, version: HTTP/1.1)
HTTP/1.1 200 OK
Content-Length: 95
Content-Type: application/json; charset=utf-8
cache-control: no-cache

07:39:38.440 [AsyncHttpClient-1-5] DEBUG org.asynchttpclient.netty.channel.ChannelManager - Adding key: http://localhost:4795 for channel [id: 0xa7a28901, L:/127.0.0.1:50168 - R:localhost/127.0.0.1:4795]
07:39:38.442 [Forwarding isElementDisplayed on session 4ca056c52b83e54118c1132438e9a0cf to remote] DEBUG org.asynchttpclient.netty.request.NettyRequestSender - Using pooled Channel '[id: 0xa7a28901, L:/127.0.0.1:50168 - R:localhost/127.0.0.1:4795]' for 'POST' to 'http://localhost:4795/session/4ca056c52b83e54118c1132438e9a0cf/execute/sync'
07:39:38.442 [Forwarding isElementDisplayed on session 4ca056c52b83e54118c1132438e9a0cf to remote] DEBUG org.asynchttpclient.netty.request.NettyRequestSender - Using open Channel [id: 0xa7a28901, L:/127.0.0.1:50168 - R:localhost/127.0.0.1:4795] for POST '/session/4ca056c52b83e54118c1132438e9a0cf/execute/sync'
07:39:38.451 [AsyncHttpClient-1-5] DEBUG org.asynchttpclient.netty.handler.HttpHandler - 

Request DefaultHttpRequest(decodeResult: success, version: HTTP/1.1)
POST /session/4ca056c52b83e54118c1132438e9a0cf/execute/sync HTTP/1.1
User-Agent: selenium/4.13.0 (java mac)
Content-Length: 48814
Content-Type: application/json; charset=utf-8
host: localhost:4795
accept: */*

Response DefaultHttpResponse(decodeResult: success, version: HTTP/1.1)
HTTP/1.1 200 OK
Content-Length: 14
Content-Type: application/json; charset=utf-8
cache-control: no-cache

07:39:38.451 [AsyncHttpClient-1-5] DEBUG org.asynchttpclient.netty.channel.ChannelManager - Adding key: http://localhost:4795 for channel [id: 0xa7a28901, L:/127.0.0.1:50168 - R:localhost/127.0.0.1:4795]
07:39:38.452 [Forwarding isElementEnabled on session 4ca056c52b83e54118c1132438e9a0cf to remote] DEBUG org.asynchttpclient.netty.request.NettyRequestSender - Using pooled Channel '[id: 0xa7a28901, L:/127.0.0.1:50168 - R:localhost/127.0.0.1:4795]' for 'GET' to 'http://localhost:4795/session/4ca056c52b83e54118c1132438e9a0cf/element/509DC8F1A67C77ED464B8BFC7416691F_element_40/enabled'
07:39:38.452 [Forwarding isElementEnabled on session 4ca056c52b83e54118c1132438e9a0cf to remote] DEBUG org.asynchttpclient.netty.request.NettyRequestSender - Using open Channel [id: 0xa7a28901, L:/127.0.0.1:50168 - R:localhost/127.0.0.1:4795] for GET '/session/4ca056c52b83e54118c1132438e9a0cf/element/509DC8F1A67C77ED464B8BFC7416691F_element_40/enabled'
07:39:38.456 [AsyncHttpClient-1-5] DEBUG org.asynchttpclient.netty.handler.HttpHandler - 

Request DefaultFullHttpRequest(decodeResult: success, version: HTTP/1.1, content: EmptyByteBufBE)
GET /session/4ca056c52b83e54118c1132438e9a0cf/element/509DC8F1A67C77ED464B8BFC7416691F_element_40/enabled HTTP/1.1
Cache-Control: no-cache
User-Agent: selenium/4.13.0 (java mac)
Content-Type: application/json; charset=utf-8
host: localhost:4795
accept: */*

Response DefaultHttpResponse(decodeResult: success, version: HTTP/1.1)
HTTP/1.1 200 OK
Content-Length: 14
Content-Type: application/json; charset=utf-8
cache-control: no-cache

07:39:38.457 [AsyncHttpClient-1-5] DEBUG org.asynchttpclient.netty.channel.ChannelManager - Adding key: http://localhost:4795 for channel [id: 0xa7a28901, L:/127.0.0.1:50168 - R:localhost/127.0.0.1:4795]
07:39:38.458 [Forwarding executeScript on session 4ca056c52b83e54118c1132438e9a0cf to remote] DEBUG org.asynchttpclient.netty.request.NettyRequestSender - Using pooled Channel '[id: 0xa7a28901, L:/127.0.0.1:50168 - R:localhost/127.0.0.1:4795]' for 'POST' to 'http://localhost:4795/session/4ca056c52b83e54118c1132438e9a0cf/execute/sync'
07:39:38.458 [Forwarding executeScript on session 4ca056c52b83e54118c1132438e9a0cf to remote] DEBUG org.asynchttpclient.netty.request.NettyRequestSender - Using open Channel [id: 0xa7a28901, L:/127.0.0.1:50168 - R:localhost/127.0.0.1:4795] for POST '/session/4ca056c52b83e54118c1132438e9a0cf/execute/sync'
07:39:38.465 [AsyncHttpClient-1-5] DEBUG org.asynchttpclient.netty.handler.HttpHandler - 

Request DefaultHttpRequest(decodeResult: success, version: HTTP/1.1)
POST /session/4ca056c52b83e54118c1132438e9a0cf/execute/sync HTTP/1.1
User-Agent: selenium/4.13.0 (java mac)
Content-Length: 179
Content-Type: application/json; charset=utf-8
host: localhost:4795
accept: */*

Response DefaultHttpResponse(decodeResult: success, version: HTTP/1.1)
HTTP/1.1 200 OK
Content-Length: 14
Content-Type: application/json; charset=utf-8
cache-control: no-cache

07:39:38.465 [AsyncHttpClient-1-5] DEBUG org.asynchttpclient.netty.channel.ChannelManager - Adding key: http://localhost:4795 for channel [id: 0xa7a28901, L:/127.0.0.1:50168 - R:localhost/127.0.0.1:4795]
07:39:38.466 [Forwarding clickElement on session 4ca056c52b83e54118c1132438e9a0cf to remote] DEBUG org.asynchttpclient.netty.request.NettyRequestSender - Using pooled Channel '[id: 0xa7a28901, L:/127.0.0.1:50168 - R:localhost/127.0.0.1:4795]' for 'POST' to 'http://localhost:4795/session/4ca056c52b83e54118c1132438e9a0cf/element/509DC8F1A67C77ED464B8BFC7416691F_element_40/click'
07:39:38.466 [Forwarding clickElement on session 4ca056c52b83e54118c1132438e9a0cf to remote] DEBUG org.asynchttpclient.netty.request.NettyRequestSender - Using open Channel [id: 0xa7a28901, L:/127.0.0.1:50168 - R:localhost/127.0.0.1:4795] for POST '/session/4ca056c52b83e54118c1132438e9a0cf/element/509DC8F1A67C77ED464B8BFC7416691F_element_40/click'
07:39:38.524 [AsyncHttpClient-1-5] DEBUG org.asynchttpclient.netty.handler.HttpHandler - 

Request DefaultHttpRequest(decodeResult: success, version: HTTP/1.1)
POST /session/4ca056c52b83e54118c1132438e9a0cf/element/509DC8F1A67C77ED464B8BFC7416691F_element_40/click HTTP/1.1
User-Agent: selenium/4.13.0 (java mac)
Content-Length: 57
Content-Type: application/json; charset=utf-8
host: localhost:4795
accept: */*

Response DefaultHttpResponse(decodeResult: success, version: HTTP/1.1)
HTTP/1.1 200 OK
Content-Length: 14
Content-Type: application/json; charset=utf-8
cache-control: no-cache

07:39:38.524 [AsyncHttpClient-1-5] DEBUG org.asynchttpclient.netty.channel.ChannelManager - Adding key: http://localhost:4795 for channel [id: 0xa7a28901, L:/127.0.0.1:50168 - R:localhost/127.0.0.1:4795]
07:39:38.525 [Forwarding findElement on session 4ca056c52b83e54118c1132438e9a0cf to remote] DEBUG org.asynchttpclient.netty.request.NettyRequestSender - Using pooled Channel '[id: 0xa7a28901, L:/127.0.0.1:50168 - R:localhost/127.0.0.1:4795]' for 'POST' to 'http://localhost:4795/session/4ca056c52b83e54118c1132438e9a0cf/element'
07:39:38.525 [Forwarding findElement on session 4ca056c52b83e54118c1132438e9a0cf to remote] DEBUG org.asynchttpclient.netty.request.NettyRequestSender - Using open Channel [id: 0xa7a28901, L:/127.0.0.1:50168 - R:localhost/127.0.0.1:4795] for POST '/session/4ca056c52b83e54118c1132438e9a0cf/element'
07:39:38.537 [AsyncHttpClient-1-5] DEBUG org.asynchttpclient.netty.handler.HttpHandler - 

Request DefaultHttpRequest(decodeResult: success, version: HTTP/1.1)
POST /session/4ca056c52b83e54118c1132438e9a0cf/element HTTP/1.1
User-Agent: selenium/4.13.0 (java mac)
Content-Length: 64
Content-Type: application/json; charset=utf-8
host: localhost:4795
accept: */*

Response DefaultHttpResponse(decodeResult: success, version: HTTP/1.1)
HTTP/1.1 200 OK
Content-Length: 95
Content-Type: application/json; charset=utf-8
cache-control: no-cache

07:39:38.537 [AsyncHttpClient-1-5] DEBUG org.asynchttpclient.netty.channel.ChannelManager - Adding key: http://localhost:4795 for channel [id: 0xa7a28901, L:/127.0.0.1:50168 - R:localhost/127.0.0.1:4795]
07:39:38.540 [Forwarding isElementDisplayed on session 4ca056c52b83e54118c1132438e9a0cf to remote] DEBUG org.asynchttpclient.netty.request.NettyRequestSender - Using pooled Channel '[id: 0xa7a28901, L:/127.0.0.1:50168 - R:localhost/127.0.0.1:4795]' for 'POST' to 'http://localhost:4795/session/4ca056c52b83e54118c1132438e9a0cf/execute/sync'
07:39:38.540 [Forwarding isElementDisplayed on session 4ca056c52b83e54118c1132438e9a0cf to remote] DEBUG org.asynchttpclient.netty.request.NettyRequestSender - Using open Channel [id: 0xa7a28901, L:/127.0.0.1:50168 - R:localhost/127.0.0.1:4795] for POST '/session/4ca056c52b83e54118c1132438e9a0cf/execute/sync'
07:39:38.561 [AsyncHttpClient-1-5] DEBUG org.asynchttpclient.netty.handler.HttpHandler - 

Request DefaultHttpRequest(decodeResult: success, version: HTTP/1.1)
POST /session/4ca056c52b83e54118c1132438e9a0cf/execute/sync HTTP/1.1
User-Agent: selenium/4.13.0 (java mac)
Content-Length: 48814
Content-Type: application/json; charset=utf-8
host: localhost:4795
accept: */*

Response DefaultHttpResponse(decodeResult: success, version: HTTP/1.1)
HTTP/1.1 200 OK
Content-Length: 14
Content-Type: application/json; charset=utf-8
cache-control: no-cache

07:39:38.562 [AsyncHttpClient-1-5] DEBUG org.asynchttpclient.netty.channel.ChannelManager - Adding key: http://localhost:4795 for channel [id: 0xa7a28901, L:/127.0.0.1:50168 - R:localhost/127.0.0.1:4795]
07:39:38.563 [Forwarding isElementEnabled on session 4ca056c52b83e54118c1132438e9a0cf to remote] DEBUG org.asynchttpclient.netty.request.NettyRequestSender - Using pooled Channel '[id: 0xa7a28901, L:/127.0.0.1:50168 - R:localhost/127.0.0.1:4795]' for 'GET' to 'http://localhost:4795/session/4ca056c52b83e54118c1132438e9a0cf/element/509DC8F1A67C77ED464B8BFC7416691F_element_46/enabled'
07:39:38.564 [Forwarding isElementEnabled on session 4ca056c52b83e54118c1132438e9a0cf to remote] DEBUG org.asynchttpclient.netty.request.NettyRequestSender - Using open Channel [id: 0xa7a28901, L:/127.0.0.1:50168 - R:localhost/127.0.0.1:4795] for GET '/session/4ca056c52b83e54118c1132438e9a0cf/element/509DC8F1A67C77ED464B8BFC7416691F_element_46/enabled'
07:39:38.574 [AsyncHttpClient-1-5] DEBUG org.asynchttpclient.netty.handler.HttpHandler - 

Request DefaultFullHttpRequest(decodeResult: success, version: HTTP/1.1, content: EmptyByteBufBE)
GET /session/4ca056c52b83e54118c1132438e9a0cf/element/509DC8F1A67C77ED464B8BFC7416691F_element_46/enabled HTTP/1.1
Cache-Control: no-cache
User-Agent: selenium/4.13.0 (java mac)
Content-Type: application/json; charset=utf-8
host: localhost:4795
accept: */*

Response DefaultHttpResponse(decodeResult: success, version: HTTP/1.1)
HTTP/1.1 200 OK
Content-Length: 14
Content-Type: application/json; charset=utf-8
cache-control: no-cache

07:39:38.575 [AsyncHttpClient-1-5] DEBUG org.asynchttpclient.netty.channel.ChannelManager - Adding key: http://localhost:4795 for channel [id: 0xa7a28901, L:/127.0.0.1:50168 - R:localhost/127.0.0.1:4795]
07:39:38.576 [Forwarding executeScript on session 4ca056c52b83e54118c1132438e9a0cf to remote] DEBUG org.asynchttpclient.netty.request.NettyRequestSender - Using pooled Channel '[id: 0xa7a28901, L:/127.0.0.1:50168 - R:localhost/127.0.0.1:4795]' for 'POST' to 'http://localhost:4795/session/4ca056c52b83e54118c1132438e9a0cf/execute/sync'
07:39:38.576 [Forwarding executeScript on session 4ca056c52b83e54118c1132438e9a0cf to remote] DEBUG org.asynchttpclient.netty.request.NettyRequestSender - Using open Channel [id: 0xa7a28901, L:/127.0.0.1:50168 - R:localhost/127.0.0.1:4795] for POST '/session/4ca056c52b83e54118c1132438e9a0cf/execute/sync'
07:39:38.584 [AsyncHttpClient-1-1] DEBUG org.asynchttpclient.netty.channel.DefaultChannelPool - Entry count for : http://localhost:50169 : 1
07:39:38.588 [AsyncHttpClient-1-5] DEBUG org.asynchttpclient.netty.handler.HttpHandler - 

Request DefaultHttpRequest(decodeResult: success, version: HTTP/1.1)
POST /session/4ca056c52b83e54118c1132438e9a0cf/execute/sync HTTP/1.1
User-Agent: selenium/4.13.0 (java mac)
Content-Length: 179
Content-Type: application/json; charset=utf-8
host: localhost:4795
accept: */*

Response DefaultHttpResponse(decodeResult: success, version: HTTP/1.1)
HTTP/1.1 200 OK
Content-Length: 14
Content-Type: application/json; charset=utf-8
cache-control: no-cache

07:39:38.588 [AsyncHttpClient-1-5] DEBUG org.asynchttpclient.netty.channel.ChannelManager - Adding key: http://localhost:4795 for channel [id: 0xa7a28901, L:/127.0.0.1:50168 - R:localhost/127.0.0.1:4795]
07:39:38.589 [Forwarding clickElement on session 4ca056c52b83e54118c1132438e9a0cf to remote] DEBUG org.asynchttpclient.netty.request.NettyRequestSender - Using pooled Channel '[id: 0xa7a28901, L:/127.0.0.1:50168 - R:localhost/127.0.0.1:4795]' for 'POST' to 'http://localhost:4795/session/4ca056c52b83e54118c1132438e9a0cf/element/509DC8F1A67C77ED464B8BFC7416691F_element_46/click'
07:39:38.590 [Forwarding clickElement on session 4ca056c52b83e54118c1132438e9a0cf to remote] DEBUG org.asynchttpclient.netty.request.NettyRequestSender - Using open Channel [id: 0xa7a28901, L:/127.0.0.1:50168 - R:localhost/127.0.0.1:4795] for POST '/session/4ca056c52b83e54118c1132438e9a0cf/element/509DC8F1A67C77ED464B8BFC7416691F_element_46/click'
07:39:39.665 [AsyncHttpClient-1-5] DEBUG org.asynchttpclient.netty.handler.HttpHandler - 

Request DefaultHttpRequest(decodeResult: success, version: HTTP/1.1)
POST /session/4ca056c52b83e54118c1132438e9a0cf/element/509DC8F1A67C77ED464B8BFC7416691F_element_46/click HTTP/1.1
User-Agent: selenium/4.13.0 (java mac)
Content-Length: 57
Content-Type: application/json; charset=utf-8
host: localhost:4795
accept: */*

Response DefaultHttpResponse(decodeResult: success, version: HTTP/1.1)
HTTP/1.1 400 Bad Request
Content-Length: 2875
Content-Type: application/json; charset=utf-8
cache-control: no-cache

07:39:39.666 [AsyncHttpClient-1-5] DEBUG org.asynchttpclient.netty.channel.ChannelManager - Adding key: http://localhost:4795 for channel [id: 0xa7a28901, L:/127.0.0.1:50168 - R:localhost/127.0.0.1:4795]
Step 5 : Click on apply button.
07:39:39.673 [Forwarding findElement on session 4ca056c52b83e54118c1132438e9a0cf to remote] DEBUG org.asynchttpclient.netty.request.NettyRequestSender - Using pooled Channel '[id: 0xa7a28901, L:/127.0.0.1:50168 - R:localhost/127.0.0.1:4795]' for 'POST' to 'http://localhost:4795/session/4ca056c52b83e54118c1132438e9a0cf/element'
07:39:39.673 [Forwarding findElement on session 4ca056c52b83e54118c1132438e9a0cf to remote] DEBUG org.asynchttpclient.netty.request.NettyRequestSender - Using open Channel [id: 0xa7a28901, L:/127.0.0.1:50168 - R:localhost/127.0.0.1:4795] for POST '/session/4ca056c52b83e54118c1132438e9a0cf/element'
07:39:39.683 [AsyncHttpClient-1-1] DEBUG org.asynchttpclient.netty.channel.DefaultChannelPool - Entry count for : http://localhost:50169 : 1
07:39:39.684 [AsyncHttpClient-1-5] DEBUG org.asynchttpclient.netty.handler.HttpHandler - 

Request DefaultHttpRequest(decodeResult: success, version: HTTP/1.1)
POST /session/4ca056c52b83e54118c1132438e9a0cf/element HTTP/1.1
User-Agent: selenium/4.13.0 (java mac)
Content-Length: 71
Content-Type: application/json; charset=utf-8
host: localhost:4795
accept: */*

Response DefaultHttpResponse(decodeResult: success, version: HTTP/1.1)
HTTP/1.1 200 OK
Content-Length: 95
Content-Type: application/json; charset=utf-8
cache-control: no-cache

07:39:39.684 [AsyncHttpClient-1-5] DEBUG org.asynchttpclient.netty.channel.ChannelManager - Adding key: http://localhost:4795 for channel [id: 0xa7a28901, L:/127.0.0.1:50168 - R:localhost/127.0.0.1:4795]
07:39:39.687 [Forwarding isElementDisplayed on session 4ca056c52b83e54118c1132438e9a0cf to remote] DEBUG org.asynchttpclient.netty.request.NettyRequestSender - Using pooled Channel '[id: 0xa7a28901, L:/127.0.0.1:50168 - R:localhost/127.0.0.1:4795]' for 'POST' to 'http://localhost:4795/session/4ca056c52b83e54118c1132438e9a0cf/execute/sync'
07:39:39.687 [Forwarding isElementDisplayed on session 4ca056c52b83e54118c1132438e9a0cf to remote] DEBUG org.asynchttpclient.netty.request.NettyRequestSender - Using open Channel [id: 0xa7a28901, L:/127.0.0.1:50168 - R:localhost/127.0.0.1:4795] for POST '/session/4ca056c52b83e54118c1132438e9a0cf/execute/sync'
07:39:39.695 [AsyncHttpClient-1-5] DEBUG org.asynchttpclient.netty.handler.HttpHandler - 

Request DefaultHttpRequest(decodeResult: success, version: HTTP/1.1)
POST /session/4ca056c52b83e54118c1132438e9a0cf/execute/sync HTTP/1.1
User-Agent: selenium/4.13.0 (java mac)
Content-Length: 48814
Content-Type: application/json; charset=utf-8
host: localhost:4795
accept: */*

Response DefaultHttpResponse(decodeResult: success, version: HTTP/1.1)
HTTP/1.1 200 OK
Content-Length: 15
Content-Type: application/json; charset=utf-8
cache-control: no-cache

07:39:39.695 [AsyncHttpClient-1-5] DEBUG org.asynchttpclient.netty.channel.ChannelManager - Adding key: http://localhost:4795 for channel [id: 0xa7a28901, L:/127.0.0.1:50168 - R:localhost/127.0.0.1:4795]
07:39:40.201 [Forwarding findElement on session 4ca056c52b83e54118c1132438e9a0cf to remote] DEBUG org.asynchttpclient.netty.request.NettyRequestSender - Using pooled Channel '[id: 0xa7a28901, L:/127.0.0.1:50168 - R:localhost/127.0.0.1:4795]' for 'POST' to 'http://localhost:4795/session/4ca056c52b83e54118c1132438e9a0cf/element'
07:39:40.201 [Forwarding findElement on session 4ca056c52b83e54118c1132438e9a0cf to remote] DEBUG org.asynchttpclient.netty.request.NettyRequestSender - Using open Channel [id: 0xa7a28901, L:/127.0.0.1:50168 - R:localhost/127.0.0.1:4795] for POST '/session/4ca056c52b83e54118c1132438e9a0cf/element'
07:39:40.209 [AsyncHttpClient-1-5] DEBUG org.asynchttpclient.netty.handler.HttpHandler - 

Request DefaultHttpRequest(decodeResult: success, version: HTTP/1.1)
POST /session/4ca056c52b83e54118c1132438e9a0cf/element HTTP/1.1
User-Agent: selenium/4.13.0 (java mac)
Content-Length: 71
Content-Type: application/json; charset=utf-8
host: localhost:4795
accept: */*

Response DefaultHttpResponse(decodeResult: success, version: HTTP/1.1)
HTTP/1.1 200 OK
Content-Length: 95
Content-Type: application/json; charset=utf-8
cache-control: no-cache

07:39:40.209 [AsyncHttpClient-1-5] DEBUG org.asynchttpclient.netty.channel.ChannelManager - Adding key: http://localhost:4795 for channel [id: 0xa7a28901, L:/127.0.0.1:50168 - R:localhost/127.0.0.1:4795]
07:39:40.211 [Forwarding isElementDisplayed on session 4ca056c52b83e54118c1132438e9a0cf to remote] DEBUG org.asynchttpclient.netty.request.NettyRequestSender - Using pooled Channel '[id: 0xa7a28901, L:/127.0.0.1:50168 - R:localhost/127.0.0.1:4795]' for 'POST' to 'http://localhost:4795/session/4ca056c52b83e54118c1132438e9a0cf/execute/sync'
07:39:40.211 [Forwarding isElementDisplayed on session 4ca056c52b83e54118c1132438e9a0cf to remote] DEBUG org.asynchttpclient.netty.request.NettyRequestSender - Using open Channel [id: 0xa7a28901, L:/127.0.0.1:50168 - R:localhost/127.0.0.1:4795] for POST '/session/4ca056c52b83e54118c1132438e9a0cf/execute/sync'
07:39:40.220 [AsyncHttpClient-1-5] DEBUG org.asynchttpclient.netty.handler.HttpHandler - 

Request DefaultHttpRequest(decodeResult: success, version: HTTP/1.1)
POST /session/4ca056c52b83e54118c1132438e9a0cf/execute/sync HTTP/1.1
User-Agent: selenium/4.13.0 (java mac)
Content-Length: 48814
Content-Type: application/json; charset=utf-8
host: localhost:4795
accept: */*

Response DefaultHttpResponse(decodeResult: success, version: HTTP/1.1)
HTTP/1.1 200 OK
Content-Length: 15
Content-Type: application/json; charset=utf-8
cache-control: no-cache

07:39:40.220 [AsyncHttpClient-1-5] DEBUG org.asynchttpclient.netty.channel.ChannelManager - Adding key: http://localhost:4795 for channel [id: 0xa7a28901, L:/127.0.0.1:50168 - R:localhost/127.0.0.1:4795]
07:39:40.724 [Forwarding findElement on session 4ca056c52b83e54118c1132438e9a0cf to remote] DEBUG org.asynchttpclient.netty.request.NettyRequestSender - Using pooled Channel '[id: 0xa7a28901, L:/127.0.0.1:50168 - R:localhost/127.0.0.1:4795]' for 'POST' to 'http://localhost:4795/session/4ca056c52b83e54118c1132438e9a0cf/element'
07:39:40.725 [Forwarding findElement on session 4ca056c52b83e54118c1132438e9a0cf to remote] DEBUG org.asynchttpclient.netty.request.NettyRequestSender - Using open Channel [id: 0xa7a28901, L:/127.0.0.1:50168 - R:localhost/127.0.0.1:4795] for POST '/session/4ca056c52b83e54118c1132438e9a0cf/element'
07:39:40.734 [AsyncHttpClient-1-5] DEBUG org.asynchttpclient.netty.handler.HttpHandler - 

Request DefaultHttpRequest(decodeResult: success, version: HTTP/1.1)
POST /session/4ca056c52b83e54118c1132438e9a0cf/element HTTP/1.1
User-Agent: selenium/4.13.0 (java mac)
Content-Length: 71
Content-Type: application/json; charset=utf-8
host: localhost:4795
accept: */*

Response DefaultHttpResponse(decodeResult: success, version: HTTP/1.1)
HTTP/1.1 200 OK
Content-Length: 95
Content-Type: application/json; charset=utf-8
cache-control: no-cache

07:39:40.734 [AsyncHttpClient-1-5] DEBUG org.asynchttpclient.netty.channel.ChannelManager - Adding key: http://localhost:4795 for channel [id: 0xa7a28901, L:/127.0.0.1:50168 - R:localhost/127.0.0.1:4795]
07:39:40.736 [Forwarding isElementDisplayed on session 4ca056c52b83e54118c1132438e9a0cf to remote] DEBUG org.asynchttpclient.netty.request.NettyRequestSender - Using pooled Channel '[id: 0xa7a28901, L:/127.0.0.1:50168 - R:localhost/127.0.0.1:4795]' for 'POST' to 'http://localhost:4795/session/4ca056c52b83e54118c1132438e9a0cf/execute/sync'
07:39:40.736 [Forwarding isElementDisplayed on session 4ca056c52b83e54118c1132438e9a0cf to remote] DEBUG org.asynchttpclient.netty.request.NettyRequestSender - Using open Channel [id: 0xa7a28901, L:/127.0.0.1:50168 - R:localhost/127.0.0.1:4795] for POST '/session/4ca056c52b83e54118c1132438e9a0cf/execute/sync'
07:39:40.744 [AsyncHttpClient-1-5] DEBUG org.asynchttpclient.netty.handler.HttpHandler - 

Request DefaultHttpRequest(decodeResult: success, version: HTTP/1.1)
POST /session/4ca056c52b83e54118c1132438e9a0cf/execute/sync HTTP/1.1
User-Agent: selenium/4.13.0 (java mac)
Content-Length: 48814
Content-Type: application/json; charset=utf-8
host: localhost:4795
accept: */*

Response DefaultHttpResponse(decodeResult: success, version: HTTP/1.1)
HTTP/1.1 200 OK
Content-Length: 15
Content-Type: application/json; charset=utf-8
cache-control: no-cache

07:39:40.745 [AsyncHttpClient-1-5] DEBUG org.asynchttpclient.netty.channel.ChannelManager - Adding key: http://localhost:4795 for channel [id: 0xa7a28901, L:/127.0.0.1:50168 - R:localhost/127.0.0.1:4795]
07:39:40.787 [AsyncHttpClient-1-1] DEBUG org.asynchttpclient.netty.channel.DefaultChannelPool - Entry count for : http://localhost:50169 : 1
07:39:40.787 [AsyncHttpClient-1-1] DEBUG org.asynchttpclient.netty.channel.DefaultChannelPool - Entry count for : http://localhost:4795 : 1
07:39:41.251 [Forwarding findElement on session 4ca056c52b83e54118c1132438e9a0cf to remote] DEBUG org.asynchttpclient.netty.request.NettyRequestSender - Using pooled Channel '[id: 0xa7a28901, L:/127.0.0.1:50168 - R:localhost/127.0.0.1:4795]' for 'POST' to 'http://localhost:4795/session/4ca056c52b83e54118c1132438e9a0cf/element'
07:39:41.251 [Forwarding findElement on session 4ca056c52b83e54118c1132438e9a0cf to remote] DEBUG org.asynchttpclient.netty.request.NettyRequestSender - Using open Channel [id: 0xa7a28901, L:/127.0.0.1:50168 - R:localhost/127.0.0.1:4795] for POST '/session/4ca056c52b83e54118c1132438e9a0cf/element'
07:39:41.260 [AsyncHttpClient-1-5] DEBUG org.asynchttpclient.netty.handler.HttpHandler - 

Request DefaultHttpRequest(decodeResult: success, version: HTTP/1.1)
POST /session/4ca056c52b83e54118c1132438e9a0cf/element HTTP/1.1
User-Agent: selenium/4.13.0 (java mac)
Content-Length: 71
Content-Type: application/json; charset=utf-8
host: localhost:4795
accept: */*

Response DefaultHttpResponse(decodeResult: success, version: HTTP/1.1)
HTTP/1.1 200 OK
Content-Length: 95
Content-Type: application/json; charset=utf-8
cache-control: no-cache

07:39:41.260 [AsyncHttpClient-1-5] DEBUG org.asynchttpclient.netty.channel.ChannelManager - Adding key: http://localhost:4795 for channel [id: 0xa7a28901, L:/127.0.0.1:50168 - R:localhost/127.0.0.1:4795]
07:39:41.263 [Forwarding isElementDisplayed on session 4ca056c52b83e54118c1132438e9a0cf to remote] DEBUG org.asynchttpclient.netty.request.NettyRequestSender - Using pooled Channel '[id: 0xa7a28901, L:/127.0.0.1:50168 - R:localhost/127.0.0.1:4795]' for 'POST' to 'http://localhost:4795/session/4ca056c52b83e54118c1132438e9a0cf/execute/sync'
07:39:41.263 [Forwarding isElementDisplayed on session 4ca056c52b83e54118c1132438e9a0cf to remote] DEBUG org.asynchttpclient.netty.request.NettyRequestSender - Using open Channel [id: 0xa7a28901, L:/127.0.0.1:50168 - R:localhost/127.0.0.1:4795] for POST '/session/4ca056c52b83e54118c1132438e9a0cf/execute/sync'
07:39:41.271 [AsyncHttpClient-1-5] DEBUG org.asynchttpclient.netty.handler.HttpHandler - 

Request DefaultHttpRequest(decodeResult: success, version: HTTP/1.1)
POST /session/4ca056c52b83e54118c1132438e9a0cf/execute/sync HTTP/1.1
User-Agent: selenium/4.13.0 (java mac)
Content-Length: 48814
Content-Type: application/json; charset=utf-8
host: localhost:4795
accept: */*

Response DefaultHttpResponse(decodeResult: success, version: HTTP/1.1)
HTTP/1.1 200 OK
Content-Length: 15
Content-Type: application/json; charset=utf-8
cache-control: no-cache

07:39:41.271 [AsyncHttpClient-1-5] DEBUG org.asynchttpclient.netty.channel.ChannelManager - Adding key: http://localhost:4795 for channel [id: 0xa7a28901, L:/127.0.0.1:50168 - R:localhost/127.0.0.1:4795]
07:39:41.775 [Forwarding findElement on session 4ca056c52b83e54118c1132438e9a0cf to remote] DEBUG org.asynchttpclient.netty.request.NettyRequestSender - Using pooled Channel '[id: 0xa7a28901, L:/127.0.0.1:50168 - R:localhost/127.0.0.1:4795]' for 'POST' to 'http://localhost:4795/session/4ca056c52b83e54118c1132438e9a0cf/element'
07:39:41.775 [Forwarding findElement on session 4ca056c52b83e54118c1132438e9a0cf to remote] DEBUG org.asynchttpclient.netty.request.NettyRequestSender - Using open Channel [id: 0xa7a28901, L:/127.0.0.1:50168 - R:localhost/127.0.0.1:4795] for POST '/session/4ca056c52b83e54118c1132438e9a0cf/element'
07:39:41.784 [AsyncHttpClient-1-5] DEBUG org.asynchttpclient.netty.handler.HttpHandler - 

Request DefaultHttpRequest(decodeResult: success, version: HTTP/1.1)
POST /session/4ca056c52b83e54118c1132438e9a0cf/element HTTP/1.1
User-Agent: selenium/4.13.0 (java mac)
Content-Length: 71
Content-Type: application/json; charset=utf-8
host: localhost:4795
accept: */*

Response DefaultHttpResponse(decodeResult: success, version: HTTP/1.1)
HTTP/1.1 200 OK
Content-Length: 95
Content-Type: application/json; charset=utf-8
cache-control: no-cache

07:39:41.784 [AsyncHttpClient-1-5] DEBUG org.asynchttpclient.netty.channel.ChannelManager - Adding key: http://localhost:4795 for channel [id: 0xa7a28901, L:/127.0.0.1:50168 - R:localhost/127.0.0.1:4795]
07:39:41.787 [Forwarding isElementDisplayed on session 4ca056c52b83e54118c1132438e9a0cf to remote] DEBUG org.asynchttpclient.netty.request.NettyRequestSender - Using pooled Channel '[id: 0xa7a28901, L:/127.0.0.1:50168 - R:localhost/127.0.0.1:4795]' for 'POST' to 'http://localhost:4795/session/4ca056c52b83e54118c1132438e9a0cf/execute/sync'
07:39:41.787 [Forwarding isElementDisplayed on session 4ca056c52b83e54118c1132438e9a0cf to remote] DEBUG org.asynchttpclient.netty.request.NettyRequestSender - Using open Channel [id: 0xa7a28901, L:/127.0.0.1:50168 - R:localhost/127.0.0.1:4795] for POST '/session/4ca056c52b83e54118c1132438e9a0cf/execute/sync'
07:39:41.795 [AsyncHttpClient-1-5] DEBUG org.asynchttpclient.netty.handler.HttpHandler - 

Request DefaultHttpRequest(decodeResult: success, version: HTTP/1.1)
POST /session/4ca056c52b83e54118c1132438e9a0cf/execute/sync HTTP/1.1
User-Agent: selenium/4.13.0 (java mac)
Content-Length: 48814
Content-Type: application/json; charset=utf-8
host: localhost:4795
accept: */*

Response DefaultHttpResponse(decodeResult: success, version: HTTP/1.1)
HTTP/1.1 200 OK
Content-Length: 15
Content-Type: application/json; charset=utf-8
cache-control: no-cache

07:39:41.795 [AsyncHttpClient-1-5] DEBUG org.asynchttpclient.netty.channel.ChannelManager - Adding key: http://localhost:4795 for channel [id: 0xa7a28901, L:/127.0.0.1:50168 - R:localhost/127.0.0.1:4795]
07:39:41.883 [AsyncHttpClient-1-1] DEBUG org.asynchttpclient.netty.channel.DefaultChannelPool - Entry count for : http://localhost:50169 : 1
07:39:41.883 [AsyncHttpClient-1-1] DEBUG org.asynchttpclient.netty.channel.DefaultChannelPool - Entry count for : http://localhost:4795 : 1
07:39:42.301 [Forwarding findElement on session 4ca056c52b83e54118c1132438e9a0cf to remote] DEBUG org.asynchttpclient.netty.request.NettyRequestSender - Using pooled Channel '[id: 0xa7a28901, L:/127.0.0.1:50168 - R:localhost/127.0.0.1:4795]' for 'POST' to 'http://localhost:4795/session/4ca056c52b83e54118c1132438e9a0cf/element'
07:39:42.301 [Forwarding findElement on session 4ca056c52b83e54118c1132438e9a0cf to remote] DEBUG org.asynchttpclient.netty.request.NettyRequestSender - Using open Channel [id: 0xa7a28901, L:/127.0.0.1:50168 - R:localhost/127.0.0.1:4795] for POST '/session/4ca056c52b83e54118c1132438e9a0cf/element'
07:39:42.310 [AsyncHttpClient-1-5] DEBUG org.asynchttpclient.netty.handler.HttpHandler - 

Request DefaultHttpRequest(decodeResult: success, version: HTTP/1.1)
POST /session/4ca056c52b83e54118c1132438e9a0cf/element HTTP/1.1
User-Agent: selenium/4.13.0 (java mac)
Content-Length: 71
Content-Type: application/json; charset=utf-8
host: localhost:4795
accept: */*

Response DefaultHttpResponse(decodeResult: success, version: HTTP/1.1)
HTTP/1.1 200 OK
Content-Length: 95
Content-Type: application/json; charset=utf-8
cache-control: no-cache

07:39:42.311 [AsyncHttpClient-1-5] DEBUG org.asynchttpclient.netty.channel.ChannelManager - Adding key: http://localhost:4795 for channel [id: 0xa7a28901, L:/127.0.0.1:50168 - R:localhost/127.0.0.1:4795]
07:39:42.313 [Forwarding isElementDisplayed on session 4ca056c52b83e54118c1132438e9a0cf to remote] DEBUG org.asynchttpclient.netty.request.NettyRequestSender - Using pooled Channel '[id: 0xa7a28901, L:/127.0.0.1:50168 - R:localhost/127.0.0.1:4795]' for 'POST' to 'http://localhost:4795/session/4ca056c52b83e54118c1132438e9a0cf/execute/sync'
07:39:42.313 [Forwarding isElementDisplayed on session 4ca056c52b83e54118c1132438e9a0cf to remote] DEBUG org.asynchttpclient.netty.request.NettyRequestSender - Using open Channel [id: 0xa7a28901, L:/127.0.0.1:50168 - R:localhost/127.0.0.1:4795] for POST '/session/4ca056c52b83e54118c1132438e9a0cf/execute/sync'
07:39:42.321 [AsyncHttpClient-1-5] DEBUG org.asynchttpclient.netty.handler.HttpHandler - 

Request DefaultHttpRequest(decodeResult: success, version: HTTP/1.1)
POST /session/4ca056c52b83e54118c1132438e9a0cf/execute/sync HTTP/1.1
User-Agent: selenium/4.13.0 (java mac)
Content-Length: 48814
Content-Type: application/json; charset=utf-8
host: localhost:4795
accept: */*

Response DefaultHttpResponse(decodeResult: success, version: HTTP/1.1)
HTTP/1.1 200 OK
Content-Length: 15
Content-Type: application/json; charset=utf-8
cache-control: no-cache

07:39:42.321 [AsyncHttpClient-1-5] DEBUG org.asynchttpclient.netty.channel.ChannelManager - Adding key: http://localhost:4795 for channel [id: 0xa7a28901, L:/127.0.0.1:50168 - R:localhost/127.0.0.1:4795]
07:39:42.828 [Forwarding findElement on session 4ca056c52b83e54118c1132438e9a0cf to remote] DEBUG org.asynchttpclient.netty.request.NettyRequestSender - Using pooled Channel '[id: 0xa7a28901, L:/127.0.0.1:50168 - R:localhost/127.0.0.1:4795]' for 'POST' to 'http://localhost:4795/session/4ca056c52b83e54118c1132438e9a0cf/element'
07:39:42.828 [Forwarding findElement on session 4ca056c52b83e54118c1132438e9a0cf to remote] DEBUG org.asynchttpclient.netty.request.NettyRequestSender - Using open Channel [id: 0xa7a28901, L:/127.0.0.1:50168 - R:localhost/127.0.0.1:4795] for POST '/session/4ca056c52b83e54118c1132438e9a0cf/element'
07:39:42.837 [AsyncHttpClient-1-5] DEBUG org.asynchttpclient.netty.handler.HttpHandler - 

Request DefaultHttpRequest(decodeResult: success, version: HTTP/1.1)
POST /session/4ca056c52b83e54118c1132438e9a0cf/element HTTP/1.1
User-Agent: selenium/4.13.0 (java mac)
Content-Length: 71
Content-Type: application/json; charset=utf-8
host: localhost:4795
accept: */*

Response DefaultHttpResponse(decodeResult: success, version: HTTP/1.1)
HTTP/1.1 200 OK
Content-Length: 95
Content-Type: application/json; charset=utf-8
cache-control: no-cache

07:39:42.838 [AsyncHttpClient-1-5] DEBUG org.asynchttpclient.netty.channel.ChannelManager - Adding key: http://localhost:4795 for channel [id: 0xa7a28901, L:/127.0.0.1:50168 - R:localhost/127.0.0.1:4795]
07:39:42.840 [Forwarding isElementDisplayed on session 4ca056c52b83e54118c1132438e9a0cf to remote] DEBUG org.asynchttpclient.netty.request.NettyRequestSender - Using pooled Channel '[id: 0xa7a28901, L:/127.0.0.1:50168 - R:localhost/127.0.0.1:4795]' for 'POST' to 'http://localhost:4795/session/4ca056c52b83e54118c1132438e9a0cf/execute/sync'
07:39:42.840 [Forwarding isElementDisplayed on session 4ca056c52b83e54118c1132438e9a0cf to remote] DEBUG org.asynchttpclient.netty.request.NettyRequestSender - Using open Channel [id: 0xa7a28901, L:/127.0.0.1:50168 - R:localhost/127.0.0.1:4795] for POST '/session/4ca056c52b83e54118c1132438e9a0cf/execute/sync'
07:39:42.848 [AsyncHttpClient-1-5] DEBUG org.asynchttpclient.netty.handler.HttpHandler - 

Request DefaultHttpRequest(decodeResult: success, version: HTTP/1.1)
POST /session/4ca056c52b83e54118c1132438e9a0cf/execute/sync HTTP/1.1
User-Agent: selenium/4.13.0 (java mac)
Content-Length: 48814
Content-Type: application/json; charset=utf-8
host: localhost:4795
accept: */*

Response DefaultHttpResponse(decodeResult: success, version: HTTP/1.1)
HTTP/1.1 200 OK
Content-Length: 15
Content-Type: application/json; charset=utf-8
cache-control: no-cache

07:39:42.849 [AsyncHttpClient-1-5] DEBUG org.asynchttpclient.netty.channel.ChannelManager - Adding key: http://localhost:4795 for channel [id: 0xa7a28901, L:/127.0.0.1:50168 - R:localhost/127.0.0.1:4795]
07:39:42.987 [AsyncHttpClient-1-1] DEBUG org.asynchttpclient.netty.channel.DefaultChannelPool - Entry count for : http://localhost:50169 : 1
07:39:42.987 [AsyncHttpClient-1-1] DEBUG org.asynchttpclient.netty.channel.DefaultChannelPool - Entry count for : http://localhost:4795 : 1
07:39:43.351 [Forwarding findElement on session 4ca056c52b83e54118c1132438e9a0cf to remote] DEBUG org.asynchttpclient.netty.request.NettyRequestSender - Using pooled Channel '[id: 0xa7a28901, L:/127.0.0.1:50168 - R:localhost/127.0.0.1:4795]' for 'POST' to 'http://localhost:4795/session/4ca056c52b83e54118c1132438e9a0cf/element'
07:39:43.351 [Forwarding findElement on session 4ca056c52b83e54118c1132438e9a0cf to remote] DEBUG org.asynchttpclient.netty.request.NettyRequestSender - Using open Channel [id: 0xa7a28901, L:/127.0.0.1:50168 - R:localhost/127.0.0.1:4795] for POST '/session/4ca056c52b83e54118c1132438e9a0cf/element'
07:39:43.361 [AsyncHttpClient-1-5] DEBUG org.asynchttpclient.netty.handler.HttpHandler - 

Request DefaultHttpRequest(decodeResult: success, version: HTTP/1.1)
POST /session/4ca056c52b83e54118c1132438e9a0cf/element HTTP/1.1
User-Agent: selenium/4.13.0 (java mac)
Content-Length: 71
Content-Type: application/json; charset=utf-8
host: localhost:4795
accept: */*

Response DefaultHttpResponse(decodeResult: success, version: HTTP/1.1)
HTTP/1.1 200 OK
Content-Length: 95
Content-Type: application/json; charset=utf-8
cache-control: no-cache

07:39:43.361 [AsyncHttpClient-1-5] DEBUG org.asynchttpclient.netty.channel.ChannelManager - Adding key: http://localhost:4795 for channel [id: 0xa7a28901, L:/127.0.0.1:50168 - R:localhost/127.0.0.1:4795]
07:39:43.363 [Forwarding isElementDisplayed on session 4ca056c52b83e54118c1132438e9a0cf to remote] DEBUG org.asynchttpclient.netty.request.NettyRequestSender - Using pooled Channel '[id: 0xa7a28901, L:/127.0.0.1:50168 - R:localhost/127.0.0.1:4795]' for 'POST' to 'http://localhost:4795/session/4ca056c52b83e54118c1132438e9a0cf/execute/sync'
07:39:43.363 [Forwarding isElementDisplayed on session 4ca056c52b83e54118c1132438e9a0cf to remote] DEBUG org.asynchttpclient.netty.request.NettyRequestSender - Using open Channel [id: 0xa7a28901, L:/127.0.0.1:50168 - R:localhost/127.0.0.1:4795] for POST '/session/4ca056c52b83e54118c1132438e9a0cf/execute/sync'
07:39:43.371 [AsyncHttpClient-1-5] DEBUG org.asynchttpclient.netty.handler.HttpHandler - 

Request DefaultHttpRequest(decodeResult: success, version: HTTP/1.1)
POST /session/4ca056c52b83e54118c1132438e9a0cf/execute/sync HTTP/1.1
User-Agent: selenium/4.13.0 (java mac)
Content-Length: 48814
Content-Type: application/json; charset=utf-8
host: localhost:4795
accept: */*

Response DefaultHttpResponse(decodeResult: success, version: HTTP/1.1)
HTTP/1.1 200 OK
Content-Length: 15
Content-Type: application/json; charset=utf-8
cache-control: no-cache

07:39:43.372 [AsyncHttpClient-1-5] DEBUG org.asynchttpclient.netty.channel.ChannelManager - Adding key: http://localhost:4795 for channel [id: 0xa7a28901, L:/127.0.0.1:50168 - R:localhost/127.0.0.1:4795]
07:39:43.877 [Forwarding findElement on session 4ca056c52b83e54118c1132438e9a0cf to remote] DEBUG org.asynchttpclient.netty.request.NettyRequestSender - Using pooled Channel '[id: 0xa7a28901, L:/127.0.0.1:50168 - R:localhost/127.0.0.1:4795]' for 'POST' to 'http://localhost:4795/session/4ca056c52b83e54118c1132438e9a0cf/element'
07:39:43.877 [Forwarding findElement on session 4ca056c52b83e54118c1132438e9a0cf to remote] DEBUG org.asynchttpclient.netty.request.NettyRequestSender - Using open Channel [id: 0xa7a28901, L:/127.0.0.1:50168 - R:localhost/127.0.0.1:4795] for POST '/session/4ca056c52b83e54118c1132438e9a0cf/element'
07:39:43.887 [AsyncHttpClient-1-5] DEBUG org.asynchttpclient.netty.handler.HttpHandler - 

Request DefaultHttpRequest(decodeResult: success, version: HTTP/1.1)
POST /session/4ca056c52b83e54118c1132438e9a0cf/element HTTP/1.1
User-Agent: selenium/4.13.0 (java mac)
Content-Length: 71
Content-Type: application/json; charset=utf-8
host: localhost:4795
accept: */*

Response DefaultHttpResponse(decodeResult: success, version: HTTP/1.1)
HTTP/1.1 200 OK
Content-Length: 95
Content-Type: application/json; charset=utf-8
cache-control: no-cache

07:39:43.887 [AsyncHttpClient-1-5] DEBUG org.asynchttpclient.netty.channel.ChannelManager - Adding key: http://localhost:4795 for channel [id: 0xa7a28901, L:/127.0.0.1:50168 - R:localhost/127.0.0.1:4795]
07:39:43.889 [Forwarding isElementDisplayed on session 4ca056c52b83e54118c1132438e9a0cf to remote] DEBUG org.asynchttpclient.netty.request.NettyRequestSender - Using pooled Channel '[id: 0xa7a28901, L:/127.0.0.1:50168 - R:localhost/127.0.0.1:4795]' for 'POST' to 'http://localhost:4795/session/4ca056c52b83e54118c1132438e9a0cf/execute/sync'
07:39:43.890 [Forwarding isElementDisplayed on session 4ca056c52b83e54118c1132438e9a0cf to remote] DEBUG org.asynchttpclient.netty.request.NettyRequestSender - Using open Channel [id: 0xa7a28901, L:/127.0.0.1:50168 - R:localhost/127.0.0.1:4795] for POST '/session/4ca056c52b83e54118c1132438e9a0cf/execute/sync'
07:39:43.898 [AsyncHttpClient-1-5] DEBUG org.asynchttpclient.netty.handler.HttpHandler - 

Request DefaultHttpRequest(decodeResult: success, version: HTTP/1.1)
POST /session/4ca056c52b83e54118c1132438e9a0cf/execute/sync HTTP/1.1
User-Agent: selenium/4.13.0 (java mac)
Content-Length: 48814
Content-Type: application/json; charset=utf-8
host: localhost:4795
accept: */*

Response DefaultHttpResponse(decodeResult: success, version: HTTP/1.1)
HTTP/1.1 200 OK
Content-Length: 15
Content-Type: application/json; charset=utf-8
cache-control: no-cache

07:39:43.898 [AsyncHttpClient-1-5] DEBUG org.asynchttpclient.netty.channel.ChannelManager - Adding key: http://localhost:4795 for channel [id: 0xa7a28901, L:/127.0.0.1:50168 - R:localhost/127.0.0.1:4795]
07:39:44.087 [AsyncHttpClient-1-1] DEBUG org.asynchttpclient.netty.channel.DefaultChannelPool - Entry count for : http://localhost:50169 : 1
07:39:44.087 [AsyncHttpClient-1-1] DEBUG org.asynchttpclient.netty.channel.DefaultChannelPool - Entry count for : http://localhost:4795 : 1
07:39:44.401 [Forwarding findElement on session 4ca056c52b83e54118c1132438e9a0cf to remote] DEBUG org.asynchttpclient.netty.request.NettyRequestSender - Using pooled Channel '[id: 0xa7a28901, L:/127.0.0.1:50168 - R:localhost/127.0.0.1:4795]' for 'POST' to 'http://localhost:4795/session/4ca056c52b83e54118c1132438e9a0cf/element'
07:39:44.401 [Forwarding findElement on session 4ca056c52b83e54118c1132438e9a0cf to remote] DEBUG org.asynchttpclient.netty.request.NettyRequestSender - Using open Channel [id: 0xa7a28901, L:/127.0.0.1:50168 - R:localhost/127.0.0.1:4795] for POST '/session/4ca056c52b83e54118c1132438e9a0cf/element'
07:39:44.410 [AsyncHttpClient-1-5] DEBUG org.asynchttpclient.netty.handler.HttpHandler - 

Request DefaultHttpRequest(decodeResult: success, version: HTTP/1.1)
POST /session/4ca056c52b83e54118c1132438e9a0cf/element HTTP/1.1
User-Agent: selenium/4.13.0 (java mac)
Content-Length: 71
Content-Type: application/json; charset=utf-8
host: localhost:4795
accept: */*

Response DefaultHttpResponse(decodeResult: success, version: HTTP/1.1)
HTTP/1.1 200 OK
Content-Length: 95
Content-Type: application/json; charset=utf-8
cache-control: no-cache

07:39:44.410 [AsyncHttpClient-1-5] DEBUG org.asynchttpclient.netty.channel.ChannelManager - Adding key: http://localhost:4795 for channel [id: 0xa7a28901, L:/127.0.0.1:50168 - R:localhost/127.0.0.1:4795]
07:39:44.413 [Forwarding isElementDisplayed on session 4ca056c52b83e54118c1132438e9a0cf to remote] DEBUG org.asynchttpclient.netty.request.NettyRequestSender - Using pooled Channel '[id: 0xa7a28901, L:/127.0.0.1:50168 - R:localhost/127.0.0.1:4795]' for 'POST' to 'http://localhost:4795/session/4ca056c52b83e54118c1132438e9a0cf/execute/sync'
07:39:44.413 [Forwarding isElementDisplayed on session 4ca056c52b83e54118c1132438e9a0cf to remote] DEBUG org.asynchttpclient.netty.request.NettyRequestSender - Using open Channel [id: 0xa7a28901, L:/127.0.0.1:50168 - R:localhost/127.0.0.1:4795] for POST '/session/4ca056c52b83e54118c1132438e9a0cf/execute/sync'
07:39:44.421 [AsyncHttpClient-1-5] DEBUG org.asynchttpclient.netty.handler.HttpHandler - 

Request DefaultHttpRequest(decodeResult: success, version: HTTP/1.1)
POST /session/4ca056c52b83e54118c1132438e9a0cf/execute/sync HTTP/1.1
User-Agent: selenium/4.13.0 (java mac)
Content-Length: 48814
Content-Type: application/json; charset=utf-8
host: localhost:4795
accept: */*

Response DefaultHttpResponse(decodeResult: success, version: HTTP/1.1)
HTTP/1.1 200 OK
Content-Length: 15
Content-Type: application/json; charset=utf-8
cache-control: no-cache

07:39:44.421 [AsyncHttpClient-1-5] DEBUG org.asynchttpclient.netty.channel.ChannelManager - Adding key: http://localhost:4795 for channel [id: 0xa7a28901, L:/127.0.0.1:50168 - R:localhost/127.0.0.1:4795]
07:39:44.928 [Forwarding findElement on session 4ca056c52b83e54118c1132438e9a0cf to remote] DEBUG org.asynchttpclient.netty.request.NettyRequestSender - Using pooled Channel '[id: 0xa7a28901, L:/127.0.0.1:50168 - R:localhost/127.0.0.1:4795]' for 'POST' to 'http://localhost:4795/session/4ca056c52b83e54118c1132438e9a0cf/element'
07:39:44.928 [Forwarding findElement on session 4ca056c52b83e54118c1132438e9a0cf to remote] DEBUG org.asynchttpclient.netty.request.NettyRequestSender - Using open Channel [id: 0xa7a28901, L:/127.0.0.1:50168 - R:localhost/127.0.0.1:4795] for POST '/session/4ca056c52b83e54118c1132438e9a0cf/element'
07:39:44.937 [AsyncHttpClient-1-5] DEBUG org.asynchttpclient.netty.handler.HttpHandler - 

Request DefaultHttpRequest(decodeResult: success, version: HTTP/1.1)
POST /session/4ca056c52b83e54118c1132438e9a0cf/element HTTP/1.1
User-Agent: selenium/4.13.0 (java mac)
Content-Length: 71
Content-Type: application/json; charset=utf-8
host: localhost:4795
accept: */*

Response DefaultHttpResponse(decodeResult: success, version: HTTP/1.1)
HTTP/1.1 200 OK
Content-Length: 95
Content-Type: application/json; charset=utf-8
cache-control: no-cache

07:39:44.938 [AsyncHttpClient-1-5] DEBUG org.asynchttpclient.netty.channel.ChannelManager - Adding key: http://localhost:4795 for channel [id: 0xa7a28901, L:/127.0.0.1:50168 - R:localhost/127.0.0.1:4795]
07:39:44.940 [Forwarding isElementDisplayed on session 4ca056c52b83e54118c1132438e9a0cf to remote] DEBUG org.asynchttpclient.netty.request.NettyRequestSender - Using pooled Channel '[id: 0xa7a28901, L:/127.0.0.1:50168 - R:localhost/127.0.0.1:4795]' for 'POST' to 'http://localhost:4795/session/4ca056c52b83e54118c1132438e9a0cf/execute/sync'
07:39:44.940 [Forwarding isElementDisplayed on session 4ca056c52b83e54118c1132438e9a0cf to remote] DEBUG org.asynchttpclient.netty.request.NettyRequestSender - Using open Channel [id: 0xa7a28901, L:/127.0.0.1:50168 - R:localhost/127.0.0.1:4795] for POST '/session/4ca056c52b83e54118c1132438e9a0cf/execute/sync'
07:39:44.950 [AsyncHttpClient-1-5] DEBUG org.asynchttpclient.netty.handler.HttpHandler - 

Request DefaultHttpRequest(decodeResult: success, version: HTTP/1.1)
POST /session/4ca056c52b83e54118c1132438e9a0cf/execute/sync HTTP/1.1
User-Agent: selenium/4.13.0 (java mac)
Content-Length: 48814
Content-Type: application/json; charset=utf-8
host: localhost:4795
accept: */*

Response DefaultHttpResponse(decodeResult: success, version: HTTP/1.1)
HTTP/1.1 200 OK
Content-Length: 15
Content-Type: application/json; charset=utf-8
cache-control: no-cache

07:39:44.950 [AsyncHttpClient-1-5] DEBUG org.asynchttpclient.netty.channel.ChannelManager - Adding key: http://localhost:4795 for channel [id: 0xa7a28901, L:/127.0.0.1:50168 - R:localhost/127.0.0.1:4795]
07:39:45.183 [AsyncHttpClient-1-1] DEBUG org.asynchttpclient.netty.channel.DefaultChannelPool - Entry count for : http://localhost:50169 : 1
07:39:45.183 [AsyncHttpClient-1-1] DEBUG org.asynchttpclient.netty.channel.DefaultChannelPool - Entry count for : http://localhost:4795 : 1
07:39:45.453 [Forwarding findElement on session 4ca056c52b83e54118c1132438e9a0cf to remote] DEBUG org.asynchttpclient.netty.request.NettyRequestSender - Using pooled Channel '[id: 0xa7a28901, L:/127.0.0.1:50168 - R:localhost/127.0.0.1:4795]' for 'POST' to 'http://localhost:4795/session/4ca056c52b83e54118c1132438e9a0cf/element'
07:39:45.453 [Forwarding findElement on session 4ca056c52b83e54118c1132438e9a0cf to remote] DEBUG org.asynchttpclient.netty.request.NettyRequestSender - Using open Channel [id: 0xa7a28901, L:/127.0.0.1:50168 - R:localhost/127.0.0.1:4795] for POST '/session/4ca056c52b83e54118c1132438e9a0cf/element'
07:39:45.462 [AsyncHttpClient-1-5] DEBUG org.asynchttpclient.netty.handler.HttpHandler - 

Request DefaultHttpRequest(decodeResult: success, version: HTTP/1.1)
POST /session/4ca056c52b83e54118c1132438e9a0cf/element HTTP/1.1
User-Agent: selenium/4.13.0 (java mac)
Content-Length: 71
Content-Type: application/json; charset=utf-8
host: localhost:4795
accept: */*

Response DefaultHttpResponse(decodeResult: success, version: HTTP/1.1)
HTTP/1.1 200 OK
Content-Length: 95
Content-Type: application/json; charset=utf-8
cache-control: no-cache

07:39:45.463 [AsyncHttpClient-1-5] DEBUG org.asynchttpclient.netty.channel.ChannelManager - Adding key: http://localhost:4795 for channel [id: 0xa7a28901, L:/127.0.0.1:50168 - R:localhost/127.0.0.1:4795]
07:39:45.465 [Forwarding isElementDisplayed on session 4ca056c52b83e54118c1132438e9a0cf to remote] DEBUG org.asynchttpclient.netty.request.NettyRequestSender - Using pooled Channel '[id: 0xa7a28901, L:/127.0.0.1:50168 - R:localhost/127.0.0.1:4795]' for 'POST' to 'http://localhost:4795/session/4ca056c52b83e54118c1132438e9a0cf/execute/sync'
07:39:45.465 [Forwarding isElementDisplayed on session 4ca056c52b83e54118c1132438e9a0cf to remote] DEBUG org.asynchttpclient.netty.request.NettyRequestSender - Using open Channel [id: 0xa7a28901, L:/127.0.0.1:50168 - R:localhost/127.0.0.1:4795] for POST '/session/4ca056c52b83e54118c1132438e9a0cf/execute/sync'
07:39:45.473 [AsyncHttpClient-1-5] DEBUG org.asynchttpclient.netty.handler.HttpHandler - 

Request DefaultHttpRequest(decodeResult: success, version: HTTP/1.1)
POST /session/4ca056c52b83e54118c1132438e9a0cf/execute/sync HTTP/1.1
User-Agent: selenium/4.13.0 (java mac)
Content-Length: 48814
Content-Type: application/json; charset=utf-8
host: localhost:4795
accept: */*

Response DefaultHttpResponse(decodeResult: success, version: HTTP/1.1)
HTTP/1.1 200 OK
Content-Length: 15
Content-Type: application/json; charset=utf-8
cache-control: no-cache

07:39:45.473 [AsyncHttpClient-1-5] DEBUG org.asynchttpclient.netty.channel.ChannelManager - Adding key: http://localhost:4795 for channel [id: 0xa7a28901, L:/127.0.0.1:50168 - R:localhost/127.0.0.1:4795]
07:39:45.979 [Forwarding findElement on session 4ca056c52b83e54118c1132438e9a0cf to remote] DEBUG org.asynchttpclient.netty.request.NettyRequestSender - Using pooled Channel '[id: 0xa7a28901, L:/127.0.0.1:50168 - R:localhost/127.0.0.1:4795]' for 'POST' to 'http://localhost:4795/session/4ca056c52b83e54118c1132438e9a0cf/element'
07:39:45.979 [Forwarding findElement on session 4ca056c52b83e54118c1132438e9a0cf to remote] DEBUG org.asynchttpclient.netty.request.NettyRequestSender - Using open Channel [id: 0xa7a28901, L:/127.0.0.1:50168 - R:localhost/127.0.0.1:4795] for POST '/session/4ca056c52b83e54118c1132438e9a0cf/element'
07:39:45.988 [AsyncHttpClient-1-5] DEBUG org.asynchttpclient.netty.handler.HttpHandler - 

Request DefaultHttpRequest(decodeResult: success, version: HTTP/1.1)
POST /session/4ca056c52b83e54118c1132438e9a0cf/element HTTP/1.1
User-Agent: selenium/4.13.0 (java mac)
Content-Length: 71
Content-Type: application/json; charset=utf-8
host: localhost:4795
accept: */*

Response DefaultHttpResponse(decodeResult: success, version: HTTP/1.1)
HTTP/1.1 200 OK
Content-Length: 95
Content-Type: application/json; charset=utf-8
cache-control: no-cache

07:39:45.988 [AsyncHttpClient-1-5] DEBUG org.asynchttpclient.netty.channel.ChannelManager - Adding key: http://localhost:4795 for channel [id: 0xa7a28901, L:/127.0.0.1:50168 - R:localhost/127.0.0.1:4795]
07:39:45.990 [Forwarding isElementDisplayed on session 4ca056c52b83e54118c1132438e9a0cf to remote] DEBUG org.asynchttpclient.netty.request.NettyRequestSender - Using pooled Channel '[id: 0xa7a28901, L:/127.0.0.1:50168 - R:localhost/127.0.0.1:4795]' for 'POST' to 'http://localhost:4795/session/4ca056c52b83e54118c1132438e9a0cf/execute/sync'
07:39:45.990 [Forwarding isElementDisplayed on session 4ca056c52b83e54118c1132438e9a0cf to remote] DEBUG org.asynchttpclient.netty.request.NettyRequestSender - Using open Channel [id: 0xa7a28901, L:/127.0.0.1:50168 - R:localhost/127.0.0.1:4795] for POST '/session/4ca056c52b83e54118c1132438e9a0cf/execute/sync'
07:39:45.998 [AsyncHttpClient-1-5] DEBUG org.asynchttpclient.netty.handler.HttpHandler - 

Request DefaultHttpRequest(decodeResult: success, version: HTTP/1.1)
POST /session/4ca056c52b83e54118c1132438e9a0cf/execute/sync HTTP/1.1
User-Agent: selenium/4.13.0 (java mac)
Content-Length: 48814
Content-Type: application/json; charset=utf-8
host: localhost:4795
accept: */*

Response DefaultHttpResponse(decodeResult: success, version: HTTP/1.1)
HTTP/1.1 200 OK
Content-Length: 15
Content-Type: application/json; charset=utf-8
cache-control: no-cache

07:39:45.998 [AsyncHttpClient-1-5] DEBUG org.asynchttpclient.netty.channel.ChannelManager - Adding key: http://localhost:4795 for channel [id: 0xa7a28901, L:/127.0.0.1:50168 - R:localhost/127.0.0.1:4795]
07:39:46.283 [AsyncHttpClient-1-1] DEBUG org.asynchttpclient.netty.channel.DefaultChannelPool - Entry count for : http://localhost:50169 : 1
07:39:46.283 [AsyncHttpClient-1-1] DEBUG org.asynchttpclient.netty.channel.DefaultChannelPool - Entry count for : http://localhost:4795 : 1
07:39:46.504 [Forwarding findElement on session 4ca056c52b83e54118c1132438e9a0cf to remote] DEBUG org.asynchttpclient.netty.request.NettyRequestSender - Using pooled Channel '[id: 0xa7a28901, L:/127.0.0.1:50168 - R:localhost/127.0.0.1:4795]' for 'POST' to 'http://localhost:4795/session/4ca056c52b83e54118c1132438e9a0cf/element'
07:39:46.504 [Forwarding findElement on session 4ca056c52b83e54118c1132438e9a0cf to remote] DEBUG org.asynchttpclient.netty.request.NettyRequestSender - Using open Channel [id: 0xa7a28901, L:/127.0.0.1:50168 - R:localhost/127.0.0.1:4795] for POST '/session/4ca056c52b83e54118c1132438e9a0cf/element'
07:39:46.510 [AsyncHttpClient-1-5] DEBUG org.asynchttpclient.netty.handler.HttpHandler - 

Request DefaultHttpRequest(decodeResult: success, version: HTTP/1.1)
POST /session/4ca056c52b83e54118c1132438e9a0cf/element HTTP/1.1
User-Agent: selenium/4.13.0 (java mac)
Content-Length: 71
Content-Type: application/json; charset=utf-8
host: localhost:4795
accept: */*

Response DefaultHttpResponse(decodeResult: success, version: HTTP/1.1)
HTTP/1.1 200 OK
Content-Length: 95
Content-Type: application/json; charset=utf-8
cache-control: no-cache

07:39:46.510 [AsyncHttpClient-1-5] DEBUG org.asynchttpclient.netty.channel.ChannelManager - Adding key: http://localhost:4795 for channel [id: 0xa7a28901, L:/127.0.0.1:50168 - R:localhost/127.0.0.1:4795]
07:39:46.512 [Forwarding isElementDisplayed on session 4ca056c52b83e54118c1132438e9a0cf to remote] DEBUG org.asynchttpclient.netty.request.NettyRequestSender - Using pooled Channel '[id: 0xa7a28901, L:/127.0.0.1:50168 - R:localhost/127.0.0.1:4795]' for 'POST' to 'http://localhost:4795/session/4ca056c52b83e54118c1132438e9a0cf/execute/sync'
07:39:46.513 [Forwarding isElementDisplayed on session 4ca056c52b83e54118c1132438e9a0cf to remote] DEBUG org.asynchttpclient.netty.request.NettyRequestSender - Using open Channel [id: 0xa7a28901, L:/127.0.0.1:50168 - R:localhost/127.0.0.1:4795] for POST '/session/4ca056c52b83e54118c1132438e9a0cf/execute/sync'
07:39:46.519 [AsyncHttpClient-1-5] DEBUG org.asynchttpclient.netty.handler.HttpHandler - 

Request DefaultHttpRequest(decodeResult: success, version: HTTP/1.1)
POST /session/4ca056c52b83e54118c1132438e9a0cf/execute/sync HTTP/1.1
User-Agent: selenium/4.13.0 (java mac)
Content-Length: 48814
Content-Type: application/json; charset=utf-8
host: localhost:4795
accept: */*

Response DefaultHttpResponse(decodeResult: success, version: HTTP/1.1)
HTTP/1.1 200 OK
Content-Length: 15
Content-Type: application/json; charset=utf-8
cache-control: no-cache

07:39:46.519 [AsyncHttpClient-1-5] DEBUG org.asynchttpclient.netty.channel.ChannelManager - Adding key: http://localhost:4795 for channel [id: 0xa7a28901, L:/127.0.0.1:50168 - R:localhost/127.0.0.1:4795]
07:39:47.023 [Forwarding findElement on session 4ca056c52b83e54118c1132438e9a0cf to remote] DEBUG org.asynchttpclient.netty.request.NettyRequestSender - Using pooled Channel '[id: 0xa7a28901, L:/127.0.0.1:50168 - R:localhost/127.0.0.1:4795]' for 'POST' to 'http://localhost:4795/session/4ca056c52b83e54118c1132438e9a0cf/element'
07:39:47.023 [Forwarding findElement on session 4ca056c52b83e54118c1132438e9a0cf to remote] DEBUG org.asynchttpclient.netty.request.NettyRequestSender - Using open Channel [id: 0xa7a28901, L:/127.0.0.1:50168 - R:localhost/127.0.0.1:4795] for POST '/session/4ca056c52b83e54118c1132438e9a0cf/element'
07:39:47.032 [AsyncHttpClient-1-5] DEBUG org.asynchttpclient.netty.handler.HttpHandler - 

Request DefaultHttpRequest(decodeResult: success, version: HTTP/1.1)
POST /session/4ca056c52b83e54118c1132438e9a0cf/element HTTP/1.1
User-Agent: selenium/4.13.0 (java mac)
Content-Length: 71
Content-Type: application/json; charset=utf-8
host: localhost:4795
accept: */*

Response DefaultHttpResponse(decodeResult: success, version: HTTP/1.1)
HTTP/1.1 200 OK
Content-Length: 95
Content-Type: application/json; charset=utf-8
cache-control: no-cache

07:39:47.032 [AsyncHttpClient-1-5] DEBUG org.asynchttpclient.netty.channel.ChannelManager - Adding key: http://localhost:4795 for channel [id: 0xa7a28901, L:/127.0.0.1:50168 - R:localhost/127.0.0.1:4795]
07:39:47.034 [Forwarding isElementDisplayed on session 4ca056c52b83e54118c1132438e9a0cf to remote] DEBUG org.asynchttpclient.netty.request.NettyRequestSender - Using pooled Channel '[id: 0xa7a28901, L:/127.0.0.1:50168 - R:localhost/127.0.0.1:4795]' for 'POST' to 'http://localhost:4795/session/4ca056c52b83e54118c1132438e9a0cf/execute/sync'
07:39:47.034 [Forwarding isElementDisplayed on session 4ca056c52b83e54118c1132438e9a0cf to remote] DEBUG org.asynchttpclient.netty.request.NettyRequestSender - Using open Channel [id: 0xa7a28901, L:/127.0.0.1:50168 - R:localhost/127.0.0.1:4795] for POST '/session/4ca056c52b83e54118c1132438e9a0cf/execute/sync'
07:39:47.041 [AsyncHttpClient-1-5] DEBUG org.asynchttpclient.netty.handler.HttpHandler - 

Request DefaultHttpRequest(decodeResult: success, version: HTTP/1.1)
POST /session/4ca056c52b83e54118c1132438e9a0cf/execute/sync HTTP/1.1
User-Agent: selenium/4.13.0 (java mac)
Content-Length: 48814
Content-Type: application/json; charset=utf-8
host: localhost:4795
accept: */*

Response DefaultHttpResponse(decodeResult: success, version: HTTP/1.1)
HTTP/1.1 200 OK
Content-Length: 15
Content-Type: application/json; charset=utf-8
cache-control: no-cache

07:39:47.042 [AsyncHttpClient-1-5] DEBUG org.asynchttpclient.netty.channel.ChannelManager - Adding key: http://localhost:4795 for channel [id: 0xa7a28901, L:/127.0.0.1:50168 - R:localhost/127.0.0.1:4795]
07:39:47.384 [AsyncHttpClient-1-1] DEBUG org.asynchttpclient.netty.channel.DefaultChannelPool - Entry count for : http://localhost:50169 : 1
07:39:47.385 [AsyncHttpClient-1-1] DEBUG org.asynchttpclient.netty.channel.DefaultChannelPool - Entry count for : http://localhost:4795 : 1
07:39:47.546 [Forwarding findElement on session 4ca056c52b83e54118c1132438e9a0cf to remote] DEBUG org.asynchttpclient.netty.request.NettyRequestSender - Using pooled Channel '[id: 0xa7a28901, L:/127.0.0.1:50168 - R:localhost/127.0.0.1:4795]' for 'POST' to 'http://localhost:4795/session/4ca056c52b83e54118c1132438e9a0cf/element'
07:39:47.546 [Forwarding findElement on session 4ca056c52b83e54118c1132438e9a0cf to remote] DEBUG org.asynchttpclient.netty.request.NettyRequestSender - Using open Channel [id: 0xa7a28901, L:/127.0.0.1:50168 - R:localhost/127.0.0.1:4795] for POST '/session/4ca056c52b83e54118c1132438e9a0cf/element'
07:39:47.553 [AsyncHttpClient-1-5] DEBUG org.asynchttpclient.netty.handler.HttpHandler - 

Request DefaultHttpRequest(decodeResult: success, version: HTTP/1.1)
POST /session/4ca056c52b83e54118c1132438e9a0cf/element HTTP/1.1
User-Agent: selenium/4.13.0 (java mac)
Content-Length: 71
Content-Type: application/json; charset=utf-8
host: localhost:4795
accept: */*

Response DefaultHttpResponse(decodeResult: success, version: HTTP/1.1)
HTTP/1.1 200 OK
Content-Length: 95
Content-Type: application/json; charset=utf-8
cache-control: no-cache

07:39:47.553 [AsyncHttpClient-1-5] DEBUG org.asynchttpclient.netty.channel.ChannelManager - Adding key: http://localhost:4795 for channel [id: 0xa7a28901, L:/127.0.0.1:50168 - R:localhost/127.0.0.1:4795]
07:39:47.554 [Forwarding isElementDisplayed on session 4ca056c52b83e54118c1132438e9a0cf to remote] DEBUG org.asynchttpclient.netty.request.NettyRequestSender - Using pooled Channel '[id: 0xa7a28901, L:/127.0.0.1:50168 - R:localhost/127.0.0.1:4795]' for 'POST' to 'http://localhost:4795/session/4ca056c52b83e54118c1132438e9a0cf/execute/sync'
07:39:47.555 [Forwarding isElementDisplayed on session 4ca056c52b83e54118c1132438e9a0cf to remote] DEBUG org.asynchttpclient.netty.request.NettyRequestSender - Using open Channel [id: 0xa7a28901, L:/127.0.0.1:50168 - R:localhost/127.0.0.1:4795] for POST '/session/4ca056c52b83e54118c1132438e9a0cf/execute/sync'
07:39:47.563 [AsyncHttpClient-1-5] DEBUG org.asynchttpclient.netty.handler.HttpHandler - 

Request DefaultHttpRequest(decodeResult: success, version: HTTP/1.1)
POST /session/4ca056c52b83e54118c1132438e9a0cf/execute/sync HTTP/1.1
User-Agent: selenium/4.13.0 (java mac)
Content-Length: 48814
Content-Type: application/json; charset=utf-8
host: localhost:4795
accept: */*

Response DefaultHttpResponse(decodeResult: success, version: HTTP/1.1)
HTTP/1.1 200 OK
Content-Length: 15
Content-Type: application/json; charset=utf-8
cache-control: no-cache

07:39:47.564 [AsyncHttpClient-1-5] DEBUG org.asynchttpclient.netty.channel.ChannelManager - Adding key: http://localhost:4795 for channel [id: 0xa7a28901, L:/127.0.0.1:50168 - R:localhost/127.0.0.1:4795]
07:39:48.067 [Forwarding findElement on session 4ca056c52b83e54118c1132438e9a0cf to remote] DEBUG org.asynchttpclient.netty.request.NettyRequestSender - Using pooled Channel '[id: 0xa7a28901, L:/127.0.0.1:50168 - R:localhost/127.0.0.1:4795]' for 'POST' to 'http://localhost:4795/session/4ca056c52b83e54118c1132438e9a0cf/element'
07:39:48.068 [Forwarding findElement on session 4ca056c52b83e54118c1132438e9a0cf to remote] DEBUG org.asynchttpclient.netty.request.NettyRequestSender - Using open Channel [id: 0xa7a28901, L:/127.0.0.1:50168 - R:localhost/127.0.0.1:4795] for POST '/session/4ca056c52b83e54118c1132438e9a0cf/element'
07:39:48.076 [AsyncHttpClient-1-5] DEBUG org.asynchttpclient.netty.handler.HttpHandler - 

Request DefaultHttpRequest(decodeResult: success, version: HTTP/1.1)
POST /session/4ca056c52b83e54118c1132438e9a0cf/element HTTP/1.1
User-Agent: selenium/4.13.0 (java mac)
Content-Length: 71
Content-Type: application/json; charset=utf-8
host: localhost:4795
accept: */*

Response DefaultHttpResponse(decodeResult: success, version: HTTP/1.1)
HTTP/1.1 200 OK
Content-Length: 95
Content-Type: application/json; charset=utf-8
cache-control: no-cache

07:39:48.077 [AsyncHttpClient-1-5] DEBUG org.asynchttpclient.netty.channel.ChannelManager - Adding key: http://localhost:4795 for channel [id: 0xa7a28901, L:/127.0.0.1:50168 - R:localhost/127.0.0.1:4795]
07:39:48.079 [Forwarding isElementDisplayed on session 4ca056c52b83e54118c1132438e9a0cf to remote] DEBUG org.asynchttpclient.netty.request.NettyRequestSender - Using pooled Channel '[id: 0xa7a28901, L:/127.0.0.1:50168 - R:localhost/127.0.0.1:4795]' for 'POST' to 'http://localhost:4795/session/4ca056c52b83e54118c1132438e9a0cf/execute/sync'
07:39:48.079 [Forwarding isElementDisplayed on session 4ca056c52b83e54118c1132438e9a0cf to remote] DEBUG org.asynchttpclient.netty.request.NettyRequestSender - Using open Channel [id: 0xa7a28901, L:/127.0.0.1:50168 - R:localhost/127.0.0.1:4795] for POST '/session/4ca056c52b83e54118c1132438e9a0cf/execute/sync'
07:39:48.087 [AsyncHttpClient-1-5] DEBUG org.asynchttpclient.netty.handler.HttpHandler - 

Request DefaultHttpRequest(decodeResult: success, version: HTTP/1.1)
POST /session/4ca056c52b83e54118c1132438e9a0cf/execute/sync HTTP/1.1
User-Agent: selenium/4.13.0 (java mac)
Content-Length: 48814
Content-Type: application/json; charset=utf-8
host: localhost:4795
accept: */*

Response DefaultHttpResponse(decodeResult: success, version: HTTP/1.1)
HTTP/1.1 200 OK
Content-Length: 15
Content-Type: application/json; charset=utf-8
cache-control: no-cache

07:39:48.087 [AsyncHttpClient-1-5] DEBUG org.asynchttpclient.netty.channel.ChannelManager - Adding key: http://localhost:4795 for channel [id: 0xa7a28901, L:/127.0.0.1:50168 - R:localhost/127.0.0.1:4795]
07:39:48.483 [AsyncHttpClient-1-1] DEBUG org.asynchttpclient.netty.channel.DefaultChannelPool - Entry count for : http://localhost:50169 : 1
07:39:48.483 [AsyncHttpClient-1-1] DEBUG org.asynchttpclient.netty.channel.DefaultChannelPool - Entry count for : http://localhost:4795 : 1
07:39:48.591 [Forwarding findElement on session 4ca056c52b83e54118c1132438e9a0cf to remote] DEBUG org.asynchttpclient.netty.request.NettyRequestSender - Using pooled Channel '[id: 0xa7a28901, L:/127.0.0.1:50168 - R:localhost/127.0.0.1:4795]' for 'POST' to 'http://localhost:4795/session/4ca056c52b83e54118c1132438e9a0cf/element'
07:39:48.591 [Forwarding findElement on session 4ca056c52b83e54118c1132438e9a0cf to remote] DEBUG org.asynchttpclient.netty.request.NettyRequestSender - Using open Channel [id: 0xa7a28901, L:/127.0.0.1:50168 - R:localhost/127.0.0.1:4795] for POST '/session/4ca056c52b83e54118c1132438e9a0cf/element'
07:39:48.599 [AsyncHttpClient-1-5] DEBUG org.asynchttpclient.netty.handler.HttpHandler - 

Request DefaultHttpRequest(decodeResult: success, version: HTTP/1.1)
POST /session/4ca056c52b83e54118c1132438e9a0cf/element HTTP/1.1
User-Agent: selenium/4.13.0 (java mac)
Content-Length: 71
Content-Type: application/json; charset=utf-8
host: localhost:4795
accept: */*

Response DefaultHttpResponse(decodeResult: success, version: HTTP/1.1)
HTTP/1.1 200 OK
Content-Length: 95
Content-Type: application/json; charset=utf-8
cache-control: no-cache

07:39:48.599 [AsyncHttpClient-1-5] DEBUG org.asynchttpclient.netty.channel.ChannelManager - Adding key: http://localhost:4795 for channel [id: 0xa7a28901, L:/127.0.0.1:50168 - R:localhost/127.0.0.1:4795]
07:39:48.601 [Forwarding isElementDisplayed on session 4ca056c52b83e54118c1132438e9a0cf to remote] DEBUG org.asynchttpclient.netty.request.NettyRequestSender - Using pooled Channel '[id: 0xa7a28901, L:/127.0.0.1:50168 - R:localhost/127.0.0.1:4795]' for 'POST' to 'http://localhost:4795/session/4ca056c52b83e54118c1132438e9a0cf/execute/sync'
07:39:48.601 [Forwarding isElementDisplayed on session 4ca056c52b83e54118c1132438e9a0cf to remote] DEBUG org.asynchttpclient.netty.request.NettyRequestSender - Using open Channel [id: 0xa7a28901, L:/127.0.0.1:50168 - R:localhost/127.0.0.1:4795] for POST '/session/4ca056c52b83e54118c1132438e9a0cf/execute/sync'
07:39:48.609 [AsyncHttpClient-1-5] DEBUG org.asynchttpclient.netty.handler.HttpHandler - 

Request DefaultHttpRequest(decodeResult: success, version: HTTP/1.1)
POST /session/4ca056c52b83e54118c1132438e9a0cf/execute/sync HTTP/1.1
User-Agent: selenium/4.13.0 (java mac)
Content-Length: 48814
Content-Type: application/json; charset=utf-8
host: localhost:4795
accept: */*

Response DefaultHttpResponse(decodeResult: success, version: HTTP/1.1)
HTTP/1.1 200 OK
Content-Length: 15
Content-Type: application/json; charset=utf-8
cache-control: no-cache

07:39:48.609 [AsyncHttpClient-1-5] DEBUG org.asynchttpclient.netty.channel.ChannelManager - Adding key: http://localhost:4795 for channel [id: 0xa7a28901, L:/127.0.0.1:50168 - R:localhost/127.0.0.1:4795]
07:39:49.115 [Forwarding findElement on session 4ca056c52b83e54118c1132438e9a0cf to remote] DEBUG org.asynchttpclient.netty.request.NettyRequestSender - Using pooled Channel '[id: 0xa7a28901, L:/127.0.0.1:50168 - R:localhost/127.0.0.1:4795]' for 'POST' to 'http://localhost:4795/session/4ca056c52b83e54118c1132438e9a0cf/element'
07:39:49.115 [Forwarding findElement on session 4ca056c52b83e54118c1132438e9a0cf to remote] DEBUG org.asynchttpclient.netty.request.NettyRequestSender - Using open Channel [id: 0xa7a28901, L:/127.0.0.1:50168 - R:localhost/127.0.0.1:4795] for POST '/session/4ca056c52b83e54118c1132438e9a0cf/element'
07:39:49.124 [AsyncHttpClient-1-5] DEBUG org.asynchttpclient.netty.handler.HttpHandler - 

Request DefaultHttpRequest(decodeResult: success, version: HTTP/1.1)
POST /session/4ca056c52b83e54118c1132438e9a0cf/element HTTP/1.1
User-Agent: selenium/4.13.0 (java mac)
Content-Length: 71
Content-Type: application/json; charset=utf-8
host: localhost:4795
accept: */*

Response DefaultHttpResponse(decodeResult: success, version: HTTP/1.1)
HTTP/1.1 200 OK
Content-Length: 95
Content-Type: application/json; charset=utf-8
cache-control: no-cache

07:39:49.124 [AsyncHttpClient-1-5] DEBUG org.asynchttpclient.netty.channel.ChannelManager - Adding key: http://localhost:4795 for channel [id: 0xa7a28901, L:/127.0.0.1:50168 - R:localhost/127.0.0.1:4795]
07:39:49.126 [Forwarding isElementDisplayed on session 4ca056c52b83e54118c1132438e9a0cf to remote] DEBUG org.asynchttpclient.netty.request.NettyRequestSender - Using pooled Channel '[id: 0xa7a28901, L:/127.0.0.1:50168 - R:localhost/127.0.0.1:4795]' for 'POST' to 'http://localhost:4795/session/4ca056c52b83e54118c1132438e9a0cf/execute/sync'
07:39:49.126 [Forwarding isElementDisplayed on session 4ca056c52b83e54118c1132438e9a0cf to remote] DEBUG org.asynchttpclient.netty.request.NettyRequestSender - Using open Channel [id: 0xa7a28901, L:/127.0.0.1:50168 - R:localhost/127.0.0.1:4795] for POST '/session/4ca056c52b83e54118c1132438e9a0cf/execute/sync'
07:39:49.134 [AsyncHttpClient-1-5] DEBUG org.asynchttpclient.netty.handler.HttpHandler - 

Request DefaultHttpRequest(decodeResult: success, version: HTTP/1.1)
POST /session/4ca056c52b83e54118c1132438e9a0cf/execute/sync HTTP/1.1
User-Agent: selenium/4.13.0 (java mac)
Content-Length: 48814
Content-Type: application/json; charset=utf-8
host: localhost:4795
accept: */*

Response DefaultHttpResponse(decodeResult: success, version: HTTP/1.1)
HTTP/1.1 200 OK
Content-Length: 15
Content-Type: application/json; charset=utf-8
cache-control: no-cache

07:39:49.134 [AsyncHttpClient-1-5] DEBUG org.asynchttpclient.netty.channel.ChannelManager - Adding key: http://localhost:4795 for channel [id: 0xa7a28901, L:/127.0.0.1:50168 - R:localhost/127.0.0.1:4795]
07:39:49.585 [AsyncHttpClient-1-1] DEBUG org.asynchttpclient.netty.channel.DefaultChannelPool - Entry count for : http://localhost:50169 : 1
07:39:49.586 [AsyncHttpClient-1-1] DEBUG org.asynchttpclient.netty.channel.DefaultChannelPool - Entry count for : http://localhost:4795 : 1
07:39:49.638 [Forwarding findElement on session 4ca056c52b83e54118c1132438e9a0cf to remote] DEBUG org.asynchttpclient.netty.request.NettyRequestSender - Using pooled Channel '[id: 0xa7a28901, L:/127.0.0.1:50168 - R:localhost/127.0.0.1:4795]' for 'POST' to 'http://localhost:4795/session/4ca056c52b83e54118c1132438e9a0cf/element'
07:39:49.638 [Forwarding findElement on session 4ca056c52b83e54118c1132438e9a0cf to remote] DEBUG org.asynchttpclient.netty.request.NettyRequestSender - Using open Channel [id: 0xa7a28901, L:/127.0.0.1:50168 - R:localhost/127.0.0.1:4795] for POST '/session/4ca056c52b83e54118c1132438e9a0cf/element'
07:39:49.646 [AsyncHttpClient-1-5] DEBUG org.asynchttpclient.netty.handler.HttpHandler - 

Request DefaultHttpRequest(decodeResult: success, version: HTTP/1.1)
POST /session/4ca056c52b83e54118c1132438e9a0cf/element HTTP/1.1
User-Agent: selenium/4.13.0 (java mac)
Content-Length: 71
Content-Type: application/json; charset=utf-8
host: localhost:4795
accept: */*

Response DefaultHttpResponse(decodeResult: success, version: HTTP/1.1)
HTTP/1.1 200 OK
Content-Length: 95
Content-Type: application/json; charset=utf-8
cache-control: no-cache

07:39:49.647 [AsyncHttpClient-1-5] DEBUG org.asynchttpclient.netty.channel.ChannelManager - Adding key: http://localhost:4795 for channel [id: 0xa7a28901, L:/127.0.0.1:50168 - R:localhost/127.0.0.1:4795]
07:39:49.649 [Forwarding isElementDisplayed on session 4ca056c52b83e54118c1132438e9a0cf to remote] DEBUG org.asynchttpclient.netty.request.NettyRequestSender - Using pooled Channel '[id: 0xa7a28901, L:/127.0.0.1:50168 - R:localhost/127.0.0.1:4795]' for 'POST' to 'http://localhost:4795/session/4ca056c52b83e54118c1132438e9a0cf/execute/sync'
07:39:49.649 [Forwarding isElementDisplayed on session 4ca056c52b83e54118c1132438e9a0cf to remote] DEBUG org.asynchttpclient.netty.request.NettyRequestSender - Using open Channel [id: 0xa7a28901, L:/127.0.0.1:50168 - R:localhost/127.0.0.1:4795] for POST '/session/4ca056c52b83e54118c1132438e9a0cf/execute/sync'
07:39:49.656 [AsyncHttpClient-1-5] DEBUG org.asynchttpclient.netty.handler.HttpHandler - 

Request DefaultHttpRequest(decodeResult: success, version: HTTP/1.1)
POST /session/4ca056c52b83e54118c1132438e9a0cf/execute/sync HTTP/1.1
User-Agent: selenium/4.13.0 (java mac)
Content-Length: 48814
Content-Type: application/json; charset=utf-8
host: localhost:4795
accept: */*

Response DefaultHttpResponse(decodeResult: success, version: HTTP/1.1)
HTTP/1.1 200 OK
Content-Length: 15
Content-Type: application/json; charset=utf-8
cache-control: no-cache

07:39:49.656 [AsyncHttpClient-1-5] DEBUG org.asynchttpclient.netty.channel.ChannelManager - Adding key: http://localhost:4795 for channel [id: 0xa7a28901, L:/127.0.0.1:50168 - R:localhost/127.0.0.1:4795]
07:39:50.162 [Forwarding findElement on session 4ca056c52b83e54118c1132438e9a0cf to remote] DEBUG org.asynchttpclient.netty.request.NettyRequestSender - Using pooled Channel '[id: 0xa7a28901, L:/127.0.0.1:50168 - R:localhost/127.0.0.1:4795]' for 'POST' to 'http://localhost:4795/session/4ca056c52b83e54118c1132438e9a0cf/element'
07:39:50.162 [Forwarding findElement on session 4ca056c52b83e54118c1132438e9a0cf to remote] DEBUG org.asynchttpclient.netty.request.NettyRequestSender - Using open Channel [id: 0xa7a28901, L:/127.0.0.1:50168 - R:localhost/127.0.0.1:4795] for POST '/session/4ca056c52b83e54118c1132438e9a0cf/element'
07:39:50.171 [AsyncHttpClient-1-5] DEBUG org.asynchttpclient.netty.handler.HttpHandler - 

Request DefaultHttpRequest(decodeResult: success, version: HTTP/1.1)
POST /session/4ca056c52b83e54118c1132438e9a0cf/element HTTP/1.1
User-Agent: selenium/4.13.0 (java mac)
Content-Length: 71
Content-Type: application/json; charset=utf-8
host: localhost:4795
accept: */*

Response DefaultHttpResponse(decodeResult: success, version: HTTP/1.1)
HTTP/1.1 200 OK
Content-Length: 95
Content-Type: application/json; charset=utf-8
cache-control: no-cache

07:39:50.171 [AsyncHttpClient-1-5] DEBUG org.asynchttpclient.netty.channel.ChannelManager - Adding key: http://localhost:4795 for channel [id: 0xa7a28901, L:/127.0.0.1:50168 - R:localhost/127.0.0.1:4795]
07:39:50.173 [Forwarding isElementDisplayed on session 4ca056c52b83e54118c1132438e9a0cf to remote] DEBUG org.asynchttpclient.netty.request.NettyRequestSender - Using pooled Channel '[id: 0xa7a28901, L:/127.0.0.1:50168 - R:localhost/127.0.0.1:4795]' for 'POST' to 'http://localhost:4795/session/4ca056c52b83e54118c1132438e9a0cf/execute/sync'
07:39:50.173 [Forwarding isElementDisplayed on session 4ca056c52b83e54118c1132438e9a0cf to remote] DEBUG org.asynchttpclient.netty.request.NettyRequestSender - Using open Channel [id: 0xa7a28901, L:/127.0.0.1:50168 - R:localhost/127.0.0.1:4795] for POST '/session/4ca056c52b83e54118c1132438e9a0cf/execute/sync'
07:39:50.181 [AsyncHttpClient-1-5] DEBUG org.asynchttpclient.netty.handler.HttpHandler - 

Request DefaultHttpRequest(decodeResult: success, version: HTTP/1.1)
POST /session/4ca056c52b83e54118c1132438e9a0cf/execute/sync HTTP/1.1
User-Agent: selenium/4.13.0 (java mac)
Content-Length: 48814
Content-Type: application/json; charset=utf-8
host: localhost:4795
accept: */*

Response DefaultHttpResponse(decodeResult: success, version: HTTP/1.1)
HTTP/1.1 200 OK
Content-Length: 15
Content-Type: application/json; charset=utf-8
cache-control: no-cache

07:39:50.181 [AsyncHttpClient-1-5] DEBUG org.asynchttpclient.netty.channel.ChannelManager - Adding key: http://localhost:4795 for channel [id: 0xa7a28901, L:/127.0.0.1:50168 - R:localhost/127.0.0.1:4795]
07:39:50.683 [AsyncHttpClient-1-1] DEBUG org.asynchttpclient.netty.channel.DefaultChannelPool - Entry count for : http://localhost:50169 : 1
07:39:50.683 [AsyncHttpClient-1-1] DEBUG org.asynchttpclient.netty.channel.DefaultChannelPool - Entry count for : http://localhost:4795 : 1
07:39:50.684 [Forwarding findElement on session 4ca056c52b83e54118c1132438e9a0cf to remote] DEBUG org.asynchttpclient.netty.request.NettyRequestSender - Using pooled Channel '[id: 0xa7a28901, L:/127.0.0.1:50168 - R:localhost/127.0.0.1:4795]' for 'POST' to 'http://localhost:4795/session/4ca056c52b83e54118c1132438e9a0cf/element'
07:39:50.684 [Forwarding findElement on session 4ca056c52b83e54118c1132438e9a0cf to remote] DEBUG org.asynchttpclient.netty.request.NettyRequestSender - Using open Channel [id: 0xa7a28901, L:/127.0.0.1:50168 - R:localhost/127.0.0.1:4795] for POST '/session/4ca056c52b83e54118c1132438e9a0cf/element'
07:39:50.693 [AsyncHttpClient-1-5] DEBUG org.asynchttpclient.netty.handler.HttpHandler - 

Request DefaultHttpRequest(decodeResult: success, version: HTTP/1.1)
POST /session/4ca056c52b83e54118c1132438e9a0cf/element HTTP/1.1
User-Agent: selenium/4.13.0 (java mac)
Content-Length: 71
Content-Type: application/json; charset=utf-8
host: localhost:4795
accept: */*

Response DefaultHttpResponse(decodeResult: success, version: HTTP/1.1)
HTTP/1.1 200 OK
Content-Length: 95
Content-Type: application/json; charset=utf-8
cache-control: no-cache

07:39:50.693 [AsyncHttpClient-1-5] DEBUG org.asynchttpclient.netty.channel.ChannelManager - Adding key: http://localhost:4795 for channel [id: 0xa7a28901, L:/127.0.0.1:50168 - R:localhost/127.0.0.1:4795]
07:39:50.696 [Forwarding isElementDisplayed on session 4ca056c52b83e54118c1132438e9a0cf to remote] DEBUG org.asynchttpclient.netty.request.NettyRequestSender - Using pooled Channel '[id: 0xa7a28901, L:/127.0.0.1:50168 - R:localhost/127.0.0.1:4795]' for 'POST' to 'http://localhost:4795/session/4ca056c52b83e54118c1132438e9a0cf/execute/sync'
07:39:50.696 [Forwarding isElementDisplayed on session 4ca056c52b83e54118c1132438e9a0cf to remote] DEBUG org.asynchttpclient.netty.request.NettyRequestSender - Using open Channel [id: 0xa7a28901, L:/127.0.0.1:50168 - R:localhost/127.0.0.1:4795] for POST '/session/4ca056c52b83e54118c1132438e9a0cf/execute/sync'
07:39:50.703 [AsyncHttpClient-1-5] DEBUG org.asynchttpclient.netty.handler.HttpHandler - 

Request DefaultHttpRequest(decodeResult: success, version: HTTP/1.1)
POST /session/4ca056c52b83e54118c1132438e9a0cf/execute/sync HTTP/1.1
User-Agent: selenium/4.13.0 (java mac)
Content-Length: 48814
Content-Type: application/json; charset=utf-8
host: localhost:4795
accept: */*

Response DefaultHttpResponse(decodeResult: success, version: HTTP/1.1)
HTTP/1.1 200 OK
Content-Length: 15
Content-Type: application/json; charset=utf-8
cache-control: no-cache

07:39:50.704 [AsyncHttpClient-1-5] DEBUG org.asynchttpclient.netty.channel.ChannelManager - Adding key: http://localhost:4795 for channel [id: 0xa7a28901, L:/127.0.0.1:50168 - R:localhost/127.0.0.1:4795]
07:39:51.208 [Forwarding findElement on session 4ca056c52b83e54118c1132438e9a0cf to remote] DEBUG org.asynchttpclient.netty.request.NettyRequestSender - Using pooled Channel '[id: 0xa7a28901, L:/127.0.0.1:50168 - R:localhost/127.0.0.1:4795]' for 'POST' to 'http://localhost:4795/session/4ca056c52b83e54118c1132438e9a0cf/element'
07:39:51.209 [Forwarding findElement on session 4ca056c52b83e54118c1132438e9a0cf to remote] DEBUG org.asynchttpclient.netty.request.NettyRequestSender - Using open Channel [id: 0xa7a28901, L:/127.0.0.1:50168 - R:localhost/127.0.0.1:4795] for POST '/session/4ca056c52b83e54118c1132438e9a0cf/element'
07:39:51.217 [AsyncHttpClient-1-5] DEBUG org.asynchttpclient.netty.handler.HttpHandler - 

Request DefaultHttpRequest(decodeResult: success, version: HTTP/1.1)
POST /session/4ca056c52b83e54118c1132438e9a0cf/element HTTP/1.1
User-Agent: selenium/4.13.0 (java mac)
Content-Length: 71
Content-Type: application/json; charset=utf-8
host: localhost:4795
accept: */*

Response DefaultHttpResponse(decodeResult: success, version: HTTP/1.1)
HTTP/1.1 200 OK
Content-Length: 95
Content-Type: application/json; charset=utf-8
cache-control: no-cache

07:39:51.217 [AsyncHttpClient-1-5] DEBUG org.asynchttpclient.netty.channel.ChannelManager - Adding key: http://localhost:4795 for channel [id: 0xa7a28901, L:/127.0.0.1:50168 - R:localhost/127.0.0.1:4795]
07:39:51.220 [Forwarding isElementDisplayed on session 4ca056c52b83e54118c1132438e9a0cf to remote] DEBUG org.asynchttpclient.netty.request.NettyRequestSender - Using pooled Channel '[id: 0xa7a28901, L:/127.0.0.1:50168 - R:localhost/127.0.0.1:4795]' for 'POST' to 'http://localhost:4795/session/4ca056c52b83e54118c1132438e9a0cf/execute/sync'
07:39:51.220 [Forwarding isElementDisplayed on session 4ca056c52b83e54118c1132438e9a0cf to remote] DEBUG org.asynchttpclient.netty.request.NettyRequestSender - Using open Channel [id: 0xa7a28901, L:/127.0.0.1:50168 - R:localhost/127.0.0.1:4795] for POST '/session/4ca056c52b83e54118c1132438e9a0cf/execute/sync'
07:39:51.227 [AsyncHttpClient-1-5] DEBUG org.asynchttpclient.netty.handler.HttpHandler - 

Request DefaultHttpRequest(decodeResult: success, version: HTTP/1.1)
POST /session/4ca056c52b83e54118c1132438e9a0cf/execute/sync HTTP/1.1
User-Agent: selenium/4.13.0 (java mac)
Content-Length: 48814
Content-Type: application/json; charset=utf-8
host: localhost:4795
accept: */*

Response DefaultHttpResponse(decodeResult: success, version: HTTP/1.1)
HTTP/1.1 200 OK
Content-Length: 15
Content-Type: application/json; charset=utf-8
cache-control: no-cache

07:39:51.227 [AsyncHttpClient-1-5] DEBUG org.asynchttpclient.netty.channel.ChannelManager - Adding key: http://localhost:4795 for channel [id: 0xa7a28901, L:/127.0.0.1:50168 - R:localhost/127.0.0.1:4795]
07:39:51.734 [Forwarding findElement on session 4ca056c52b83e54118c1132438e9a0cf to remote] DEBUG org.asynchttpclient.netty.request.NettyRequestSender - Using pooled Channel '[id: 0xa7a28901, L:/127.0.0.1:50168 - R:localhost/127.0.0.1:4795]' for 'POST' to 'http://localhost:4795/session/4ca056c52b83e54118c1132438e9a0cf/element'
07:39:51.734 [Forwarding findElement on session 4ca056c52b83e54118c1132438e9a0cf to remote] DEBUG org.asynchttpclient.netty.request.NettyRequestSender - Using open Channel [id: 0xa7a28901, L:/127.0.0.1:50168 - R:localhost/127.0.0.1:4795] for POST '/session/4ca056c52b83e54118c1132438e9a0cf/element'
07:39:51.743 [AsyncHttpClient-1-5] DEBUG org.asynchttpclient.netty.handler.HttpHandler - 

Request DefaultHttpRequest(decodeResult: success, version: HTTP/1.1)
POST /session/4ca056c52b83e54118c1132438e9a0cf/element HTTP/1.1
User-Agent: selenium/4.13.0 (java mac)
Content-Length: 71
Content-Type: application/json; charset=utf-8
host: localhost:4795
accept: */*

Response DefaultHttpResponse(decodeResult: success, version: HTTP/1.1)
HTTP/1.1 200 OK
Content-Length: 95
Content-Type: application/json; charset=utf-8
cache-control: no-cache

07:39:51.743 [AsyncHttpClient-1-5] DEBUG org.asynchttpclient.netty.channel.ChannelManager - Adding key: http://localhost:4795 for channel [id: 0xa7a28901, L:/127.0.0.1:50168 - R:localhost/127.0.0.1:4795]
07:39:51.745 [Forwarding isElementDisplayed on session 4ca056c52b83e54118c1132438e9a0cf to remote] DEBUG org.asynchttpclient.netty.request.NettyRequestSender - Using pooled Channel '[id: 0xa7a28901, L:/127.0.0.1:50168 - R:localhost/127.0.0.1:4795]' for 'POST' to 'http://localhost:4795/session/4ca056c52b83e54118c1132438e9a0cf/execute/sync'
07:39:51.745 [Forwarding isElementDisplayed on session 4ca056c52b83e54118c1132438e9a0cf to remote] DEBUG org.asynchttpclient.netty.request.NettyRequestSender - Using open Channel [id: 0xa7a28901, L:/127.0.0.1:50168 - R:localhost/127.0.0.1:4795] for POST '/session/4ca056c52b83e54118c1132438e9a0cf/execute/sync'
07:39:51.753 [AsyncHttpClient-1-5] DEBUG org.asynchttpclient.netty.handler.HttpHandler - 

Request DefaultHttpRequest(decodeResult: success, version: HTTP/1.1)
POST /session/4ca056c52b83e54118c1132438e9a0cf/execute/sync HTTP/1.1
User-Agent: selenium/4.13.0 (java mac)
Content-Length: 48814
Content-Type: application/json; charset=utf-8
host: localhost:4795
accept: */*

Response DefaultHttpResponse(decodeResult: success, version: HTTP/1.1)
HTTP/1.1 200 OK
Content-Length: 15
Content-Type: application/json; charset=utf-8
cache-control: no-cache

07:39:51.753 [AsyncHttpClient-1-5] DEBUG org.asynchttpclient.netty.channel.ChannelManager - Adding key: http://localhost:4795 for channel [id: 0xa7a28901, L:/127.0.0.1:50168 - R:localhost/127.0.0.1:4795]
07:39:51.783 [AsyncHttpClient-1-1] DEBUG org.asynchttpclient.netty.channel.DefaultChannelPool - Entry count for : http://localhost:50169 : 1
07:39:51.783 [AsyncHttpClient-1-1] DEBUG org.asynchttpclient.netty.channel.DefaultChannelPool - Entry count for : http://localhost:4795 : 1
07:39:52.257 [Forwarding findElement on session 4ca056c52b83e54118c1132438e9a0cf to remote] DEBUG org.asynchttpclient.netty.request.NettyRequestSender - Using pooled Channel '[id: 0xa7a28901, L:/127.0.0.1:50168 - R:localhost/127.0.0.1:4795]' for 'POST' to 'http://localhost:4795/session/4ca056c52b83e54118c1132438e9a0cf/element'
07:39:52.257 [Forwarding findElement on session 4ca056c52b83e54118c1132438e9a0cf to remote] DEBUG org.asynchttpclient.netty.request.NettyRequestSender - Using open Channel [id: 0xa7a28901, L:/127.0.0.1:50168 - R:localhost/127.0.0.1:4795] for POST '/session/4ca056c52b83e54118c1132438e9a0cf/element'
07:39:52.266 [AsyncHttpClient-1-5] DEBUG org.asynchttpclient.netty.handler.HttpHandler - 

Request DefaultHttpRequest(decodeResult: success, version: HTTP/1.1)
POST /session/4ca056c52b83e54118c1132438e9a0cf/element HTTP/1.1
User-Agent: selenium/4.13.0 (java mac)
Content-Length: 71
Content-Type: application/json; charset=utf-8
host: localhost:4795
accept: */*

Response DefaultHttpResponse(decodeResult: success, version: HTTP/1.1)
HTTP/1.1 200 OK
Content-Length: 95
Content-Type: application/json; charset=utf-8
cache-control: no-cache

07:39:52.267 [AsyncHttpClient-1-5] DEBUG org.asynchttpclient.netty.channel.ChannelManager - Adding key: http://localhost:4795 for channel [id: 0xa7a28901, L:/127.0.0.1:50168 - R:localhost/127.0.0.1:4795]
07:39:52.269 [Forwarding isElementDisplayed on session 4ca056c52b83e54118c1132438e9a0cf to remote] DEBUG org.asynchttpclient.netty.request.NettyRequestSender - Using pooled Channel '[id: 0xa7a28901, L:/127.0.0.1:50168 - R:localhost/127.0.0.1:4795]' for 'POST' to 'http://localhost:4795/session/4ca056c52b83e54118c1132438e9a0cf/execute/sync'
07:39:52.269 [Forwarding isElementDisplayed on session 4ca056c52b83e54118c1132438e9a0cf to remote] DEBUG org.asynchttpclient.netty.request.NettyRequestSender - Using open Channel [id: 0xa7a28901, L:/127.0.0.1:50168 - R:localhost/127.0.0.1:4795] for POST '/session/4ca056c52b83e54118c1132438e9a0cf/execute/sync'
07:39:52.276 [AsyncHttpClient-1-5] DEBUG org.asynchttpclient.netty.handler.HttpHandler - 

Request DefaultHttpRequest(decodeResult: success, version: HTTP/1.1)
POST /session/4ca056c52b83e54118c1132438e9a0cf/execute/sync HTTP/1.1
User-Agent: selenium/4.13.0 (java mac)
Content-Length: 48814
Content-Type: application/json; charset=utf-8
host: localhost:4795
accept: */*

Response DefaultHttpResponse(decodeResult: success, version: HTTP/1.1)
HTTP/1.1 200 OK
Content-Length: 15
Content-Type: application/json; charset=utf-8
cache-control: no-cache

07:39:52.277 [AsyncHttpClient-1-5] DEBUG org.asynchttpclient.netty.channel.ChannelManager - Adding key: http://localhost:4795 for channel [id: 0xa7a28901, L:/127.0.0.1:50168 - R:localhost/127.0.0.1:4795]
07:39:52.782 [Forwarding findElement on session 4ca056c52b83e54118c1132438e9a0cf to remote] DEBUG org.asynchttpclient.netty.request.NettyRequestSender - Using pooled Channel '[id: 0xa7a28901, L:/127.0.0.1:50168 - R:localhost/127.0.0.1:4795]' for 'POST' to 'http://localhost:4795/session/4ca056c52b83e54118c1132438e9a0cf/element'
07:39:52.782 [Forwarding findElement on session 4ca056c52b83e54118c1132438e9a0cf to remote] DEBUG org.asynchttpclient.netty.request.NettyRequestSender - Using open Channel [id: 0xa7a28901, L:/127.0.0.1:50168 - R:localhost/127.0.0.1:4795] for POST '/session/4ca056c52b83e54118c1132438e9a0cf/element'
07:39:52.791 [AsyncHttpClient-1-5] DEBUG org.asynchttpclient.netty.handler.HttpHandler - 

Request DefaultHttpRequest(decodeResult: success, version: HTTP/1.1)
POST /session/4ca056c52b83e54118c1132438e9a0cf/element HTTP/1.1
User-Agent: selenium/4.13.0 (java mac)
Content-Length: 71
Content-Type: application/json; charset=utf-8
host: localhost:4795
accept: */*

Response DefaultHttpResponse(decodeResult: success, version: HTTP/1.1)
HTTP/1.1 200 OK
Content-Length: 95
Content-Type: application/json; charset=utf-8
cache-control: no-cache

07:39:52.792 [AsyncHttpClient-1-5] DEBUG org.asynchttpclient.netty.channel.ChannelManager - Adding key: http://localhost:4795 for channel [id: 0xa7a28901, L:/127.0.0.1:50168 - R:localhost/127.0.0.1:4795]
07:39:52.794 [Forwarding isElementDisplayed on session 4ca056c52b83e54118c1132438e9a0cf to remote] DEBUG org.asynchttpclient.netty.request.NettyRequestSender - Using pooled Channel '[id: 0xa7a28901, L:/127.0.0.1:50168 - R:localhost/127.0.0.1:4795]' for 'POST' to 'http://localhost:4795/session/4ca056c52b83e54118c1132438e9a0cf/execute/sync'
07:39:52.794 [Forwarding isElementDisplayed on session 4ca056c52b83e54118c1132438e9a0cf to remote] DEBUG org.asynchttpclient.netty.request.NettyRequestSender - Using open Channel [id: 0xa7a28901, L:/127.0.0.1:50168 - R:localhost/127.0.0.1:4795] for POST '/session/4ca056c52b83e54118c1132438e9a0cf/execute/sync'
07:39:52.801 [AsyncHttpClient-1-5] DEBUG org.asynchttpclient.netty.handler.HttpHandler - 

Request DefaultHttpRequest(decodeResult: success, version: HTTP/1.1)
POST /session/4ca056c52b83e54118c1132438e9a0cf/execute/sync HTTP/1.1
User-Agent: selenium/4.13.0 (java mac)
Content-Length: 48814
Content-Type: application/json; charset=utf-8
host: localhost:4795
accept: */*

Response DefaultHttpResponse(decodeResult: success, version: HTTP/1.1)
HTTP/1.1 200 OK
Content-Length: 15
Content-Type: application/json; charset=utf-8
cache-control: no-cache

07:39:52.801 [AsyncHttpClient-1-5] DEBUG org.asynchttpclient.netty.channel.ChannelManager - Adding key: http://localhost:4795 for channel [id: 0xa7a28901, L:/127.0.0.1:50168 - R:localhost/127.0.0.1:4795]
07:39:52.883 [AsyncHttpClient-1-1] DEBUG org.asynchttpclient.netty.channel.DefaultChannelPool - Entry count for : http://localhost:50169 : 1
07:39:52.883 [AsyncHttpClient-1-1] DEBUG org.asynchttpclient.netty.channel.DefaultChannelPool - Entry count for : http://localhost:4795 : 1
07:39:53.306 [Forwarding findElement on session 4ca056c52b83e54118c1132438e9a0cf to remote] DEBUG org.asynchttpclient.netty.request.NettyRequestSender - Using pooled Channel '[id: 0xa7a28901, L:/127.0.0.1:50168 - R:localhost/127.0.0.1:4795]' for 'POST' to 'http://localhost:4795/session/4ca056c52b83e54118c1132438e9a0cf/element'
07:39:53.306 [Forwarding findElement on session 4ca056c52b83e54118c1132438e9a0cf to remote] DEBUG org.asynchttpclient.netty.request.NettyRequestSender - Using open Channel [id: 0xa7a28901, L:/127.0.0.1:50168 - R:localhost/127.0.0.1:4795] for POST '/session/4ca056c52b83e54118c1132438e9a0cf/element'
07:39:53.315 [AsyncHttpClient-1-5] DEBUG org.asynchttpclient.netty.handler.HttpHandler - 

Request DefaultHttpRequest(decodeResult: success, version: HTTP/1.1)
POST /session/4ca056c52b83e54118c1132438e9a0cf/element HTTP/1.1
User-Agent: selenium/4.13.0 (java mac)
Content-Length: 71
Content-Type: application/json; charset=utf-8
host: localhost:4795
accept: */*

Response DefaultHttpResponse(decodeResult: success, version: HTTP/1.1)
HTTP/1.1 200 OK
Content-Length: 95
Content-Type: application/json; charset=utf-8
cache-control: no-cache

07:39:53.315 [AsyncHttpClient-1-5] DEBUG org.asynchttpclient.netty.channel.ChannelManager - Adding key: http://localhost:4795 for channel [id: 0xa7a28901, L:/127.0.0.1:50168 - R:localhost/127.0.0.1:4795]
07:39:53.317 [Forwarding isElementDisplayed on session 4ca056c52b83e54118c1132438e9a0cf to remote] DEBUG org.asynchttpclient.netty.request.NettyRequestSender - Using pooled Channel '[id: 0xa7a28901, L:/127.0.0.1:50168 - R:localhost/127.0.0.1:4795]' for 'POST' to 'http://localhost:4795/session/4ca056c52b83e54118c1132438e9a0cf/execute/sync'
07:39:53.317 [Forwarding isElementDisplayed on session 4ca056c52b83e54118c1132438e9a0cf to remote] DEBUG org.asynchttpclient.netty.request.NettyRequestSender - Using open Channel [id: 0xa7a28901, L:/127.0.0.1:50168 - R:localhost/127.0.0.1:4795] for POST '/session/4ca056c52b83e54118c1132438e9a0cf/execute/sync'
07:39:53.325 [AsyncHttpClient-1-5] DEBUG org.asynchttpclient.netty.handler.HttpHandler - 

Request DefaultHttpRequest(decodeResult: success, version: HTTP/1.1)
POST /session/4ca056c52b83e54118c1132438e9a0cf/execute/sync HTTP/1.1
User-Agent: selenium/4.13.0 (java mac)
Content-Length: 48814
Content-Type: application/json; charset=utf-8
host: localhost:4795
accept: */*

Response DefaultHttpResponse(decodeResult: success, version: HTTP/1.1)
HTTP/1.1 200 OK
Content-Length: 15
Content-Type: application/json; charset=utf-8
cache-control: no-cache

07:39:53.325 [AsyncHttpClient-1-5] DEBUG org.asynchttpclient.netty.channel.ChannelManager - Adding key: http://localhost:4795 for channel [id: 0xa7a28901, L:/127.0.0.1:50168 - R:localhost/127.0.0.1:4795]
07:39:53.831 [Forwarding findElement on session 4ca056c52b83e54118c1132438e9a0cf to remote] DEBUG org.asynchttpclient.netty.request.NettyRequestSender - Using pooled Channel '[id: 0xa7a28901, L:/127.0.0.1:50168 - R:localhost/127.0.0.1:4795]' for 'POST' to 'http://localhost:4795/session/4ca056c52b83e54118c1132438e9a0cf/element'
07:39:53.832 [Forwarding findElement on session 4ca056c52b83e54118c1132438e9a0cf to remote] DEBUG org.asynchttpclient.netty.request.NettyRequestSender - Using open Channel [id: 0xa7a28901, L:/127.0.0.1:50168 - R:localhost/127.0.0.1:4795] for POST '/session/4ca056c52b83e54118c1132438e9a0cf/element'
07:39:53.840 [AsyncHttpClient-1-5] DEBUG org.asynchttpclient.netty.handler.HttpHandler - 

Request DefaultHttpRequest(decodeResult: success, version: HTTP/1.1)
POST /session/4ca056c52b83e54118c1132438e9a0cf/element HTTP/1.1
User-Agent: selenium/4.13.0 (java mac)
Content-Length: 71
Content-Type: application/json; charset=utf-8
host: localhost:4795
accept: */*

Response DefaultHttpResponse(decodeResult: success, version: HTTP/1.1)
HTTP/1.1 200 OK
Content-Length: 95
Content-Type: application/json; charset=utf-8
cache-control: no-cache

07:39:53.841 [AsyncHttpClient-1-5] DEBUG org.asynchttpclient.netty.channel.ChannelManager - Adding key: http://localhost:4795 for channel [id: 0xa7a28901, L:/127.0.0.1:50168 - R:localhost/127.0.0.1:4795]
07:39:53.843 [Forwarding isElementDisplayed on session 4ca056c52b83e54118c1132438e9a0cf to remote] DEBUG org.asynchttpclient.netty.request.NettyRequestSender - Using pooled Channel '[id: 0xa7a28901, L:/127.0.0.1:50168 - R:localhost/127.0.0.1:4795]' for 'POST' to 'http://localhost:4795/session/4ca056c52b83e54118c1132438e9a0cf/execute/sync'
07:39:53.843 [Forwarding isElementDisplayed on session 4ca056c52b83e54118c1132438e9a0cf to remote] DEBUG org.asynchttpclient.netty.request.NettyRequestSender - Using open Channel [id: 0xa7a28901, L:/127.0.0.1:50168 - R:localhost/127.0.0.1:4795] for POST '/session/4ca056c52b83e54118c1132438e9a0cf/execute/sync'
07:39:53.850 [AsyncHttpClient-1-5] DEBUG org.asynchttpclient.netty.handler.HttpHandler - 

Request DefaultHttpRequest(decodeResult: success, version: HTTP/1.1)
POST /session/4ca056c52b83e54118c1132438e9a0cf/execute/sync HTTP/1.1
User-Agent: selenium/4.13.0 (java mac)
Content-Length: 48814
Content-Type: application/json; charset=utf-8
host: localhost:4795
accept: */*

Response DefaultHttpResponse(decodeResult: success, version: HTTP/1.1)
HTTP/1.1 200 OK
Content-Length: 15
Content-Type: application/json; charset=utf-8
cache-control: no-cache

07:39:53.850 [AsyncHttpClient-1-5] DEBUG org.asynchttpclient.netty.channel.ChannelManager - Adding key: http://localhost:4795 for channel [id: 0xa7a28901, L:/127.0.0.1:50168 - R:localhost/127.0.0.1:4795]
07:39:53.985 [AsyncHttpClient-1-1] DEBUG org.asynchttpclient.netty.channel.DefaultChannelPool - Entry count for : http://localhost:50169 : 1
07:39:53.985 [AsyncHttpClient-1-1] DEBUG org.asynchttpclient.netty.channel.DefaultChannelPool - Entry count for : http://localhost:4795 : 1
07:39:54.353 [Forwarding findElement on session 4ca056c52b83e54118c1132438e9a0cf to remote] DEBUG org.asynchttpclient.netty.request.NettyRequestSender - Using pooled Channel '[id: 0xa7a28901, L:/127.0.0.1:50168 - R:localhost/127.0.0.1:4795]' for 'POST' to 'http://localhost:4795/session/4ca056c52b83e54118c1132438e9a0cf/element'
07:39:54.353 [Forwarding findElement on session 4ca056c52b83e54118c1132438e9a0cf to remote] DEBUG org.asynchttpclient.netty.request.NettyRequestSender - Using open Channel [id: 0xa7a28901, L:/127.0.0.1:50168 - R:localhost/127.0.0.1:4795] for POST '/session/4ca056c52b83e54118c1132438e9a0cf/element'
07:39:54.362 [AsyncHttpClient-1-5] DEBUG org.asynchttpclient.netty.handler.HttpHandler - 

Request DefaultHttpRequest(decodeResult: success, version: HTTP/1.1)
POST /session/4ca056c52b83e54118c1132438e9a0cf/element HTTP/1.1
User-Agent: selenium/4.13.0 (java mac)
Content-Length: 71
Content-Type: application/json; charset=utf-8
host: localhost:4795
accept: */*

Response DefaultHttpResponse(decodeResult: success, version: HTTP/1.1)
HTTP/1.1 200 OK
Content-Length: 95
Content-Type: application/json; charset=utf-8
cache-control: no-cache

07:39:54.362 [AsyncHttpClient-1-5] DEBUG org.asynchttpclient.netty.channel.ChannelManager - Adding key: http://localhost:4795 for channel [id: 0xa7a28901, L:/127.0.0.1:50168 - R:localhost/127.0.0.1:4795]
07:39:54.364 [Forwarding isElementDisplayed on session 4ca056c52b83e54118c1132438e9a0cf to remote] DEBUG org.asynchttpclient.netty.request.NettyRequestSender - Using pooled Channel '[id: 0xa7a28901, L:/127.0.0.1:50168 - R:localhost/127.0.0.1:4795]' for 'POST' to 'http://localhost:4795/session/4ca056c52b83e54118c1132438e9a0cf/execute/sync'
07:39:54.364 [Forwarding isElementDisplayed on session 4ca056c52b83e54118c1132438e9a0cf to remote] DEBUG org.asynchttpclient.netty.request.NettyRequestSender - Using open Channel [id: 0xa7a28901, L:/127.0.0.1:50168 - R:localhost/127.0.0.1:4795] for POST '/session/4ca056c52b83e54118c1132438e9a0cf/execute/sync'
07:39:54.372 [AsyncHttpClient-1-5] DEBUG org.asynchttpclient.netty.handler.HttpHandler - 

Request DefaultHttpRequest(decodeResult: success, version: HTTP/1.1)
POST /session/4ca056c52b83e54118c1132438e9a0cf/execute/sync HTTP/1.1
User-Agent: selenium/4.13.0 (java mac)
Content-Length: 48814
Content-Type: application/json; charset=utf-8
host: localhost:4795
accept: */*

Response DefaultHttpResponse(decodeResult: success, version: HTTP/1.1)
HTTP/1.1 200 OK
Content-Length: 15
Content-Type: application/json; charset=utf-8
cache-control: no-cache

07:39:54.372 [AsyncHttpClient-1-5] DEBUG org.asynchttpclient.netty.channel.ChannelManager - Adding key: http://localhost:4795 for channel [id: 0xa7a28901, L:/127.0.0.1:50168 - R:localhost/127.0.0.1:4795]
07:39:54.878 [Forwarding findElement on session 4ca056c52b83e54118c1132438e9a0cf to remote] DEBUG org.asynchttpclient.netty.request.NettyRequestSender - Using pooled Channel '[id: 0xa7a28901, L:/127.0.0.1:50168 - R:localhost/127.0.0.1:4795]' for 'POST' to 'http://localhost:4795/session/4ca056c52b83e54118c1132438e9a0cf/element'
07:39:54.878 [Forwarding findElement on session 4ca056c52b83e54118c1132438e9a0cf to remote] DEBUG org.asynchttpclient.netty.request.NettyRequestSender - Using open Channel [id: 0xa7a28901, L:/127.0.0.1:50168 - R:localhost/127.0.0.1:4795] for POST '/session/4ca056c52b83e54118c1132438e9a0cf/element'
07:39:54.886 [AsyncHttpClient-1-5] DEBUG org.asynchttpclient.netty.handler.HttpHandler - 

Request DefaultHttpRequest(decodeResult: success, version: HTTP/1.1)
POST /session/4ca056c52b83e54118c1132438e9a0cf/element HTTP/1.1
User-Agent: selenium/4.13.0 (java mac)
Content-Length: 71
Content-Type: application/json; charset=utf-8
host: localhost:4795
accept: */*

Response DefaultHttpResponse(decodeResult: success, version: HTTP/1.1)
HTTP/1.1 200 OK
Content-Length: 95
Content-Type: application/json; charset=utf-8
cache-control: no-cache

07:39:54.886 [AsyncHttpClient-1-5] DEBUG org.asynchttpclient.netty.channel.ChannelManager - Adding key: http://localhost:4795 for channel [id: 0xa7a28901, L:/127.0.0.1:50168 - R:localhost/127.0.0.1:4795]
07:39:54.888 [Forwarding isElementDisplayed on session 4ca056c52b83e54118c1132438e9a0cf to remote] DEBUG org.asynchttpclient.netty.request.NettyRequestSender - Using pooled Channel '[id: 0xa7a28901, L:/127.0.0.1:50168 - R:localhost/127.0.0.1:4795]' for 'POST' to 'http://localhost:4795/session/4ca056c52b83e54118c1132438e9a0cf/execute/sync'
07:39:54.888 [Forwarding isElementDisplayed on session 4ca056c52b83e54118c1132438e9a0cf to remote] DEBUG org.asynchttpclient.netty.request.NettyRequestSender - Using open Channel [id: 0xa7a28901, L:/127.0.0.1:50168 - R:localhost/127.0.0.1:4795] for POST '/session/4ca056c52b83e54118c1132438e9a0cf/execute/sync'
07:39:54.896 [AsyncHttpClient-1-5] DEBUG org.asynchttpclient.netty.handler.HttpHandler - 

Request DefaultHttpRequest(decodeResult: success, version: HTTP/1.1)
POST /session/4ca056c52b83e54118c1132438e9a0cf/execute/sync HTTP/1.1
User-Agent: selenium/4.13.0 (java mac)
Content-Length: 48814
Content-Type: application/json; charset=utf-8
host: localhost:4795
accept: */*

Response DefaultHttpResponse(decodeResult: success, version: HTTP/1.1)
HTTP/1.1 200 OK
Content-Length: 15
Content-Type: application/json; charset=utf-8
cache-control: no-cache

07:39:54.896 [AsyncHttpClient-1-5] DEBUG org.asynchttpclient.netty.channel.ChannelManager - Adding key: http://localhost:4795 for channel [id: 0xa7a28901, L:/127.0.0.1:50168 - R:localhost/127.0.0.1:4795]
07:39:55.086 [AsyncHttpClient-1-1] DEBUG org.asynchttpclient.netty.channel.DefaultChannelPool - Entry count for : http://localhost:50169 : 1
07:39:55.087 [AsyncHttpClient-1-1] DEBUG org.asynchttpclient.netty.channel.DefaultChannelPool - Entry count for : http://localhost:4795 : 1
07:39:55.401 [Forwarding findElement on session 4ca056c52b83e54118c1132438e9a0cf to remote] DEBUG org.asynchttpclient.netty.request.NettyRequestSender - Using pooled Channel '[id: 0xa7a28901, L:/127.0.0.1:50168 - R:localhost/127.0.0.1:4795]' for 'POST' to 'http://localhost:4795/session/4ca056c52b83e54118c1132438e9a0cf/element'
07:39:55.401 [Forwarding findElement on session 4ca056c52b83e54118c1132438e9a0cf to remote] DEBUG org.asynchttpclient.netty.request.NettyRequestSender - Using open Channel [id: 0xa7a28901, L:/127.0.0.1:50168 - R:localhost/127.0.0.1:4795] for POST '/session/4ca056c52b83e54118c1132438e9a0cf/element'
07:39:55.409 [AsyncHttpClient-1-5] DEBUG org.asynchttpclient.netty.handler.HttpHandler - 

Request DefaultHttpRequest(decodeResult: success, version: HTTP/1.1)
POST /session/4ca056c52b83e54118c1132438e9a0cf/element HTTP/1.1
User-Agent: selenium/4.13.0 (java mac)
Content-Length: 71
Content-Type: application/json; charset=utf-8
host: localhost:4795
accept: */*

Response DefaultHttpResponse(decodeResult: success, version: HTTP/1.1)
HTTP/1.1 200 OK
Content-Length: 95
Content-Type: application/json; charset=utf-8
cache-control: no-cache

07:39:55.410 [AsyncHttpClient-1-5] DEBUG org.asynchttpclient.netty.channel.ChannelManager - Adding key: http://localhost:4795 for channel [id: 0xa7a28901, L:/127.0.0.1:50168 - R:localhost/127.0.0.1:4795]
07:39:55.412 [Forwarding isElementDisplayed on session 4ca056c52b83e54118c1132438e9a0cf to remote] DEBUG org.asynchttpclient.netty.request.NettyRequestSender - Using pooled Channel '[id: 0xa7a28901, L:/127.0.0.1:50168 - R:localhost/127.0.0.1:4795]' for 'POST' to 'http://localhost:4795/session/4ca056c52b83e54118c1132438e9a0cf/execute/sync'
07:39:55.412 [Forwarding isElementDisplayed on session 4ca056c52b83e54118c1132438e9a0cf to remote] DEBUG org.asynchttpclient.netty.request.NettyRequestSender - Using open Channel [id: 0xa7a28901, L:/127.0.0.1:50168 - R:localhost/127.0.0.1:4795] for POST '/session/4ca056c52b83e54118c1132438e9a0cf/execute/sync'
07:39:55.419 [AsyncHttpClient-1-5] DEBUG org.asynchttpclient.netty.handler.HttpHandler - 

Request DefaultHttpRequest(decodeResult: success, version: HTTP/1.1)
POST /session/4ca056c52b83e54118c1132438e9a0cf/execute/sync HTTP/1.1
User-Agent: selenium/4.13.0 (java mac)
Content-Length: 48814
Content-Type: application/json; charset=utf-8
host: localhost:4795
accept: */*

Response DefaultHttpResponse(decodeResult: success, version: HTTP/1.1)
HTTP/1.1 200 OK
Content-Length: 15
Content-Type: application/json; charset=utf-8
cache-control: no-cache

07:39:55.419 [AsyncHttpClient-1-5] DEBUG org.asynchttpclient.netty.channel.ChannelManager - Adding key: http://localhost:4795 for channel [id: 0xa7a28901, L:/127.0.0.1:50168 - R:localhost/127.0.0.1:4795]
07:39:55.925 [Forwarding findElement on session 4ca056c52b83e54118c1132438e9a0cf to remote] DEBUG org.asynchttpclient.netty.request.NettyRequestSender - Using pooled Channel '[id: 0xa7a28901, L:/127.0.0.1:50168 - R:localhost/127.0.0.1:4795]' for 'POST' to 'http://localhost:4795/session/4ca056c52b83e54118c1132438e9a0cf/element'
07:39:55.925 [Forwarding findElement on session 4ca056c52b83e54118c1132438e9a0cf to remote] DEBUG org.asynchttpclient.netty.request.NettyRequestSender - Using open Channel [id: 0xa7a28901, L:/127.0.0.1:50168 - R:localhost/127.0.0.1:4795] for POST '/session/4ca056c52b83e54118c1132438e9a0cf/element'
07:39:55.934 [AsyncHttpClient-1-5] DEBUG org.asynchttpclient.netty.handler.HttpHandler - 

Request DefaultHttpRequest(decodeResult: success, version: HTTP/1.1)
POST /session/4ca056c52b83e54118c1132438e9a0cf/element HTTP/1.1
User-Agent: selenium/4.13.0 (java mac)
Content-Length: 71
Content-Type: application/json; charset=utf-8
host: localhost:4795
accept: */*

Response DefaultHttpResponse(decodeResult: success, version: HTTP/1.1)
HTTP/1.1 200 OK
Content-Length: 95
Content-Type: application/json; charset=utf-8
cache-control: no-cache

07:39:55.934 [AsyncHttpClient-1-5] DEBUG org.asynchttpclient.netty.channel.ChannelManager - Adding key: http://localhost:4795 for channel [id: 0xa7a28901, L:/127.0.0.1:50168 - R:localhost/127.0.0.1:4795]
07:39:55.936 [Forwarding isElementDisplayed on session 4ca056c52b83e54118c1132438e9a0cf to remote] DEBUG org.asynchttpclient.netty.request.NettyRequestSender - Using pooled Channel '[id: 0xa7a28901, L:/127.0.0.1:50168 - R:localhost/127.0.0.1:4795]' for 'POST' to 'http://localhost:4795/session/4ca056c52b83e54118c1132438e9a0cf/execute/sync'
07:39:55.936 [Forwarding isElementDisplayed on session 4ca056c52b83e54118c1132438e9a0cf to remote] DEBUG org.asynchttpclient.netty.request.NettyRequestSender - Using open Channel [id: 0xa7a28901, L:/127.0.0.1:50168 - R:localhost/127.0.0.1:4795] for POST '/session/4ca056c52b83e54118c1132438e9a0cf/execute/sync'
07:39:55.943 [AsyncHttpClient-1-5] DEBUG org.asynchttpclient.netty.handler.HttpHandler - 

Request DefaultHttpRequest(decodeResult: success, version: HTTP/1.1)
POST /session/4ca056c52b83e54118c1132438e9a0cf/execute/sync HTTP/1.1
User-Agent: selenium/4.13.0 (java mac)
Content-Length: 48814
Content-Type: application/json; charset=utf-8
host: localhost:4795
accept: */*

Response DefaultHttpResponse(decodeResult: success, version: HTTP/1.1)
HTTP/1.1 200 OK
Content-Length: 15
Content-Type: application/json; charset=utf-8
cache-control: no-cache

07:39:55.944 [AsyncHttpClient-1-5] DEBUG org.asynchttpclient.netty.channel.ChannelManager - Adding key: http://localhost:4795 for channel [id: 0xa7a28901, L:/127.0.0.1:50168 - R:localhost/127.0.0.1:4795]
07:39:56.183 [AsyncHttpClient-1-1] DEBUG org.asynchttpclient.netty.channel.DefaultChannelPool - Entry count for : http://localhost:50169 : 1
07:39:56.183 [AsyncHttpClient-1-1] DEBUG org.asynchttpclient.netty.channel.DefaultChannelPool - Entry count for : http://localhost:4795 : 1
07:39:56.449 [Forwarding findElement on session 4ca056c52b83e54118c1132438e9a0cf to remote] DEBUG org.asynchttpclient.netty.request.NettyRequestSender - Using pooled Channel '[id: 0xa7a28901, L:/127.0.0.1:50168 - R:localhost/127.0.0.1:4795]' for 'POST' to 'http://localhost:4795/session/4ca056c52b83e54118c1132438e9a0cf/element'
07:39:56.449 [Forwarding findElement on session 4ca056c52b83e54118c1132438e9a0cf to remote] DEBUG org.asynchttpclient.netty.request.NettyRequestSender - Using open Channel [id: 0xa7a28901, L:/127.0.0.1:50168 - R:localhost/127.0.0.1:4795] for POST '/session/4ca056c52b83e54118c1132438e9a0cf/element'
07:39:56.458 [AsyncHttpClient-1-5] DEBUG org.asynchttpclient.netty.handler.HttpHandler - 

Request DefaultHttpRequest(decodeResult: success, version: HTTP/1.1)
POST /session/4ca056c52b83e54118c1132438e9a0cf/element HTTP/1.1
User-Agent: selenium/4.13.0 (java mac)
Content-Length: 71
Content-Type: application/json; charset=utf-8
host: localhost:4795
accept: */*

Response DefaultHttpResponse(decodeResult: success, version: HTTP/1.1)
HTTP/1.1 200 OK
Content-Length: 95
Content-Type: application/json; charset=utf-8
cache-control: no-cache

07:39:56.458 [AsyncHttpClient-1-5] DEBUG org.asynchttpclient.netty.channel.ChannelManager - Adding key: http://localhost:4795 for channel [id: 0xa7a28901, L:/127.0.0.1:50168 - R:localhost/127.0.0.1:4795]
07:39:56.460 [Forwarding isElementDisplayed on session 4ca056c52b83e54118c1132438e9a0cf to remote] DEBUG org.asynchttpclient.netty.request.NettyRequestSender - Using pooled Channel '[id: 0xa7a28901, L:/127.0.0.1:50168 - R:localhost/127.0.0.1:4795]' for 'POST' to 'http://localhost:4795/session/4ca056c52b83e54118c1132438e9a0cf/execute/sync'
07:39:56.460 [Forwarding isElementDisplayed on session 4ca056c52b83e54118c1132438e9a0cf to remote] DEBUG org.asynchttpclient.netty.request.NettyRequestSender - Using open Channel [id: 0xa7a28901, L:/127.0.0.1:50168 - R:localhost/127.0.0.1:4795] for POST '/session/4ca056c52b83e54118c1132438e9a0cf/execute/sync'
07:39:56.467 [AsyncHttpClient-1-5] DEBUG org.asynchttpclient.netty.handler.HttpHandler - 

Request DefaultHttpRequest(decodeResult: success, version: HTTP/1.1)
POST /session/4ca056c52b83e54118c1132438e9a0cf/execute/sync HTTP/1.1
User-Agent: selenium/4.13.0 (java mac)
Content-Length: 48814
Content-Type: application/json; charset=utf-8
host: localhost:4795
accept: */*

Response DefaultHttpResponse(decodeResult: success, version: HTTP/1.1)
HTTP/1.1 200 OK
Content-Length: 15
Content-Type: application/json; charset=utf-8
cache-control: no-cache

07:39:56.467 [AsyncHttpClient-1-5] DEBUG org.asynchttpclient.netty.channel.ChannelManager - Adding key: http://localhost:4795 for channel [id: 0xa7a28901, L:/127.0.0.1:50168 - R:localhost/127.0.0.1:4795]
07:39:56.972 [Forwarding findElement on session 4ca056c52b83e54118c1132438e9a0cf to remote] DEBUG org.asynchttpclient.netty.request.NettyRequestSender - Using pooled Channel '[id: 0xa7a28901, L:/127.0.0.1:50168 - R:localhost/127.0.0.1:4795]' for 'POST' to 'http://localhost:4795/session/4ca056c52b83e54118c1132438e9a0cf/element'
07:39:56.972 [Forwarding findElement on session 4ca056c52b83e54118c1132438e9a0cf to remote] DEBUG org.asynchttpclient.netty.request.NettyRequestSender - Using open Channel [id: 0xa7a28901, L:/127.0.0.1:50168 - R:localhost/127.0.0.1:4795] for POST '/session/4ca056c52b83e54118c1132438e9a0cf/element'
07:39:56.981 [AsyncHttpClient-1-5] DEBUG org.asynchttpclient.netty.handler.HttpHandler - 

Request DefaultHttpRequest(decodeResult: success, version: HTTP/1.1)
POST /session/4ca056c52b83e54118c1132438e9a0cf/element HTTP/1.1
User-Agent: selenium/4.13.0 (java mac)
Content-Length: 71
Content-Type: application/json; charset=utf-8
host: localhost:4795
accept: */*

Response DefaultHttpResponse(decodeResult: success, version: HTTP/1.1)
HTTP/1.1 200 OK
Content-Length: 95
Content-Type: application/json; charset=utf-8
cache-control: no-cache

07:39:56.981 [AsyncHttpClient-1-5] DEBUG org.asynchttpclient.netty.channel.ChannelManager - Adding key: http://localhost:4795 for channel [id: 0xa7a28901, L:/127.0.0.1:50168 - R:localhost/127.0.0.1:4795]
07:39:56.983 [Forwarding isElementDisplayed on session 4ca056c52b83e54118c1132438e9a0cf to remote] DEBUG org.asynchttpclient.netty.request.NettyRequestSender - Using pooled Channel '[id: 0xa7a28901, L:/127.0.0.1:50168 - R:localhost/127.0.0.1:4795]' for 'POST' to 'http://localhost:4795/session/4ca056c52b83e54118c1132438e9a0cf/execute/sync'
07:39:56.983 [Forwarding isElementDisplayed on session 4ca056c52b83e54118c1132438e9a0cf to remote] DEBUG org.asynchttpclient.netty.request.NettyRequestSender - Using open Channel [id: 0xa7a28901, L:/127.0.0.1:50168 - R:localhost/127.0.0.1:4795] for POST '/session/4ca056c52b83e54118c1132438e9a0cf/execute/sync'
07:39:56.991 [AsyncHttpClient-1-5] DEBUG org.asynchttpclient.netty.handler.HttpHandler - 

Request DefaultHttpRequest(decodeResult: success, version: HTTP/1.1)
POST /session/4ca056c52b83e54118c1132438e9a0cf/execute/sync HTTP/1.1
User-Agent: selenium/4.13.0 (java mac)
Content-Length: 48814
Content-Type: application/json; charset=utf-8
host: localhost:4795
accept: */*

Response DefaultHttpResponse(decodeResult: success, version: HTTP/1.1)
HTTP/1.1 200 OK
Content-Length: 15
Content-Type: application/json; charset=utf-8
cache-control: no-cache

07:39:56.991 [AsyncHttpClient-1-5] DEBUG org.asynchttpclient.netty.channel.ChannelManager - Adding key: http://localhost:4795 for channel [id: 0xa7a28901, L:/127.0.0.1:50168 - R:localhost/127.0.0.1:4795]
07:39:57.283 [AsyncHttpClient-1-1] DEBUG org.asynchttpclient.netty.channel.DefaultChannelPool - Entry count for : http://localhost:50169 : 1
07:39:57.283 [AsyncHttpClient-1-1] DEBUG org.asynchttpclient.netty.channel.DefaultChannelPool - Entry count for : http://localhost:4795 : 1
07:39:57.495 [Forwarding findElement on session 4ca056c52b83e54118c1132438e9a0cf to remote] DEBUG org.asynchttpclient.netty.request.NettyRequestSender - Using pooled Channel '[id: 0xa7a28901, L:/127.0.0.1:50168 - R:localhost/127.0.0.1:4795]' for 'POST' to 'http://localhost:4795/session/4ca056c52b83e54118c1132438e9a0cf/element'
07:39:57.495 [Forwarding findElement on session 4ca056c52b83e54118c1132438e9a0cf to remote] DEBUG org.asynchttpclient.netty.request.NettyRequestSender - Using open Channel [id: 0xa7a28901, L:/127.0.0.1:50168 - R:localhost/127.0.0.1:4795] for POST '/session/4ca056c52b83e54118c1132438e9a0cf/element'
07:39:57.502 [AsyncHttpClient-1-5] DEBUG org.asynchttpclient.netty.handler.HttpHandler - 

Request DefaultHttpRequest(decodeResult: success, version: HTTP/1.1)
POST /session/4ca056c52b83e54118c1132438e9a0cf/element HTTP/1.1
User-Agent: selenium/4.13.0 (java mac)
Content-Length: 71
Content-Type: application/json; charset=utf-8
host: localhost:4795
accept: */*

Response DefaultHttpResponse(decodeResult: success, version: HTTP/1.1)
HTTP/1.1 200 OK
Content-Length: 95
Content-Type: application/json; charset=utf-8
cache-control: no-cache

07:39:57.502 [AsyncHttpClient-1-5] DEBUG org.asynchttpclient.netty.channel.ChannelManager - Adding key: http://localhost:4795 for channel [id: 0xa7a28901, L:/127.0.0.1:50168 - R:localhost/127.0.0.1:4795]
07:39:57.504 [Forwarding isElementDisplayed on session 4ca056c52b83e54118c1132438e9a0cf to remote] DEBUG org.asynchttpclient.netty.request.NettyRequestSender - Using pooled Channel '[id: 0xa7a28901, L:/127.0.0.1:50168 - R:localhost/127.0.0.1:4795]' for 'POST' to 'http://localhost:4795/session/4ca056c52b83e54118c1132438e9a0cf/execute/sync'
07:39:57.504 [Forwarding isElementDisplayed on session 4ca056c52b83e54118c1132438e9a0cf to remote] DEBUG org.asynchttpclient.netty.request.NettyRequestSender - Using open Channel [id: 0xa7a28901, L:/127.0.0.1:50168 - R:localhost/127.0.0.1:4795] for POST '/session/4ca056c52b83e54118c1132438e9a0cf/execute/sync'
07:39:57.511 [AsyncHttpClient-1-5] DEBUG org.asynchttpclient.netty.handler.HttpHandler - 

Request DefaultHttpRequest(decodeResult: success, version: HTTP/1.1)
POST /session/4ca056c52b83e54118c1132438e9a0cf/execute/sync HTTP/1.1
User-Agent: selenium/4.13.0 (java mac)
Content-Length: 48814
Content-Type: application/json; charset=utf-8
host: localhost:4795
accept: */*

Response DefaultHttpResponse(decodeResult: success, version: HTTP/1.1)
HTTP/1.1 200 OK
Content-Length: 15
Content-Type: application/json; charset=utf-8
cache-control: no-cache

07:39:57.511 [AsyncHttpClient-1-5] DEBUG org.asynchttpclient.netty.channel.ChannelManager - Adding key: http://localhost:4795 for channel [id: 0xa7a28901, L:/127.0.0.1:50168 - R:localhost/127.0.0.1:4795]
07:39:58.017 [Forwarding findElement on session 4ca056c52b83e54118c1132438e9a0cf to remote] DEBUG org.asynchttpclient.netty.request.NettyRequestSender - Using pooled Channel '[id: 0xa7a28901, L:/127.0.0.1:50168 - R:localhost/127.0.0.1:4795]' for 'POST' to 'http://localhost:4795/session/4ca056c52b83e54118c1132438e9a0cf/element'
07:39:58.017 [Forwarding findElement on session 4ca056c52b83e54118c1132438e9a0cf to remote] DEBUG org.asynchttpclient.netty.request.NettyRequestSender - Using open Channel [id: 0xa7a28901, L:/127.0.0.1:50168 - R:localhost/127.0.0.1:4795] for POST '/session/4ca056c52b83e54118c1132438e9a0cf/element'
07:39:58.026 [AsyncHttpClient-1-5] DEBUG org.asynchttpclient.netty.handler.HttpHandler - 

Request DefaultHttpRequest(decodeResult: success, version: HTTP/1.1)
POST /session/4ca056c52b83e54118c1132438e9a0cf/element HTTP/1.1
User-Agent: selenium/4.13.0 (java mac)
Content-Length: 71
Content-Type: application/json; charset=utf-8
host: localhost:4795
accept: */*

Response DefaultHttpResponse(decodeResult: success, version: HTTP/1.1)
HTTP/1.1 200 OK
Content-Length: 95
Content-Type: application/json; charset=utf-8
cache-control: no-cache

07:39:58.026 [AsyncHttpClient-1-5] DEBUG org.asynchttpclient.netty.channel.ChannelManager - Adding key: http://localhost:4795 for channel [id: 0xa7a28901, L:/127.0.0.1:50168 - R:localhost/127.0.0.1:4795]
07:39:58.028 [Forwarding isElementDisplayed on session 4ca056c52b83e54118c1132438e9a0cf to remote] DEBUG org.asynchttpclient.netty.request.NettyRequestSender - Using pooled Channel '[id: 0xa7a28901, L:/127.0.0.1:50168 - R:localhost/127.0.0.1:4795]' for 'POST' to 'http://localhost:4795/session/4ca056c52b83e54118c1132438e9a0cf/execute/sync'
07:39:58.028 [Forwarding isElementDisplayed on session 4ca056c52b83e54118c1132438e9a0cf to remote] DEBUG org.asynchttpclient.netty.request.NettyRequestSender - Using open Channel [id: 0xa7a28901, L:/127.0.0.1:50168 - R:localhost/127.0.0.1:4795] for POST '/session/4ca056c52b83e54118c1132438e9a0cf/execute/sync'
07:39:58.036 [AsyncHttpClient-1-5] DEBUG org.asynchttpclient.netty.handler.HttpHandler - 

Request DefaultHttpRequest(decodeResult: success, version: HTTP/1.1)
POST /session/4ca056c52b83e54118c1132438e9a0cf/execute/sync HTTP/1.1
User-Agent: selenium/4.13.0 (java mac)
Content-Length: 48814
Content-Type: application/json; charset=utf-8
host: localhost:4795
accept: */*

Response DefaultHttpResponse(decodeResult: success, version: HTTP/1.1)
HTTP/1.1 200 OK
Content-Length: 15
Content-Type: application/json; charset=utf-8
cache-control: no-cache

07:39:58.036 [AsyncHttpClient-1-5] DEBUG org.asynchttpclient.netty.channel.ChannelManager - Adding key: http://localhost:4795 for channel [id: 0xa7a28901, L:/127.0.0.1:50168 - R:localhost/127.0.0.1:4795]
07:39:58.383 [AsyncHttpClient-1-1] DEBUG org.asynchttpclient.netty.channel.DefaultChannelPool - Entry count for : http://localhost:50169 : 1
07:39:58.383 [AsyncHttpClient-1-1] DEBUG org.asynchttpclient.netty.channel.DefaultChannelPool - Entry count for : http://localhost:4795 : 1
07:39:58.540 [Forwarding findElement on session 4ca056c52b83e54118c1132438e9a0cf to remote] DEBUG org.asynchttpclient.netty.request.NettyRequestSender - Using pooled Channel '[id: 0xa7a28901, L:/127.0.0.1:50168 - R:localhost/127.0.0.1:4795]' for 'POST' to 'http://localhost:4795/session/4ca056c52b83e54118c1132438e9a0cf/element'
07:39:58.540 [Forwarding findElement on session 4ca056c52b83e54118c1132438e9a0cf to remote] DEBUG org.asynchttpclient.netty.request.NettyRequestSender - Using open Channel [id: 0xa7a28901, L:/127.0.0.1:50168 - R:localhost/127.0.0.1:4795] for POST '/session/4ca056c52b83e54118c1132438e9a0cf/element'
07:39:58.547 [AsyncHttpClient-1-5] DEBUG org.asynchttpclient.netty.handler.HttpHandler - 

Request DefaultHttpRequest(decodeResult: success, version: HTTP/1.1)
POST /session/4ca056c52b83e54118c1132438e9a0cf/element HTTP/1.1
User-Agent: selenium/4.13.0 (java mac)
Content-Length: 71
Content-Type: application/json; charset=utf-8
host: localhost:4795
accept: */*

Response DefaultHttpResponse(decodeResult: success, version: HTTP/1.1)
HTTP/1.1 200 OK
Content-Length: 95
Content-Type: application/json; charset=utf-8
cache-control: no-cache

07:39:58.547 [AsyncHttpClient-1-5] DEBUG org.asynchttpclient.netty.channel.ChannelManager - Adding key: http://localhost:4795 for channel [id: 0xa7a28901, L:/127.0.0.1:50168 - R:localhost/127.0.0.1:4795]
07:39:58.549 [Forwarding isElementDisplayed on session 4ca056c52b83e54118c1132438e9a0cf to remote] DEBUG org.asynchttpclient.netty.request.NettyRequestSender - Using pooled Channel '[id: 0xa7a28901, L:/127.0.0.1:50168 - R:localhost/127.0.0.1:4795]' for 'POST' to 'http://localhost:4795/session/4ca056c52b83e54118c1132438e9a0cf/execute/sync'
07:39:58.549 [Forwarding isElementDisplayed on session 4ca056c52b83e54118c1132438e9a0cf to remote] DEBUG org.asynchttpclient.netty.request.NettyRequestSender - Using open Channel [id: 0xa7a28901, L:/127.0.0.1:50168 - R:localhost/127.0.0.1:4795] for POST '/session/4ca056c52b83e54118c1132438e9a0cf/execute/sync'
07:39:58.555 [AsyncHttpClient-1-5] DEBUG org.asynchttpclient.netty.handler.HttpHandler - 

Request DefaultHttpRequest(decodeResult: success, version: HTTP/1.1)
POST /session/4ca056c52b83e54118c1132438e9a0cf/execute/sync HTTP/1.1
User-Agent: selenium/4.13.0 (java mac)
Content-Length: 48814
Content-Type: application/json; charset=utf-8
host: localhost:4795
accept: */*

Response DefaultHttpResponse(decodeResult: success, version: HTTP/1.1)
HTTP/1.1 200 OK
Content-Length: 15
Content-Type: application/json; charset=utf-8
cache-control: no-cache

07:39:58.555 [AsyncHttpClient-1-5] DEBUG org.asynchttpclient.netty.channel.ChannelManager - Adding key: http://localhost:4795 for channel [id: 0xa7a28901, L:/127.0.0.1:50168 - R:localhost/127.0.0.1:4795]
07:39:59.060 [Forwarding findElement on session 4ca056c52b83e54118c1132438e9a0cf to remote] DEBUG org.asynchttpclient.netty.request.NettyRequestSender - Using pooled Channel '[id: 0xa7a28901, L:/127.0.0.1:50168 - R:localhost/127.0.0.1:4795]' for 'POST' to 'http://localhost:4795/session/4ca056c52b83e54118c1132438e9a0cf/element'
07:39:59.060 [Forwarding findElement on session 4ca056c52b83e54118c1132438e9a0cf to remote] DEBUG org.asynchttpclient.netty.request.NettyRequestSender - Using open Channel [id: 0xa7a28901, L:/127.0.0.1:50168 - R:localhost/127.0.0.1:4795] for POST '/session/4ca056c52b83e54118c1132438e9a0cf/element'
07:39:59.069 [AsyncHttpClient-1-5] DEBUG org.asynchttpclient.netty.handler.HttpHandler - 

Request DefaultHttpRequest(decodeResult: success, version: HTTP/1.1)
POST /session/4ca056c52b83e54118c1132438e9a0cf/element HTTP/1.1
User-Agent: selenium/4.13.0 (java mac)
Content-Length: 71
Content-Type: application/json; charset=utf-8
host: localhost:4795
accept: */*

Response DefaultHttpResponse(decodeResult: success, version: HTTP/1.1)
HTTP/1.1 200 OK
Content-Length: 95
Content-Type: application/json; charset=utf-8
cache-control: no-cache

07:39:59.069 [AsyncHttpClient-1-5] DEBUG org.asynchttpclient.netty.channel.ChannelManager - Adding key: http://localhost:4795 for channel [id: 0xa7a28901, L:/127.0.0.1:50168 - R:localhost/127.0.0.1:4795]
07:39:59.071 [Forwarding isElementDisplayed on session 4ca056c52b83e54118c1132438e9a0cf to remote] DEBUG org.asynchttpclient.netty.request.NettyRequestSender - Using pooled Channel '[id: 0xa7a28901, L:/127.0.0.1:50168 - R:localhost/127.0.0.1:4795]' for 'POST' to 'http://localhost:4795/session/4ca056c52b83e54118c1132438e9a0cf/execute/sync'
07:39:59.072 [Forwarding isElementDisplayed on session 4ca056c52b83e54118c1132438e9a0cf to remote] DEBUG org.asynchttpclient.netty.request.NettyRequestSender - Using open Channel [id: 0xa7a28901, L:/127.0.0.1:50168 - R:localhost/127.0.0.1:4795] for POST '/session/4ca056c52b83e54118c1132438e9a0cf/execute/sync'
07:39:59.079 [AsyncHttpClient-1-5] DEBUG org.asynchttpclient.netty.handler.HttpHandler - 

Request DefaultHttpRequest(decodeResult: success, version: HTTP/1.1)
POST /session/4ca056c52b83e54118c1132438e9a0cf/execute/sync HTTP/1.1
User-Agent: selenium/4.13.0 (java mac)
Content-Length: 48814
Content-Type: application/json; charset=utf-8
host: localhost:4795
accept: */*

Response DefaultHttpResponse(decodeResult: success, version: HTTP/1.1)
HTTP/1.1 200 OK
Content-Length: 15
Content-Type: application/json; charset=utf-8
cache-control: no-cache

07:39:59.079 [AsyncHttpClient-1-5] DEBUG org.asynchttpclient.netty.channel.ChannelManager - Adding key: http://localhost:4795 for channel [id: 0xa7a28901, L:/127.0.0.1:50168 - R:localhost/127.0.0.1:4795]
07:39:59.483 [AsyncHttpClient-1-1] DEBUG org.asynchttpclient.netty.channel.DefaultChannelPool - Entry count for : http://localhost:50169 : 1
07:39:59.483 [AsyncHttpClient-1-1] DEBUG org.asynchttpclient.netty.channel.DefaultChannelPool - Entry count for : http://localhost:4795 : 1
07:39:59.583 [Forwarding findElement on session 4ca056c52b83e54118c1132438e9a0cf to remote] DEBUG org.asynchttpclient.netty.request.NettyRequestSender - Using pooled Channel '[id: 0xa7a28901, L:/127.0.0.1:50168 - R:localhost/127.0.0.1:4795]' for 'POST' to 'http://localhost:4795/session/4ca056c52b83e54118c1132438e9a0cf/element'
07:39:59.583 [Forwarding findElement on session 4ca056c52b83e54118c1132438e9a0cf to remote] DEBUG org.asynchttpclient.netty.request.NettyRequestSender - Using open Channel [id: 0xa7a28901, L:/127.0.0.1:50168 - R:localhost/127.0.0.1:4795] for POST '/session/4ca056c52b83e54118c1132438e9a0cf/element'
07:39:59.591 [AsyncHttpClient-1-5] DEBUG org.asynchttpclient.netty.handler.HttpHandler - 

Request DefaultHttpRequest(decodeResult: success, version: HTTP/1.1)
POST /session/4ca056c52b83e54118c1132438e9a0cf/element HTTP/1.1
User-Agent: selenium/4.13.0 (java mac)
Content-Length: 71
Content-Type: application/json; charset=utf-8
host: localhost:4795
accept: */*

Response DefaultHttpResponse(decodeResult: success, version: HTTP/1.1)
HTTP/1.1 200 OK
Content-Length: 95
Content-Type: application/json; charset=utf-8
cache-control: no-cache

07:39:59.592 [AsyncHttpClient-1-5] DEBUG org.asynchttpclient.netty.channel.ChannelManager - Adding key: http://localhost:4795 for channel [id: 0xa7a28901, L:/127.0.0.1:50168 - R:localhost/127.0.0.1:4795]
07:39:59.594 [Forwarding isElementDisplayed on session 4ca056c52b83e54118c1132438e9a0cf to remote] DEBUG org.asynchttpclient.netty.request.NettyRequestSender - Using pooled Channel '[id: 0xa7a28901, L:/127.0.0.1:50168 - R:localhost/127.0.0.1:4795]' for 'POST' to 'http://localhost:4795/session/4ca056c52b83e54118c1132438e9a0cf/execute/sync'
07:39:59.594 [Forwarding isElementDisplayed on session 4ca056c52b83e54118c1132438e9a0cf to remote] DEBUG org.asynchttpclient.netty.request.NettyRequestSender - Using open Channel [id: 0xa7a28901, L:/127.0.0.1:50168 - R:localhost/127.0.0.1:4795] for POST '/session/4ca056c52b83e54118c1132438e9a0cf/execute/sync'
07:39:59.602 [AsyncHttpClient-1-5] DEBUG org.asynchttpclient.netty.handler.HttpHandler - 

Request DefaultHttpRequest(decodeResult: success, version: HTTP/1.1)
POST /session/4ca056c52b83e54118c1132438e9a0cf/execute/sync HTTP/1.1
User-Agent: selenium/4.13.0 (java mac)
Content-Length: 48814
Content-Type: application/json; charset=utf-8
host: localhost:4795
accept: */*

Response DefaultHttpResponse(decodeResult: success, version: HTTP/1.1)
HTTP/1.1 200 OK
Content-Length: 15
Content-Type: application/json; charset=utf-8
cache-control: no-cache

07:39:59.602 [AsyncHttpClient-1-5] DEBUG org.asynchttpclient.netty.channel.ChannelManager - Adding key: http://localhost:4795 for channel [id: 0xa7a28901, L:/127.0.0.1:50168 - R:localhost/127.0.0.1:4795]
07:40:00.108 [Forwarding findElement on session 4ca056c52b83e54118c1132438e9a0cf to remote] DEBUG org.asynchttpclient.netty.request.NettyRequestSender - Using pooled Channel '[id: 0xa7a28901, L:/127.0.0.1:50168 - R:localhost/127.0.0.1:4795]' for 'POST' to 'http://localhost:4795/session/4ca056c52b83e54118c1132438e9a0cf/element'
07:40:00.108 [Forwarding findElement on session 4ca056c52b83e54118c1132438e9a0cf to remote] DEBUG org.asynchttpclient.netty.request.NettyRequestSender - Using open Channel [id: 0xa7a28901, L:/127.0.0.1:50168 - R:localhost/127.0.0.1:4795] for POST '/session/4ca056c52b83e54118c1132438e9a0cf/element'
07:40:00.117 [AsyncHttpClient-1-5] DEBUG org.asynchttpclient.netty.handler.HttpHandler - 

Request DefaultHttpRequest(decodeResult: success, version: HTTP/1.1)
POST /session/4ca056c52b83e54118c1132438e9a0cf/element HTTP/1.1
User-Agent: selenium/4.13.0 (java mac)
Content-Length: 71
Content-Type: application/json; charset=utf-8
host: localhost:4795
accept: */*

Response DefaultHttpResponse(decodeResult: success, version: HTTP/1.1)
HTTP/1.1 200 OK
Content-Length: 95
Content-Type: application/json; charset=utf-8
cache-control: no-cache

07:40:00.117 [AsyncHttpClient-1-5] DEBUG org.asynchttpclient.netty.channel.ChannelManager - Adding key: http://localhost:4795 for channel [id: 0xa7a28901, L:/127.0.0.1:50168 - R:localhost/127.0.0.1:4795]
07:40:00.119 [Forwarding isElementDisplayed on session 4ca056c52b83e54118c1132438e9a0cf to remote] DEBUG org.asynchttpclient.netty.request.NettyRequestSender - Using pooled Channel '[id: 0xa7a28901, L:/127.0.0.1:50168 - R:localhost/127.0.0.1:4795]' for 'POST' to 'http://localhost:4795/session/4ca056c52b83e54118c1132438e9a0cf/execute/sync'
07:40:00.119 [Forwarding isElementDisplayed on session 4ca056c52b83e54118c1132438e9a0cf to remote] DEBUG org.asynchttpclient.netty.request.NettyRequestSender - Using open Channel [id: 0xa7a28901, L:/127.0.0.1:50168 - R:localhost/127.0.0.1:4795] for POST '/session/4ca056c52b83e54118c1132438e9a0cf/execute/sync'
07:40:00.127 [AsyncHttpClient-1-5] DEBUG org.asynchttpclient.netty.handler.HttpHandler - 

Request DefaultHttpRequest(decodeResult: success, version: HTTP/1.1)
POST /session/4ca056c52b83e54118c1132438e9a0cf/execute/sync HTTP/1.1
User-Agent: selenium/4.13.0 (java mac)
Content-Length: 48814
Content-Type: application/json; charset=utf-8
host: localhost:4795
accept: */*

Response DefaultHttpResponse(decodeResult: success, version: HTTP/1.1)
HTTP/1.1 200 OK
Content-Length: 15
Content-Type: application/json; charset=utf-8
cache-control: no-cache

07:40:00.127 [AsyncHttpClient-1-5] DEBUG org.asynchttpclient.netty.channel.ChannelManager - Adding key: http://localhost:4795 for channel [id: 0xa7a28901, L:/127.0.0.1:50168 - R:localhost/127.0.0.1:4795]
]]></system-out>
    <system-err><![CDATA[Jan 13, 2024 7:39:35 AM org.openqa.selenium.devtools.CdpVersionFinder findNearestMatch
WARNING: Unable to find an exact match for CDP version 120, so returning the closest version found: 117
]]></system-err>
  </testcase>
  <testcase name="verifySearchFlight" classname="com.sample.modules.HomePage" time="30.351">
    <system-out><![CDATA[<font color=#FF0000><strong><i> FAIL : verifyCountryCurrencyWidget</i></strong></font>
07:40:00.133 [Forwarding screenshot on session 4ca056c52b83e54118c1132438e9a0cf to remote] DEBUG org.asynchttpclient.netty.request.NettyRequestSender - Using pooled Channel '[id: 0xa7a28901, L:/127.0.0.1:50168 - R:localhost/127.0.0.1:4795]' for 'GET' to 'http://localhost:4795/session/4ca056c52b83e54118c1132438e9a0cf/screenshot'
07:40:00.133 [Forwarding screenshot on session 4ca056c52b83e54118c1132438e9a0cf to remote] DEBUG org.asynchttpclient.netty.request.NettyRequestSender - Using open Channel [id: 0xa7a28901, L:/127.0.0.1:50168 - R:localhost/127.0.0.1:4795] for GET '/session/4ca056c52b83e54118c1132438e9a0cf/screenshot'
07:40:00.585 [AsyncHttpClient-1-1] DEBUG org.asynchttpclient.netty.channel.DefaultChannelPool - Entry count for : http://localhost:50169 : 1
07:40:00.876 [AsyncHttpClient-1-5] DEBUG org.asynchttpclient.netty.handler.HttpHandler - 

Request DefaultFullHttpRequest(decodeResult: success, version: HTTP/1.1, content: EmptyByteBufBE)
GET /session/4ca056c52b83e54118c1132438e9a0cf/screenshot HTTP/1.1
Cache-Control: no-cache
User-Agent: selenium/4.13.0 (java mac)
Content-Type: application/json; charset=utf-8
host: localhost:4795
accept: */*

Response DefaultHttpResponse(decodeResult: success, version: HTTP/1.1)
HTTP/1.1 200 OK
Content-Length: 2862308
Content-Type: application/json; charset=utf-8
cache-control: no-cache

07:40:00.884 [AsyncHttpClient-1-5] DEBUG org.asynchttpclient.netty.channel.ChannelManager - Adding key: http://localhost:4795 for channel [id: 0xa7a28901, L:/127.0.0.1:50168 - R:localhost/127.0.0.1:4795]
Total testcases:-2
Total passed testcases:-1
Total failed testcases:-1
07:40:00.965 [Driver Command Executor] DEBUG org.asynchttpclient.netty.request.NettyRequestSender - Using pooled Channel '[id: 0xa7a28901, L:/127.0.0.1:50168 - R:localhost/127.0.0.1:4795]' for 'DELETE' to 'http://localhost:4795/session/4ca056c52b83e54118c1132438e9a0cf'
07:40:00.965 [Driver Command Executor] DEBUG org.asynchttpclient.netty.request.NettyRequestSender - Using open Channel [id: 0xa7a28901, L:/127.0.0.1:50168 - R:localhost/127.0.0.1:4795] for DELETE '/session/4ca056c52b83e54118c1132438e9a0cf'
07:40:00.965 [AsyncHttpClient-1-7] DEBUG org.asynchttpclient.netty.handler.WebSocketHandler - Channel Closed: [id: 0xedbbd972, L:/127.0.0.1:50174 ! R:localhost/127.0.0.1:50169] with attribute DISCARD
07:40:01.003 [AsyncHttpClient-1-6] DEBUG org.asynchttpclient.netty.handler.HttpHandler - Channel Closed: [id: 0xa0f7d41b, L:/127.0.0.1:50173 ! R:localhost/127.0.0.1:50169] with attribute DISCARD
07:40:01.020 [AsyncHttpClient-1-5] DEBUG org.asynchttpclient.netty.handler.HttpHandler - 

Request DefaultFullHttpRequest(decodeResult: success, version: HTTP/1.1, content: EmptyByteBufBE)
DELETE /session/4ca056c52b83e54118c1132438e9a0cf HTTP/1.1
User-Agent: selenium/4.13.0 (java mac)
Content-Type: application/json; charset=utf-8
host: localhost:4795
accept: */*

Response DefaultHttpResponse(decodeResult: success, version: HTTP/1.1)
HTTP/1.1 200 OK
Content-Length: 14
Content-Type: application/json; charset=utf-8
cache-control: no-cache

07:40:01.020 [AsyncHttpClient-1-5] DEBUG org.asynchttpclient.netty.channel.ChannelManager - Adding key: http://localhost:4795 for channel [id: 0xa7a28901, L:/127.0.0.1:50168 - R:localhost/127.0.0.1:4795]
07:40:01.068 [AsyncHttpClient-1-5] DEBUG org.asynchttpclient.netty.handler.HttpHandler - Channel Closed: [id: 0xa7a28901, L:/127.0.0.1:50168 ! R:localhost/127.0.0.1:4795] with attribute DISCARD
07:40:01.148 [AsyncHttpClient-1-8] DEBUG org.asynchttpclient.netty.channel.NettyConnectListener - Using new Channel '[id: 0xe5f14885, L:/127.0.0.1:50222 - R:localhost/127.0.0.1:5140]' for 'POST' to '/session'
07:40:01.685 [AsyncHttpClient-1-1] DEBUG org.asynchttpclient.netty.channel.DefaultChannelPool - Entry count for : http://localhost:50169 : 1
07:40:01.686 [AsyncHttpClient-1-1] DEBUG org.asynchttpclient.netty.channel.DefaultChannelPool - Entry count for : http://localhost:4795 : 1
07:40:01.686 [AsyncHttpClient-1-1] DEBUG org.asynchttpclient.netty.channel.DefaultChannelPool - Adding Candidate expired Channel [id: 0xa0f7d41b, L:/127.0.0.1:50173 ! R:localhost/127.0.0.1:50169] isIdleTimeoutExpired=false isRemotelyClosed=true isTtlExpired=false
07:40:01.686 [AsyncHttpClient-1-1] DEBUG org.asynchttpclient.netty.channel.DefaultChannelPool - Closing Idle Channel [id: 0xa0f7d41b, L:/127.0.0.1:50173 ! R:localhost/127.0.0.1:50169]
07:40:01.686 [AsyncHttpClient-1-1] DEBUG org.asynchttpclient.netty.channel.DefaultChannelPool - Adding Candidate expired Channel [id: 0xa7a28901, L:/127.0.0.1:50168 ! R:localhost/127.0.0.1:4795] isIdleTimeoutExpired=false isRemotelyClosed=true isTtlExpired=false
07:40:01.686 [AsyncHttpClient-1-1] DEBUG org.asynchttpclient.netty.channel.DefaultChannelPool - Closing Idle Channel [id: 0xa7a28901, L:/127.0.0.1:50168 ! R:localhost/127.0.0.1:4795]
07:40:01.686 [AsyncHttpClient-1-1] DEBUG org.asynchttpclient.netty.channel.DefaultChannelPool - Closed 2 connections out of 2 in 0 ms
07:40:02.029 [AsyncHttpClient-1-8] DEBUG org.asynchttpclient.netty.handler.HttpHandler - 

Request DefaultHttpRequest(decodeResult: success, version: HTTP/1.1)
POST /session HTTP/1.1
User-Agent: selenium/4.13.0 (java mac)
Content-Length: 291
Content-Type: application/json; charset=utf-8
host: localhost:5140
accept: */*

Response DefaultHttpResponse(decodeResult: success, version: HTTP/1.1)
HTTP/1.1 200 OK
Content-Length: 891
Content-Type: application/json; charset=utf-8
cache-control: no-cache

07:40:02.029 [AsyncHttpClient-1-8] DEBUG org.asynchttpclient.netty.channel.ChannelManager - Adding key: http://localhost:5140 for channel [id: 0xe5f14885, L:/127.0.0.1:50222 - R:localhost/127.0.0.1:5140]
07:40:02.034 [AsyncHttpClient-1-9] DEBUG org.asynchttpclient.netty.channel.NettyConnectListener - Using new Channel '[id: 0x770aa1ec, L:/127.0.0.1:50227 - R:localhost/127.0.0.1:50223]' for 'GET' to '/json/version'
07:40:02.037 [AsyncHttpClient-1-9] DEBUG org.asynchttpclient.netty.handler.HttpHandler - 

Request DefaultFullHttpRequest(decodeResult: success, version: HTTP/1.1, content: EmptyByteBufBE)
GET /json/version HTTP/1.1
User-Agent: selenium/4.13.0 (java mac)
host: localhost:50223
accept: */*

Response DefaultHttpResponse(decodeResult: success, version: HTTP/1.1)
HTTP/1.1 200 OK
Content-Security-Policy: frame-ancestors 'none'
Content-Length: 422
Content-Type: application/json; charset=UTF-8

07:40:02.037 [AsyncHttpClient-1-9] DEBUG org.asynchttpclient.netty.channel.ChannelManager - Adding key: http://localhost:50223 for channel [id: 0x770aa1ec, L:/127.0.0.1:50227 - R:localhost/127.0.0.1:50223]
07:40:02.041 [AsyncHttpClient-1-10] DEBUG org.asynchttpclient.netty.channel.NettyConnectListener - Using new Channel '[id: 0xea67437a, L:/127.0.0.1:50228 - R:localhost/127.0.0.1:50223]' for 'GET' to '/devtools/browser/df35a004-afa5-4fcb-962b-f4fe4afa1201'
07:40:02.048 [AsyncHttpClient-1-10] DEBUG org.asynchttpclient.netty.handler.WebSocketHandler - 

Request DefaultFullHttpRequest(decodeResult: success, version: HTTP/1.1, content: EmptyByteBufBE)
GET /devtools/browser/df35a004-afa5-4fcb-962b-f4fe4afa1201 HTTP/1.1
upgrade: websocket
connection: upgrade
sec-websocket-key: Fx9YE0dgsIJL07hD7nKbig==
sec-websocket-version: 13
origin: http://localhost:50223
host: localhost:50223
accept: */*
user-agent: AHC/2.1

Response DefaultHttpResponse(decodeResult: success, version: HTTP/1.1)
HTTP/1.1 101 WebSocket Protocol Handshake
Upgrade: WebSocket
Connection: Upgrade
Sec-WebSocket-Accept: ix/OkOGt5rMGMGeM8DqlHfP/018=

07:40:02.051 [Forwarding maximizeCurrentWindow on session 8f6fcf8ff69b1e9fa25838365b439fea to remote] DEBUG org.asynchttpclient.netty.request.NettyRequestSender - Using pooled Channel '[id: 0xe5f14885, L:/127.0.0.1:50222 - R:localhost/127.0.0.1:5140]' for 'POST' to 'http://localhost:5140/session/8f6fcf8ff69b1e9fa25838365b439fea/window/maximize'
07:40:02.051 [Forwarding maximizeCurrentWindow on session 8f6fcf8ff69b1e9fa25838365b439fea to remote] DEBUG org.asynchttpclient.netty.request.NettyRequestSender - Using open Channel [id: 0xe5f14885, L:/127.0.0.1:50222 - R:localhost/127.0.0.1:5140] for POST '/session/8f6fcf8ff69b1e9fa25838365b439fea/window/maximize'
07:40:02.535 [AsyncHttpClient-1-8] DEBUG org.asynchttpclient.netty.handler.HttpHandler - 

Request DefaultHttpRequest(decodeResult: success, version: HTTP/1.1)
POST /session/8f6fcf8ff69b1e9fa25838365b439fea/window/maximize HTTP/1.1
User-Agent: selenium/4.13.0 (java mac)
Content-Length: 3
Content-Type: application/json; charset=utf-8
host: localhost:5140
accept: */*

Response DefaultHttpResponse(decodeResult: success, version: HTTP/1.1)
HTTP/1.1 200 OK
Content-Length: 50
Content-Type: application/json; charset=utf-8
cache-control: no-cache

07:40:02.535 [AsyncHttpClient-1-8] DEBUG org.asynchttpclient.netty.channel.ChannelManager - Adding key: http://localhost:5140 for channel [id: 0xe5f14885, L:/127.0.0.1:50222 - R:localhost/127.0.0.1:5140]
07:40:02.537 [Forwarding get on session 8f6fcf8ff69b1e9fa25838365b439fea to remote] DEBUG org.asynchttpclient.netty.request.NettyRequestSender - Using pooled Channel '[id: 0xe5f14885, L:/127.0.0.1:50222 - R:localhost/127.0.0.1:5140]' for 'POST' to 'http://localhost:5140/session/8f6fcf8ff69b1e9fa25838365b439fea/url'
07:40:02.537 [Forwarding get on session 8f6fcf8ff69b1e9fa25838365b439fea to remote] DEBUG org.asynchttpclient.netty.request.NettyRequestSender - Using open Channel [id: 0xe5f14885, L:/127.0.0.1:50222 - R:localhost/127.0.0.1:5140] for POST '/session/8f6fcf8ff69b1e9fa25838365b439fea/url'
07:40:02.786 [AsyncHttpClient-1-1] DEBUG org.asynchttpclient.netty.channel.DefaultChannelPool - Entry count for : http://localhost:50223 : 1
07:40:03.883 [AsyncHttpClient-1-1] DEBUG org.asynchttpclient.netty.channel.DefaultChannelPool - Entry count for : http://localhost:50223 : 1
07:40:04.983 [AsyncHttpClient-1-1] DEBUG org.asynchttpclient.netty.channel.DefaultChannelPool - Entry count for : http://localhost:50223 : 1
07:40:05.633 [AsyncHttpClient-1-8] DEBUG org.asynchttpclient.netty.handler.HttpHandler - 

Request DefaultHttpRequest(decodeResult: success, version: HTTP/1.1)
POST /session/8f6fcf8ff69b1e9fa25838365b439fea/url HTTP/1.1
User-Agent: selenium/4.13.0 (java mac)
Content-Length: 57
Content-Type: application/json; charset=utf-8
host: localhost:5140
accept: */*

Response DefaultHttpResponse(decodeResult: success, version: HTTP/1.1)
HTTP/1.1 200 OK
Content-Length: 14
Content-Type: application/json; charset=utf-8
cache-control: no-cache

07:40:05.634 [AsyncHttpClient-1-8] DEBUG org.asynchttpclient.netty.channel.ChannelManager - Adding key: http://localhost:5140 for channel [id: 0xe5f14885, L:/127.0.0.1:50222 - R:localhost/127.0.0.1:5140]
Step 1 : Open URL - https://www.makemytrip.com/
Step 2 : Click on flights logo.
07:40:05.636 [Forwarding findElement on session 8f6fcf8ff69b1e9fa25838365b439fea to remote] DEBUG org.asynchttpclient.netty.request.NettyRequestSender - Using pooled Channel '[id: 0xe5f14885, L:/127.0.0.1:50222 - R:localhost/127.0.0.1:5140]' for 'POST' to 'http://localhost:5140/session/8f6fcf8ff69b1e9fa25838365b439fea/element'
07:40:05.636 [Forwarding findElement on session 8f6fcf8ff69b1e9fa25838365b439fea to remote] DEBUG org.asynchttpclient.netty.request.NettyRequestSender - Using open Channel [id: 0xe5f14885, L:/127.0.0.1:50222 - R:localhost/127.0.0.1:5140] for POST '/session/8f6fcf8ff69b1e9fa25838365b439fea/element'
07:40:05.707 [AsyncHttpClient-1-8] DEBUG org.asynchttpclient.netty.handler.HttpHandler - 

Request DefaultHttpRequest(decodeResult: success, version: HTTP/1.1)
POST /session/8f6fcf8ff69b1e9fa25838365b439fea/element HTTP/1.1
User-Agent: selenium/4.13.0 (java mac)
Content-Length: 123
Content-Type: application/json; charset=utf-8
host: localhost:5140
accept: */*

Response DefaultHttpResponse(decodeResult: success, version: HTTP/1.1)
HTTP/1.1 200 OK
Content-Length: 95
Content-Type: application/json; charset=utf-8
cache-control: no-cache

07:40:05.707 [AsyncHttpClient-1-8] DEBUG org.asynchttpclient.netty.channel.ChannelManager - Adding key: http://localhost:5140 for channel [id: 0xe5f14885, L:/127.0.0.1:50222 - R:localhost/127.0.0.1:5140]
07:40:05.709 [Forwarding isElementDisplayed on session 8f6fcf8ff69b1e9fa25838365b439fea to remote] DEBUG org.asynchttpclient.netty.request.NettyRequestSender - Using pooled Channel '[id: 0xe5f14885, L:/127.0.0.1:50222 - R:localhost/127.0.0.1:5140]' for 'POST' to 'http://localhost:5140/session/8f6fcf8ff69b1e9fa25838365b439fea/execute/sync'
07:40:05.709 [Forwarding isElementDisplayed on session 8f6fcf8ff69b1e9fa25838365b439fea to remote] DEBUG org.asynchttpclient.netty.request.NettyRequestSender - Using open Channel [id: 0xe5f14885, L:/127.0.0.1:50222 - R:localhost/127.0.0.1:5140] for POST '/session/8f6fcf8ff69b1e9fa25838365b439fea/execute/sync'
07:40:05.727 [AsyncHttpClient-1-8] DEBUG org.asynchttpclient.netty.handler.HttpHandler - 

Request DefaultHttpRequest(decodeResult: success, version: HTTP/1.1)
POST /session/8f6fcf8ff69b1e9fa25838365b439fea/execute/sync HTTP/1.1
User-Agent: selenium/4.13.0 (java mac)
Content-Length: 48814
Content-Type: application/json; charset=utf-8
host: localhost:5140
accept: */*

Response DefaultHttpResponse(decodeResult: success, version: HTTP/1.1)
HTTP/1.1 200 OK
Content-Length: 14
Content-Type: application/json; charset=utf-8
cache-control: no-cache

07:40:05.728 [AsyncHttpClient-1-8] DEBUG org.asynchttpclient.netty.channel.ChannelManager - Adding key: http://localhost:5140 for channel [id: 0xe5f14885, L:/127.0.0.1:50222 - R:localhost/127.0.0.1:5140]
07:40:05.729 [Forwarding isElementEnabled on session 8f6fcf8ff69b1e9fa25838365b439fea to remote] DEBUG org.asynchttpclient.netty.request.NettyRequestSender - Using pooled Channel '[id: 0xe5f14885, L:/127.0.0.1:50222 - R:localhost/127.0.0.1:5140]' for 'GET' to 'http://localhost:5140/session/8f6fcf8ff69b1e9fa25838365b439fea/element/6A45F7DFE96FA521DD5DA3E15FAFDCEB_element_31/enabled'
07:40:05.729 [Forwarding isElementEnabled on session 8f6fcf8ff69b1e9fa25838365b439fea to remote] DEBUG org.asynchttpclient.netty.request.NettyRequestSender - Using open Channel [id: 0xe5f14885, L:/127.0.0.1:50222 - R:localhost/127.0.0.1:5140] for GET '/session/8f6fcf8ff69b1e9fa25838365b439fea/element/6A45F7DFE96FA521DD5DA3E15FAFDCEB_element_31/enabled'
07:40:05.748 [AsyncHttpClient-1-8] DEBUG org.asynchttpclient.netty.handler.HttpHandler - 

Request DefaultFullHttpRequest(decodeResult: success, version: HTTP/1.1, content: EmptyByteBufBE)
GET /session/8f6fcf8ff69b1e9fa25838365b439fea/element/6A45F7DFE96FA521DD5DA3E15FAFDCEB_element_31/enabled HTTP/1.1
Cache-Control: no-cache
User-Agent: selenium/4.13.0 (java mac)
Content-Type: application/json; charset=utf-8
host: localhost:5140
accept: */*

Response DefaultHttpResponse(decodeResult: success, version: HTTP/1.1)
HTTP/1.1 200 OK
Content-Length: 14
Content-Type: application/json; charset=utf-8
cache-control: no-cache

07:40:05.748 [AsyncHttpClient-1-8] DEBUG org.asynchttpclient.netty.channel.ChannelManager - Adding key: http://localhost:5140 for channel [id: 0xe5f14885, L:/127.0.0.1:50222 - R:localhost/127.0.0.1:5140]
07:40:05.750 [Forwarding executeScript on session 8f6fcf8ff69b1e9fa25838365b439fea to remote] DEBUG org.asynchttpclient.netty.request.NettyRequestSender - Using pooled Channel '[id: 0xe5f14885, L:/127.0.0.1:50222 - R:localhost/127.0.0.1:5140]' for 'POST' to 'http://localhost:5140/session/8f6fcf8ff69b1e9fa25838365b439fea/execute/sync'
07:40:05.750 [Forwarding executeScript on session 8f6fcf8ff69b1e9fa25838365b439fea to remote] DEBUG org.asynchttpclient.netty.request.NettyRequestSender - Using open Channel [id: 0xe5f14885, L:/127.0.0.1:50222 - R:localhost/127.0.0.1:5140] for POST '/session/8f6fcf8ff69b1e9fa25838365b439fea/execute/sync'
07:40:05.911 [AsyncHttpClient-1-8] DEBUG org.asynchttpclient.netty.handler.HttpHandler - 

Request DefaultHttpRequest(decodeResult: success, version: HTTP/1.1)
POST /session/8f6fcf8ff69b1e9fa25838365b439fea/execute/sync HTTP/1.1
User-Agent: selenium/4.13.0 (java mac)
Content-Length: 179
Content-Type: application/json; charset=utf-8
host: localhost:5140
accept: */*

Response DefaultHttpResponse(decodeResult: success, version: HTTP/1.1)
HTTP/1.1 200 OK
Content-Length: 14
Content-Type: application/json; charset=utf-8
cache-control: no-cache

07:40:05.912 [AsyncHttpClient-1-8] DEBUG org.asynchttpclient.netty.channel.ChannelManager - Adding key: http://localhost:5140 for channel [id: 0xe5f14885, L:/127.0.0.1:50222 - R:localhost/127.0.0.1:5140]
07:40:05.913 [Forwarding clickElement on session 8f6fcf8ff69b1e9fa25838365b439fea to remote] DEBUG org.asynchttpclient.netty.request.NettyRequestSender - Using pooled Channel '[id: 0xe5f14885, L:/127.0.0.1:50222 - R:localhost/127.0.0.1:5140]' for 'POST' to 'http://localhost:5140/session/8f6fcf8ff69b1e9fa25838365b439fea/element/6A45F7DFE96FA521DD5DA3E15FAFDCEB_element_31/click'
07:40:05.913 [Forwarding clickElement on session 8f6fcf8ff69b1e9fa25838365b439fea to remote] DEBUG org.asynchttpclient.netty.request.NettyRequestSender - Using open Channel [id: 0xe5f14885, L:/127.0.0.1:50222 - R:localhost/127.0.0.1:5140] for POST '/session/8f6fcf8ff69b1e9fa25838365b439fea/element/6A45F7DFE96FA521DD5DA3E15FAFDCEB_element_31/click'
07:40:06.085 [AsyncHttpClient-1-1] DEBUG org.asynchttpclient.netty.channel.DefaultChannelPool - Entry count for : http://localhost:50223 : 1
07:40:07.184 [AsyncHttpClient-1-1] DEBUG org.asynchttpclient.netty.channel.DefaultChannelPool - Entry count for : http://localhost:50223 : 1
07:40:08.032 [AsyncHttpClient-1-8] DEBUG org.asynchttpclient.netty.handler.HttpHandler - 

Request DefaultHttpRequest(decodeResult: success, version: HTTP/1.1)
POST /session/8f6fcf8ff69b1e9fa25838365b439fea/element/6A45F7DFE96FA521DD5DA3E15FAFDCEB_element_31/click HTTP/1.1
User-Agent: selenium/4.13.0 (java mac)
Content-Length: 57
Content-Type: application/json; charset=utf-8
host: localhost:5140
accept: */*

Response DefaultHttpResponse(decodeResult: success, version: HTTP/1.1)
HTTP/1.1 200 OK
Content-Length: 14
Content-Type: application/json; charset=utf-8
cache-control: no-cache

07:40:08.032 [AsyncHttpClient-1-8] DEBUG org.asynchttpclient.netty.channel.ChannelManager - Adding key: http://localhost:5140 for channel [id: 0xe5f14885, L:/127.0.0.1:50222 - R:localhost/127.0.0.1:5140]
Step 3 : Click on round trip radio button.
07:40:08.033 [Forwarding findElement on session 8f6fcf8ff69b1e9fa25838365b439fea to remote] DEBUG org.asynchttpclient.netty.request.NettyRequestSender - Using pooled Channel '[id: 0xe5f14885, L:/127.0.0.1:50222 - R:localhost/127.0.0.1:5140]' for 'POST' to 'http://localhost:5140/session/8f6fcf8ff69b1e9fa25838365b439fea/element'
07:40:08.033 [Forwarding findElement on session 8f6fcf8ff69b1e9fa25838365b439fea to remote] DEBUG org.asynchttpclient.netty.request.NettyRequestSender - Using open Channel [id: 0xe5f14885, L:/127.0.0.1:50222 - R:localhost/127.0.0.1:5140] for POST '/session/8f6fcf8ff69b1e9fa25838365b439fea/element'
07:40:08.080 [AsyncHttpClient-1-8] DEBUG org.asynchttpclient.netty.handler.HttpHandler - 

Request DefaultHttpRequest(decodeResult: success, version: HTTP/1.1)
POST /session/8f6fcf8ff69b1e9fa25838365b439fea/element HTTP/1.1
User-Agent: selenium/4.13.0 (java mac)
Content-Length: 72
Content-Type: application/json; charset=utf-8
host: localhost:5140
accept: */*

Response DefaultHttpResponse(decodeResult: success, version: HTTP/1.1)
HTTP/1.1 404 Not Found
Content-Length: 1944
Content-Type: application/json; charset=utf-8
cache-control: no-cache

07:40:08.081 [AsyncHttpClient-1-8] DEBUG org.asynchttpclient.netty.channel.ChannelManager - Adding key: http://localhost:5140 for channel [id: 0xe5f14885, L:/127.0.0.1:50222 - R:localhost/127.0.0.1:5140]
07:40:08.287 [AsyncHttpClient-1-1] DEBUG org.asynchttpclient.netty.channel.DefaultChannelPool - Entry count for : http://localhost:5140 : 1
07:40:08.287 [AsyncHttpClient-1-1] DEBUG org.asynchttpclient.netty.channel.DefaultChannelPool - Entry count for : http://localhost:50223 : 1
07:40:08.586 [Forwarding findElement on session 8f6fcf8ff69b1e9fa25838365b439fea to remote] DEBUG org.asynchttpclient.netty.request.NettyRequestSender - Using pooled Channel '[id: 0xe5f14885, L:/127.0.0.1:50222 - R:localhost/127.0.0.1:5140]' for 'POST' to 'http://localhost:5140/session/8f6fcf8ff69b1e9fa25838365b439fea/element'
07:40:08.586 [Forwarding findElement on session 8f6fcf8ff69b1e9fa25838365b439fea to remote] DEBUG org.asynchttpclient.netty.request.NettyRequestSender - Using open Channel [id: 0xe5f14885, L:/127.0.0.1:50222 - R:localhost/127.0.0.1:5140] for POST '/session/8f6fcf8ff69b1e9fa25838365b439fea/element'
07:40:08.717 [AsyncHttpClient-1-8] DEBUG org.asynchttpclient.netty.handler.HttpHandler - 

Request DefaultHttpRequest(decodeResult: success, version: HTTP/1.1)
POST /session/8f6fcf8ff69b1e9fa25838365b439fea/element HTTP/1.1
User-Agent: selenium/4.13.0 (java mac)
Content-Length: 72
Content-Type: application/json; charset=utf-8
host: localhost:5140
accept: */*

Response DefaultHttpResponse(decodeResult: success, version: HTTP/1.1)
HTTP/1.1 200 OK
Content-Length: 96
Content-Type: application/json; charset=utf-8
cache-control: no-cache

07:40:08.718 [AsyncHttpClient-1-8] DEBUG org.asynchttpclient.netty.channel.ChannelManager - Adding key: http://localhost:5140 for channel [id: 0xe5f14885, L:/127.0.0.1:50222 - R:localhost/127.0.0.1:5140]
07:40:08.721 [Forwarding isElementDisplayed on session 8f6fcf8ff69b1e9fa25838365b439fea to remote] DEBUG org.asynchttpclient.netty.request.NettyRequestSender - Using pooled Channel '[id: 0xe5f14885, L:/127.0.0.1:50222 - R:localhost/127.0.0.1:5140]' for 'POST' to 'http://localhost:5140/session/8f6fcf8ff69b1e9fa25838365b439fea/execute/sync'
07:40:08.721 [Forwarding isElementDisplayed on session 8f6fcf8ff69b1e9fa25838365b439fea to remote] DEBUG org.asynchttpclient.netty.request.NettyRequestSender - Using open Channel [id: 0xe5f14885, L:/127.0.0.1:50222 - R:localhost/127.0.0.1:5140] for POST '/session/8f6fcf8ff69b1e9fa25838365b439fea/execute/sync'
07:40:08.748 [AsyncHttpClient-1-8] DEBUG org.asynchttpclient.netty.handler.HttpHandler - 

Request DefaultHttpRequest(decodeResult: success, version: HTTP/1.1)
POST /session/8f6fcf8ff69b1e9fa25838365b439fea/execute/sync HTTP/1.1
User-Agent: selenium/4.13.0 (java mac)
Content-Length: 48815
Content-Type: application/json; charset=utf-8
host: localhost:5140
accept: */*

Response DefaultHttpResponse(decodeResult: success, version: HTTP/1.1)
HTTP/1.1 200 OK
Content-Length: 14
Content-Type: application/json; charset=utf-8
cache-control: no-cache

07:40:08.748 [AsyncHttpClient-1-8] DEBUG org.asynchttpclient.netty.channel.ChannelManager - Adding key: http://localhost:5140 for channel [id: 0xe5f14885, L:/127.0.0.1:50222 - R:localhost/127.0.0.1:5140]
07:40:08.749 [Forwarding isElementEnabled on session 8f6fcf8ff69b1e9fa25838365b439fea to remote] DEBUG org.asynchttpclient.netty.request.NettyRequestSender - Using pooled Channel '[id: 0xe5f14885, L:/127.0.0.1:50222 - R:localhost/127.0.0.1:5140]' for 'GET' to 'http://localhost:5140/session/8f6fcf8ff69b1e9fa25838365b439fea/element/32771B87843642E341AA0D54664969D3_element_225/enabled'
07:40:08.749 [Forwarding isElementEnabled on session 8f6fcf8ff69b1e9fa25838365b439fea to remote] DEBUG org.asynchttpclient.netty.request.NettyRequestSender - Using open Channel [id: 0xe5f14885, L:/127.0.0.1:50222 - R:localhost/127.0.0.1:5140] for GET '/session/8f6fcf8ff69b1e9fa25838365b439fea/element/32771B87843642E341AA0D54664969D3_element_225/enabled'
07:40:08.754 [AsyncHttpClient-1-8] DEBUG org.asynchttpclient.netty.handler.HttpHandler - 

Request DefaultFullHttpRequest(decodeResult: success, version: HTTP/1.1, content: EmptyByteBufBE)
GET /session/8f6fcf8ff69b1e9fa25838365b439fea/element/32771B87843642E341AA0D54664969D3_element_225/enabled HTTP/1.1
Cache-Control: no-cache
User-Agent: selenium/4.13.0 (java mac)
Content-Type: application/json; charset=utf-8
host: localhost:5140
accept: */*

Response DefaultHttpResponse(decodeResult: success, version: HTTP/1.1)
HTTP/1.1 200 OK
Content-Length: 14
Content-Type: application/json; charset=utf-8
cache-control: no-cache

07:40:08.755 [AsyncHttpClient-1-8] DEBUG org.asynchttpclient.netty.channel.ChannelManager - Adding key: http://localhost:5140 for channel [id: 0xe5f14885, L:/127.0.0.1:50222 - R:localhost/127.0.0.1:5140]
07:40:08.756 [Forwarding executeScript on session 8f6fcf8ff69b1e9fa25838365b439fea to remote] DEBUG org.asynchttpclient.netty.request.NettyRequestSender - Using pooled Channel '[id: 0xe5f14885, L:/127.0.0.1:50222 - R:localhost/127.0.0.1:5140]' for 'POST' to 'http://localhost:5140/session/8f6fcf8ff69b1e9fa25838365b439fea/execute/sync'
07:40:08.757 [Forwarding executeScript on session 8f6fcf8ff69b1e9fa25838365b439fea to remote] DEBUG org.asynchttpclient.netty.request.NettyRequestSender - Using open Channel [id: 0xe5f14885, L:/127.0.0.1:50222 - R:localhost/127.0.0.1:5140] for POST '/session/8f6fcf8ff69b1e9fa25838365b439fea/execute/sync'
07:40:08.760 [AsyncHttpClient-1-8] DEBUG org.asynchttpclient.netty.handler.HttpHandler - 

Request DefaultHttpRequest(decodeResult: success, version: HTTP/1.1)
POST /session/8f6fcf8ff69b1e9fa25838365b439fea/execute/sync HTTP/1.1
User-Agent: selenium/4.13.0 (java mac)
Content-Length: 180
Content-Type: application/json; charset=utf-8
host: localhost:5140
accept: */*

Response DefaultHttpResponse(decodeResult: success, version: HTTP/1.1)
HTTP/1.1 200 OK
Content-Length: 14
Content-Type: application/json; charset=utf-8
cache-control: no-cache

07:40:08.760 [AsyncHttpClient-1-8] DEBUG org.asynchttpclient.netty.channel.ChannelManager - Adding key: http://localhost:5140 for channel [id: 0xe5f14885, L:/127.0.0.1:50222 - R:localhost/127.0.0.1:5140]
07:40:08.761 [Forwarding clickElement on session 8f6fcf8ff69b1e9fa25838365b439fea to remote] DEBUG org.asynchttpclient.netty.request.NettyRequestSender - Using pooled Channel '[id: 0xe5f14885, L:/127.0.0.1:50222 - R:localhost/127.0.0.1:5140]' for 'POST' to 'http://localhost:5140/session/8f6fcf8ff69b1e9fa25838365b439fea/element/32771B87843642E341AA0D54664969D3_element_225/click'
07:40:08.761 [Forwarding clickElement on session 8f6fcf8ff69b1e9fa25838365b439fea to remote] DEBUG org.asynchttpclient.netty.request.NettyRequestSender - Using open Channel [id: 0xe5f14885, L:/127.0.0.1:50222 - R:localhost/127.0.0.1:5140] for POST '/session/8f6fcf8ff69b1e9fa25838365b439fea/element/32771B87843642E341AA0D54664969D3_element_225/click'
07:40:08.857 [AsyncHttpClient-1-8] DEBUG org.asynchttpclient.netty.handler.HttpHandler - 

Request DefaultHttpRequest(decodeResult: success, version: HTTP/1.1)
POST /session/8f6fcf8ff69b1e9fa25838365b439fea/element/32771B87843642E341AA0D54664969D3_element_225/click HTTP/1.1
User-Agent: selenium/4.13.0 (java mac)
Content-Length: 58
Content-Type: application/json; charset=utf-8
host: localhost:5140
accept: */*

Response DefaultHttpResponse(decodeResult: success, version: HTTP/1.1)
HTTP/1.1 200 OK
Content-Length: 14
Content-Type: application/json; charset=utf-8
cache-control: no-cache

07:40:08.857 [AsyncHttpClient-1-8] DEBUG org.asynchttpclient.netty.channel.ChannelManager - Adding key: http://localhost:5140 for channel [id: 0xe5f14885, L:/127.0.0.1:50222 - R:localhost/127.0.0.1:5140]
Step 4 : Enter ahmedabad in from textbox.
07:40:08.859 [Forwarding findElement on session 8f6fcf8ff69b1e9fa25838365b439fea to remote] DEBUG org.asynchttpclient.netty.request.NettyRequestSender - Using pooled Channel '[id: 0xe5f14885, L:/127.0.0.1:50222 - R:localhost/127.0.0.1:5140]' for 'POST' to 'http://localhost:5140/session/8f6fcf8ff69b1e9fa25838365b439fea/element'
07:40:08.859 [Forwarding findElement on session 8f6fcf8ff69b1e9fa25838365b439fea to remote] DEBUG org.asynchttpclient.netty.request.NettyRequestSender - Using open Channel [id: 0xe5f14885, L:/127.0.0.1:50222 - R:localhost/127.0.0.1:5140] for POST '/session/8f6fcf8ff69b1e9fa25838365b439fea/element'
07:40:08.868 [AsyncHttpClient-1-8] DEBUG org.asynchttpclient.netty.handler.HttpHandler - 

Request DefaultHttpRequest(decodeResult: success, version: HTTP/1.1)
POST /session/8f6fcf8ff69b1e9fa25838365b439fea/element HTTP/1.1
User-Agent: selenium/4.13.0 (java mac)
Content-Length: 70
Content-Type: application/json; charset=utf-8
host: localhost:5140
accept: */*

Response DefaultHttpResponse(decodeResult: success, version: HTTP/1.1)
HTTP/1.1 200 OK
Content-Length: 96
Content-Type: application/json; charset=utf-8
cache-control: no-cache

07:40:08.869 [AsyncHttpClient-1-8] DEBUG org.asynchttpclient.netty.channel.ChannelManager - Adding key: http://localhost:5140 for channel [id: 0xe5f14885, L:/127.0.0.1:50222 - R:localhost/127.0.0.1:5140]
07:40:08.870 [Forwarding isElementDisplayed on session 8f6fcf8ff69b1e9fa25838365b439fea to remote] DEBUG org.asynchttpclient.netty.request.NettyRequestSender - Using pooled Channel '[id: 0xe5f14885, L:/127.0.0.1:50222 - R:localhost/127.0.0.1:5140]' for 'POST' to 'http://localhost:5140/session/8f6fcf8ff69b1e9fa25838365b439fea/execute/sync'
07:40:08.870 [Forwarding isElementDisplayed on session 8f6fcf8ff69b1e9fa25838365b439fea to remote] DEBUG org.asynchttpclient.netty.request.NettyRequestSender - Using open Channel [id: 0xe5f14885, L:/127.0.0.1:50222 - R:localhost/127.0.0.1:5140] for POST '/session/8f6fcf8ff69b1e9fa25838365b439fea/execute/sync'
07:40:08.879 [AsyncHttpClient-1-8] DEBUG org.asynchttpclient.netty.handler.HttpHandler - 

Request DefaultHttpRequest(decodeResult: success, version: HTTP/1.1)
POST /session/8f6fcf8ff69b1e9fa25838365b439fea/execute/sync HTTP/1.1
User-Agent: selenium/4.13.0 (java mac)
Content-Length: 48815
Content-Type: application/json; charset=utf-8
host: localhost:5140
accept: */*

Response DefaultHttpResponse(decodeResult: success, version: HTTP/1.1)
HTTP/1.1 200 OK
Content-Length: 14
Content-Type: application/json; charset=utf-8
cache-control: no-cache

07:40:08.879 [AsyncHttpClient-1-8] DEBUG org.asynchttpclient.netty.channel.ChannelManager - Adding key: http://localhost:5140 for channel [id: 0xe5f14885, L:/127.0.0.1:50222 - R:localhost/127.0.0.1:5140]
07:40:08.880 [Forwarding isElementEnabled on session 8f6fcf8ff69b1e9fa25838365b439fea to remote] DEBUG org.asynchttpclient.netty.request.NettyRequestSender - Using pooled Channel '[id: 0xe5f14885, L:/127.0.0.1:50222 - R:localhost/127.0.0.1:5140]' for 'GET' to 'http://localhost:5140/session/8f6fcf8ff69b1e9fa25838365b439fea/element/32771B87843642E341AA0D54664969D3_element_266/enabled'
07:40:08.880 [Forwarding isElementEnabled on session 8f6fcf8ff69b1e9fa25838365b439fea to remote] DEBUG org.asynchttpclient.netty.request.NettyRequestSender - Using open Channel [id: 0xe5f14885, L:/127.0.0.1:50222 - R:localhost/127.0.0.1:5140] for GET '/session/8f6fcf8ff69b1e9fa25838365b439fea/element/32771B87843642E341AA0D54664969D3_element_266/enabled'
07:40:08.887 [AsyncHttpClient-1-8] DEBUG org.asynchttpclient.netty.handler.HttpHandler - 

Request DefaultFullHttpRequest(decodeResult: success, version: HTTP/1.1, content: EmptyByteBufBE)
GET /session/8f6fcf8ff69b1e9fa25838365b439fea/element/32771B87843642E341AA0D54664969D3_element_266/enabled HTTP/1.1
Cache-Control: no-cache
User-Agent: selenium/4.13.0 (java mac)
Content-Type: application/json; charset=utf-8
host: localhost:5140
accept: */*

Response DefaultHttpResponse(decodeResult: success, version: HTTP/1.1)
HTTP/1.1 200 OK
Content-Length: 14
Content-Type: application/json; charset=utf-8
cache-control: no-cache

07:40:08.888 [AsyncHttpClient-1-8] DEBUG org.asynchttpclient.netty.channel.ChannelManager - Adding key: http://localhost:5140 for channel [id: 0xe5f14885, L:/127.0.0.1:50222 - R:localhost/127.0.0.1:5140]
07:40:08.890 [Forwarding executeScript on session 8f6fcf8ff69b1e9fa25838365b439fea to remote] DEBUG org.asynchttpclient.netty.request.NettyRequestSender - Using pooled Channel '[id: 0xe5f14885, L:/127.0.0.1:50222 - R:localhost/127.0.0.1:5140]' for 'POST' to 'http://localhost:5140/session/8f6fcf8ff69b1e9fa25838365b439fea/execute/sync'
07:40:08.890 [Forwarding executeScript on session 8f6fcf8ff69b1e9fa25838365b439fea to remote] DEBUG org.asynchttpclient.netty.request.NettyRequestSender - Using open Channel [id: 0xe5f14885, L:/127.0.0.1:50222 - R:localhost/127.0.0.1:5140] for POST '/session/8f6fcf8ff69b1e9fa25838365b439fea/execute/sync'
07:40:08.895 [AsyncHttpClient-1-8] DEBUG org.asynchttpclient.netty.handler.HttpHandler - 

Request DefaultHttpRequest(decodeResult: success, version: HTTP/1.1)
POST /session/8f6fcf8ff69b1e9fa25838365b439fea/execute/sync HTTP/1.1
User-Agent: selenium/4.13.0 (java mac)
Content-Length: 180
Content-Type: application/json; charset=utf-8
host: localhost:5140
accept: */*

Response DefaultHttpResponse(decodeResult: success, version: HTTP/1.1)
HTTP/1.1 200 OK
Content-Length: 14
Content-Type: application/json; charset=utf-8
cache-control: no-cache

07:40:08.895 [AsyncHttpClient-1-8] DEBUG org.asynchttpclient.netty.channel.ChannelManager - Adding key: http://localhost:5140 for channel [id: 0xe5f14885, L:/127.0.0.1:50222 - R:localhost/127.0.0.1:5140]
07:40:08.896 [Forwarding clickElement on session 8f6fcf8ff69b1e9fa25838365b439fea to remote] DEBUG org.asynchttpclient.netty.request.NettyRequestSender - Using pooled Channel '[id: 0xe5f14885, L:/127.0.0.1:50222 - R:localhost/127.0.0.1:5140]' for 'POST' to 'http://localhost:5140/session/8f6fcf8ff69b1e9fa25838365b439fea/element/32771B87843642E341AA0D54664969D3_element_266/click'
07:40:08.896 [Forwarding clickElement on session 8f6fcf8ff69b1e9fa25838365b439fea to remote] DEBUG org.asynchttpclient.netty.request.NettyRequestSender - Using open Channel [id: 0xe5f14885, L:/127.0.0.1:50222 - R:localhost/127.0.0.1:5140] for POST '/session/8f6fcf8ff69b1e9fa25838365b439fea/element/32771B87843642E341AA0D54664969D3_element_266/click'
07:40:09.075 [AsyncHttpClient-1-8] DEBUG org.asynchttpclient.netty.handler.HttpHandler - 

Request DefaultHttpRequest(decodeResult: success, version: HTTP/1.1)
POST /session/8f6fcf8ff69b1e9fa25838365b439fea/element/32771B87843642E341AA0D54664969D3_element_266/click HTTP/1.1
User-Agent: selenium/4.13.0 (java mac)
Content-Length: 58
Content-Type: application/json; charset=utf-8
host: localhost:5140
accept: */*

Response DefaultHttpResponse(decodeResult: success, version: HTTP/1.1)
HTTP/1.1 200 OK
Content-Length: 14
Content-Type: application/json; charset=utf-8
cache-control: no-cache

07:40:09.075 [AsyncHttpClient-1-8] DEBUG org.asynchttpclient.netty.channel.ChannelManager - Adding key: http://localhost:5140 for channel [id: 0xe5f14885, L:/127.0.0.1:50222 - R:localhost/127.0.0.1:5140]
07:40:09.076 [Forwarding findElement on session 8f6fcf8ff69b1e9fa25838365b439fea to remote] DEBUG org.asynchttpclient.netty.request.NettyRequestSender - Using pooled Channel '[id: 0xe5f14885, L:/127.0.0.1:50222 - R:localhost/127.0.0.1:5140]' for 'POST' to 'http://localhost:5140/session/8f6fcf8ff69b1e9fa25838365b439fea/element'
07:40:09.076 [Forwarding findElement on session 8f6fcf8ff69b1e9fa25838365b439fea to remote] DEBUG org.asynchttpclient.netty.request.NettyRequestSender - Using open Channel [id: 0xe5f14885, L:/127.0.0.1:50222 - R:localhost/127.0.0.1:5140] for POST '/session/8f6fcf8ff69b1e9fa25838365b439fea/element'
07:40:09.087 [AsyncHttpClient-1-8] DEBUG org.asynchttpclient.netty.handler.HttpHandler - 

Request DefaultHttpRequest(decodeResult: success, version: HTTP/1.1)
POST /session/8f6fcf8ff69b1e9fa25838365b439fea/element HTTP/1.1
User-Agent: selenium/4.13.0 (java mac)
Content-Length: 75
Content-Type: application/json; charset=utf-8
host: localhost:5140
accept: */*

Response DefaultHttpResponse(decodeResult: success, version: HTTP/1.1)
HTTP/1.1 200 OK
Content-Length: 96
Content-Type: application/json; charset=utf-8
cache-control: no-cache

07:40:09.088 [AsyncHttpClient-1-8] DEBUG org.asynchttpclient.netty.channel.ChannelManager - Adding key: http://localhost:5140 for channel [id: 0xe5f14885, L:/127.0.0.1:50222 - R:localhost/127.0.0.1:5140]
07:40:09.091 [Forwarding isElementDisplayed on session 8f6fcf8ff69b1e9fa25838365b439fea to remote] DEBUG org.asynchttpclient.netty.request.NettyRequestSender - Using pooled Channel '[id: 0xe5f14885, L:/127.0.0.1:50222 - R:localhost/127.0.0.1:5140]' for 'POST' to 'http://localhost:5140/session/8f6fcf8ff69b1e9fa25838365b439fea/execute/sync'
07:40:09.091 [Forwarding isElementDisplayed on session 8f6fcf8ff69b1e9fa25838365b439fea to remote] DEBUG org.asynchttpclient.netty.request.NettyRequestSender - Using open Channel [id: 0xe5f14885, L:/127.0.0.1:50222 - R:localhost/127.0.0.1:5140] for POST '/session/8f6fcf8ff69b1e9fa25838365b439fea/execute/sync'
07:40:09.099 [AsyncHttpClient-1-8] DEBUG org.asynchttpclient.netty.handler.HttpHandler - 

Request DefaultHttpRequest(decodeResult: success, version: HTTP/1.1)
POST /session/8f6fcf8ff69b1e9fa25838365b439fea/execute/sync HTTP/1.1
User-Agent: selenium/4.13.0 (java mac)
Content-Length: 48815
Content-Type: application/json; charset=utf-8
host: localhost:5140
accept: */*

Response DefaultHttpResponse(decodeResult: success, version: HTTP/1.1)
HTTP/1.1 200 OK
Content-Length: 14
Content-Type: application/json; charset=utf-8
cache-control: no-cache

07:40:09.099 [AsyncHttpClient-1-8] DEBUG org.asynchttpclient.netty.channel.ChannelManager - Adding key: http://localhost:5140 for channel [id: 0xe5f14885, L:/127.0.0.1:50222 - R:localhost/127.0.0.1:5140]
07:40:09.100 [Forwarding isElementEnabled on session 8f6fcf8ff69b1e9fa25838365b439fea to remote] DEBUG org.asynchttpclient.netty.request.NettyRequestSender - Using pooled Channel '[id: 0xe5f14885, L:/127.0.0.1:50222 - R:localhost/127.0.0.1:5140]' for 'GET' to 'http://localhost:5140/session/8f6fcf8ff69b1e9fa25838365b439fea/element/32771B87843642E341AA0D54664969D3_element_269/enabled'
07:40:09.100 [Forwarding isElementEnabled on session 8f6fcf8ff69b1e9fa25838365b439fea to remote] DEBUG org.asynchttpclient.netty.request.NettyRequestSender - Using open Channel [id: 0xe5f14885, L:/127.0.0.1:50222 - R:localhost/127.0.0.1:5140] for GET '/session/8f6fcf8ff69b1e9fa25838365b439fea/element/32771B87843642E341AA0D54664969D3_element_269/enabled'
07:40:09.108 [AsyncHttpClient-1-8] DEBUG org.asynchttpclient.netty.handler.HttpHandler - 

Request DefaultFullHttpRequest(decodeResult: success, version: HTTP/1.1, content: EmptyByteBufBE)
GET /session/8f6fcf8ff69b1e9fa25838365b439fea/element/32771B87843642E341AA0D54664969D3_element_269/enabled HTTP/1.1
Cache-Control: no-cache
User-Agent: selenium/4.13.0 (java mac)
Content-Type: application/json; charset=utf-8
host: localhost:5140
accept: */*

Response DefaultHttpResponse(decodeResult: success, version: HTTP/1.1)
HTTP/1.1 200 OK
Content-Length: 14
Content-Type: application/json; charset=utf-8
cache-control: no-cache

07:40:09.108 [AsyncHttpClient-1-8] DEBUG org.asynchttpclient.netty.channel.ChannelManager - Adding key: http://localhost:5140 for channel [id: 0xe5f14885, L:/127.0.0.1:50222 - R:localhost/127.0.0.1:5140]
07:40:09.109 [Forwarding executeScript on session 8f6fcf8ff69b1e9fa25838365b439fea to remote] DEBUG org.asynchttpclient.netty.request.NettyRequestSender - Using pooled Channel '[id: 0xe5f14885, L:/127.0.0.1:50222 - R:localhost/127.0.0.1:5140]' for 'POST' to 'http://localhost:5140/session/8f6fcf8ff69b1e9fa25838365b439fea/execute/sync'
07:40:09.109 [Forwarding executeScript on session 8f6fcf8ff69b1e9fa25838365b439fea to remote] DEBUG org.asynchttpclient.netty.request.NettyRequestSender - Using open Channel [id: 0xe5f14885, L:/127.0.0.1:50222 - R:localhost/127.0.0.1:5140] for POST '/session/8f6fcf8ff69b1e9fa25838365b439fea/execute/sync'
07:40:09.113 [AsyncHttpClient-1-8] DEBUG org.asynchttpclient.netty.handler.HttpHandler - 

Request DefaultHttpRequest(decodeResult: success, version: HTTP/1.1)
POST /session/8f6fcf8ff69b1e9fa25838365b439fea/execute/sync HTTP/1.1
User-Agent: selenium/4.13.0 (java mac)
Content-Length: 180
Content-Type: application/json; charset=utf-8
host: localhost:5140
accept: */*

Response DefaultHttpResponse(decodeResult: success, version: HTTP/1.1)
HTTP/1.1 200 OK
Content-Length: 14
Content-Type: application/json; charset=utf-8
cache-control: no-cache

07:40:09.113 [AsyncHttpClient-1-8] DEBUG org.asynchttpclient.netty.channel.ChannelManager - Adding key: http://localhost:5140 for channel [id: 0xe5f14885, L:/127.0.0.1:50222 - R:localhost/127.0.0.1:5140]
07:40:09.114 [Forwarding clearElement on session 8f6fcf8ff69b1e9fa25838365b439fea to remote] DEBUG org.asynchttpclient.netty.request.NettyRequestSender - Using pooled Channel '[id: 0xe5f14885, L:/127.0.0.1:50222 - R:localhost/127.0.0.1:5140]' for 'POST' to 'http://localhost:5140/session/8f6fcf8ff69b1e9fa25838365b439fea/element/32771B87843642E341AA0D54664969D3_element_269/clear'
07:40:09.114 [Forwarding clearElement on session 8f6fcf8ff69b1e9fa25838365b439fea to remote] DEBUG org.asynchttpclient.netty.request.NettyRequestSender - Using open Channel [id: 0xe5f14885, L:/127.0.0.1:50222 - R:localhost/127.0.0.1:5140] for POST '/session/8f6fcf8ff69b1e9fa25838365b439fea/element/32771B87843642E341AA0D54664969D3_element_269/clear'
07:40:09.142 [AsyncHttpClient-1-8] DEBUG org.asynchttpclient.netty.handler.HttpHandler - 

Request DefaultHttpRequest(decodeResult: success, version: HTTP/1.1)
POST /session/8f6fcf8ff69b1e9fa25838365b439fea/element/32771B87843642E341AA0D54664969D3_element_269/clear HTTP/1.1
User-Agent: selenium/4.13.0 (java mac)
Content-Length: 58
Content-Type: application/json; charset=utf-8
host: localhost:5140
accept: */*

Response DefaultHttpResponse(decodeResult: success, version: HTTP/1.1)
HTTP/1.1 200 OK
Content-Length: 14
Content-Type: application/json; charset=utf-8
cache-control: no-cache

07:40:09.142 [AsyncHttpClient-1-8] DEBUG org.asynchttpclient.netty.channel.ChannelManager - Adding key: http://localhost:5140 for channel [id: 0xe5f14885, L:/127.0.0.1:50222 - R:localhost/127.0.0.1:5140]
07:40:09.144 [Forwarding sendKeysToElement on session 8f6fcf8ff69b1e9fa25838365b439fea to remote] DEBUG org.asynchttpclient.netty.request.NettyRequestSender - Using pooled Channel '[id: 0xe5f14885, L:/127.0.0.1:50222 - R:localhost/127.0.0.1:5140]' for 'POST' to 'http://localhost:5140/session/8f6fcf8ff69b1e9fa25838365b439fea/element/32771B87843642E341AA0D54664969D3_element_269/value'
07:40:09.144 [Forwarding sendKeysToElement on session 8f6fcf8ff69b1e9fa25838365b439fea to remote] DEBUG org.asynchttpclient.netty.request.NettyRequestSender - Using open Channel [id: 0xe5f14885, L:/127.0.0.1:50222 - R:localhost/127.0.0.1:5140] for POST '/session/8f6fcf8ff69b1e9fa25838365b439fea/element/32771B87843642E341AA0D54664969D3_element_269/value'
07:40:09.233 [AsyncHttpClient-1-8] DEBUG org.asynchttpclient.netty.handler.HttpHandler - 

Request DefaultHttpRequest(decodeResult: success, version: HTTP/1.1)
POST /session/8f6fcf8ff69b1e9fa25838365b439fea/element/32771B87843642E341AA0D54664969D3_element_269/value HTTP/1.1
User-Agent: selenium/4.13.0 (java mac)
Content-Length: 179
Content-Type: application/json; charset=utf-8
host: localhost:5140
accept: */*

Response DefaultHttpResponse(decodeResult: success, version: HTTP/1.1)
HTTP/1.1 200 OK
Content-Length: 14
Content-Type: application/json; charset=utf-8
cache-control: no-cache

07:40:09.233 [AsyncHttpClient-1-8] DEBUG org.asynchttpclient.netty.channel.ChannelManager - Adding key: http://localhost:5140 for channel [id: 0xe5f14885, L:/127.0.0.1:50222 - R:localhost/127.0.0.1:5140]
07:40:09.234 [Forwarding setTimeout on session 8f6fcf8ff69b1e9fa25838365b439fea to remote] DEBUG org.asynchttpclient.netty.request.NettyRequestSender - Using pooled Channel '[id: 0xe5f14885, L:/127.0.0.1:50222 - R:localhost/127.0.0.1:5140]' for 'POST' to 'http://localhost:5140/session/8f6fcf8ff69b1e9fa25838365b439fea/timeouts'
07:40:09.234 [Forwarding setTimeout on session 8f6fcf8ff69b1e9fa25838365b439fea to remote] DEBUG org.asynchttpclient.netty.request.NettyRequestSender - Using open Channel [id: 0xe5f14885, L:/127.0.0.1:50222 - R:localhost/127.0.0.1:5140] for POST '/session/8f6fcf8ff69b1e9fa25838365b439fea/timeouts'
07:40:09.235 [AsyncHttpClient-1-8] DEBUG org.asynchttpclient.netty.handler.HttpHandler - 

Request DefaultHttpRequest(decodeResult: success, version: HTTP/1.1)
POST /session/8f6fcf8ff69b1e9fa25838365b439fea/timeouts HTTP/1.1
User-Agent: selenium/4.13.0 (java mac)
Content-Length: 22
Content-Type: application/json; charset=utf-8
host: localhost:5140
accept: */*

Response DefaultHttpResponse(decodeResult: success, version: HTTP/1.1)
HTTP/1.1 200 OK
Content-Length: 14
Content-Type: application/json; charset=utf-8
cache-control: no-cache

07:40:09.235 [AsyncHttpClient-1-8] DEBUG org.asynchttpclient.netty.channel.ChannelManager - Adding key: http://localhost:5140 for channel [id: 0xe5f14885, L:/127.0.0.1:50222 - R:localhost/127.0.0.1:5140]
07:40:09.387 [AsyncHttpClient-1-1] DEBUG org.asynchttpclient.netty.channel.DefaultChannelPool - Entry count for : http://localhost:5140 : 1
07:40:09.387 [AsyncHttpClient-1-1] DEBUG org.asynchttpclient.netty.channel.DefaultChannelPool - Entry count for : http://localhost:50223 : 1
07:40:10.247 [Forwarding actions on session 8f6fcf8ff69b1e9fa25838365b439fea to remote] DEBUG org.asynchttpclient.netty.request.NettyRequestSender - Using pooled Channel '[id: 0xe5f14885, L:/127.0.0.1:50222 - R:localhost/127.0.0.1:5140]' for 'POST' to 'http://localhost:5140/session/8f6fcf8ff69b1e9fa25838365b439fea/actions'
07:40:10.247 [Forwarding actions on session 8f6fcf8ff69b1e9fa25838365b439fea to remote] DEBUG org.asynchttpclient.netty.request.NettyRequestSender - Using open Channel [id: 0xe5f14885, L:/127.0.0.1:50222 - R:localhost/127.0.0.1:5140] for POST '/session/8f6fcf8ff69b1e9fa25838365b439fea/actions'
07:40:10.278 [AsyncHttpClient-1-8] DEBUG org.asynchttpclient.netty.handler.HttpHandler - 

Request DefaultHttpRequest(decodeResult: success, version: HTTP/1.1)
POST /session/8f6fcf8ff69b1e9fa25838365b439fea/actions HTTP/1.1
User-Agent: selenium/4.13.0 (java mac)
Content-Length: 409
Content-Type: application/json; charset=utf-8
host: localhost:5140
accept: */*

Response DefaultHttpResponse(decodeResult: success, version: HTTP/1.1)
HTTP/1.1 200 OK
Content-Length: 14
Content-Type: application/json; charset=utf-8
cache-control: no-cache

07:40:10.279 [AsyncHttpClient-1-8] DEBUG org.asynchttpclient.netty.channel.ChannelManager - Adding key: http://localhost:5140 for channel [id: 0xe5f14885, L:/127.0.0.1:50222 - R:localhost/127.0.0.1:5140]
07:40:10.280 [Forwarding findElement on session 8f6fcf8ff69b1e9fa25838365b439fea to remote] DEBUG org.asynchttpclient.netty.request.NettyRequestSender - Using pooled Channel '[id: 0xe5f14885, L:/127.0.0.1:50222 - R:localhost/127.0.0.1:5140]' for 'POST' to 'http://localhost:5140/session/8f6fcf8ff69b1e9fa25838365b439fea/element'
07:40:10.280 [Forwarding findElement on session 8f6fcf8ff69b1e9fa25838365b439fea to remote] DEBUG org.asynchttpclient.netty.request.NettyRequestSender - Using open Channel [id: 0xe5f14885, L:/127.0.0.1:50222 - R:localhost/127.0.0.1:5140] for POST '/session/8f6fcf8ff69b1e9fa25838365b439fea/element'
07:40:10.287 [AsyncHttpClient-1-8] DEBUG org.asynchttpclient.netty.handler.HttpHandler - 

Request DefaultHttpRequest(decodeResult: success, version: HTTP/1.1)
POST /session/8f6fcf8ff69b1e9fa25838365b439fea/element HTTP/1.1
User-Agent: selenium/4.13.0 (java mac)
Content-Length: 70
Content-Type: application/json; charset=utf-8
host: localhost:5140
accept: */*

Response DefaultHttpResponse(decodeResult: success, version: HTTP/1.1)
HTTP/1.1 200 OK
Content-Length: 96
Content-Type: application/json; charset=utf-8
cache-control: no-cache

07:40:10.287 [AsyncHttpClient-1-8] DEBUG org.asynchttpclient.netty.channel.ChannelManager - Adding key: http://localhost:5140 for channel [id: 0xe5f14885, L:/127.0.0.1:50222 - R:localhost/127.0.0.1:5140]
07:40:10.290 [Forwarding getElementAttribute on session 8f6fcf8ff69b1e9fa25838365b439fea to remote] DEBUG org.asynchttpclient.netty.request.NettyRequestSender - Using pooled Channel '[id: 0xe5f14885, L:/127.0.0.1:50222 - R:localhost/127.0.0.1:5140]' for 'POST' to 'http://localhost:5140/session/8f6fcf8ff69b1e9fa25838365b439fea/execute/sync'
07:40:10.290 [Forwarding getElementAttribute on session 8f6fcf8ff69b1e9fa25838365b439fea to remote] DEBUG org.asynchttpclient.netty.request.NettyRequestSender - Using open Channel [id: 0xe5f14885, L:/127.0.0.1:50222 - R:localhost/127.0.0.1:5140] for POST '/session/8f6fcf8ff69b1e9fa25838365b439fea/execute/sync'
07:40:10.326 [AsyncHttpClient-1-8] DEBUG org.asynchttpclient.netty.handler.HttpHandler - 

Request DefaultHttpRequest(decodeResult: success, version: HTTP/1.1)
POST /session/8f6fcf8ff69b1e9fa25838365b439fea/execute/sync HTTP/1.1
User-Agent: selenium/4.13.0 (java mac)
Content-Length: 47376
Content-Type: application/json; charset=utf-8
host: localhost:5140
accept: */*

Response DefaultHttpResponse(decodeResult: success, version: HTTP/1.1)
HTTP/1.1 200 OK
Content-Length: 21
Content-Type: application/json; charset=utf-8
cache-control: no-cache

07:40:10.326 [AsyncHttpClient-1-8] DEBUG org.asynchttpclient.netty.channel.ChannelManager - Adding key: http://localhost:5140 for channel [id: 0xe5f14885, L:/127.0.0.1:50222 - R:localhost/127.0.0.1:5140]
Step 5 : Enter singapre in to textbox.
07:40:10.327 [Forwarding findElement on session 8f6fcf8ff69b1e9fa25838365b439fea to remote] DEBUG org.asynchttpclient.netty.request.NettyRequestSender - Using pooled Channel '[id: 0xe5f14885, L:/127.0.0.1:50222 - R:localhost/127.0.0.1:5140]' for 'POST' to 'http://localhost:5140/session/8f6fcf8ff69b1e9fa25838365b439fea/element'
07:40:10.327 [Forwarding findElement on session 8f6fcf8ff69b1e9fa25838365b439fea to remote] DEBUG org.asynchttpclient.netty.request.NettyRequestSender - Using open Channel [id: 0xe5f14885, L:/127.0.0.1:50222 - R:localhost/127.0.0.1:5140] for POST '/session/8f6fcf8ff69b1e9fa25838365b439fea/element'
07:40:10.337 [AsyncHttpClient-1-8] DEBUG org.asynchttpclient.netty.handler.HttpHandler - 

Request DefaultHttpRequest(decodeResult: success, version: HTTP/1.1)
POST /session/8f6fcf8ff69b1e9fa25838365b439fea/element HTTP/1.1
User-Agent: selenium/4.13.0 (java mac)
Content-Length: 68
Content-Type: application/json; charset=utf-8
host: localhost:5140
accept: */*

Response DefaultHttpResponse(decodeResult: success, version: HTTP/1.1)
HTTP/1.1 200 OK
Content-Length: 96
Content-Type: application/json; charset=utf-8
cache-control: no-cache

07:40:10.337 [AsyncHttpClient-1-8] DEBUG org.asynchttpclient.netty.channel.ChannelManager - Adding key: http://localhost:5140 for channel [id: 0xe5f14885, L:/127.0.0.1:50222 - R:localhost/127.0.0.1:5140]
07:40:10.339 [Forwarding isElementDisplayed on session 8f6fcf8ff69b1e9fa25838365b439fea to remote] DEBUG org.asynchttpclient.netty.request.NettyRequestSender - Using pooled Channel '[id: 0xe5f14885, L:/127.0.0.1:50222 - R:localhost/127.0.0.1:5140]' for 'POST' to 'http://localhost:5140/session/8f6fcf8ff69b1e9fa25838365b439fea/execute/sync'
07:40:10.339 [Forwarding isElementDisplayed on session 8f6fcf8ff69b1e9fa25838365b439fea to remote] DEBUG org.asynchttpclient.netty.request.NettyRequestSender - Using open Channel [id: 0xe5f14885, L:/127.0.0.1:50222 - R:localhost/127.0.0.1:5140] for POST '/session/8f6fcf8ff69b1e9fa25838365b439fea/execute/sync'
07:40:10.347 [AsyncHttpClient-1-8] DEBUG org.asynchttpclient.netty.handler.HttpHandler - 

Request DefaultHttpRequest(decodeResult: success, version: HTTP/1.1)
POST /session/8f6fcf8ff69b1e9fa25838365b439fea/execute/sync HTTP/1.1
User-Agent: selenium/4.13.0 (java mac)
Content-Length: 48815
Content-Type: application/json; charset=utf-8
host: localhost:5140
accept: */*

Response DefaultHttpResponse(decodeResult: success, version: HTTP/1.1)
HTTP/1.1 200 OK
Content-Length: 14
Content-Type: application/json; charset=utf-8
cache-control: no-cache

07:40:10.347 [AsyncHttpClient-1-8] DEBUG org.asynchttpclient.netty.channel.ChannelManager - Adding key: http://localhost:5140 for channel [id: 0xe5f14885, L:/127.0.0.1:50222 - R:localhost/127.0.0.1:5140]
07:40:10.347 [Forwarding isElementEnabled on session 8f6fcf8ff69b1e9fa25838365b439fea to remote] DEBUG org.asynchttpclient.netty.request.NettyRequestSender - Using pooled Channel '[id: 0xe5f14885, L:/127.0.0.1:50222 - R:localhost/127.0.0.1:5140]' for 'GET' to 'http://localhost:5140/session/8f6fcf8ff69b1e9fa25838365b439fea/element/32771B87843642E341AA0D54664969D3_element_290/enabled'
07:40:10.348 [Forwarding isElementEnabled on session 8f6fcf8ff69b1e9fa25838365b439fea to remote] DEBUG org.asynchttpclient.netty.request.NettyRequestSender - Using open Channel [id: 0xe5f14885, L:/127.0.0.1:50222 - R:localhost/127.0.0.1:5140] for GET '/session/8f6fcf8ff69b1e9fa25838365b439fea/element/32771B87843642E341AA0D54664969D3_element_290/enabled'
07:40:10.353 [AsyncHttpClient-1-8] DEBUG org.asynchttpclient.netty.handler.HttpHandler - 

Request DefaultFullHttpRequest(decodeResult: success, version: HTTP/1.1, content: EmptyByteBufBE)
GET /session/8f6fcf8ff69b1e9fa25838365b439fea/element/32771B87843642E341AA0D54664969D3_element_290/enabled HTTP/1.1
Cache-Control: no-cache
User-Agent: selenium/4.13.0 (java mac)
Content-Type: application/json; charset=utf-8
host: localhost:5140
accept: */*

Response DefaultHttpResponse(decodeResult: success, version: HTTP/1.1)
HTTP/1.1 200 OK
Content-Length: 14
Content-Type: application/json; charset=utf-8
cache-control: no-cache

07:40:10.353 [AsyncHttpClient-1-8] DEBUG org.asynchttpclient.netty.channel.ChannelManager - Adding key: http://localhost:5140 for channel [id: 0xe5f14885, L:/127.0.0.1:50222 - R:localhost/127.0.0.1:5140]
07:40:10.354 [Forwarding executeScript on session 8f6fcf8ff69b1e9fa25838365b439fea to remote] DEBUG org.asynchttpclient.netty.request.NettyRequestSender - Using pooled Channel '[id: 0xe5f14885, L:/127.0.0.1:50222 - R:localhost/127.0.0.1:5140]' for 'POST' to 'http://localhost:5140/session/8f6fcf8ff69b1e9fa25838365b439fea/execute/sync'
07:40:10.354 [Forwarding executeScript on session 8f6fcf8ff69b1e9fa25838365b439fea to remote] DEBUG org.asynchttpclient.netty.request.NettyRequestSender - Using open Channel [id: 0xe5f14885, L:/127.0.0.1:50222 - R:localhost/127.0.0.1:5140] for POST '/session/8f6fcf8ff69b1e9fa25838365b439fea/execute/sync'
07:40:10.358 [AsyncHttpClient-1-8] DEBUG org.asynchttpclient.netty.handler.HttpHandler - 

Request DefaultHttpRequest(decodeResult: success, version: HTTP/1.1)
POST /session/8f6fcf8ff69b1e9fa25838365b439fea/execute/sync HTTP/1.1
User-Agent: selenium/4.13.0 (java mac)
Content-Length: 180
Content-Type: application/json; charset=utf-8
host: localhost:5140
accept: */*

Response DefaultHttpResponse(decodeResult: success, version: HTTP/1.1)
HTTP/1.1 200 OK
Content-Length: 14
Content-Type: application/json; charset=utf-8
cache-control: no-cache

07:40:10.358 [AsyncHttpClient-1-8] DEBUG org.asynchttpclient.netty.channel.ChannelManager - Adding key: http://localhost:5140 for channel [id: 0xe5f14885, L:/127.0.0.1:50222 - R:localhost/127.0.0.1:5140]
07:40:10.358 [Forwarding clickElement on session 8f6fcf8ff69b1e9fa25838365b439fea to remote] DEBUG org.asynchttpclient.netty.request.NettyRequestSender - Using pooled Channel '[id: 0xe5f14885, L:/127.0.0.1:50222 - R:localhost/127.0.0.1:5140]' for 'POST' to 'http://localhost:5140/session/8f6fcf8ff69b1e9fa25838365b439fea/element/32771B87843642E341AA0D54664969D3_element_290/click'
07:40:10.359 [Forwarding clickElement on session 8f6fcf8ff69b1e9fa25838365b439fea to remote] DEBUG org.asynchttpclient.netty.request.NettyRequestSender - Using open Channel [id: 0xe5f14885, L:/127.0.0.1:50222 - R:localhost/127.0.0.1:5140] for POST '/session/8f6fcf8ff69b1e9fa25838365b439fea/element/32771B87843642E341AA0D54664969D3_element_290/click'
07:40:10.470 [AsyncHttpClient-1-8] DEBUG org.asynchttpclient.netty.handler.HttpHandler - 

Request DefaultHttpRequest(decodeResult: success, version: HTTP/1.1)
POST /session/8f6fcf8ff69b1e9fa25838365b439fea/element/32771B87843642E341AA0D54664969D3_element_290/click HTTP/1.1
User-Agent: selenium/4.13.0 (java mac)
Content-Length: 58
Content-Type: application/json; charset=utf-8
host: localhost:5140
accept: */*

Response DefaultHttpResponse(decodeResult: success, version: HTTP/1.1)
HTTP/1.1 200 OK
Content-Length: 14
Content-Type: application/json; charset=utf-8
cache-control: no-cache

07:40:10.470 [AsyncHttpClient-1-8] DEBUG org.asynchttpclient.netty.channel.ChannelManager - Adding key: http://localhost:5140 for channel [id: 0xe5f14885, L:/127.0.0.1:50222 - R:localhost/127.0.0.1:5140]
07:40:10.471 [Forwarding findElement on session 8f6fcf8ff69b1e9fa25838365b439fea to remote] DEBUG org.asynchttpclient.netty.request.NettyRequestSender - Using pooled Channel '[id: 0xe5f14885, L:/127.0.0.1:50222 - R:localhost/127.0.0.1:5140]' for 'POST' to 'http://localhost:5140/session/8f6fcf8ff69b1e9fa25838365b439fea/element'
07:40:10.471 [Forwarding findElement on session 8f6fcf8ff69b1e9fa25838365b439fea to remote] DEBUG org.asynchttpclient.netty.request.NettyRequestSender - Using open Channel [id: 0xe5f14885, L:/127.0.0.1:50222 - R:localhost/127.0.0.1:5140] for POST '/session/8f6fcf8ff69b1e9fa25838365b439fea/element'
07:40:10.483 [AsyncHttpClient-1-8] DEBUG org.asynchttpclient.netty.handler.HttpHandler - 

Request DefaultHttpRequest(decodeResult: success, version: HTTP/1.1)
POST /session/8f6fcf8ff69b1e9fa25838365b439fea/element HTTP/1.1
User-Agent: selenium/4.13.0 (java mac)
Content-Length: 73
Content-Type: application/json; charset=utf-8
host: localhost:5140
accept: */*

Response DefaultHttpResponse(decodeResult: success, version: HTTP/1.1)
HTTP/1.1 200 OK
Content-Length: 96
Content-Type: application/json; charset=utf-8
cache-control: no-cache

07:40:10.483 [AsyncHttpClient-1-8] DEBUG org.asynchttpclient.netty.channel.ChannelManager - Adding key: http://localhost:5140 for channel [id: 0xe5f14885, L:/127.0.0.1:50222 - R:localhost/127.0.0.1:5140]
07:40:10.484 [AsyncHttpClient-1-1] DEBUG org.asynchttpclient.netty.channel.DefaultChannelPool - Entry count for : http://localhost:5140 : 1
07:40:10.484 [AsyncHttpClient-1-1] DEBUG org.asynchttpclient.netty.channel.DefaultChannelPool - Entry count for : http://localhost:50223 : 1
07:40:10.485 [Forwarding isElementDisplayed on session 8f6fcf8ff69b1e9fa25838365b439fea to remote] DEBUG org.asynchttpclient.netty.request.NettyRequestSender - Using pooled Channel '[id: 0xe5f14885, L:/127.0.0.1:50222 - R:localhost/127.0.0.1:5140]' for 'POST' to 'http://localhost:5140/session/8f6fcf8ff69b1e9fa25838365b439fea/execute/sync'
07:40:10.485 [Forwarding isElementDisplayed on session 8f6fcf8ff69b1e9fa25838365b439fea to remote] DEBUG org.asynchttpclient.netty.request.NettyRequestSender - Using open Channel [id: 0xe5f14885, L:/127.0.0.1:50222 - R:localhost/127.0.0.1:5140] for POST '/session/8f6fcf8ff69b1e9fa25838365b439fea/execute/sync'
07:40:10.493 [AsyncHttpClient-1-8] DEBUG org.asynchttpclient.netty.handler.HttpHandler - 

Request DefaultHttpRequest(decodeResult: success, version: HTTP/1.1)
POST /session/8f6fcf8ff69b1e9fa25838365b439fea/execute/sync HTTP/1.1
User-Agent: selenium/4.13.0 (java mac)
Content-Length: 48815
Content-Type: application/json; charset=utf-8
host: localhost:5140
accept: */*

Response DefaultHttpResponse(decodeResult: success, version: HTTP/1.1)
HTTP/1.1 200 OK
Content-Length: 14
Content-Type: application/json; charset=utf-8
cache-control: no-cache

07:40:10.493 [AsyncHttpClient-1-8] DEBUG org.asynchttpclient.netty.channel.ChannelManager - Adding key: http://localhost:5140 for channel [id: 0xe5f14885, L:/127.0.0.1:50222 - R:localhost/127.0.0.1:5140]
07:40:10.493 [Forwarding isElementEnabled on session 8f6fcf8ff69b1e9fa25838365b439fea to remote] DEBUG org.asynchttpclient.netty.request.NettyRequestSender - Using pooled Channel '[id: 0xe5f14885, L:/127.0.0.1:50222 - R:localhost/127.0.0.1:5140]' for 'GET' to 'http://localhost:5140/session/8f6fcf8ff69b1e9fa25838365b439fea/element/32771B87843642E341AA0D54664969D3_element_300/enabled'
07:40:10.493 [Forwarding isElementEnabled on session 8f6fcf8ff69b1e9fa25838365b439fea to remote] DEBUG org.asynchttpclient.netty.request.NettyRequestSender - Using open Channel [id: 0xe5f14885, L:/127.0.0.1:50222 - R:localhost/127.0.0.1:5140] for GET '/session/8f6fcf8ff69b1e9fa25838365b439fea/element/32771B87843642E341AA0D54664969D3_element_300/enabled'
07:40:10.510 [AsyncHttpClient-1-8] DEBUG org.asynchttpclient.netty.handler.HttpHandler - 

Request DefaultFullHttpRequest(decodeResult: success, version: HTTP/1.1, content: EmptyByteBufBE)
GET /session/8f6fcf8ff69b1e9fa25838365b439fea/element/32771B87843642E341AA0D54664969D3_element_300/enabled HTTP/1.1
Cache-Control: no-cache
User-Agent: selenium/4.13.0 (java mac)
Content-Type: application/json; charset=utf-8
host: localhost:5140
accept: */*

Response DefaultHttpResponse(decodeResult: success, version: HTTP/1.1)
HTTP/1.1 200 OK
Content-Length: 14
Content-Type: application/json; charset=utf-8
cache-control: no-cache

07:40:10.511 [AsyncHttpClient-1-8] DEBUG org.asynchttpclient.netty.channel.ChannelManager - Adding key: http://localhost:5140 for channel [id: 0xe5f14885, L:/127.0.0.1:50222 - R:localhost/127.0.0.1:5140]
07:40:10.512 [Forwarding executeScript on session 8f6fcf8ff69b1e9fa25838365b439fea to remote] DEBUG org.asynchttpclient.netty.request.NettyRequestSender - Using pooled Channel '[id: 0xe5f14885, L:/127.0.0.1:50222 - R:localhost/127.0.0.1:5140]' for 'POST' to 'http://localhost:5140/session/8f6fcf8ff69b1e9fa25838365b439fea/execute/sync'
07:40:10.512 [Forwarding executeScript on session 8f6fcf8ff69b1e9fa25838365b439fea to remote] DEBUG org.asynchttpclient.netty.request.NettyRequestSender - Using open Channel [id: 0xe5f14885, L:/127.0.0.1:50222 - R:localhost/127.0.0.1:5140] for POST '/session/8f6fcf8ff69b1e9fa25838365b439fea/execute/sync'
07:40:10.515 [AsyncHttpClient-1-8] DEBUG org.asynchttpclient.netty.handler.HttpHandler - 

Request DefaultHttpRequest(decodeResult: success, version: HTTP/1.1)
POST /session/8f6fcf8ff69b1e9fa25838365b439fea/execute/sync HTTP/1.1
User-Agent: selenium/4.13.0 (java mac)
Content-Length: 180
Content-Type: application/json; charset=utf-8
host: localhost:5140
accept: */*

Response DefaultHttpResponse(decodeResult: success, version: HTTP/1.1)
HTTP/1.1 200 OK
Content-Length: 14
Content-Type: application/json; charset=utf-8
cache-control: no-cache

07:40:10.515 [AsyncHttpClient-1-8] DEBUG org.asynchttpclient.netty.channel.ChannelManager - Adding key: http://localhost:5140 for channel [id: 0xe5f14885, L:/127.0.0.1:50222 - R:localhost/127.0.0.1:5140]
07:40:10.516 [Forwarding clearElement on session 8f6fcf8ff69b1e9fa25838365b439fea to remote] DEBUG org.asynchttpclient.netty.request.NettyRequestSender - Using pooled Channel '[id: 0xe5f14885, L:/127.0.0.1:50222 - R:localhost/127.0.0.1:5140]' for 'POST' to 'http://localhost:5140/session/8f6fcf8ff69b1e9fa25838365b439fea/element/32771B87843642E341AA0D54664969D3_element_300/clear'
07:40:10.516 [Forwarding clearElement on session 8f6fcf8ff69b1e9fa25838365b439fea to remote] DEBUG org.asynchttpclient.netty.request.NettyRequestSender - Using open Channel [id: 0xe5f14885, L:/127.0.0.1:50222 - R:localhost/127.0.0.1:5140] for POST '/session/8f6fcf8ff69b1e9fa25838365b439fea/element/32771B87843642E341AA0D54664969D3_element_300/clear'
07:40:10.536 [AsyncHttpClient-1-8] DEBUG org.asynchttpclient.netty.handler.HttpHandler - 

Request DefaultHttpRequest(decodeResult: success, version: HTTP/1.1)
POST /session/8f6fcf8ff69b1e9fa25838365b439fea/element/32771B87843642E341AA0D54664969D3_element_300/clear HTTP/1.1
User-Agent: selenium/4.13.0 (java mac)
Content-Length: 58
Content-Type: application/json; charset=utf-8
host: localhost:5140
accept: */*

Response DefaultHttpResponse(decodeResult: success, version: HTTP/1.1)
HTTP/1.1 200 OK
Content-Length: 14
Content-Type: application/json; charset=utf-8
cache-control: no-cache

07:40:10.536 [AsyncHttpClient-1-8] DEBUG org.asynchttpclient.netty.channel.ChannelManager - Adding key: http://localhost:5140 for channel [id: 0xe5f14885, L:/127.0.0.1:50222 - R:localhost/127.0.0.1:5140]
07:40:10.537 [Forwarding sendKeysToElement on session 8f6fcf8ff69b1e9fa25838365b439fea to remote] DEBUG org.asynchttpclient.netty.request.NettyRequestSender - Using pooled Channel '[id: 0xe5f14885, L:/127.0.0.1:50222 - R:localhost/127.0.0.1:5140]' for 'POST' to 'http://localhost:5140/session/8f6fcf8ff69b1e9fa25838365b439fea/element/32771B87843642E341AA0D54664969D3_element_300/value'
07:40:10.537 [Forwarding sendKeysToElement on session 8f6fcf8ff69b1e9fa25838365b439fea to remote] DEBUG org.asynchttpclient.netty.request.NettyRequestSender - Using open Channel [id: 0xe5f14885, L:/127.0.0.1:50222 - R:localhost/127.0.0.1:5140] for POST '/session/8f6fcf8ff69b1e9fa25838365b439fea/element/32771B87843642E341AA0D54664969D3_element_300/value'
07:40:10.580 [AsyncHttpClient-1-8] DEBUG org.asynchttpclient.netty.handler.HttpHandler - 

Request DefaultHttpRequest(decodeResult: success, version: HTTP/1.1)
POST /session/8f6fcf8ff69b1e9fa25838365b439fea/element/32771B87843642E341AA0D54664969D3_element_300/value HTTP/1.1
User-Agent: selenium/4.13.0 (java mac)
Content-Length: 179
Content-Type: application/json; charset=utf-8
host: localhost:5140
accept: */*

Response DefaultHttpResponse(decodeResult: success, version: HTTP/1.1)
HTTP/1.1 200 OK
Content-Length: 14
Content-Type: application/json; charset=utf-8
cache-control: no-cache

07:40:10.580 [AsyncHttpClient-1-8] DEBUG org.asynchttpclient.netty.channel.ChannelManager - Adding key: http://localhost:5140 for channel [id: 0xe5f14885, L:/127.0.0.1:50222 - R:localhost/127.0.0.1:5140]
07:40:10.581 [Forwarding setTimeout on session 8f6fcf8ff69b1e9fa25838365b439fea to remote] DEBUG org.asynchttpclient.netty.request.NettyRequestSender - Using pooled Channel '[id: 0xe5f14885, L:/127.0.0.1:50222 - R:localhost/127.0.0.1:5140]' for 'POST' to 'http://localhost:5140/session/8f6fcf8ff69b1e9fa25838365b439fea/timeouts'
07:40:10.581 [Forwarding setTimeout on session 8f6fcf8ff69b1e9fa25838365b439fea to remote] DEBUG org.asynchttpclient.netty.request.NettyRequestSender - Using open Channel [id: 0xe5f14885, L:/127.0.0.1:50222 - R:localhost/127.0.0.1:5140] for POST '/session/8f6fcf8ff69b1e9fa25838365b439fea/timeouts'
07:40:10.582 [AsyncHttpClient-1-8] DEBUG org.asynchttpclient.netty.handler.HttpHandler - 

Request DefaultHttpRequest(decodeResult: success, version: HTTP/1.1)
POST /session/8f6fcf8ff69b1e9fa25838365b439fea/timeouts HTTP/1.1
User-Agent: selenium/4.13.0 (java mac)
Content-Length: 22
Content-Type: application/json; charset=utf-8
host: localhost:5140
accept: */*

Response DefaultHttpResponse(decodeResult: success, version: HTTP/1.1)
HTTP/1.1 200 OK
Content-Length: 14
Content-Type: application/json; charset=utf-8
cache-control: no-cache

07:40:10.582 [AsyncHttpClient-1-8] DEBUG org.asynchttpclient.netty.channel.ChannelManager - Adding key: http://localhost:5140 for channel [id: 0xe5f14885, L:/127.0.0.1:50222 - R:localhost/127.0.0.1:5140]
07:40:11.585 [AsyncHttpClient-1-1] DEBUG org.asynchttpclient.netty.channel.DefaultChannelPool - Entry count for : http://localhost:5140 : 1
07:40:11.585 [AsyncHttpClient-1-1] DEBUG org.asynchttpclient.netty.channel.DefaultChannelPool - Entry count for : http://localhost:50223 : 1
07:40:11.587 [Forwarding actions on session 8f6fcf8ff69b1e9fa25838365b439fea to remote] DEBUG org.asynchttpclient.netty.request.NettyRequestSender - Using pooled Channel '[id: 0xe5f14885, L:/127.0.0.1:50222 - R:localhost/127.0.0.1:5140]' for 'POST' to 'http://localhost:5140/session/8f6fcf8ff69b1e9fa25838365b439fea/actions'
07:40:11.587 [Forwarding actions on session 8f6fcf8ff69b1e9fa25838365b439fea to remote] DEBUG org.asynchttpclient.netty.request.NettyRequestSender - Using open Channel [id: 0xe5f14885, L:/127.0.0.1:50222 - R:localhost/127.0.0.1:5140] for POST '/session/8f6fcf8ff69b1e9fa25838365b439fea/actions'
07:40:11.646 [AsyncHttpClient-1-8] DEBUG org.asynchttpclient.netty.handler.HttpHandler - 

Request DefaultHttpRequest(decodeResult: success, version: HTTP/1.1)
POST /session/8f6fcf8ff69b1e9fa25838365b439fea/actions HTTP/1.1
User-Agent: selenium/4.13.0 (java mac)
Content-Length: 409
Content-Type: application/json; charset=utf-8
host: localhost:5140
accept: */*

Response DefaultHttpResponse(decodeResult: success, version: HTTP/1.1)
HTTP/1.1 200 OK
Content-Length: 14
Content-Type: application/json; charset=utf-8
cache-control: no-cache

07:40:11.646 [AsyncHttpClient-1-8] DEBUG org.asynchttpclient.netty.channel.ChannelManager - Adding key: http://localhost:5140 for channel [id: 0xe5f14885, L:/127.0.0.1:50222 - R:localhost/127.0.0.1:5140]
07:40:11.647 [Forwarding findElement on session 8f6fcf8ff69b1e9fa25838365b439fea to remote] DEBUG org.asynchttpclient.netty.request.NettyRequestSender - Using pooled Channel '[id: 0xe5f14885, L:/127.0.0.1:50222 - R:localhost/127.0.0.1:5140]' for 'POST' to 'http://localhost:5140/session/8f6fcf8ff69b1e9fa25838365b439fea/element'
07:40:11.647 [Forwarding findElement on session 8f6fcf8ff69b1e9fa25838365b439fea to remote] DEBUG org.asynchttpclient.netty.request.NettyRequestSender - Using open Channel [id: 0xe5f14885, L:/127.0.0.1:50222 - R:localhost/127.0.0.1:5140] for POST '/session/8f6fcf8ff69b1e9fa25838365b439fea/element'
07:40:11.654 [AsyncHttpClient-1-8] DEBUG org.asynchttpclient.netty.handler.HttpHandler - 

Request DefaultHttpRequest(decodeResult: success, version: HTTP/1.1)
POST /session/8f6fcf8ff69b1e9fa25838365b439fea/element HTTP/1.1
User-Agent: selenium/4.13.0 (java mac)
Content-Length: 68
Content-Type: application/json; charset=utf-8
host: localhost:5140
accept: */*

Response DefaultHttpResponse(decodeResult: success, version: HTTP/1.1)
HTTP/1.1 200 OK
Content-Length: 96
Content-Type: application/json; charset=utf-8
cache-control: no-cache

07:40:11.654 [AsyncHttpClient-1-8] DEBUG org.asynchttpclient.netty.channel.ChannelManager - Adding key: http://localhost:5140 for channel [id: 0xe5f14885, L:/127.0.0.1:50222 - R:localhost/127.0.0.1:5140]
07:40:11.656 [Forwarding getElementAttribute on session 8f6fcf8ff69b1e9fa25838365b439fea to remote] DEBUG org.asynchttpclient.netty.request.NettyRequestSender - Using pooled Channel '[id: 0xe5f14885, L:/127.0.0.1:50222 - R:localhost/127.0.0.1:5140]' for 'POST' to 'http://localhost:5140/session/8f6fcf8ff69b1e9fa25838365b439fea/execute/sync'
07:40:11.656 [Forwarding getElementAttribute on session 8f6fcf8ff69b1e9fa25838365b439fea to remote] DEBUG org.asynchttpclient.netty.request.NettyRequestSender - Using open Channel [id: 0xe5f14885, L:/127.0.0.1:50222 - R:localhost/127.0.0.1:5140] for POST '/session/8f6fcf8ff69b1e9fa25838365b439fea/execute/sync'
07:40:11.689 [AsyncHttpClient-1-8] DEBUG org.asynchttpclient.netty.handler.HttpHandler - 

Request DefaultHttpRequest(decodeResult: success, version: HTTP/1.1)
POST /session/8f6fcf8ff69b1e9fa25838365b439fea/execute/sync HTTP/1.1
User-Agent: selenium/4.13.0 (java mac)
Content-Length: 47376
Content-Type: application/json; charset=utf-8
host: localhost:5140
accept: */*

Response DefaultHttpResponse(decodeResult: success, version: HTTP/1.1)
HTTP/1.1 200 OK
Content-Length: 21
Content-Type: application/json; charset=utf-8
cache-control: no-cache

07:40:11.689 [AsyncHttpClient-1-8] DEBUG org.asynchttpclient.netty.channel.ChannelManager - Adding key: http://localhost:5140 for channel [id: 0xe5f14885, L:/127.0.0.1:50222 - R:localhost/127.0.0.1:5140]
Step 6 : Select  departure date from opened calander.
07:40:11.691 [Forwarding findElements on session 8f6fcf8ff69b1e9fa25838365b439fea to remote] DEBUG org.asynchttpclient.netty.request.NettyRequestSender - Using pooled Channel '[id: 0xe5f14885, L:/127.0.0.1:50222 - R:localhost/127.0.0.1:5140]' for 'POST' to 'http://localhost:5140/session/8f6fcf8ff69b1e9fa25838365b439fea/elements'
07:40:11.691 [Forwarding findElements on session 8f6fcf8ff69b1e9fa25838365b439fea to remote] DEBUG org.asynchttpclient.netty.request.NettyRequestSender - Using open Channel [id: 0xe5f14885, L:/127.0.0.1:50222 - R:localhost/127.0.0.1:5140] for POST '/session/8f6fcf8ff69b1e9fa25838365b439fea/elements'
07:40:11.706 [AsyncHttpClient-1-8] DEBUG org.asynchttpclient.netty.handler.HttpHandler - 

Request DefaultHttpRequest(decodeResult: success, version: HTTP/1.1)
POST /session/8f6fcf8ff69b1e9fa25838365b439fea/elements HTTP/1.1
User-Agent: selenium/4.13.0 (java mac)
Content-Length: 102
Content-Type: application/json; charset=utf-8
host: localhost:5140
accept: */*

Response DefaultHttpResponse(decodeResult: success, version: HTTP/1.1)
HTTP/1.1 200 OK
Content-Length: 3926
Content-Type: application/json; charset=utf-8
cache-control: no-cache

07:40:11.706 [AsyncHttpClient-1-8] DEBUG org.asynchttpclient.netty.channel.ChannelManager - Adding key: http://localhost:5140 for channel [id: 0xe5f14885, L:/127.0.0.1:50222 - R:localhost/127.0.0.1:5140]
07:40:11.711 [Forwarding findElement on session 8f6fcf8ff69b1e9fa25838365b439fea to remote] DEBUG org.asynchttpclient.netty.request.NettyRequestSender - Using pooled Channel '[id: 0xe5f14885, L:/127.0.0.1:50222 - R:localhost/127.0.0.1:5140]' for 'POST' to 'http://localhost:5140/session/8f6fcf8ff69b1e9fa25838365b439fea/element'
07:40:11.711 [Forwarding findElement on session 8f6fcf8ff69b1e9fa25838365b439fea to remote] DEBUG org.asynchttpclient.netty.request.NettyRequestSender - Using open Channel [id: 0xe5f14885, L:/127.0.0.1:50222 - R:localhost/127.0.0.1:5140] for POST '/session/8f6fcf8ff69b1e9fa25838365b439fea/element'
07:40:11.721 [AsyncHttpClient-1-8] DEBUG org.asynchttpclient.netty.handler.HttpHandler - 

Request DefaultHttpRequest(decodeResult: success, version: HTTP/1.1)
POST /session/8f6fcf8ff69b1e9fa25838365b439fea/element HTTP/1.1
User-Agent: selenium/4.13.0 (java mac)
Content-Length: 106
Content-Type: application/json; charset=utf-8
host: localhost:5140
accept: */*

Response DefaultHttpResponse(decodeResult: success, version: HTTP/1.1)
HTTP/1.1 200 OK
Content-Length: 96
Content-Type: application/json; charset=utf-8
cache-control: no-cache

07:40:11.722 [AsyncHttpClient-1-8] DEBUG org.asynchttpclient.netty.channel.ChannelManager - Adding key: http://localhost:5140 for channel [id: 0xe5f14885, L:/127.0.0.1:50222 - R:localhost/127.0.0.1:5140]
07:40:11.723 [Forwarding executeScript on session 8f6fcf8ff69b1e9fa25838365b439fea to remote] DEBUG org.asynchttpclient.netty.request.NettyRequestSender - Using pooled Channel '[id: 0xe5f14885, L:/127.0.0.1:50222 - R:localhost/127.0.0.1:5140]' for 'POST' to 'http://localhost:5140/session/8f6fcf8ff69b1e9fa25838365b439fea/execute/sync'
07:40:11.723 [Forwarding executeScript on session 8f6fcf8ff69b1e9fa25838365b439fea to remote] DEBUG org.asynchttpclient.netty.request.NettyRequestSender - Using open Channel [id: 0xe5f14885, L:/127.0.0.1:50222 - R:localhost/127.0.0.1:5140] for POST '/session/8f6fcf8ff69b1e9fa25838365b439fea/execute/sync'
07:40:11.753 [AsyncHttpClient-1-8] DEBUG org.asynchttpclient.netty.handler.HttpHandler - 

Request DefaultHttpRequest(decodeResult: success, version: HTTP/1.1)
POST /session/8f6fcf8ff69b1e9fa25838365b439fea/execute/sync HTTP/1.1
User-Agent: selenium/4.13.0 (java mac)
Content-Length: 167
Content-Type: application/json; charset=utf-8
host: localhost:5140
accept: */*

Response DefaultHttpResponse(decodeResult: success, version: HTTP/1.1)
HTTP/1.1 200 OK
Content-Length: 14
Content-Type: application/json; charset=utf-8
cache-control: no-cache

07:40:11.753 [AsyncHttpClient-1-8] DEBUG org.asynchttpclient.netty.channel.ChannelManager - Adding key: http://localhost:5140 for channel [id: 0xe5f14885, L:/127.0.0.1:50222 - R:localhost/127.0.0.1:5140]
Step 7 : Select  return date from opened calander.
07:40:11.754 [Forwarding findElements on session 8f6fcf8ff69b1e9fa25838365b439fea to remote] DEBUG org.asynchttpclient.netty.request.NettyRequestSender - Using pooled Channel '[id: 0xe5f14885, L:/127.0.0.1:50222 - R:localhost/127.0.0.1:5140]' for 'POST' to 'http://localhost:5140/session/8f6fcf8ff69b1e9fa25838365b439fea/elements'
07:40:11.754 [Forwarding findElements on session 8f6fcf8ff69b1e9fa25838365b439fea to remote] DEBUG org.asynchttpclient.netty.request.NettyRequestSender - Using open Channel [id: 0xe5f14885, L:/127.0.0.1:50222 - R:localhost/127.0.0.1:5140] for POST '/session/8f6fcf8ff69b1e9fa25838365b439fea/elements'
07:40:11.764 [AsyncHttpClient-1-8] DEBUG org.asynchttpclient.netty.handler.HttpHandler - 

Request DefaultHttpRequest(decodeResult: success, version: HTTP/1.1)
POST /session/8f6fcf8ff69b1e9fa25838365b439fea/elements HTTP/1.1
User-Agent: selenium/4.13.0 (java mac)
Content-Length: 102
Content-Type: application/json; charset=utf-8
host: localhost:5140
accept: */*

Response DefaultHttpResponse(decodeResult: success, version: HTTP/1.1)
HTTP/1.1 200 OK
Content-Length: 2360
Content-Type: application/json; charset=utf-8
cache-control: no-cache

07:40:11.764 [AsyncHttpClient-1-8] DEBUG org.asynchttpclient.netty.channel.ChannelManager - Adding key: http://localhost:5140 for channel [id: 0xe5f14885, L:/127.0.0.1:50222 - R:localhost/127.0.0.1:5140]
07:40:11.765 [Forwarding findElement on session 8f6fcf8ff69b1e9fa25838365b439fea to remote] DEBUG org.asynchttpclient.netty.request.NettyRequestSender - Using pooled Channel '[id: 0xe5f14885, L:/127.0.0.1:50222 - R:localhost/127.0.0.1:5140]' for 'POST' to 'http://localhost:5140/session/8f6fcf8ff69b1e9fa25838365b439fea/element'
07:40:11.765 [Forwarding findElement on session 8f6fcf8ff69b1e9fa25838365b439fea to remote] DEBUG org.asynchttpclient.netty.request.NettyRequestSender - Using open Channel [id: 0xe5f14885, L:/127.0.0.1:50222 - R:localhost/127.0.0.1:5140] for POST '/session/8f6fcf8ff69b1e9fa25838365b439fea/element'
07:40:11.776 [AsyncHttpClient-1-8] DEBUG org.asynchttpclient.netty.handler.HttpHandler - 

Request DefaultHttpRequest(decodeResult: success, version: HTTP/1.1)
POST /session/8f6fcf8ff69b1e9fa25838365b439fea/element HTTP/1.1
User-Agent: selenium/4.13.0 (java mac)
Content-Length: 106
Content-Type: application/json; charset=utf-8
host: localhost:5140
accept: */*

Response DefaultHttpResponse(decodeResult: success, version: HTTP/1.1)
HTTP/1.1 200 OK
Content-Length: 96
Content-Type: application/json; charset=utf-8
cache-control: no-cache

07:40:11.776 [AsyncHttpClient-1-8] DEBUG org.asynchttpclient.netty.channel.ChannelManager - Adding key: http://localhost:5140 for channel [id: 0xe5f14885, L:/127.0.0.1:50222 - R:localhost/127.0.0.1:5140]
07:40:11.777 [Forwarding executeScript on session 8f6fcf8ff69b1e9fa25838365b439fea to remote] DEBUG org.asynchttpclient.netty.request.NettyRequestSender - Using pooled Channel '[id: 0xe5f14885, L:/127.0.0.1:50222 - R:localhost/127.0.0.1:5140]' for 'POST' to 'http://localhost:5140/session/8f6fcf8ff69b1e9fa25838365b439fea/execute/sync'
07:40:11.777 [Forwarding executeScript on session 8f6fcf8ff69b1e9fa25838365b439fea to remote] DEBUG org.asynchttpclient.netty.request.NettyRequestSender - Using open Channel [id: 0xe5f14885, L:/127.0.0.1:50222 - R:localhost/127.0.0.1:5140] for POST '/session/8f6fcf8ff69b1e9fa25838365b439fea/execute/sync'
07:40:11.809 [AsyncHttpClient-1-8] DEBUG org.asynchttpclient.netty.handler.HttpHandler - 

Request DefaultHttpRequest(decodeResult: success, version: HTTP/1.1)
POST /session/8f6fcf8ff69b1e9fa25838365b439fea/execute/sync HTTP/1.1
User-Agent: selenium/4.13.0 (java mac)
Content-Length: 167
Content-Type: application/json; charset=utf-8
host: localhost:5140
accept: */*

Response DefaultHttpResponse(decodeResult: success, version: HTTP/1.1)
HTTP/1.1 200 OK
Content-Length: 14
Content-Type: application/json; charset=utf-8
cache-control: no-cache

07:40:11.809 [AsyncHttpClient-1-8] DEBUG org.asynchttpclient.netty.channel.ChannelManager - Adding key: http://localhost:5140 for channel [id: 0xe5f14885, L:/127.0.0.1:50222 - R:localhost/127.0.0.1:5140]
Step 8 : Click on select travellers.
07:40:11.810 [Forwarding findElement on session 8f6fcf8ff69b1e9fa25838365b439fea to remote] DEBUG org.asynchttpclient.netty.request.NettyRequestSender - Using pooled Channel '[id: 0xe5f14885, L:/127.0.0.1:50222 - R:localhost/127.0.0.1:5140]' for 'POST' to 'http://localhost:5140/session/8f6fcf8ff69b1e9fa25838365b439fea/element'
07:40:11.811 [Forwarding findElement on session 8f6fcf8ff69b1e9fa25838365b439fea to remote] DEBUG org.asynchttpclient.netty.request.NettyRequestSender - Using open Channel [id: 0xe5f14885, L:/127.0.0.1:50222 - R:localhost/127.0.0.1:5140] for POST '/session/8f6fcf8ff69b1e9fa25838365b439fea/element'
07:40:11.820 [AsyncHttpClient-1-8] DEBUG org.asynchttpclient.netty.handler.HttpHandler - 

Request DefaultHttpRequest(decodeResult: success, version: HTTP/1.1)
POST /session/8f6fcf8ff69b1e9fa25838365b439fea/element HTTP/1.1
User-Agent: selenium/4.13.0 (java mac)
Content-Length: 73
Content-Type: application/json; charset=utf-8
host: localhost:5140
accept: */*

Response DefaultHttpResponse(decodeResult: success, version: HTTP/1.1)
HTTP/1.1 200 OK
Content-Length: 96
Content-Type: application/json; charset=utf-8
cache-control: no-cache

07:40:11.820 [AsyncHttpClient-1-8] DEBUG org.asynchttpclient.netty.channel.ChannelManager - Adding key: http://localhost:5140 for channel [id: 0xe5f14885, L:/127.0.0.1:50222 - R:localhost/127.0.0.1:5140]
07:40:11.822 [Forwarding isElementDisplayed on session 8f6fcf8ff69b1e9fa25838365b439fea to remote] DEBUG org.asynchttpclient.netty.request.NettyRequestSender - Using pooled Channel '[id: 0xe5f14885, L:/127.0.0.1:50222 - R:localhost/127.0.0.1:5140]' for 'POST' to 'http://localhost:5140/session/8f6fcf8ff69b1e9fa25838365b439fea/execute/sync'
07:40:11.822 [Forwarding isElementDisplayed on session 8f6fcf8ff69b1e9fa25838365b439fea to remote] DEBUG org.asynchttpclient.netty.request.NettyRequestSender - Using open Channel [id: 0xe5f14885, L:/127.0.0.1:50222 - R:localhost/127.0.0.1:5140] for POST '/session/8f6fcf8ff69b1e9fa25838365b439fea/execute/sync'
07:40:11.831 [AsyncHttpClient-1-8] DEBUG org.asynchttpclient.netty.handler.HttpHandler - 

Request DefaultHttpRequest(decodeResult: success, version: HTTP/1.1)
POST /session/8f6fcf8ff69b1e9fa25838365b439fea/execute/sync HTTP/1.1
User-Agent: selenium/4.13.0 (java mac)
Content-Length: 48815
Content-Type: application/json; charset=utf-8
host: localhost:5140
accept: */*

Response DefaultHttpResponse(decodeResult: success, version: HTTP/1.1)
HTTP/1.1 200 OK
Content-Length: 14
Content-Type: application/json; charset=utf-8
cache-control: no-cache

07:40:11.831 [AsyncHttpClient-1-8] DEBUG org.asynchttpclient.netty.channel.ChannelManager - Adding key: http://localhost:5140 for channel [id: 0xe5f14885, L:/127.0.0.1:50222 - R:localhost/127.0.0.1:5140]
07:40:11.832 [Forwarding isElementEnabled on session 8f6fcf8ff69b1e9fa25838365b439fea to remote] DEBUG org.asynchttpclient.netty.request.NettyRequestSender - Using pooled Channel '[id: 0xe5f14885, L:/127.0.0.1:50222 - R:localhost/127.0.0.1:5140]' for 'GET' to 'http://localhost:5140/session/8f6fcf8ff69b1e9fa25838365b439fea/element/32771B87843642E341AA0D54664969D3_element_370/enabled'
07:40:11.832 [Forwarding isElementEnabled on session 8f6fcf8ff69b1e9fa25838365b439fea to remote] DEBUG org.asynchttpclient.netty.request.NettyRequestSender - Using open Channel [id: 0xe5f14885, L:/127.0.0.1:50222 - R:localhost/127.0.0.1:5140] for GET '/session/8f6fcf8ff69b1e9fa25838365b439fea/element/32771B87843642E341AA0D54664969D3_element_370/enabled'
07:40:11.838 [AsyncHttpClient-1-8] DEBUG org.asynchttpclient.netty.handler.HttpHandler - 

Request DefaultFullHttpRequest(decodeResult: success, version: HTTP/1.1, content: EmptyByteBufBE)
GET /session/8f6fcf8ff69b1e9fa25838365b439fea/element/32771B87843642E341AA0D54664969D3_element_370/enabled HTTP/1.1
Cache-Control: no-cache
User-Agent: selenium/4.13.0 (java mac)
Content-Type: application/json; charset=utf-8
host: localhost:5140
accept: */*

Response DefaultHttpResponse(decodeResult: success, version: HTTP/1.1)
HTTP/1.1 200 OK
Content-Length: 14
Content-Type: application/json; charset=utf-8
cache-control: no-cache

07:40:11.838 [AsyncHttpClient-1-8] DEBUG org.asynchttpclient.netty.channel.ChannelManager - Adding key: http://localhost:5140 for channel [id: 0xe5f14885, L:/127.0.0.1:50222 - R:localhost/127.0.0.1:5140]
07:40:11.839 [Forwarding executeScript on session 8f6fcf8ff69b1e9fa25838365b439fea to remote] DEBUG org.asynchttpclient.netty.request.NettyRequestSender - Using pooled Channel '[id: 0xe5f14885, L:/127.0.0.1:50222 - R:localhost/127.0.0.1:5140]' for 'POST' to 'http://localhost:5140/session/8f6fcf8ff69b1e9fa25838365b439fea/execute/sync'
07:40:11.839 [Forwarding executeScript on session 8f6fcf8ff69b1e9fa25838365b439fea to remote] DEBUG org.asynchttpclient.netty.request.NettyRequestSender - Using open Channel [id: 0xe5f14885, L:/127.0.0.1:50222 - R:localhost/127.0.0.1:5140] for POST '/session/8f6fcf8ff69b1e9fa25838365b439fea/execute/sync'
07:40:11.842 [AsyncHttpClient-1-8] DEBUG org.asynchttpclient.netty.handler.HttpHandler - 

Request DefaultHttpRequest(decodeResult: success, version: HTTP/1.1)
POST /session/8f6fcf8ff69b1e9fa25838365b439fea/execute/sync HTTP/1.1
User-Agent: selenium/4.13.0 (java mac)
Content-Length: 180
Content-Type: application/json; charset=utf-8
host: localhost:5140
accept: */*

Response DefaultHttpResponse(decodeResult: success, version: HTTP/1.1)
HTTP/1.1 200 OK
Content-Length: 14
Content-Type: application/json; charset=utf-8
cache-control: no-cache

07:40:11.843 [AsyncHttpClient-1-8] DEBUG org.asynchttpclient.netty.channel.ChannelManager - Adding key: http://localhost:5140 for channel [id: 0xe5f14885, L:/127.0.0.1:50222 - R:localhost/127.0.0.1:5140]
07:40:11.843 [Forwarding clickElement on session 8f6fcf8ff69b1e9fa25838365b439fea to remote] DEBUG org.asynchttpclient.netty.request.NettyRequestSender - Using pooled Channel '[id: 0xe5f14885, L:/127.0.0.1:50222 - R:localhost/127.0.0.1:5140]' for 'POST' to 'http://localhost:5140/session/8f6fcf8ff69b1e9fa25838365b439fea/element/32771B87843642E341AA0D54664969D3_element_370/click'
07:40:11.844 [Forwarding clickElement on session 8f6fcf8ff69b1e9fa25838365b439fea to remote] DEBUG org.asynchttpclient.netty.request.NettyRequestSender - Using open Channel [id: 0xe5f14885, L:/127.0.0.1:50222 - R:localhost/127.0.0.1:5140] for POST '/session/8f6fcf8ff69b1e9fa25838365b439fea/element/32771B87843642E341AA0D54664969D3_element_370/click'
07:40:11.915 [AsyncHttpClient-1-8] DEBUG org.asynchttpclient.netty.handler.HttpHandler - 

Request DefaultHttpRequest(decodeResult: success, version: HTTP/1.1)
POST /session/8f6fcf8ff69b1e9fa25838365b439fea/element/32771B87843642E341AA0D54664969D3_element_370/click HTTP/1.1
User-Agent: selenium/4.13.0 (java mac)
Content-Length: 58
Content-Type: application/json; charset=utf-8
host: localhost:5140
accept: */*

Response DefaultHttpResponse(decodeResult: success, version: HTTP/1.1)
HTTP/1.1 200 OK
Content-Length: 14
Content-Type: application/json; charset=utf-8
cache-control: no-cache

07:40:11.915 [AsyncHttpClient-1-8] DEBUG org.asynchttpclient.netty.channel.ChannelManager - Adding key: http://localhost:5140 for channel [id: 0xe5f14885, L:/127.0.0.1:50222 - R:localhost/127.0.0.1:5140]
Step 9 : Select 2 adults.
07:40:11.916 [Forwarding findElement on session 8f6fcf8ff69b1e9fa25838365b439fea to remote] DEBUG org.asynchttpclient.netty.request.NettyRequestSender - Using pooled Channel '[id: 0xe5f14885, L:/127.0.0.1:50222 - R:localhost/127.0.0.1:5140]' for 'POST' to 'http://localhost:5140/session/8f6fcf8ff69b1e9fa25838365b439fea/element'
07:40:11.916 [Forwarding findElement on session 8f6fcf8ff69b1e9fa25838365b439fea to remote] DEBUG org.asynchttpclient.netty.request.NettyRequestSender - Using open Channel [id: 0xe5f14885, L:/127.0.0.1:50222 - R:localhost/127.0.0.1:5140] for POST '/session/8f6fcf8ff69b1e9fa25838365b439fea/element'
07:40:11.937 [AsyncHttpClient-1-8] DEBUG org.asynchttpclient.netty.handler.HttpHandler - 

Request DefaultHttpRequest(decodeResult: success, version: HTTP/1.1)
POST /session/8f6fcf8ff69b1e9fa25838365b439fea/element HTTP/1.1
User-Agent: selenium/4.13.0 (java mac)
Content-Length: 106
Content-Type: application/json; charset=utf-8
host: localhost:5140
accept: */*

Response DefaultHttpResponse(decodeResult: success, version: HTTP/1.1)
HTTP/1.1 200 OK
Content-Length: 96
Content-Type: application/json; charset=utf-8
cache-control: no-cache

07:40:11.937 [AsyncHttpClient-1-8] DEBUG org.asynchttpclient.netty.channel.ChannelManager - Adding key: http://localhost:5140 for channel [id: 0xe5f14885, L:/127.0.0.1:50222 - R:localhost/127.0.0.1:5140]
07:40:11.939 [Forwarding clickElement on session 8f6fcf8ff69b1e9fa25838365b439fea to remote] DEBUG org.asynchttpclient.netty.request.NettyRequestSender - Using pooled Channel '[id: 0xe5f14885, L:/127.0.0.1:50222 - R:localhost/127.0.0.1:5140]' for 'POST' to 'http://localhost:5140/session/8f6fcf8ff69b1e9fa25838365b439fea/element/32771B87843642E341AA0D54664969D3_element_375/click'
07:40:11.939 [Forwarding clickElement on session 8f6fcf8ff69b1e9fa25838365b439fea to remote] DEBUG org.asynchttpclient.netty.request.NettyRequestSender - Using open Channel [id: 0xe5f14885, L:/127.0.0.1:50222 - R:localhost/127.0.0.1:5140] for POST '/session/8f6fcf8ff69b1e9fa25838365b439fea/element/32771B87843642E341AA0D54664969D3_element_375/click'
07:40:12.003 [AsyncHttpClient-1-8] DEBUG org.asynchttpclient.netty.handler.HttpHandler - 

Request DefaultHttpRequest(decodeResult: success, version: HTTP/1.1)
POST /session/8f6fcf8ff69b1e9fa25838365b439fea/element/32771B87843642E341AA0D54664969D3_element_375/click HTTP/1.1
User-Agent: selenium/4.13.0 (java mac)
Content-Length: 58
Content-Type: application/json; charset=utf-8
host: localhost:5140
accept: */*

Response DefaultHttpResponse(decodeResult: success, version: HTTP/1.1)
HTTP/1.1 200 OK
Content-Length: 14
Content-Type: application/json; charset=utf-8
cache-control: no-cache

07:40:12.003 [AsyncHttpClient-1-8] DEBUG org.asynchttpclient.netty.channel.ChannelManager - Adding key: http://localhost:5140 for channel [id: 0xe5f14885, L:/127.0.0.1:50222 - R:localhost/127.0.0.1:5140]
Step 10 : Click on apply button.
07:40:12.004 [Forwarding findElement on session 8f6fcf8ff69b1e9fa25838365b439fea to remote] DEBUG org.asynchttpclient.netty.request.NettyRequestSender - Using pooled Channel '[id: 0xe5f14885, L:/127.0.0.1:50222 - R:localhost/127.0.0.1:5140]' for 'POST' to 'http://localhost:5140/session/8f6fcf8ff69b1e9fa25838365b439fea/element'
07:40:12.004 [Forwarding findElement on session 8f6fcf8ff69b1e9fa25838365b439fea to remote] DEBUG org.asynchttpclient.netty.request.NettyRequestSender - Using open Channel [id: 0xe5f14885, L:/127.0.0.1:50222 - R:localhost/127.0.0.1:5140] for POST '/session/8f6fcf8ff69b1e9fa25838365b439fea/element'
07:40:12.015 [AsyncHttpClient-1-8] DEBUG org.asynchttpclient.netty.handler.HttpHandler - 

Request DefaultHttpRequest(decodeResult: success, version: HTTP/1.1)
POST /session/8f6fcf8ff69b1e9fa25838365b439fea/element HTTP/1.1
User-Agent: selenium/4.13.0 (java mac)
Content-Length: 71
Content-Type: application/json; charset=utf-8
host: localhost:5140
accept: */*

Response DefaultHttpResponse(decodeResult: success, version: HTTP/1.1)
HTTP/1.1 200 OK
Content-Length: 96
Content-Type: application/json; charset=utf-8
cache-control: no-cache

07:40:12.015 [AsyncHttpClient-1-8] DEBUG org.asynchttpclient.netty.channel.ChannelManager - Adding key: http://localhost:5140 for channel [id: 0xe5f14885, L:/127.0.0.1:50222 - R:localhost/127.0.0.1:5140]
07:40:12.017 [Forwarding isElementDisplayed on session 8f6fcf8ff69b1e9fa25838365b439fea to remote] DEBUG org.asynchttpclient.netty.request.NettyRequestSender - Using pooled Channel '[id: 0xe5f14885, L:/127.0.0.1:50222 - R:localhost/127.0.0.1:5140]' for 'POST' to 'http://localhost:5140/session/8f6fcf8ff69b1e9fa25838365b439fea/execute/sync'
07:40:12.017 [Forwarding isElementDisplayed on session 8f6fcf8ff69b1e9fa25838365b439fea to remote] DEBUG org.asynchttpclient.netty.request.NettyRequestSender - Using open Channel [id: 0xe5f14885, L:/127.0.0.1:50222 - R:localhost/127.0.0.1:5140] for POST '/session/8f6fcf8ff69b1e9fa25838365b439fea/execute/sync'
07:40:12.024 [AsyncHttpClient-1-8] DEBUG org.asynchttpclient.netty.handler.HttpHandler - 

Request DefaultHttpRequest(decodeResult: success, version: HTTP/1.1)
POST /session/8f6fcf8ff69b1e9fa25838365b439fea/execute/sync HTTP/1.1
User-Agent: selenium/4.13.0 (java mac)
Content-Length: 48815
Content-Type: application/json; charset=utf-8
host: localhost:5140
accept: */*

Response DefaultHttpResponse(decodeResult: success, version: HTTP/1.1)
HTTP/1.1 200 OK
Content-Length: 14
Content-Type: application/json; charset=utf-8
cache-control: no-cache

07:40:12.024 [AsyncHttpClient-1-8] DEBUG org.asynchttpclient.netty.channel.ChannelManager - Adding key: http://localhost:5140 for channel [id: 0xe5f14885, L:/127.0.0.1:50222 - R:localhost/127.0.0.1:5140]
07:40:12.025 [Forwarding isElementEnabled on session 8f6fcf8ff69b1e9fa25838365b439fea to remote] DEBUG org.asynchttpclient.netty.request.NettyRequestSender - Using pooled Channel '[id: 0xe5f14885, L:/127.0.0.1:50222 - R:localhost/127.0.0.1:5140]' for 'GET' to 'http://localhost:5140/session/8f6fcf8ff69b1e9fa25838365b439fea/element/32771B87843642E341AA0D54664969D3_element_377/enabled'
07:40:12.025 [Forwarding isElementEnabled on session 8f6fcf8ff69b1e9fa25838365b439fea to remote] DEBUG org.asynchttpclient.netty.request.NettyRequestSender - Using open Channel [id: 0xe5f14885, L:/127.0.0.1:50222 - R:localhost/127.0.0.1:5140] for GET '/session/8f6fcf8ff69b1e9fa25838365b439fea/element/32771B87843642E341AA0D54664969D3_element_377/enabled'
07:40:12.031 [AsyncHttpClient-1-8] DEBUG org.asynchttpclient.netty.handler.HttpHandler - 

Request DefaultFullHttpRequest(decodeResult: success, version: HTTP/1.1, content: EmptyByteBufBE)
GET /session/8f6fcf8ff69b1e9fa25838365b439fea/element/32771B87843642E341AA0D54664969D3_element_377/enabled HTTP/1.1
Cache-Control: no-cache
User-Agent: selenium/4.13.0 (java mac)
Content-Type: application/json; charset=utf-8
host: localhost:5140
accept: */*

Response DefaultHttpResponse(decodeResult: success, version: HTTP/1.1)
HTTP/1.1 200 OK
Content-Length: 14
Content-Type: application/json; charset=utf-8
cache-control: no-cache

07:40:12.031 [AsyncHttpClient-1-8] DEBUG org.asynchttpclient.netty.channel.ChannelManager - Adding key: http://localhost:5140 for channel [id: 0xe5f14885, L:/127.0.0.1:50222 - R:localhost/127.0.0.1:5140]
07:40:12.032 [Forwarding executeScript on session 8f6fcf8ff69b1e9fa25838365b439fea to remote] DEBUG org.asynchttpclient.netty.request.NettyRequestSender - Using pooled Channel '[id: 0xe5f14885, L:/127.0.0.1:50222 - R:localhost/127.0.0.1:5140]' for 'POST' to 'http://localhost:5140/session/8f6fcf8ff69b1e9fa25838365b439fea/execute/sync'
07:40:12.032 [Forwarding executeScript on session 8f6fcf8ff69b1e9fa25838365b439fea to remote] DEBUG org.asynchttpclient.netty.request.NettyRequestSender - Using open Channel [id: 0xe5f14885, L:/127.0.0.1:50222 - R:localhost/127.0.0.1:5140] for POST '/session/8f6fcf8ff69b1e9fa25838365b439fea/execute/sync'
07:40:12.035 [AsyncHttpClient-1-8] DEBUG org.asynchttpclient.netty.handler.HttpHandler - 

Request DefaultHttpRequest(decodeResult: success, version: HTTP/1.1)
POST /session/8f6fcf8ff69b1e9fa25838365b439fea/execute/sync HTTP/1.1
User-Agent: selenium/4.13.0 (java mac)
Content-Length: 180
Content-Type: application/json; charset=utf-8
host: localhost:5140
accept: */*

Response DefaultHttpResponse(decodeResult: success, version: HTTP/1.1)
HTTP/1.1 200 OK
Content-Length: 14
Content-Type: application/json; charset=utf-8
cache-control: no-cache

07:40:12.035 [AsyncHttpClient-1-8] DEBUG org.asynchttpclient.netty.channel.ChannelManager - Adding key: http://localhost:5140 for channel [id: 0xe5f14885, L:/127.0.0.1:50222 - R:localhost/127.0.0.1:5140]
07:40:12.036 [Forwarding clickElement on session 8f6fcf8ff69b1e9fa25838365b439fea to remote] DEBUG org.asynchttpclient.netty.request.NettyRequestSender - Using pooled Channel '[id: 0xe5f14885, L:/127.0.0.1:50222 - R:localhost/127.0.0.1:5140]' for 'POST' to 'http://localhost:5140/session/8f6fcf8ff69b1e9fa25838365b439fea/element/32771B87843642E341AA0D54664969D3_element_377/click'
07:40:12.036 [Forwarding clickElement on session 8f6fcf8ff69b1e9fa25838365b439fea to remote] DEBUG org.asynchttpclient.netty.request.NettyRequestSender - Using open Channel [id: 0xe5f14885, L:/127.0.0.1:50222 - R:localhost/127.0.0.1:5140] for POST '/session/8f6fcf8ff69b1e9fa25838365b439fea/element/32771B87843642E341AA0D54664969D3_element_377/click'
07:40:12.084 [AsyncHttpClient-1-8] DEBUG org.asynchttpclient.netty.handler.HttpHandler - 

Request DefaultHttpRequest(decodeResult: success, version: HTTP/1.1)
POST /session/8f6fcf8ff69b1e9fa25838365b439fea/element/32771B87843642E341AA0D54664969D3_element_377/click HTTP/1.1
User-Agent: selenium/4.13.0 (java mac)
Content-Length: 58
Content-Type: application/json; charset=utf-8
host: localhost:5140
accept: */*

Response DefaultHttpResponse(decodeResult: success, version: HTTP/1.1)
HTTP/1.1 200 OK
Content-Length: 14
Content-Type: application/json; charset=utf-8
cache-control: no-cache

07:40:12.084 [AsyncHttpClient-1-8] DEBUG org.asynchttpclient.netty.channel.ChannelManager - Adding key: http://localhost:5140 for channel [id: 0xe5f14885, L:/127.0.0.1:50222 - R:localhost/127.0.0.1:5140]
Step 11 : Click on search button.
07:40:12.085 [Forwarding findElement on session 8f6fcf8ff69b1e9fa25838365b439fea to remote] DEBUG org.asynchttpclient.netty.request.NettyRequestSender - Using pooled Channel '[id: 0xe5f14885, L:/127.0.0.1:50222 - R:localhost/127.0.0.1:5140]' for 'POST' to 'http://localhost:5140/session/8f6fcf8ff69b1e9fa25838365b439fea/element'
07:40:12.085 [Forwarding findElement on session 8f6fcf8ff69b1e9fa25838365b439fea to remote] DEBUG org.asynchttpclient.netty.request.NettyRequestSender - Using open Channel [id: 0xe5f14885, L:/127.0.0.1:50222 - R:localhost/127.0.0.1:5140] for POST '/session/8f6fcf8ff69b1e9fa25838365b439fea/element'
07:40:12.096 [AsyncHttpClient-1-8] DEBUG org.asynchttpclient.netty.handler.HttpHandler - 

Request DefaultHttpRequest(decodeResult: success, version: HTTP/1.1)
POST /session/8f6fcf8ff69b1e9fa25838365b439fea/element HTTP/1.1
User-Agent: selenium/4.13.0 (java mac)
Content-Length: 67
Content-Type: application/json; charset=utf-8
host: localhost:5140
accept: */*

Response DefaultHttpResponse(decodeResult: success, version: HTTP/1.1)
HTTP/1.1 200 OK
Content-Length: 96
Content-Type: application/json; charset=utf-8
cache-control: no-cache

07:40:12.096 [AsyncHttpClient-1-8] DEBUG org.asynchttpclient.netty.channel.ChannelManager - Adding key: http://localhost:5140 for channel [id: 0xe5f14885, L:/127.0.0.1:50222 - R:localhost/127.0.0.1:5140]
07:40:12.097 [Forwarding isElementDisplayed on session 8f6fcf8ff69b1e9fa25838365b439fea to remote] DEBUG org.asynchttpclient.netty.request.NettyRequestSender - Using pooled Channel '[id: 0xe5f14885, L:/127.0.0.1:50222 - R:localhost/127.0.0.1:5140]' for 'POST' to 'http://localhost:5140/session/8f6fcf8ff69b1e9fa25838365b439fea/execute/sync'
07:40:12.097 [Forwarding isElementDisplayed on session 8f6fcf8ff69b1e9fa25838365b439fea to remote] DEBUG org.asynchttpclient.netty.request.NettyRequestSender - Using open Channel [id: 0xe5f14885, L:/127.0.0.1:50222 - R:localhost/127.0.0.1:5140] for POST '/session/8f6fcf8ff69b1e9fa25838365b439fea/execute/sync'
07:40:12.104 [AsyncHttpClient-1-8] DEBUG org.asynchttpclient.netty.handler.HttpHandler - 

Request DefaultHttpRequest(decodeResult: success, version: HTTP/1.1)
POST /session/8f6fcf8ff69b1e9fa25838365b439fea/execute/sync HTTP/1.1
User-Agent: selenium/4.13.0 (java mac)
Content-Length: 48815
Content-Type: application/json; charset=utf-8
host: localhost:5140
accept: */*

Response DefaultHttpResponse(decodeResult: success, version: HTTP/1.1)
HTTP/1.1 200 OK
Content-Length: 14
Content-Type: application/json; charset=utf-8
cache-control: no-cache

07:40:12.104 [AsyncHttpClient-1-8] DEBUG org.asynchttpclient.netty.channel.ChannelManager - Adding key: http://localhost:5140 for channel [id: 0xe5f14885, L:/127.0.0.1:50222 - R:localhost/127.0.0.1:5140]
07:40:12.105 [Forwarding isElementEnabled on session 8f6fcf8ff69b1e9fa25838365b439fea to remote] DEBUG org.asynchttpclient.netty.request.NettyRequestSender - Using pooled Channel '[id: 0xe5f14885, L:/127.0.0.1:50222 - R:localhost/127.0.0.1:5140]' for 'GET' to 'http://localhost:5140/session/8f6fcf8ff69b1e9fa25838365b439fea/element/32771B87843642E341AA0D54664969D3_element_378/enabled'
07:40:12.105 [Forwarding isElementEnabled on session 8f6fcf8ff69b1e9fa25838365b439fea to remote] DEBUG org.asynchttpclient.netty.request.NettyRequestSender - Using open Channel [id: 0xe5f14885, L:/127.0.0.1:50222 - R:localhost/127.0.0.1:5140] for GET '/session/8f6fcf8ff69b1e9fa25838365b439fea/element/32771B87843642E341AA0D54664969D3_element_378/enabled'
07:40:12.110 [AsyncHttpClient-1-8] DEBUG org.asynchttpclient.netty.handler.HttpHandler - 

Request DefaultFullHttpRequest(decodeResult: success, version: HTTP/1.1, content: EmptyByteBufBE)
GET /session/8f6fcf8ff69b1e9fa25838365b439fea/element/32771B87843642E341AA0D54664969D3_element_378/enabled HTTP/1.1
Cache-Control: no-cache
User-Agent: selenium/4.13.0 (java mac)
Content-Type: application/json; charset=utf-8
host: localhost:5140
accept: */*

Response DefaultHttpResponse(decodeResult: success, version: HTTP/1.1)
HTTP/1.1 200 OK
Content-Length: 14
Content-Type: application/json; charset=utf-8
cache-control: no-cache

07:40:12.111 [AsyncHttpClient-1-8] DEBUG org.asynchttpclient.netty.channel.ChannelManager - Adding key: http://localhost:5140 for channel [id: 0xe5f14885, L:/127.0.0.1:50222 - R:localhost/127.0.0.1:5140]
07:40:12.112 [Forwarding executeScript on session 8f6fcf8ff69b1e9fa25838365b439fea to remote] DEBUG org.asynchttpclient.netty.request.NettyRequestSender - Using pooled Channel '[id: 0xe5f14885, L:/127.0.0.1:50222 - R:localhost/127.0.0.1:5140]' for 'POST' to 'http://localhost:5140/session/8f6fcf8ff69b1e9fa25838365b439fea/execute/sync'
07:40:12.112 [Forwarding executeScript on session 8f6fcf8ff69b1e9fa25838365b439fea to remote] DEBUG org.asynchttpclient.netty.request.NettyRequestSender - Using open Channel [id: 0xe5f14885, L:/127.0.0.1:50222 - R:localhost/127.0.0.1:5140] for POST '/session/8f6fcf8ff69b1e9fa25838365b439fea/execute/sync'
07:40:12.115 [AsyncHttpClient-1-8] DEBUG org.asynchttpclient.netty.handler.HttpHandler - 

Request DefaultHttpRequest(decodeResult: success, version: HTTP/1.1)
POST /session/8f6fcf8ff69b1e9fa25838365b439fea/execute/sync HTTP/1.1
User-Agent: selenium/4.13.0 (java mac)
Content-Length: 180
Content-Type: application/json; charset=utf-8
host: localhost:5140
accept: */*

Response DefaultHttpResponse(decodeResult: success, version: HTTP/1.1)
HTTP/1.1 200 OK
Content-Length: 14
Content-Type: application/json; charset=utf-8
cache-control: no-cache

07:40:12.115 [AsyncHttpClient-1-8] DEBUG org.asynchttpclient.netty.channel.ChannelManager - Adding key: http://localhost:5140 for channel [id: 0xe5f14885, L:/127.0.0.1:50222 - R:localhost/127.0.0.1:5140]
07:40:12.116 [Forwarding clickElement on session 8f6fcf8ff69b1e9fa25838365b439fea to remote] DEBUG org.asynchttpclient.netty.request.NettyRequestSender - Using pooled Channel '[id: 0xe5f14885, L:/127.0.0.1:50222 - R:localhost/127.0.0.1:5140]' for 'POST' to 'http://localhost:5140/session/8f6fcf8ff69b1e9fa25838365b439fea/element/32771B87843642E341AA0D54664969D3_element_378/click'
07:40:12.116 [Forwarding clickElement on session 8f6fcf8ff69b1e9fa25838365b439fea to remote] DEBUG org.asynchttpclient.netty.request.NettyRequestSender - Using open Channel [id: 0xe5f14885, L:/127.0.0.1:50222 - R:localhost/127.0.0.1:5140] for POST '/session/8f6fcf8ff69b1e9fa25838365b439fea/element/32771B87843642E341AA0D54664969D3_element_378/click'
07:40:12.688 [AsyncHttpClient-1-1] DEBUG org.asynchttpclient.netty.channel.DefaultChannelPool - Entry count for : http://localhost:50223 : 1
07:40:13.521 [AsyncHttpClient-1-8] DEBUG org.asynchttpclient.netty.handler.HttpHandler - 

Request DefaultHttpRequest(decodeResult: success, version: HTTP/1.1)
POST /session/8f6fcf8ff69b1e9fa25838365b439fea/element/32771B87843642E341AA0D54664969D3_element_378/click HTTP/1.1
User-Agent: selenium/4.13.0 (java mac)
Content-Length: 58
Content-Type: application/json; charset=utf-8
host: localhost:5140
accept: */*

Response DefaultHttpResponse(decodeResult: success, version: HTTP/1.1)
HTTP/1.1 200 OK
Content-Length: 14
Content-Type: application/json; charset=utf-8
cache-control: no-cache

07:40:13.521 [AsyncHttpClient-1-8] DEBUG org.asynchttpclient.netty.channel.ChannelManager - Adding key: http://localhost:5140 for channel [id: 0xe5f14885, L:/127.0.0.1:50222 - R:localhost/127.0.0.1:5140]
07:40:13.787 [AsyncHttpClient-1-1] DEBUG org.asynchttpclient.netty.channel.DefaultChannelPool - Entry count for : http://localhost:5140 : 1
07:40:13.787 [AsyncHttpClient-1-1] DEBUG org.asynchttpclient.netty.channel.DefaultChannelPool - Entry count for : http://localhost:50223 : 1
07:40:14.883 [AsyncHttpClient-1-1] DEBUG org.asynchttpclient.netty.channel.DefaultChannelPool - Entry count for : http://localhost:5140 : 1
07:40:14.883 [AsyncHttpClient-1-1] DEBUG org.asynchttpclient.netty.channel.DefaultChannelPool - Entry count for : http://localhost:50223 : 1
07:40:15.987 [AsyncHttpClient-1-1] DEBUG org.asynchttpclient.netty.channel.DefaultChannelPool - Entry count for : http://localhost:5140 : 1
07:40:15.987 [AsyncHttpClient-1-1] DEBUG org.asynchttpclient.netty.channel.DefaultChannelPool - Entry count for : http://localhost:50223 : 1
07:40:17.086 [AsyncHttpClient-1-1] DEBUG org.asynchttpclient.netty.channel.DefaultChannelPool - Entry count for : http://localhost:5140 : 1
07:40:17.086 [AsyncHttpClient-1-1] DEBUG org.asynchttpclient.netty.channel.DefaultChannelPool - Entry count for : http://localhost:50223 : 1
07:40:18.183 [AsyncHttpClient-1-1] DEBUG org.asynchttpclient.netty.channel.DefaultChannelPool - Entry count for : http://localhost:5140 : 1
07:40:18.183 [AsyncHttpClient-1-1] DEBUG org.asynchttpclient.netty.channel.DefaultChannelPool - Entry count for : http://localhost:50223 : 1
07:40:19.283 [AsyncHttpClient-1-1] DEBUG org.asynchttpclient.netty.channel.DefaultChannelPool - Entry count for : http://localhost:5140 : 1
07:40:19.283 [AsyncHttpClient-1-1] DEBUG org.asynchttpclient.netty.channel.DefaultChannelPool - Entry count for : http://localhost:50223 : 1
07:40:20.385 [AsyncHttpClient-1-1] DEBUG org.asynchttpclient.netty.channel.DefaultChannelPool - Entry count for : http://localhost:5140 : 1
07:40:20.385 [AsyncHttpClient-1-1] DEBUG org.asynchttpclient.netty.channel.DefaultChannelPool - Entry count for : http://localhost:50223 : 1
07:40:21.484 [AsyncHttpClient-1-1] DEBUG org.asynchttpclient.netty.channel.DefaultChannelPool - Entry count for : http://localhost:5140 : 1
07:40:21.484 [AsyncHttpClient-1-1] DEBUG org.asynchttpclient.netty.channel.DefaultChannelPool - Entry count for : http://localhost:50223 : 1
07:40:22.584 [AsyncHttpClient-1-1] DEBUG org.asynchttpclient.netty.channel.DefaultChannelPool - Entry count for : http://localhost:5140 : 1
07:40:22.584 [AsyncHttpClient-1-1] DEBUG org.asynchttpclient.netty.channel.DefaultChannelPool - Entry count for : http://localhost:50223 : 1
07:40:23.684 [AsyncHttpClient-1-1] DEBUG org.asynchttpclient.netty.channel.DefaultChannelPool - Entry count for : http://localhost:5140 : 1
07:40:23.684 [AsyncHttpClient-1-1] DEBUG org.asynchttpclient.netty.channel.DefaultChannelPool - Entry count for : http://localhost:50223 : 1
07:40:24.783 [AsyncHttpClient-1-1] DEBUG org.asynchttpclient.netty.channel.DefaultChannelPool - Entry count for : http://localhost:5140 : 1
07:40:24.783 [AsyncHttpClient-1-1] DEBUG org.asynchttpclient.netty.channel.DefaultChannelPool - Entry count for : http://localhost:50223 : 1
07:40:25.882 [AsyncHttpClient-1-1] DEBUG org.asynchttpclient.netty.channel.DefaultChannelPool - Entry count for : http://localhost:5140 : 1
07:40:25.883 [AsyncHttpClient-1-1] DEBUG org.asynchttpclient.netty.channel.DefaultChannelPool - Entry count for : http://localhost:50223 : 1
07:40:26.983 [AsyncHttpClient-1-1] DEBUG org.asynchttpclient.netty.channel.DefaultChannelPool - Entry count for : http://localhost:5140 : 1
07:40:26.983 [AsyncHttpClient-1-1] DEBUG org.asynchttpclient.netty.channel.DefaultChannelPool - Entry count for : http://localhost:50223 : 1
07:40:28.085 [AsyncHttpClient-1-1] DEBUG org.asynchttpclient.netty.channel.DefaultChannelPool - Entry count for : http://localhost:5140 : 1
07:40:28.086 [AsyncHttpClient-1-1] DEBUG org.asynchttpclient.netty.channel.DefaultChannelPool - Entry count for : http://localhost:50223 : 1
07:40:29.183 [AsyncHttpClient-1-1] DEBUG org.asynchttpclient.netty.channel.DefaultChannelPool - Entry count for : http://localhost:5140 : 1
07:40:29.183 [AsyncHttpClient-1-1] DEBUG org.asynchttpclient.netty.channel.DefaultChannelPool - Entry count for : http://localhost:50223 : 1
07:40:30.286 [AsyncHttpClient-1-1] DEBUG org.asynchttpclient.netty.channel.DefaultChannelPool - Entry count for : http://localhost:5140 : 1
07:40:30.286 [AsyncHttpClient-1-1] DEBUG org.asynchttpclient.netty.channel.DefaultChannelPool - Entry count for : http://localhost:50223 : 1
07:40:31.383 [AsyncHttpClient-1-1] DEBUG org.asynchttpclient.netty.channel.DefaultChannelPool - Entry count for : http://localhost:5140 : 1
07:40:31.383 [AsyncHttpClient-1-1] DEBUG org.asynchttpclient.netty.channel.DefaultChannelPool - Entry count for : http://localhost:50223 : 1
07:40:32.483 [AsyncHttpClient-1-1] DEBUG org.asynchttpclient.netty.channel.DefaultChannelPool - Entry count for : http://localhost:5140 : 1
07:40:32.483 [AsyncHttpClient-1-1] DEBUG org.asynchttpclient.netty.channel.DefaultChannelPool - Entry count for : http://localhost:50223 : 1
07:40:33.523 [Forwarding findElement on session 8f6fcf8ff69b1e9fa25838365b439fea to remote] DEBUG org.asynchttpclient.netty.request.NettyRequestSender - Using pooled Channel '[id: 0xe5f14885, L:/127.0.0.1:50222 - R:localhost/127.0.0.1:5140]' for 'POST' to 'http://localhost:5140/session/8f6fcf8ff69b1e9fa25838365b439fea/element'
07:40:33.523 [Forwarding findElement on session 8f6fcf8ff69b1e9fa25838365b439fea to remote] DEBUG org.asynchttpclient.netty.request.NettyRequestSender - Using open Channel [id: 0xe5f14885, L:/127.0.0.1:50222 - R:localhost/127.0.0.1:5140] for POST '/session/8f6fcf8ff69b1e9fa25838365b439fea/element'
07:40:33.585 [AsyncHttpClient-1-1] DEBUG org.asynchttpclient.netty.channel.DefaultChannelPool - Entry count for : http://localhost:50223 : 1
07:40:34.560 [AsyncHttpClient-1-8] DEBUG org.asynchttpclient.netty.handler.HttpHandler - 

Request DefaultHttpRequest(decodeResult: success, version: HTTP/1.1)
POST /session/8f6fcf8ff69b1e9fa25838365b439fea/element HTTP/1.1
User-Agent: selenium/4.13.0 (java mac)
Content-Length: 90
Content-Type: application/json; charset=utf-8
host: localhost:5140
accept: */*

Response DefaultHttpResponse(decodeResult: success, version: HTTP/1.1)
HTTP/1.1 404 Not Found
Content-Length: 1962
Content-Type: application/json; charset=utf-8
cache-control: no-cache

07:40:34.560 [AsyncHttpClient-1-8] DEBUG org.asynchttpclient.netty.channel.ChannelManager - Adding key: http://localhost:5140 for channel [id: 0xe5f14885, L:/127.0.0.1:50222 - R:localhost/127.0.0.1:5140]
07:40:34.561 [Forwarding findElements on session 8f6fcf8ff69b1e9fa25838365b439fea to remote] DEBUG org.asynchttpclient.netty.request.NettyRequestSender - Using pooled Channel '[id: 0xe5f14885, L:/127.0.0.1:50222 - R:localhost/127.0.0.1:5140]' for 'POST' to 'http://localhost:5140/session/8f6fcf8ff69b1e9fa25838365b439fea/elements'
07:40:34.561 [Forwarding findElements on session 8f6fcf8ff69b1e9fa25838365b439fea to remote] DEBUG org.asynchttpclient.netty.request.NettyRequestSender - Using open Channel [id: 0xe5f14885, L:/127.0.0.1:50222 - R:localhost/127.0.0.1:5140] for POST '/session/8f6fcf8ff69b1e9fa25838365b439fea/elements'
07:40:34.579 [AsyncHttpClient-1-8] DEBUG org.asynchttpclient.netty.handler.HttpHandler - 

Request DefaultHttpRequest(decodeResult: success, version: HTTP/1.1)
POST /session/8f6fcf8ff69b1e9fa25838365b439fea/elements HTTP/1.1
User-Agent: selenium/4.13.0 (java mac)
Content-Length: 149
Content-Type: application/json; charset=utf-8
host: localhost:5140
accept: */*

Response DefaultHttpResponse(decodeResult: success, version: HTTP/1.1)
HTTP/1.1 200 OK
Content-Length: 8885
Content-Type: application/json; charset=utf-8
cache-control: no-cache

07:40:34.580 [AsyncHttpClient-1-8] DEBUG org.asynchttpclient.netty.channel.ChannelManager - Adding key: http://localhost:5140 for channel [id: 0xe5f14885, L:/127.0.0.1:50222 - R:localhost/127.0.0.1:5140]
Step 12 : Verify all flights shows from and to city as per selection while search.
07:40:34.583 [Forwarding findElement on session 8f6fcf8ff69b1e9fa25838365b439fea to remote] DEBUG org.asynchttpclient.netty.request.NettyRequestSender - Using pooled Channel '[id: 0xe5f14885, L:/127.0.0.1:50222 - R:localhost/127.0.0.1:5140]' for 'POST' to 'http://localhost:5140/session/8f6fcf8ff69b1e9fa25838365b439fea/element'
07:40:34.583 [Forwarding findElement on session 8f6fcf8ff69b1e9fa25838365b439fea to remote] DEBUG org.asynchttpclient.netty.request.NettyRequestSender - Using open Channel [id: 0xe5f14885, L:/127.0.0.1:50222 - R:localhost/127.0.0.1:5140] for POST '/session/8f6fcf8ff69b1e9fa25838365b439fea/element'
07:40:34.596 [AsyncHttpClient-1-8] DEBUG org.asynchttpclient.netty.handler.HttpHandler - 

Request DefaultHttpRequest(decodeResult: success, version: HTTP/1.1)
POST /session/8f6fcf8ff69b1e9fa25838365b439fea/element HTTP/1.1
User-Agent: selenium/4.13.0 (java mac)
Content-Length: 152
Content-Type: application/json; charset=utf-8
host: localhost:5140
accept: */*

Response DefaultHttpResponse(decodeResult: success, version: HTTP/1.1)
HTTP/1.1 200 OK
Content-Length: 96
Content-Type: application/json; charset=utf-8
cache-control: no-cache

07:40:34.596 [AsyncHttpClient-1-8] DEBUG org.asynchttpclient.netty.channel.ChannelManager - Adding key: http://localhost:5140 for channel [id: 0xe5f14885, L:/127.0.0.1:50222 - R:localhost/127.0.0.1:5140]
07:40:34.598 [Forwarding executeScript on session 8f6fcf8ff69b1e9fa25838365b439fea to remote] DEBUG org.asynchttpclient.netty.request.NettyRequestSender - Using pooled Channel '[id: 0xe5f14885, L:/127.0.0.1:50222 - R:localhost/127.0.0.1:5140]' for 'POST' to 'http://localhost:5140/session/8f6fcf8ff69b1e9fa25838365b439fea/execute/sync'
07:40:34.598 [Forwarding executeScript on session 8f6fcf8ff69b1e9fa25838365b439fea to remote] DEBUG org.asynchttpclient.netty.request.NettyRequestSender - Using open Channel [id: 0xe5f14885, L:/127.0.0.1:50222 - R:localhost/127.0.0.1:5140] for POST '/session/8f6fcf8ff69b1e9fa25838365b439fea/execute/sync'
07:40:34.603 [AsyncHttpClient-1-8] DEBUG org.asynchttpclient.netty.handler.HttpHandler - 

Request DefaultHttpRequest(decodeResult: success, version: HTTP/1.1)
POST /session/8f6fcf8ff69b1e9fa25838365b439fea/execute/sync HTTP/1.1
User-Agent: selenium/4.13.0 (java mac)
Content-Length: 180
Content-Type: application/json; charset=utf-8
host: localhost:5140
accept: */*

Response DefaultHttpResponse(decodeResult: success, version: HTTP/1.1)
HTTP/1.1 200 OK
Content-Length: 14
Content-Type: application/json; charset=utf-8
cache-control: no-cache

07:40:34.603 [AsyncHttpClient-1-8] DEBUG org.asynchttpclient.netty.channel.ChannelManager - Adding key: http://localhost:5140 for channel [id: 0xe5f14885, L:/127.0.0.1:50222 - R:localhost/127.0.0.1:5140]
07:40:34.604 [Forwarding getElementText on session 8f6fcf8ff69b1e9fa25838365b439fea to remote] DEBUG org.asynchttpclient.netty.request.NettyRequestSender - Using pooled Channel '[id: 0xe5f14885, L:/127.0.0.1:50222 - R:localhost/127.0.0.1:5140]' for 'GET' to 'http://localhost:5140/session/8f6fcf8ff69b1e9fa25838365b439fea/element/055695434E54FA8FA3FB8D0B674CBC34_element_561/text'
07:40:34.604 [Forwarding getElementText on session 8f6fcf8ff69b1e9fa25838365b439fea to remote] DEBUG org.asynchttpclient.netty.request.NettyRequestSender - Using open Channel [id: 0xe5f14885, L:/127.0.0.1:50222 - R:localhost/127.0.0.1:5140] for GET '/session/8f6fcf8ff69b1e9fa25838365b439fea/element/055695434E54FA8FA3FB8D0B674CBC34_element_561/text'
07:40:34.618 [AsyncHttpClient-1-8] DEBUG org.asynchttpclient.netty.handler.HttpHandler - 

Request DefaultFullHttpRequest(decodeResult: success, version: HTTP/1.1, content: EmptyByteBufBE)
GET /session/8f6fcf8ff69b1e9fa25838365b439fea/element/055695434E54FA8FA3FB8D0B674CBC34_element_561/text HTTP/1.1
Cache-Control: no-cache
User-Agent: selenium/4.13.0 (java mac)
Content-Type: application/json; charset=utf-8
host: localhost:5140
accept: */*

Response DefaultHttpResponse(decodeResult: success, version: HTTP/1.1)
HTTP/1.1 200 OK
Content-Length: 21
Content-Type: application/json; charset=utf-8
cache-control: no-cache

07:40:34.618 [AsyncHttpClient-1-8] DEBUG org.asynchttpclient.netty.channel.ChannelManager - Adding key: http://localhost:5140 for channel [id: 0xe5f14885, L:/127.0.0.1:50222 - R:localhost/127.0.0.1:5140]
07:40:34.619 [Forwarding findElement on session 8f6fcf8ff69b1e9fa25838365b439fea to remote] DEBUG org.asynchttpclient.netty.request.NettyRequestSender - Using pooled Channel '[id: 0xe5f14885, L:/127.0.0.1:50222 - R:localhost/127.0.0.1:5140]' for 'POST' to 'http://localhost:5140/session/8f6fcf8ff69b1e9fa25838365b439fea/element'
07:40:34.619 [Forwarding findElement on session 8f6fcf8ff69b1e9fa25838365b439fea to remote] DEBUG org.asynchttpclient.netty.request.NettyRequestSender - Using open Channel [id: 0xe5f14885, L:/127.0.0.1:50222 - R:localhost/127.0.0.1:5140] for POST '/session/8f6fcf8ff69b1e9fa25838365b439fea/element'
07:40:34.632 [AsyncHttpClient-1-8] DEBUG org.asynchttpclient.netty.handler.HttpHandler - 

Request DefaultHttpRequest(decodeResult: success, version: HTTP/1.1)
POST /session/8f6fcf8ff69b1e9fa25838365b439fea/element HTTP/1.1
User-Agent: selenium/4.13.0 (java mac)
Content-Length: 153
Content-Type: application/json; charset=utf-8
host: localhost:5140
accept: */*

Response DefaultHttpResponse(decodeResult: success, version: HTTP/1.1)
HTTP/1.1 200 OK
Content-Length: 96
Content-Type: application/json; charset=utf-8
cache-control: no-cache

07:40:34.632 [AsyncHttpClient-1-8] DEBUG org.asynchttpclient.netty.channel.ChannelManager - Adding key: http://localhost:5140 for channel [id: 0xe5f14885, L:/127.0.0.1:50222 - R:localhost/127.0.0.1:5140]
07:40:34.634 [Forwarding executeScript on session 8f6fcf8ff69b1e9fa25838365b439fea to remote] DEBUG org.asynchttpclient.netty.request.NettyRequestSender - Using pooled Channel '[id: 0xe5f14885, L:/127.0.0.1:50222 - R:localhost/127.0.0.1:5140]' for 'POST' to 'http://localhost:5140/session/8f6fcf8ff69b1e9fa25838365b439fea/execute/sync'
07:40:34.634 [Forwarding executeScript on session 8f6fcf8ff69b1e9fa25838365b439fea to remote] DEBUG org.asynchttpclient.netty.request.NettyRequestSender - Using open Channel [id: 0xe5f14885, L:/127.0.0.1:50222 - R:localhost/127.0.0.1:5140] for POST '/session/8f6fcf8ff69b1e9fa25838365b439fea/execute/sync'
07:40:34.645 [AsyncHttpClient-1-8] DEBUG org.asynchttpclient.netty.handler.HttpHandler - 

Request DefaultHttpRequest(decodeResult: success, version: HTTP/1.1)
POST /session/8f6fcf8ff69b1e9fa25838365b439fea/execute/sync HTTP/1.1
User-Agent: selenium/4.13.0 (java mac)
Content-Length: 180
Content-Type: application/json; charset=utf-8
host: localhost:5140
accept: */*

Response DefaultHttpResponse(decodeResult: success, version: HTTP/1.1)
HTTP/1.1 200 OK
Content-Length: 14
Content-Type: application/json; charset=utf-8
cache-control: no-cache

07:40:34.645 [AsyncHttpClient-1-8] DEBUG org.asynchttpclient.netty.channel.ChannelManager - Adding key: http://localhost:5140 for channel [id: 0xe5f14885, L:/127.0.0.1:50222 - R:localhost/127.0.0.1:5140]
07:40:34.646 [Forwarding getElementText on session 8f6fcf8ff69b1e9fa25838365b439fea to remote] DEBUG org.asynchttpclient.netty.request.NettyRequestSender - Using pooled Channel '[id: 0xe5f14885, L:/127.0.0.1:50222 - R:localhost/127.0.0.1:5140]' for 'GET' to 'http://localhost:5140/session/8f6fcf8ff69b1e9fa25838365b439fea/element/055695434E54FA8FA3FB8D0B674CBC34_element_663/text'
07:40:34.646 [Forwarding getElementText on session 8f6fcf8ff69b1e9fa25838365b439fea to remote] DEBUG org.asynchttpclient.netty.request.NettyRequestSender - Using open Channel [id: 0xe5f14885, L:/127.0.0.1:50222 - R:localhost/127.0.0.1:5140] for GET '/session/8f6fcf8ff69b1e9fa25838365b439fea/element/055695434E54FA8FA3FB8D0B674CBC34_element_663/text'
07:40:34.657 [AsyncHttpClient-1-8] DEBUG org.asynchttpclient.netty.handler.HttpHandler - 

Request DefaultFullHttpRequest(decodeResult: success, version: HTTP/1.1, content: EmptyByteBufBE)
GET /session/8f6fcf8ff69b1e9fa25838365b439fea/element/055695434E54FA8FA3FB8D0B674CBC34_element_663/text HTTP/1.1
Cache-Control: no-cache
User-Agent: selenium/4.13.0 (java mac)
Content-Type: application/json; charset=utf-8
host: localhost:5140
accept: */*

Response DefaultHttpResponse(decodeResult: success, version: HTTP/1.1)
HTTP/1.1 200 OK
Content-Length: 21
Content-Type: application/json; charset=utf-8
cache-control: no-cache

07:40:34.657 [AsyncHttpClient-1-8] DEBUG org.asynchttpclient.netty.channel.ChannelManager - Adding key: http://localhost:5140 for channel [id: 0xe5f14885, L:/127.0.0.1:50222 - R:localhost/127.0.0.1:5140]
07:40:34.658 [Forwarding findElement on session 8f6fcf8ff69b1e9fa25838365b439fea to remote] DEBUG org.asynchttpclient.netty.request.NettyRequestSender - Using pooled Channel '[id: 0xe5f14885, L:/127.0.0.1:50222 - R:localhost/127.0.0.1:5140]' for 'POST' to 'http://localhost:5140/session/8f6fcf8ff69b1e9fa25838365b439fea/element'
07:40:34.658 [Forwarding findElement on session 8f6fcf8ff69b1e9fa25838365b439fea to remote] DEBUG org.asynchttpclient.netty.request.NettyRequestSender - Using open Channel [id: 0xe5f14885, L:/127.0.0.1:50222 - R:localhost/127.0.0.1:5140] for POST '/session/8f6fcf8ff69b1e9fa25838365b439fea/element'
07:40:34.673 [AsyncHttpClient-1-8] DEBUG org.asynchttpclient.netty.handler.HttpHandler - 

Request DefaultHttpRequest(decodeResult: success, version: HTTP/1.1)
POST /session/8f6fcf8ff69b1e9fa25838365b439fea/element HTTP/1.1
User-Agent: selenium/4.13.0 (java mac)
Content-Length: 152
Content-Type: application/json; charset=utf-8
host: localhost:5140
accept: */*

Response DefaultHttpResponse(decodeResult: success, version: HTTP/1.1)
HTTP/1.1 200 OK
Content-Length: 96
Content-Type: application/json; charset=utf-8
cache-control: no-cache

07:40:34.674 [AsyncHttpClient-1-8] DEBUG org.asynchttpclient.netty.channel.ChannelManager - Adding key: http://localhost:5140 for channel [id: 0xe5f14885, L:/127.0.0.1:50222 - R:localhost/127.0.0.1:5140]
07:40:34.675 [Forwarding executeScript on session 8f6fcf8ff69b1e9fa25838365b439fea to remote] DEBUG org.asynchttpclient.netty.request.NettyRequestSender - Using pooled Channel '[id: 0xe5f14885, L:/127.0.0.1:50222 - R:localhost/127.0.0.1:5140]' for 'POST' to 'http://localhost:5140/session/8f6fcf8ff69b1e9fa25838365b439fea/execute/sync'
07:40:34.675 [Forwarding executeScript on session 8f6fcf8ff69b1e9fa25838365b439fea to remote] DEBUG org.asynchttpclient.netty.request.NettyRequestSender - Using open Channel [id: 0xe5f14885, L:/127.0.0.1:50222 - R:localhost/127.0.0.1:5140] for POST '/session/8f6fcf8ff69b1e9fa25838365b439fea/execute/sync'
07:40:34.679 [AsyncHttpClient-1-8] DEBUG org.asynchttpclient.netty.handler.HttpHandler - 

Request DefaultHttpRequest(decodeResult: success, version: HTTP/1.1)
POST /session/8f6fcf8ff69b1e9fa25838365b439fea/execute/sync HTTP/1.1
User-Agent: selenium/4.13.0 (java mac)
Content-Length: 180
Content-Type: application/json; charset=utf-8
host: localhost:5140
accept: */*

Response DefaultHttpResponse(decodeResult: success, version: HTTP/1.1)
HTTP/1.1 200 OK
Content-Length: 14
Content-Type: application/json; charset=utf-8
cache-control: no-cache

07:40:34.680 [AsyncHttpClient-1-8] DEBUG org.asynchttpclient.netty.channel.ChannelManager - Adding key: http://localhost:5140 for channel [id: 0xe5f14885, L:/127.0.0.1:50222 - R:localhost/127.0.0.1:5140]
07:40:34.680 [Forwarding getElementText on session 8f6fcf8ff69b1e9fa25838365b439fea to remote] DEBUG org.asynchttpclient.netty.request.NettyRequestSender - Using pooled Channel '[id: 0xe5f14885, L:/127.0.0.1:50222 - R:localhost/127.0.0.1:5140]' for 'GET' to 'http://localhost:5140/session/8f6fcf8ff69b1e9fa25838365b439fea/element/055695434E54FA8FA3FB8D0B674CBC34_element_562/text'
07:40:34.680 [Forwarding getElementText on session 8f6fcf8ff69b1e9fa25838365b439fea to remote] DEBUG org.asynchttpclient.netty.request.NettyRequestSender - Using open Channel [id: 0xe5f14885, L:/127.0.0.1:50222 - R:localhost/127.0.0.1:5140] for GET '/session/8f6fcf8ff69b1e9fa25838365b439fea/element/055695434E54FA8FA3FB8D0B674CBC34_element_562/text'
07:40:34.684 [AsyncHttpClient-1-1] DEBUG org.asynchttpclient.netty.channel.DefaultChannelPool - Entry count for : http://localhost:50223 : 1
07:40:34.690 [AsyncHttpClient-1-8] DEBUG org.asynchttpclient.netty.handler.HttpHandler - 

Request DefaultFullHttpRequest(decodeResult: success, version: HTTP/1.1, content: EmptyByteBufBE)
GET /session/8f6fcf8ff69b1e9fa25838365b439fea/element/055695434E54FA8FA3FB8D0B674CBC34_element_562/text HTTP/1.1
Cache-Control: no-cache
User-Agent: selenium/4.13.0 (java mac)
Content-Type: application/json; charset=utf-8
host: localhost:5140
accept: */*

Response DefaultHttpResponse(decodeResult: success, version: HTTP/1.1)
HTTP/1.1 200 OK
Content-Length: 21
Content-Type: application/json; charset=utf-8
cache-control: no-cache

07:40:34.690 [AsyncHttpClient-1-8] DEBUG org.asynchttpclient.netty.channel.ChannelManager - Adding key: http://localhost:5140 for channel [id: 0xe5f14885, L:/127.0.0.1:50222 - R:localhost/127.0.0.1:5140]
07:40:34.691 [Forwarding findElement on session 8f6fcf8ff69b1e9fa25838365b439fea to remote] DEBUG org.asynchttpclient.netty.request.NettyRequestSender - Using pooled Channel '[id: 0xe5f14885, L:/127.0.0.1:50222 - R:localhost/127.0.0.1:5140]' for 'POST' to 'http://localhost:5140/session/8f6fcf8ff69b1e9fa25838365b439fea/element'
07:40:34.691 [Forwarding findElement on session 8f6fcf8ff69b1e9fa25838365b439fea to remote] DEBUG org.asynchttpclient.netty.request.NettyRequestSender - Using open Channel [id: 0xe5f14885, L:/127.0.0.1:50222 - R:localhost/127.0.0.1:5140] for POST '/session/8f6fcf8ff69b1e9fa25838365b439fea/element'
07:40:34.721 [AsyncHttpClient-1-8] DEBUG org.asynchttpclient.netty.handler.HttpHandler - 

Request DefaultHttpRequest(decodeResult: success, version: HTTP/1.1)
POST /session/8f6fcf8ff69b1e9fa25838365b439fea/element HTTP/1.1
User-Agent: selenium/4.13.0 (java mac)
Content-Length: 153
Content-Type: application/json; charset=utf-8
host: localhost:5140
accept: */*

Response DefaultHttpResponse(decodeResult: success, version: HTTP/1.1)
HTTP/1.1 200 OK
Content-Length: 96
Content-Type: application/json; charset=utf-8
cache-control: no-cache

07:40:34.721 [AsyncHttpClient-1-8] DEBUG org.asynchttpclient.netty.channel.ChannelManager - Adding key: http://localhost:5140 for channel [id: 0xe5f14885, L:/127.0.0.1:50222 - R:localhost/127.0.0.1:5140]
07:40:34.722 [Forwarding executeScript on session 8f6fcf8ff69b1e9fa25838365b439fea to remote] DEBUG org.asynchttpclient.netty.request.NettyRequestSender - Using pooled Channel '[id: 0xe5f14885, L:/127.0.0.1:50222 - R:localhost/127.0.0.1:5140]' for 'POST' to 'http://localhost:5140/session/8f6fcf8ff69b1e9fa25838365b439fea/execute/sync'
07:40:34.723 [Forwarding executeScript on session 8f6fcf8ff69b1e9fa25838365b439fea to remote] DEBUG org.asynchttpclient.netty.request.NettyRequestSender - Using open Channel [id: 0xe5f14885, L:/127.0.0.1:50222 - R:localhost/127.0.0.1:5140] for POST '/session/8f6fcf8ff69b1e9fa25838365b439fea/execute/sync'
07:40:34.733 [AsyncHttpClient-1-8] DEBUG org.asynchttpclient.netty.handler.HttpHandler - 

Request DefaultHttpRequest(decodeResult: success, version: HTTP/1.1)
POST /session/8f6fcf8ff69b1e9fa25838365b439fea/execute/sync HTTP/1.1
User-Agent: selenium/4.13.0 (java mac)
Content-Length: 180
Content-Type: application/json; charset=utf-8
host: localhost:5140
accept: */*

Response DefaultHttpResponse(decodeResult: success, version: HTTP/1.1)
HTTP/1.1 200 OK
Content-Length: 14
Content-Type: application/json; charset=utf-8
cache-control: no-cache

07:40:34.733 [AsyncHttpClient-1-8] DEBUG org.asynchttpclient.netty.channel.ChannelManager - Adding key: http://localhost:5140 for channel [id: 0xe5f14885, L:/127.0.0.1:50222 - R:localhost/127.0.0.1:5140]
07:40:34.734 [Forwarding getElementText on session 8f6fcf8ff69b1e9fa25838365b439fea to remote] DEBUG org.asynchttpclient.netty.request.NettyRequestSender - Using pooled Channel '[id: 0xe5f14885, L:/127.0.0.1:50222 - R:localhost/127.0.0.1:5140]' for 'GET' to 'http://localhost:5140/session/8f6fcf8ff69b1e9fa25838365b439fea/element/055695434E54FA8FA3FB8D0B674CBC34_element_684/text'
07:40:34.734 [Forwarding getElementText on session 8f6fcf8ff69b1e9fa25838365b439fea to remote] DEBUG org.asynchttpclient.netty.request.NettyRequestSender - Using open Channel [id: 0xe5f14885, L:/127.0.0.1:50222 - R:localhost/127.0.0.1:5140] for GET '/session/8f6fcf8ff69b1e9fa25838365b439fea/element/055695434E54FA8FA3FB8D0B674CBC34_element_684/text'
07:40:34.743 [AsyncHttpClient-1-8] DEBUG org.asynchttpclient.netty.handler.HttpHandler - 

Request DefaultFullHttpRequest(decodeResult: success, version: HTTP/1.1, content: EmptyByteBufBE)
GET /session/8f6fcf8ff69b1e9fa25838365b439fea/element/055695434E54FA8FA3FB8D0B674CBC34_element_684/text HTTP/1.1
Cache-Control: no-cache
User-Agent: selenium/4.13.0 (java mac)
Content-Type: application/json; charset=utf-8
host: localhost:5140
accept: */*

Response DefaultHttpResponse(decodeResult: success, version: HTTP/1.1)
HTTP/1.1 200 OK
Content-Length: 21
Content-Type: application/json; charset=utf-8
cache-control: no-cache

07:40:34.743 [AsyncHttpClient-1-8] DEBUG org.asynchttpclient.netty.channel.ChannelManager - Adding key: http://localhost:5140 for channel [id: 0xe5f14885, L:/127.0.0.1:50222 - R:localhost/127.0.0.1:5140]
07:40:34.744 [Forwarding findElement on session 8f6fcf8ff69b1e9fa25838365b439fea to remote] DEBUG org.asynchttpclient.netty.request.NettyRequestSender - Using pooled Channel '[id: 0xe5f14885, L:/127.0.0.1:50222 - R:localhost/127.0.0.1:5140]' for 'POST' to 'http://localhost:5140/session/8f6fcf8ff69b1e9fa25838365b439fea/element'
07:40:34.744 [Forwarding findElement on session 8f6fcf8ff69b1e9fa25838365b439fea to remote] DEBUG org.asynchttpclient.netty.request.NettyRequestSender - Using open Channel [id: 0xe5f14885, L:/127.0.0.1:50222 - R:localhost/127.0.0.1:5140] for POST '/session/8f6fcf8ff69b1e9fa25838365b439fea/element'
07:40:34.757 [AsyncHttpClient-1-8] DEBUG org.asynchttpclient.netty.handler.HttpHandler - 

Request DefaultHttpRequest(decodeResult: success, version: HTTP/1.1)
POST /session/8f6fcf8ff69b1e9fa25838365b439fea/element HTTP/1.1
User-Agent: selenium/4.13.0 (java mac)
Content-Length: 152
Content-Type: application/json; charset=utf-8
host: localhost:5140
accept: */*

Response DefaultHttpResponse(decodeResult: success, version: HTTP/1.1)
HTTP/1.1 200 OK
Content-Length: 96
Content-Type: application/json; charset=utf-8
cache-control: no-cache

07:40:34.758 [AsyncHttpClient-1-8] DEBUG org.asynchttpclient.netty.channel.ChannelManager - Adding key: http://localhost:5140 for channel [id: 0xe5f14885, L:/127.0.0.1:50222 - R:localhost/127.0.0.1:5140]
07:40:34.759 [Forwarding executeScript on session 8f6fcf8ff69b1e9fa25838365b439fea to remote] DEBUG org.asynchttpclient.netty.request.NettyRequestSender - Using pooled Channel '[id: 0xe5f14885, L:/127.0.0.1:50222 - R:localhost/127.0.0.1:5140]' for 'POST' to 'http://localhost:5140/session/8f6fcf8ff69b1e9fa25838365b439fea/execute/sync'
07:40:34.759 [Forwarding executeScript on session 8f6fcf8ff69b1e9fa25838365b439fea to remote] DEBUG org.asynchttpclient.netty.request.NettyRequestSender - Using open Channel [id: 0xe5f14885, L:/127.0.0.1:50222 - R:localhost/127.0.0.1:5140] for POST '/session/8f6fcf8ff69b1e9fa25838365b439fea/execute/sync'
07:40:34.763 [AsyncHttpClient-1-8] DEBUG org.asynchttpclient.netty.handler.HttpHandler - 

Request DefaultHttpRequest(decodeResult: success, version: HTTP/1.1)
POST /session/8f6fcf8ff69b1e9fa25838365b439fea/execute/sync HTTP/1.1
User-Agent: selenium/4.13.0 (java mac)
Content-Length: 180
Content-Type: application/json; charset=utf-8
host: localhost:5140
accept: */*

Response DefaultHttpResponse(decodeResult: success, version: HTTP/1.1)
HTTP/1.1 200 OK
Content-Length: 14
Content-Type: application/json; charset=utf-8
cache-control: no-cache

07:40:34.763 [AsyncHttpClient-1-8] DEBUG org.asynchttpclient.netty.channel.ChannelManager - Adding key: http://localhost:5140 for channel [id: 0xe5f14885, L:/127.0.0.1:50222 - R:localhost/127.0.0.1:5140]
07:40:34.763 [Forwarding getElementText on session 8f6fcf8ff69b1e9fa25838365b439fea to remote] DEBUG org.asynchttpclient.netty.request.NettyRequestSender - Using pooled Channel '[id: 0xe5f14885, L:/127.0.0.1:50222 - R:localhost/127.0.0.1:5140]' for 'GET' to 'http://localhost:5140/session/8f6fcf8ff69b1e9fa25838365b439fea/element/055695434E54FA8FA3FB8D0B674CBC34_element_563/text'
07:40:34.763 [Forwarding getElementText on session 8f6fcf8ff69b1e9fa25838365b439fea to remote] DEBUG org.asynchttpclient.netty.request.NettyRequestSender - Using open Channel [id: 0xe5f14885, L:/127.0.0.1:50222 - R:localhost/127.0.0.1:5140] for GET '/session/8f6fcf8ff69b1e9fa25838365b439fea/element/055695434E54FA8FA3FB8D0B674CBC34_element_563/text'
07:40:34.777 [AsyncHttpClient-1-8] DEBUG org.asynchttpclient.netty.handler.HttpHandler - 

Request DefaultFullHttpRequest(decodeResult: success, version: HTTP/1.1, content: EmptyByteBufBE)
GET /session/8f6fcf8ff69b1e9fa25838365b439fea/element/055695434E54FA8FA3FB8D0B674CBC34_element_563/text HTTP/1.1
Cache-Control: no-cache
User-Agent: selenium/4.13.0 (java mac)
Content-Type: application/json; charset=utf-8
host: localhost:5140
accept: */*

Response DefaultHttpResponse(decodeResult: success, version: HTTP/1.1)
HTTP/1.1 200 OK
Content-Length: 21
Content-Type: application/json; charset=utf-8
cache-control: no-cache

07:40:34.778 [AsyncHttpClient-1-8] DEBUG org.asynchttpclient.netty.channel.ChannelManager - Adding key: http://localhost:5140 for channel [id: 0xe5f14885, L:/127.0.0.1:50222 - R:localhost/127.0.0.1:5140]
07:40:34.778 [Forwarding findElement on session 8f6fcf8ff69b1e9fa25838365b439fea to remote] DEBUG org.asynchttpclient.netty.request.NettyRequestSender - Using pooled Channel '[id: 0xe5f14885, L:/127.0.0.1:50222 - R:localhost/127.0.0.1:5140]' for 'POST' to 'http://localhost:5140/session/8f6fcf8ff69b1e9fa25838365b439fea/element'
07:40:34.778 [Forwarding findElement on session 8f6fcf8ff69b1e9fa25838365b439fea to remote] DEBUG org.asynchttpclient.netty.request.NettyRequestSender - Using open Channel [id: 0xe5f14885, L:/127.0.0.1:50222 - R:localhost/127.0.0.1:5140] for POST '/session/8f6fcf8ff69b1e9fa25838365b439fea/element'
07:40:34.794 [AsyncHttpClient-1-8] DEBUG org.asynchttpclient.netty.handler.HttpHandler - 

Request DefaultHttpRequest(decodeResult: success, version: HTTP/1.1)
POST /session/8f6fcf8ff69b1e9fa25838365b439fea/element HTTP/1.1
User-Agent: selenium/4.13.0 (java mac)
Content-Length: 153
Content-Type: application/json; charset=utf-8
host: localhost:5140
accept: */*

Response DefaultHttpResponse(decodeResult: success, version: HTTP/1.1)
HTTP/1.1 200 OK
Content-Length: 96
Content-Type: application/json; charset=utf-8
cache-control: no-cache

07:40:34.794 [AsyncHttpClient-1-8] DEBUG org.asynchttpclient.netty.channel.ChannelManager - Adding key: http://localhost:5140 for channel [id: 0xe5f14885, L:/127.0.0.1:50222 - R:localhost/127.0.0.1:5140]
07:40:34.795 [Forwarding executeScript on session 8f6fcf8ff69b1e9fa25838365b439fea to remote] DEBUG org.asynchttpclient.netty.request.NettyRequestSender - Using pooled Channel '[id: 0xe5f14885, L:/127.0.0.1:50222 - R:localhost/127.0.0.1:5140]' for 'POST' to 'http://localhost:5140/session/8f6fcf8ff69b1e9fa25838365b439fea/execute/sync'
07:40:34.795 [Forwarding executeScript on session 8f6fcf8ff69b1e9fa25838365b439fea to remote] DEBUG org.asynchttpclient.netty.request.NettyRequestSender - Using open Channel [id: 0xe5f14885, L:/127.0.0.1:50222 - R:localhost/127.0.0.1:5140] for POST '/session/8f6fcf8ff69b1e9fa25838365b439fea/execute/sync'
07:40:34.802 [AsyncHttpClient-1-8] DEBUG org.asynchttpclient.netty.handler.HttpHandler - 

Request DefaultHttpRequest(decodeResult: success, version: HTTP/1.1)
POST /session/8f6fcf8ff69b1e9fa25838365b439fea/execute/sync HTTP/1.1
User-Agent: selenium/4.13.0 (java mac)
Content-Length: 180
Content-Type: application/json; charset=utf-8
host: localhost:5140
accept: */*

Response DefaultHttpResponse(decodeResult: success, version: HTTP/1.1)
HTTP/1.1 200 OK
Content-Length: 14
Content-Type: application/json; charset=utf-8
cache-control: no-cache

07:40:34.802 [AsyncHttpClient-1-8] DEBUG org.asynchttpclient.netty.channel.ChannelManager - Adding key: http://localhost:5140 for channel [id: 0xe5f14885, L:/127.0.0.1:50222 - R:localhost/127.0.0.1:5140]
07:40:34.803 [Forwarding getElementText on session 8f6fcf8ff69b1e9fa25838365b439fea to remote] DEBUG org.asynchttpclient.netty.request.NettyRequestSender - Using pooled Channel '[id: 0xe5f14885, L:/127.0.0.1:50222 - R:localhost/127.0.0.1:5140]' for 'GET' to 'http://localhost:5140/session/8f6fcf8ff69b1e9fa25838365b439fea/element/055695434E54FA8FA3FB8D0B674CBC34_element_688/text'
07:40:34.803 [Forwarding getElementText on session 8f6fcf8ff69b1e9fa25838365b439fea to remote] DEBUG org.asynchttpclient.netty.request.NettyRequestSender - Using open Channel [id: 0xe5f14885, L:/127.0.0.1:50222 - R:localhost/127.0.0.1:5140] for GET '/session/8f6fcf8ff69b1e9fa25838365b439fea/element/055695434E54FA8FA3FB8D0B674CBC34_element_688/text'
07:40:34.811 [AsyncHttpClient-1-8] DEBUG org.asynchttpclient.netty.handler.HttpHandler - 

Request DefaultFullHttpRequest(decodeResult: success, version: HTTP/1.1, content: EmptyByteBufBE)
GET /session/8f6fcf8ff69b1e9fa25838365b439fea/element/055695434E54FA8FA3FB8D0B674CBC34_element_688/text HTTP/1.1
Cache-Control: no-cache
User-Agent: selenium/4.13.0 (java mac)
Content-Type: application/json; charset=utf-8
host: localhost:5140
accept: */*

Response DefaultHttpResponse(decodeResult: success, version: HTTP/1.1)
HTTP/1.1 200 OK
Content-Length: 21
Content-Type: application/json; charset=utf-8
cache-control: no-cache

07:40:34.811 [AsyncHttpClient-1-8] DEBUG org.asynchttpclient.netty.channel.ChannelManager - Adding key: http://localhost:5140 for channel [id: 0xe5f14885, L:/127.0.0.1:50222 - R:localhost/127.0.0.1:5140]
07:40:34.812 [Forwarding findElement on session 8f6fcf8ff69b1e9fa25838365b439fea to remote] DEBUG org.asynchttpclient.netty.request.NettyRequestSender - Using pooled Channel '[id: 0xe5f14885, L:/127.0.0.1:50222 - R:localhost/127.0.0.1:5140]' for 'POST' to 'http://localhost:5140/session/8f6fcf8ff69b1e9fa25838365b439fea/element'
07:40:34.812 [Forwarding findElement on session 8f6fcf8ff69b1e9fa25838365b439fea to remote] DEBUG org.asynchttpclient.netty.request.NettyRequestSender - Using open Channel [id: 0xe5f14885, L:/127.0.0.1:50222 - R:localhost/127.0.0.1:5140] for POST '/session/8f6fcf8ff69b1e9fa25838365b439fea/element'
07:40:34.829 [AsyncHttpClient-1-8] DEBUG org.asynchttpclient.netty.handler.HttpHandler - 

Request DefaultHttpRequest(decodeResult: success, version: HTTP/1.1)
POST /session/8f6fcf8ff69b1e9fa25838365b439fea/element HTTP/1.1
User-Agent: selenium/4.13.0 (java mac)
Content-Length: 152
Content-Type: application/json; charset=utf-8
host: localhost:5140
accept: */*

Response DefaultHttpResponse(decodeResult: success, version: HTTP/1.1)
HTTP/1.1 200 OK
Content-Length: 96
Content-Type: application/json; charset=utf-8
cache-control: no-cache

07:40:34.829 [AsyncHttpClient-1-8] DEBUG org.asynchttpclient.netty.channel.ChannelManager - Adding key: http://localhost:5140 for channel [id: 0xe5f14885, L:/127.0.0.1:50222 - R:localhost/127.0.0.1:5140]
07:40:34.830 [Forwarding executeScript on session 8f6fcf8ff69b1e9fa25838365b439fea to remote] DEBUG org.asynchttpclient.netty.request.NettyRequestSender - Using pooled Channel '[id: 0xe5f14885, L:/127.0.0.1:50222 - R:localhost/127.0.0.1:5140]' for 'POST' to 'http://localhost:5140/session/8f6fcf8ff69b1e9fa25838365b439fea/execute/sync'
07:40:34.830 [Forwarding executeScript on session 8f6fcf8ff69b1e9fa25838365b439fea to remote] DEBUG org.asynchttpclient.netty.request.NettyRequestSender - Using open Channel [id: 0xe5f14885, L:/127.0.0.1:50222 - R:localhost/127.0.0.1:5140] for POST '/session/8f6fcf8ff69b1e9fa25838365b439fea/execute/sync'
07:40:34.835 [AsyncHttpClient-1-8] DEBUG org.asynchttpclient.netty.handler.HttpHandler - 

Request DefaultHttpRequest(decodeResult: success, version: HTTP/1.1)
POST /session/8f6fcf8ff69b1e9fa25838365b439fea/execute/sync HTTP/1.1
User-Agent: selenium/4.13.0 (java mac)
Content-Length: 180
Content-Type: application/json; charset=utf-8
host: localhost:5140
accept: */*

Response DefaultHttpResponse(decodeResult: success, version: HTTP/1.1)
HTTP/1.1 200 OK
Content-Length: 14
Content-Type: application/json; charset=utf-8
cache-control: no-cache

07:40:34.835 [AsyncHttpClient-1-8] DEBUG org.asynchttpclient.netty.channel.ChannelManager - Adding key: http://localhost:5140 for channel [id: 0xe5f14885, L:/127.0.0.1:50222 - R:localhost/127.0.0.1:5140]
07:40:34.836 [Forwarding getElementText on session 8f6fcf8ff69b1e9fa25838365b439fea to remote] DEBUG org.asynchttpclient.netty.request.NettyRequestSender - Using pooled Channel '[id: 0xe5f14885, L:/127.0.0.1:50222 - R:localhost/127.0.0.1:5140]' for 'GET' to 'http://localhost:5140/session/8f6fcf8ff69b1e9fa25838365b439fea/element/055695434E54FA8FA3FB8D0B674CBC34_element_564/text'
07:40:34.836 [Forwarding getElementText on session 8f6fcf8ff69b1e9fa25838365b439fea to remote] DEBUG org.asynchttpclient.netty.request.NettyRequestSender - Using open Channel [id: 0xe5f14885, L:/127.0.0.1:50222 - R:localhost/127.0.0.1:5140] for GET '/session/8f6fcf8ff69b1e9fa25838365b439fea/element/055695434E54FA8FA3FB8D0B674CBC34_element_564/text'
07:40:34.843 [AsyncHttpClient-1-8] DEBUG org.asynchttpclient.netty.handler.HttpHandler - 

Request DefaultFullHttpRequest(decodeResult: success, version: HTTP/1.1, content: EmptyByteBufBE)
GET /session/8f6fcf8ff69b1e9fa25838365b439fea/element/055695434E54FA8FA3FB8D0B674CBC34_element_564/text HTTP/1.1
Cache-Control: no-cache
User-Agent: selenium/4.13.0 (java mac)
Content-Type: application/json; charset=utf-8
host: localhost:5140
accept: */*

Response DefaultHttpResponse(decodeResult: success, version: HTTP/1.1)
HTTP/1.1 200 OK
Content-Length: 21
Content-Type: application/json; charset=utf-8
cache-control: no-cache

07:40:34.843 [AsyncHttpClient-1-8] DEBUG org.asynchttpclient.netty.channel.ChannelManager - Adding key: http://localhost:5140 for channel [id: 0xe5f14885, L:/127.0.0.1:50222 - R:localhost/127.0.0.1:5140]
07:40:34.844 [Forwarding findElement on session 8f6fcf8ff69b1e9fa25838365b439fea to remote] DEBUG org.asynchttpclient.netty.request.NettyRequestSender - Using pooled Channel '[id: 0xe5f14885, L:/127.0.0.1:50222 - R:localhost/127.0.0.1:5140]' for 'POST' to 'http://localhost:5140/session/8f6fcf8ff69b1e9fa25838365b439fea/element'
07:40:34.844 [Forwarding findElement on session 8f6fcf8ff69b1e9fa25838365b439fea to remote] DEBUG org.asynchttpclient.netty.request.NettyRequestSender - Using open Channel [id: 0xe5f14885, L:/127.0.0.1:50222 - R:localhost/127.0.0.1:5140] for POST '/session/8f6fcf8ff69b1e9fa25838365b439fea/element'
07:40:34.858 [AsyncHttpClient-1-8] DEBUG org.asynchttpclient.netty.handler.HttpHandler - 

Request DefaultHttpRequest(decodeResult: success, version: HTTP/1.1)
POST /session/8f6fcf8ff69b1e9fa25838365b439fea/element HTTP/1.1
User-Agent: selenium/4.13.0 (java mac)
Content-Length: 153
Content-Type: application/json; charset=utf-8
host: localhost:5140
accept: */*

Response DefaultHttpResponse(decodeResult: success, version: HTTP/1.1)
HTTP/1.1 200 OK
Content-Length: 96
Content-Type: application/json; charset=utf-8
cache-control: no-cache

07:40:34.858 [AsyncHttpClient-1-8] DEBUG org.asynchttpclient.netty.channel.ChannelManager - Adding key: http://localhost:5140 for channel [id: 0xe5f14885, L:/127.0.0.1:50222 - R:localhost/127.0.0.1:5140]
07:40:34.859 [Forwarding executeScript on session 8f6fcf8ff69b1e9fa25838365b439fea to remote] DEBUG org.asynchttpclient.netty.request.NettyRequestSender - Using pooled Channel '[id: 0xe5f14885, L:/127.0.0.1:50222 - R:localhost/127.0.0.1:5140]' for 'POST' to 'http://localhost:5140/session/8f6fcf8ff69b1e9fa25838365b439fea/execute/sync'
07:40:34.859 [Forwarding executeScript on session 8f6fcf8ff69b1e9fa25838365b439fea to remote] DEBUG org.asynchttpclient.netty.request.NettyRequestSender - Using open Channel [id: 0xe5f14885, L:/127.0.0.1:50222 - R:localhost/127.0.0.1:5140] for POST '/session/8f6fcf8ff69b1e9fa25838365b439fea/execute/sync'
07:40:34.865 [AsyncHttpClient-1-8] DEBUG org.asynchttpclient.netty.handler.HttpHandler - 

Request DefaultHttpRequest(decodeResult: success, version: HTTP/1.1)
POST /session/8f6fcf8ff69b1e9fa25838365b439fea/execute/sync HTTP/1.1
User-Agent: selenium/4.13.0 (java mac)
Content-Length: 180
Content-Type: application/json; charset=utf-8
host: localhost:5140
accept: */*

Response DefaultHttpResponse(decodeResult: success, version: HTTP/1.1)
HTTP/1.1 200 OK
Content-Length: 14
Content-Type: application/json; charset=utf-8
cache-control: no-cache

07:40:34.865 [AsyncHttpClient-1-8] DEBUG org.asynchttpclient.netty.channel.ChannelManager - Adding key: http://localhost:5140 for channel [id: 0xe5f14885, L:/127.0.0.1:50222 - R:localhost/127.0.0.1:5140]
07:40:34.867 [Forwarding getElementText on session 8f6fcf8ff69b1e9fa25838365b439fea to remote] DEBUG org.asynchttpclient.netty.request.NettyRequestSender - Using pooled Channel '[id: 0xe5f14885, L:/127.0.0.1:50222 - R:localhost/127.0.0.1:5140]' for 'GET' to 'http://localhost:5140/session/8f6fcf8ff69b1e9fa25838365b439fea/element/055695434E54FA8FA3FB8D0B674CBC34_element_690/text'
07:40:34.867 [Forwarding getElementText on session 8f6fcf8ff69b1e9fa25838365b439fea to remote] DEBUG org.asynchttpclient.netty.request.NettyRequestSender - Using open Channel [id: 0xe5f14885, L:/127.0.0.1:50222 - R:localhost/127.0.0.1:5140] for GET '/session/8f6fcf8ff69b1e9fa25838365b439fea/element/055695434E54FA8FA3FB8D0B674CBC34_element_690/text'
07:40:34.879 [AsyncHttpClient-1-8] DEBUG org.asynchttpclient.netty.handler.HttpHandler - 

Request DefaultFullHttpRequest(decodeResult: success, version: HTTP/1.1, content: EmptyByteBufBE)
GET /session/8f6fcf8ff69b1e9fa25838365b439fea/element/055695434E54FA8FA3FB8D0B674CBC34_element_690/text HTTP/1.1
Cache-Control: no-cache
User-Agent: selenium/4.13.0 (java mac)
Content-Type: application/json; charset=utf-8
host: localhost:5140
accept: */*

Response DefaultHttpResponse(decodeResult: success, version: HTTP/1.1)
HTTP/1.1 200 OK
Content-Length: 21
Content-Type: application/json; charset=utf-8
cache-control: no-cache

07:40:34.879 [AsyncHttpClient-1-8] DEBUG org.asynchttpclient.netty.channel.ChannelManager - Adding key: http://localhost:5140 for channel [id: 0xe5f14885, L:/127.0.0.1:50222 - R:localhost/127.0.0.1:5140]
07:40:34.880 [Forwarding findElement on session 8f6fcf8ff69b1e9fa25838365b439fea to remote] DEBUG org.asynchttpclient.netty.request.NettyRequestSender - Using pooled Channel '[id: 0xe5f14885, L:/127.0.0.1:50222 - R:localhost/127.0.0.1:5140]' for 'POST' to 'http://localhost:5140/session/8f6fcf8ff69b1e9fa25838365b439fea/element'
07:40:34.880 [Forwarding findElement on session 8f6fcf8ff69b1e9fa25838365b439fea to remote] DEBUG org.asynchttpclient.netty.request.NettyRequestSender - Using open Channel [id: 0xe5f14885, L:/127.0.0.1:50222 - R:localhost/127.0.0.1:5140] for POST '/session/8f6fcf8ff69b1e9fa25838365b439fea/element'
07:40:34.895 [AsyncHttpClient-1-8] DEBUG org.asynchttpclient.netty.handler.HttpHandler - 

Request DefaultHttpRequest(decodeResult: success, version: HTTP/1.1)
POST /session/8f6fcf8ff69b1e9fa25838365b439fea/element HTTP/1.1
User-Agent: selenium/4.13.0 (java mac)
Content-Length: 152
Content-Type: application/json; charset=utf-8
host: localhost:5140
accept: */*

Response DefaultHttpResponse(decodeResult: success, version: HTTP/1.1)
HTTP/1.1 200 OK
Content-Length: 96
Content-Type: application/json; charset=utf-8
cache-control: no-cache

07:40:34.895 [AsyncHttpClient-1-8] DEBUG org.asynchttpclient.netty.channel.ChannelManager - Adding key: http://localhost:5140 for channel [id: 0xe5f14885, L:/127.0.0.1:50222 - R:localhost/127.0.0.1:5140]
07:40:34.896 [Forwarding executeScript on session 8f6fcf8ff69b1e9fa25838365b439fea to remote] DEBUG org.asynchttpclient.netty.request.NettyRequestSender - Using pooled Channel '[id: 0xe5f14885, L:/127.0.0.1:50222 - R:localhost/127.0.0.1:5140]' for 'POST' to 'http://localhost:5140/session/8f6fcf8ff69b1e9fa25838365b439fea/execute/sync'
07:40:34.896 [Forwarding executeScript on session 8f6fcf8ff69b1e9fa25838365b439fea to remote] DEBUG org.asynchttpclient.netty.request.NettyRequestSender - Using open Channel [id: 0xe5f14885, L:/127.0.0.1:50222 - R:localhost/127.0.0.1:5140] for POST '/session/8f6fcf8ff69b1e9fa25838365b439fea/execute/sync'
07:40:34.902 [AsyncHttpClient-1-8] DEBUG org.asynchttpclient.netty.handler.HttpHandler - 

Request DefaultHttpRequest(decodeResult: success, version: HTTP/1.1)
POST /session/8f6fcf8ff69b1e9fa25838365b439fea/execute/sync HTTP/1.1
User-Agent: selenium/4.13.0 (java mac)
Content-Length: 180
Content-Type: application/json; charset=utf-8
host: localhost:5140
accept: */*

Response DefaultHttpResponse(decodeResult: success, version: HTTP/1.1)
HTTP/1.1 200 OK
Content-Length: 14
Content-Type: application/json; charset=utf-8
cache-control: no-cache

07:40:34.902 [AsyncHttpClient-1-8] DEBUG org.asynchttpclient.netty.channel.ChannelManager - Adding key: http://localhost:5140 for channel [id: 0xe5f14885, L:/127.0.0.1:50222 - R:localhost/127.0.0.1:5140]
07:40:34.903 [Forwarding getElementText on session 8f6fcf8ff69b1e9fa25838365b439fea to remote] DEBUG org.asynchttpclient.netty.request.NettyRequestSender - Using pooled Channel '[id: 0xe5f14885, L:/127.0.0.1:50222 - R:localhost/127.0.0.1:5140]' for 'GET' to 'http://localhost:5140/session/8f6fcf8ff69b1e9fa25838365b439fea/element/055695434E54FA8FA3FB8D0B674CBC34_element_565/text'
07:40:34.903 [Forwarding getElementText on session 8f6fcf8ff69b1e9fa25838365b439fea to remote] DEBUG org.asynchttpclient.netty.request.NettyRequestSender - Using open Channel [id: 0xe5f14885, L:/127.0.0.1:50222 - R:localhost/127.0.0.1:5140] for GET '/session/8f6fcf8ff69b1e9fa25838365b439fea/element/055695434E54FA8FA3FB8D0B674CBC34_element_565/text'
07:40:34.911 [AsyncHttpClient-1-8] DEBUG org.asynchttpclient.netty.handler.HttpHandler - 

Request DefaultFullHttpRequest(decodeResult: success, version: HTTP/1.1, content: EmptyByteBufBE)
GET /session/8f6fcf8ff69b1e9fa25838365b439fea/element/055695434E54FA8FA3FB8D0B674CBC34_element_565/text HTTP/1.1
Cache-Control: no-cache
User-Agent: selenium/4.13.0 (java mac)
Content-Type: application/json; charset=utf-8
host: localhost:5140
accept: */*

Response DefaultHttpResponse(decodeResult: success, version: HTTP/1.1)
HTTP/1.1 200 OK
Content-Length: 21
Content-Type: application/json; charset=utf-8
cache-control: no-cache

07:40:34.911 [AsyncHttpClient-1-8] DEBUG org.asynchttpclient.netty.channel.ChannelManager - Adding key: http://localhost:5140 for channel [id: 0xe5f14885, L:/127.0.0.1:50222 - R:localhost/127.0.0.1:5140]
07:40:34.911 [Forwarding findElement on session 8f6fcf8ff69b1e9fa25838365b439fea to remote] DEBUG org.asynchttpclient.netty.request.NettyRequestSender - Using pooled Channel '[id: 0xe5f14885, L:/127.0.0.1:50222 - R:localhost/127.0.0.1:5140]' for 'POST' to 'http://localhost:5140/session/8f6fcf8ff69b1e9fa25838365b439fea/element'
07:40:34.912 [Forwarding findElement on session 8f6fcf8ff69b1e9fa25838365b439fea to remote] DEBUG org.asynchttpclient.netty.request.NettyRequestSender - Using open Channel [id: 0xe5f14885, L:/127.0.0.1:50222 - R:localhost/127.0.0.1:5140] for POST '/session/8f6fcf8ff69b1e9fa25838365b439fea/element'
07:40:34.926 [AsyncHttpClient-1-8] DEBUG org.asynchttpclient.netty.handler.HttpHandler - 

Request DefaultHttpRequest(decodeResult: success, version: HTTP/1.1)
POST /session/8f6fcf8ff69b1e9fa25838365b439fea/element HTTP/1.1
User-Agent: selenium/4.13.0 (java mac)
Content-Length: 153
Content-Type: application/json; charset=utf-8
host: localhost:5140
accept: */*

Response DefaultHttpResponse(decodeResult: success, version: HTTP/1.1)
HTTP/1.1 200 OK
Content-Length: 96
Content-Type: application/json; charset=utf-8
cache-control: no-cache

07:40:34.926 [AsyncHttpClient-1-8] DEBUG org.asynchttpclient.netty.channel.ChannelManager - Adding key: http://localhost:5140 for channel [id: 0xe5f14885, L:/127.0.0.1:50222 - R:localhost/127.0.0.1:5140]
07:40:34.927 [Forwarding executeScript on session 8f6fcf8ff69b1e9fa25838365b439fea to remote] DEBUG org.asynchttpclient.netty.request.NettyRequestSender - Using pooled Channel '[id: 0xe5f14885, L:/127.0.0.1:50222 - R:localhost/127.0.0.1:5140]' for 'POST' to 'http://localhost:5140/session/8f6fcf8ff69b1e9fa25838365b439fea/execute/sync'
07:40:34.927 [Forwarding executeScript on session 8f6fcf8ff69b1e9fa25838365b439fea to remote] DEBUG org.asynchttpclient.netty.request.NettyRequestSender - Using open Channel [id: 0xe5f14885, L:/127.0.0.1:50222 - R:localhost/127.0.0.1:5140] for POST '/session/8f6fcf8ff69b1e9fa25838365b439fea/execute/sync'
07:40:34.931 [AsyncHttpClient-1-8] DEBUG org.asynchttpclient.netty.handler.HttpHandler - 

Request DefaultHttpRequest(decodeResult: success, version: HTTP/1.1)
POST /session/8f6fcf8ff69b1e9fa25838365b439fea/execute/sync HTTP/1.1
User-Agent: selenium/4.13.0 (java mac)
Content-Length: 180
Content-Type: application/json; charset=utf-8
host: localhost:5140
accept: */*

Response DefaultHttpResponse(decodeResult: success, version: HTTP/1.1)
HTTP/1.1 200 OK
Content-Length: 14
Content-Type: application/json; charset=utf-8
cache-control: no-cache

07:40:34.932 [AsyncHttpClient-1-8] DEBUG org.asynchttpclient.netty.channel.ChannelManager - Adding key: http://localhost:5140 for channel [id: 0xe5f14885, L:/127.0.0.1:50222 - R:localhost/127.0.0.1:5140]
07:40:34.932 [Forwarding getElementText on session 8f6fcf8ff69b1e9fa25838365b439fea to remote] DEBUG org.asynchttpclient.netty.request.NettyRequestSender - Using pooled Channel '[id: 0xe5f14885, L:/127.0.0.1:50222 - R:localhost/127.0.0.1:5140]' for 'GET' to 'http://localhost:5140/session/8f6fcf8ff69b1e9fa25838365b439fea/element/055695434E54FA8FA3FB8D0B674CBC34_element_693/text'
07:40:34.932 [Forwarding getElementText on session 8f6fcf8ff69b1e9fa25838365b439fea to remote] DEBUG org.asynchttpclient.netty.request.NettyRequestSender - Using open Channel [id: 0xe5f14885, L:/127.0.0.1:50222 - R:localhost/127.0.0.1:5140] for GET '/session/8f6fcf8ff69b1e9fa25838365b439fea/element/055695434E54FA8FA3FB8D0B674CBC34_element_693/text'
07:40:34.948 [AsyncHttpClient-1-8] DEBUG org.asynchttpclient.netty.handler.HttpHandler - 

Request DefaultFullHttpRequest(decodeResult: success, version: HTTP/1.1, content: EmptyByteBufBE)
GET /session/8f6fcf8ff69b1e9fa25838365b439fea/element/055695434E54FA8FA3FB8D0B674CBC34_element_693/text HTTP/1.1
Cache-Control: no-cache
User-Agent: selenium/4.13.0 (java mac)
Content-Type: application/json; charset=utf-8
host: localhost:5140
accept: */*

Response DefaultHttpResponse(decodeResult: success, version: HTTP/1.1)
HTTP/1.1 200 OK
Content-Length: 21
Content-Type: application/json; charset=utf-8
cache-control: no-cache

07:40:34.948 [AsyncHttpClient-1-8] DEBUG org.asynchttpclient.netty.channel.ChannelManager - Adding key: http://localhost:5140 for channel [id: 0xe5f14885, L:/127.0.0.1:50222 - R:localhost/127.0.0.1:5140]
07:40:34.949 [Forwarding findElement on session 8f6fcf8ff69b1e9fa25838365b439fea to remote] DEBUG org.asynchttpclient.netty.request.NettyRequestSender - Using pooled Channel '[id: 0xe5f14885, L:/127.0.0.1:50222 - R:localhost/127.0.0.1:5140]' for 'POST' to 'http://localhost:5140/session/8f6fcf8ff69b1e9fa25838365b439fea/element'
07:40:34.949 [Forwarding findElement on session 8f6fcf8ff69b1e9fa25838365b439fea to remote] DEBUG org.asynchttpclient.netty.request.NettyRequestSender - Using open Channel [id: 0xe5f14885, L:/127.0.0.1:50222 - R:localhost/127.0.0.1:5140] for POST '/session/8f6fcf8ff69b1e9fa25838365b439fea/element'
07:40:34.962 [AsyncHttpClient-1-8] DEBUG org.asynchttpclient.netty.handler.HttpHandler - 

Request DefaultHttpRequest(decodeResult: success, version: HTTP/1.1)
POST /session/8f6fcf8ff69b1e9fa25838365b439fea/element HTTP/1.1
User-Agent: selenium/4.13.0 (java mac)
Content-Length: 152
Content-Type: application/json; charset=utf-8
host: localhost:5140
accept: */*

Response DefaultHttpResponse(decodeResult: success, version: HTTP/1.1)
HTTP/1.1 200 OK
Content-Length: 96
Content-Type: application/json; charset=utf-8
cache-control: no-cache

07:40:34.962 [AsyncHttpClient-1-8] DEBUG org.asynchttpclient.netty.channel.ChannelManager - Adding key: http://localhost:5140 for channel [id: 0xe5f14885, L:/127.0.0.1:50222 - R:localhost/127.0.0.1:5140]
07:40:34.963 [Forwarding executeScript on session 8f6fcf8ff69b1e9fa25838365b439fea to remote] DEBUG org.asynchttpclient.netty.request.NettyRequestSender - Using pooled Channel '[id: 0xe5f14885, L:/127.0.0.1:50222 - R:localhost/127.0.0.1:5140]' for 'POST' to 'http://localhost:5140/session/8f6fcf8ff69b1e9fa25838365b439fea/execute/sync'
07:40:34.964 [Forwarding executeScript on session 8f6fcf8ff69b1e9fa25838365b439fea to remote] DEBUG org.asynchttpclient.netty.request.NettyRequestSender - Using open Channel [id: 0xe5f14885, L:/127.0.0.1:50222 - R:localhost/127.0.0.1:5140] for POST '/session/8f6fcf8ff69b1e9fa25838365b439fea/execute/sync'
07:40:34.969 [AsyncHttpClient-1-8] DEBUG org.asynchttpclient.netty.handler.HttpHandler - 

Request DefaultHttpRequest(decodeResult: success, version: HTTP/1.1)
POST /session/8f6fcf8ff69b1e9fa25838365b439fea/execute/sync HTTP/1.1
User-Agent: selenium/4.13.0 (java mac)
Content-Length: 180
Content-Type: application/json; charset=utf-8
host: localhost:5140
accept: */*

Response DefaultHttpResponse(decodeResult: success, version: HTTP/1.1)
HTTP/1.1 200 OK
Content-Length: 14
Content-Type: application/json; charset=utf-8
cache-control: no-cache

07:40:34.969 [AsyncHttpClient-1-8] DEBUG org.asynchttpclient.netty.channel.ChannelManager - Adding key: http://localhost:5140 for channel [id: 0xe5f14885, L:/127.0.0.1:50222 - R:localhost/127.0.0.1:5140]
07:40:34.970 [Forwarding getElementText on session 8f6fcf8ff69b1e9fa25838365b439fea to remote] DEBUG org.asynchttpclient.netty.request.NettyRequestSender - Using pooled Channel '[id: 0xe5f14885, L:/127.0.0.1:50222 - R:localhost/127.0.0.1:5140]' for 'GET' to 'http://localhost:5140/session/8f6fcf8ff69b1e9fa25838365b439fea/element/055695434E54FA8FA3FB8D0B674CBC34_element_566/text'
07:40:34.970 [Forwarding getElementText on session 8f6fcf8ff69b1e9fa25838365b439fea to remote] DEBUG org.asynchttpclient.netty.request.NettyRequestSender - Using open Channel [id: 0xe5f14885, L:/127.0.0.1:50222 - R:localhost/127.0.0.1:5140] for GET '/session/8f6fcf8ff69b1e9fa25838365b439fea/element/055695434E54FA8FA3FB8D0B674CBC34_element_566/text'
07:40:34.978 [AsyncHttpClient-1-8] DEBUG org.asynchttpclient.netty.handler.HttpHandler - 

Request DefaultFullHttpRequest(decodeResult: success, version: HTTP/1.1, content: EmptyByteBufBE)
GET /session/8f6fcf8ff69b1e9fa25838365b439fea/element/055695434E54FA8FA3FB8D0B674CBC34_element_566/text HTTP/1.1
Cache-Control: no-cache
User-Agent: selenium/4.13.0 (java mac)
Content-Type: application/json; charset=utf-8
host: localhost:5140
accept: */*

Response DefaultHttpResponse(decodeResult: success, version: HTTP/1.1)
HTTP/1.1 200 OK
Content-Length: 21
Content-Type: application/json; charset=utf-8
cache-control: no-cache

07:40:34.978 [AsyncHttpClient-1-8] DEBUG org.asynchttpclient.netty.channel.ChannelManager - Adding key: http://localhost:5140 for channel [id: 0xe5f14885, L:/127.0.0.1:50222 - R:localhost/127.0.0.1:5140]
07:40:34.979 [Forwarding findElement on session 8f6fcf8ff69b1e9fa25838365b439fea to remote] DEBUG org.asynchttpclient.netty.request.NettyRequestSender - Using pooled Channel '[id: 0xe5f14885, L:/127.0.0.1:50222 - R:localhost/127.0.0.1:5140]' for 'POST' to 'http://localhost:5140/session/8f6fcf8ff69b1e9fa25838365b439fea/element'
07:40:34.979 [Forwarding findElement on session 8f6fcf8ff69b1e9fa25838365b439fea to remote] DEBUG org.asynchttpclient.netty.request.NettyRequestSender - Using open Channel [id: 0xe5f14885, L:/127.0.0.1:50222 - R:localhost/127.0.0.1:5140] for POST '/session/8f6fcf8ff69b1e9fa25838365b439fea/element'
07:40:35.008 [AsyncHttpClient-1-8] DEBUG org.asynchttpclient.netty.handler.HttpHandler - 

Request DefaultHttpRequest(decodeResult: success, version: HTTP/1.1)
POST /session/8f6fcf8ff69b1e9fa25838365b439fea/element HTTP/1.1
User-Agent: selenium/4.13.0 (java mac)
Content-Length: 153
Content-Type: application/json; charset=utf-8
host: localhost:5140
accept: */*

Response DefaultHttpResponse(decodeResult: success, version: HTTP/1.1)
HTTP/1.1 200 OK
Content-Length: 96
Content-Type: application/json; charset=utf-8
cache-control: no-cache

07:40:35.008 [AsyncHttpClient-1-8] DEBUG org.asynchttpclient.netty.channel.ChannelManager - Adding key: http://localhost:5140 for channel [id: 0xe5f14885, L:/127.0.0.1:50222 - R:localhost/127.0.0.1:5140]
07:40:35.009 [Forwarding executeScript on session 8f6fcf8ff69b1e9fa25838365b439fea to remote] DEBUG org.asynchttpclient.netty.request.NettyRequestSender - Using pooled Channel '[id: 0xe5f14885, L:/127.0.0.1:50222 - R:localhost/127.0.0.1:5140]' for 'POST' to 'http://localhost:5140/session/8f6fcf8ff69b1e9fa25838365b439fea/execute/sync'
07:40:35.009 [Forwarding executeScript on session 8f6fcf8ff69b1e9fa25838365b439fea to remote] DEBUG org.asynchttpclient.netty.request.NettyRequestSender - Using open Channel [id: 0xe5f14885, L:/127.0.0.1:50222 - R:localhost/127.0.0.1:5140] for POST '/session/8f6fcf8ff69b1e9fa25838365b439fea/execute/sync'
07:40:35.020 [AsyncHttpClient-1-8] DEBUG org.asynchttpclient.netty.handler.HttpHandler - 

Request DefaultHttpRequest(decodeResult: success, version: HTTP/1.1)
POST /session/8f6fcf8ff69b1e9fa25838365b439fea/execute/sync HTTP/1.1
User-Agent: selenium/4.13.0 (java mac)
Content-Length: 180
Content-Type: application/json; charset=utf-8
host: localhost:5140
accept: */*

Response DefaultHttpResponse(decodeResult: success, version: HTTP/1.1)
HTTP/1.1 200 OK
Content-Length: 14
Content-Type: application/json; charset=utf-8
cache-control: no-cache

07:40:35.020 [AsyncHttpClient-1-8] DEBUG org.asynchttpclient.netty.channel.ChannelManager - Adding key: http://localhost:5140 for channel [id: 0xe5f14885, L:/127.0.0.1:50222 - R:localhost/127.0.0.1:5140]
07:40:35.021 [Forwarding getElementText on session 8f6fcf8ff69b1e9fa25838365b439fea to remote] DEBUG org.asynchttpclient.netty.request.NettyRequestSender - Using pooled Channel '[id: 0xe5f14885, L:/127.0.0.1:50222 - R:localhost/127.0.0.1:5140]' for 'GET' to 'http://localhost:5140/session/8f6fcf8ff69b1e9fa25838365b439fea/element/055695434E54FA8FA3FB8D0B674CBC34_element_694/text'
07:40:35.021 [Forwarding getElementText on session 8f6fcf8ff69b1e9fa25838365b439fea to remote] DEBUG org.asynchttpclient.netty.request.NettyRequestSender - Using open Channel [id: 0xe5f14885, L:/127.0.0.1:50222 - R:localhost/127.0.0.1:5140] for GET '/session/8f6fcf8ff69b1e9fa25838365b439fea/element/055695434E54FA8FA3FB8D0B674CBC34_element_694/text'
07:40:35.029 [AsyncHttpClient-1-8] DEBUG org.asynchttpclient.netty.handler.HttpHandler - 

Request DefaultFullHttpRequest(decodeResult: success, version: HTTP/1.1, content: EmptyByteBufBE)
GET /session/8f6fcf8ff69b1e9fa25838365b439fea/element/055695434E54FA8FA3FB8D0B674CBC34_element_694/text HTTP/1.1
Cache-Control: no-cache
User-Agent: selenium/4.13.0 (java mac)
Content-Type: application/json; charset=utf-8
host: localhost:5140
accept: */*

Response DefaultHttpResponse(decodeResult: success, version: HTTP/1.1)
HTTP/1.1 200 OK
Content-Length: 21
Content-Type: application/json; charset=utf-8
cache-control: no-cache

07:40:35.029 [AsyncHttpClient-1-8] DEBUG org.asynchttpclient.netty.channel.ChannelManager - Adding key: http://localhost:5140 for channel [id: 0xe5f14885, L:/127.0.0.1:50222 - R:localhost/127.0.0.1:5140]
07:40:35.030 [Forwarding findElement on session 8f6fcf8ff69b1e9fa25838365b439fea to remote] DEBUG org.asynchttpclient.netty.request.NettyRequestSender - Using pooled Channel '[id: 0xe5f14885, L:/127.0.0.1:50222 - R:localhost/127.0.0.1:5140]' for 'POST' to 'http://localhost:5140/session/8f6fcf8ff69b1e9fa25838365b439fea/element'
07:40:35.030 [Forwarding findElement on session 8f6fcf8ff69b1e9fa25838365b439fea to remote] DEBUG org.asynchttpclient.netty.request.NettyRequestSender - Using open Channel [id: 0xe5f14885, L:/127.0.0.1:50222 - R:localhost/127.0.0.1:5140] for POST '/session/8f6fcf8ff69b1e9fa25838365b439fea/element'
07:40:35.045 [AsyncHttpClient-1-8] DEBUG org.asynchttpclient.netty.handler.HttpHandler - 

Request DefaultHttpRequest(decodeResult: success, version: HTTP/1.1)
POST /session/8f6fcf8ff69b1e9fa25838365b439fea/element HTTP/1.1
User-Agent: selenium/4.13.0 (java mac)
Content-Length: 152
Content-Type: application/json; charset=utf-8
host: localhost:5140
accept: */*

Response DefaultHttpResponse(decodeResult: success, version: HTTP/1.1)
HTTP/1.1 200 OK
Content-Length: 96
Content-Type: application/json; charset=utf-8
cache-control: no-cache

07:40:35.045 [AsyncHttpClient-1-8] DEBUG org.asynchttpclient.netty.channel.ChannelManager - Adding key: http://localhost:5140 for channel [id: 0xe5f14885, L:/127.0.0.1:50222 - R:localhost/127.0.0.1:5140]
07:40:35.047 [Forwarding executeScript on session 8f6fcf8ff69b1e9fa25838365b439fea to remote] DEBUG org.asynchttpclient.netty.request.NettyRequestSender - Using pooled Channel '[id: 0xe5f14885, L:/127.0.0.1:50222 - R:localhost/127.0.0.1:5140]' for 'POST' to 'http://localhost:5140/session/8f6fcf8ff69b1e9fa25838365b439fea/execute/sync'
07:40:35.047 [Forwarding executeScript on session 8f6fcf8ff69b1e9fa25838365b439fea to remote] DEBUG org.asynchttpclient.netty.request.NettyRequestSender - Using open Channel [id: 0xe5f14885, L:/127.0.0.1:50222 - R:localhost/127.0.0.1:5140] for POST '/session/8f6fcf8ff69b1e9fa25838365b439fea/execute/sync'
07:40:35.051 [AsyncHttpClient-1-8] DEBUG org.asynchttpclient.netty.handler.HttpHandler - 

Request DefaultHttpRequest(decodeResult: success, version: HTTP/1.1)
POST /session/8f6fcf8ff69b1e9fa25838365b439fea/execute/sync HTTP/1.1
User-Agent: selenium/4.13.0 (java mac)
Content-Length: 180
Content-Type: application/json; charset=utf-8
host: localhost:5140
accept: */*

Response DefaultHttpResponse(decodeResult: success, version: HTTP/1.1)
HTTP/1.1 200 OK
Content-Length: 14
Content-Type: application/json; charset=utf-8
cache-control: no-cache

07:40:35.051 [AsyncHttpClient-1-8] DEBUG org.asynchttpclient.netty.channel.ChannelManager - Adding key: http://localhost:5140 for channel [id: 0xe5f14885, L:/127.0.0.1:50222 - R:localhost/127.0.0.1:5140]
07:40:35.052 [Forwarding getElementText on session 8f6fcf8ff69b1e9fa25838365b439fea to remote] DEBUG org.asynchttpclient.netty.request.NettyRequestSender - Using pooled Channel '[id: 0xe5f14885, L:/127.0.0.1:50222 - R:localhost/127.0.0.1:5140]' for 'GET' to 'http://localhost:5140/session/8f6fcf8ff69b1e9fa25838365b439fea/element/055695434E54FA8FA3FB8D0B674CBC34_element_567/text'
07:40:35.052 [Forwarding getElementText on session 8f6fcf8ff69b1e9fa25838365b439fea to remote] DEBUG org.asynchttpclient.netty.request.NettyRequestSender - Using open Channel [id: 0xe5f14885, L:/127.0.0.1:50222 - R:localhost/127.0.0.1:5140] for GET '/session/8f6fcf8ff69b1e9fa25838365b439fea/element/055695434E54FA8FA3FB8D0B674CBC34_element_567/text'
07:40:35.060 [AsyncHttpClient-1-8] DEBUG org.asynchttpclient.netty.handler.HttpHandler - 

Request DefaultFullHttpRequest(decodeResult: success, version: HTTP/1.1, content: EmptyByteBufBE)
GET /session/8f6fcf8ff69b1e9fa25838365b439fea/element/055695434E54FA8FA3FB8D0B674CBC34_element_567/text HTTP/1.1
Cache-Control: no-cache
User-Agent: selenium/4.13.0 (java mac)
Content-Type: application/json; charset=utf-8
host: localhost:5140
accept: */*

Response DefaultHttpResponse(decodeResult: success, version: HTTP/1.1)
HTTP/1.1 200 OK
Content-Length: 21
Content-Type: application/json; charset=utf-8
cache-control: no-cache

07:40:35.061 [AsyncHttpClient-1-8] DEBUG org.asynchttpclient.netty.channel.ChannelManager - Adding key: http://localhost:5140 for channel [id: 0xe5f14885, L:/127.0.0.1:50222 - R:localhost/127.0.0.1:5140]
07:40:35.061 [Forwarding findElement on session 8f6fcf8ff69b1e9fa25838365b439fea to remote] DEBUG org.asynchttpclient.netty.request.NettyRequestSender - Using pooled Channel '[id: 0xe5f14885, L:/127.0.0.1:50222 - R:localhost/127.0.0.1:5140]' for 'POST' to 'http://localhost:5140/session/8f6fcf8ff69b1e9fa25838365b439fea/element'
07:40:35.061 [Forwarding findElement on session 8f6fcf8ff69b1e9fa25838365b439fea to remote] DEBUG org.asynchttpclient.netty.request.NettyRequestSender - Using open Channel [id: 0xe5f14885, L:/127.0.0.1:50222 - R:localhost/127.0.0.1:5140] for POST '/session/8f6fcf8ff69b1e9fa25838365b439fea/element'
07:40:35.085 [AsyncHttpClient-1-8] DEBUG org.asynchttpclient.netty.handler.HttpHandler - 

Request DefaultHttpRequest(decodeResult: success, version: HTTP/1.1)
POST /session/8f6fcf8ff69b1e9fa25838365b439fea/element HTTP/1.1
User-Agent: selenium/4.13.0 (java mac)
Content-Length: 153
Content-Type: application/json; charset=utf-8
host: localhost:5140
accept: */*

Response DefaultHttpResponse(decodeResult: success, version: HTTP/1.1)
HTTP/1.1 200 OK
Content-Length: 96
Content-Type: application/json; charset=utf-8
cache-control: no-cache

07:40:35.085 [AsyncHttpClient-1-8] DEBUG org.asynchttpclient.netty.channel.ChannelManager - Adding key: http://localhost:5140 for channel [id: 0xe5f14885, L:/127.0.0.1:50222 - R:localhost/127.0.0.1:5140]
07:40:35.087 [Forwarding executeScript on session 8f6fcf8ff69b1e9fa25838365b439fea to remote] DEBUG org.asynchttpclient.netty.request.NettyRequestSender - Using pooled Channel '[id: 0xe5f14885, L:/127.0.0.1:50222 - R:localhost/127.0.0.1:5140]' for 'POST' to 'http://localhost:5140/session/8f6fcf8ff69b1e9fa25838365b439fea/execute/sync'
07:40:35.087 [Forwarding executeScript on session 8f6fcf8ff69b1e9fa25838365b439fea to remote] DEBUG org.asynchttpclient.netty.request.NettyRequestSender - Using open Channel [id: 0xe5f14885, L:/127.0.0.1:50222 - R:localhost/127.0.0.1:5140] for POST '/session/8f6fcf8ff69b1e9fa25838365b439fea/execute/sync'
07:40:35.093 [AsyncHttpClient-1-8] DEBUG org.asynchttpclient.netty.handler.HttpHandler - 

Request DefaultHttpRequest(decodeResult: success, version: HTTP/1.1)
POST /session/8f6fcf8ff69b1e9fa25838365b439fea/execute/sync HTTP/1.1
User-Agent: selenium/4.13.0 (java mac)
Content-Length: 180
Content-Type: application/json; charset=utf-8
host: localhost:5140
accept: */*

Response DefaultHttpResponse(decodeResult: success, version: HTTP/1.1)
HTTP/1.1 200 OK
Content-Length: 14
Content-Type: application/json; charset=utf-8
cache-control: no-cache

07:40:35.093 [AsyncHttpClient-1-8] DEBUG org.asynchttpclient.netty.channel.ChannelManager - Adding key: http://localhost:5140 for channel [id: 0xe5f14885, L:/127.0.0.1:50222 - R:localhost/127.0.0.1:5140]
07:40:35.094 [Forwarding getElementText on session 8f6fcf8ff69b1e9fa25838365b439fea to remote] DEBUG org.asynchttpclient.netty.request.NettyRequestSender - Using pooled Channel '[id: 0xe5f14885, L:/127.0.0.1:50222 - R:localhost/127.0.0.1:5140]' for 'GET' to 'http://localhost:5140/session/8f6fcf8ff69b1e9fa25838365b439fea/element/055695434E54FA8FA3FB8D0B674CBC34_element_695/text'
07:40:35.094 [Forwarding getElementText on session 8f6fcf8ff69b1e9fa25838365b439fea to remote] DEBUG org.asynchttpclient.netty.request.NettyRequestSender - Using open Channel [id: 0xe5f14885, L:/127.0.0.1:50222 - R:localhost/127.0.0.1:5140] for GET '/session/8f6fcf8ff69b1e9fa25838365b439fea/element/055695434E54FA8FA3FB8D0B674CBC34_element_695/text'
07:40:35.103 [AsyncHttpClient-1-8] DEBUG org.asynchttpclient.netty.handler.HttpHandler - 

Request DefaultFullHttpRequest(decodeResult: success, version: HTTP/1.1, content: EmptyByteBufBE)
GET /session/8f6fcf8ff69b1e9fa25838365b439fea/element/055695434E54FA8FA3FB8D0B674CBC34_element_695/text HTTP/1.1
Cache-Control: no-cache
User-Agent: selenium/4.13.0 (java mac)
Content-Type: application/json; charset=utf-8
host: localhost:5140
accept: */*

Response DefaultHttpResponse(decodeResult: success, version: HTTP/1.1)
HTTP/1.1 200 OK
Content-Length: 21
Content-Type: application/json; charset=utf-8
cache-control: no-cache

07:40:35.104 [AsyncHttpClient-1-8] DEBUG org.asynchttpclient.netty.channel.ChannelManager - Adding key: http://localhost:5140 for channel [id: 0xe5f14885, L:/127.0.0.1:50222 - R:localhost/127.0.0.1:5140]
07:40:35.105 [Forwarding findElement on session 8f6fcf8ff69b1e9fa25838365b439fea to remote] DEBUG org.asynchttpclient.netty.request.NettyRequestSender - Using pooled Channel '[id: 0xe5f14885, L:/127.0.0.1:50222 - R:localhost/127.0.0.1:5140]' for 'POST' to 'http://localhost:5140/session/8f6fcf8ff69b1e9fa25838365b439fea/element'
07:40:35.105 [Forwarding findElement on session 8f6fcf8ff69b1e9fa25838365b439fea to remote] DEBUG org.asynchttpclient.netty.request.NettyRequestSender - Using open Channel [id: 0xe5f14885, L:/127.0.0.1:50222 - R:localhost/127.0.0.1:5140] for POST '/session/8f6fcf8ff69b1e9fa25838365b439fea/element'
07:40:35.119 [AsyncHttpClient-1-8] DEBUG org.asynchttpclient.netty.handler.HttpHandler - 

Request DefaultHttpRequest(decodeResult: success, version: HTTP/1.1)
POST /session/8f6fcf8ff69b1e9fa25838365b439fea/element HTTP/1.1
User-Agent: selenium/4.13.0 (java mac)
Content-Length: 152
Content-Type: application/json; charset=utf-8
host: localhost:5140
accept: */*

Response DefaultHttpResponse(decodeResult: success, version: HTTP/1.1)
HTTP/1.1 200 OK
Content-Length: 96
Content-Type: application/json; charset=utf-8
cache-control: no-cache

07:40:35.119 [AsyncHttpClient-1-8] DEBUG org.asynchttpclient.netty.channel.ChannelManager - Adding key: http://localhost:5140 for channel [id: 0xe5f14885, L:/127.0.0.1:50222 - R:localhost/127.0.0.1:5140]
07:40:35.120 [Forwarding executeScript on session 8f6fcf8ff69b1e9fa25838365b439fea to remote] DEBUG org.asynchttpclient.netty.request.NettyRequestSender - Using pooled Channel '[id: 0xe5f14885, L:/127.0.0.1:50222 - R:localhost/127.0.0.1:5140]' for 'POST' to 'http://localhost:5140/session/8f6fcf8ff69b1e9fa25838365b439fea/execute/sync'
07:40:35.120 [Forwarding executeScript on session 8f6fcf8ff69b1e9fa25838365b439fea to remote] DEBUG org.asynchttpclient.netty.request.NettyRequestSender - Using open Channel [id: 0xe5f14885, L:/127.0.0.1:50222 - R:localhost/127.0.0.1:5140] for POST '/session/8f6fcf8ff69b1e9fa25838365b439fea/execute/sync'
07:40:35.124 [AsyncHttpClient-1-8] DEBUG org.asynchttpclient.netty.handler.HttpHandler - 

Request DefaultHttpRequest(decodeResult: success, version: HTTP/1.1)
POST /session/8f6fcf8ff69b1e9fa25838365b439fea/execute/sync HTTP/1.1
User-Agent: selenium/4.13.0 (java mac)
Content-Length: 180
Content-Type: application/json; charset=utf-8
host: localhost:5140
accept: */*

Response DefaultHttpResponse(decodeResult: success, version: HTTP/1.1)
HTTP/1.1 200 OK
Content-Length: 14
Content-Type: application/json; charset=utf-8
cache-control: no-cache

07:40:35.124 [AsyncHttpClient-1-8] DEBUG org.asynchttpclient.netty.channel.ChannelManager - Adding key: http://localhost:5140 for channel [id: 0xe5f14885, L:/127.0.0.1:50222 - R:localhost/127.0.0.1:5140]
07:40:35.125 [Forwarding getElementText on session 8f6fcf8ff69b1e9fa25838365b439fea to remote] DEBUG org.asynchttpclient.netty.request.NettyRequestSender - Using pooled Channel '[id: 0xe5f14885, L:/127.0.0.1:50222 - R:localhost/127.0.0.1:5140]' for 'GET' to 'http://localhost:5140/session/8f6fcf8ff69b1e9fa25838365b439fea/element/055695434E54FA8FA3FB8D0B674CBC34_element_568/text'
07:40:35.125 [Forwarding getElementText on session 8f6fcf8ff69b1e9fa25838365b439fea to remote] DEBUG org.asynchttpclient.netty.request.NettyRequestSender - Using open Channel [id: 0xe5f14885, L:/127.0.0.1:50222 - R:localhost/127.0.0.1:5140] for GET '/session/8f6fcf8ff69b1e9fa25838365b439fea/element/055695434E54FA8FA3FB8D0B674CBC34_element_568/text'
07:40:35.135 [AsyncHttpClient-1-8] DEBUG org.asynchttpclient.netty.handler.HttpHandler - 

Request DefaultFullHttpRequest(decodeResult: success, version: HTTP/1.1, content: EmptyByteBufBE)
GET /session/8f6fcf8ff69b1e9fa25838365b439fea/element/055695434E54FA8FA3FB8D0B674CBC34_element_568/text HTTP/1.1
Cache-Control: no-cache
User-Agent: selenium/4.13.0 (java mac)
Content-Type: application/json; charset=utf-8
host: localhost:5140
accept: */*

Response DefaultHttpResponse(decodeResult: success, version: HTTP/1.1)
HTTP/1.1 200 OK
Content-Length: 21
Content-Type: application/json; charset=utf-8
cache-control: no-cache

07:40:35.135 [AsyncHttpClient-1-8] DEBUG org.asynchttpclient.netty.channel.ChannelManager - Adding key: http://localhost:5140 for channel [id: 0xe5f14885, L:/127.0.0.1:50222 - R:localhost/127.0.0.1:5140]
07:40:35.136 [Forwarding findElement on session 8f6fcf8ff69b1e9fa25838365b439fea to remote] DEBUG org.asynchttpclient.netty.request.NettyRequestSender - Using pooled Channel '[id: 0xe5f14885, L:/127.0.0.1:50222 - R:localhost/127.0.0.1:5140]' for 'POST' to 'http://localhost:5140/session/8f6fcf8ff69b1e9fa25838365b439fea/element'
07:40:35.136 [Forwarding findElement on session 8f6fcf8ff69b1e9fa25838365b439fea to remote] DEBUG org.asynchttpclient.netty.request.NettyRequestSender - Using open Channel [id: 0xe5f14885, L:/127.0.0.1:50222 - R:localhost/127.0.0.1:5140] for POST '/session/8f6fcf8ff69b1e9fa25838365b439fea/element'
07:40:35.149 [AsyncHttpClient-1-8] DEBUG org.asynchttpclient.netty.handler.HttpHandler - 

Request DefaultHttpRequest(decodeResult: success, version: HTTP/1.1)
POST /session/8f6fcf8ff69b1e9fa25838365b439fea/element HTTP/1.1
User-Agent: selenium/4.13.0 (java mac)
Content-Length: 153
Content-Type: application/json; charset=utf-8
host: localhost:5140
accept: */*

Response DefaultHttpResponse(decodeResult: success, version: HTTP/1.1)
HTTP/1.1 200 OK
Content-Length: 96
Content-Type: application/json; charset=utf-8
cache-control: no-cache

07:40:35.149 [AsyncHttpClient-1-8] DEBUG org.asynchttpclient.netty.channel.ChannelManager - Adding key: http://localhost:5140 for channel [id: 0xe5f14885, L:/127.0.0.1:50222 - R:localhost/127.0.0.1:5140]
07:40:35.150 [Forwarding executeScript on session 8f6fcf8ff69b1e9fa25838365b439fea to remote] DEBUG org.asynchttpclient.netty.request.NettyRequestSender - Using pooled Channel '[id: 0xe5f14885, L:/127.0.0.1:50222 - R:localhost/127.0.0.1:5140]' for 'POST' to 'http://localhost:5140/session/8f6fcf8ff69b1e9fa25838365b439fea/execute/sync'
07:40:35.151 [Forwarding executeScript on session 8f6fcf8ff69b1e9fa25838365b439fea to remote] DEBUG org.asynchttpclient.netty.request.NettyRequestSender - Using open Channel [id: 0xe5f14885, L:/127.0.0.1:50222 - R:localhost/127.0.0.1:5140] for POST '/session/8f6fcf8ff69b1e9fa25838365b439fea/execute/sync'
07:40:35.155 [AsyncHttpClient-1-8] DEBUG org.asynchttpclient.netty.handler.HttpHandler - 

Request DefaultHttpRequest(decodeResult: success, version: HTTP/1.1)
POST /session/8f6fcf8ff69b1e9fa25838365b439fea/execute/sync HTTP/1.1
User-Agent: selenium/4.13.0 (java mac)
Content-Length: 180
Content-Type: application/json; charset=utf-8
host: localhost:5140
accept: */*

Response DefaultHttpResponse(decodeResult: success, version: HTTP/1.1)
HTTP/1.1 200 OK
Content-Length: 14
Content-Type: application/json; charset=utf-8
cache-control: no-cache

07:40:35.155 [AsyncHttpClient-1-8] DEBUG org.asynchttpclient.netty.channel.ChannelManager - Adding key: http://localhost:5140 for channel [id: 0xe5f14885, L:/127.0.0.1:50222 - R:localhost/127.0.0.1:5140]
07:40:35.156 [Forwarding getElementText on session 8f6fcf8ff69b1e9fa25838365b439fea to remote] DEBUG org.asynchttpclient.netty.request.NettyRequestSender - Using pooled Channel '[id: 0xe5f14885, L:/127.0.0.1:50222 - R:localhost/127.0.0.1:5140]' for 'GET' to 'http://localhost:5140/session/8f6fcf8ff69b1e9fa25838365b439fea/element/055695434E54FA8FA3FB8D0B674CBC34_element_696/text'
07:40:35.156 [Forwarding getElementText on session 8f6fcf8ff69b1e9fa25838365b439fea to remote] DEBUG org.asynchttpclient.netty.request.NettyRequestSender - Using open Channel [id: 0xe5f14885, L:/127.0.0.1:50222 - R:localhost/127.0.0.1:5140] for GET '/session/8f6fcf8ff69b1e9fa25838365b439fea/element/055695434E54FA8FA3FB8D0B674CBC34_element_696/text'
07:40:35.166 [AsyncHttpClient-1-8] DEBUG org.asynchttpclient.netty.handler.HttpHandler - 

Request DefaultFullHttpRequest(decodeResult: success, version: HTTP/1.1, content: EmptyByteBufBE)
GET /session/8f6fcf8ff69b1e9fa25838365b439fea/element/055695434E54FA8FA3FB8D0B674CBC34_element_696/text HTTP/1.1
Cache-Control: no-cache
User-Agent: selenium/4.13.0 (java mac)
Content-Type: application/json; charset=utf-8
host: localhost:5140
accept: */*

Response DefaultHttpResponse(decodeResult: success, version: HTTP/1.1)
HTTP/1.1 200 OK
Content-Length: 21
Content-Type: application/json; charset=utf-8
cache-control: no-cache

07:40:35.166 [AsyncHttpClient-1-8] DEBUG org.asynchttpclient.netty.channel.ChannelManager - Adding key: http://localhost:5140 for channel [id: 0xe5f14885, L:/127.0.0.1:50222 - R:localhost/127.0.0.1:5140]
07:40:35.167 [Forwarding findElement on session 8f6fcf8ff69b1e9fa25838365b439fea to remote] DEBUG org.asynchttpclient.netty.request.NettyRequestSender - Using pooled Channel '[id: 0xe5f14885, L:/127.0.0.1:50222 - R:localhost/127.0.0.1:5140]' for 'POST' to 'http://localhost:5140/session/8f6fcf8ff69b1e9fa25838365b439fea/element'
07:40:35.167 [Forwarding findElement on session 8f6fcf8ff69b1e9fa25838365b439fea to remote] DEBUG org.asynchttpclient.netty.request.NettyRequestSender - Using open Channel [id: 0xe5f14885, L:/127.0.0.1:50222 - R:localhost/127.0.0.1:5140] for POST '/session/8f6fcf8ff69b1e9fa25838365b439fea/element'
07:40:35.181 [AsyncHttpClient-1-8] DEBUG org.asynchttpclient.netty.handler.HttpHandler - 

Request DefaultHttpRequest(decodeResult: success, version: HTTP/1.1)
POST /session/8f6fcf8ff69b1e9fa25838365b439fea/element HTTP/1.1
User-Agent: selenium/4.13.0 (java mac)
Content-Length: 152
Content-Type: application/json; charset=utf-8
host: localhost:5140
accept: */*

Response DefaultHttpResponse(decodeResult: success, version: HTTP/1.1)
HTTP/1.1 200 OK
Content-Length: 96
Content-Type: application/json; charset=utf-8
cache-control: no-cache

07:40:35.181 [AsyncHttpClient-1-8] DEBUG org.asynchttpclient.netty.channel.ChannelManager - Adding key: http://localhost:5140 for channel [id: 0xe5f14885, L:/127.0.0.1:50222 - R:localhost/127.0.0.1:5140]
07:40:35.182 [Forwarding executeScript on session 8f6fcf8ff69b1e9fa25838365b439fea to remote] DEBUG org.asynchttpclient.netty.request.NettyRequestSender - Using pooled Channel '[id: 0xe5f14885, L:/127.0.0.1:50222 - R:localhost/127.0.0.1:5140]' for 'POST' to 'http://localhost:5140/session/8f6fcf8ff69b1e9fa25838365b439fea/execute/sync'
07:40:35.182 [Forwarding executeScript on session 8f6fcf8ff69b1e9fa25838365b439fea to remote] DEBUG org.asynchttpclient.netty.request.NettyRequestSender - Using open Channel [id: 0xe5f14885, L:/127.0.0.1:50222 - R:localhost/127.0.0.1:5140] for POST '/session/8f6fcf8ff69b1e9fa25838365b439fea/execute/sync'
07:40:35.187 [AsyncHttpClient-1-8] DEBUG org.asynchttpclient.netty.handler.HttpHandler - 

Request DefaultHttpRequest(decodeResult: success, version: HTTP/1.1)
POST /session/8f6fcf8ff69b1e9fa25838365b439fea/execute/sync HTTP/1.1
User-Agent: selenium/4.13.0 (java mac)
Content-Length: 180
Content-Type: application/json; charset=utf-8
host: localhost:5140
accept: */*

Response DefaultHttpResponse(decodeResult: success, version: HTTP/1.1)
HTTP/1.1 200 OK
Content-Length: 14
Content-Type: application/json; charset=utf-8
cache-control: no-cache

07:40:35.187 [AsyncHttpClient-1-8] DEBUG org.asynchttpclient.netty.channel.ChannelManager - Adding key: http://localhost:5140 for channel [id: 0xe5f14885, L:/127.0.0.1:50222 - R:localhost/127.0.0.1:5140]
07:40:35.188 [Forwarding getElementText on session 8f6fcf8ff69b1e9fa25838365b439fea to remote] DEBUG org.asynchttpclient.netty.request.NettyRequestSender - Using pooled Channel '[id: 0xe5f14885, L:/127.0.0.1:50222 - R:localhost/127.0.0.1:5140]' for 'GET' to 'http://localhost:5140/session/8f6fcf8ff69b1e9fa25838365b439fea/element/055695434E54FA8FA3FB8D0B674CBC34_element_569/text'
07:40:35.188 [Forwarding getElementText on session 8f6fcf8ff69b1e9fa25838365b439fea to remote] DEBUG org.asynchttpclient.netty.request.NettyRequestSender - Using open Channel [id: 0xe5f14885, L:/127.0.0.1:50222 - R:localhost/127.0.0.1:5140] for GET '/session/8f6fcf8ff69b1e9fa25838365b439fea/element/055695434E54FA8FA3FB8D0B674CBC34_element_569/text'
07:40:35.196 [AsyncHttpClient-1-8] DEBUG org.asynchttpclient.netty.handler.HttpHandler - 

Request DefaultFullHttpRequest(decodeResult: success, version: HTTP/1.1, content: EmptyByteBufBE)
GET /session/8f6fcf8ff69b1e9fa25838365b439fea/element/055695434E54FA8FA3FB8D0B674CBC34_element_569/text HTTP/1.1
Cache-Control: no-cache
User-Agent: selenium/4.13.0 (java mac)
Content-Type: application/json; charset=utf-8
host: localhost:5140
accept: */*

Response DefaultHttpResponse(decodeResult: success, version: HTTP/1.1)
HTTP/1.1 200 OK
Content-Length: 21
Content-Type: application/json; charset=utf-8
cache-control: no-cache

07:40:35.196 [AsyncHttpClient-1-8] DEBUG org.asynchttpclient.netty.channel.ChannelManager - Adding key: http://localhost:5140 for channel [id: 0xe5f14885, L:/127.0.0.1:50222 - R:localhost/127.0.0.1:5140]
07:40:35.197 [Forwarding findElement on session 8f6fcf8ff69b1e9fa25838365b439fea to remote] DEBUG org.asynchttpclient.netty.request.NettyRequestSender - Using pooled Channel '[id: 0xe5f14885, L:/127.0.0.1:50222 - R:localhost/127.0.0.1:5140]' for 'POST' to 'http://localhost:5140/session/8f6fcf8ff69b1e9fa25838365b439fea/element'
07:40:35.197 [Forwarding findElement on session 8f6fcf8ff69b1e9fa25838365b439fea to remote] DEBUG org.asynchttpclient.netty.request.NettyRequestSender - Using open Channel [id: 0xe5f14885, L:/127.0.0.1:50222 - R:localhost/127.0.0.1:5140] for POST '/session/8f6fcf8ff69b1e9fa25838365b439fea/element'
07:40:35.218 [AsyncHttpClient-1-8] DEBUG org.asynchttpclient.netty.handler.HttpHandler - 

Request DefaultHttpRequest(decodeResult: success, version: HTTP/1.1)
POST /session/8f6fcf8ff69b1e9fa25838365b439fea/element HTTP/1.1
User-Agent: selenium/4.13.0 (java mac)
Content-Length: 153
Content-Type: application/json; charset=utf-8
host: localhost:5140
accept: */*

Response DefaultHttpResponse(decodeResult: success, version: HTTP/1.1)
HTTP/1.1 200 OK
Content-Length: 96
Content-Type: application/json; charset=utf-8
cache-control: no-cache

07:40:35.218 [AsyncHttpClient-1-8] DEBUG org.asynchttpclient.netty.channel.ChannelManager - Adding key: http://localhost:5140 for channel [id: 0xe5f14885, L:/127.0.0.1:50222 - R:localhost/127.0.0.1:5140]
07:40:35.219 [Forwarding executeScript on session 8f6fcf8ff69b1e9fa25838365b439fea to remote] DEBUG org.asynchttpclient.netty.request.NettyRequestSender - Using pooled Channel '[id: 0xe5f14885, L:/127.0.0.1:50222 - R:localhost/127.0.0.1:5140]' for 'POST' to 'http://localhost:5140/session/8f6fcf8ff69b1e9fa25838365b439fea/execute/sync'
07:40:35.219 [Forwarding executeScript on session 8f6fcf8ff69b1e9fa25838365b439fea to remote] DEBUG org.asynchttpclient.netty.request.NettyRequestSender - Using open Channel [id: 0xe5f14885, L:/127.0.0.1:50222 - R:localhost/127.0.0.1:5140] for POST '/session/8f6fcf8ff69b1e9fa25838365b439fea/execute/sync'
07:40:35.224 [AsyncHttpClient-1-8] DEBUG org.asynchttpclient.netty.handler.HttpHandler - 

Request DefaultHttpRequest(decodeResult: success, version: HTTP/1.1)
POST /session/8f6fcf8ff69b1e9fa25838365b439fea/execute/sync HTTP/1.1
User-Agent: selenium/4.13.0 (java mac)
Content-Length: 180
Content-Type: application/json; charset=utf-8
host: localhost:5140
accept: */*

Response DefaultHttpResponse(decodeResult: success, version: HTTP/1.1)
HTTP/1.1 200 OK
Content-Length: 14
Content-Type: application/json; charset=utf-8
cache-control: no-cache

07:40:35.224 [AsyncHttpClient-1-8] DEBUG org.asynchttpclient.netty.channel.ChannelManager - Adding key: http://localhost:5140 for channel [id: 0xe5f14885, L:/127.0.0.1:50222 - R:localhost/127.0.0.1:5140]
07:40:35.224 [Forwarding getElementText on session 8f6fcf8ff69b1e9fa25838365b439fea to remote] DEBUG org.asynchttpclient.netty.request.NettyRequestSender - Using pooled Channel '[id: 0xe5f14885, L:/127.0.0.1:50222 - R:localhost/127.0.0.1:5140]' for 'GET' to 'http://localhost:5140/session/8f6fcf8ff69b1e9fa25838365b439fea/element/055695434E54FA8FA3FB8D0B674CBC34_element_698/text'
07:40:35.224 [Forwarding getElementText on session 8f6fcf8ff69b1e9fa25838365b439fea to remote] DEBUG org.asynchttpclient.netty.request.NettyRequestSender - Using open Channel [id: 0xe5f14885, L:/127.0.0.1:50222 - R:localhost/127.0.0.1:5140] for GET '/session/8f6fcf8ff69b1e9fa25838365b439fea/element/055695434E54FA8FA3FB8D0B674CBC34_element_698/text'
07:40:35.233 [AsyncHttpClient-1-8] DEBUG org.asynchttpclient.netty.handler.HttpHandler - 

Request DefaultFullHttpRequest(decodeResult: success, version: HTTP/1.1, content: EmptyByteBufBE)
GET /session/8f6fcf8ff69b1e9fa25838365b439fea/element/055695434E54FA8FA3FB8D0B674CBC34_element_698/text HTTP/1.1
Cache-Control: no-cache
User-Agent: selenium/4.13.0 (java mac)
Content-Type: application/json; charset=utf-8
host: localhost:5140
accept: */*

Response DefaultHttpResponse(decodeResult: success, version: HTTP/1.1)
HTTP/1.1 200 OK
Content-Length: 21
Content-Type: application/json; charset=utf-8
cache-control: no-cache

07:40:35.233 [AsyncHttpClient-1-8] DEBUG org.asynchttpclient.netty.channel.ChannelManager - Adding key: http://localhost:5140 for channel [id: 0xe5f14885, L:/127.0.0.1:50222 - R:localhost/127.0.0.1:5140]
07:40:35.234 [Forwarding findElement on session 8f6fcf8ff69b1e9fa25838365b439fea to remote] DEBUG org.asynchttpclient.netty.request.NettyRequestSender - Using pooled Channel '[id: 0xe5f14885, L:/127.0.0.1:50222 - R:localhost/127.0.0.1:5140]' for 'POST' to 'http://localhost:5140/session/8f6fcf8ff69b1e9fa25838365b439fea/element'
07:40:35.234 [Forwarding findElement on session 8f6fcf8ff69b1e9fa25838365b439fea to remote] DEBUG org.asynchttpclient.netty.request.NettyRequestSender - Using open Channel [id: 0xe5f14885, L:/127.0.0.1:50222 - R:localhost/127.0.0.1:5140] for POST '/session/8f6fcf8ff69b1e9fa25838365b439fea/element'
07:40:35.248 [AsyncHttpClient-1-8] DEBUG org.asynchttpclient.netty.handler.HttpHandler - 

Request DefaultHttpRequest(decodeResult: success, version: HTTP/1.1)
POST /session/8f6fcf8ff69b1e9fa25838365b439fea/element HTTP/1.1
User-Agent: selenium/4.13.0 (java mac)
Content-Length: 153
Content-Type: application/json; charset=utf-8
host: localhost:5140
accept: */*

Response DefaultHttpResponse(decodeResult: success, version: HTTP/1.1)
HTTP/1.1 200 OK
Content-Length: 96
Content-Type: application/json; charset=utf-8
cache-control: no-cache

07:40:35.248 [AsyncHttpClient-1-8] DEBUG org.asynchttpclient.netty.channel.ChannelManager - Adding key: http://localhost:5140 for channel [id: 0xe5f14885, L:/127.0.0.1:50222 - R:localhost/127.0.0.1:5140]
07:40:35.250 [Forwarding executeScript on session 8f6fcf8ff69b1e9fa25838365b439fea to remote] DEBUG org.asynchttpclient.netty.request.NettyRequestSender - Using pooled Channel '[id: 0xe5f14885, L:/127.0.0.1:50222 - R:localhost/127.0.0.1:5140]' for 'POST' to 'http://localhost:5140/session/8f6fcf8ff69b1e9fa25838365b439fea/execute/sync'
07:40:35.250 [Forwarding executeScript on session 8f6fcf8ff69b1e9fa25838365b439fea to remote] DEBUG org.asynchttpclient.netty.request.NettyRequestSender - Using open Channel [id: 0xe5f14885, L:/127.0.0.1:50222 - R:localhost/127.0.0.1:5140] for POST '/session/8f6fcf8ff69b1e9fa25838365b439fea/execute/sync'
07:40:35.254 [AsyncHttpClient-1-8] DEBUG org.asynchttpclient.netty.handler.HttpHandler - 

Request DefaultHttpRequest(decodeResult: success, version: HTTP/1.1)
POST /session/8f6fcf8ff69b1e9fa25838365b439fea/execute/sync HTTP/1.1
User-Agent: selenium/4.13.0 (java mac)
Content-Length: 180
Content-Type: application/json; charset=utf-8
host: localhost:5140
accept: */*

Response DefaultHttpResponse(decodeResult: success, version: HTTP/1.1)
HTTP/1.1 200 OK
Content-Length: 14
Content-Type: application/json; charset=utf-8
cache-control: no-cache

07:40:35.254 [AsyncHttpClient-1-8] DEBUG org.asynchttpclient.netty.channel.ChannelManager - Adding key: http://localhost:5140 for channel [id: 0xe5f14885, L:/127.0.0.1:50222 - R:localhost/127.0.0.1:5140]
07:40:35.255 [Forwarding getElementText on session 8f6fcf8ff69b1e9fa25838365b439fea to remote] DEBUG org.asynchttpclient.netty.request.NettyRequestSender - Using pooled Channel '[id: 0xe5f14885, L:/127.0.0.1:50222 - R:localhost/127.0.0.1:5140]' for 'GET' to 'http://localhost:5140/session/8f6fcf8ff69b1e9fa25838365b439fea/element/055695434E54FA8FA3FB8D0B674CBC34_element_570/text'
07:40:35.255 [Forwarding getElementText on session 8f6fcf8ff69b1e9fa25838365b439fea to remote] DEBUG org.asynchttpclient.netty.request.NettyRequestSender - Using open Channel [id: 0xe5f14885, L:/127.0.0.1:50222 - R:localhost/127.0.0.1:5140] for GET '/session/8f6fcf8ff69b1e9fa25838365b439fea/element/055695434E54FA8FA3FB8D0B674CBC34_element_570/text'
07:40:35.265 [AsyncHttpClient-1-8] DEBUG org.asynchttpclient.netty.handler.HttpHandler - 

Request DefaultFullHttpRequest(decodeResult: success, version: HTTP/1.1, content: EmptyByteBufBE)
GET /session/8f6fcf8ff69b1e9fa25838365b439fea/element/055695434E54FA8FA3FB8D0B674CBC34_element_570/text HTTP/1.1
Cache-Control: no-cache
User-Agent: selenium/4.13.0 (java mac)
Content-Type: application/json; charset=utf-8
host: localhost:5140
accept: */*

Response DefaultHttpResponse(decodeResult: success, version: HTTP/1.1)
HTTP/1.1 200 OK
Content-Length: 21
Content-Type: application/json; charset=utf-8
cache-control: no-cache

07:40:35.265 [AsyncHttpClient-1-8] DEBUG org.asynchttpclient.netty.channel.ChannelManager - Adding key: http://localhost:5140 for channel [id: 0xe5f14885, L:/127.0.0.1:50222 - R:localhost/127.0.0.1:5140]
07:40:35.266 [Forwarding findElement on session 8f6fcf8ff69b1e9fa25838365b439fea to remote] DEBUG org.asynchttpclient.netty.request.NettyRequestSender - Using pooled Channel '[id: 0xe5f14885, L:/127.0.0.1:50222 - R:localhost/127.0.0.1:5140]' for 'POST' to 'http://localhost:5140/session/8f6fcf8ff69b1e9fa25838365b439fea/element'
07:40:35.266 [Forwarding findElement on session 8f6fcf8ff69b1e9fa25838365b439fea to remote] DEBUG org.asynchttpclient.netty.request.NettyRequestSender - Using open Channel [id: 0xe5f14885, L:/127.0.0.1:50222 - R:localhost/127.0.0.1:5140] for POST '/session/8f6fcf8ff69b1e9fa25838365b439fea/element'
07:40:35.279 [AsyncHttpClient-1-8] DEBUG org.asynchttpclient.netty.handler.HttpHandler - 

Request DefaultHttpRequest(decodeResult: success, version: HTTP/1.1)
POST /session/8f6fcf8ff69b1e9fa25838365b439fea/element HTTP/1.1
User-Agent: selenium/4.13.0 (java mac)
Content-Length: 154
Content-Type: application/json; charset=utf-8
host: localhost:5140
accept: */*

Response DefaultHttpResponse(decodeResult: success, version: HTTP/1.1)
HTTP/1.1 200 OK
Content-Length: 96
Content-Type: application/json; charset=utf-8
cache-control: no-cache

07:40:35.279 [AsyncHttpClient-1-8] DEBUG org.asynchttpclient.netty.channel.ChannelManager - Adding key: http://localhost:5140 for channel [id: 0xe5f14885, L:/127.0.0.1:50222 - R:localhost/127.0.0.1:5140]
07:40:35.280 [Forwarding executeScript on session 8f6fcf8ff69b1e9fa25838365b439fea to remote] DEBUG org.asynchttpclient.netty.request.NettyRequestSender - Using pooled Channel '[id: 0xe5f14885, L:/127.0.0.1:50222 - R:localhost/127.0.0.1:5140]' for 'POST' to 'http://localhost:5140/session/8f6fcf8ff69b1e9fa25838365b439fea/execute/sync'
07:40:35.280 [Forwarding executeScript on session 8f6fcf8ff69b1e9fa25838365b439fea to remote] DEBUG org.asynchttpclient.netty.request.NettyRequestSender - Using open Channel [id: 0xe5f14885, L:/127.0.0.1:50222 - R:localhost/127.0.0.1:5140] for POST '/session/8f6fcf8ff69b1e9fa25838365b439fea/execute/sync'
07:40:35.285 [AsyncHttpClient-1-8] DEBUG org.asynchttpclient.netty.handler.HttpHandler - 

Request DefaultHttpRequest(decodeResult: success, version: HTTP/1.1)
POST /session/8f6fcf8ff69b1e9fa25838365b439fea/execute/sync HTTP/1.1
User-Agent: selenium/4.13.0 (java mac)
Content-Length: 180
Content-Type: application/json; charset=utf-8
host: localhost:5140
accept: */*

Response DefaultHttpResponse(decodeResult: success, version: HTTP/1.1)
HTTP/1.1 200 OK
Content-Length: 14
Content-Type: application/json; charset=utf-8
cache-control: no-cache

07:40:35.285 [AsyncHttpClient-1-8] DEBUG org.asynchttpclient.netty.channel.ChannelManager - Adding key: http://localhost:5140 for channel [id: 0xe5f14885, L:/127.0.0.1:50222 - R:localhost/127.0.0.1:5140]
07:40:35.286 [Forwarding getElementText on session 8f6fcf8ff69b1e9fa25838365b439fea to remote] DEBUG org.asynchttpclient.netty.request.NettyRequestSender - Using pooled Channel '[id: 0xe5f14885, L:/127.0.0.1:50222 - R:localhost/127.0.0.1:5140]' for 'GET' to 'http://localhost:5140/session/8f6fcf8ff69b1e9fa25838365b439fea/element/055695434E54FA8FA3FB8D0B674CBC34_element_699/text'
07:40:35.286 [Forwarding getElementText on session 8f6fcf8ff69b1e9fa25838365b439fea to remote] DEBUG org.asynchttpclient.netty.request.NettyRequestSender - Using open Channel [id: 0xe5f14885, L:/127.0.0.1:50222 - R:localhost/127.0.0.1:5140] for GET '/session/8f6fcf8ff69b1e9fa25838365b439fea/element/055695434E54FA8FA3FB8D0B674CBC34_element_699/text'
07:40:35.294 [AsyncHttpClient-1-8] DEBUG org.asynchttpclient.netty.handler.HttpHandler - 

Request DefaultFullHttpRequest(decodeResult: success, version: HTTP/1.1, content: EmptyByteBufBE)
GET /session/8f6fcf8ff69b1e9fa25838365b439fea/element/055695434E54FA8FA3FB8D0B674CBC34_element_699/text HTTP/1.1
Cache-Control: no-cache
User-Agent: selenium/4.13.0 (java mac)
Content-Type: application/json; charset=utf-8
host: localhost:5140
accept: */*

Response DefaultHttpResponse(decodeResult: success, version: HTTP/1.1)
HTTP/1.1 200 OK
Content-Length: 21
Content-Type: application/json; charset=utf-8
cache-control: no-cache

07:40:35.295 [AsyncHttpClient-1-8] DEBUG org.asynchttpclient.netty.channel.ChannelManager - Adding key: http://localhost:5140 for channel [id: 0xe5f14885, L:/127.0.0.1:50222 - R:localhost/127.0.0.1:5140]
07:40:35.296 [Forwarding findElement on session 8f6fcf8ff69b1e9fa25838365b439fea to remote] DEBUG org.asynchttpclient.netty.request.NettyRequestSender - Using pooled Channel '[id: 0xe5f14885, L:/127.0.0.1:50222 - R:localhost/127.0.0.1:5140]' for 'POST' to 'http://localhost:5140/session/8f6fcf8ff69b1e9fa25838365b439fea/element'
07:40:35.296 [Forwarding findElement on session 8f6fcf8ff69b1e9fa25838365b439fea to remote] DEBUG org.asynchttpclient.netty.request.NettyRequestSender - Using open Channel [id: 0xe5f14885, L:/127.0.0.1:50222 - R:localhost/127.0.0.1:5140] for POST '/session/8f6fcf8ff69b1e9fa25838365b439fea/element'
07:40:35.316 [AsyncHttpClient-1-8] DEBUG org.asynchttpclient.netty.handler.HttpHandler - 

Request DefaultHttpRequest(decodeResult: success, version: HTTP/1.1)
POST /session/8f6fcf8ff69b1e9fa25838365b439fea/element HTTP/1.1
User-Agent: selenium/4.13.0 (java mac)
Content-Length: 153
Content-Type: application/json; charset=utf-8
host: localhost:5140
accept: */*

Response DefaultHttpResponse(decodeResult: success, version: HTTP/1.1)
HTTP/1.1 200 OK
Content-Length: 96
Content-Type: application/json; charset=utf-8
cache-control: no-cache

07:40:35.316 [AsyncHttpClient-1-8] DEBUG org.asynchttpclient.netty.channel.ChannelManager - Adding key: http://localhost:5140 for channel [id: 0xe5f14885, L:/127.0.0.1:50222 - R:localhost/127.0.0.1:5140]
07:40:35.317 [Forwarding executeScript on session 8f6fcf8ff69b1e9fa25838365b439fea to remote] DEBUG org.asynchttpclient.netty.request.NettyRequestSender - Using pooled Channel '[id: 0xe5f14885, L:/127.0.0.1:50222 - R:localhost/127.0.0.1:5140]' for 'POST' to 'http://localhost:5140/session/8f6fcf8ff69b1e9fa25838365b439fea/execute/sync'
07:40:35.317 [Forwarding executeScript on session 8f6fcf8ff69b1e9fa25838365b439fea to remote] DEBUG org.asynchttpclient.netty.request.NettyRequestSender - Using open Channel [id: 0xe5f14885, L:/127.0.0.1:50222 - R:localhost/127.0.0.1:5140] for POST '/session/8f6fcf8ff69b1e9fa25838365b439fea/execute/sync'
07:40:35.322 [AsyncHttpClient-1-8] DEBUG org.asynchttpclient.netty.handler.HttpHandler - 

Request DefaultHttpRequest(decodeResult: success, version: HTTP/1.1)
POST /session/8f6fcf8ff69b1e9fa25838365b439fea/execute/sync HTTP/1.1
User-Agent: selenium/4.13.0 (java mac)
Content-Length: 180
Content-Type: application/json; charset=utf-8
host: localhost:5140
accept: */*

Response DefaultHttpResponse(decodeResult: success, version: HTTP/1.1)
HTTP/1.1 200 OK
Content-Length: 14
Content-Type: application/json; charset=utf-8
cache-control: no-cache

07:40:35.322 [AsyncHttpClient-1-8] DEBUG org.asynchttpclient.netty.channel.ChannelManager - Adding key: http://localhost:5140 for channel [id: 0xe5f14885, L:/127.0.0.1:50222 - R:localhost/127.0.0.1:5140]
07:40:35.323 [Forwarding getElementText on session 8f6fcf8ff69b1e9fa25838365b439fea to remote] DEBUG org.asynchttpclient.netty.request.NettyRequestSender - Using pooled Channel '[id: 0xe5f14885, L:/127.0.0.1:50222 - R:localhost/127.0.0.1:5140]' for 'GET' to 'http://localhost:5140/session/8f6fcf8ff69b1e9fa25838365b439fea/element/055695434E54FA8FA3FB8D0B674CBC34_element_571/text'
07:40:35.323 [Forwarding getElementText on session 8f6fcf8ff69b1e9fa25838365b439fea to remote] DEBUG org.asynchttpclient.netty.request.NettyRequestSender - Using open Channel [id: 0xe5f14885, L:/127.0.0.1:50222 - R:localhost/127.0.0.1:5140] for GET '/session/8f6fcf8ff69b1e9fa25838365b439fea/element/055695434E54FA8FA3FB8D0B674CBC34_element_571/text'
07:40:35.338 [AsyncHttpClient-1-8] DEBUG org.asynchttpclient.netty.handler.HttpHandler - 

Request DefaultFullHttpRequest(decodeResult: success, version: HTTP/1.1, content: EmptyByteBufBE)
GET /session/8f6fcf8ff69b1e9fa25838365b439fea/element/055695434E54FA8FA3FB8D0B674CBC34_element_571/text HTTP/1.1
Cache-Control: no-cache
User-Agent: selenium/4.13.0 (java mac)
Content-Type: application/json; charset=utf-8
host: localhost:5140
accept: */*

Response DefaultHttpResponse(decodeResult: success, version: HTTP/1.1)
HTTP/1.1 200 OK
Content-Length: 21
Content-Type: application/json; charset=utf-8
cache-control: no-cache

07:40:35.338 [AsyncHttpClient-1-8] DEBUG org.asynchttpclient.netty.channel.ChannelManager - Adding key: http://localhost:5140 for channel [id: 0xe5f14885, L:/127.0.0.1:50222 - R:localhost/127.0.0.1:5140]
07:40:35.339 [Forwarding findElement on session 8f6fcf8ff69b1e9fa25838365b439fea to remote] DEBUG org.asynchttpclient.netty.request.NettyRequestSender - Using pooled Channel '[id: 0xe5f14885, L:/127.0.0.1:50222 - R:localhost/127.0.0.1:5140]' for 'POST' to 'http://localhost:5140/session/8f6fcf8ff69b1e9fa25838365b439fea/element'
07:40:35.339 [Forwarding findElement on session 8f6fcf8ff69b1e9fa25838365b439fea to remote] DEBUG org.asynchttpclient.netty.request.NettyRequestSender - Using open Channel [id: 0xe5f14885, L:/127.0.0.1:50222 - R:localhost/127.0.0.1:5140] for POST '/session/8f6fcf8ff69b1e9fa25838365b439fea/element'
07:40:35.353 [AsyncHttpClient-1-8] DEBUG org.asynchttpclient.netty.handler.HttpHandler - 

Request DefaultHttpRequest(decodeResult: success, version: HTTP/1.1)
POST /session/8f6fcf8ff69b1e9fa25838365b439fea/element HTTP/1.1
User-Agent: selenium/4.13.0 (java mac)
Content-Length: 154
Content-Type: application/json; charset=utf-8
host: localhost:5140
accept: */*

Response DefaultHttpResponse(decodeResult: success, version: HTTP/1.1)
HTTP/1.1 200 OK
Content-Length: 96
Content-Type: application/json; charset=utf-8
cache-control: no-cache

07:40:35.354 [AsyncHttpClient-1-8] DEBUG org.asynchttpclient.netty.channel.ChannelManager - Adding key: http://localhost:5140 for channel [id: 0xe5f14885, L:/127.0.0.1:50222 - R:localhost/127.0.0.1:5140]
07:40:35.355 [Forwarding executeScript on session 8f6fcf8ff69b1e9fa25838365b439fea to remote] DEBUG org.asynchttpclient.netty.request.NettyRequestSender - Using pooled Channel '[id: 0xe5f14885, L:/127.0.0.1:50222 - R:localhost/127.0.0.1:5140]' for 'POST' to 'http://localhost:5140/session/8f6fcf8ff69b1e9fa25838365b439fea/execute/sync'
07:40:35.355 [Forwarding executeScript on session 8f6fcf8ff69b1e9fa25838365b439fea to remote] DEBUG org.asynchttpclient.netty.request.NettyRequestSender - Using open Channel [id: 0xe5f14885, L:/127.0.0.1:50222 - R:localhost/127.0.0.1:5140] for POST '/session/8f6fcf8ff69b1e9fa25838365b439fea/execute/sync'
07:40:35.359 [AsyncHttpClient-1-8] DEBUG org.asynchttpclient.netty.handler.HttpHandler - 

Request DefaultHttpRequest(decodeResult: success, version: HTTP/1.1)
POST /session/8f6fcf8ff69b1e9fa25838365b439fea/execute/sync HTTP/1.1
User-Agent: selenium/4.13.0 (java mac)
Content-Length: 180
Content-Type: application/json; charset=utf-8
host: localhost:5140
accept: */*

Response DefaultHttpResponse(decodeResult: success, version: HTTP/1.1)
HTTP/1.1 200 OK
Content-Length: 14
Content-Type: application/json; charset=utf-8
cache-control: no-cache

07:40:35.359 [AsyncHttpClient-1-8] DEBUG org.asynchttpclient.netty.channel.ChannelManager - Adding key: http://localhost:5140 for channel [id: 0xe5f14885, L:/127.0.0.1:50222 - R:localhost/127.0.0.1:5140]
07:40:35.360 [Forwarding getElementText on session 8f6fcf8ff69b1e9fa25838365b439fea to remote] DEBUG org.asynchttpclient.netty.request.NettyRequestSender - Using pooled Channel '[id: 0xe5f14885, L:/127.0.0.1:50222 - R:localhost/127.0.0.1:5140]' for 'GET' to 'http://localhost:5140/session/8f6fcf8ff69b1e9fa25838365b439fea/element/055695434E54FA8FA3FB8D0B674CBC34_element_700/text'
07:40:35.360 [Forwarding getElementText on session 8f6fcf8ff69b1e9fa25838365b439fea to remote] DEBUG org.asynchttpclient.netty.request.NettyRequestSender - Using open Channel [id: 0xe5f14885, L:/127.0.0.1:50222 - R:localhost/127.0.0.1:5140] for GET '/session/8f6fcf8ff69b1e9fa25838365b439fea/element/055695434E54FA8FA3FB8D0B674CBC34_element_700/text'
07:40:35.368 [AsyncHttpClient-1-8] DEBUG org.asynchttpclient.netty.handler.HttpHandler - 

Request DefaultFullHttpRequest(decodeResult: success, version: HTTP/1.1, content: EmptyByteBufBE)
GET /session/8f6fcf8ff69b1e9fa25838365b439fea/element/055695434E54FA8FA3FB8D0B674CBC34_element_700/text HTTP/1.1
Cache-Control: no-cache
User-Agent: selenium/4.13.0 (java mac)
Content-Type: application/json; charset=utf-8
host: localhost:5140
accept: */*

Response DefaultHttpResponse(decodeResult: success, version: HTTP/1.1)
HTTP/1.1 200 OK
Content-Length: 21
Content-Type: application/json; charset=utf-8
cache-control: no-cache

07:40:35.368 [AsyncHttpClient-1-8] DEBUG org.asynchttpclient.netty.channel.ChannelManager - Adding key: http://localhost:5140 for channel [id: 0xe5f14885, L:/127.0.0.1:50222 - R:localhost/127.0.0.1:5140]
07:40:35.369 [Forwarding findElement on session 8f6fcf8ff69b1e9fa25838365b439fea to remote] DEBUG org.asynchttpclient.netty.request.NettyRequestSender - Using pooled Channel '[id: 0xe5f14885, L:/127.0.0.1:50222 - R:localhost/127.0.0.1:5140]' for 'POST' to 'http://localhost:5140/session/8f6fcf8ff69b1e9fa25838365b439fea/element'
07:40:35.369 [Forwarding findElement on session 8f6fcf8ff69b1e9fa25838365b439fea to remote] DEBUG org.asynchttpclient.netty.request.NettyRequestSender - Using open Channel [id: 0xe5f14885, L:/127.0.0.1:50222 - R:localhost/127.0.0.1:5140] for POST '/session/8f6fcf8ff69b1e9fa25838365b439fea/element'
07:40:35.384 [AsyncHttpClient-1-8] DEBUG org.asynchttpclient.netty.handler.HttpHandler - 

Request DefaultHttpRequest(decodeResult: success, version: HTTP/1.1)
POST /session/8f6fcf8ff69b1e9fa25838365b439fea/element HTTP/1.1
User-Agent: selenium/4.13.0 (java mac)
Content-Length: 153
Content-Type: application/json; charset=utf-8
host: localhost:5140
accept: */*

Response DefaultHttpResponse(decodeResult: success, version: HTTP/1.1)
HTTP/1.1 200 OK
Content-Length: 96
Content-Type: application/json; charset=utf-8
cache-control: no-cache

07:40:35.384 [AsyncHttpClient-1-8] DEBUG org.asynchttpclient.netty.channel.ChannelManager - Adding key: http://localhost:5140 for channel [id: 0xe5f14885, L:/127.0.0.1:50222 - R:localhost/127.0.0.1:5140]
07:40:35.385 [Forwarding executeScript on session 8f6fcf8ff69b1e9fa25838365b439fea to remote] DEBUG org.asynchttpclient.netty.request.NettyRequestSender - Using pooled Channel '[id: 0xe5f14885, L:/127.0.0.1:50222 - R:localhost/127.0.0.1:5140]' for 'POST' to 'http://localhost:5140/session/8f6fcf8ff69b1e9fa25838365b439fea/execute/sync'
07:40:35.385 [Forwarding executeScript on session 8f6fcf8ff69b1e9fa25838365b439fea to remote] DEBUG org.asynchttpclient.netty.request.NettyRequestSender - Using open Channel [id: 0xe5f14885, L:/127.0.0.1:50222 - R:localhost/127.0.0.1:5140] for POST '/session/8f6fcf8ff69b1e9fa25838365b439fea/execute/sync'
07:40:35.390 [AsyncHttpClient-1-8] DEBUG org.asynchttpclient.netty.handler.HttpHandler - 

Request DefaultHttpRequest(decodeResult: success, version: HTTP/1.1)
POST /session/8f6fcf8ff69b1e9fa25838365b439fea/execute/sync HTTP/1.1
User-Agent: selenium/4.13.0 (java mac)
Content-Length: 180
Content-Type: application/json; charset=utf-8
host: localhost:5140
accept: */*

Response DefaultHttpResponse(decodeResult: success, version: HTTP/1.1)
HTTP/1.1 200 OK
Content-Length: 14
Content-Type: application/json; charset=utf-8
cache-control: no-cache

07:40:35.390 [AsyncHttpClient-1-8] DEBUG org.asynchttpclient.netty.channel.ChannelManager - Adding key: http://localhost:5140 for channel [id: 0xe5f14885, L:/127.0.0.1:50222 - R:localhost/127.0.0.1:5140]
07:40:35.391 [Forwarding getElementText on session 8f6fcf8ff69b1e9fa25838365b439fea to remote] DEBUG org.asynchttpclient.netty.request.NettyRequestSender - Using pooled Channel '[id: 0xe5f14885, L:/127.0.0.1:50222 - R:localhost/127.0.0.1:5140]' for 'GET' to 'http://localhost:5140/session/8f6fcf8ff69b1e9fa25838365b439fea/element/055695434E54FA8FA3FB8D0B674CBC34_element_572/text'
07:40:35.391 [Forwarding getElementText on session 8f6fcf8ff69b1e9fa25838365b439fea to remote] DEBUG org.asynchttpclient.netty.request.NettyRequestSender - Using open Channel [id: 0xe5f14885, L:/127.0.0.1:50222 - R:localhost/127.0.0.1:5140] for GET '/session/8f6fcf8ff69b1e9fa25838365b439fea/element/055695434E54FA8FA3FB8D0B674CBC34_element_572/text'
07:40:35.400 [AsyncHttpClient-1-8] DEBUG org.asynchttpclient.netty.handler.HttpHandler - 

Request DefaultFullHttpRequest(decodeResult: success, version: HTTP/1.1, content: EmptyByteBufBE)
GET /session/8f6fcf8ff69b1e9fa25838365b439fea/element/055695434E54FA8FA3FB8D0B674CBC34_element_572/text HTTP/1.1
Cache-Control: no-cache
User-Agent: selenium/4.13.0 (java mac)
Content-Type: application/json; charset=utf-8
host: localhost:5140
accept: */*

Response DefaultHttpResponse(decodeResult: success, version: HTTP/1.1)
HTTP/1.1 200 OK
Content-Length: 21
Content-Type: application/json; charset=utf-8
cache-control: no-cache

07:40:35.400 [AsyncHttpClient-1-8] DEBUG org.asynchttpclient.netty.channel.ChannelManager - Adding key: http://localhost:5140 for channel [id: 0xe5f14885, L:/127.0.0.1:50222 - R:localhost/127.0.0.1:5140]
07:40:35.401 [Forwarding findElement on session 8f6fcf8ff69b1e9fa25838365b439fea to remote] DEBUG org.asynchttpclient.netty.request.NettyRequestSender - Using pooled Channel '[id: 0xe5f14885, L:/127.0.0.1:50222 - R:localhost/127.0.0.1:5140]' for 'POST' to 'http://localhost:5140/session/8f6fcf8ff69b1e9fa25838365b439fea/element'
07:40:35.401 [Forwarding findElement on session 8f6fcf8ff69b1e9fa25838365b439fea to remote] DEBUG org.asynchttpclient.netty.request.NettyRequestSender - Using open Channel [id: 0xe5f14885, L:/127.0.0.1:50222 - R:localhost/127.0.0.1:5140] for POST '/session/8f6fcf8ff69b1e9fa25838365b439fea/element'
07:40:35.415 [AsyncHttpClient-1-8] DEBUG org.asynchttpclient.netty.handler.HttpHandler - 

Request DefaultHttpRequest(decodeResult: success, version: HTTP/1.1)
POST /session/8f6fcf8ff69b1e9fa25838365b439fea/element HTTP/1.1
User-Agent: selenium/4.13.0 (java mac)
Content-Length: 154
Content-Type: application/json; charset=utf-8
host: localhost:5140
accept: */*

Response DefaultHttpResponse(decodeResult: success, version: HTTP/1.1)
HTTP/1.1 200 OK
Content-Length: 96
Content-Type: application/json; charset=utf-8
cache-control: no-cache

07:40:35.416 [AsyncHttpClient-1-8] DEBUG org.asynchttpclient.netty.channel.ChannelManager - Adding key: http://localhost:5140 for channel [id: 0xe5f14885, L:/127.0.0.1:50222 - R:localhost/127.0.0.1:5140]
07:40:35.417 [Forwarding executeScript on session 8f6fcf8ff69b1e9fa25838365b439fea to remote] DEBUG org.asynchttpclient.netty.request.NettyRequestSender - Using pooled Channel '[id: 0xe5f14885, L:/127.0.0.1:50222 - R:localhost/127.0.0.1:5140]' for 'POST' to 'http://localhost:5140/session/8f6fcf8ff69b1e9fa25838365b439fea/execute/sync'
07:40:35.417 [Forwarding executeScript on session 8f6fcf8ff69b1e9fa25838365b439fea to remote] DEBUG org.asynchttpclient.netty.request.NettyRequestSender - Using open Channel [id: 0xe5f14885, L:/127.0.0.1:50222 - R:localhost/127.0.0.1:5140] for POST '/session/8f6fcf8ff69b1e9fa25838365b439fea/execute/sync'
07:40:35.421 [AsyncHttpClient-1-8] DEBUG org.asynchttpclient.netty.handler.HttpHandler - 

Request DefaultHttpRequest(decodeResult: success, version: HTTP/1.1)
POST /session/8f6fcf8ff69b1e9fa25838365b439fea/execute/sync HTTP/1.1
User-Agent: selenium/4.13.0 (java mac)
Content-Length: 180
Content-Type: application/json; charset=utf-8
host: localhost:5140
accept: */*

Response DefaultHttpResponse(decodeResult: success, version: HTTP/1.1)
HTTP/1.1 200 OK
Content-Length: 14
Content-Type: application/json; charset=utf-8
cache-control: no-cache

07:40:35.421 [AsyncHttpClient-1-8] DEBUG org.asynchttpclient.netty.channel.ChannelManager - Adding key: http://localhost:5140 for channel [id: 0xe5f14885, L:/127.0.0.1:50222 - R:localhost/127.0.0.1:5140]
07:40:35.422 [Forwarding getElementText on session 8f6fcf8ff69b1e9fa25838365b439fea to remote] DEBUG org.asynchttpclient.netty.request.NettyRequestSender - Using pooled Channel '[id: 0xe5f14885, L:/127.0.0.1:50222 - R:localhost/127.0.0.1:5140]' for 'GET' to 'http://localhost:5140/session/8f6fcf8ff69b1e9fa25838365b439fea/element/055695434E54FA8FA3FB8D0B674CBC34_element_701/text'
07:40:35.422 [Forwarding getElementText on session 8f6fcf8ff69b1e9fa25838365b439fea to remote] DEBUG org.asynchttpclient.netty.request.NettyRequestSender - Using open Channel [id: 0xe5f14885, L:/127.0.0.1:50222 - R:localhost/127.0.0.1:5140] for GET '/session/8f6fcf8ff69b1e9fa25838365b439fea/element/055695434E54FA8FA3FB8D0B674CBC34_element_701/text'
07:40:35.431 [AsyncHttpClient-1-8] DEBUG org.asynchttpclient.netty.handler.HttpHandler - 

Request DefaultFullHttpRequest(decodeResult: success, version: HTTP/1.1, content: EmptyByteBufBE)
GET /session/8f6fcf8ff69b1e9fa25838365b439fea/element/055695434E54FA8FA3FB8D0B674CBC34_element_701/text HTTP/1.1
Cache-Control: no-cache
User-Agent: selenium/4.13.0 (java mac)
Content-Type: application/json; charset=utf-8
host: localhost:5140
accept: */*

Response DefaultHttpResponse(decodeResult: success, version: HTTP/1.1)
HTTP/1.1 200 OK
Content-Length: 21
Content-Type: application/json; charset=utf-8
cache-control: no-cache

07:40:35.431 [AsyncHttpClient-1-8] DEBUG org.asynchttpclient.netty.channel.ChannelManager - Adding key: http://localhost:5140 for channel [id: 0xe5f14885, L:/127.0.0.1:50222 - R:localhost/127.0.0.1:5140]
07:40:35.432 [Forwarding findElement on session 8f6fcf8ff69b1e9fa25838365b439fea to remote] DEBUG org.asynchttpclient.netty.request.NettyRequestSender - Using pooled Channel '[id: 0xe5f14885, L:/127.0.0.1:50222 - R:localhost/127.0.0.1:5140]' for 'POST' to 'http://localhost:5140/session/8f6fcf8ff69b1e9fa25838365b439fea/element'
07:40:35.432 [Forwarding findElement on session 8f6fcf8ff69b1e9fa25838365b439fea to remote] DEBUG org.asynchttpclient.netty.request.NettyRequestSender - Using open Channel [id: 0xe5f14885, L:/127.0.0.1:50222 - R:localhost/127.0.0.1:5140] for POST '/session/8f6fcf8ff69b1e9fa25838365b439fea/element'
07:40:35.445 [AsyncHttpClient-1-8] DEBUG org.asynchttpclient.netty.handler.HttpHandler - 

Request DefaultHttpRequest(decodeResult: success, version: HTTP/1.1)
POST /session/8f6fcf8ff69b1e9fa25838365b439fea/element HTTP/1.1
User-Agent: selenium/4.13.0 (java mac)
Content-Length: 153
Content-Type: application/json; charset=utf-8
host: localhost:5140
accept: */*

Response DefaultHttpResponse(decodeResult: success, version: HTTP/1.1)
HTTP/1.1 200 OK
Content-Length: 96
Content-Type: application/json; charset=utf-8
cache-control: no-cache

07:40:35.445 [AsyncHttpClient-1-8] DEBUG org.asynchttpclient.netty.channel.ChannelManager - Adding key: http://localhost:5140 for channel [id: 0xe5f14885, L:/127.0.0.1:50222 - R:localhost/127.0.0.1:5140]
07:40:35.446 [Forwarding executeScript on session 8f6fcf8ff69b1e9fa25838365b439fea to remote] DEBUG org.asynchttpclient.netty.request.NettyRequestSender - Using pooled Channel '[id: 0xe5f14885, L:/127.0.0.1:50222 - R:localhost/127.0.0.1:5140]' for 'POST' to 'http://localhost:5140/session/8f6fcf8ff69b1e9fa25838365b439fea/execute/sync'
07:40:35.446 [Forwarding executeScript on session 8f6fcf8ff69b1e9fa25838365b439fea to remote] DEBUG org.asynchttpclient.netty.request.NettyRequestSender - Using open Channel [id: 0xe5f14885, L:/127.0.0.1:50222 - R:localhost/127.0.0.1:5140] for POST '/session/8f6fcf8ff69b1e9fa25838365b439fea/execute/sync'
07:40:35.451 [AsyncHttpClient-1-8] DEBUG org.asynchttpclient.netty.handler.HttpHandler - 

Request DefaultHttpRequest(decodeResult: success, version: HTTP/1.1)
POST /session/8f6fcf8ff69b1e9fa25838365b439fea/execute/sync HTTP/1.1
User-Agent: selenium/4.13.0 (java mac)
Content-Length: 180
Content-Type: application/json; charset=utf-8
host: localhost:5140
accept: */*

Response DefaultHttpResponse(decodeResult: success, version: HTTP/1.1)
HTTP/1.1 200 OK
Content-Length: 14
Content-Type: application/json; charset=utf-8
cache-control: no-cache

07:40:35.451 [AsyncHttpClient-1-8] DEBUG org.asynchttpclient.netty.channel.ChannelManager - Adding key: http://localhost:5140 for channel [id: 0xe5f14885, L:/127.0.0.1:50222 - R:localhost/127.0.0.1:5140]
07:40:35.452 [Forwarding getElementText on session 8f6fcf8ff69b1e9fa25838365b439fea to remote] DEBUG org.asynchttpclient.netty.request.NettyRequestSender - Using pooled Channel '[id: 0xe5f14885, L:/127.0.0.1:50222 - R:localhost/127.0.0.1:5140]' for 'GET' to 'http://localhost:5140/session/8f6fcf8ff69b1e9fa25838365b439fea/element/055695434E54FA8FA3FB8D0B674CBC34_element_573/text'
07:40:35.452 [Forwarding getElementText on session 8f6fcf8ff69b1e9fa25838365b439fea to remote] DEBUG org.asynchttpclient.netty.request.NettyRequestSender - Using open Channel [id: 0xe5f14885, L:/127.0.0.1:50222 - R:localhost/127.0.0.1:5140] for GET '/session/8f6fcf8ff69b1e9fa25838365b439fea/element/055695434E54FA8FA3FB8D0B674CBC34_element_573/text'
07:40:35.460 [AsyncHttpClient-1-8] DEBUG org.asynchttpclient.netty.handler.HttpHandler - 

Request DefaultFullHttpRequest(decodeResult: success, version: HTTP/1.1, content: EmptyByteBufBE)
GET /session/8f6fcf8ff69b1e9fa25838365b439fea/element/055695434E54FA8FA3FB8D0B674CBC34_element_573/text HTTP/1.1
Cache-Control: no-cache
User-Agent: selenium/4.13.0 (java mac)
Content-Type: application/json; charset=utf-8
host: localhost:5140
accept: */*

Response DefaultHttpResponse(decodeResult: success, version: HTTP/1.1)
HTTP/1.1 200 OK
Content-Length: 21
Content-Type: application/json; charset=utf-8
cache-control: no-cache

07:40:35.460 [AsyncHttpClient-1-8] DEBUG org.asynchttpclient.netty.channel.ChannelManager - Adding key: http://localhost:5140 for channel [id: 0xe5f14885, L:/127.0.0.1:50222 - R:localhost/127.0.0.1:5140]
07:40:35.461 [Forwarding findElement on session 8f6fcf8ff69b1e9fa25838365b439fea to remote] DEBUG org.asynchttpclient.netty.request.NettyRequestSender - Using pooled Channel '[id: 0xe5f14885, L:/127.0.0.1:50222 - R:localhost/127.0.0.1:5140]' for 'POST' to 'http://localhost:5140/session/8f6fcf8ff69b1e9fa25838365b439fea/element'
07:40:35.461 [Forwarding findElement on session 8f6fcf8ff69b1e9fa25838365b439fea to remote] DEBUG org.asynchttpclient.netty.request.NettyRequestSender - Using open Channel [id: 0xe5f14885, L:/127.0.0.1:50222 - R:localhost/127.0.0.1:5140] for POST '/session/8f6fcf8ff69b1e9fa25838365b439fea/element'
07:40:35.481 [AsyncHttpClient-1-8] DEBUG org.asynchttpclient.netty.handler.HttpHandler - 

Request DefaultHttpRequest(decodeResult: success, version: HTTP/1.1)
POST /session/8f6fcf8ff69b1e9fa25838365b439fea/element HTTP/1.1
User-Agent: selenium/4.13.0 (java mac)
Content-Length: 154
Content-Type: application/json; charset=utf-8
host: localhost:5140
accept: */*

Response DefaultHttpResponse(decodeResult: success, version: HTTP/1.1)
HTTP/1.1 200 OK
Content-Length: 96
Content-Type: application/json; charset=utf-8
cache-control: no-cache

07:40:35.481 [AsyncHttpClient-1-8] DEBUG org.asynchttpclient.netty.channel.ChannelManager - Adding key: http://localhost:5140 for channel [id: 0xe5f14885, L:/127.0.0.1:50222 - R:localhost/127.0.0.1:5140]
07:40:35.482 [Forwarding executeScript on session 8f6fcf8ff69b1e9fa25838365b439fea to remote] DEBUG org.asynchttpclient.netty.request.NettyRequestSender - Using pooled Channel '[id: 0xe5f14885, L:/127.0.0.1:50222 - R:localhost/127.0.0.1:5140]' for 'POST' to 'http://localhost:5140/session/8f6fcf8ff69b1e9fa25838365b439fea/execute/sync'
07:40:35.482 [Forwarding executeScript on session 8f6fcf8ff69b1e9fa25838365b439fea to remote] DEBUG org.asynchttpclient.netty.request.NettyRequestSender - Using open Channel [id: 0xe5f14885, L:/127.0.0.1:50222 - R:localhost/127.0.0.1:5140] for POST '/session/8f6fcf8ff69b1e9fa25838365b439fea/execute/sync'
07:40:35.486 [AsyncHttpClient-1-8] DEBUG org.asynchttpclient.netty.handler.HttpHandler - 

Request DefaultHttpRequest(decodeResult: success, version: HTTP/1.1)
POST /session/8f6fcf8ff69b1e9fa25838365b439fea/execute/sync HTTP/1.1
User-Agent: selenium/4.13.0 (java mac)
Content-Length: 180
Content-Type: application/json; charset=utf-8
host: localhost:5140
accept: */*

Response DefaultHttpResponse(decodeResult: success, version: HTTP/1.1)
HTTP/1.1 200 OK
Content-Length: 14
Content-Type: application/json; charset=utf-8
cache-control: no-cache

07:40:35.486 [AsyncHttpClient-1-8] DEBUG org.asynchttpclient.netty.channel.ChannelManager - Adding key: http://localhost:5140 for channel [id: 0xe5f14885, L:/127.0.0.1:50222 - R:localhost/127.0.0.1:5140]
07:40:35.487 [Forwarding getElementText on session 8f6fcf8ff69b1e9fa25838365b439fea to remote] DEBUG org.asynchttpclient.netty.request.NettyRequestSender - Using pooled Channel '[id: 0xe5f14885, L:/127.0.0.1:50222 - R:localhost/127.0.0.1:5140]' for 'GET' to 'http://localhost:5140/session/8f6fcf8ff69b1e9fa25838365b439fea/element/055695434E54FA8FA3FB8D0B674CBC34_element_702/text'
07:40:35.487 [Forwarding getElementText on session 8f6fcf8ff69b1e9fa25838365b439fea to remote] DEBUG org.asynchttpclient.netty.request.NettyRequestSender - Using open Channel [id: 0xe5f14885, L:/127.0.0.1:50222 - R:localhost/127.0.0.1:5140] for GET '/session/8f6fcf8ff69b1e9fa25838365b439fea/element/055695434E54FA8FA3FB8D0B674CBC34_element_702/text'
07:40:35.496 [AsyncHttpClient-1-8] DEBUG org.asynchttpclient.netty.handler.HttpHandler - 

Request DefaultFullHttpRequest(decodeResult: success, version: HTTP/1.1, content: EmptyByteBufBE)
GET /session/8f6fcf8ff69b1e9fa25838365b439fea/element/055695434E54FA8FA3FB8D0B674CBC34_element_702/text HTTP/1.1
Cache-Control: no-cache
User-Agent: selenium/4.13.0 (java mac)
Content-Type: application/json; charset=utf-8
host: localhost:5140
accept: */*

Response DefaultHttpResponse(decodeResult: success, version: HTTP/1.1)
HTTP/1.1 200 OK
Content-Length: 21
Content-Type: application/json; charset=utf-8
cache-control: no-cache

07:40:35.496 [AsyncHttpClient-1-8] DEBUG org.asynchttpclient.netty.channel.ChannelManager - Adding key: http://localhost:5140 for channel [id: 0xe5f14885, L:/127.0.0.1:50222 - R:localhost/127.0.0.1:5140]
07:40:35.498 [Forwarding findElement on session 8f6fcf8ff69b1e9fa25838365b439fea to remote] DEBUG org.asynchttpclient.netty.request.NettyRequestSender - Using pooled Channel '[id: 0xe5f14885, L:/127.0.0.1:50222 - R:localhost/127.0.0.1:5140]' for 'POST' to 'http://localhost:5140/session/8f6fcf8ff69b1e9fa25838365b439fea/element'
07:40:35.498 [Forwarding findElement on session 8f6fcf8ff69b1e9fa25838365b439fea to remote] DEBUG org.asynchttpclient.netty.request.NettyRequestSender - Using open Channel [id: 0xe5f14885, L:/127.0.0.1:50222 - R:localhost/127.0.0.1:5140] for POST '/session/8f6fcf8ff69b1e9fa25838365b439fea/element'
07:40:35.517 [AsyncHttpClient-1-8] DEBUG org.asynchttpclient.netty.handler.HttpHandler - 

Request DefaultHttpRequest(decodeResult: success, version: HTTP/1.1)
POST /session/8f6fcf8ff69b1e9fa25838365b439fea/element HTTP/1.1
User-Agent: selenium/4.13.0 (java mac)
Content-Length: 153
Content-Type: application/json; charset=utf-8
host: localhost:5140
accept: */*

Response DefaultHttpResponse(decodeResult: success, version: HTTP/1.1)
HTTP/1.1 200 OK
Content-Length: 96
Content-Type: application/json; charset=utf-8
cache-control: no-cache

07:40:35.518 [AsyncHttpClient-1-8] DEBUG org.asynchttpclient.netty.channel.ChannelManager - Adding key: http://localhost:5140 for channel [id: 0xe5f14885, L:/127.0.0.1:50222 - R:localhost/127.0.0.1:5140]
07:40:35.519 [Forwarding executeScript on session 8f6fcf8ff69b1e9fa25838365b439fea to remote] DEBUG org.asynchttpclient.netty.request.NettyRequestSender - Using pooled Channel '[id: 0xe5f14885, L:/127.0.0.1:50222 - R:localhost/127.0.0.1:5140]' for 'POST' to 'http://localhost:5140/session/8f6fcf8ff69b1e9fa25838365b439fea/execute/sync'
07:40:35.519 [Forwarding executeScript on session 8f6fcf8ff69b1e9fa25838365b439fea to remote] DEBUG org.asynchttpclient.netty.request.NettyRequestSender - Using open Channel [id: 0xe5f14885, L:/127.0.0.1:50222 - R:localhost/127.0.0.1:5140] for POST '/session/8f6fcf8ff69b1e9fa25838365b439fea/execute/sync'
07:40:35.523 [AsyncHttpClient-1-8] DEBUG org.asynchttpclient.netty.handler.HttpHandler - 

Request DefaultHttpRequest(decodeResult: success, version: HTTP/1.1)
POST /session/8f6fcf8ff69b1e9fa25838365b439fea/execute/sync HTTP/1.1
User-Agent: selenium/4.13.0 (java mac)
Content-Length: 180
Content-Type: application/json; charset=utf-8
host: localhost:5140
accept: */*

Response DefaultHttpResponse(decodeResult: success, version: HTTP/1.1)
HTTP/1.1 200 OK
Content-Length: 14
Content-Type: application/json; charset=utf-8
cache-control: no-cache

07:40:35.523 [AsyncHttpClient-1-8] DEBUG org.asynchttpclient.netty.channel.ChannelManager - Adding key: http://localhost:5140 for channel [id: 0xe5f14885, L:/127.0.0.1:50222 - R:localhost/127.0.0.1:5140]
07:40:35.523 [Forwarding getElementText on session 8f6fcf8ff69b1e9fa25838365b439fea to remote] DEBUG org.asynchttpclient.netty.request.NettyRequestSender - Using pooled Channel '[id: 0xe5f14885, L:/127.0.0.1:50222 - R:localhost/127.0.0.1:5140]' for 'GET' to 'http://localhost:5140/session/8f6fcf8ff69b1e9fa25838365b439fea/element/055695434E54FA8FA3FB8D0B674CBC34_element_574/text'
07:40:35.524 [Forwarding getElementText on session 8f6fcf8ff69b1e9fa25838365b439fea to remote] DEBUG org.asynchttpclient.netty.request.NettyRequestSender - Using open Channel [id: 0xe5f14885, L:/127.0.0.1:50222 - R:localhost/127.0.0.1:5140] for GET '/session/8f6fcf8ff69b1e9fa25838365b439fea/element/055695434E54FA8FA3FB8D0B674CBC34_element_574/text'
07:40:35.533 [AsyncHttpClient-1-8] DEBUG org.asynchttpclient.netty.handler.HttpHandler - 

Request DefaultFullHttpRequest(decodeResult: success, version: HTTP/1.1, content: EmptyByteBufBE)
GET /session/8f6fcf8ff69b1e9fa25838365b439fea/element/055695434E54FA8FA3FB8D0B674CBC34_element_574/text HTTP/1.1
Cache-Control: no-cache
User-Agent: selenium/4.13.0 (java mac)
Content-Type: application/json; charset=utf-8
host: localhost:5140
accept: */*

Response DefaultHttpResponse(decodeResult: success, version: HTTP/1.1)
HTTP/1.1 200 OK
Content-Length: 21
Content-Type: application/json; charset=utf-8
cache-control: no-cache

07:40:35.533 [AsyncHttpClient-1-8] DEBUG org.asynchttpclient.netty.channel.ChannelManager - Adding key: http://localhost:5140 for channel [id: 0xe5f14885, L:/127.0.0.1:50222 - R:localhost/127.0.0.1:5140]
07:40:35.534 [Forwarding findElement on session 8f6fcf8ff69b1e9fa25838365b439fea to remote] DEBUG org.asynchttpclient.netty.request.NettyRequestSender - Using pooled Channel '[id: 0xe5f14885, L:/127.0.0.1:50222 - R:localhost/127.0.0.1:5140]' for 'POST' to 'http://localhost:5140/session/8f6fcf8ff69b1e9fa25838365b439fea/element'
07:40:35.534 [Forwarding findElement on session 8f6fcf8ff69b1e9fa25838365b439fea to remote] DEBUG org.asynchttpclient.netty.request.NettyRequestSender - Using open Channel [id: 0xe5f14885, L:/127.0.0.1:50222 - R:localhost/127.0.0.1:5140] for POST '/session/8f6fcf8ff69b1e9fa25838365b439fea/element'
07:40:35.547 [AsyncHttpClient-1-8] DEBUG org.asynchttpclient.netty.handler.HttpHandler - 

Request DefaultHttpRequest(decodeResult: success, version: HTTP/1.1)
POST /session/8f6fcf8ff69b1e9fa25838365b439fea/element HTTP/1.1
User-Agent: selenium/4.13.0 (java mac)
Content-Length: 154
Content-Type: application/json; charset=utf-8
host: localhost:5140
accept: */*

Response DefaultHttpResponse(decodeResult: success, version: HTTP/1.1)
HTTP/1.1 200 OK
Content-Length: 96
Content-Type: application/json; charset=utf-8
cache-control: no-cache

07:40:35.548 [AsyncHttpClient-1-8] DEBUG org.asynchttpclient.netty.channel.ChannelManager - Adding key: http://localhost:5140 for channel [id: 0xe5f14885, L:/127.0.0.1:50222 - R:localhost/127.0.0.1:5140]
07:40:35.549 [Forwarding executeScript on session 8f6fcf8ff69b1e9fa25838365b439fea to remote] DEBUG org.asynchttpclient.netty.request.NettyRequestSender - Using pooled Channel '[id: 0xe5f14885, L:/127.0.0.1:50222 - R:localhost/127.0.0.1:5140]' for 'POST' to 'http://localhost:5140/session/8f6fcf8ff69b1e9fa25838365b439fea/execute/sync'
07:40:35.549 [Forwarding executeScript on session 8f6fcf8ff69b1e9fa25838365b439fea to remote] DEBUG org.asynchttpclient.netty.request.NettyRequestSender - Using open Channel [id: 0xe5f14885, L:/127.0.0.1:50222 - R:localhost/127.0.0.1:5140] for POST '/session/8f6fcf8ff69b1e9fa25838365b439fea/execute/sync'
07:40:35.553 [AsyncHttpClient-1-8] DEBUG org.asynchttpclient.netty.handler.HttpHandler - 

Request DefaultHttpRequest(decodeResult: success, version: HTTP/1.1)
POST /session/8f6fcf8ff69b1e9fa25838365b439fea/execute/sync HTTP/1.1
User-Agent: selenium/4.13.0 (java mac)
Content-Length: 180
Content-Type: application/json; charset=utf-8
host: localhost:5140
accept: */*

Response DefaultHttpResponse(decodeResult: success, version: HTTP/1.1)
HTTP/1.1 200 OK
Content-Length: 14
Content-Type: application/json; charset=utf-8
cache-control: no-cache

07:40:35.553 [AsyncHttpClient-1-8] DEBUG org.asynchttpclient.netty.channel.ChannelManager - Adding key: http://localhost:5140 for channel [id: 0xe5f14885, L:/127.0.0.1:50222 - R:localhost/127.0.0.1:5140]
07:40:35.554 [Forwarding getElementText on session 8f6fcf8ff69b1e9fa25838365b439fea to remote] DEBUG org.asynchttpclient.netty.request.NettyRequestSender - Using pooled Channel '[id: 0xe5f14885, L:/127.0.0.1:50222 - R:localhost/127.0.0.1:5140]' for 'GET' to 'http://localhost:5140/session/8f6fcf8ff69b1e9fa25838365b439fea/element/055695434E54FA8FA3FB8D0B674CBC34_element_703/text'
07:40:35.554 [Forwarding getElementText on session 8f6fcf8ff69b1e9fa25838365b439fea to remote] DEBUG org.asynchttpclient.netty.request.NettyRequestSender - Using open Channel [id: 0xe5f14885, L:/127.0.0.1:50222 - R:localhost/127.0.0.1:5140] for GET '/session/8f6fcf8ff69b1e9fa25838365b439fea/element/055695434E54FA8FA3FB8D0B674CBC34_element_703/text'
07:40:35.562 [AsyncHttpClient-1-8] DEBUG org.asynchttpclient.netty.handler.HttpHandler - 

Request DefaultFullHttpRequest(decodeResult: success, version: HTTP/1.1, content: EmptyByteBufBE)
GET /session/8f6fcf8ff69b1e9fa25838365b439fea/element/055695434E54FA8FA3FB8D0B674CBC34_element_703/text HTTP/1.1
Cache-Control: no-cache
User-Agent: selenium/4.13.0 (java mac)
Content-Type: application/json; charset=utf-8
host: localhost:5140
accept: */*

Response DefaultHttpResponse(decodeResult: success, version: HTTP/1.1)
HTTP/1.1 200 OK
Content-Length: 21
Content-Type: application/json; charset=utf-8
cache-control: no-cache

07:40:35.562 [AsyncHttpClient-1-8] DEBUG org.asynchttpclient.netty.channel.ChannelManager - Adding key: http://localhost:5140 for channel [id: 0xe5f14885, L:/127.0.0.1:50222 - R:localhost/127.0.0.1:5140]
07:40:35.563 [Forwarding findElement on session 8f6fcf8ff69b1e9fa25838365b439fea to remote] DEBUG org.asynchttpclient.netty.request.NettyRequestSender - Using pooled Channel '[id: 0xe5f14885, L:/127.0.0.1:50222 - R:localhost/127.0.0.1:5140]' for 'POST' to 'http://localhost:5140/session/8f6fcf8ff69b1e9fa25838365b439fea/element'
07:40:35.563 [Forwarding findElement on session 8f6fcf8ff69b1e9fa25838365b439fea to remote] DEBUG org.asynchttpclient.netty.request.NettyRequestSender - Using open Channel [id: 0xe5f14885, L:/127.0.0.1:50222 - R:localhost/127.0.0.1:5140] for POST '/session/8f6fcf8ff69b1e9fa25838365b439fea/element'
07:40:35.576 [AsyncHttpClient-1-8] DEBUG org.asynchttpclient.netty.handler.HttpHandler - 

Request DefaultHttpRequest(decodeResult: success, version: HTTP/1.1)
POST /session/8f6fcf8ff69b1e9fa25838365b439fea/element HTTP/1.1
User-Agent: selenium/4.13.0 (java mac)
Content-Length: 153
Content-Type: application/json; charset=utf-8
host: localhost:5140
accept: */*

Response DefaultHttpResponse(decodeResult: success, version: HTTP/1.1)
HTTP/1.1 200 OK
Content-Length: 96
Content-Type: application/json; charset=utf-8
cache-control: no-cache

07:40:35.576 [AsyncHttpClient-1-8] DEBUG org.asynchttpclient.netty.channel.ChannelManager - Adding key: http://localhost:5140 for channel [id: 0xe5f14885, L:/127.0.0.1:50222 - R:localhost/127.0.0.1:5140]
07:40:35.577 [Forwarding executeScript on session 8f6fcf8ff69b1e9fa25838365b439fea to remote] DEBUG org.asynchttpclient.netty.request.NettyRequestSender - Using pooled Channel '[id: 0xe5f14885, L:/127.0.0.1:50222 - R:localhost/127.0.0.1:5140]' for 'POST' to 'http://localhost:5140/session/8f6fcf8ff69b1e9fa25838365b439fea/execute/sync'
07:40:35.577 [Forwarding executeScript on session 8f6fcf8ff69b1e9fa25838365b439fea to remote] DEBUG org.asynchttpclient.netty.request.NettyRequestSender - Using open Channel [id: 0xe5f14885, L:/127.0.0.1:50222 - R:localhost/127.0.0.1:5140] for POST '/session/8f6fcf8ff69b1e9fa25838365b439fea/execute/sync'
07:40:35.582 [AsyncHttpClient-1-8] DEBUG org.asynchttpclient.netty.handler.HttpHandler - 

Request DefaultHttpRequest(decodeResult: success, version: HTTP/1.1)
POST /session/8f6fcf8ff69b1e9fa25838365b439fea/execute/sync HTTP/1.1
User-Agent: selenium/4.13.0 (java mac)
Content-Length: 180
Content-Type: application/json; charset=utf-8
host: localhost:5140
accept: */*

Response DefaultHttpResponse(decodeResult: success, version: HTTP/1.1)
HTTP/1.1 200 OK
Content-Length: 14
Content-Type: application/json; charset=utf-8
cache-control: no-cache

07:40:35.582 [AsyncHttpClient-1-8] DEBUG org.asynchttpclient.netty.channel.ChannelManager - Adding key: http://localhost:5140 for channel [id: 0xe5f14885, L:/127.0.0.1:50222 - R:localhost/127.0.0.1:5140]
07:40:35.582 [Forwarding getElementText on session 8f6fcf8ff69b1e9fa25838365b439fea to remote] DEBUG org.asynchttpclient.netty.request.NettyRequestSender - Using pooled Channel '[id: 0xe5f14885, L:/127.0.0.1:50222 - R:localhost/127.0.0.1:5140]' for 'GET' to 'http://localhost:5140/session/8f6fcf8ff69b1e9fa25838365b439fea/element/055695434E54FA8FA3FB8D0B674CBC34_element_575/text'
07:40:35.582 [Forwarding getElementText on session 8f6fcf8ff69b1e9fa25838365b439fea to remote] DEBUG org.asynchttpclient.netty.request.NettyRequestSender - Using open Channel [id: 0xe5f14885, L:/127.0.0.1:50222 - R:localhost/127.0.0.1:5140] for GET '/session/8f6fcf8ff69b1e9fa25838365b439fea/element/055695434E54FA8FA3FB8D0B674CBC34_element_575/text'
07:40:35.590 [AsyncHttpClient-1-8] DEBUG org.asynchttpclient.netty.handler.HttpHandler - 

Request DefaultFullHttpRequest(decodeResult: success, version: HTTP/1.1, content: EmptyByteBufBE)
GET /session/8f6fcf8ff69b1e9fa25838365b439fea/element/055695434E54FA8FA3FB8D0B674CBC34_element_575/text HTTP/1.1
Cache-Control: no-cache
User-Agent: selenium/4.13.0 (java mac)
Content-Type: application/json; charset=utf-8
host: localhost:5140
accept: */*

Response DefaultHttpResponse(decodeResult: success, version: HTTP/1.1)
HTTP/1.1 200 OK
Content-Length: 21
Content-Type: application/json; charset=utf-8
cache-control: no-cache

07:40:35.591 [AsyncHttpClient-1-8] DEBUG org.asynchttpclient.netty.channel.ChannelManager - Adding key: http://localhost:5140 for channel [id: 0xe5f14885, L:/127.0.0.1:50222 - R:localhost/127.0.0.1:5140]
07:40:35.591 [Forwarding findElement on session 8f6fcf8ff69b1e9fa25838365b439fea to remote] DEBUG org.asynchttpclient.netty.request.NettyRequestSender - Using pooled Channel '[id: 0xe5f14885, L:/127.0.0.1:50222 - R:localhost/127.0.0.1:5140]' for 'POST' to 'http://localhost:5140/session/8f6fcf8ff69b1e9fa25838365b439fea/element'
07:40:35.591 [Forwarding findElement on session 8f6fcf8ff69b1e9fa25838365b439fea to remote] DEBUG org.asynchttpclient.netty.request.NettyRequestSender - Using open Channel [id: 0xe5f14885, L:/127.0.0.1:50222 - R:localhost/127.0.0.1:5140] for POST '/session/8f6fcf8ff69b1e9fa25838365b439fea/element'
07:40:35.610 [AsyncHttpClient-1-8] DEBUG org.asynchttpclient.netty.handler.HttpHandler - 

Request DefaultHttpRequest(decodeResult: success, version: HTTP/1.1)
POST /session/8f6fcf8ff69b1e9fa25838365b439fea/element HTTP/1.1
User-Agent: selenium/4.13.0 (java mac)
Content-Length: 154
Content-Type: application/json; charset=utf-8
host: localhost:5140
accept: */*

Response DefaultHttpResponse(decodeResult: success, version: HTTP/1.1)
HTTP/1.1 200 OK
Content-Length: 96
Content-Type: application/json; charset=utf-8
cache-control: no-cache

07:40:35.610 [AsyncHttpClient-1-8] DEBUG org.asynchttpclient.netty.channel.ChannelManager - Adding key: http://localhost:5140 for channel [id: 0xe5f14885, L:/127.0.0.1:50222 - R:localhost/127.0.0.1:5140]
07:40:35.611 [Forwarding executeScript on session 8f6fcf8ff69b1e9fa25838365b439fea to remote] DEBUG org.asynchttpclient.netty.request.NettyRequestSender - Using pooled Channel '[id: 0xe5f14885, L:/127.0.0.1:50222 - R:localhost/127.0.0.1:5140]' for 'POST' to 'http://localhost:5140/session/8f6fcf8ff69b1e9fa25838365b439fea/execute/sync'
07:40:35.611 [Forwarding executeScript on session 8f6fcf8ff69b1e9fa25838365b439fea to remote] DEBUG org.asynchttpclient.netty.request.NettyRequestSender - Using open Channel [id: 0xe5f14885, L:/127.0.0.1:50222 - R:localhost/127.0.0.1:5140] for POST '/session/8f6fcf8ff69b1e9fa25838365b439fea/execute/sync'
07:40:35.615 [AsyncHttpClient-1-8] DEBUG org.asynchttpclient.netty.handler.HttpHandler - 

Request DefaultHttpRequest(decodeResult: success, version: HTTP/1.1)
POST /session/8f6fcf8ff69b1e9fa25838365b439fea/execute/sync HTTP/1.1
User-Agent: selenium/4.13.0 (java mac)
Content-Length: 180
Content-Type: application/json; charset=utf-8
host: localhost:5140
accept: */*

Response DefaultHttpResponse(decodeResult: success, version: HTTP/1.1)
HTTP/1.1 200 OK
Content-Length: 14
Content-Type: application/json; charset=utf-8
cache-control: no-cache

07:40:35.615 [AsyncHttpClient-1-8] DEBUG org.asynchttpclient.netty.channel.ChannelManager - Adding key: http://localhost:5140 for channel [id: 0xe5f14885, L:/127.0.0.1:50222 - R:localhost/127.0.0.1:5140]
07:40:35.616 [Forwarding getElementText on session 8f6fcf8ff69b1e9fa25838365b439fea to remote] DEBUG org.asynchttpclient.netty.request.NettyRequestSender - Using pooled Channel '[id: 0xe5f14885, L:/127.0.0.1:50222 - R:localhost/127.0.0.1:5140]' for 'GET' to 'http://localhost:5140/session/8f6fcf8ff69b1e9fa25838365b439fea/element/055695434E54FA8FA3FB8D0B674CBC34_element_704/text'
07:40:35.616 [Forwarding getElementText on session 8f6fcf8ff69b1e9fa25838365b439fea to remote] DEBUG org.asynchttpclient.netty.request.NettyRequestSender - Using open Channel [id: 0xe5f14885, L:/127.0.0.1:50222 - R:localhost/127.0.0.1:5140] for GET '/session/8f6fcf8ff69b1e9fa25838365b439fea/element/055695434E54FA8FA3FB8D0B674CBC34_element_704/text'
07:40:35.624 [AsyncHttpClient-1-8] DEBUG org.asynchttpclient.netty.handler.HttpHandler - 

Request DefaultFullHttpRequest(decodeResult: success, version: HTTP/1.1, content: EmptyByteBufBE)
GET /session/8f6fcf8ff69b1e9fa25838365b439fea/element/055695434E54FA8FA3FB8D0B674CBC34_element_704/text HTTP/1.1
Cache-Control: no-cache
User-Agent: selenium/4.13.0 (java mac)
Content-Type: application/json; charset=utf-8
host: localhost:5140
accept: */*

Response DefaultHttpResponse(decodeResult: success, version: HTTP/1.1)
HTTP/1.1 200 OK
Content-Length: 21
Content-Type: application/json; charset=utf-8
cache-control: no-cache

07:40:35.624 [AsyncHttpClient-1-8] DEBUG org.asynchttpclient.netty.channel.ChannelManager - Adding key: http://localhost:5140 for channel [id: 0xe5f14885, L:/127.0.0.1:50222 - R:localhost/127.0.0.1:5140]
07:40:35.625 [Forwarding findElement on session 8f6fcf8ff69b1e9fa25838365b439fea to remote] DEBUG org.asynchttpclient.netty.request.NettyRequestSender - Using pooled Channel '[id: 0xe5f14885, L:/127.0.0.1:50222 - R:localhost/127.0.0.1:5140]' for 'POST' to 'http://localhost:5140/session/8f6fcf8ff69b1e9fa25838365b439fea/element'
07:40:35.625 [Forwarding findElement on session 8f6fcf8ff69b1e9fa25838365b439fea to remote] DEBUG org.asynchttpclient.netty.request.NettyRequestSender - Using open Channel [id: 0xe5f14885, L:/127.0.0.1:50222 - R:localhost/127.0.0.1:5140] for POST '/session/8f6fcf8ff69b1e9fa25838365b439fea/element'
07:40:35.639 [AsyncHttpClient-1-8] DEBUG org.asynchttpclient.netty.handler.HttpHandler - 

Request DefaultHttpRequest(decodeResult: success, version: HTTP/1.1)
POST /session/8f6fcf8ff69b1e9fa25838365b439fea/element HTTP/1.1
User-Agent: selenium/4.13.0 (java mac)
Content-Length: 153
Content-Type: application/json; charset=utf-8
host: localhost:5140
accept: */*

Response DefaultHttpResponse(decodeResult: success, version: HTTP/1.1)
HTTP/1.1 200 OK
Content-Length: 96
Content-Type: application/json; charset=utf-8
cache-control: no-cache

07:40:35.639 [AsyncHttpClient-1-8] DEBUG org.asynchttpclient.netty.channel.ChannelManager - Adding key: http://localhost:5140 for channel [id: 0xe5f14885, L:/127.0.0.1:50222 - R:localhost/127.0.0.1:5140]
07:40:35.640 [Forwarding executeScript on session 8f6fcf8ff69b1e9fa25838365b439fea to remote] DEBUG org.asynchttpclient.netty.request.NettyRequestSender - Using pooled Channel '[id: 0xe5f14885, L:/127.0.0.1:50222 - R:localhost/127.0.0.1:5140]' for 'POST' to 'http://localhost:5140/session/8f6fcf8ff69b1e9fa25838365b439fea/execute/sync'
07:40:35.640 [Forwarding executeScript on session 8f6fcf8ff69b1e9fa25838365b439fea to remote] DEBUG org.asynchttpclient.netty.request.NettyRequestSender - Using open Channel [id: 0xe5f14885, L:/127.0.0.1:50222 - R:localhost/127.0.0.1:5140] for POST '/session/8f6fcf8ff69b1e9fa25838365b439fea/execute/sync'
07:40:35.645 [AsyncHttpClient-1-8] DEBUG org.asynchttpclient.netty.handler.HttpHandler - 

Request DefaultHttpRequest(decodeResult: success, version: HTTP/1.1)
POST /session/8f6fcf8ff69b1e9fa25838365b439fea/execute/sync HTTP/1.1
User-Agent: selenium/4.13.0 (java mac)
Content-Length: 180
Content-Type: application/json; charset=utf-8
host: localhost:5140
accept: */*

Response DefaultHttpResponse(decodeResult: success, version: HTTP/1.1)
HTTP/1.1 200 OK
Content-Length: 14
Content-Type: application/json; charset=utf-8
cache-control: no-cache

07:40:35.645 [AsyncHttpClient-1-8] DEBUG org.asynchttpclient.netty.channel.ChannelManager - Adding key: http://localhost:5140 for channel [id: 0xe5f14885, L:/127.0.0.1:50222 - R:localhost/127.0.0.1:5140]
07:40:35.645 [Forwarding getElementText on session 8f6fcf8ff69b1e9fa25838365b439fea to remote] DEBUG org.asynchttpclient.netty.request.NettyRequestSender - Using pooled Channel '[id: 0xe5f14885, L:/127.0.0.1:50222 - R:localhost/127.0.0.1:5140]' for 'GET' to 'http://localhost:5140/session/8f6fcf8ff69b1e9fa25838365b439fea/element/055695434E54FA8FA3FB8D0B674CBC34_element_576/text'
07:40:35.646 [Forwarding getElementText on session 8f6fcf8ff69b1e9fa25838365b439fea to remote] DEBUG org.asynchttpclient.netty.request.NettyRequestSender - Using open Channel [id: 0xe5f14885, L:/127.0.0.1:50222 - R:localhost/127.0.0.1:5140] for GET '/session/8f6fcf8ff69b1e9fa25838365b439fea/element/055695434E54FA8FA3FB8D0B674CBC34_element_576/text'
07:40:35.655 [AsyncHttpClient-1-8] DEBUG org.asynchttpclient.netty.handler.HttpHandler - 

Request DefaultFullHttpRequest(decodeResult: success, version: HTTP/1.1, content: EmptyByteBufBE)
GET /session/8f6fcf8ff69b1e9fa25838365b439fea/element/055695434E54FA8FA3FB8D0B674CBC34_element_576/text HTTP/1.1
Cache-Control: no-cache
User-Agent: selenium/4.13.0 (java mac)
Content-Type: application/json; charset=utf-8
host: localhost:5140
accept: */*

Response DefaultHttpResponse(decodeResult: success, version: HTTP/1.1)
HTTP/1.1 200 OK
Content-Length: 21
Content-Type: application/json; charset=utf-8
cache-control: no-cache

07:40:35.655 [AsyncHttpClient-1-8] DEBUG org.asynchttpclient.netty.channel.ChannelManager - Adding key: http://localhost:5140 for channel [id: 0xe5f14885, L:/127.0.0.1:50222 - R:localhost/127.0.0.1:5140]
07:40:35.656 [Forwarding findElement on session 8f6fcf8ff69b1e9fa25838365b439fea to remote] DEBUG org.asynchttpclient.netty.request.NettyRequestSender - Using pooled Channel '[id: 0xe5f14885, L:/127.0.0.1:50222 - R:localhost/127.0.0.1:5140]' for 'POST' to 'http://localhost:5140/session/8f6fcf8ff69b1e9fa25838365b439fea/element'
07:40:35.656 [Forwarding findElement on session 8f6fcf8ff69b1e9fa25838365b439fea to remote] DEBUG org.asynchttpclient.netty.request.NettyRequestSender - Using open Channel [id: 0xe5f14885, L:/127.0.0.1:50222 - R:localhost/127.0.0.1:5140] for POST '/session/8f6fcf8ff69b1e9fa25838365b439fea/element'
07:40:35.672 [AsyncHttpClient-1-8] DEBUG org.asynchttpclient.netty.handler.HttpHandler - 

Request DefaultHttpRequest(decodeResult: success, version: HTTP/1.1)
POST /session/8f6fcf8ff69b1e9fa25838365b439fea/element HTTP/1.1
User-Agent: selenium/4.13.0 (java mac)
Content-Length: 154
Content-Type: application/json; charset=utf-8
host: localhost:5140
accept: */*

Response DefaultHttpResponse(decodeResult: success, version: HTTP/1.1)
HTTP/1.1 200 OK
Content-Length: 96
Content-Type: application/json; charset=utf-8
cache-control: no-cache

07:40:35.672 [AsyncHttpClient-1-8] DEBUG org.asynchttpclient.netty.channel.ChannelManager - Adding key: http://localhost:5140 for channel [id: 0xe5f14885, L:/127.0.0.1:50222 - R:localhost/127.0.0.1:5140]
07:40:35.673 [Forwarding executeScript on session 8f6fcf8ff69b1e9fa25838365b439fea to remote] DEBUG org.asynchttpclient.netty.request.NettyRequestSender - Using pooled Channel '[id: 0xe5f14885, L:/127.0.0.1:50222 - R:localhost/127.0.0.1:5140]' for 'POST' to 'http://localhost:5140/session/8f6fcf8ff69b1e9fa25838365b439fea/execute/sync'
07:40:35.673 [Forwarding executeScript on session 8f6fcf8ff69b1e9fa25838365b439fea to remote] DEBUG org.asynchttpclient.netty.request.NettyRequestSender - Using open Channel [id: 0xe5f14885, L:/127.0.0.1:50222 - R:localhost/127.0.0.1:5140] for POST '/session/8f6fcf8ff69b1e9fa25838365b439fea/execute/sync'
07:40:35.677 [AsyncHttpClient-1-8] DEBUG org.asynchttpclient.netty.handler.HttpHandler - 

Request DefaultHttpRequest(decodeResult: success, version: HTTP/1.1)
POST /session/8f6fcf8ff69b1e9fa25838365b439fea/execute/sync HTTP/1.1
User-Agent: selenium/4.13.0 (java mac)
Content-Length: 180
Content-Type: application/json; charset=utf-8
host: localhost:5140
accept: */*

Response DefaultHttpResponse(decodeResult: success, version: HTTP/1.1)
HTTP/1.1 200 OK
Content-Length: 14
Content-Type: application/json; charset=utf-8
cache-control: no-cache

07:40:35.677 [AsyncHttpClient-1-8] DEBUG org.asynchttpclient.netty.channel.ChannelManager - Adding key: http://localhost:5140 for channel [id: 0xe5f14885, L:/127.0.0.1:50222 - R:localhost/127.0.0.1:5140]
07:40:35.677 [Forwarding getElementText on session 8f6fcf8ff69b1e9fa25838365b439fea to remote] DEBUG org.asynchttpclient.netty.request.NettyRequestSender - Using pooled Channel '[id: 0xe5f14885, L:/127.0.0.1:50222 - R:localhost/127.0.0.1:5140]' for 'GET' to 'http://localhost:5140/session/8f6fcf8ff69b1e9fa25838365b439fea/element/055695434E54FA8FA3FB8D0B674CBC34_element_705/text'
07:40:35.677 [Forwarding getElementText on session 8f6fcf8ff69b1e9fa25838365b439fea to remote] DEBUG org.asynchttpclient.netty.request.NettyRequestSender - Using open Channel [id: 0xe5f14885, L:/127.0.0.1:50222 - R:localhost/127.0.0.1:5140] for GET '/session/8f6fcf8ff69b1e9fa25838365b439fea/element/055695434E54FA8FA3FB8D0B674CBC34_element_705/text'
07:40:35.686 [AsyncHttpClient-1-8] DEBUG org.asynchttpclient.netty.handler.HttpHandler - 

Request DefaultFullHttpRequest(decodeResult: success, version: HTTP/1.1, content: EmptyByteBufBE)
GET /session/8f6fcf8ff69b1e9fa25838365b439fea/element/055695434E54FA8FA3FB8D0B674CBC34_element_705/text HTTP/1.1
Cache-Control: no-cache
User-Agent: selenium/4.13.0 (java mac)
Content-Type: application/json; charset=utf-8
host: localhost:5140
accept: */*

Response DefaultHttpResponse(decodeResult: success, version: HTTP/1.1)
HTTP/1.1 200 OK
Content-Length: 21
Content-Type: application/json; charset=utf-8
cache-control: no-cache

07:40:35.686 [AsyncHttpClient-1-8] DEBUG org.asynchttpclient.netty.channel.ChannelManager - Adding key: http://localhost:5140 for channel [id: 0xe5f14885, L:/127.0.0.1:50222 - R:localhost/127.0.0.1:5140]
07:40:35.687 [Forwarding findElement on session 8f6fcf8ff69b1e9fa25838365b439fea to remote] DEBUG org.asynchttpclient.netty.request.NettyRequestSender - Using pooled Channel '[id: 0xe5f14885, L:/127.0.0.1:50222 - R:localhost/127.0.0.1:5140]' for 'POST' to 'http://localhost:5140/session/8f6fcf8ff69b1e9fa25838365b439fea/element'
07:40:35.687 [Forwarding findElement on session 8f6fcf8ff69b1e9fa25838365b439fea to remote] DEBUG org.asynchttpclient.netty.request.NettyRequestSender - Using open Channel [id: 0xe5f14885, L:/127.0.0.1:50222 - R:localhost/127.0.0.1:5140] for POST '/session/8f6fcf8ff69b1e9fa25838365b439fea/element'
07:40:35.702 [AsyncHttpClient-1-8] DEBUG org.asynchttpclient.netty.handler.HttpHandler - 

Request DefaultHttpRequest(decodeResult: success, version: HTTP/1.1)
POST /session/8f6fcf8ff69b1e9fa25838365b439fea/element HTTP/1.1
User-Agent: selenium/4.13.0 (java mac)
Content-Length: 153
Content-Type: application/json; charset=utf-8
host: localhost:5140
accept: */*

Response DefaultHttpResponse(decodeResult: success, version: HTTP/1.1)
HTTP/1.1 200 OK
Content-Length: 96
Content-Type: application/json; charset=utf-8
cache-control: no-cache

07:40:35.702 [AsyncHttpClient-1-8] DEBUG org.asynchttpclient.netty.channel.ChannelManager - Adding key: http://localhost:5140 for channel [id: 0xe5f14885, L:/127.0.0.1:50222 - R:localhost/127.0.0.1:5140]
07:40:35.703 [Forwarding executeScript on session 8f6fcf8ff69b1e9fa25838365b439fea to remote] DEBUG org.asynchttpclient.netty.request.NettyRequestSender - Using pooled Channel '[id: 0xe5f14885, L:/127.0.0.1:50222 - R:localhost/127.0.0.1:5140]' for 'POST' to 'http://localhost:5140/session/8f6fcf8ff69b1e9fa25838365b439fea/execute/sync'
07:40:35.703 [Forwarding executeScript on session 8f6fcf8ff69b1e9fa25838365b439fea to remote] DEBUG org.asynchttpclient.netty.request.NettyRequestSender - Using open Channel [id: 0xe5f14885, L:/127.0.0.1:50222 - R:localhost/127.0.0.1:5140] for POST '/session/8f6fcf8ff69b1e9fa25838365b439fea/execute/sync'
07:40:35.707 [AsyncHttpClient-1-8] DEBUG org.asynchttpclient.netty.handler.HttpHandler - 

Request DefaultHttpRequest(decodeResult: success, version: HTTP/1.1)
POST /session/8f6fcf8ff69b1e9fa25838365b439fea/execute/sync HTTP/1.1
User-Agent: selenium/4.13.0 (java mac)
Content-Length: 180
Content-Type: application/json; charset=utf-8
host: localhost:5140
accept: */*

Response DefaultHttpResponse(decodeResult: success, version: HTTP/1.1)
HTTP/1.1 200 OK
Content-Length: 14
Content-Type: application/json; charset=utf-8
cache-control: no-cache

07:40:35.707 [AsyncHttpClient-1-8] DEBUG org.asynchttpclient.netty.channel.ChannelManager - Adding key: http://localhost:5140 for channel [id: 0xe5f14885, L:/127.0.0.1:50222 - R:localhost/127.0.0.1:5140]
07:40:35.708 [Forwarding getElementText on session 8f6fcf8ff69b1e9fa25838365b439fea to remote] DEBUG org.asynchttpclient.netty.request.NettyRequestSender - Using pooled Channel '[id: 0xe5f14885, L:/127.0.0.1:50222 - R:localhost/127.0.0.1:5140]' for 'GET' to 'http://localhost:5140/session/8f6fcf8ff69b1e9fa25838365b439fea/element/055695434E54FA8FA3FB8D0B674CBC34_element_577/text'
07:40:35.708 [Forwarding getElementText on session 8f6fcf8ff69b1e9fa25838365b439fea to remote] DEBUG org.asynchttpclient.netty.request.NettyRequestSender - Using open Channel [id: 0xe5f14885, L:/127.0.0.1:50222 - R:localhost/127.0.0.1:5140] for GET '/session/8f6fcf8ff69b1e9fa25838365b439fea/element/055695434E54FA8FA3FB8D0B674CBC34_element_577/text'
07:40:35.720 [AsyncHttpClient-1-8] DEBUG org.asynchttpclient.netty.handler.HttpHandler - 

Request DefaultFullHttpRequest(decodeResult: success, version: HTTP/1.1, content: EmptyByteBufBE)
GET /session/8f6fcf8ff69b1e9fa25838365b439fea/element/055695434E54FA8FA3FB8D0B674CBC34_element_577/text HTTP/1.1
Cache-Control: no-cache
User-Agent: selenium/4.13.0 (java mac)
Content-Type: application/json; charset=utf-8
host: localhost:5140
accept: */*

Response DefaultHttpResponse(decodeResult: success, version: HTTP/1.1)
HTTP/1.1 200 OK
Content-Length: 21
Content-Type: application/json; charset=utf-8
cache-control: no-cache

07:40:35.720 [AsyncHttpClient-1-8] DEBUG org.asynchttpclient.netty.channel.ChannelManager - Adding key: http://localhost:5140 for channel [id: 0xe5f14885, L:/127.0.0.1:50222 - R:localhost/127.0.0.1:5140]
07:40:35.721 [Forwarding findElement on session 8f6fcf8ff69b1e9fa25838365b439fea to remote] DEBUG org.asynchttpclient.netty.request.NettyRequestSender - Using pooled Channel '[id: 0xe5f14885, L:/127.0.0.1:50222 - R:localhost/127.0.0.1:5140]' for 'POST' to 'http://localhost:5140/session/8f6fcf8ff69b1e9fa25838365b439fea/element'
07:40:35.722 [Forwarding findElement on session 8f6fcf8ff69b1e9fa25838365b439fea to remote] DEBUG org.asynchttpclient.netty.request.NettyRequestSender - Using open Channel [id: 0xe5f14885, L:/127.0.0.1:50222 - R:localhost/127.0.0.1:5140] for POST '/session/8f6fcf8ff69b1e9fa25838365b439fea/element'
07:40:35.743 [AsyncHttpClient-1-8] DEBUG org.asynchttpclient.netty.handler.HttpHandler - 

Request DefaultHttpRequest(decodeResult: success, version: HTTP/1.1)
POST /session/8f6fcf8ff69b1e9fa25838365b439fea/element HTTP/1.1
User-Agent: selenium/4.13.0 (java mac)
Content-Length: 154
Content-Type: application/json; charset=utf-8
host: localhost:5140
accept: */*

Response DefaultHttpResponse(decodeResult: success, version: HTTP/1.1)
HTTP/1.1 200 OK
Content-Length: 96
Content-Type: application/json; charset=utf-8
cache-control: no-cache

07:40:35.743 [AsyncHttpClient-1-8] DEBUG org.asynchttpclient.netty.channel.ChannelManager - Adding key: http://localhost:5140 for channel [id: 0xe5f14885, L:/127.0.0.1:50222 - R:localhost/127.0.0.1:5140]
07:40:35.744 [Forwarding executeScript on session 8f6fcf8ff69b1e9fa25838365b439fea to remote] DEBUG org.asynchttpclient.netty.request.NettyRequestSender - Using pooled Channel '[id: 0xe5f14885, L:/127.0.0.1:50222 - R:localhost/127.0.0.1:5140]' for 'POST' to 'http://localhost:5140/session/8f6fcf8ff69b1e9fa25838365b439fea/execute/sync'
07:40:35.744 [Forwarding executeScript on session 8f6fcf8ff69b1e9fa25838365b439fea to remote] DEBUG org.asynchttpclient.netty.request.NettyRequestSender - Using open Channel [id: 0xe5f14885, L:/127.0.0.1:50222 - R:localhost/127.0.0.1:5140] for POST '/session/8f6fcf8ff69b1e9fa25838365b439fea/execute/sync'
07:40:35.749 [AsyncHttpClient-1-8] DEBUG org.asynchttpclient.netty.handler.HttpHandler - 

Request DefaultHttpRequest(decodeResult: success, version: HTTP/1.1)
POST /session/8f6fcf8ff69b1e9fa25838365b439fea/execute/sync HTTP/1.1
User-Agent: selenium/4.13.0 (java mac)
Content-Length: 180
Content-Type: application/json; charset=utf-8
host: localhost:5140
accept: */*

Response DefaultHttpResponse(decodeResult: success, version: HTTP/1.1)
HTTP/1.1 200 OK
Content-Length: 14
Content-Type: application/json; charset=utf-8
cache-control: no-cache

07:40:35.749 [AsyncHttpClient-1-8] DEBUG org.asynchttpclient.netty.channel.ChannelManager - Adding key: http://localhost:5140 for channel [id: 0xe5f14885, L:/127.0.0.1:50222 - R:localhost/127.0.0.1:5140]
07:40:35.750 [Forwarding getElementText on session 8f6fcf8ff69b1e9fa25838365b439fea to remote] DEBUG org.asynchttpclient.netty.request.NettyRequestSender - Using pooled Channel '[id: 0xe5f14885, L:/127.0.0.1:50222 - R:localhost/127.0.0.1:5140]' for 'GET' to 'http://localhost:5140/session/8f6fcf8ff69b1e9fa25838365b439fea/element/055695434E54FA8FA3FB8D0B674CBC34_element_706/text'
07:40:35.750 [Forwarding getElementText on session 8f6fcf8ff69b1e9fa25838365b439fea to remote] DEBUG org.asynchttpclient.netty.request.NettyRequestSender - Using open Channel [id: 0xe5f14885, L:/127.0.0.1:50222 - R:localhost/127.0.0.1:5140] for GET '/session/8f6fcf8ff69b1e9fa25838365b439fea/element/055695434E54FA8FA3FB8D0B674CBC34_element_706/text'
07:40:35.758 [AsyncHttpClient-1-8] DEBUG org.asynchttpclient.netty.handler.HttpHandler - 

Request DefaultFullHttpRequest(decodeResult: success, version: HTTP/1.1, content: EmptyByteBufBE)
GET /session/8f6fcf8ff69b1e9fa25838365b439fea/element/055695434E54FA8FA3FB8D0B674CBC34_element_706/text HTTP/1.1
Cache-Control: no-cache
User-Agent: selenium/4.13.0 (java mac)
Content-Type: application/json; charset=utf-8
host: localhost:5140
accept: */*

Response DefaultHttpResponse(decodeResult: success, version: HTTP/1.1)
HTTP/1.1 200 OK
Content-Length: 21
Content-Type: application/json; charset=utf-8
cache-control: no-cache

07:40:35.758 [AsyncHttpClient-1-8] DEBUG org.asynchttpclient.netty.channel.ChannelManager - Adding key: http://localhost:5140 for channel [id: 0xe5f14885, L:/127.0.0.1:50222 - R:localhost/127.0.0.1:5140]
07:40:35.759 [Forwarding findElement on session 8f6fcf8ff69b1e9fa25838365b439fea to remote] DEBUG org.asynchttpclient.netty.request.NettyRequestSender - Using pooled Channel '[id: 0xe5f14885, L:/127.0.0.1:50222 - R:localhost/127.0.0.1:5140]' for 'POST' to 'http://localhost:5140/session/8f6fcf8ff69b1e9fa25838365b439fea/element'
07:40:35.759 [Forwarding findElement on session 8f6fcf8ff69b1e9fa25838365b439fea to remote] DEBUG org.asynchttpclient.netty.request.NettyRequestSender - Using open Channel [id: 0xe5f14885, L:/127.0.0.1:50222 - R:localhost/127.0.0.1:5140] for POST '/session/8f6fcf8ff69b1e9fa25838365b439fea/element'
07:40:35.787 [AsyncHttpClient-1-1] DEBUG org.asynchttpclient.netty.channel.DefaultChannelPool - Entry count for : http://localhost:50223 : 1
07:40:35.789 [AsyncHttpClient-1-8] DEBUG org.asynchttpclient.netty.handler.HttpHandler - 

Request DefaultHttpRequest(decodeResult: success, version: HTTP/1.1)
POST /session/8f6fcf8ff69b1e9fa25838365b439fea/element HTTP/1.1
User-Agent: selenium/4.13.0 (java mac)
Content-Length: 153
Content-Type: application/json; charset=utf-8
host: localhost:5140
accept: */*

Response DefaultHttpResponse(decodeResult: success, version: HTTP/1.1)
HTTP/1.1 200 OK
Content-Length: 96
Content-Type: application/json; charset=utf-8
cache-control: no-cache

07:40:35.790 [AsyncHttpClient-1-8] DEBUG org.asynchttpclient.netty.channel.ChannelManager - Adding key: http://localhost:5140 for channel [id: 0xe5f14885, L:/127.0.0.1:50222 - R:localhost/127.0.0.1:5140]
07:40:35.791 [Forwarding executeScript on session 8f6fcf8ff69b1e9fa25838365b439fea to remote] DEBUG org.asynchttpclient.netty.request.NettyRequestSender - Using pooled Channel '[id: 0xe5f14885, L:/127.0.0.1:50222 - R:localhost/127.0.0.1:5140]' for 'POST' to 'http://localhost:5140/session/8f6fcf8ff69b1e9fa25838365b439fea/execute/sync'
07:40:35.791 [Forwarding executeScript on session 8f6fcf8ff69b1e9fa25838365b439fea to remote] DEBUG org.asynchttpclient.netty.request.NettyRequestSender - Using open Channel [id: 0xe5f14885, L:/127.0.0.1:50222 - R:localhost/127.0.0.1:5140] for POST '/session/8f6fcf8ff69b1e9fa25838365b439fea/execute/sync'
07:40:35.805 [AsyncHttpClient-1-8] DEBUG org.asynchttpclient.netty.handler.HttpHandler - 

Request DefaultHttpRequest(decodeResult: success, version: HTTP/1.1)
POST /session/8f6fcf8ff69b1e9fa25838365b439fea/execute/sync HTTP/1.1
User-Agent: selenium/4.13.0 (java mac)
Content-Length: 180
Content-Type: application/json; charset=utf-8
host: localhost:5140
accept: */*

Response DefaultHttpResponse(decodeResult: success, version: HTTP/1.1)
HTTP/1.1 200 OK
Content-Length: 14
Content-Type: application/json; charset=utf-8
cache-control: no-cache

07:40:35.805 [AsyncHttpClient-1-8] DEBUG org.asynchttpclient.netty.channel.ChannelManager - Adding key: http://localhost:5140 for channel [id: 0xe5f14885, L:/127.0.0.1:50222 - R:localhost/127.0.0.1:5140]
07:40:35.806 [Forwarding getElementText on session 8f6fcf8ff69b1e9fa25838365b439fea to remote] DEBUG org.asynchttpclient.netty.request.NettyRequestSender - Using pooled Channel '[id: 0xe5f14885, L:/127.0.0.1:50222 - R:localhost/127.0.0.1:5140]' for 'GET' to 'http://localhost:5140/session/8f6fcf8ff69b1e9fa25838365b439fea/element/055695434E54FA8FA3FB8D0B674CBC34_element_578/text'
07:40:35.806 [Forwarding getElementText on session 8f6fcf8ff69b1e9fa25838365b439fea to remote] DEBUG org.asynchttpclient.netty.request.NettyRequestSender - Using open Channel [id: 0xe5f14885, L:/127.0.0.1:50222 - R:localhost/127.0.0.1:5140] for GET '/session/8f6fcf8ff69b1e9fa25838365b439fea/element/055695434E54FA8FA3FB8D0B674CBC34_element_578/text'
07:40:35.816 [AsyncHttpClient-1-8] DEBUG org.asynchttpclient.netty.handler.HttpHandler - 

Request DefaultFullHttpRequest(decodeResult: success, version: HTTP/1.1, content: EmptyByteBufBE)
GET /session/8f6fcf8ff69b1e9fa25838365b439fea/element/055695434E54FA8FA3FB8D0B674CBC34_element_578/text HTTP/1.1
Cache-Control: no-cache
User-Agent: selenium/4.13.0 (java mac)
Content-Type: application/json; charset=utf-8
host: localhost:5140
accept: */*

Response DefaultHttpResponse(decodeResult: success, version: HTTP/1.1)
HTTP/1.1 200 OK
Content-Length: 21
Content-Type: application/json; charset=utf-8
cache-control: no-cache

07:40:35.817 [AsyncHttpClient-1-8] DEBUG org.asynchttpclient.netty.channel.ChannelManager - Adding key: http://localhost:5140 for channel [id: 0xe5f14885, L:/127.0.0.1:50222 - R:localhost/127.0.0.1:5140]
07:40:35.817 [Forwarding findElement on session 8f6fcf8ff69b1e9fa25838365b439fea to remote] DEBUG org.asynchttpclient.netty.request.NettyRequestSender - Using pooled Channel '[id: 0xe5f14885, L:/127.0.0.1:50222 - R:localhost/127.0.0.1:5140]' for 'POST' to 'http://localhost:5140/session/8f6fcf8ff69b1e9fa25838365b439fea/element'
07:40:35.817 [Forwarding findElement on session 8f6fcf8ff69b1e9fa25838365b439fea to remote] DEBUG org.asynchttpclient.netty.request.NettyRequestSender - Using open Channel [id: 0xe5f14885, L:/127.0.0.1:50222 - R:localhost/127.0.0.1:5140] for POST '/session/8f6fcf8ff69b1e9fa25838365b439fea/element'
07:40:35.832 [AsyncHttpClient-1-8] DEBUG org.asynchttpclient.netty.handler.HttpHandler - 

Request DefaultHttpRequest(decodeResult: success, version: HTTP/1.1)
POST /session/8f6fcf8ff69b1e9fa25838365b439fea/element HTTP/1.1
User-Agent: selenium/4.13.0 (java mac)
Content-Length: 154
Content-Type: application/json; charset=utf-8
host: localhost:5140
accept: */*

Response DefaultHttpResponse(decodeResult: success, version: HTTP/1.1)
HTTP/1.1 200 OK
Content-Length: 96
Content-Type: application/json; charset=utf-8
cache-control: no-cache

07:40:35.832 [AsyncHttpClient-1-8] DEBUG org.asynchttpclient.netty.channel.ChannelManager - Adding key: http://localhost:5140 for channel [id: 0xe5f14885, L:/127.0.0.1:50222 - R:localhost/127.0.0.1:5140]
07:40:35.833 [Forwarding executeScript on session 8f6fcf8ff69b1e9fa25838365b439fea to remote] DEBUG org.asynchttpclient.netty.request.NettyRequestSender - Using pooled Channel '[id: 0xe5f14885, L:/127.0.0.1:50222 - R:localhost/127.0.0.1:5140]' for 'POST' to 'http://localhost:5140/session/8f6fcf8ff69b1e9fa25838365b439fea/execute/sync'
07:40:35.833 [Forwarding executeScript on session 8f6fcf8ff69b1e9fa25838365b439fea to remote] DEBUG org.asynchttpclient.netty.request.NettyRequestSender - Using open Channel [id: 0xe5f14885, L:/127.0.0.1:50222 - R:localhost/127.0.0.1:5140] for POST '/session/8f6fcf8ff69b1e9fa25838365b439fea/execute/sync'
07:40:35.838 [AsyncHttpClient-1-8] DEBUG org.asynchttpclient.netty.handler.HttpHandler - 

Request DefaultHttpRequest(decodeResult: success, version: HTTP/1.1)
POST /session/8f6fcf8ff69b1e9fa25838365b439fea/execute/sync HTTP/1.1
User-Agent: selenium/4.13.0 (java mac)
Content-Length: 180
Content-Type: application/json; charset=utf-8
host: localhost:5140
accept: */*

Response DefaultHttpResponse(decodeResult: success, version: HTTP/1.1)
HTTP/1.1 200 OK
Content-Length: 14
Content-Type: application/json; charset=utf-8
cache-control: no-cache

07:40:35.838 [AsyncHttpClient-1-8] DEBUG org.asynchttpclient.netty.channel.ChannelManager - Adding key: http://localhost:5140 for channel [id: 0xe5f14885, L:/127.0.0.1:50222 - R:localhost/127.0.0.1:5140]
07:40:35.838 [Forwarding getElementText on session 8f6fcf8ff69b1e9fa25838365b439fea to remote] DEBUG org.asynchttpclient.netty.request.NettyRequestSender - Using pooled Channel '[id: 0xe5f14885, L:/127.0.0.1:50222 - R:localhost/127.0.0.1:5140]' for 'GET' to 'http://localhost:5140/session/8f6fcf8ff69b1e9fa25838365b439fea/element/055695434E54FA8FA3FB8D0B674CBC34_element_707/text'
07:40:35.838 [Forwarding getElementText on session 8f6fcf8ff69b1e9fa25838365b439fea to remote] DEBUG org.asynchttpclient.netty.request.NettyRequestSender - Using open Channel [id: 0xe5f14885, L:/127.0.0.1:50222 - R:localhost/127.0.0.1:5140] for GET '/session/8f6fcf8ff69b1e9fa25838365b439fea/element/055695434E54FA8FA3FB8D0B674CBC34_element_707/text'
07:40:35.846 [AsyncHttpClient-1-8] DEBUG org.asynchttpclient.netty.handler.HttpHandler - 

Request DefaultFullHttpRequest(decodeResult: success, version: HTTP/1.1, content: EmptyByteBufBE)
GET /session/8f6fcf8ff69b1e9fa25838365b439fea/element/055695434E54FA8FA3FB8D0B674CBC34_element_707/text HTTP/1.1
Cache-Control: no-cache
User-Agent: selenium/4.13.0 (java mac)
Content-Type: application/json; charset=utf-8
host: localhost:5140
accept: */*

Response DefaultHttpResponse(decodeResult: success, version: HTTP/1.1)
HTTP/1.1 200 OK
Content-Length: 21
Content-Type: application/json; charset=utf-8
cache-control: no-cache

07:40:35.846 [AsyncHttpClient-1-8] DEBUG org.asynchttpclient.netty.channel.ChannelManager - Adding key: http://localhost:5140 for channel [id: 0xe5f14885, L:/127.0.0.1:50222 - R:localhost/127.0.0.1:5140]
07:40:35.847 [Forwarding findElement on session 8f6fcf8ff69b1e9fa25838365b439fea to remote] DEBUG org.asynchttpclient.netty.request.NettyRequestSender - Using pooled Channel '[id: 0xe5f14885, L:/127.0.0.1:50222 - R:localhost/127.0.0.1:5140]' for 'POST' to 'http://localhost:5140/session/8f6fcf8ff69b1e9fa25838365b439fea/element'
07:40:35.847 [Forwarding findElement on session 8f6fcf8ff69b1e9fa25838365b439fea to remote] DEBUG org.asynchttpclient.netty.request.NettyRequestSender - Using open Channel [id: 0xe5f14885, L:/127.0.0.1:50222 - R:localhost/127.0.0.1:5140] for POST '/session/8f6fcf8ff69b1e9fa25838365b439fea/element'
07:40:35.861 [AsyncHttpClient-1-8] DEBUG org.asynchttpclient.netty.handler.HttpHandler - 

Request DefaultHttpRequest(decodeResult: success, version: HTTP/1.1)
POST /session/8f6fcf8ff69b1e9fa25838365b439fea/element HTTP/1.1
User-Agent: selenium/4.13.0 (java mac)
Content-Length: 153
Content-Type: application/json; charset=utf-8
host: localhost:5140
accept: */*

Response DefaultHttpResponse(decodeResult: success, version: HTTP/1.1)
HTTP/1.1 200 OK
Content-Length: 96
Content-Type: application/json; charset=utf-8
cache-control: no-cache

07:40:35.861 [AsyncHttpClient-1-8] DEBUG org.asynchttpclient.netty.channel.ChannelManager - Adding key: http://localhost:5140 for channel [id: 0xe5f14885, L:/127.0.0.1:50222 - R:localhost/127.0.0.1:5140]
07:40:35.862 [Forwarding executeScript on session 8f6fcf8ff69b1e9fa25838365b439fea to remote] DEBUG org.asynchttpclient.netty.request.NettyRequestSender - Using pooled Channel '[id: 0xe5f14885, L:/127.0.0.1:50222 - R:localhost/127.0.0.1:5140]' for 'POST' to 'http://localhost:5140/session/8f6fcf8ff69b1e9fa25838365b439fea/execute/sync'
07:40:35.862 [Forwarding executeScript on session 8f6fcf8ff69b1e9fa25838365b439fea to remote] DEBUG org.asynchttpclient.netty.request.NettyRequestSender - Using open Channel [id: 0xe5f14885, L:/127.0.0.1:50222 - R:localhost/127.0.0.1:5140] for POST '/session/8f6fcf8ff69b1e9fa25838365b439fea/execute/sync'
07:40:35.867 [AsyncHttpClient-1-8] DEBUG org.asynchttpclient.netty.handler.HttpHandler - 

Request DefaultHttpRequest(decodeResult: success, version: HTTP/1.1)
POST /session/8f6fcf8ff69b1e9fa25838365b439fea/execute/sync HTTP/1.1
User-Agent: selenium/4.13.0 (java mac)
Content-Length: 180
Content-Type: application/json; charset=utf-8
host: localhost:5140
accept: */*

Response DefaultHttpResponse(decodeResult: success, version: HTTP/1.1)
HTTP/1.1 200 OK
Content-Length: 14
Content-Type: application/json; charset=utf-8
cache-control: no-cache

07:40:35.868 [AsyncHttpClient-1-8] DEBUG org.asynchttpclient.netty.channel.ChannelManager - Adding key: http://localhost:5140 for channel [id: 0xe5f14885, L:/127.0.0.1:50222 - R:localhost/127.0.0.1:5140]
07:40:35.868 [Forwarding getElementText on session 8f6fcf8ff69b1e9fa25838365b439fea to remote] DEBUG org.asynchttpclient.netty.request.NettyRequestSender - Using pooled Channel '[id: 0xe5f14885, L:/127.0.0.1:50222 - R:localhost/127.0.0.1:5140]' for 'GET' to 'http://localhost:5140/session/8f6fcf8ff69b1e9fa25838365b439fea/element/055695434E54FA8FA3FB8D0B674CBC34_element_579/text'
07:40:35.868 [Forwarding getElementText on session 8f6fcf8ff69b1e9fa25838365b439fea to remote] DEBUG org.asynchttpclient.netty.request.NettyRequestSender - Using open Channel [id: 0xe5f14885, L:/127.0.0.1:50222 - R:localhost/127.0.0.1:5140] for GET '/session/8f6fcf8ff69b1e9fa25838365b439fea/element/055695434E54FA8FA3FB8D0B674CBC34_element_579/text'
07:40:35.877 [AsyncHttpClient-1-8] DEBUG org.asynchttpclient.netty.handler.HttpHandler - 

Request DefaultFullHttpRequest(decodeResult: success, version: HTTP/1.1, content: EmptyByteBufBE)
GET /session/8f6fcf8ff69b1e9fa25838365b439fea/element/055695434E54FA8FA3FB8D0B674CBC34_element_579/text HTTP/1.1
Cache-Control: no-cache
User-Agent: selenium/4.13.0 (java mac)
Content-Type: application/json; charset=utf-8
host: localhost:5140
accept: */*

Response DefaultHttpResponse(decodeResult: success, version: HTTP/1.1)
HTTP/1.1 200 OK
Content-Length: 21
Content-Type: application/json; charset=utf-8
cache-control: no-cache

07:40:35.877 [AsyncHttpClient-1-8] DEBUG org.asynchttpclient.netty.channel.ChannelManager - Adding key: http://localhost:5140 for channel [id: 0xe5f14885, L:/127.0.0.1:50222 - R:localhost/127.0.0.1:5140]
07:40:35.878 [Forwarding findElement on session 8f6fcf8ff69b1e9fa25838365b439fea to remote] DEBUG org.asynchttpclient.netty.request.NettyRequestSender - Using pooled Channel '[id: 0xe5f14885, L:/127.0.0.1:50222 - R:localhost/127.0.0.1:5140]' for 'POST' to 'http://localhost:5140/session/8f6fcf8ff69b1e9fa25838365b439fea/element'
07:40:35.878 [Forwarding findElement on session 8f6fcf8ff69b1e9fa25838365b439fea to remote] DEBUG org.asynchttpclient.netty.request.NettyRequestSender - Using open Channel [id: 0xe5f14885, L:/127.0.0.1:50222 - R:localhost/127.0.0.1:5140] for POST '/session/8f6fcf8ff69b1e9fa25838365b439fea/element'
07:40:35.893 [AsyncHttpClient-1-8] DEBUG org.asynchttpclient.netty.handler.HttpHandler - 

Request DefaultHttpRequest(decodeResult: success, version: HTTP/1.1)
POST /session/8f6fcf8ff69b1e9fa25838365b439fea/element HTTP/1.1
User-Agent: selenium/4.13.0 (java mac)
Content-Length: 154
Content-Type: application/json; charset=utf-8
host: localhost:5140
accept: */*

Response DefaultHttpResponse(decodeResult: success, version: HTTP/1.1)
HTTP/1.1 200 OK
Content-Length: 96
Content-Type: application/json; charset=utf-8
cache-control: no-cache

07:40:35.893 [AsyncHttpClient-1-8] DEBUG org.asynchttpclient.netty.channel.ChannelManager - Adding key: http://localhost:5140 for channel [id: 0xe5f14885, L:/127.0.0.1:50222 - R:localhost/127.0.0.1:5140]
07:40:35.894 [Forwarding executeScript on session 8f6fcf8ff69b1e9fa25838365b439fea to remote] DEBUG org.asynchttpclient.netty.request.NettyRequestSender - Using pooled Channel '[id: 0xe5f14885, L:/127.0.0.1:50222 - R:localhost/127.0.0.1:5140]' for 'POST' to 'http://localhost:5140/session/8f6fcf8ff69b1e9fa25838365b439fea/execute/sync'
07:40:35.894 [Forwarding executeScript on session 8f6fcf8ff69b1e9fa25838365b439fea to remote] DEBUG org.asynchttpclient.netty.request.NettyRequestSender - Using open Channel [id: 0xe5f14885, L:/127.0.0.1:50222 - R:localhost/127.0.0.1:5140] for POST '/session/8f6fcf8ff69b1e9fa25838365b439fea/execute/sync'
07:40:35.905 [AsyncHttpClient-1-8] DEBUG org.asynchttpclient.netty.handler.HttpHandler - 

Request DefaultHttpRequest(decodeResult: success, version: HTTP/1.1)
POST /session/8f6fcf8ff69b1e9fa25838365b439fea/execute/sync HTTP/1.1
User-Agent: selenium/4.13.0 (java mac)
Content-Length: 180
Content-Type: application/json; charset=utf-8
host: localhost:5140
accept: */*

Response DefaultHttpResponse(decodeResult: success, version: HTTP/1.1)
HTTP/1.1 200 OK
Content-Length: 14
Content-Type: application/json; charset=utf-8
cache-control: no-cache

07:40:35.906 [AsyncHttpClient-1-8] DEBUG org.asynchttpclient.netty.channel.ChannelManager - Adding key: http://localhost:5140 for channel [id: 0xe5f14885, L:/127.0.0.1:50222 - R:localhost/127.0.0.1:5140]
07:40:35.906 [Forwarding getElementText on session 8f6fcf8ff69b1e9fa25838365b439fea to remote] DEBUG org.asynchttpclient.netty.request.NettyRequestSender - Using pooled Channel '[id: 0xe5f14885, L:/127.0.0.1:50222 - R:localhost/127.0.0.1:5140]' for 'GET' to 'http://localhost:5140/session/8f6fcf8ff69b1e9fa25838365b439fea/element/055695434E54FA8FA3FB8D0B674CBC34_element_708/text'
07:40:35.906 [Forwarding getElementText on session 8f6fcf8ff69b1e9fa25838365b439fea to remote] DEBUG org.asynchttpclient.netty.request.NettyRequestSender - Using open Channel [id: 0xe5f14885, L:/127.0.0.1:50222 - R:localhost/127.0.0.1:5140] for GET '/session/8f6fcf8ff69b1e9fa25838365b439fea/element/055695434E54FA8FA3FB8D0B674CBC34_element_708/text'
07:40:35.916 [AsyncHttpClient-1-8] DEBUG org.asynchttpclient.netty.handler.HttpHandler - 

Request DefaultFullHttpRequest(decodeResult: success, version: HTTP/1.1, content: EmptyByteBufBE)
GET /session/8f6fcf8ff69b1e9fa25838365b439fea/element/055695434E54FA8FA3FB8D0B674CBC34_element_708/text HTTP/1.1
Cache-Control: no-cache
User-Agent: selenium/4.13.0 (java mac)
Content-Type: application/json; charset=utf-8
host: localhost:5140
accept: */*

Response DefaultHttpResponse(decodeResult: success, version: HTTP/1.1)
HTTP/1.1 200 OK
Content-Length: 21
Content-Type: application/json; charset=utf-8
cache-control: no-cache

07:40:35.916 [AsyncHttpClient-1-8] DEBUG org.asynchttpclient.netty.channel.ChannelManager - Adding key: http://localhost:5140 for channel [id: 0xe5f14885, L:/127.0.0.1:50222 - R:localhost/127.0.0.1:5140]
07:40:35.917 [Forwarding findElement on session 8f6fcf8ff69b1e9fa25838365b439fea to remote] DEBUG org.asynchttpclient.netty.request.NettyRequestSender - Using pooled Channel '[id: 0xe5f14885, L:/127.0.0.1:50222 - R:localhost/127.0.0.1:5140]' for 'POST' to 'http://localhost:5140/session/8f6fcf8ff69b1e9fa25838365b439fea/element'
07:40:35.917 [Forwarding findElement on session 8f6fcf8ff69b1e9fa25838365b439fea to remote] DEBUG org.asynchttpclient.netty.request.NettyRequestSender - Using open Channel [id: 0xe5f14885, L:/127.0.0.1:50222 - R:localhost/127.0.0.1:5140] for POST '/session/8f6fcf8ff69b1e9fa25838365b439fea/element'
07:40:35.936 [AsyncHttpClient-1-8] DEBUG org.asynchttpclient.netty.handler.HttpHandler - 

Request DefaultHttpRequest(decodeResult: success, version: HTTP/1.1)
POST /session/8f6fcf8ff69b1e9fa25838365b439fea/element HTTP/1.1
User-Agent: selenium/4.13.0 (java mac)
Content-Length: 153
Content-Type: application/json; charset=utf-8
host: localhost:5140
accept: */*

Response DefaultHttpResponse(decodeResult: success, version: HTTP/1.1)
HTTP/1.1 200 OK
Content-Length: 96
Content-Type: application/json; charset=utf-8
cache-control: no-cache

07:40:35.936 [AsyncHttpClient-1-8] DEBUG org.asynchttpclient.netty.channel.ChannelManager - Adding key: http://localhost:5140 for channel [id: 0xe5f14885, L:/127.0.0.1:50222 - R:localhost/127.0.0.1:5140]
07:40:35.938 [Forwarding executeScript on session 8f6fcf8ff69b1e9fa25838365b439fea to remote] DEBUG org.asynchttpclient.netty.request.NettyRequestSender - Using pooled Channel '[id: 0xe5f14885, L:/127.0.0.1:50222 - R:localhost/127.0.0.1:5140]' for 'POST' to 'http://localhost:5140/session/8f6fcf8ff69b1e9fa25838365b439fea/execute/sync'
07:40:35.938 [Forwarding executeScript on session 8f6fcf8ff69b1e9fa25838365b439fea to remote] DEBUG org.asynchttpclient.netty.request.NettyRequestSender - Using open Channel [id: 0xe5f14885, L:/127.0.0.1:50222 - R:localhost/127.0.0.1:5140] for POST '/session/8f6fcf8ff69b1e9fa25838365b439fea/execute/sync'
07:40:35.944 [AsyncHttpClient-1-8] DEBUG org.asynchttpclient.netty.handler.HttpHandler - 

Request DefaultHttpRequest(decodeResult: success, version: HTTP/1.1)
POST /session/8f6fcf8ff69b1e9fa25838365b439fea/execute/sync HTTP/1.1
User-Agent: selenium/4.13.0 (java mac)
Content-Length: 180
Content-Type: application/json; charset=utf-8
host: localhost:5140
accept: */*

Response DefaultHttpResponse(decodeResult: success, version: HTTP/1.1)
HTTP/1.1 200 OK
Content-Length: 14
Content-Type: application/json; charset=utf-8
cache-control: no-cache

07:40:35.944 [AsyncHttpClient-1-8] DEBUG org.asynchttpclient.netty.channel.ChannelManager - Adding key: http://localhost:5140 for channel [id: 0xe5f14885, L:/127.0.0.1:50222 - R:localhost/127.0.0.1:5140]
07:40:35.945 [Forwarding getElementText on session 8f6fcf8ff69b1e9fa25838365b439fea to remote] DEBUG org.asynchttpclient.netty.request.NettyRequestSender - Using pooled Channel '[id: 0xe5f14885, L:/127.0.0.1:50222 - R:localhost/127.0.0.1:5140]' for 'GET' to 'http://localhost:5140/session/8f6fcf8ff69b1e9fa25838365b439fea/element/055695434E54FA8FA3FB8D0B674CBC34_element_580/text'
07:40:35.945 [Forwarding getElementText on session 8f6fcf8ff69b1e9fa25838365b439fea to remote] DEBUG org.asynchttpclient.netty.request.NettyRequestSender - Using open Channel [id: 0xe5f14885, L:/127.0.0.1:50222 - R:localhost/127.0.0.1:5140] for GET '/session/8f6fcf8ff69b1e9fa25838365b439fea/element/055695434E54FA8FA3FB8D0B674CBC34_element_580/text'
07:40:35.955 [AsyncHttpClient-1-8] DEBUG org.asynchttpclient.netty.handler.HttpHandler - 

Request DefaultFullHttpRequest(decodeResult: success, version: HTTP/1.1, content: EmptyByteBufBE)
GET /session/8f6fcf8ff69b1e9fa25838365b439fea/element/055695434E54FA8FA3FB8D0B674CBC34_element_580/text HTTP/1.1
Cache-Control: no-cache
User-Agent: selenium/4.13.0 (java mac)
Content-Type: application/json; charset=utf-8
host: localhost:5140
accept: */*

Response DefaultHttpResponse(decodeResult: success, version: HTTP/1.1)
HTTP/1.1 200 OK
Content-Length: 21
Content-Type: application/json; charset=utf-8
cache-control: no-cache

07:40:35.955 [AsyncHttpClient-1-8] DEBUG org.asynchttpclient.netty.channel.ChannelManager - Adding key: http://localhost:5140 for channel [id: 0xe5f14885, L:/127.0.0.1:50222 - R:localhost/127.0.0.1:5140]
07:40:35.956 [Forwarding findElement on session 8f6fcf8ff69b1e9fa25838365b439fea to remote] DEBUG org.asynchttpclient.netty.request.NettyRequestSender - Using pooled Channel '[id: 0xe5f14885, L:/127.0.0.1:50222 - R:localhost/127.0.0.1:5140]' for 'POST' to 'http://localhost:5140/session/8f6fcf8ff69b1e9fa25838365b439fea/element'
07:40:35.956 [Forwarding findElement on session 8f6fcf8ff69b1e9fa25838365b439fea to remote] DEBUG org.asynchttpclient.netty.request.NettyRequestSender - Using open Channel [id: 0xe5f14885, L:/127.0.0.1:50222 - R:localhost/127.0.0.1:5140] for POST '/session/8f6fcf8ff69b1e9fa25838365b439fea/element'
07:40:35.971 [AsyncHttpClient-1-8] DEBUG org.asynchttpclient.netty.handler.HttpHandler - 

Request DefaultHttpRequest(decodeResult: success, version: HTTP/1.1)
POST /session/8f6fcf8ff69b1e9fa25838365b439fea/element HTTP/1.1
User-Agent: selenium/4.13.0 (java mac)
Content-Length: 154
Content-Type: application/json; charset=utf-8
host: localhost:5140
accept: */*

Response DefaultHttpResponse(decodeResult: success, version: HTTP/1.1)
HTTP/1.1 200 OK
Content-Length: 96
Content-Type: application/json; charset=utf-8
cache-control: no-cache

07:40:35.972 [AsyncHttpClient-1-8] DEBUG org.asynchttpclient.netty.channel.ChannelManager - Adding key: http://localhost:5140 for channel [id: 0xe5f14885, L:/127.0.0.1:50222 - R:localhost/127.0.0.1:5140]
07:40:35.972 [Forwarding executeScript on session 8f6fcf8ff69b1e9fa25838365b439fea to remote] DEBUG org.asynchttpclient.netty.request.NettyRequestSender - Using pooled Channel '[id: 0xe5f14885, L:/127.0.0.1:50222 - R:localhost/127.0.0.1:5140]' for 'POST' to 'http://localhost:5140/session/8f6fcf8ff69b1e9fa25838365b439fea/execute/sync'
07:40:35.973 [Forwarding executeScript on session 8f6fcf8ff69b1e9fa25838365b439fea to remote] DEBUG org.asynchttpclient.netty.request.NettyRequestSender - Using open Channel [id: 0xe5f14885, L:/127.0.0.1:50222 - R:localhost/127.0.0.1:5140] for POST '/session/8f6fcf8ff69b1e9fa25838365b439fea/execute/sync'
07:40:35.977 [AsyncHttpClient-1-8] DEBUG org.asynchttpclient.netty.handler.HttpHandler - 

Request DefaultHttpRequest(decodeResult: success, version: HTTP/1.1)
POST /session/8f6fcf8ff69b1e9fa25838365b439fea/execute/sync HTTP/1.1
User-Agent: selenium/4.13.0 (java mac)
Content-Length: 180
Content-Type: application/json; charset=utf-8
host: localhost:5140
accept: */*

Response DefaultHttpResponse(decodeResult: success, version: HTTP/1.1)
HTTP/1.1 200 OK
Content-Length: 14
Content-Type: application/json; charset=utf-8
cache-control: no-cache

07:40:35.977 [AsyncHttpClient-1-8] DEBUG org.asynchttpclient.netty.channel.ChannelManager - Adding key: http://localhost:5140 for channel [id: 0xe5f14885, L:/127.0.0.1:50222 - R:localhost/127.0.0.1:5140]
07:40:35.977 [Forwarding getElementText on session 8f6fcf8ff69b1e9fa25838365b439fea to remote] DEBUG org.asynchttpclient.netty.request.NettyRequestSender - Using pooled Channel '[id: 0xe5f14885, L:/127.0.0.1:50222 - R:localhost/127.0.0.1:5140]' for 'GET' to 'http://localhost:5140/session/8f6fcf8ff69b1e9fa25838365b439fea/element/055695434E54FA8FA3FB8D0B674CBC34_element_709/text'
07:40:35.977 [Forwarding getElementText on session 8f6fcf8ff69b1e9fa25838365b439fea to remote] DEBUG org.asynchttpclient.netty.request.NettyRequestSender - Using open Channel [id: 0xe5f14885, L:/127.0.0.1:50222 - R:localhost/127.0.0.1:5140] for GET '/session/8f6fcf8ff69b1e9fa25838365b439fea/element/055695434E54FA8FA3FB8D0B674CBC34_element_709/text'
07:40:35.985 [AsyncHttpClient-1-8] DEBUG org.asynchttpclient.netty.handler.HttpHandler - 

Request DefaultFullHttpRequest(decodeResult: success, version: HTTP/1.1, content: EmptyByteBufBE)
GET /session/8f6fcf8ff69b1e9fa25838365b439fea/element/055695434E54FA8FA3FB8D0B674CBC34_element_709/text HTTP/1.1
Cache-Control: no-cache
User-Agent: selenium/4.13.0 (java mac)
Content-Type: application/json; charset=utf-8
host: localhost:5140
accept: */*

Response DefaultHttpResponse(decodeResult: success, version: HTTP/1.1)
HTTP/1.1 200 OK
Content-Length: 21
Content-Type: application/json; charset=utf-8
cache-control: no-cache

07:40:35.985 [AsyncHttpClient-1-8] DEBUG org.asynchttpclient.netty.channel.ChannelManager - Adding key: http://localhost:5140 for channel [id: 0xe5f14885, L:/127.0.0.1:50222 - R:localhost/127.0.0.1:5140]
]]></system-out>
    <system-err><![CDATA[Jan 13, 2024 7:40:02 AM org.openqa.selenium.devtools.CdpVersionFinder findNearestMatch
WARNING: Unable to find an exact match for CDP version 120, so returning the closest version found: 117
]]></system-err>
  </testcase>
  <testcase name="verifyOfferPageFlightsHDFCFilter" classname="com.sample.modules.OfferPage" time="1.988">
    <failure message="expected [true] but found [false]" type="java.lang.AssertionError"><![CDATA[java.lang.AssertionError: expected [true] but found [false]
	at org.testng.Assert.fail(Assert.java:110)
	at org.testng.Assert.failNotEquals(Assert.java:1413)
	at org.testng.Assert.assertTrue(Assert.java:56)
	at org.testng.Assert.assertTrue(Assert.java:66)
	at com.sample.modules.OfferPage.verifyOfferPageFlightsHDFCFilter(OfferPage.java:23)
	at java.base/jdk.internal.reflect.DirectMethodHandleAccessor.invoke(DirectMethodHandleAccessor.java:103)
	at java.base/java.lang.reflect.Method.invoke(Method.java:580)
	at org.testng.internal.invokers.MethodInvocationHelper.invokeMethod(MethodInvocationHelper.java:135)
	at org.testng.internal.invokers.TestInvoker.invokeMethod(TestInvoker.java:673)
	at org.testng.internal.invokers.TestInvoker.invokeTestMethod(TestInvoker.java:220)
	at org.testng.internal.invokers.MethodRunner.runInSequence(MethodRunner.java:50)
	at org.testng.internal.invokers.TestInvoker$MethodInvocationAgent.invoke(TestInvoker.java:945)
	at org.testng.internal.invokers.TestInvoker.invokeTestMethods(TestInvoker.java:193)
	at org.testng.internal.invokers.TestMethodWorker.invokeTestMethods(TestMethodWorker.java:146)
	at org.testng.internal.invokers.TestMethodWorker.run(TestMethodWorker.java:128)
	at java.base/java.util.ArrayList.forEach(ArrayList.java:1596)
	at org.testng.TestRunner.privateRun(TestRunner.java:808)
	at org.testng.TestRunner.run(TestRunner.java:603)
	at org.testng.SuiteRunner.runTest(SuiteRunner.java:429)
	at org.testng.SuiteRunner.runSequentially(SuiteRunner.java:423)
	at org.testng.SuiteRunner.privateRun(SuiteRunner.java:383)
	at org.testng.SuiteRunner.run(SuiteRunner.java:326)
	at org.testng.SuiteRunnerWorker.runSuite(SuiteRunnerWorker.java:52)
	at org.testng.SuiteRunnerWorker.run(SuiteRunnerWorker.java:95)
	at org.testng.TestNG.runSuitesSequentially(TestNG.java:1249)
	at org.testng.TestNG.runSuitesLocally(TestNG.java:1169)
	at org.testng.TestNG.runSuites(TestNG.java:1092)
	at org.testng.TestNG.run(TestNG.java:1060)
	at org.apache.maven.surefire.testng.TestNGExecutor.run(TestNGExecutor.java:308)
	at org.apache.maven.surefire.testng.TestNGXmlTestSuite.execute(TestNGXmlTestSuite.java:71)
	at org.apache.maven.surefire.testng.TestNGProvider.invoke(TestNGProvider.java:113)
	at org.apache.maven.surefire.booter.ForkedBooter.runSuitesInProcess(ForkedBooter.java:385)
	at org.apache.maven.surefire.booter.ForkedBooter.execute(ForkedBooter.java:162)
	at org.apache.maven.surefire.booter.ForkedBooter.run(ForkedBooter.java:507)
	at org.apache.maven.surefire.booter.ForkedBooter.main(ForkedBooter.java:495)
]]></failure>
    <system-out><![CDATA[<font color=238E23><strong><i> PASS : verifySearchFlight</i></strong></font>
Total testcases:-3
Total passed testcases:-2
Total failed testcases:-1
07:40:35.987 [Driver Command Executor] DEBUG org.asynchttpclient.netty.request.NettyRequestSender - Using pooled Channel '[id: 0xe5f14885, L:/127.0.0.1:50222 - R:localhost/127.0.0.1:5140]' for 'DELETE' to 'http://localhost:5140/session/8f6fcf8ff69b1e9fa25838365b439fea'
07:40:35.987 [Driver Command Executor] DEBUG org.asynchttpclient.netty.request.NettyRequestSender - Using open Channel [id: 0xe5f14885, L:/127.0.0.1:50222 - R:localhost/127.0.0.1:5140] for DELETE '/session/8f6fcf8ff69b1e9fa25838365b439fea'
07:40:35.987 [AsyncHttpClient-1-10] DEBUG org.asynchttpclient.netty.handler.WebSocketHandler - Channel Closed: [id: 0xea67437a, L:/127.0.0.1:50228 ! R:localhost/127.0.0.1:50223] with attribute DISCARD
07:40:36.035 [AsyncHttpClient-1-9] DEBUG org.asynchttpclient.netty.handler.HttpHandler - Channel Closed: [id: 0x770aa1ec, L:/127.0.0.1:50227 ! R:localhost/127.0.0.1:50223] with attribute DISCARD
07:40:36.039 [AsyncHttpClient-1-8] DEBUG org.asynchttpclient.netty.handler.HttpHandler - 

Request DefaultFullHttpRequest(decodeResult: success, version: HTTP/1.1, content: EmptyByteBufBE)
DELETE /session/8f6fcf8ff69b1e9fa25838365b439fea HTTP/1.1
User-Agent: selenium/4.13.0 (java mac)
Content-Type: application/json; charset=utf-8
host: localhost:5140
accept: */*

Response DefaultHttpResponse(decodeResult: success, version: HTTP/1.1)
HTTP/1.1 200 OK
Content-Length: 14
Content-Type: application/json; charset=utf-8
cache-control: no-cache

07:40:36.039 [AsyncHttpClient-1-8] DEBUG org.asynchttpclient.netty.channel.ChannelManager - Adding key: http://localhost:5140 for channel [id: 0xe5f14885, L:/127.0.0.1:50222 - R:localhost/127.0.0.1:5140]
07:40:36.175 [AsyncHttpClient-1-8] DEBUG org.asynchttpclient.netty.handler.HttpHandler - Channel Closed: [id: 0xe5f14885, L:/127.0.0.1:50222 ! R:localhost/127.0.0.1:5140] with attribute DISCARD
07:40:36.888 [AsyncHttpClient-1-1] DEBUG org.asynchttpclient.netty.channel.DefaultChannelPool - Entry count for : http://localhost:5140 : 1
07:40:36.888 [AsyncHttpClient-1-1] DEBUG org.asynchttpclient.netty.channel.DefaultChannelPool - Entry count for : http://localhost:50223 : 1
07:40:36.888 [AsyncHttpClient-1-1] DEBUG org.asynchttpclient.netty.channel.DefaultChannelPool - Adding Candidate expired Channel [id: 0xe5f14885, L:/127.0.0.1:50222 ! R:localhost/127.0.0.1:5140] isIdleTimeoutExpired=false isRemotelyClosed=true isTtlExpired=false
07:40:36.888 [AsyncHttpClient-1-1] DEBUG org.asynchttpclient.netty.channel.DefaultChannelPool - Closing Idle Channel [id: 0xe5f14885, L:/127.0.0.1:50222 ! R:localhost/127.0.0.1:5140]
07:40:36.888 [AsyncHttpClient-1-1] DEBUG org.asynchttpclient.netty.channel.DefaultChannelPool - Adding Candidate expired Channel [id: 0x770aa1ec, L:/127.0.0.1:50227 ! R:localhost/127.0.0.1:50223] isIdleTimeoutExpired=false isRemotelyClosed=true isTtlExpired=false
07:40:36.888 [AsyncHttpClient-1-1] DEBUG org.asynchttpclient.netty.channel.DefaultChannelPool - Closing Idle Channel [id: 0x770aa1ec, L:/127.0.0.1:50227 ! R:localhost/127.0.0.1:50223]
07:40:36.888 [AsyncHttpClient-1-1] DEBUG org.asynchttpclient.netty.channel.DefaultChannelPool - Closed 2 connections out of 2 in 0 ms
07:40:41.295 [AsyncHttpClient-1-11] DEBUG org.asynchttpclient.netty.channel.NettyConnectListener - Using new Channel '[id: 0xf4d56d49, L:/127.0.0.1:50310 - R:localhost/127.0.0.1:44435]' for 'POST' to '/session'
07:40:42.137 [AsyncHttpClient-1-11] DEBUG org.asynchttpclient.netty.handler.HttpHandler - 

Request DefaultHttpRequest(decodeResult: success, version: HTTP/1.1)
POST /session HTTP/1.1
User-Agent: selenium/4.13.0 (java mac)
Content-Length: 291
Content-Type: application/json; charset=utf-8
host: localhost:44435
accept: */*

Response DefaultHttpResponse(decodeResult: success, version: HTTP/1.1)
HTTP/1.1 200 OK
Content-Length: 891
Content-Type: application/json; charset=utf-8
cache-control: no-cache

07:40:42.137 [AsyncHttpClient-1-11] DEBUG org.asynchttpclient.netty.channel.ChannelManager - Adding key: http://localhost:44435 for channel [id: 0xf4d56d49, L:/127.0.0.1:50310 - R:localhost/127.0.0.1:44435]
07:40:42.142 [AsyncHttpClient-1-12] DEBUG org.asynchttpclient.netty.channel.NettyConnectListener - Using new Channel '[id: 0x9d986557, L:/127.0.0.1:50315 - R:localhost/127.0.0.1:50311]' for 'GET' to '/json/version'
07:40:42.145 [AsyncHttpClient-1-12] DEBUG org.asynchttpclient.netty.handler.HttpHandler - 

Request DefaultFullHttpRequest(decodeResult: success, version: HTTP/1.1, content: EmptyByteBufBE)
GET /json/version HTTP/1.1
User-Agent: selenium/4.13.0 (java mac)
host: localhost:50311
accept: */*

Response DefaultHttpResponse(decodeResult: success, version: HTTP/1.1)
HTTP/1.1 200 OK
Content-Security-Policy: frame-ancestors 'none'
Content-Length: 422
Content-Type: application/json; charset=UTF-8

07:40:42.145 [AsyncHttpClient-1-12] DEBUG org.asynchttpclient.netty.channel.ChannelManager - Adding key: http://localhost:50311 for channel [id: 0x9d986557, L:/127.0.0.1:50315 - R:localhost/127.0.0.1:50311]
07:40:42.147 [AsyncHttpClient-1-13] DEBUG org.asynchttpclient.netty.channel.NettyConnectListener - Using new Channel '[id: 0x2b563fa5, L:/127.0.0.1:50316 - R:localhost/127.0.0.1:50311]' for 'GET' to '/devtools/browser/a9958c94-8a31-41b6-a8bc-649af162b5cf'
07:40:42.150 [AsyncHttpClient-1-13] DEBUG org.asynchttpclient.netty.handler.WebSocketHandler - 

Request DefaultFullHttpRequest(decodeResult: success, version: HTTP/1.1, content: EmptyByteBufBE)
GET /devtools/browser/a9958c94-8a31-41b6-a8bc-649af162b5cf HTTP/1.1
upgrade: websocket
connection: upgrade
sec-websocket-key: fxQM1aEPxIrXec9SxS7kvw==
sec-websocket-version: 13
origin: http://localhost:50311
host: localhost:50311
accept: */*
user-agent: AHC/2.1

Response DefaultHttpResponse(decodeResult: success, version: HTTP/1.1)
HTTP/1.1 101 WebSocket Protocol Handshake
Upgrade: WebSocket
Connection: Upgrade
Sec-WebSocket-Accept: zVoH21ggTuxRVfcmGXR4G7jdsMU=

07:40:42.153 [Forwarding maximizeCurrentWindow on session caba0f5284a7b5547337ba8d2bedfede to remote] DEBUG org.asynchttpclient.netty.request.NettyRequestSender - Using pooled Channel '[id: 0xf4d56d49, L:/127.0.0.1:50310 - R:localhost/127.0.0.1:44435]' for 'POST' to 'http://localhost:44435/session/caba0f5284a7b5547337ba8d2bedfede/window/maximize'
07:40:42.153 [Forwarding maximizeCurrentWindow on session caba0f5284a7b5547337ba8d2bedfede to remote] DEBUG org.asynchttpclient.netty.request.NettyRequestSender - Using open Channel [id: 0xf4d56d49, L:/127.0.0.1:50310 - R:localhost/127.0.0.1:44435] for POST '/session/caba0f5284a7b5547337ba8d2bedfede/window/maximize'
07:40:42.385 [AsyncHttpClient-1-1] DEBUG org.asynchttpclient.netty.channel.DefaultChannelPool - Entry count for : http://localhost:50311 : 1
07:40:42.613 [AsyncHttpClient-1-11] DEBUG org.asynchttpclient.netty.handler.HttpHandler - 

Request DefaultHttpRequest(decodeResult: success, version: HTTP/1.1)
POST /session/caba0f5284a7b5547337ba8d2bedfede/window/maximize HTTP/1.1
User-Agent: selenium/4.13.0 (java mac)
Content-Length: 3
Content-Type: application/json; charset=utf-8
host: localhost:44435
accept: */*

Response DefaultHttpResponse(decodeResult: success, version: HTTP/1.1)
HTTP/1.1 200 OK
Content-Length: 50
Content-Type: application/json; charset=utf-8
cache-control: no-cache

07:40:42.613 [AsyncHttpClient-1-11] DEBUG org.asynchttpclient.netty.channel.ChannelManager - Adding key: http://localhost:44435 for channel [id: 0xf4d56d49, L:/127.0.0.1:50310 - R:localhost/127.0.0.1:44435]
07:40:42.614 [Forwarding get on session caba0f5284a7b5547337ba8d2bedfede to remote] DEBUG org.asynchttpclient.netty.request.NettyRequestSender - Using pooled Channel '[id: 0xf4d56d49, L:/127.0.0.1:50310 - R:localhost/127.0.0.1:44435]' for 'POST' to 'http://localhost:44435/session/caba0f5284a7b5547337ba8d2bedfede/url'
07:40:42.614 [Forwarding get on session caba0f5284a7b5547337ba8d2bedfede to remote] DEBUG org.asynchttpclient.netty.request.NettyRequestSender - Using open Channel [id: 0xf4d56d49, L:/127.0.0.1:50310 - R:localhost/127.0.0.1:44435] for POST '/session/caba0f5284a7b5547337ba8d2bedfede/url'
07:40:43.486 [AsyncHttpClient-1-1] DEBUG org.asynchttpclient.netty.channel.DefaultChannelPool - Entry count for : http://localhost:50311 : 1
07:40:44.585 [AsyncHttpClient-1-1] DEBUG org.asynchttpclient.netty.channel.DefaultChannelPool - Entry count for : http://localhost:50311 : 1
07:40:45.047 [AsyncHttpClient-1-11] DEBUG org.asynchttpclient.netty.handler.HttpHandler - 

Request DefaultHttpRequest(decodeResult: success, version: HTTP/1.1)
POST /session/caba0f5284a7b5547337ba8d2bedfede/url HTTP/1.1
User-Agent: selenium/4.13.0 (java mac)
Content-Length: 57
Content-Type: application/json; charset=utf-8
host: localhost:44435
accept: */*

Response DefaultHttpResponse(decodeResult: success, version: HTTP/1.1)
HTTP/1.1 200 OK
Content-Length: 14
Content-Type: application/json; charset=utf-8
cache-control: no-cache

07:40:45.047 [AsyncHttpClient-1-11] DEBUG org.asynchttpclient.netty.channel.ChannelManager - Adding key: http://localhost:44435 for channel [id: 0xf4d56d49, L:/127.0.0.1:50310 - R:localhost/127.0.0.1:44435]
Step 1 : Open URL - https://www.makemytrip.com/
Step 2 : Click on super offer tab in header.
07:40:45.049 [Forwarding findElement on session caba0f5284a7b5547337ba8d2bedfede to remote] DEBUG org.asynchttpclient.netty.request.NettyRequestSender - Using pooled Channel '[id: 0xf4d56d49, L:/127.0.0.1:50310 - R:localhost/127.0.0.1:44435]' for 'POST' to 'http://localhost:44435/session/caba0f5284a7b5547337ba8d2bedfede/element'
07:40:45.049 [Forwarding findElement on session caba0f5284a7b5547337ba8d2bedfede to remote] DEBUG org.asynchttpclient.netty.request.NettyRequestSender - Using open Channel [id: 0xf4d56d49, L:/127.0.0.1:50310 - R:localhost/127.0.0.1:44435] for POST '/session/caba0f5284a7b5547337ba8d2bedfede/element'
07:40:45.085 [AsyncHttpClient-1-11] DEBUG org.asynchttpclient.netty.handler.HttpHandler - 

Request DefaultHttpRequest(decodeResult: success, version: HTTP/1.1)
POST /session/caba0f5284a7b5547337ba8d2bedfede/element HTTP/1.1
User-Agent: selenium/4.13.0 (java mac)
Content-Length: 106
Content-Type: application/json; charset=utf-8
host: localhost:44435
accept: */*

Response DefaultHttpResponse(decodeResult: success, version: HTTP/1.1)
HTTP/1.1 404 Not Found
Content-Length: 1968
Content-Type: application/json; charset=utf-8
cache-control: no-cache

07:40:45.086 [AsyncHttpClient-1-11] DEBUG org.asynchttpclient.netty.channel.ChannelManager - Adding key: http://localhost:44435 for channel [id: 0xf4d56d49, L:/127.0.0.1:50310 - R:localhost/127.0.0.1:44435]
07:40:45.589 [Forwarding findElement on session caba0f5284a7b5547337ba8d2bedfede to remote] DEBUG org.asynchttpclient.netty.request.NettyRequestSender - Using pooled Channel '[id: 0xf4d56d49, L:/127.0.0.1:50310 - R:localhost/127.0.0.1:44435]' for 'POST' to 'http://localhost:44435/session/caba0f5284a7b5547337ba8d2bedfede/element'
07:40:45.589 [Forwarding findElement on session caba0f5284a7b5547337ba8d2bedfede to remote] DEBUG org.asynchttpclient.netty.request.NettyRequestSender - Using open Channel [id: 0xf4d56d49, L:/127.0.0.1:50310 - R:localhost/127.0.0.1:44435] for POST '/session/caba0f5284a7b5547337ba8d2bedfede/element'
07:40:45.683 [AsyncHttpClient-1-1] DEBUG org.asynchttpclient.netty.channel.DefaultChannelPool - Entry count for : http://localhost:50311 : 1
07:40:45.724 [AsyncHttpClient-1-11] DEBUG org.asynchttpclient.netty.handler.HttpHandler - 

Request DefaultHttpRequest(decodeResult: success, version: HTTP/1.1)
POST /session/caba0f5284a7b5547337ba8d2bedfede/element HTTP/1.1
User-Agent: selenium/4.13.0 (java mac)
Content-Length: 106
Content-Type: application/json; charset=utf-8
host: localhost:44435
accept: */*

Response DefaultHttpResponse(decodeResult: success, version: HTTP/1.1)
HTTP/1.1 200 OK
Content-Length: 95
Content-Type: application/json; charset=utf-8
cache-control: no-cache

07:40:45.724 [AsyncHttpClient-1-11] DEBUG org.asynchttpclient.netty.channel.ChannelManager - Adding key: http://localhost:44435 for channel [id: 0xf4d56d49, L:/127.0.0.1:50310 - R:localhost/127.0.0.1:44435]
07:40:45.727 [Forwarding isElementDisplayed on session caba0f5284a7b5547337ba8d2bedfede to remote] DEBUG org.asynchttpclient.netty.request.NettyRequestSender - Using pooled Channel '[id: 0xf4d56d49, L:/127.0.0.1:50310 - R:localhost/127.0.0.1:44435]' for 'POST' to 'http://localhost:44435/session/caba0f5284a7b5547337ba8d2bedfede/execute/sync'
07:40:45.727 [Forwarding isElementDisplayed on session caba0f5284a7b5547337ba8d2bedfede to remote] DEBUG org.asynchttpclient.netty.request.NettyRequestSender - Using open Channel [id: 0xf4d56d49, L:/127.0.0.1:50310 - R:localhost/127.0.0.1:44435] for POST '/session/caba0f5284a7b5547337ba8d2bedfede/execute/sync'
07:40:45.840 [AsyncHttpClient-1-11] DEBUG org.asynchttpclient.netty.handler.HttpHandler - 

Request DefaultHttpRequest(decodeResult: success, version: HTTP/1.1)
POST /session/caba0f5284a7b5547337ba8d2bedfede/execute/sync HTTP/1.1
User-Agent: selenium/4.13.0 (java mac)
Content-Length: 48814
Content-Type: application/json; charset=utf-8
host: localhost:44435
accept: */*

Response DefaultHttpResponse(decodeResult: success, version: HTTP/1.1)
HTTP/1.1 200 OK
Content-Length: 14
Content-Type: application/json; charset=utf-8
cache-control: no-cache

07:40:45.840 [AsyncHttpClient-1-11] DEBUG org.asynchttpclient.netty.channel.ChannelManager - Adding key: http://localhost:44435 for channel [id: 0xf4d56d49, L:/127.0.0.1:50310 - R:localhost/127.0.0.1:44435]
07:40:45.841 [Forwarding isElementEnabled on session caba0f5284a7b5547337ba8d2bedfede to remote] DEBUG org.asynchttpclient.netty.request.NettyRequestSender - Using pooled Channel '[id: 0xf4d56d49, L:/127.0.0.1:50310 - R:localhost/127.0.0.1:44435]' for 'GET' to 'http://localhost:44435/session/caba0f5284a7b5547337ba8d2bedfede/element/CDA8E475AD79AB875C3057A4C299CFC4_element_33/enabled'
07:40:45.841 [Forwarding isElementEnabled on session caba0f5284a7b5547337ba8d2bedfede to remote] DEBUG org.asynchttpclient.netty.request.NettyRequestSender - Using open Channel [id: 0xf4d56d49, L:/127.0.0.1:50310 - R:localhost/127.0.0.1:44435] for GET '/session/caba0f5284a7b5547337ba8d2bedfede/element/CDA8E475AD79AB875C3057A4C299CFC4_element_33/enabled'
07:40:45.852 [AsyncHttpClient-1-11] DEBUG org.asynchttpclient.netty.handler.HttpHandler - 

Request DefaultFullHttpRequest(decodeResult: success, version: HTTP/1.1, content: EmptyByteBufBE)
GET /session/caba0f5284a7b5547337ba8d2bedfede/element/CDA8E475AD79AB875C3057A4C299CFC4_element_33/enabled HTTP/1.1
Cache-Control: no-cache
User-Agent: selenium/4.13.0 (java mac)
Content-Type: application/json; charset=utf-8
host: localhost:44435
accept: */*

Response DefaultHttpResponse(decodeResult: success, version: HTTP/1.1)
HTTP/1.1 200 OK
Content-Length: 14
Content-Type: application/json; charset=utf-8
cache-control: no-cache

07:40:45.852 [AsyncHttpClient-1-11] DEBUG org.asynchttpclient.netty.channel.ChannelManager - Adding key: http://localhost:44435 for channel [id: 0xf4d56d49, L:/127.0.0.1:50310 - R:localhost/127.0.0.1:44435]
07:40:45.853 [Forwarding executeScript on session caba0f5284a7b5547337ba8d2bedfede to remote] DEBUG org.asynchttpclient.netty.request.NettyRequestSender - Using pooled Channel '[id: 0xf4d56d49, L:/127.0.0.1:50310 - R:localhost/127.0.0.1:44435]' for 'POST' to 'http://localhost:44435/session/caba0f5284a7b5547337ba8d2bedfede/execute/sync'
07:40:45.853 [Forwarding executeScript on session caba0f5284a7b5547337ba8d2bedfede to remote] DEBUG org.asynchttpclient.netty.request.NettyRequestSender - Using open Channel [id: 0xf4d56d49, L:/127.0.0.1:50310 - R:localhost/127.0.0.1:44435] for POST '/session/caba0f5284a7b5547337ba8d2bedfede/execute/sync'
07:40:45.859 [AsyncHttpClient-1-11] DEBUG org.asynchttpclient.netty.handler.HttpHandler - 

Request DefaultHttpRequest(decodeResult: success, version: HTTP/1.1)
POST /session/caba0f5284a7b5547337ba8d2bedfede/execute/sync HTTP/1.1
User-Agent: selenium/4.13.0 (java mac)
Content-Length: 179
Content-Type: application/json; charset=utf-8
host: localhost:44435
accept: */*

Response DefaultHttpResponse(decodeResult: success, version: HTTP/1.1)
HTTP/1.1 200 OK
Content-Length: 14
Content-Type: application/json; charset=utf-8
cache-control: no-cache

07:40:45.859 [AsyncHttpClient-1-11] DEBUG org.asynchttpclient.netty.channel.ChannelManager - Adding key: http://localhost:44435 for channel [id: 0xf4d56d49, L:/127.0.0.1:50310 - R:localhost/127.0.0.1:44435]
07:40:45.860 [Forwarding clickElement on session caba0f5284a7b5547337ba8d2bedfede to remote] DEBUG org.asynchttpclient.netty.request.NettyRequestSender - Using pooled Channel '[id: 0xf4d56d49, L:/127.0.0.1:50310 - R:localhost/127.0.0.1:44435]' for 'POST' to 'http://localhost:44435/session/caba0f5284a7b5547337ba8d2bedfede/element/CDA8E475AD79AB875C3057A4C299CFC4_element_33/click'
07:40:45.860 [Forwarding clickElement on session caba0f5284a7b5547337ba8d2bedfede to remote] DEBUG org.asynchttpclient.netty.request.NettyRequestSender - Using open Channel [id: 0xf4d56d49, L:/127.0.0.1:50310 - R:localhost/127.0.0.1:44435] for POST '/session/caba0f5284a7b5547337ba8d2bedfede/element/CDA8E475AD79AB875C3057A4C299CFC4_element_33/click'
07:40:46.786 [AsyncHttpClient-1-1] DEBUG org.asynchttpclient.netty.channel.DefaultChannelPool - Entry count for : http://localhost:50311 : 1
07:40:47.028 [AsyncHttpClient-1-11] DEBUG org.asynchttpclient.netty.handler.HttpHandler - 

Request DefaultHttpRequest(decodeResult: success, version: HTTP/1.1)
POST /session/caba0f5284a7b5547337ba8d2bedfede/element/CDA8E475AD79AB875C3057A4C299CFC4_element_33/click HTTP/1.1
User-Agent: selenium/4.13.0 (java mac)
Content-Length: 57
Content-Type: application/json; charset=utf-8
host: localhost:44435
accept: */*

Response DefaultHttpResponse(decodeResult: success, version: HTTP/1.1)
HTTP/1.1 400 Bad Request
Content-Length: 2859
Content-Type: application/json; charset=utf-8
cache-control: no-cache

07:40:47.029 [AsyncHttpClient-1-11] DEBUG org.asynchttpclient.netty.channel.ChannelManager - Adding key: http://localhost:44435 for channel [id: 0xf4d56d49, L:/127.0.0.1:50310 - R:localhost/127.0.0.1:44435]
Step 3 : Verify offer page opened.
07:40:47.030 [Forwarding getCurrentWindowHandle on session caba0f5284a7b5547337ba8d2bedfede to remote] DEBUG org.asynchttpclient.netty.request.NettyRequestSender - Using pooled Channel '[id: 0xf4d56d49, L:/127.0.0.1:50310 - R:localhost/127.0.0.1:44435]' for 'GET' to 'http://localhost:44435/session/caba0f5284a7b5547337ba8d2bedfede/window'
07:40:47.030 [Forwarding getCurrentWindowHandle on session caba0f5284a7b5547337ba8d2bedfede to remote] DEBUG org.asynchttpclient.netty.request.NettyRequestSender - Using open Channel [id: 0xf4d56d49, L:/127.0.0.1:50310 - R:localhost/127.0.0.1:44435] for GET '/session/caba0f5284a7b5547337ba8d2bedfede/window'
07:40:47.030 [AsyncHttpClient-1-11] DEBUG org.asynchttpclient.netty.handler.HttpHandler - 

Request DefaultFullHttpRequest(decodeResult: success, version: HTTP/1.1, content: EmptyByteBufBE)
GET /session/caba0f5284a7b5547337ba8d2bedfede/window HTTP/1.1
Cache-Control: no-cache
User-Agent: selenium/4.13.0 (java mac)
Content-Type: application/json; charset=utf-8
host: localhost:44435
accept: */*

Response DefaultHttpResponse(decodeResult: success, version: HTTP/1.1)
HTTP/1.1 200 OK
Content-Length: 44
Content-Type: application/json; charset=utf-8
cache-control: no-cache

07:40:47.030 [AsyncHttpClient-1-11] DEBUG org.asynchttpclient.netty.channel.ChannelManager - Adding key: http://localhost:44435 for channel [id: 0xf4d56d49, L:/127.0.0.1:50310 - R:localhost/127.0.0.1:44435]
07:40:47.031 [Forwarding getWindowHandles on session caba0f5284a7b5547337ba8d2bedfede to remote] DEBUG org.asynchttpclient.netty.request.NettyRequestSender - Using pooled Channel '[id: 0xf4d56d49, L:/127.0.0.1:50310 - R:localhost/127.0.0.1:44435]' for 'GET' to 'http://localhost:44435/session/caba0f5284a7b5547337ba8d2bedfede/window/handles'
07:40:47.031 [Forwarding getWindowHandles on session caba0f5284a7b5547337ba8d2bedfede to remote] DEBUG org.asynchttpclient.netty.request.NettyRequestSender - Using open Channel [id: 0xf4d56d49, L:/127.0.0.1:50310 - R:localhost/127.0.0.1:44435] for GET '/session/caba0f5284a7b5547337ba8d2bedfede/window/handles'
07:40:47.031 [AsyncHttpClient-1-11] DEBUG org.asynchttpclient.netty.handler.HttpHandler - 

Request DefaultFullHttpRequest(decodeResult: success, version: HTTP/1.1, content: EmptyByteBufBE)
GET /session/caba0f5284a7b5547337ba8d2bedfede/window/handles HTTP/1.1
Cache-Control: no-cache
User-Agent: selenium/4.13.0 (java mac)
Content-Type: application/json; charset=utf-8
host: localhost:44435
accept: */*

Response DefaultHttpResponse(decodeResult: success, version: HTTP/1.1)
HTTP/1.1 200 OK
Content-Length: 46
Content-Type: application/json; charset=utf-8
cache-control: no-cache

07:40:47.031 [AsyncHttpClient-1-11] DEBUG org.asynchttpclient.netty.channel.ChannelManager - Adding key: http://localhost:44435 for channel [id: 0xf4d56d49, L:/127.0.0.1:50310 - R:localhost/127.0.0.1:44435]
07:40:47.032 [Forwarding getCurrentUrl on session caba0f5284a7b5547337ba8d2bedfede to remote] DEBUG org.asynchttpclient.netty.request.NettyRequestSender - Using pooled Channel '[id: 0xf4d56d49, L:/127.0.0.1:50310 - R:localhost/127.0.0.1:44435]' for 'GET' to 'http://localhost:44435/session/caba0f5284a7b5547337ba8d2bedfede/url'
07:40:47.032 [Forwarding getCurrentUrl on session caba0f5284a7b5547337ba8d2bedfede to remote] DEBUG org.asynchttpclient.netty.request.NettyRequestSender - Using open Channel [id: 0xf4d56d49, L:/127.0.0.1:50310 - R:localhost/127.0.0.1:44435] for GET '/session/caba0f5284a7b5547337ba8d2bedfede/url'
07:40:47.036 [AsyncHttpClient-1-11] DEBUG org.asynchttpclient.netty.handler.HttpHandler - 

Request DefaultFullHttpRequest(decodeResult: success, version: HTTP/1.1, content: EmptyByteBufBE)
GET /session/caba0f5284a7b5547337ba8d2bedfede/url HTTP/1.1
Cache-Control: no-cache
User-Agent: selenium/4.13.0 (java mac)
Content-Type: application/json; charset=utf-8
host: localhost:44435
accept: */*

Response DefaultHttpResponse(decodeResult: success, version: HTTP/1.1)
HTTP/1.1 200 OK
Content-Length: 39
Content-Type: application/json; charset=utf-8
cache-control: no-cache

07:40:47.036 [AsyncHttpClient-1-11] DEBUG org.asynchttpclient.netty.channel.ChannelManager - Adding key: http://localhost:44435 for channel [id: 0xf4d56d49, L:/127.0.0.1:50310 - R:localhost/127.0.0.1:44435]
]]></system-out>
    <system-err><![CDATA[Jan 13, 2024 7:40:42 AM org.openqa.selenium.devtools.CdpVersionFinder findNearestMatch
WARNING: Unable to find an exact match for CDP version 120, so returning the closest version found: 117
]]></system-err>
  </testcase>
  <testcase name="verifyOfferPageHotelAxisFilter" classname="com.sample.modules.OfferPage" time="5.005">
    <system-out><![CDATA[<font color=#FF0000><strong><i> FAIL : verifyOfferPageFlightsHDFCFilter</i></strong></font>
07:40:47.038 [Forwarding screenshot on session caba0f5284a7b5547337ba8d2bedfede to remote] DEBUG org.asynchttpclient.netty.request.NettyRequestSender - Using pooled Channel '[id: 0xf4d56d49, L:/127.0.0.1:50310 - R:localhost/127.0.0.1:44435]' for 'GET' to 'http://localhost:44435/session/caba0f5284a7b5547337ba8d2bedfede/screenshot'
07:40:47.038 [Forwarding screenshot on session caba0f5284a7b5547337ba8d2bedfede to remote] DEBUG org.asynchttpclient.netty.request.NettyRequestSender - Using open Channel [id: 0xf4d56d49, L:/127.0.0.1:50310 - R:localhost/127.0.0.1:44435] for GET '/session/caba0f5284a7b5547337ba8d2bedfede/screenshot'
07:40:47.853 [AsyncHttpClient-1-11] DEBUG org.asynchttpclient.netty.handler.HttpHandler - 

Request DefaultFullHttpRequest(decodeResult: success, version: HTTP/1.1, content: EmptyByteBufBE)
GET /session/caba0f5284a7b5547337ba8d2bedfede/screenshot HTTP/1.1
Cache-Control: no-cache
User-Agent: selenium/4.13.0 (java mac)
Content-Type: application/json; charset=utf-8
host: localhost:44435
accept: */*

Response DefaultHttpResponse(decodeResult: success, version: HTTP/1.1)
HTTP/1.1 200 OK
Content-Length: 2781176
Content-Type: application/json; charset=utf-8
cache-control: no-cache

07:40:47.857 [AsyncHttpClient-1-11] DEBUG org.asynchttpclient.netty.channel.ChannelManager - Adding key: http://localhost:44435 for channel [id: 0xf4d56d49, L:/127.0.0.1:50310 - R:localhost/127.0.0.1:44435]
07:40:47.887 [AsyncHttpClient-1-1] DEBUG org.asynchttpclient.netty.channel.DefaultChannelPool - Entry count for : http://localhost:44435 : 1
07:40:47.887 [AsyncHttpClient-1-1] DEBUG org.asynchttpclient.netty.channel.DefaultChannelPool - Entry count for : http://localhost:50311 : 1
Total testcases:-4
Total passed testcases:-2
Total failed testcases:-2
07:40:47.906 [Driver Command Executor] DEBUG org.asynchttpclient.netty.request.NettyRequestSender - Using pooled Channel '[id: 0xf4d56d49, L:/127.0.0.1:50310 - R:localhost/127.0.0.1:44435]' for 'DELETE' to 'http://localhost:44435/session/caba0f5284a7b5547337ba8d2bedfede'
07:40:47.906 [Driver Command Executor] DEBUG org.asynchttpclient.netty.request.NettyRequestSender - Using open Channel [id: 0xf4d56d49, L:/127.0.0.1:50310 - R:localhost/127.0.0.1:44435] for DELETE '/session/caba0f5284a7b5547337ba8d2bedfede'
07:40:47.906 [AsyncHttpClient-1-13] DEBUG org.asynchttpclient.netty.handler.WebSocketHandler - Channel Closed: [id: 0x2b563fa5, L:/127.0.0.1:50316 ! R:localhost/127.0.0.1:50311] with attribute DISCARD
07:40:47.955 [AsyncHttpClient-1-12] DEBUG org.asynchttpclient.netty.handler.HttpHandler - Channel Closed: [id: 0x9d986557, L:/127.0.0.1:50315 ! R:localhost/127.0.0.1:50311] with attribute DISCARD
07:40:48.016 [AsyncHttpClient-1-11] DEBUG org.asynchttpclient.netty.handler.HttpHandler - 

Request DefaultFullHttpRequest(decodeResult: success, version: HTTP/1.1, content: EmptyByteBufBE)
DELETE /session/caba0f5284a7b5547337ba8d2bedfede HTTP/1.1
User-Agent: selenium/4.13.0 (java mac)
Content-Type: application/json; charset=utf-8
host: localhost:44435
accept: */*

Response DefaultHttpResponse(decodeResult: success, version: HTTP/1.1)
HTTP/1.1 200 OK
Content-Length: 14
Content-Type: application/json; charset=utf-8
cache-control: no-cache

07:40:48.016 [AsyncHttpClient-1-11] DEBUG org.asynchttpclient.netty.channel.ChannelManager - Adding key: http://localhost:44435 for channel [id: 0xf4d56d49, L:/127.0.0.1:50310 - R:localhost/127.0.0.1:44435]
07:40:48.052 [AsyncHttpClient-1-11] DEBUG org.asynchttpclient.netty.handler.HttpHandler - Channel Closed: [id: 0xf4d56d49, L:/127.0.0.1:50310 ! R:localhost/127.0.0.1:44435] with attribute DISCARD
07:40:48.135 [AsyncHttpClient-1-14] DEBUG org.asynchttpclient.netty.channel.NettyConnectListener - Using new Channel '[id: 0x3c9df1b6, L:/127.0.0.1:50373 - R:localhost/127.0.0.1:4461]' for 'POST' to '/session'
07:40:48.916 [AsyncHttpClient-1-14] DEBUG org.asynchttpclient.netty.handler.HttpHandler - 

Request DefaultHttpRequest(decodeResult: success, version: HTTP/1.1)
POST /session HTTP/1.1
User-Agent: selenium/4.13.0 (java mac)
Content-Length: 291
Content-Type: application/json; charset=utf-8
host: localhost:4461
accept: */*

Response DefaultHttpResponse(decodeResult: success, version: HTTP/1.1)
HTTP/1.1 200 OK
Content-Length: 891
Content-Type: application/json; charset=utf-8
cache-control: no-cache

07:40:48.916 [AsyncHttpClient-1-14] DEBUG org.asynchttpclient.netty.channel.ChannelManager - Adding key: http://localhost:4461 for channel [id: 0x3c9df1b6, L:/127.0.0.1:50373 - R:localhost/127.0.0.1:4461]
07:40:48.921 [AsyncHttpClient-1-15] DEBUG org.asynchttpclient.netty.channel.NettyConnectListener - Using new Channel '[id: 0x0459d034, L:/127.0.0.1:50378 - R:localhost/127.0.0.1:50374]' for 'GET' to '/json/version'
07:40:48.924 [AsyncHttpClient-1-15] DEBUG org.asynchttpclient.netty.handler.HttpHandler - 

Request DefaultFullHttpRequest(decodeResult: success, version: HTTP/1.1, content: EmptyByteBufBE)
GET /json/version HTTP/1.1
User-Agent: selenium/4.13.0 (java mac)
host: localhost:50374
accept: */*

Response DefaultHttpResponse(decodeResult: success, version: HTTP/1.1)
HTTP/1.1 200 OK
Content-Security-Policy: frame-ancestors 'none'
Content-Length: 422
Content-Type: application/json; charset=UTF-8

07:40:48.924 [AsyncHttpClient-1-15] DEBUG org.asynchttpclient.netty.channel.ChannelManager - Adding key: http://localhost:50374 for channel [id: 0x0459d034, L:/127.0.0.1:50378 - R:localhost/127.0.0.1:50374]
07:40:48.927 [AsyncHttpClient-1-16] DEBUG org.asynchttpclient.netty.channel.NettyConnectListener - Using new Channel '[id: 0xa23adce1, L:/127.0.0.1:50379 - R:localhost/127.0.0.1:50374]' for 'GET' to '/devtools/browser/2991cf92-6e4c-4a2c-9808-c5bb7c285db9'
07:40:48.930 [AsyncHttpClient-1-16] DEBUG org.asynchttpclient.netty.handler.WebSocketHandler - 

Request DefaultFullHttpRequest(decodeResult: success, version: HTTP/1.1, content: EmptyByteBufBE)
GET /devtools/browser/2991cf92-6e4c-4a2c-9808-c5bb7c285db9 HTTP/1.1
upgrade: websocket
connection: upgrade
sec-websocket-key: +GjRHLRVy7Ty6yYGzrMXUw==
sec-websocket-version: 13
origin: http://localhost:50374
host: localhost:50374
accept: */*
user-agent: AHC/2.1

Response DefaultHttpResponse(decodeResult: success, version: HTTP/1.1)
HTTP/1.1 101 WebSocket Protocol Handshake
Upgrade: WebSocket
Connection: Upgrade
Sec-WebSocket-Accept: /VeVXGC838SQt46iMcG28DCORN0=

07:40:48.934 [Forwarding maximizeCurrentWindow on session 4efaf5446ce2fd7e99884c4d98c2f67c to remote] DEBUG org.asynchttpclient.netty.request.NettyRequestSender - Using pooled Channel '[id: 0x3c9df1b6, L:/127.0.0.1:50373 - R:localhost/127.0.0.1:4461]' for 'POST' to 'http://localhost:4461/session/4efaf5446ce2fd7e99884c4d98c2f67c/window/maximize'
07:40:48.934 [Forwarding maximizeCurrentWindow on session 4efaf5446ce2fd7e99884c4d98c2f67c to remote] DEBUG org.asynchttpclient.netty.request.NettyRequestSender - Using open Channel [id: 0x3c9df1b6, L:/127.0.0.1:50373 - R:localhost/127.0.0.1:4461] for POST '/session/4efaf5446ce2fd7e99884c4d98c2f67c/window/maximize'
07:40:48.982 [AsyncHttpClient-1-1] DEBUG org.asynchttpclient.netty.channel.DefaultChannelPool - Entry count for : http://localhost:50374 : 1
07:40:48.983 [AsyncHttpClient-1-1] DEBUG org.asynchttpclient.netty.channel.DefaultChannelPool - Entry count for : http://localhost:44435 : 1
07:40:48.983 [AsyncHttpClient-1-1] DEBUG org.asynchttpclient.netty.channel.DefaultChannelPool - Entry count for : http://localhost:50311 : 1
07:40:48.983 [AsyncHttpClient-1-1] DEBUG org.asynchttpclient.netty.channel.DefaultChannelPool - Adding Candidate expired Channel [id: 0xf4d56d49, L:/127.0.0.1:50310 ! R:localhost/127.0.0.1:44435] isIdleTimeoutExpired=false isRemotelyClosed=true isTtlExpired=false
07:40:48.983 [AsyncHttpClient-1-1] DEBUG org.asynchttpclient.netty.channel.DefaultChannelPool - Closing Idle Channel [id: 0xf4d56d49, L:/127.0.0.1:50310 ! R:localhost/127.0.0.1:44435]
07:40:48.983 [AsyncHttpClient-1-1] DEBUG org.asynchttpclient.netty.channel.DefaultChannelPool - Adding Candidate expired Channel [id: 0x9d986557, L:/127.0.0.1:50315 ! R:localhost/127.0.0.1:50311] isIdleTimeoutExpired=false isRemotelyClosed=true isTtlExpired=false
07:40:48.983 [AsyncHttpClient-1-1] DEBUG org.asynchttpclient.netty.channel.DefaultChannelPool - Closing Idle Channel [id: 0x9d986557, L:/127.0.0.1:50315 ! R:localhost/127.0.0.1:50311]
07:40:48.983 [AsyncHttpClient-1-1] DEBUG org.asynchttpclient.netty.channel.DefaultChannelPool - Closed 2 connections out of 3 in 0 ms
07:40:49.397 [AsyncHttpClient-1-14] DEBUG org.asynchttpclient.netty.handler.HttpHandler - 

Request DefaultHttpRequest(decodeResult: success, version: HTTP/1.1)
POST /session/4efaf5446ce2fd7e99884c4d98c2f67c/window/maximize HTTP/1.1
User-Agent: selenium/4.13.0 (java mac)
Content-Length: 3
Content-Type: application/json; charset=utf-8
host: localhost:4461
accept: */*

Response DefaultHttpResponse(decodeResult: success, version: HTTP/1.1)
HTTP/1.1 200 OK
Content-Length: 50
Content-Type: application/json; charset=utf-8
cache-control: no-cache

07:40:49.398 [AsyncHttpClient-1-14] DEBUG org.asynchttpclient.netty.channel.ChannelManager - Adding key: http://localhost:4461 for channel [id: 0x3c9df1b6, L:/127.0.0.1:50373 - R:localhost/127.0.0.1:4461]
07:40:49.399 [Forwarding get on session 4efaf5446ce2fd7e99884c4d98c2f67c to remote] DEBUG org.asynchttpclient.netty.request.NettyRequestSender - Using pooled Channel '[id: 0x3c9df1b6, L:/127.0.0.1:50373 - R:localhost/127.0.0.1:4461]' for 'POST' to 'http://localhost:4461/session/4efaf5446ce2fd7e99884c4d98c2f67c/url'
07:40:49.399 [Forwarding get on session 4efaf5446ce2fd7e99884c4d98c2f67c to remote] DEBUG org.asynchttpclient.netty.request.NettyRequestSender - Using open Channel [id: 0x3c9df1b6, L:/127.0.0.1:50373 - R:localhost/127.0.0.1:4461] for POST '/session/4efaf5446ce2fd7e99884c4d98c2f67c/url'
07:40:50.086 [AsyncHttpClient-1-1] DEBUG org.asynchttpclient.netty.channel.DefaultChannelPool - Entry count for : http://localhost:50374 : 1
07:40:51.184 [AsyncHttpClient-1-1] DEBUG org.asynchttpclient.netty.channel.DefaultChannelPool - Entry count for : http://localhost:50374 : 1
07:40:52.283 [AsyncHttpClient-1-1] DEBUG org.asynchttpclient.netty.channel.DefaultChannelPool - Entry count for : http://localhost:50374 : 1
07:40:52.540 [AsyncHttpClient-1-14] DEBUG org.asynchttpclient.netty.handler.HttpHandler - 

Request DefaultHttpRequest(decodeResult: success, version: HTTP/1.1)
POST /session/4efaf5446ce2fd7e99884c4d98c2f67c/url HTTP/1.1
User-Agent: selenium/4.13.0 (java mac)
Content-Length: 57
Content-Type: application/json; charset=utf-8
host: localhost:4461
accept: */*

Response DefaultHttpResponse(decodeResult: success, version: HTTP/1.1)
HTTP/1.1 200 OK
Content-Length: 14
Content-Type: application/json; charset=utf-8
cache-control: no-cache

07:40:52.541 [AsyncHttpClient-1-14] DEBUG org.asynchttpclient.netty.channel.ChannelManager - Adding key: http://localhost:4461 for channel [id: 0x3c9df1b6, L:/127.0.0.1:50373 - R:localhost/127.0.0.1:4461]
Step 1 : Open URL - https://www.makemytrip.com/
Step 2 : Click on super offer tab in header.
07:40:52.542 [Forwarding findElement on session 4efaf5446ce2fd7e99884c4d98c2f67c to remote] DEBUG org.asynchttpclient.netty.request.NettyRequestSender - Using pooled Channel '[id: 0x3c9df1b6, L:/127.0.0.1:50373 - R:localhost/127.0.0.1:4461]' for 'POST' to 'http://localhost:4461/session/4efaf5446ce2fd7e99884c4d98c2f67c/element'
07:40:52.542 [Forwarding findElement on session 4efaf5446ce2fd7e99884c4d98c2f67c to remote] DEBUG org.asynchttpclient.netty.request.NettyRequestSender - Using open Channel [id: 0x3c9df1b6, L:/127.0.0.1:50373 - R:localhost/127.0.0.1:4461] for POST '/session/4efaf5446ce2fd7e99884c4d98c2f67c/element'
07:40:52.556 [AsyncHttpClient-1-14] DEBUG org.asynchttpclient.netty.handler.HttpHandler - 

Request DefaultHttpRequest(decodeResult: success, version: HTTP/1.1)
POST /session/4efaf5446ce2fd7e99884c4d98c2f67c/element HTTP/1.1
User-Agent: selenium/4.13.0 (java mac)
Content-Length: 106
Content-Type: application/json; charset=utf-8
host: localhost:4461
accept: */*

Response DefaultHttpResponse(decodeResult: success, version: HTTP/1.1)
HTTP/1.1 404 Not Found
Content-Length: 1968
Content-Type: application/json; charset=utf-8
cache-control: no-cache

07:40:52.557 [AsyncHttpClient-1-14] DEBUG org.asynchttpclient.netty.channel.ChannelManager - Adding key: http://localhost:4461 for channel [id: 0x3c9df1b6, L:/127.0.0.1:50373 - R:localhost/127.0.0.1:4461]
07:40:53.060 [Forwarding findElement on session 4efaf5446ce2fd7e99884c4d98c2f67c to remote] DEBUG org.asynchttpclient.netty.request.NettyRequestSender - Using pooled Channel '[id: 0x3c9df1b6, L:/127.0.0.1:50373 - R:localhost/127.0.0.1:4461]' for 'POST' to 'http://localhost:4461/session/4efaf5446ce2fd7e99884c4d98c2f67c/element'
07:40:53.060 [Forwarding findElement on session 4efaf5446ce2fd7e99884c4d98c2f67c to remote] DEBUG org.asynchttpclient.netty.request.NettyRequestSender - Using open Channel [id: 0x3c9df1b6, L:/127.0.0.1:50373 - R:localhost/127.0.0.1:4461] for POST '/session/4efaf5446ce2fd7e99884c4d98c2f67c/element'
07:40:53.071 [AsyncHttpClient-1-14] DEBUG org.asynchttpclient.netty.handler.HttpHandler - 

Request DefaultHttpRequest(decodeResult: success, version: HTTP/1.1)
POST /session/4efaf5446ce2fd7e99884c4d98c2f67c/element HTTP/1.1
User-Agent: selenium/4.13.0 (java mac)
Content-Length: 106
Content-Type: application/json; charset=utf-8
host: localhost:4461
accept: */*

Response DefaultHttpResponse(decodeResult: success, version: HTTP/1.1)
HTTP/1.1 200 OK
Content-Length: 95
Content-Type: application/json; charset=utf-8
cache-control: no-cache

07:40:53.071 [AsyncHttpClient-1-14] DEBUG org.asynchttpclient.netty.channel.ChannelManager - Adding key: http://localhost:4461 for channel [id: 0x3c9df1b6, L:/127.0.0.1:50373 - R:localhost/127.0.0.1:4461]
07:40:53.073 [Forwarding isElementDisplayed on session 4efaf5446ce2fd7e99884c4d98c2f67c to remote] DEBUG org.asynchttpclient.netty.request.NettyRequestSender - Using pooled Channel '[id: 0x3c9df1b6, L:/127.0.0.1:50373 - R:localhost/127.0.0.1:4461]' for 'POST' to 'http://localhost:4461/session/4efaf5446ce2fd7e99884c4d98c2f67c/execute/sync'
07:40:53.073 [Forwarding isElementDisplayed on session 4efaf5446ce2fd7e99884c4d98c2f67c to remote] DEBUG org.asynchttpclient.netty.request.NettyRequestSender - Using open Channel [id: 0x3c9df1b6, L:/127.0.0.1:50373 - R:localhost/127.0.0.1:4461] for POST '/session/4efaf5446ce2fd7e99884c4d98c2f67c/execute/sync'
07:40:53.086 [AsyncHttpClient-1-14] DEBUG org.asynchttpclient.netty.handler.HttpHandler - 

Request DefaultHttpRequest(decodeResult: success, version: HTTP/1.1)
POST /session/4efaf5446ce2fd7e99884c4d98c2f67c/execute/sync HTTP/1.1
User-Agent: selenium/4.13.0 (java mac)
Content-Length: 48814
Content-Type: application/json; charset=utf-8
host: localhost:4461
accept: */*

Response DefaultHttpResponse(decodeResult: success, version: HTTP/1.1)
HTTP/1.1 200 OK
Content-Length: 14
Content-Type: application/json; charset=utf-8
cache-control: no-cache

07:40:53.086 [AsyncHttpClient-1-14] DEBUG org.asynchttpclient.netty.channel.ChannelManager - Adding key: http://localhost:4461 for channel [id: 0x3c9df1b6, L:/127.0.0.1:50373 - R:localhost/127.0.0.1:4461]
07:40:53.087 [Forwarding isElementEnabled on session 4efaf5446ce2fd7e99884c4d98c2f67c to remote] DEBUG org.asynchttpclient.netty.request.NettyRequestSender - Using pooled Channel '[id: 0x3c9df1b6, L:/127.0.0.1:50373 - R:localhost/127.0.0.1:4461]' for 'GET' to 'http://localhost:4461/session/4efaf5446ce2fd7e99884c4d98c2f67c/element/21E744AC5229BD6F97EBB1DF5EF9173C_element_31/enabled'
07:40:53.087 [Forwarding isElementEnabled on session 4efaf5446ce2fd7e99884c4d98c2f67c to remote] DEBUG org.asynchttpclient.netty.request.NettyRequestSender - Using open Channel [id: 0x3c9df1b6, L:/127.0.0.1:50373 - R:localhost/127.0.0.1:4461] for GET '/session/4efaf5446ce2fd7e99884c4d98c2f67c/element/21E744AC5229BD6F97EBB1DF5EF9173C_element_31/enabled'
07:40:53.095 [AsyncHttpClient-1-14] DEBUG org.asynchttpclient.netty.handler.HttpHandler - 

Request DefaultFullHttpRequest(decodeResult: success, version: HTTP/1.1, content: EmptyByteBufBE)
GET /session/4efaf5446ce2fd7e99884c4d98c2f67c/element/21E744AC5229BD6F97EBB1DF5EF9173C_element_31/enabled HTTP/1.1
Cache-Control: no-cache
User-Agent: selenium/4.13.0 (java mac)
Content-Type: application/json; charset=utf-8
host: localhost:4461
accept: */*

Response DefaultHttpResponse(decodeResult: success, version: HTTP/1.1)
HTTP/1.1 200 OK
Content-Length: 14
Content-Type: application/json; charset=utf-8
cache-control: no-cache

07:40:53.096 [AsyncHttpClient-1-14] DEBUG org.asynchttpclient.netty.channel.ChannelManager - Adding key: http://localhost:4461 for channel [id: 0x3c9df1b6, L:/127.0.0.1:50373 - R:localhost/127.0.0.1:4461]
07:40:53.097 [Forwarding executeScript on session 4efaf5446ce2fd7e99884c4d98c2f67c to remote] DEBUG org.asynchttpclient.netty.request.NettyRequestSender - Using pooled Channel '[id: 0x3c9df1b6, L:/127.0.0.1:50373 - R:localhost/127.0.0.1:4461]' for 'POST' to 'http://localhost:4461/session/4efaf5446ce2fd7e99884c4d98c2f67c/execute/sync'
07:40:53.097 [Forwarding executeScript on session 4efaf5446ce2fd7e99884c4d98c2f67c to remote] DEBUG org.asynchttpclient.netty.request.NettyRequestSender - Using open Channel [id: 0x3c9df1b6, L:/127.0.0.1:50373 - R:localhost/127.0.0.1:4461] for POST '/session/4efaf5446ce2fd7e99884c4d98c2f67c/execute/sync'
07:40:53.102 [AsyncHttpClient-1-14] DEBUG org.asynchttpclient.netty.handler.HttpHandler - 

Request DefaultHttpRequest(decodeResult: success, version: HTTP/1.1)
POST /session/4efaf5446ce2fd7e99884c4d98c2f67c/execute/sync HTTP/1.1
User-Agent: selenium/4.13.0 (java mac)
Content-Length: 179
Content-Type: application/json; charset=utf-8
host: localhost:4461
accept: */*

Response DefaultHttpResponse(decodeResult: success, version: HTTP/1.1)
HTTP/1.1 200 OK
Content-Length: 14
Content-Type: application/json; charset=utf-8
cache-control: no-cache

07:40:53.102 [AsyncHttpClient-1-14] DEBUG org.asynchttpclient.netty.channel.ChannelManager - Adding key: http://localhost:4461 for channel [id: 0x3c9df1b6, L:/127.0.0.1:50373 - R:localhost/127.0.0.1:4461]
07:40:53.103 [Forwarding clickElement on session 4efaf5446ce2fd7e99884c4d98c2f67c to remote] DEBUG org.asynchttpclient.netty.request.NettyRequestSender - Using pooled Channel '[id: 0x3c9df1b6, L:/127.0.0.1:50373 - R:localhost/127.0.0.1:4461]' for 'POST' to 'http://localhost:4461/session/4efaf5446ce2fd7e99884c4d98c2f67c/element/21E744AC5229BD6F97EBB1DF5EF9173C_element_31/click'
07:40:53.103 [Forwarding clickElement on session 4efaf5446ce2fd7e99884c4d98c2f67c to remote] DEBUG org.asynchttpclient.netty.request.NettyRequestSender - Using open Channel [id: 0x3c9df1b6, L:/127.0.0.1:50373 - R:localhost/127.0.0.1:4461] for POST '/session/4efaf5446ce2fd7e99884c4d98c2f67c/element/21E744AC5229BD6F97EBB1DF5EF9173C_element_31/click'
07:40:53.207 [AsyncHttpClient-1-14] DEBUG org.asynchttpclient.netty.handler.HttpHandler - 

Request DefaultHttpRequest(decodeResult: success, version: HTTP/1.1)
POST /session/4efaf5446ce2fd7e99884c4d98c2f67c/element/21E744AC5229BD6F97EBB1DF5EF9173C_element_31/click HTTP/1.1
User-Agent: selenium/4.13.0 (java mac)
Content-Length: 57
Content-Type: application/json; charset=utf-8
host: localhost:4461
accept: */*

Response DefaultHttpResponse(decodeResult: success, version: HTTP/1.1)
HTTP/1.1 200 OK
Content-Length: 14
Content-Type: application/json; charset=utf-8
cache-control: no-cache

07:40:53.207 [AsyncHttpClient-1-14] DEBUG org.asynchttpclient.netty.channel.ChannelManager - Adding key: http://localhost:4461 for channel [id: 0x3c9df1b6, L:/127.0.0.1:50373 - R:localhost/127.0.0.1:4461]
Step 3 : Verify offer page opened.
07:40:53.208 [Forwarding getCurrentWindowHandle on session 4efaf5446ce2fd7e99884c4d98c2f67c to remote] DEBUG org.asynchttpclient.netty.request.NettyRequestSender - Using pooled Channel '[id: 0x3c9df1b6, L:/127.0.0.1:50373 - R:localhost/127.0.0.1:4461]' for 'GET' to 'http://localhost:4461/session/4efaf5446ce2fd7e99884c4d98c2f67c/window'
07:40:53.208 [Forwarding getCurrentWindowHandle on session 4efaf5446ce2fd7e99884c4d98c2f67c to remote] DEBUG org.asynchttpclient.netty.request.NettyRequestSender - Using open Channel [id: 0x3c9df1b6, L:/127.0.0.1:50373 - R:localhost/127.0.0.1:4461] for GET '/session/4efaf5446ce2fd7e99884c4d98c2f67c/window'
07:40:53.208 [AsyncHttpClient-1-14] DEBUG org.asynchttpclient.netty.handler.HttpHandler - 

Request DefaultFullHttpRequest(decodeResult: success, version: HTTP/1.1, content: EmptyByteBufBE)
GET /session/4efaf5446ce2fd7e99884c4d98c2f67c/window HTTP/1.1
Cache-Control: no-cache
User-Agent: selenium/4.13.0 (java mac)
Content-Type: application/json; charset=utf-8
host: localhost:4461
accept: */*

Response DefaultHttpResponse(decodeResult: success, version: HTTP/1.1)
HTTP/1.1 200 OK
Content-Length: 44
Content-Type: application/json; charset=utf-8
cache-control: no-cache

07:40:53.208 [AsyncHttpClient-1-14] DEBUG org.asynchttpclient.netty.channel.ChannelManager - Adding key: http://localhost:4461 for channel [id: 0x3c9df1b6, L:/127.0.0.1:50373 - R:localhost/127.0.0.1:4461]
07:40:53.209 [Forwarding getWindowHandles on session 4efaf5446ce2fd7e99884c4d98c2f67c to remote] DEBUG org.asynchttpclient.netty.request.NettyRequestSender - Using pooled Channel '[id: 0x3c9df1b6, L:/127.0.0.1:50373 - R:localhost/127.0.0.1:4461]' for 'GET' to 'http://localhost:4461/session/4efaf5446ce2fd7e99884c4d98c2f67c/window/handles'
07:40:53.209 [Forwarding getWindowHandles on session 4efaf5446ce2fd7e99884c4d98c2f67c to remote] DEBUG org.asynchttpclient.netty.request.NettyRequestSender - Using open Channel [id: 0x3c9df1b6, L:/127.0.0.1:50373 - R:localhost/127.0.0.1:4461] for GET '/session/4efaf5446ce2fd7e99884c4d98c2f67c/window/handles'
07:40:53.215 [AsyncHttpClient-1-14] DEBUG org.asynchttpclient.netty.handler.HttpHandler - 

Request DefaultFullHttpRequest(decodeResult: success, version: HTTP/1.1, content: EmptyByteBufBE)
GET /session/4efaf5446ce2fd7e99884c4d98c2f67c/window/handles HTTP/1.1
Cache-Control: no-cache
User-Agent: selenium/4.13.0 (java mac)
Content-Type: application/json; charset=utf-8
host: localhost:4461
accept: */*

Response DefaultHttpResponse(decodeResult: success, version: HTTP/1.1)
HTTP/1.1 200 OK
Content-Length: 81
Content-Type: application/json; charset=utf-8
cache-control: no-cache

07:40:53.215 [AsyncHttpClient-1-14] DEBUG org.asynchttpclient.netty.channel.ChannelManager - Adding key: http://localhost:4461 for channel [id: 0x3c9df1b6, L:/127.0.0.1:50373 - R:localhost/127.0.0.1:4461]
07:40:53.216 [Forwarding switchToWindow on session 4efaf5446ce2fd7e99884c4d98c2f67c to remote] DEBUG org.asynchttpclient.netty.request.NettyRequestSender - Using pooled Channel '[id: 0x3c9df1b6, L:/127.0.0.1:50373 - R:localhost/127.0.0.1:4461]' for 'POST' to 'http://localhost:4461/session/4efaf5446ce2fd7e99884c4d98c2f67c/window'
07:40:53.216 [Forwarding switchToWindow on session 4efaf5446ce2fd7e99884c4d98c2f67c to remote] DEBUG org.asynchttpclient.netty.request.NettyRequestSender - Using open Channel [id: 0x3c9df1b6, L:/127.0.0.1:50373 - R:localhost/127.0.0.1:4461] for POST '/session/4efaf5446ce2fd7e99884c4d98c2f67c/window'
07:40:53.218 [AsyncHttpClient-1-14] DEBUG org.asynchttpclient.netty.handler.HttpHandler - 

Request DefaultHttpRequest(decodeResult: success, version: HTTP/1.1)
POST /session/4efaf5446ce2fd7e99884c4d98c2f67c/window HTTP/1.1
User-Agent: selenium/4.13.0 (java mac)
Content-Length: 50
Content-Type: application/json; charset=utf-8
host: localhost:4461
accept: */*

Response DefaultHttpResponse(decodeResult: success, version: HTTP/1.1)
HTTP/1.1 200 OK
Content-Length: 14
Content-Type: application/json; charset=utf-8
cache-control: no-cache

07:40:53.218 [AsyncHttpClient-1-14] DEBUG org.asynchttpclient.netty.channel.ChannelManager - Adding key: http://localhost:4461 for channel [id: 0x3c9df1b6, L:/127.0.0.1:50373 - R:localhost/127.0.0.1:4461]
07:40:53.218 [Forwarding getCurrentUrl on session 4efaf5446ce2fd7e99884c4d98c2f67c to remote] DEBUG org.asynchttpclient.netty.request.NettyRequestSender - Using pooled Channel '[id: 0x3c9df1b6, L:/127.0.0.1:50373 - R:localhost/127.0.0.1:4461]' for 'GET' to 'http://localhost:4461/session/4efaf5446ce2fd7e99884c4d98c2f67c/url'
07:40:53.218 [Forwarding getCurrentUrl on session 4efaf5446ce2fd7e99884c4d98c2f67c to remote] DEBUG org.asynchttpclient.netty.request.NettyRequestSender - Using open Channel [id: 0x3c9df1b6, L:/127.0.0.1:50373 - R:localhost/127.0.0.1:4461] for GET '/session/4efaf5446ce2fd7e99884c4d98c2f67c/url'
07:40:53.383 [AsyncHttpClient-1-1] DEBUG org.asynchttpclient.netty.channel.DefaultChannelPool - Entry count for : http://localhost:50374 : 1
07:40:54.483 [AsyncHttpClient-1-1] DEBUG org.asynchttpclient.netty.channel.DefaultChannelPool - Entry count for : http://localhost:50374 : 1
07:40:55.276 [AsyncHttpClient-1-14] DEBUG org.asynchttpclient.netty.handler.HttpHandler - 

Request DefaultFullHttpRequest(decodeResult: success, version: HTTP/1.1, content: EmptyByteBufBE)
GET /session/4efaf5446ce2fd7e99884c4d98c2f67c/url HTTP/1.1
Cache-Control: no-cache
User-Agent: selenium/4.13.0 (java mac)
Content-Type: application/json; charset=utf-8
host: localhost:4461
accept: */*

Response DefaultHttpResponse(decodeResult: success, version: HTTP/1.1)
HTTP/1.1 200 OK
Content-Length: 46
Content-Type: application/json; charset=utf-8
cache-control: no-cache

07:40:55.276 [AsyncHttpClient-1-14] DEBUG org.asynchttpclient.netty.channel.ChannelManager - Adding key: http://localhost:4461 for channel [id: 0x3c9df1b6, L:/127.0.0.1:50373 - R:localhost/127.0.0.1:4461]
Step 4 : Click on hotels radio button.
07:40:55.277 [Forwarding findElement on session 4efaf5446ce2fd7e99884c4d98c2f67c to remote] DEBUG org.asynchttpclient.netty.request.NettyRequestSender - Using pooled Channel '[id: 0x3c9df1b6, L:/127.0.0.1:50373 - R:localhost/127.0.0.1:4461]' for 'POST' to 'http://localhost:4461/session/4efaf5446ce2fd7e99884c4d98c2f67c/element'
07:40:55.277 [Forwarding findElement on session 4efaf5446ce2fd7e99884c4d98c2f67c to remote] DEBUG org.asynchttpclient.netty.request.NettyRequestSender - Using open Channel [id: 0x3c9df1b6, L:/127.0.0.1:50373 - R:localhost/127.0.0.1:4461] for POST '/session/4efaf5446ce2fd7e99884c4d98c2f67c/element'
07:40:55.288 [AsyncHttpClient-1-14] DEBUG org.asynchttpclient.netty.handler.HttpHandler - 

Request DefaultHttpRequest(decodeResult: success, version: HTTP/1.1)
POST /session/4efaf5446ce2fd7e99884c4d98c2f67c/element HTTP/1.1
User-Agent: selenium/4.13.0 (java mac)
Content-Length: 66
Content-Type: application/json; charset=utf-8
host: localhost:4461
accept: */*

Response DefaultHttpResponse(decodeResult: success, version: HTTP/1.1)
HTTP/1.1 200 OK
Content-Length: 96
Content-Type: application/json; charset=utf-8
cache-control: no-cache

07:40:55.288 [AsyncHttpClient-1-14] DEBUG org.asynchttpclient.netty.channel.ChannelManager - Adding key: http://localhost:4461 for channel [id: 0x3c9df1b6, L:/127.0.0.1:50373 - R:localhost/127.0.0.1:4461]
07:40:55.290 [Forwarding isElementDisplayed on session 4efaf5446ce2fd7e99884c4d98c2f67c to remote] DEBUG org.asynchttpclient.netty.request.NettyRequestSender - Using pooled Channel '[id: 0x3c9df1b6, L:/127.0.0.1:50373 - R:localhost/127.0.0.1:4461]' for 'POST' to 'http://localhost:4461/session/4efaf5446ce2fd7e99884c4d98c2f67c/execute/sync'
07:40:55.290 [Forwarding isElementDisplayed on session 4efaf5446ce2fd7e99884c4d98c2f67c to remote] DEBUG org.asynchttpclient.netty.request.NettyRequestSender - Using open Channel [id: 0x3c9df1b6, L:/127.0.0.1:50373 - R:localhost/127.0.0.1:4461] for POST '/session/4efaf5446ce2fd7e99884c4d98c2f67c/execute/sync'
07:40:55.301 [AsyncHttpClient-1-14] DEBUG org.asynchttpclient.netty.handler.HttpHandler - 

Request DefaultHttpRequest(decodeResult: success, version: HTTP/1.1)
POST /session/4efaf5446ce2fd7e99884c4d98c2f67c/execute/sync HTTP/1.1
User-Agent: selenium/4.13.0 (java mac)
Content-Length: 48815
Content-Type: application/json; charset=utf-8
host: localhost:4461
accept: */*

Response DefaultHttpResponse(decodeResult: success, version: HTTP/1.1)
HTTP/1.1 200 OK
Content-Length: 14
Content-Type: application/json; charset=utf-8
cache-control: no-cache

07:40:55.301 [AsyncHttpClient-1-14] DEBUG org.asynchttpclient.netty.channel.ChannelManager - Adding key: http://localhost:4461 for channel [id: 0x3c9df1b6, L:/127.0.0.1:50373 - R:localhost/127.0.0.1:4461]
07:40:55.301 [Forwarding isElementEnabled on session 4efaf5446ce2fd7e99884c4d98c2f67c to remote] DEBUG org.asynchttpclient.netty.request.NettyRequestSender - Using pooled Channel '[id: 0x3c9df1b6, L:/127.0.0.1:50373 - R:localhost/127.0.0.1:4461]' for 'GET' to 'http://localhost:4461/session/4efaf5446ce2fd7e99884c4d98c2f67c/element/E5FD1D86788686E97FAB50E270D0BA57_element_102/enabled'
07:40:55.301 [Forwarding isElementEnabled on session 4efaf5446ce2fd7e99884c4d98c2f67c to remote] DEBUG org.asynchttpclient.netty.request.NettyRequestSender - Using open Channel [id: 0x3c9df1b6, L:/127.0.0.1:50373 - R:localhost/127.0.0.1:4461] for GET '/session/4efaf5446ce2fd7e99884c4d98c2f67c/element/E5FD1D86788686E97FAB50E270D0BA57_element_102/enabled'
07:40:55.306 [AsyncHttpClient-1-14] DEBUG org.asynchttpclient.netty.handler.HttpHandler - 

Request DefaultFullHttpRequest(decodeResult: success, version: HTTP/1.1, content: EmptyByteBufBE)
GET /session/4efaf5446ce2fd7e99884c4d98c2f67c/element/E5FD1D86788686E97FAB50E270D0BA57_element_102/enabled HTTP/1.1
Cache-Control: no-cache
User-Agent: selenium/4.13.0 (java mac)
Content-Type: application/json; charset=utf-8
host: localhost:4461
accept: */*

Response DefaultHttpResponse(decodeResult: success, version: HTTP/1.1)
HTTP/1.1 200 OK
Content-Length: 14
Content-Type: application/json; charset=utf-8
cache-control: no-cache

07:40:55.307 [AsyncHttpClient-1-14] DEBUG org.asynchttpclient.netty.channel.ChannelManager - Adding key: http://localhost:4461 for channel [id: 0x3c9df1b6, L:/127.0.0.1:50373 - R:localhost/127.0.0.1:4461]
07:40:55.307 [Forwarding executeScript on session 4efaf5446ce2fd7e99884c4d98c2f67c to remote] DEBUG org.asynchttpclient.netty.request.NettyRequestSender - Using pooled Channel '[id: 0x3c9df1b6, L:/127.0.0.1:50373 - R:localhost/127.0.0.1:4461]' for 'POST' to 'http://localhost:4461/session/4efaf5446ce2fd7e99884c4d98c2f67c/execute/sync'
07:40:55.307 [Forwarding executeScript on session 4efaf5446ce2fd7e99884c4d98c2f67c to remote] DEBUG org.asynchttpclient.netty.request.NettyRequestSender - Using open Channel [id: 0x3c9df1b6, L:/127.0.0.1:50373 - R:localhost/127.0.0.1:4461] for POST '/session/4efaf5446ce2fd7e99884c4d98c2f67c/execute/sync'
07:40:55.310 [AsyncHttpClient-1-14] DEBUG org.asynchttpclient.netty.handler.HttpHandler - 

Request DefaultHttpRequest(decodeResult: success, version: HTTP/1.1)
POST /session/4efaf5446ce2fd7e99884c4d98c2f67c/execute/sync HTTP/1.1
User-Agent: selenium/4.13.0 (java mac)
Content-Length: 180
Content-Type: application/json; charset=utf-8
host: localhost:4461
accept: */*

Response DefaultHttpResponse(decodeResult: success, version: HTTP/1.1)
HTTP/1.1 200 OK
Content-Length: 14
Content-Type: application/json; charset=utf-8
cache-control: no-cache

07:40:55.311 [AsyncHttpClient-1-14] DEBUG org.asynchttpclient.netty.channel.ChannelManager - Adding key: http://localhost:4461 for channel [id: 0x3c9df1b6, L:/127.0.0.1:50373 - R:localhost/127.0.0.1:4461]
07:40:55.311 [Forwarding executeScript on session 4efaf5446ce2fd7e99884c4d98c2f67c to remote] DEBUG org.asynchttpclient.netty.request.NettyRequestSender - Using pooled Channel '[id: 0x3c9df1b6, L:/127.0.0.1:50373 - R:localhost/127.0.0.1:4461]' for 'POST' to 'http://localhost:4461/session/4efaf5446ce2fd7e99884c4d98c2f67c/execute/sync'
07:40:55.311 [Forwarding executeScript on session 4efaf5446ce2fd7e99884c4d98c2f67c to remote] DEBUG org.asynchttpclient.netty.request.NettyRequestSender - Using open Channel [id: 0x3c9df1b6, L:/127.0.0.1:50373 - R:localhost/127.0.0.1:4461] for POST '/session/4efaf5446ce2fd7e99884c4d98c2f67c/execute/sync'
07:40:55.376 [AsyncHttpClient-1-14] DEBUG org.asynchttpclient.netty.handler.HttpHandler - 

Request DefaultHttpRequest(decodeResult: success, version: HTTP/1.1)
POST /session/4efaf5446ce2fd7e99884c4d98c2f67c/execute/sync HTTP/1.1
User-Agent: selenium/4.13.0 (java mac)
Content-Length: 167
Content-Type: application/json; charset=utf-8
host: localhost:4461
accept: */*

Response DefaultHttpResponse(decodeResult: success, version: HTTP/1.1)
HTTP/1.1 200 OK
Content-Length: 14
Content-Type: application/json; charset=utf-8
cache-control: no-cache

07:40:55.376 [AsyncHttpClient-1-14] DEBUG org.asynchttpclient.netty.channel.ChannelManager - Adding key: http://localhost:4461 for channel [id: 0x3c9df1b6, L:/127.0.0.1:50373 - R:localhost/127.0.0.1:4461]
Step 5 : Click on axis checkbox.
07:40:55.377 [Forwarding findElement on session 4efaf5446ce2fd7e99884c4d98c2f67c to remote] DEBUG org.asynchttpclient.netty.request.NettyRequestSender - Using pooled Channel '[id: 0x3c9df1b6, L:/127.0.0.1:50373 - R:localhost/127.0.0.1:4461]' for 'POST' to 'http://localhost:4461/session/4efaf5446ce2fd7e99884c4d98c2f67c/element'
07:40:55.377 [Forwarding findElement on session 4efaf5446ce2fd7e99884c4d98c2f67c to remote] DEBUG org.asynchttpclient.netty.request.NettyRequestSender - Using open Channel [id: 0x3c9df1b6, L:/127.0.0.1:50373 - R:localhost/127.0.0.1:4461] for POST '/session/4efaf5446ce2fd7e99884c4d98c2f67c/element'
07:40:55.433 [AsyncHttpClient-1-14] DEBUG org.asynchttpclient.netty.handler.HttpHandler - 

Request DefaultHttpRequest(decodeResult: success, version: HTTP/1.1)
POST /session/4efaf5446ce2fd7e99884c4d98c2f67c/element HTTP/1.1
User-Agent: selenium/4.13.0 (java mac)
Content-Length: 67
Content-Type: application/json; charset=utf-8
host: localhost:4461
accept: */*

Response DefaultHttpResponse(decodeResult: success, version: HTTP/1.1)
HTTP/1.1 200 OK
Content-Length: 96
Content-Type: application/json; charset=utf-8
cache-control: no-cache

07:40:55.433 [AsyncHttpClient-1-14] DEBUG org.asynchttpclient.netty.channel.ChannelManager - Adding key: http://localhost:4461 for channel [id: 0x3c9df1b6, L:/127.0.0.1:50373 - R:localhost/127.0.0.1:4461]
07:40:55.434 [Forwarding isElementDisplayed on session 4efaf5446ce2fd7e99884c4d98c2f67c to remote] DEBUG org.asynchttpclient.netty.request.NettyRequestSender - Using pooled Channel '[id: 0x3c9df1b6, L:/127.0.0.1:50373 - R:localhost/127.0.0.1:4461]' for 'POST' to 'http://localhost:4461/session/4efaf5446ce2fd7e99884c4d98c2f67c/execute/sync'
07:40:55.434 [Forwarding isElementDisplayed on session 4efaf5446ce2fd7e99884c4d98c2f67c to remote] DEBUG org.asynchttpclient.netty.request.NettyRequestSender - Using open Channel [id: 0x3c9df1b6, L:/127.0.0.1:50373 - R:localhost/127.0.0.1:4461] for POST '/session/4efaf5446ce2fd7e99884c4d98c2f67c/execute/sync'
07:40:55.444 [AsyncHttpClient-1-14] DEBUG org.asynchttpclient.netty.handler.HttpHandler - 

Request DefaultHttpRequest(decodeResult: success, version: HTTP/1.1)
POST /session/4efaf5446ce2fd7e99884c4d98c2f67c/execute/sync HTTP/1.1
User-Agent: selenium/4.13.0 (java mac)
Content-Length: 48815
Content-Type: application/json; charset=utf-8
host: localhost:4461
accept: */*

Response DefaultHttpResponse(decodeResult: success, version: HTTP/1.1)
HTTP/1.1 200 OK
Content-Length: 14
Content-Type: application/json; charset=utf-8
cache-control: no-cache

07:40:55.445 [AsyncHttpClient-1-14] DEBUG org.asynchttpclient.netty.channel.ChannelManager - Adding key: http://localhost:4461 for channel [id: 0x3c9df1b6, L:/127.0.0.1:50373 - R:localhost/127.0.0.1:4461]
07:40:55.445 [Forwarding isElementEnabled on session 4efaf5446ce2fd7e99884c4d98c2f67c to remote] DEBUG org.asynchttpclient.netty.request.NettyRequestSender - Using pooled Channel '[id: 0x3c9df1b6, L:/127.0.0.1:50373 - R:localhost/127.0.0.1:4461]' for 'GET' to 'http://localhost:4461/session/4efaf5446ce2fd7e99884c4d98c2f67c/element/E5FD1D86788686E97FAB50E270D0BA57_element_125/enabled'
07:40:55.445 [Forwarding isElementEnabled on session 4efaf5446ce2fd7e99884c4d98c2f67c to remote] DEBUG org.asynchttpclient.netty.request.NettyRequestSender - Using open Channel [id: 0x3c9df1b6, L:/127.0.0.1:50373 - R:localhost/127.0.0.1:4461] for GET '/session/4efaf5446ce2fd7e99884c4d98c2f67c/element/E5FD1D86788686E97FAB50E270D0BA57_element_125/enabled'
07:40:55.451 [AsyncHttpClient-1-14] DEBUG org.asynchttpclient.netty.handler.HttpHandler - 

Request DefaultFullHttpRequest(decodeResult: success, version: HTTP/1.1, content: EmptyByteBufBE)
GET /session/4efaf5446ce2fd7e99884c4d98c2f67c/element/E5FD1D86788686E97FAB50E270D0BA57_element_125/enabled HTTP/1.1
Cache-Control: no-cache
User-Agent: selenium/4.13.0 (java mac)
Content-Type: application/json; charset=utf-8
host: localhost:4461
accept: */*

Response DefaultHttpResponse(decodeResult: success, version: HTTP/1.1)
HTTP/1.1 200 OK
Content-Length: 14
Content-Type: application/json; charset=utf-8
cache-control: no-cache

07:40:55.451 [AsyncHttpClient-1-14] DEBUG org.asynchttpclient.netty.channel.ChannelManager - Adding key: http://localhost:4461 for channel [id: 0x3c9df1b6, L:/127.0.0.1:50373 - R:localhost/127.0.0.1:4461]
07:40:55.452 [Forwarding executeScript on session 4efaf5446ce2fd7e99884c4d98c2f67c to remote] DEBUG org.asynchttpclient.netty.request.NettyRequestSender - Using pooled Channel '[id: 0x3c9df1b6, L:/127.0.0.1:50373 - R:localhost/127.0.0.1:4461]' for 'POST' to 'http://localhost:4461/session/4efaf5446ce2fd7e99884c4d98c2f67c/execute/sync'
07:40:55.452 [Forwarding executeScript on session 4efaf5446ce2fd7e99884c4d98c2f67c to remote] DEBUG org.asynchttpclient.netty.request.NettyRequestSender - Using open Channel [id: 0x3c9df1b6, L:/127.0.0.1:50373 - R:localhost/127.0.0.1:4461] for POST '/session/4efaf5446ce2fd7e99884c4d98c2f67c/execute/sync'
07:40:55.460 [AsyncHttpClient-1-14] DEBUG org.asynchttpclient.netty.handler.HttpHandler - 

Request DefaultHttpRequest(decodeResult: success, version: HTTP/1.1)
POST /session/4efaf5446ce2fd7e99884c4d98c2f67c/execute/sync HTTP/1.1
User-Agent: selenium/4.13.0 (java mac)
Content-Length: 180
Content-Type: application/json; charset=utf-8
host: localhost:4461
accept: */*

Response DefaultHttpResponse(decodeResult: success, version: HTTP/1.1)
HTTP/1.1 200 OK
Content-Length: 14
Content-Type: application/json; charset=utf-8
cache-control: no-cache

07:40:55.460 [AsyncHttpClient-1-14] DEBUG org.asynchttpclient.netty.channel.ChannelManager - Adding key: http://localhost:4461 for channel [id: 0x3c9df1b6, L:/127.0.0.1:50373 - R:localhost/127.0.0.1:4461]
07:40:55.461 [Forwarding executeScript on session 4efaf5446ce2fd7e99884c4d98c2f67c to remote] DEBUG org.asynchttpclient.netty.request.NettyRequestSender - Using pooled Channel '[id: 0x3c9df1b6, L:/127.0.0.1:50373 - R:localhost/127.0.0.1:4461]' for 'POST' to 'http://localhost:4461/session/4efaf5446ce2fd7e99884c4d98c2f67c/execute/sync'
07:40:55.461 [Forwarding executeScript on session 4efaf5446ce2fd7e99884c4d98c2f67c to remote] DEBUG org.asynchttpclient.netty.request.NettyRequestSender - Using open Channel [id: 0x3c9df1b6, L:/127.0.0.1:50373 - R:localhost/127.0.0.1:4461] for POST '/session/4efaf5446ce2fd7e99884c4d98c2f67c/execute/sync'
07:40:55.506 [AsyncHttpClient-1-14] DEBUG org.asynchttpclient.netty.handler.HttpHandler - 

Request DefaultHttpRequest(decodeResult: success, version: HTTP/1.1)
POST /session/4efaf5446ce2fd7e99884c4d98c2f67c/execute/sync HTTP/1.1
User-Agent: selenium/4.13.0 (java mac)
Content-Length: 167
Content-Type: application/json; charset=utf-8
host: localhost:4461
accept: */*

Response DefaultHttpResponse(decodeResult: success, version: HTTP/1.1)
HTTP/1.1 200 OK
Content-Length: 14
Content-Type: application/json; charset=utf-8
cache-control: no-cache

07:40:55.506 [AsyncHttpClient-1-14] DEBUG org.asynchttpclient.netty.channel.ChannelManager - Adding key: http://localhost:4461 for channel [id: 0x3c9df1b6, L:/127.0.0.1:50373 - R:localhost/127.0.0.1:4461]
07:40:55.587 [AsyncHttpClient-1-1] DEBUG org.asynchttpclient.netty.channel.DefaultChannelPool - Entry count for : http://localhost:50374 : 1
07:40:55.587 [AsyncHttpClient-1-1] DEBUG org.asynchttpclient.netty.channel.DefaultChannelPool - Entry count for : http://localhost:4461 : 1
07:40:56.688 [AsyncHttpClient-1-1] DEBUG org.asynchttpclient.netty.channel.DefaultChannelPool - Entry count for : http://localhost:50374 : 1
07:40:56.688 [AsyncHttpClient-1-1] DEBUG org.asynchttpclient.netty.channel.DefaultChannelPool - Entry count for : http://localhost:4461 : 1
Step 6 : Verify all offers have axis bank logo with terms and conditions.
07:40:57.510 [Forwarding findElements on session 4efaf5446ce2fd7e99884c4d98c2f67c to remote] DEBUG org.asynchttpclient.netty.request.NettyRequestSender - Using pooled Channel '[id: 0x3c9df1b6, L:/127.0.0.1:50373 - R:localhost/127.0.0.1:4461]' for 'POST' to 'http://localhost:4461/session/4efaf5446ce2fd7e99884c4d98c2f67c/elements'
07:40:57.510 [Forwarding findElements on session 4efaf5446ce2fd7e99884c4d98c2f67c to remote] DEBUG org.asynchttpclient.netty.request.NettyRequestSender - Using open Channel [id: 0x3c9df1b6, L:/127.0.0.1:50373 - R:localhost/127.0.0.1:4461] for POST '/session/4efaf5446ce2fd7e99884c4d98c2f67c/elements'
07:40:57.522 [AsyncHttpClient-1-14] DEBUG org.asynchttpclient.netty.handler.HttpHandler - 

Request DefaultHttpRequest(decodeResult: success, version: HTTP/1.1)
POST /session/4efaf5446ce2fd7e99884c4d98c2f67c/elements HTTP/1.1
User-Agent: selenium/4.13.0 (java mac)
Content-Length: 72
Content-Type: application/json; charset=utf-8
host: localhost:4461
accept: */*

Response DefaultHttpResponse(decodeResult: success, version: HTTP/1.1)
HTTP/1.1 200 OK
Content-Length: 98
Content-Type: application/json; charset=utf-8
cache-control: no-cache

07:40:57.522 [AsyncHttpClient-1-14] DEBUG org.asynchttpclient.netty.channel.ChannelManager - Adding key: http://localhost:4461 for channel [id: 0x3c9df1b6, L:/127.0.0.1:50373 - R:localhost/127.0.0.1:4461]
07:40:57.523 [Forwarding findElement on session 4efaf5446ce2fd7e99884c4d98c2f67c to remote] DEBUG org.asynchttpclient.netty.request.NettyRequestSender - Using pooled Channel '[id: 0x3c9df1b6, L:/127.0.0.1:50373 - R:localhost/127.0.0.1:4461]' for 'POST' to 'http://localhost:4461/session/4efaf5446ce2fd7e99884c4d98c2f67c/element'
07:40:57.523 [Forwarding findElement on session 4efaf5446ce2fd7e99884c4d98c2f67c to remote] DEBUG org.asynchttpclient.netty.request.NettyRequestSender - Using open Channel [id: 0x3c9df1b6, L:/127.0.0.1:50373 - R:localhost/127.0.0.1:4461] for POST '/session/4efaf5446ce2fd7e99884c4d98c2f67c/element'
07:40:57.532 [AsyncHttpClient-1-14] DEBUG org.asynchttpclient.netty.handler.HttpHandler - 

Request DefaultHttpRequest(decodeResult: success, version: HTTP/1.1)
POST /session/4efaf5446ce2fd7e99884c4d98c2f67c/element HTTP/1.1
User-Agent: selenium/4.13.0 (java mac)
Content-Length: 75
Content-Type: application/json; charset=utf-8
host: localhost:4461
accept: */*

Response DefaultHttpResponse(decodeResult: success, version: HTTP/1.1)
HTTP/1.1 200 OK
Content-Length: 96
Content-Type: application/json; charset=utf-8
cache-control: no-cache

07:40:57.532 [AsyncHttpClient-1-14] DEBUG org.asynchttpclient.netty.channel.ChannelManager - Adding key: http://localhost:4461 for channel [id: 0x3c9df1b6, L:/127.0.0.1:50373 - R:localhost/127.0.0.1:4461]
07:40:57.533 [Forwarding executeScript on session 4efaf5446ce2fd7e99884c4d98c2f67c to remote] DEBUG org.asynchttpclient.netty.request.NettyRequestSender - Using pooled Channel '[id: 0x3c9df1b6, L:/127.0.0.1:50373 - R:localhost/127.0.0.1:4461]' for 'POST' to 'http://localhost:4461/session/4efaf5446ce2fd7e99884c4d98c2f67c/execute/sync'
07:40:57.533 [Forwarding executeScript on session 4efaf5446ce2fd7e99884c4d98c2f67c to remote] DEBUG org.asynchttpclient.netty.request.NettyRequestSender - Using open Channel [id: 0x3c9df1b6, L:/127.0.0.1:50373 - R:localhost/127.0.0.1:4461] for POST '/session/4efaf5446ce2fd7e99884c4d98c2f67c/execute/sync'
07:40:57.538 [AsyncHttpClient-1-14] DEBUG org.asynchttpclient.netty.handler.HttpHandler - 

Request DefaultHttpRequest(decodeResult: success, version: HTTP/1.1)
POST /session/4efaf5446ce2fd7e99884c4d98c2f67c/execute/sync HTTP/1.1
User-Agent: selenium/4.13.0 (java mac)
Content-Length: 180
Content-Type: application/json; charset=utf-8
host: localhost:4461
accept: */*

Response DefaultHttpResponse(decodeResult: success, version: HTTP/1.1)
HTTP/1.1 200 OK
Content-Length: 14
Content-Type: application/json; charset=utf-8
cache-control: no-cache

07:40:57.538 [AsyncHttpClient-1-14] DEBUG org.asynchttpclient.netty.channel.ChannelManager - Adding key: http://localhost:4461 for channel [id: 0x3c9df1b6, L:/127.0.0.1:50373 - R:localhost/127.0.0.1:4461]
07:40:57.539 [Forwarding isElementDisplayed on session 4efaf5446ce2fd7e99884c4d98c2f67c to remote] DEBUG org.asynchttpclient.netty.request.NettyRequestSender - Using pooled Channel '[id: 0x3c9df1b6, L:/127.0.0.1:50373 - R:localhost/127.0.0.1:4461]' for 'POST' to 'http://localhost:4461/session/4efaf5446ce2fd7e99884c4d98c2f67c/execute/sync'
07:40:57.539 [Forwarding isElementDisplayed on session 4efaf5446ce2fd7e99884c4d98c2f67c to remote] DEBUG org.asynchttpclient.netty.request.NettyRequestSender - Using open Channel [id: 0x3c9df1b6, L:/127.0.0.1:50373 - R:localhost/127.0.0.1:4461] for POST '/session/4efaf5446ce2fd7e99884c4d98c2f67c/execute/sync'
07:40:57.546 [AsyncHttpClient-1-14] DEBUG org.asynchttpclient.netty.handler.HttpHandler - 

Request DefaultHttpRequest(decodeResult: success, version: HTTP/1.1)
POST /session/4efaf5446ce2fd7e99884c4d98c2f67c/execute/sync HTTP/1.1
User-Agent: selenium/4.13.0 (java mac)
Content-Length: 48815
Content-Type: application/json; charset=utf-8
host: localhost:4461
accept: */*

Response DefaultHttpResponse(decodeResult: success, version: HTTP/1.1)
HTTP/1.1 200 OK
Content-Length: 14
Content-Type: application/json; charset=utf-8
cache-control: no-cache

07:40:57.546 [AsyncHttpClient-1-14] DEBUG org.asynchttpclient.netty.channel.ChannelManager - Adding key: http://localhost:4461 for channel [id: 0x3c9df1b6, L:/127.0.0.1:50373 - R:localhost/127.0.0.1:4461]
]]></system-out>
    <system-err><![CDATA[Jan 13, 2024 7:40:48 AM org.openqa.selenium.devtools.CdpVersionFinder findNearestMatch
WARNING: Unable to find an exact match for CDP version 120, so returning the closest version found: 117
]]></system-err>
  </testcase>
  <testcase name="verifyOfferPageTrendingICICIFilter" classname="com.sample.modules.OfferPage" time="4.783">
    <system-out><![CDATA[<font color=238E23><strong><i> PASS : verifyOfferPageHotelAxisFilter</i></strong></font>
Total testcases:-5
Total passed testcases:-3
Total failed testcases:-2
07:40:57.548 [Driver Command Executor] DEBUG org.asynchttpclient.netty.request.NettyRequestSender - Using pooled Channel '[id: 0x3c9df1b6, L:/127.0.0.1:50373 - R:localhost/127.0.0.1:4461]' for 'DELETE' to 'http://localhost:4461/session/4efaf5446ce2fd7e99884c4d98c2f67c'
07:40:57.548 [Driver Command Executor] DEBUG org.asynchttpclient.netty.request.NettyRequestSender - Using open Channel [id: 0x3c9df1b6, L:/127.0.0.1:50373 - R:localhost/127.0.0.1:4461] for DELETE '/session/4efaf5446ce2fd7e99884c4d98c2f67c'
07:40:57.548 [AsyncHttpClient-1-16] DEBUG org.asynchttpclient.netty.handler.WebSocketHandler - Channel Closed: [id: 0xa23adce1, L:/127.0.0.1:50379 ! R:localhost/127.0.0.1:50374] with attribute DISCARD
07:40:57.597 [AsyncHttpClient-1-15] DEBUG org.asynchttpclient.netty.handler.HttpHandler - Channel Closed: [id: 0x0459d034, L:/127.0.0.1:50378 ! R:localhost/127.0.0.1:50374] with attribute DISCARD
07:40:57.654 [AsyncHttpClient-1-14] DEBUG org.asynchttpclient.netty.handler.HttpHandler - 

Request DefaultFullHttpRequest(decodeResult: success, version: HTTP/1.1, content: EmptyByteBufBE)
DELETE /session/4efaf5446ce2fd7e99884c4d98c2f67c HTTP/1.1
User-Agent: selenium/4.13.0 (java mac)
Content-Type: application/json; charset=utf-8
host: localhost:4461
accept: */*

Response DefaultHttpResponse(decodeResult: success, version: HTTP/1.1)
HTTP/1.1 200 OK
Content-Length: 14
Content-Type: application/json; charset=utf-8
cache-control: no-cache

07:40:57.654 [AsyncHttpClient-1-14] DEBUG org.asynchttpclient.netty.channel.ChannelManager - Adding key: http://localhost:4461 for channel [id: 0x3c9df1b6, L:/127.0.0.1:50373 - R:localhost/127.0.0.1:4461]
07:40:57.704 [AsyncHttpClient-1-14] DEBUG org.asynchttpclient.netty.handler.HttpHandler - Channel Closed: [id: 0x3c9df1b6, L:/127.0.0.1:50373 ! R:localhost/127.0.0.1:4461] with attribute DISCARD
07:40:57.785 [AsyncHttpClient-1-1] DEBUG org.asynchttpclient.netty.channel.DefaultChannelPool - Entry count for : http://localhost:50374 : 1
07:40:57.786 [AsyncHttpClient-1-1] DEBUG org.asynchttpclient.netty.channel.DefaultChannelPool - Entry count for : http://localhost:4461 : 1
07:40:57.786 [AsyncHttpClient-1-1] DEBUG org.asynchttpclient.netty.channel.DefaultChannelPool - Adding Candidate expired Channel [id: 0x0459d034, L:/127.0.0.1:50378 ! R:localhost/127.0.0.1:50374] isIdleTimeoutExpired=false isRemotelyClosed=true isTtlExpired=false
07:40:57.786 [AsyncHttpClient-1-1] DEBUG org.asynchttpclient.netty.channel.DefaultChannelPool - Closing Idle Channel [id: 0x0459d034, L:/127.0.0.1:50378 ! R:localhost/127.0.0.1:50374]
07:40:57.786 [AsyncHttpClient-1-1] DEBUG org.asynchttpclient.netty.channel.DefaultChannelPool - Adding Candidate expired Channel [id: 0x3c9df1b6, L:/127.0.0.1:50373 ! R:localhost/127.0.0.1:4461] isIdleTimeoutExpired=false isRemotelyClosed=true isTtlExpired=false
07:40:57.786 [AsyncHttpClient-1-1] DEBUG org.asynchttpclient.netty.channel.DefaultChannelPool - Closing Idle Channel [id: 0x3c9df1b6, L:/127.0.0.1:50373 ! R:localhost/127.0.0.1:4461]
07:40:57.786 [AsyncHttpClient-1-1] DEBUG org.asynchttpclient.netty.channel.DefaultChannelPool - Closed 2 connections out of 2 in 0 ms
07:40:57.791 [AsyncHttpClient-1-17] DEBUG org.asynchttpclient.netty.channel.NettyConnectListener - Using new Channel '[id: 0xb6be01d3, L:/127.0.0.1:50424 - R:localhost/127.0.0.1:27254]' for 'POST' to '/session'
07:40:58.578 [AsyncHttpClient-1-17] DEBUG org.asynchttpclient.netty.handler.HttpHandler - 

Request DefaultHttpRequest(decodeResult: success, version: HTTP/1.1)
POST /session HTTP/1.1
User-Agent: selenium/4.13.0 (java mac)
Content-Length: 291
Content-Type: application/json; charset=utf-8
host: localhost:27254
accept: */*

Response DefaultHttpResponse(decodeResult: success, version: HTTP/1.1)
HTTP/1.1 200 OK
Content-Length: 891
Content-Type: application/json; charset=utf-8
cache-control: no-cache

07:40:58.579 [AsyncHttpClient-1-17] DEBUG org.asynchttpclient.netty.channel.ChannelManager - Adding key: http://localhost:27254 for channel [id: 0xb6be01d3, L:/127.0.0.1:50424 - R:localhost/127.0.0.1:27254]
07:40:58.583 [AsyncHttpClient-1-18] DEBUG org.asynchttpclient.netty.channel.NettyConnectListener - Using new Channel '[id: 0x2ab88403, L:/127.0.0.1:50429 - R:localhost/127.0.0.1:50425]' for 'GET' to '/json/version'
07:40:58.586 [AsyncHttpClient-1-18] DEBUG org.asynchttpclient.netty.handler.HttpHandler - 

Request DefaultFullHttpRequest(decodeResult: success, version: HTTP/1.1, content: EmptyByteBufBE)
GET /json/version HTTP/1.1
User-Agent: selenium/4.13.0 (java mac)
host: localhost:50425
accept: */*

Response DefaultHttpResponse(decodeResult: success, version: HTTP/1.1)
HTTP/1.1 200 OK
Content-Security-Policy: frame-ancestors 'none'
Content-Length: 422
Content-Type: application/json; charset=UTF-8

07:40:58.586 [AsyncHttpClient-1-18] DEBUG org.asynchttpclient.netty.channel.ChannelManager - Adding key: http://localhost:50425 for channel [id: 0x2ab88403, L:/127.0.0.1:50429 - R:localhost/127.0.0.1:50425]
07:40:58.588 [AsyncHttpClient-1-19] DEBUG org.asynchttpclient.netty.channel.NettyConnectListener - Using new Channel '[id: 0x4f740a53, L:/127.0.0.1:50430 - R:localhost/127.0.0.1:50425]' for 'GET' to '/devtools/browser/670d48b0-d1a4-4808-b3e5-12f8d2afc0c0'
07:40:58.591 [AsyncHttpClient-1-19] DEBUG org.asynchttpclient.netty.handler.WebSocketHandler - 

Request DefaultFullHttpRequest(decodeResult: success, version: HTTP/1.1, content: EmptyByteBufBE)
GET /devtools/browser/670d48b0-d1a4-4808-b3e5-12f8d2afc0c0 HTTP/1.1
upgrade: websocket
connection: upgrade
sec-websocket-key: a5FEqaliKRzDc+b+GeTjCA==
sec-websocket-version: 13
origin: http://localhost:50425
host: localhost:50425
accept: */*
user-agent: AHC/2.1

Response DefaultHttpResponse(decodeResult: success, version: HTTP/1.1)
HTTP/1.1 101 WebSocket Protocol Handshake
Upgrade: WebSocket
Connection: Upgrade
Sec-WebSocket-Accept: R3wSjYejr9b8wVDmtCUVpNtwtAk=

07:40:58.594 [Forwarding maximizeCurrentWindow on session 6612f75665df1dc53aee8277da48f3ca to remote] DEBUG org.asynchttpclient.netty.request.NettyRequestSender - Using pooled Channel '[id: 0xb6be01d3, L:/127.0.0.1:50424 - R:localhost/127.0.0.1:27254]' for 'POST' to 'http://localhost:27254/session/6612f75665df1dc53aee8277da48f3ca/window/maximize'
07:40:58.594 [Forwarding maximizeCurrentWindow on session 6612f75665df1dc53aee8277da48f3ca to remote] DEBUG org.asynchttpclient.netty.request.NettyRequestSender - Using open Channel [id: 0xb6be01d3, L:/127.0.0.1:50424 - R:localhost/127.0.0.1:27254] for POST '/session/6612f75665df1dc53aee8277da48f3ca/window/maximize'
07:40:58.886 [AsyncHttpClient-1-1] DEBUG org.asynchttpclient.netty.channel.DefaultChannelPool - Entry count for : http://localhost:50425 : 1
07:40:59.066 [AsyncHttpClient-1-17] DEBUG org.asynchttpclient.netty.handler.HttpHandler - 

Request DefaultHttpRequest(decodeResult: success, version: HTTP/1.1)
POST /session/6612f75665df1dc53aee8277da48f3ca/window/maximize HTTP/1.1
User-Agent: selenium/4.13.0 (java mac)
Content-Length: 3
Content-Type: application/json; charset=utf-8
host: localhost:27254
accept: */*

Response DefaultHttpResponse(decodeResult: success, version: HTTP/1.1)
HTTP/1.1 200 OK
Content-Length: 50
Content-Type: application/json; charset=utf-8
cache-control: no-cache

07:40:59.066 [AsyncHttpClient-1-17] DEBUG org.asynchttpclient.netty.channel.ChannelManager - Adding key: http://localhost:27254 for channel [id: 0xb6be01d3, L:/127.0.0.1:50424 - R:localhost/127.0.0.1:27254]
07:40:59.067 [Forwarding get on session 6612f75665df1dc53aee8277da48f3ca to remote] DEBUG org.asynchttpclient.netty.request.NettyRequestSender - Using pooled Channel '[id: 0xb6be01d3, L:/127.0.0.1:50424 - R:localhost/127.0.0.1:27254]' for 'POST' to 'http://localhost:27254/session/6612f75665df1dc53aee8277da48f3ca/url'
07:40:59.067 [Forwarding get on session 6612f75665df1dc53aee8277da48f3ca to remote] DEBUG org.asynchttpclient.netty.request.NettyRequestSender - Using open Channel [id: 0xb6be01d3, L:/127.0.0.1:50424 - R:localhost/127.0.0.1:27254] for POST '/session/6612f75665df1dc53aee8277da48f3ca/url'
07:40:59.986 [AsyncHttpClient-1-1] DEBUG org.asynchttpclient.netty.channel.DefaultChannelPool - Entry count for : http://localhost:50425 : 1
07:41:01.085 [AsyncHttpClient-1-1] DEBUG org.asynchttpclient.netty.channel.DefaultChannelPool - Entry count for : http://localhost:50425 : 1
07:41:01.213 [AsyncHttpClient-1-17] DEBUG org.asynchttpclient.netty.handler.HttpHandler - 

Request DefaultHttpRequest(decodeResult: success, version: HTTP/1.1)
POST /session/6612f75665df1dc53aee8277da48f3ca/url HTTP/1.1
User-Agent: selenium/4.13.0 (java mac)
Content-Length: 57
Content-Type: application/json; charset=utf-8
host: localhost:27254
accept: */*

Response DefaultHttpResponse(decodeResult: success, version: HTTP/1.1)
HTTP/1.1 200 OK
Content-Length: 14
Content-Type: application/json; charset=utf-8
cache-control: no-cache

07:41:01.213 [AsyncHttpClient-1-17] DEBUG org.asynchttpclient.netty.channel.ChannelManager - Adding key: http://localhost:27254 for channel [id: 0xb6be01d3, L:/127.0.0.1:50424 - R:localhost/127.0.0.1:27254]
Step 1 : Open URL - https://www.makemytrip.com/
Step 2 : Click on super offer tab in header.
07:41:01.215 [Forwarding findElement on session 6612f75665df1dc53aee8277da48f3ca to remote] DEBUG org.asynchttpclient.netty.request.NettyRequestSender - Using pooled Channel '[id: 0xb6be01d3, L:/127.0.0.1:50424 - R:localhost/127.0.0.1:27254]' for 'POST' to 'http://localhost:27254/session/6612f75665df1dc53aee8277da48f3ca/element'
07:41:01.215 [Forwarding findElement on session 6612f75665df1dc53aee8277da48f3ca to remote] DEBUG org.asynchttpclient.netty.request.NettyRequestSender - Using open Channel [id: 0xb6be01d3, L:/127.0.0.1:50424 - R:localhost/127.0.0.1:27254] for POST '/session/6612f75665df1dc53aee8277da48f3ca/element'
07:41:01.230 [AsyncHttpClient-1-17] DEBUG org.asynchttpclient.netty.handler.HttpHandler - 

Request DefaultHttpRequest(decodeResult: success, version: HTTP/1.1)
POST /session/6612f75665df1dc53aee8277da48f3ca/element HTTP/1.1
User-Agent: selenium/4.13.0 (java mac)
Content-Length: 106
Content-Type: application/json; charset=utf-8
host: localhost:27254
accept: */*

Response DefaultHttpResponse(decodeResult: success, version: HTTP/1.1)
HTTP/1.1 404 Not Found
Content-Length: 1968
Content-Type: application/json; charset=utf-8
cache-control: no-cache

07:41:01.230 [AsyncHttpClient-1-17] DEBUG org.asynchttpclient.netty.channel.ChannelManager - Adding key: http://localhost:27254 for channel [id: 0xb6be01d3, L:/127.0.0.1:50424 - R:localhost/127.0.0.1:27254]
07:41:01.733 [Forwarding findElement on session 6612f75665df1dc53aee8277da48f3ca to remote] DEBUG org.asynchttpclient.netty.request.NettyRequestSender - Using pooled Channel '[id: 0xb6be01d3, L:/127.0.0.1:50424 - R:localhost/127.0.0.1:27254]' for 'POST' to 'http://localhost:27254/session/6612f75665df1dc53aee8277da48f3ca/element'
07:41:01.733 [Forwarding findElement on session 6612f75665df1dc53aee8277da48f3ca to remote] DEBUG org.asynchttpclient.netty.request.NettyRequestSender - Using open Channel [id: 0xb6be01d3, L:/127.0.0.1:50424 - R:localhost/127.0.0.1:27254] for POST '/session/6612f75665df1dc53aee8277da48f3ca/element'
07:41:01.743 [AsyncHttpClient-1-17] DEBUG org.asynchttpclient.netty.handler.HttpHandler - 

Request DefaultHttpRequest(decodeResult: success, version: HTTP/1.1)
POST /session/6612f75665df1dc53aee8277da48f3ca/element HTTP/1.1
User-Agent: selenium/4.13.0 (java mac)
Content-Length: 106
Content-Type: application/json; charset=utf-8
host: localhost:27254
accept: */*

Response DefaultHttpResponse(decodeResult: success, version: HTTP/1.1)
HTTP/1.1 200 OK
Content-Length: 95
Content-Type: application/json; charset=utf-8
cache-control: no-cache

07:41:01.743 [AsyncHttpClient-1-17] DEBUG org.asynchttpclient.netty.channel.ChannelManager - Adding key: http://localhost:27254 for channel [id: 0xb6be01d3, L:/127.0.0.1:50424 - R:localhost/127.0.0.1:27254]
07:41:01.745 [Forwarding isElementDisplayed on session 6612f75665df1dc53aee8277da48f3ca to remote] DEBUG org.asynchttpclient.netty.request.NettyRequestSender - Using pooled Channel '[id: 0xb6be01d3, L:/127.0.0.1:50424 - R:localhost/127.0.0.1:27254]' for 'POST' to 'http://localhost:27254/session/6612f75665df1dc53aee8277da48f3ca/execute/sync'
07:41:01.745 [Forwarding isElementDisplayed on session 6612f75665df1dc53aee8277da48f3ca to remote] DEBUG org.asynchttpclient.netty.request.NettyRequestSender - Using open Channel [id: 0xb6be01d3, L:/127.0.0.1:50424 - R:localhost/127.0.0.1:27254] for POST '/session/6612f75665df1dc53aee8277da48f3ca/execute/sync'
07:41:01.761 [AsyncHttpClient-1-17] DEBUG org.asynchttpclient.netty.handler.HttpHandler - 

Request DefaultHttpRequest(decodeResult: success, version: HTTP/1.1)
POST /session/6612f75665df1dc53aee8277da48f3ca/execute/sync HTTP/1.1
User-Agent: selenium/4.13.0 (java mac)
Content-Length: 48814
Content-Type: application/json; charset=utf-8
host: localhost:27254
accept: */*

Response DefaultHttpResponse(decodeResult: success, version: HTTP/1.1)
HTTP/1.1 200 OK
Content-Length: 14
Content-Type: application/json; charset=utf-8
cache-control: no-cache

07:41:01.761 [AsyncHttpClient-1-17] DEBUG org.asynchttpclient.netty.channel.ChannelManager - Adding key: http://localhost:27254 for channel [id: 0xb6be01d3, L:/127.0.0.1:50424 - R:localhost/127.0.0.1:27254]
07:41:01.761 [Forwarding isElementEnabled on session 6612f75665df1dc53aee8277da48f3ca to remote] DEBUG org.asynchttpclient.netty.request.NettyRequestSender - Using pooled Channel '[id: 0xb6be01d3, L:/127.0.0.1:50424 - R:localhost/127.0.0.1:27254]' for 'GET' to 'http://localhost:27254/session/6612f75665df1dc53aee8277da48f3ca/element/20D872DEF267FCF950DE08BC4594A2DB_element_33/enabled'
07:41:01.761 [Forwarding isElementEnabled on session 6612f75665df1dc53aee8277da48f3ca to remote] DEBUG org.asynchttpclient.netty.request.NettyRequestSender - Using open Channel [id: 0xb6be01d3, L:/127.0.0.1:50424 - R:localhost/127.0.0.1:27254] for GET '/session/6612f75665df1dc53aee8277da48f3ca/element/20D872DEF267FCF950DE08BC4594A2DB_element_33/enabled'
07:41:01.770 [AsyncHttpClient-1-17] DEBUG org.asynchttpclient.netty.handler.HttpHandler - 

Request DefaultFullHttpRequest(decodeResult: success, version: HTTP/1.1, content: EmptyByteBufBE)
GET /session/6612f75665df1dc53aee8277da48f3ca/element/20D872DEF267FCF950DE08BC4594A2DB_element_33/enabled HTTP/1.1
Cache-Control: no-cache
User-Agent: selenium/4.13.0 (java mac)
Content-Type: application/json; charset=utf-8
host: localhost:27254
accept: */*

Response DefaultHttpResponse(decodeResult: success, version: HTTP/1.1)
HTTP/1.1 200 OK
Content-Length: 14
Content-Type: application/json; charset=utf-8
cache-control: no-cache

07:41:01.770 [AsyncHttpClient-1-17] DEBUG org.asynchttpclient.netty.channel.ChannelManager - Adding key: http://localhost:27254 for channel [id: 0xb6be01d3, L:/127.0.0.1:50424 - R:localhost/127.0.0.1:27254]
07:41:01.771 [Forwarding executeScript on session 6612f75665df1dc53aee8277da48f3ca to remote] DEBUG org.asynchttpclient.netty.request.NettyRequestSender - Using pooled Channel '[id: 0xb6be01d3, L:/127.0.0.1:50424 - R:localhost/127.0.0.1:27254]' for 'POST' to 'http://localhost:27254/session/6612f75665df1dc53aee8277da48f3ca/execute/sync'
07:41:01.772 [Forwarding executeScript on session 6612f75665df1dc53aee8277da48f3ca to remote] DEBUG org.asynchttpclient.netty.request.NettyRequestSender - Using open Channel [id: 0xb6be01d3, L:/127.0.0.1:50424 - R:localhost/127.0.0.1:27254] for POST '/session/6612f75665df1dc53aee8277da48f3ca/execute/sync'
07:41:01.813 [AsyncHttpClient-1-17] DEBUG org.asynchttpclient.netty.handler.HttpHandler - 

Request DefaultHttpRequest(decodeResult: success, version: HTTP/1.1)
POST /session/6612f75665df1dc53aee8277da48f3ca/execute/sync HTTP/1.1
User-Agent: selenium/4.13.0 (java mac)
Content-Length: 179
Content-Type: application/json; charset=utf-8
host: localhost:27254
accept: */*

Response DefaultHttpResponse(decodeResult: success, version: HTTP/1.1)
HTTP/1.1 200 OK
Content-Length: 14
Content-Type: application/json; charset=utf-8
cache-control: no-cache

07:41:01.813 [AsyncHttpClient-1-17] DEBUG org.asynchttpclient.netty.channel.ChannelManager - Adding key: http://localhost:27254 for channel [id: 0xb6be01d3, L:/127.0.0.1:50424 - R:localhost/127.0.0.1:27254]
07:41:01.814 [Forwarding clickElement on session 6612f75665df1dc53aee8277da48f3ca to remote] DEBUG org.asynchttpclient.netty.request.NettyRequestSender - Using pooled Channel '[id: 0xb6be01d3, L:/127.0.0.1:50424 - R:localhost/127.0.0.1:27254]' for 'POST' to 'http://localhost:27254/session/6612f75665df1dc53aee8277da48f3ca/element/20D872DEF267FCF950DE08BC4594A2DB_element_33/click'
07:41:01.814 [Forwarding clickElement on session 6612f75665df1dc53aee8277da48f3ca to remote] DEBUG org.asynchttpclient.netty.request.NettyRequestSender - Using open Channel [id: 0xb6be01d3, L:/127.0.0.1:50424 - R:localhost/127.0.0.1:27254] for POST '/session/6612f75665df1dc53aee8277da48f3ca/element/20D872DEF267FCF950DE08BC4594A2DB_element_33/click'
07:41:01.910 [AsyncHttpClient-1-17] DEBUG org.asynchttpclient.netty.handler.HttpHandler - 

Request DefaultHttpRequest(decodeResult: success, version: HTTP/1.1)
POST /session/6612f75665df1dc53aee8277da48f3ca/element/20D872DEF267FCF950DE08BC4594A2DB_element_33/click HTTP/1.1
User-Agent: selenium/4.13.0 (java mac)
Content-Length: 57
Content-Type: application/json; charset=utf-8
host: localhost:27254
accept: */*

Response DefaultHttpResponse(decodeResult: success, version: HTTP/1.1)
HTTP/1.1 200 OK
Content-Length: 14
Content-Type: application/json; charset=utf-8
cache-control: no-cache

07:41:01.910 [AsyncHttpClient-1-17] DEBUG org.asynchttpclient.netty.channel.ChannelManager - Adding key: http://localhost:27254 for channel [id: 0xb6be01d3, L:/127.0.0.1:50424 - R:localhost/127.0.0.1:27254]
Step 3 : Verify offer page opened.
07:41:01.910 [Forwarding getCurrentWindowHandle on session 6612f75665df1dc53aee8277da48f3ca to remote] DEBUG org.asynchttpclient.netty.request.NettyRequestSender - Using pooled Channel '[id: 0xb6be01d3, L:/127.0.0.1:50424 - R:localhost/127.0.0.1:27254]' for 'GET' to 'http://localhost:27254/session/6612f75665df1dc53aee8277da48f3ca/window'
07:41:01.911 [Forwarding getCurrentWindowHandle on session 6612f75665df1dc53aee8277da48f3ca to remote] DEBUG org.asynchttpclient.netty.request.NettyRequestSender - Using open Channel [id: 0xb6be01d3, L:/127.0.0.1:50424 - R:localhost/127.0.0.1:27254] for GET '/session/6612f75665df1dc53aee8277da48f3ca/window'
07:41:01.911 [AsyncHttpClient-1-17] DEBUG org.asynchttpclient.netty.handler.HttpHandler - 

Request DefaultFullHttpRequest(decodeResult: success, version: HTTP/1.1, content: EmptyByteBufBE)
GET /session/6612f75665df1dc53aee8277da48f3ca/window HTTP/1.1
Cache-Control: no-cache
User-Agent: selenium/4.13.0 (java mac)
Content-Type: application/json; charset=utf-8
host: localhost:27254
accept: */*

Response DefaultHttpResponse(decodeResult: success, version: HTTP/1.1)
HTTP/1.1 200 OK
Content-Length: 44
Content-Type: application/json; charset=utf-8
cache-control: no-cache

07:41:01.911 [AsyncHttpClient-1-17] DEBUG org.asynchttpclient.netty.channel.ChannelManager - Adding key: http://localhost:27254 for channel [id: 0xb6be01d3, L:/127.0.0.1:50424 - R:localhost/127.0.0.1:27254]
07:41:01.912 [Forwarding getWindowHandles on session 6612f75665df1dc53aee8277da48f3ca to remote] DEBUG org.asynchttpclient.netty.request.NettyRequestSender - Using pooled Channel '[id: 0xb6be01d3, L:/127.0.0.1:50424 - R:localhost/127.0.0.1:27254]' for 'GET' to 'http://localhost:27254/session/6612f75665df1dc53aee8277da48f3ca/window/handles'
07:41:01.912 [Forwarding getWindowHandles on session 6612f75665df1dc53aee8277da48f3ca to remote] DEBUG org.asynchttpclient.netty.request.NettyRequestSender - Using open Channel [id: 0xb6be01d3, L:/127.0.0.1:50424 - R:localhost/127.0.0.1:27254] for GET '/session/6612f75665df1dc53aee8277da48f3ca/window/handles'
07:41:01.916 [AsyncHttpClient-1-17] DEBUG org.asynchttpclient.netty.handler.HttpHandler - 

Request DefaultFullHttpRequest(decodeResult: success, version: HTTP/1.1, content: EmptyByteBufBE)
GET /session/6612f75665df1dc53aee8277da48f3ca/window/handles HTTP/1.1
Cache-Control: no-cache
User-Agent: selenium/4.13.0 (java mac)
Content-Type: application/json; charset=utf-8
host: localhost:27254
accept: */*

Response DefaultHttpResponse(decodeResult: success, version: HTTP/1.1)
HTTP/1.1 200 OK
Content-Length: 81
Content-Type: application/json; charset=utf-8
cache-control: no-cache

07:41:01.916 [AsyncHttpClient-1-17] DEBUG org.asynchttpclient.netty.channel.ChannelManager - Adding key: http://localhost:27254 for channel [id: 0xb6be01d3, L:/127.0.0.1:50424 - R:localhost/127.0.0.1:27254]
07:41:01.917 [Forwarding switchToWindow on session 6612f75665df1dc53aee8277da48f3ca to remote] DEBUG org.asynchttpclient.netty.request.NettyRequestSender - Using pooled Channel '[id: 0xb6be01d3, L:/127.0.0.1:50424 - R:localhost/127.0.0.1:27254]' for 'POST' to 'http://localhost:27254/session/6612f75665df1dc53aee8277da48f3ca/window'
07:41:01.917 [Forwarding switchToWindow on session 6612f75665df1dc53aee8277da48f3ca to remote] DEBUG org.asynchttpclient.netty.request.NettyRequestSender - Using open Channel [id: 0xb6be01d3, L:/127.0.0.1:50424 - R:localhost/127.0.0.1:27254] for POST '/session/6612f75665df1dc53aee8277da48f3ca/window'
07:41:01.918 [AsyncHttpClient-1-17] DEBUG org.asynchttpclient.netty.handler.HttpHandler - 

Request DefaultHttpRequest(decodeResult: success, version: HTTP/1.1)
POST /session/6612f75665df1dc53aee8277da48f3ca/window HTTP/1.1
User-Agent: selenium/4.13.0 (java mac)
Content-Length: 50
Content-Type: application/json; charset=utf-8
host: localhost:27254
accept: */*

Response DefaultHttpResponse(decodeResult: success, version: HTTP/1.1)
HTTP/1.1 200 OK
Content-Length: 14
Content-Type: application/json; charset=utf-8
cache-control: no-cache

07:41:01.918 [AsyncHttpClient-1-17] DEBUG org.asynchttpclient.netty.channel.ChannelManager - Adding key: http://localhost:27254 for channel [id: 0xb6be01d3, L:/127.0.0.1:50424 - R:localhost/127.0.0.1:27254]
07:41:01.918 [Forwarding getCurrentUrl on session 6612f75665df1dc53aee8277da48f3ca to remote] DEBUG org.asynchttpclient.netty.request.NettyRequestSender - Using pooled Channel '[id: 0xb6be01d3, L:/127.0.0.1:50424 - R:localhost/127.0.0.1:27254]' for 'GET' to 'http://localhost:27254/session/6612f75665df1dc53aee8277da48f3ca/url'
07:41:01.918 [Forwarding getCurrentUrl on session 6612f75665df1dc53aee8277da48f3ca to remote] DEBUG org.asynchttpclient.netty.request.NettyRequestSender - Using open Channel [id: 0xb6be01d3, L:/127.0.0.1:50424 - R:localhost/127.0.0.1:27254] for GET '/session/6612f75665df1dc53aee8277da48f3ca/url'
07:41:02.186 [AsyncHttpClient-1-1] DEBUG org.asynchttpclient.netty.channel.DefaultChannelPool - Entry count for : http://localhost:50425 : 1
07:41:03.285 [AsyncHttpClient-1-1] DEBUG org.asynchttpclient.netty.channel.DefaultChannelPool - Entry count for : http://localhost:50425 : 1
07:41:03.447 [AsyncHttpClient-1-17] DEBUG org.asynchttpclient.netty.handler.HttpHandler - 

Request DefaultFullHttpRequest(decodeResult: success, version: HTTP/1.1, content: EmptyByteBufBE)
GET /session/6612f75665df1dc53aee8277da48f3ca/url HTTP/1.1
Cache-Control: no-cache
User-Agent: selenium/4.13.0 (java mac)
Content-Type: application/json; charset=utf-8
host: localhost:27254
accept: */*

Response DefaultHttpResponse(decodeResult: success, version: HTTP/1.1)
HTTP/1.1 200 OK
Content-Length: 46
Content-Type: application/json; charset=utf-8
cache-control: no-cache

07:41:03.447 [AsyncHttpClient-1-17] DEBUG org.asynchttpclient.netty.channel.ChannelManager - Adding key: http://localhost:27254 for channel [id: 0xb6be01d3, L:/127.0.0.1:50424 - R:localhost/127.0.0.1:27254]
Step 4 : Click on trending radio button.
07:41:03.448 [Forwarding findElement on session 6612f75665df1dc53aee8277da48f3ca to remote] DEBUG org.asynchttpclient.netty.request.NettyRequestSender - Using pooled Channel '[id: 0xb6be01d3, L:/127.0.0.1:50424 - R:localhost/127.0.0.1:27254]' for 'POST' to 'http://localhost:27254/session/6612f75665df1dc53aee8277da48f3ca/element'
07:41:03.448 [Forwarding findElement on session 6612f75665df1dc53aee8277da48f3ca to remote] DEBUG org.asynchttpclient.netty.request.NettyRequestSender - Using open Channel [id: 0xb6be01d3, L:/127.0.0.1:50424 - R:localhost/127.0.0.1:27254] for POST '/session/6612f75665df1dc53aee8277da48f3ca/element'
07:41:03.460 [AsyncHttpClient-1-17] DEBUG org.asynchttpclient.netty.handler.HttpHandler - 

Request DefaultHttpRequest(decodeResult: success, version: HTTP/1.1)
POST /session/6612f75665df1dc53aee8277da48f3ca/element HTTP/1.1
User-Agent: selenium/4.13.0 (java mac)
Content-Length: 71
Content-Type: application/json; charset=utf-8
host: localhost:27254
accept: */*

Response DefaultHttpResponse(decodeResult: success, version: HTTP/1.1)
HTTP/1.1 200 OK
Content-Length: 95
Content-Type: application/json; charset=utf-8
cache-control: no-cache

07:41:03.460 [AsyncHttpClient-1-17] DEBUG org.asynchttpclient.netty.channel.ChannelManager - Adding key: http://localhost:27254 for channel [id: 0xb6be01d3, L:/127.0.0.1:50424 - R:localhost/127.0.0.1:27254]
07:41:03.462 [Forwarding isElementDisplayed on session 6612f75665df1dc53aee8277da48f3ca to remote] DEBUG org.asynchttpclient.netty.request.NettyRequestSender - Using pooled Channel '[id: 0xb6be01d3, L:/127.0.0.1:50424 - R:localhost/127.0.0.1:27254]' for 'POST' to 'http://localhost:27254/session/6612f75665df1dc53aee8277da48f3ca/execute/sync'
07:41:03.462 [Forwarding isElementDisplayed on session 6612f75665df1dc53aee8277da48f3ca to remote] DEBUG org.asynchttpclient.netty.request.NettyRequestSender - Using open Channel [id: 0xb6be01d3, L:/127.0.0.1:50424 - R:localhost/127.0.0.1:27254] for POST '/session/6612f75665df1dc53aee8277da48f3ca/execute/sync'
07:41:03.478 [AsyncHttpClient-1-17] DEBUG org.asynchttpclient.netty.handler.HttpHandler - 

Request DefaultHttpRequest(decodeResult: success, version: HTTP/1.1)
POST /session/6612f75665df1dc53aee8277da48f3ca/execute/sync HTTP/1.1
User-Agent: selenium/4.13.0 (java mac)
Content-Length: 48814
Content-Type: application/json; charset=utf-8
host: localhost:27254
accept: */*

Response DefaultHttpResponse(decodeResult: success, version: HTTP/1.1)
HTTP/1.1 200 OK
Content-Length: 14
Content-Type: application/json; charset=utf-8
cache-control: no-cache

07:41:03.479 [AsyncHttpClient-1-17] DEBUG org.asynchttpclient.netty.channel.ChannelManager - Adding key: http://localhost:27254 for channel [id: 0xb6be01d3, L:/127.0.0.1:50424 - R:localhost/127.0.0.1:27254]
07:41:03.480 [Forwarding isElementEnabled on session 6612f75665df1dc53aee8277da48f3ca to remote] DEBUG org.asynchttpclient.netty.request.NettyRequestSender - Using pooled Channel '[id: 0xb6be01d3, L:/127.0.0.1:50424 - R:localhost/127.0.0.1:27254]' for 'GET' to 'http://localhost:27254/session/6612f75665df1dc53aee8277da48f3ca/element/5E528FB273988F9CC2DDB0F41BBB307D_element_89/enabled'
07:41:03.480 [Forwarding isElementEnabled on session 6612f75665df1dc53aee8277da48f3ca to remote] DEBUG org.asynchttpclient.netty.request.NettyRequestSender - Using open Channel [id: 0xb6be01d3, L:/127.0.0.1:50424 - R:localhost/127.0.0.1:27254] for GET '/session/6612f75665df1dc53aee8277da48f3ca/element/5E528FB273988F9CC2DDB0F41BBB307D_element_89/enabled'
07:41:03.486 [AsyncHttpClient-1-17] DEBUG org.asynchttpclient.netty.handler.HttpHandler - 

Request DefaultFullHttpRequest(decodeResult: success, version: HTTP/1.1, content: EmptyByteBufBE)
GET /session/6612f75665df1dc53aee8277da48f3ca/element/5E528FB273988F9CC2DDB0F41BBB307D_element_89/enabled HTTP/1.1
Cache-Control: no-cache
User-Agent: selenium/4.13.0 (java mac)
Content-Type: application/json; charset=utf-8
host: localhost:27254
accept: */*

Response DefaultHttpResponse(decodeResult: success, version: HTTP/1.1)
HTTP/1.1 200 OK
Content-Length: 14
Content-Type: application/json; charset=utf-8
cache-control: no-cache

07:41:03.487 [AsyncHttpClient-1-17] DEBUG org.asynchttpclient.netty.channel.ChannelManager - Adding key: http://localhost:27254 for channel [id: 0xb6be01d3, L:/127.0.0.1:50424 - R:localhost/127.0.0.1:27254]
07:41:03.488 [Forwarding executeScript on session 6612f75665df1dc53aee8277da48f3ca to remote] DEBUG org.asynchttpclient.netty.request.NettyRequestSender - Using pooled Channel '[id: 0xb6be01d3, L:/127.0.0.1:50424 - R:localhost/127.0.0.1:27254]' for 'POST' to 'http://localhost:27254/session/6612f75665df1dc53aee8277da48f3ca/execute/sync'
07:41:03.488 [Forwarding executeScript on session 6612f75665df1dc53aee8277da48f3ca to remote] DEBUG org.asynchttpclient.netty.request.NettyRequestSender - Using open Channel [id: 0xb6be01d3, L:/127.0.0.1:50424 - R:localhost/127.0.0.1:27254] for POST '/session/6612f75665df1dc53aee8277da48f3ca/execute/sync'
07:41:03.492 [AsyncHttpClient-1-17] DEBUG org.asynchttpclient.netty.handler.HttpHandler - 

Request DefaultHttpRequest(decodeResult: success, version: HTTP/1.1)
POST /session/6612f75665df1dc53aee8277da48f3ca/execute/sync HTTP/1.1
User-Agent: selenium/4.13.0 (java mac)
Content-Length: 179
Content-Type: application/json; charset=utf-8
host: localhost:27254
accept: */*

Response DefaultHttpResponse(decodeResult: success, version: HTTP/1.1)
HTTP/1.1 200 OK
Content-Length: 14
Content-Type: application/json; charset=utf-8
cache-control: no-cache

07:41:03.492 [AsyncHttpClient-1-17] DEBUG org.asynchttpclient.netty.channel.ChannelManager - Adding key: http://localhost:27254 for channel [id: 0xb6be01d3, L:/127.0.0.1:50424 - R:localhost/127.0.0.1:27254]
07:41:03.493 [Forwarding executeScript on session 6612f75665df1dc53aee8277da48f3ca to remote] DEBUG org.asynchttpclient.netty.request.NettyRequestSender - Using pooled Channel '[id: 0xb6be01d3, L:/127.0.0.1:50424 - R:localhost/127.0.0.1:27254]' for 'POST' to 'http://localhost:27254/session/6612f75665df1dc53aee8277da48f3ca/execute/sync'
07:41:03.493 [Forwarding executeScript on session 6612f75665df1dc53aee8277da48f3ca to remote] DEBUG org.asynchttpclient.netty.request.NettyRequestSender - Using open Channel [id: 0xb6be01d3, L:/127.0.0.1:50424 - R:localhost/127.0.0.1:27254] for POST '/session/6612f75665df1dc53aee8277da48f3ca/execute/sync'
07:41:03.553 [AsyncHttpClient-1-17] DEBUG org.asynchttpclient.netty.handler.HttpHandler - 

Request DefaultHttpRequest(decodeResult: success, version: HTTP/1.1)
POST /session/6612f75665df1dc53aee8277da48f3ca/execute/sync HTTP/1.1
User-Agent: selenium/4.13.0 (java mac)
Content-Length: 166
Content-Type: application/json; charset=utf-8
host: localhost:27254
accept: */*

Response DefaultHttpResponse(decodeResult: success, version: HTTP/1.1)
HTTP/1.1 200 OK
Content-Length: 14
Content-Type: application/json; charset=utf-8
cache-control: no-cache

07:41:03.553 [AsyncHttpClient-1-17] DEBUG org.asynchttpclient.netty.channel.ChannelManager - Adding key: http://localhost:27254 for channel [id: 0xb6be01d3, L:/127.0.0.1:50424 - R:localhost/127.0.0.1:27254]
Step 5 : Click on icici checkbox.
07:41:03.555 [Forwarding findElement on session 6612f75665df1dc53aee8277da48f3ca to remote] DEBUG org.asynchttpclient.netty.request.NettyRequestSender - Using pooled Channel '[id: 0xb6be01d3, L:/127.0.0.1:50424 - R:localhost/127.0.0.1:27254]' for 'POST' to 'http://localhost:27254/session/6612f75665df1dc53aee8277da48f3ca/element'
07:41:03.555 [Forwarding findElement on session 6612f75665df1dc53aee8277da48f3ca to remote] DEBUG org.asynchttpclient.netty.request.NettyRequestSender - Using open Channel [id: 0xb6be01d3, L:/127.0.0.1:50424 - R:localhost/127.0.0.1:27254] for POST '/session/6612f75665df1dc53aee8277da48f3ca/element'
07:41:03.726 [AsyncHttpClient-1-17] DEBUG org.asynchttpclient.netty.handler.HttpHandler - 

Request DefaultHttpRequest(decodeResult: success, version: HTTP/1.1)
POST /session/6612f75665df1dc53aee8277da48f3ca/element HTTP/1.1
User-Agent: selenium/4.13.0 (java mac)
Content-Length: 68
Content-Type: application/json; charset=utf-8
host: localhost:27254
accept: */*

Response DefaultHttpResponse(decodeResult: success, version: HTTP/1.1)
HTTP/1.1 200 OK
Content-Length: 96
Content-Type: application/json; charset=utf-8
cache-control: no-cache

07:41:03.726 [AsyncHttpClient-1-17] DEBUG org.asynchttpclient.netty.channel.ChannelManager - Adding key: http://localhost:27254 for channel [id: 0xb6be01d3, L:/127.0.0.1:50424 - R:localhost/127.0.0.1:27254]
07:41:03.728 [Forwarding isElementDisplayed on session 6612f75665df1dc53aee8277da48f3ca to remote] DEBUG org.asynchttpclient.netty.request.NettyRequestSender - Using pooled Channel '[id: 0xb6be01d3, L:/127.0.0.1:50424 - R:localhost/127.0.0.1:27254]' for 'POST' to 'http://localhost:27254/session/6612f75665df1dc53aee8277da48f3ca/execute/sync'
07:41:03.728 [Forwarding isElementDisplayed on session 6612f75665df1dc53aee8277da48f3ca to remote] DEBUG org.asynchttpclient.netty.request.NettyRequestSender - Using open Channel [id: 0xb6be01d3, L:/127.0.0.1:50424 - R:localhost/127.0.0.1:27254] for POST '/session/6612f75665df1dc53aee8277da48f3ca/execute/sync'
07:41:03.735 [AsyncHttpClient-1-17] DEBUG org.asynchttpclient.netty.handler.HttpHandler - 

Request DefaultHttpRequest(decodeResult: success, version: HTTP/1.1)
POST /session/6612f75665df1dc53aee8277da48f3ca/execute/sync HTTP/1.1
User-Agent: selenium/4.13.0 (java mac)
Content-Length: 48815
Content-Type: application/json; charset=utf-8
host: localhost:27254
accept: */*

Response DefaultHttpResponse(decodeResult: success, version: HTTP/1.1)
HTTP/1.1 200 OK
Content-Length: 14
Content-Type: application/json; charset=utf-8
cache-control: no-cache

07:41:03.735 [AsyncHttpClient-1-17] DEBUG org.asynchttpclient.netty.channel.ChannelManager - Adding key: http://localhost:27254 for channel [id: 0xb6be01d3, L:/127.0.0.1:50424 - R:localhost/127.0.0.1:27254]
07:41:03.736 [Forwarding isElementEnabled on session 6612f75665df1dc53aee8277da48f3ca to remote] DEBUG org.asynchttpclient.netty.request.NettyRequestSender - Using pooled Channel '[id: 0xb6be01d3, L:/127.0.0.1:50424 - R:localhost/127.0.0.1:27254]' for 'GET' to 'http://localhost:27254/session/6612f75665df1dc53aee8277da48f3ca/element/5E528FB273988F9CC2DDB0F41BBB307D_element_160/enabled'
07:41:03.736 [Forwarding isElementEnabled on session 6612f75665df1dc53aee8277da48f3ca to remote] DEBUG org.asynchttpclient.netty.request.NettyRequestSender - Using open Channel [id: 0xb6be01d3, L:/127.0.0.1:50424 - R:localhost/127.0.0.1:27254] for GET '/session/6612f75665df1dc53aee8277da48f3ca/element/5E528FB273988F9CC2DDB0F41BBB307D_element_160/enabled'
07:41:03.742 [AsyncHttpClient-1-17] DEBUG org.asynchttpclient.netty.handler.HttpHandler - 

Request DefaultFullHttpRequest(decodeResult: success, version: HTTP/1.1, content: EmptyByteBufBE)
GET /session/6612f75665df1dc53aee8277da48f3ca/element/5E528FB273988F9CC2DDB0F41BBB307D_element_160/enabled HTTP/1.1
Cache-Control: no-cache
User-Agent: selenium/4.13.0 (java mac)
Content-Type: application/json; charset=utf-8
host: localhost:27254
accept: */*

Response DefaultHttpResponse(decodeResult: success, version: HTTP/1.1)
HTTP/1.1 200 OK
Content-Length: 14
Content-Type: application/json; charset=utf-8
cache-control: no-cache

07:41:03.743 [AsyncHttpClient-1-17] DEBUG org.asynchttpclient.netty.channel.ChannelManager - Adding key: http://localhost:27254 for channel [id: 0xb6be01d3, L:/127.0.0.1:50424 - R:localhost/127.0.0.1:27254]
07:41:03.744 [Forwarding executeScript on session 6612f75665df1dc53aee8277da48f3ca to remote] DEBUG org.asynchttpclient.netty.request.NettyRequestSender - Using pooled Channel '[id: 0xb6be01d3, L:/127.0.0.1:50424 - R:localhost/127.0.0.1:27254]' for 'POST' to 'http://localhost:27254/session/6612f75665df1dc53aee8277da48f3ca/execute/sync'
07:41:03.744 [Forwarding executeScript on session 6612f75665df1dc53aee8277da48f3ca to remote] DEBUG org.asynchttpclient.netty.request.NettyRequestSender - Using open Channel [id: 0xb6be01d3, L:/127.0.0.1:50424 - R:localhost/127.0.0.1:27254] for POST '/session/6612f75665df1dc53aee8277da48f3ca/execute/sync'
07:41:03.748 [AsyncHttpClient-1-17] DEBUG org.asynchttpclient.netty.handler.HttpHandler - 

Request DefaultHttpRequest(decodeResult: success, version: HTTP/1.1)
POST /session/6612f75665df1dc53aee8277da48f3ca/execute/sync HTTP/1.1
User-Agent: selenium/4.13.0 (java mac)
Content-Length: 180
Content-Type: application/json; charset=utf-8
host: localhost:27254
accept: */*

Response DefaultHttpResponse(decodeResult: success, version: HTTP/1.1)
HTTP/1.1 200 OK
Content-Length: 14
Content-Type: application/json; charset=utf-8
cache-control: no-cache

07:41:03.748 [AsyncHttpClient-1-17] DEBUG org.asynchttpclient.netty.channel.ChannelManager - Adding key: http://localhost:27254 for channel [id: 0xb6be01d3, L:/127.0.0.1:50424 - R:localhost/127.0.0.1:27254]
07:41:03.749 [Forwarding executeScript on session 6612f75665df1dc53aee8277da48f3ca to remote] DEBUG org.asynchttpclient.netty.request.NettyRequestSender - Using pooled Channel '[id: 0xb6be01d3, L:/127.0.0.1:50424 - R:localhost/127.0.0.1:27254]' for 'POST' to 'http://localhost:27254/session/6612f75665df1dc53aee8277da48f3ca/execute/sync'
07:41:03.749 [Forwarding executeScript on session 6612f75665df1dc53aee8277da48f3ca to remote] DEBUG org.asynchttpclient.netty.request.NettyRequestSender - Using open Channel [id: 0xb6be01d3, L:/127.0.0.1:50424 - R:localhost/127.0.0.1:27254] for POST '/session/6612f75665df1dc53aee8277da48f3ca/execute/sync'
07:41:03.811 [AsyncHttpClient-1-17] DEBUG org.asynchttpclient.netty.handler.HttpHandler - 

Request DefaultHttpRequest(decodeResult: success, version: HTTP/1.1)
POST /session/6612f75665df1dc53aee8277da48f3ca/execute/sync HTTP/1.1
User-Agent: selenium/4.13.0 (java mac)
Content-Length: 167
Content-Type: application/json; charset=utf-8
host: localhost:27254
accept: */*

Response DefaultHttpResponse(decodeResult: success, version: HTTP/1.1)
HTTP/1.1 200 OK
Content-Length: 14
Content-Type: application/json; charset=utf-8
cache-control: no-cache

07:41:03.812 [AsyncHttpClient-1-17] DEBUG org.asynchttpclient.netty.channel.ChannelManager - Adding key: http://localhost:27254 for channel [id: 0xb6be01d3, L:/127.0.0.1:50424 - R:localhost/127.0.0.1:27254]
07:41:04.385 [AsyncHttpClient-1-1] DEBUG org.asynchttpclient.netty.channel.DefaultChannelPool - Entry count for : http://localhost:50425 : 1
07:41:04.386 [AsyncHttpClient-1-1] DEBUG org.asynchttpclient.netty.channel.DefaultChannelPool - Entry count for : http://localhost:27254 : 1
07:41:05.482 [AsyncHttpClient-1-1] DEBUG org.asynchttpclient.netty.channel.DefaultChannelPool - Entry count for : http://localhost:50425 : 1
07:41:05.483 [AsyncHttpClient-1-1] DEBUG org.asynchttpclient.netty.channel.DefaultChannelPool - Entry count for : http://localhost:27254 : 1
Step 6 : Verify all offers have icici bank logo with terms and conditions.
07:41:05.816 [Forwarding findElements on session 6612f75665df1dc53aee8277da48f3ca to remote] DEBUG org.asynchttpclient.netty.request.NettyRequestSender - Using pooled Channel '[id: 0xb6be01d3, L:/127.0.0.1:50424 - R:localhost/127.0.0.1:27254]' for 'POST' to 'http://localhost:27254/session/6612f75665df1dc53aee8277da48f3ca/elements'
07:41:05.817 [Forwarding findElements on session 6612f75665df1dc53aee8277da48f3ca to remote] DEBUG org.asynchttpclient.netty.request.NettyRequestSender - Using open Channel [id: 0xb6be01d3, L:/127.0.0.1:50424 - R:localhost/127.0.0.1:27254] for POST '/session/6612f75665df1dc53aee8277da48f3ca/elements'
07:41:05.829 [AsyncHttpClient-1-17] DEBUG org.asynchttpclient.netty.handler.HttpHandler - 

Request DefaultHttpRequest(decodeResult: success, version: HTTP/1.1)
POST /session/6612f75665df1dc53aee8277da48f3ca/elements HTTP/1.1
User-Agent: selenium/4.13.0 (java mac)
Content-Length: 73
Content-Type: application/json; charset=utf-8
host: localhost:27254
accept: */*

Response DefaultHttpResponse(decodeResult: success, version: HTTP/1.1)
HTTP/1.1 200 OK
Content-Length: 620
Content-Type: application/json; charset=utf-8
cache-control: no-cache

07:41:05.829 [AsyncHttpClient-1-17] DEBUG org.asynchttpclient.netty.channel.ChannelManager - Adding key: http://localhost:27254 for channel [id: 0xb6be01d3, L:/127.0.0.1:50424 - R:localhost/127.0.0.1:27254]
07:41:05.830 [Forwarding findElement on session 6612f75665df1dc53aee8277da48f3ca to remote] DEBUG org.asynchttpclient.netty.request.NettyRequestSender - Using pooled Channel '[id: 0xb6be01d3, L:/127.0.0.1:50424 - R:localhost/127.0.0.1:27254]' for 'POST' to 'http://localhost:27254/session/6612f75665df1dc53aee8277da48f3ca/element'
07:41:05.830 [Forwarding findElement on session 6612f75665df1dc53aee8277da48f3ca to remote] DEBUG org.asynchttpclient.netty.request.NettyRequestSender - Using open Channel [id: 0xb6be01d3, L:/127.0.0.1:50424 - R:localhost/127.0.0.1:27254] for POST '/session/6612f75665df1dc53aee8277da48f3ca/element'
07:41:05.839 [AsyncHttpClient-1-17] DEBUG org.asynchttpclient.netty.handler.HttpHandler - 

Request DefaultHttpRequest(decodeResult: success, version: HTTP/1.1)
POST /session/6612f75665df1dc53aee8277da48f3ca/element HTTP/1.1
User-Agent: selenium/4.13.0 (java mac)
Content-Length: 76
Content-Type: application/json; charset=utf-8
host: localhost:27254
accept: */*

Response DefaultHttpResponse(decodeResult: success, version: HTTP/1.1)
HTTP/1.1 200 OK
Content-Length: 96
Content-Type: application/json; charset=utf-8
cache-control: no-cache

07:41:05.839 [AsyncHttpClient-1-17] DEBUG org.asynchttpclient.netty.channel.ChannelManager - Adding key: http://localhost:27254 for channel [id: 0xb6be01d3, L:/127.0.0.1:50424 - R:localhost/127.0.0.1:27254]
07:41:05.840 [Forwarding executeScript on session 6612f75665df1dc53aee8277da48f3ca to remote] DEBUG org.asynchttpclient.netty.request.NettyRequestSender - Using pooled Channel '[id: 0xb6be01d3, L:/127.0.0.1:50424 - R:localhost/127.0.0.1:27254]' for 'POST' to 'http://localhost:27254/session/6612f75665df1dc53aee8277da48f3ca/execute/sync'
07:41:05.840 [Forwarding executeScript on session 6612f75665df1dc53aee8277da48f3ca to remote] DEBUG org.asynchttpclient.netty.request.NettyRequestSender - Using open Channel [id: 0xb6be01d3, L:/127.0.0.1:50424 - R:localhost/127.0.0.1:27254] for POST '/session/6612f75665df1dc53aee8277da48f3ca/execute/sync'
07:41:05.845 [AsyncHttpClient-1-17] DEBUG org.asynchttpclient.netty.handler.HttpHandler - 

Request DefaultHttpRequest(decodeResult: success, version: HTTP/1.1)
POST /session/6612f75665df1dc53aee8277da48f3ca/execute/sync HTTP/1.1
User-Agent: selenium/4.13.0 (java mac)
Content-Length: 180
Content-Type: application/json; charset=utf-8
host: localhost:27254
accept: */*

Response DefaultHttpResponse(decodeResult: success, version: HTTP/1.1)
HTTP/1.1 200 OK
Content-Length: 14
Content-Type: application/json; charset=utf-8
cache-control: no-cache

07:41:05.845 [AsyncHttpClient-1-17] DEBUG org.asynchttpclient.netty.channel.ChannelManager - Adding key: http://localhost:27254 for channel [id: 0xb6be01d3, L:/127.0.0.1:50424 - R:localhost/127.0.0.1:27254]
07:41:05.847 [Forwarding isElementDisplayed on session 6612f75665df1dc53aee8277da48f3ca to remote] DEBUG org.asynchttpclient.netty.request.NettyRequestSender - Using pooled Channel '[id: 0xb6be01d3, L:/127.0.0.1:50424 - R:localhost/127.0.0.1:27254]' for 'POST' to 'http://localhost:27254/session/6612f75665df1dc53aee8277da48f3ca/execute/sync'
07:41:05.847 [Forwarding isElementDisplayed on session 6612f75665df1dc53aee8277da48f3ca to remote] DEBUG org.asynchttpclient.netty.request.NettyRequestSender - Using open Channel [id: 0xb6be01d3, L:/127.0.0.1:50424 - R:localhost/127.0.0.1:27254] for POST '/session/6612f75665df1dc53aee8277da48f3ca/execute/sync'
07:41:05.854 [AsyncHttpClient-1-17] DEBUG org.asynchttpclient.netty.handler.HttpHandler - 

Request DefaultHttpRequest(decodeResult: success, version: HTTP/1.1)
POST /session/6612f75665df1dc53aee8277da48f3ca/execute/sync HTTP/1.1
User-Agent: selenium/4.13.0 (java mac)
Content-Length: 48815
Content-Type: application/json; charset=utf-8
host: localhost:27254
accept: */*

Response DefaultHttpResponse(decodeResult: success, version: HTTP/1.1)
HTTP/1.1 200 OK
Content-Length: 14
Content-Type: application/json; charset=utf-8
cache-control: no-cache

07:41:05.854 [AsyncHttpClient-1-17] DEBUG org.asynchttpclient.netty.channel.ChannelManager - Adding key: http://localhost:27254 for channel [id: 0xb6be01d3, L:/127.0.0.1:50424 - R:localhost/127.0.0.1:27254]
07:41:05.855 [Forwarding findElement on session 6612f75665df1dc53aee8277da48f3ca to remote] DEBUG org.asynchttpclient.netty.request.NettyRequestSender - Using pooled Channel '[id: 0xb6be01d3, L:/127.0.0.1:50424 - R:localhost/127.0.0.1:27254]' for 'POST' to 'http://localhost:27254/session/6612f75665df1dc53aee8277da48f3ca/element'
07:41:05.855 [Forwarding findElement on session 6612f75665df1dc53aee8277da48f3ca to remote] DEBUG org.asynchttpclient.netty.request.NettyRequestSender - Using open Channel [id: 0xb6be01d3, L:/127.0.0.1:50424 - R:localhost/127.0.0.1:27254] for POST '/session/6612f75665df1dc53aee8277da48f3ca/element'
07:41:05.864 [AsyncHttpClient-1-17] DEBUG org.asynchttpclient.netty.handler.HttpHandler - 

Request DefaultHttpRequest(decodeResult: success, version: HTTP/1.1)
POST /session/6612f75665df1dc53aee8277da48f3ca/element HTTP/1.1
User-Agent: selenium/4.13.0 (java mac)
Content-Length: 76
Content-Type: application/json; charset=utf-8
host: localhost:27254
accept: */*

Response DefaultHttpResponse(decodeResult: success, version: HTTP/1.1)
HTTP/1.1 200 OK
Content-Length: 96
Content-Type: application/json; charset=utf-8
cache-control: no-cache

07:41:05.864 [AsyncHttpClient-1-17] DEBUG org.asynchttpclient.netty.channel.ChannelManager - Adding key: http://localhost:27254 for channel [id: 0xb6be01d3, L:/127.0.0.1:50424 - R:localhost/127.0.0.1:27254]
07:41:05.865 [Forwarding executeScript on session 6612f75665df1dc53aee8277da48f3ca to remote] DEBUG org.asynchttpclient.netty.request.NettyRequestSender - Using pooled Channel '[id: 0xb6be01d3, L:/127.0.0.1:50424 - R:localhost/127.0.0.1:27254]' for 'POST' to 'http://localhost:27254/session/6612f75665df1dc53aee8277da48f3ca/execute/sync'
07:41:05.865 [Forwarding executeScript on session 6612f75665df1dc53aee8277da48f3ca to remote] DEBUG org.asynchttpclient.netty.request.NettyRequestSender - Using open Channel [id: 0xb6be01d3, L:/127.0.0.1:50424 - R:localhost/127.0.0.1:27254] for POST '/session/6612f75665df1dc53aee8277da48f3ca/execute/sync'
07:41:05.871 [AsyncHttpClient-1-17] DEBUG org.asynchttpclient.netty.handler.HttpHandler - 

Request DefaultHttpRequest(decodeResult: success, version: HTTP/1.1)
POST /session/6612f75665df1dc53aee8277da48f3ca/execute/sync HTTP/1.1
User-Agent: selenium/4.13.0 (java mac)
Content-Length: 180
Content-Type: application/json; charset=utf-8
host: localhost:27254
accept: */*

Response DefaultHttpResponse(decodeResult: success, version: HTTP/1.1)
HTTP/1.1 200 OK
Content-Length: 14
Content-Type: application/json; charset=utf-8
cache-control: no-cache

07:41:05.871 [AsyncHttpClient-1-17] DEBUG org.asynchttpclient.netty.channel.ChannelManager - Adding key: http://localhost:27254 for channel [id: 0xb6be01d3, L:/127.0.0.1:50424 - R:localhost/127.0.0.1:27254]
07:41:05.873 [Forwarding isElementDisplayed on session 6612f75665df1dc53aee8277da48f3ca to remote] DEBUG org.asynchttpclient.netty.request.NettyRequestSender - Using pooled Channel '[id: 0xb6be01d3, L:/127.0.0.1:50424 - R:localhost/127.0.0.1:27254]' for 'POST' to 'http://localhost:27254/session/6612f75665df1dc53aee8277da48f3ca/execute/sync'
07:41:05.873 [Forwarding isElementDisplayed on session 6612f75665df1dc53aee8277da48f3ca to remote] DEBUG org.asynchttpclient.netty.request.NettyRequestSender - Using open Channel [id: 0xb6be01d3, L:/127.0.0.1:50424 - R:localhost/127.0.0.1:27254] for POST '/session/6612f75665df1dc53aee8277da48f3ca/execute/sync'
07:41:05.882 [AsyncHttpClient-1-17] DEBUG org.asynchttpclient.netty.handler.HttpHandler - 

Request DefaultHttpRequest(decodeResult: success, version: HTTP/1.1)
POST /session/6612f75665df1dc53aee8277da48f3ca/execute/sync HTTP/1.1
User-Agent: selenium/4.13.0 (java mac)
Content-Length: 48815
Content-Type: application/json; charset=utf-8
host: localhost:27254
accept: */*

Response DefaultHttpResponse(decodeResult: success, version: HTTP/1.1)
HTTP/1.1 200 OK
Content-Length: 14
Content-Type: application/json; charset=utf-8
cache-control: no-cache

07:41:05.882 [AsyncHttpClient-1-17] DEBUG org.asynchttpclient.netty.channel.ChannelManager - Adding key: http://localhost:27254 for channel [id: 0xb6be01d3, L:/127.0.0.1:50424 - R:localhost/127.0.0.1:27254]
07:41:05.883 [Forwarding findElement on session 6612f75665df1dc53aee8277da48f3ca to remote] DEBUG org.asynchttpclient.netty.request.NettyRequestSender - Using pooled Channel '[id: 0xb6be01d3, L:/127.0.0.1:50424 - R:localhost/127.0.0.1:27254]' for 'POST' to 'http://localhost:27254/session/6612f75665df1dc53aee8277da48f3ca/element'
07:41:05.883 [Forwarding findElement on session 6612f75665df1dc53aee8277da48f3ca to remote] DEBUG org.asynchttpclient.netty.request.NettyRequestSender - Using open Channel [id: 0xb6be01d3, L:/127.0.0.1:50424 - R:localhost/127.0.0.1:27254] for POST '/session/6612f75665df1dc53aee8277da48f3ca/element'
07:41:05.893 [AsyncHttpClient-1-17] DEBUG org.asynchttpclient.netty.handler.HttpHandler - 

Request DefaultHttpRequest(decodeResult: success, version: HTTP/1.1)
POST /session/6612f75665df1dc53aee8277da48f3ca/element HTTP/1.1
User-Agent: selenium/4.13.0 (java mac)
Content-Length: 76
Content-Type: application/json; charset=utf-8
host: localhost:27254
accept: */*

Response DefaultHttpResponse(decodeResult: success, version: HTTP/1.1)
HTTP/1.1 200 OK
Content-Length: 96
Content-Type: application/json; charset=utf-8
cache-control: no-cache

07:41:05.893 [AsyncHttpClient-1-17] DEBUG org.asynchttpclient.netty.channel.ChannelManager - Adding key: http://localhost:27254 for channel [id: 0xb6be01d3, L:/127.0.0.1:50424 - R:localhost/127.0.0.1:27254]
07:41:05.894 [Forwarding executeScript on session 6612f75665df1dc53aee8277da48f3ca to remote] DEBUG org.asynchttpclient.netty.request.NettyRequestSender - Using pooled Channel '[id: 0xb6be01d3, L:/127.0.0.1:50424 - R:localhost/127.0.0.1:27254]' for 'POST' to 'http://localhost:27254/session/6612f75665df1dc53aee8277da48f3ca/execute/sync'
07:41:05.894 [Forwarding executeScript on session 6612f75665df1dc53aee8277da48f3ca to remote] DEBUG org.asynchttpclient.netty.request.NettyRequestSender - Using open Channel [id: 0xb6be01d3, L:/127.0.0.1:50424 - R:localhost/127.0.0.1:27254] for POST '/session/6612f75665df1dc53aee8277da48f3ca/execute/sync'
07:41:05.897 [AsyncHttpClient-1-17] DEBUG org.asynchttpclient.netty.handler.HttpHandler - 

Request DefaultHttpRequest(decodeResult: success, version: HTTP/1.1)
POST /session/6612f75665df1dc53aee8277da48f3ca/execute/sync HTTP/1.1
User-Agent: selenium/4.13.0 (java mac)
Content-Length: 180
Content-Type: application/json; charset=utf-8
host: localhost:27254
accept: */*

Response DefaultHttpResponse(decodeResult: success, version: HTTP/1.1)
HTTP/1.1 200 OK
Content-Length: 14
Content-Type: application/json; charset=utf-8
cache-control: no-cache

07:41:05.898 [AsyncHttpClient-1-17] DEBUG org.asynchttpclient.netty.channel.ChannelManager - Adding key: http://localhost:27254 for channel [id: 0xb6be01d3, L:/127.0.0.1:50424 - R:localhost/127.0.0.1:27254]
07:41:05.899 [Forwarding isElementDisplayed on session 6612f75665df1dc53aee8277da48f3ca to remote] DEBUG org.asynchttpclient.netty.request.NettyRequestSender - Using pooled Channel '[id: 0xb6be01d3, L:/127.0.0.1:50424 - R:localhost/127.0.0.1:27254]' for 'POST' to 'http://localhost:27254/session/6612f75665df1dc53aee8277da48f3ca/execute/sync'
07:41:05.899 [Forwarding isElementDisplayed on session 6612f75665df1dc53aee8277da48f3ca to remote] DEBUG org.asynchttpclient.netty.request.NettyRequestSender - Using open Channel [id: 0xb6be01d3, L:/127.0.0.1:50424 - R:localhost/127.0.0.1:27254] for POST '/session/6612f75665df1dc53aee8277da48f3ca/execute/sync'
07:41:05.907 [AsyncHttpClient-1-17] DEBUG org.asynchttpclient.netty.handler.HttpHandler - 

Request DefaultHttpRequest(decodeResult: success, version: HTTP/1.1)
POST /session/6612f75665df1dc53aee8277da48f3ca/execute/sync HTTP/1.1
User-Agent: selenium/4.13.0 (java mac)
Content-Length: 48815
Content-Type: application/json; charset=utf-8
host: localhost:27254
accept: */*

Response DefaultHttpResponse(decodeResult: success, version: HTTP/1.1)
HTTP/1.1 200 OK
Content-Length: 14
Content-Type: application/json; charset=utf-8
cache-control: no-cache

07:41:05.907 [AsyncHttpClient-1-17] DEBUG org.asynchttpclient.netty.channel.ChannelManager - Adding key: http://localhost:27254 for channel [id: 0xb6be01d3, L:/127.0.0.1:50424 - R:localhost/127.0.0.1:27254]
07:41:05.907 [Forwarding findElement on session 6612f75665df1dc53aee8277da48f3ca to remote] DEBUG org.asynchttpclient.netty.request.NettyRequestSender - Using pooled Channel '[id: 0xb6be01d3, L:/127.0.0.1:50424 - R:localhost/127.0.0.1:27254]' for 'POST' to 'http://localhost:27254/session/6612f75665df1dc53aee8277da48f3ca/element'
07:41:05.907 [Forwarding findElement on session 6612f75665df1dc53aee8277da48f3ca to remote] DEBUG org.asynchttpclient.netty.request.NettyRequestSender - Using open Channel [id: 0xb6be01d3, L:/127.0.0.1:50424 - R:localhost/127.0.0.1:27254] for POST '/session/6612f75665df1dc53aee8277da48f3ca/element'
07:41:05.916 [AsyncHttpClient-1-17] DEBUG org.asynchttpclient.netty.handler.HttpHandler - 

Request DefaultHttpRequest(decodeResult: success, version: HTTP/1.1)
POST /session/6612f75665df1dc53aee8277da48f3ca/element HTTP/1.1
User-Agent: selenium/4.13.0 (java mac)
Content-Length: 76
Content-Type: application/json; charset=utf-8
host: localhost:27254
accept: */*

Response DefaultHttpResponse(decodeResult: success, version: HTTP/1.1)
HTTP/1.1 200 OK
Content-Length: 96
Content-Type: application/json; charset=utf-8
cache-control: no-cache

07:41:05.916 [AsyncHttpClient-1-17] DEBUG org.asynchttpclient.netty.channel.ChannelManager - Adding key: http://localhost:27254 for channel [id: 0xb6be01d3, L:/127.0.0.1:50424 - R:localhost/127.0.0.1:27254]
07:41:05.917 [Forwarding executeScript on session 6612f75665df1dc53aee8277da48f3ca to remote] DEBUG org.asynchttpclient.netty.request.NettyRequestSender - Using pooled Channel '[id: 0xb6be01d3, L:/127.0.0.1:50424 - R:localhost/127.0.0.1:27254]' for 'POST' to 'http://localhost:27254/session/6612f75665df1dc53aee8277da48f3ca/execute/sync'
07:41:05.917 [Forwarding executeScript on session 6612f75665df1dc53aee8277da48f3ca to remote] DEBUG org.asynchttpclient.netty.request.NettyRequestSender - Using open Channel [id: 0xb6be01d3, L:/127.0.0.1:50424 - R:localhost/127.0.0.1:27254] for POST '/session/6612f75665df1dc53aee8277da48f3ca/execute/sync'
07:41:05.920 [AsyncHttpClient-1-17] DEBUG org.asynchttpclient.netty.handler.HttpHandler - 

Request DefaultHttpRequest(decodeResult: success, version: HTTP/1.1)
POST /session/6612f75665df1dc53aee8277da48f3ca/execute/sync HTTP/1.1
User-Agent: selenium/4.13.0 (java mac)
Content-Length: 180
Content-Type: application/json; charset=utf-8
host: localhost:27254
accept: */*

Response DefaultHttpResponse(decodeResult: success, version: HTTP/1.1)
HTTP/1.1 200 OK
Content-Length: 14
Content-Type: application/json; charset=utf-8
cache-control: no-cache

07:41:05.921 [AsyncHttpClient-1-17] DEBUG org.asynchttpclient.netty.channel.ChannelManager - Adding key: http://localhost:27254 for channel [id: 0xb6be01d3, L:/127.0.0.1:50424 - R:localhost/127.0.0.1:27254]
07:41:05.922 [Forwarding isElementDisplayed on session 6612f75665df1dc53aee8277da48f3ca to remote] DEBUG org.asynchttpclient.netty.request.NettyRequestSender - Using pooled Channel '[id: 0xb6be01d3, L:/127.0.0.1:50424 - R:localhost/127.0.0.1:27254]' for 'POST' to 'http://localhost:27254/session/6612f75665df1dc53aee8277da48f3ca/execute/sync'
07:41:05.922 [Forwarding isElementDisplayed on session 6612f75665df1dc53aee8277da48f3ca to remote] DEBUG org.asynchttpclient.netty.request.NettyRequestSender - Using open Channel [id: 0xb6be01d3, L:/127.0.0.1:50424 - R:localhost/127.0.0.1:27254] for POST '/session/6612f75665df1dc53aee8277da48f3ca/execute/sync'
07:41:05.929 [AsyncHttpClient-1-17] DEBUG org.asynchttpclient.netty.handler.HttpHandler - 

Request DefaultHttpRequest(decodeResult: success, version: HTTP/1.1)
POST /session/6612f75665df1dc53aee8277da48f3ca/execute/sync HTTP/1.1
User-Agent: selenium/4.13.0 (java mac)
Content-Length: 48815
Content-Type: application/json; charset=utf-8
host: localhost:27254
accept: */*

Response DefaultHttpResponse(decodeResult: success, version: HTTP/1.1)
HTTP/1.1 200 OK
Content-Length: 14
Content-Type: application/json; charset=utf-8
cache-control: no-cache

07:41:05.929 [AsyncHttpClient-1-17] DEBUG org.asynchttpclient.netty.channel.ChannelManager - Adding key: http://localhost:27254 for channel [id: 0xb6be01d3, L:/127.0.0.1:50424 - R:localhost/127.0.0.1:27254]
07:41:05.929 [Forwarding findElement on session 6612f75665df1dc53aee8277da48f3ca to remote] DEBUG org.asynchttpclient.netty.request.NettyRequestSender - Using pooled Channel '[id: 0xb6be01d3, L:/127.0.0.1:50424 - R:localhost/127.0.0.1:27254]' for 'POST' to 'http://localhost:27254/session/6612f75665df1dc53aee8277da48f3ca/element'
07:41:05.930 [Forwarding findElement on session 6612f75665df1dc53aee8277da48f3ca to remote] DEBUG org.asynchttpclient.netty.request.NettyRequestSender - Using open Channel [id: 0xb6be01d3, L:/127.0.0.1:50424 - R:localhost/127.0.0.1:27254] for POST '/session/6612f75665df1dc53aee8277da48f3ca/element'
07:41:05.939 [AsyncHttpClient-1-17] DEBUG org.asynchttpclient.netty.handler.HttpHandler - 

Request DefaultHttpRequest(decodeResult: success, version: HTTP/1.1)
POST /session/6612f75665df1dc53aee8277da48f3ca/element HTTP/1.1
User-Agent: selenium/4.13.0 (java mac)
Content-Length: 76
Content-Type: application/json; charset=utf-8
host: localhost:27254
accept: */*

Response DefaultHttpResponse(decodeResult: success, version: HTTP/1.1)
HTTP/1.1 200 OK
Content-Length: 96
Content-Type: application/json; charset=utf-8
cache-control: no-cache

07:41:05.939 [AsyncHttpClient-1-17] DEBUG org.asynchttpclient.netty.channel.ChannelManager - Adding key: http://localhost:27254 for channel [id: 0xb6be01d3, L:/127.0.0.1:50424 - R:localhost/127.0.0.1:27254]
07:41:05.940 [Forwarding executeScript on session 6612f75665df1dc53aee8277da48f3ca to remote] DEBUG org.asynchttpclient.netty.request.NettyRequestSender - Using pooled Channel '[id: 0xb6be01d3, L:/127.0.0.1:50424 - R:localhost/127.0.0.1:27254]' for 'POST' to 'http://localhost:27254/session/6612f75665df1dc53aee8277da48f3ca/execute/sync'
07:41:05.940 [Forwarding executeScript on session 6612f75665df1dc53aee8277da48f3ca to remote] DEBUG org.asynchttpclient.netty.request.NettyRequestSender - Using open Channel [id: 0xb6be01d3, L:/127.0.0.1:50424 - R:localhost/127.0.0.1:27254] for POST '/session/6612f75665df1dc53aee8277da48f3ca/execute/sync'
07:41:05.943 [AsyncHttpClient-1-17] DEBUG org.asynchttpclient.netty.handler.HttpHandler - 

Request DefaultHttpRequest(decodeResult: success, version: HTTP/1.1)
POST /session/6612f75665df1dc53aee8277da48f3ca/execute/sync HTTP/1.1
User-Agent: selenium/4.13.0 (java mac)
Content-Length: 180
Content-Type: application/json; charset=utf-8
host: localhost:27254
accept: */*

Response DefaultHttpResponse(decodeResult: success, version: HTTP/1.1)
HTTP/1.1 200 OK
Content-Length: 14
Content-Type: application/json; charset=utf-8
cache-control: no-cache

07:41:05.944 [AsyncHttpClient-1-17] DEBUG org.asynchttpclient.netty.channel.ChannelManager - Adding key: http://localhost:27254 for channel [id: 0xb6be01d3, L:/127.0.0.1:50424 - R:localhost/127.0.0.1:27254]
07:41:05.945 [Forwarding isElementDisplayed on session 6612f75665df1dc53aee8277da48f3ca to remote] DEBUG org.asynchttpclient.netty.request.NettyRequestSender - Using pooled Channel '[id: 0xb6be01d3, L:/127.0.0.1:50424 - R:localhost/127.0.0.1:27254]' for 'POST' to 'http://localhost:27254/session/6612f75665df1dc53aee8277da48f3ca/execute/sync'
07:41:05.945 [Forwarding isElementDisplayed on session 6612f75665df1dc53aee8277da48f3ca to remote] DEBUG org.asynchttpclient.netty.request.NettyRequestSender - Using open Channel [id: 0xb6be01d3, L:/127.0.0.1:50424 - R:localhost/127.0.0.1:27254] for POST '/session/6612f75665df1dc53aee8277da48f3ca/execute/sync'
07:41:05.953 [AsyncHttpClient-1-17] DEBUG org.asynchttpclient.netty.handler.HttpHandler - 

Request DefaultHttpRequest(decodeResult: success, version: HTTP/1.1)
POST /session/6612f75665df1dc53aee8277da48f3ca/execute/sync HTTP/1.1
User-Agent: selenium/4.13.0 (java mac)
Content-Length: 48815
Content-Type: application/json; charset=utf-8
host: localhost:27254
accept: */*

Response DefaultHttpResponse(decodeResult: success, version: HTTP/1.1)
HTTP/1.1 200 OK
Content-Length: 14
Content-Type: application/json; charset=utf-8
cache-control: no-cache

07:41:05.953 [AsyncHttpClient-1-17] DEBUG org.asynchttpclient.netty.channel.ChannelManager - Adding key: http://localhost:27254 for channel [id: 0xb6be01d3, L:/127.0.0.1:50424 - R:localhost/127.0.0.1:27254]
07:41:05.954 [Forwarding findElement on session 6612f75665df1dc53aee8277da48f3ca to remote] DEBUG org.asynchttpclient.netty.request.NettyRequestSender - Using pooled Channel '[id: 0xb6be01d3, L:/127.0.0.1:50424 - R:localhost/127.0.0.1:27254]' for 'POST' to 'http://localhost:27254/session/6612f75665df1dc53aee8277da48f3ca/element'
07:41:05.954 [Forwarding findElement on session 6612f75665df1dc53aee8277da48f3ca to remote] DEBUG org.asynchttpclient.netty.request.NettyRequestSender - Using open Channel [id: 0xb6be01d3, L:/127.0.0.1:50424 - R:localhost/127.0.0.1:27254] for POST '/session/6612f75665df1dc53aee8277da48f3ca/element'
07:41:05.962 [AsyncHttpClient-1-17] DEBUG org.asynchttpclient.netty.handler.HttpHandler - 

Request DefaultHttpRequest(decodeResult: success, version: HTTP/1.1)
POST /session/6612f75665df1dc53aee8277da48f3ca/element HTTP/1.1
User-Agent: selenium/4.13.0 (java mac)
Content-Length: 76
Content-Type: application/json; charset=utf-8
host: localhost:27254
accept: */*

Response DefaultHttpResponse(decodeResult: success, version: HTTP/1.1)
HTTP/1.1 200 OK
Content-Length: 96
Content-Type: application/json; charset=utf-8
cache-control: no-cache

07:41:05.963 [AsyncHttpClient-1-17] DEBUG org.asynchttpclient.netty.channel.ChannelManager - Adding key: http://localhost:27254 for channel [id: 0xb6be01d3, L:/127.0.0.1:50424 - R:localhost/127.0.0.1:27254]
07:41:05.963 [Forwarding executeScript on session 6612f75665df1dc53aee8277da48f3ca to remote] DEBUG org.asynchttpclient.netty.request.NettyRequestSender - Using pooled Channel '[id: 0xb6be01d3, L:/127.0.0.1:50424 - R:localhost/127.0.0.1:27254]' for 'POST' to 'http://localhost:27254/session/6612f75665df1dc53aee8277da48f3ca/execute/sync'
07:41:05.963 [Forwarding executeScript on session 6612f75665df1dc53aee8277da48f3ca to remote] DEBUG org.asynchttpclient.netty.request.NettyRequestSender - Using open Channel [id: 0xb6be01d3, L:/127.0.0.1:50424 - R:localhost/127.0.0.1:27254] for POST '/session/6612f75665df1dc53aee8277da48f3ca/execute/sync'
07:41:05.967 [AsyncHttpClient-1-17] DEBUG org.asynchttpclient.netty.handler.HttpHandler - 

Request DefaultHttpRequest(decodeResult: success, version: HTTP/1.1)
POST /session/6612f75665df1dc53aee8277da48f3ca/execute/sync HTTP/1.1
User-Agent: selenium/4.13.0 (java mac)
Content-Length: 180
Content-Type: application/json; charset=utf-8
host: localhost:27254
accept: */*

Response DefaultHttpResponse(decodeResult: success, version: HTTP/1.1)
HTTP/1.1 200 OK
Content-Length: 14
Content-Type: application/json; charset=utf-8
cache-control: no-cache

07:41:05.967 [AsyncHttpClient-1-17] DEBUG org.asynchttpclient.netty.channel.ChannelManager - Adding key: http://localhost:27254 for channel [id: 0xb6be01d3, L:/127.0.0.1:50424 - R:localhost/127.0.0.1:27254]
07:41:05.968 [Forwarding isElementDisplayed on session 6612f75665df1dc53aee8277da48f3ca to remote] DEBUG org.asynchttpclient.netty.request.NettyRequestSender - Using pooled Channel '[id: 0xb6be01d3, L:/127.0.0.1:50424 - R:localhost/127.0.0.1:27254]' for 'POST' to 'http://localhost:27254/session/6612f75665df1dc53aee8277da48f3ca/execute/sync'
07:41:05.968 [Forwarding isElementDisplayed on session 6612f75665df1dc53aee8277da48f3ca to remote] DEBUG org.asynchttpclient.netty.request.NettyRequestSender - Using open Channel [id: 0xb6be01d3, L:/127.0.0.1:50424 - R:localhost/127.0.0.1:27254] for POST '/session/6612f75665df1dc53aee8277da48f3ca/execute/sync'
07:41:05.975 [AsyncHttpClient-1-17] DEBUG org.asynchttpclient.netty.handler.HttpHandler - 

Request DefaultHttpRequest(decodeResult: success, version: HTTP/1.1)
POST /session/6612f75665df1dc53aee8277da48f3ca/execute/sync HTTP/1.1
User-Agent: selenium/4.13.0 (java mac)
Content-Length: 48815
Content-Type: application/json; charset=utf-8
host: localhost:27254
accept: */*

Response DefaultHttpResponse(decodeResult: success, version: HTTP/1.1)
HTTP/1.1 200 OK
Content-Length: 14
Content-Type: application/json; charset=utf-8
cache-control: no-cache

07:41:05.975 [AsyncHttpClient-1-17] DEBUG org.asynchttpclient.netty.channel.ChannelManager - Adding key: http://localhost:27254 for channel [id: 0xb6be01d3, L:/127.0.0.1:50424 - R:localhost/127.0.0.1:27254]
07:41:05.976 [Forwarding findElement on session 6612f75665df1dc53aee8277da48f3ca to remote] DEBUG org.asynchttpclient.netty.request.NettyRequestSender - Using pooled Channel '[id: 0xb6be01d3, L:/127.0.0.1:50424 - R:localhost/127.0.0.1:27254]' for 'POST' to 'http://localhost:27254/session/6612f75665df1dc53aee8277da48f3ca/element'
07:41:05.976 [Forwarding findElement on session 6612f75665df1dc53aee8277da48f3ca to remote] DEBUG org.asynchttpclient.netty.request.NettyRequestSender - Using open Channel [id: 0xb6be01d3, L:/127.0.0.1:50424 - R:localhost/127.0.0.1:27254] for POST '/session/6612f75665df1dc53aee8277da48f3ca/element'
07:41:05.984 [AsyncHttpClient-1-17] DEBUG org.asynchttpclient.netty.handler.HttpHandler - 

Request DefaultHttpRequest(decodeResult: success, version: HTTP/1.1)
POST /session/6612f75665df1dc53aee8277da48f3ca/element HTTP/1.1
User-Agent: selenium/4.13.0 (java mac)
Content-Length: 76
Content-Type: application/json; charset=utf-8
host: localhost:27254
accept: */*

Response DefaultHttpResponse(decodeResult: success, version: HTTP/1.1)
HTTP/1.1 200 OK
Content-Length: 96
Content-Type: application/json; charset=utf-8
cache-control: no-cache

07:41:05.984 [AsyncHttpClient-1-17] DEBUG org.asynchttpclient.netty.channel.ChannelManager - Adding key: http://localhost:27254 for channel [id: 0xb6be01d3, L:/127.0.0.1:50424 - R:localhost/127.0.0.1:27254]
07:41:05.985 [Forwarding executeScript on session 6612f75665df1dc53aee8277da48f3ca to remote] DEBUG org.asynchttpclient.netty.request.NettyRequestSender - Using pooled Channel '[id: 0xb6be01d3, L:/127.0.0.1:50424 - R:localhost/127.0.0.1:27254]' for 'POST' to 'http://localhost:27254/session/6612f75665df1dc53aee8277da48f3ca/execute/sync'
07:41:05.985 [Forwarding executeScript on session 6612f75665df1dc53aee8277da48f3ca to remote] DEBUG org.asynchttpclient.netty.request.NettyRequestSender - Using open Channel [id: 0xb6be01d3, L:/127.0.0.1:50424 - R:localhost/127.0.0.1:27254] for POST '/session/6612f75665df1dc53aee8277da48f3ca/execute/sync'
07:41:05.988 [AsyncHttpClient-1-17] DEBUG org.asynchttpclient.netty.handler.HttpHandler - 

Request DefaultHttpRequest(decodeResult: success, version: HTTP/1.1)
POST /session/6612f75665df1dc53aee8277da48f3ca/execute/sync HTTP/1.1
User-Agent: selenium/4.13.0 (java mac)
Content-Length: 180
Content-Type: application/json; charset=utf-8
host: localhost:27254
accept: */*

Response DefaultHttpResponse(decodeResult: success, version: HTTP/1.1)
HTTP/1.1 200 OK
Content-Length: 14
Content-Type: application/json; charset=utf-8
cache-control: no-cache

07:41:05.988 [AsyncHttpClient-1-17] DEBUG org.asynchttpclient.netty.channel.ChannelManager - Adding key: http://localhost:27254 for channel [id: 0xb6be01d3, L:/127.0.0.1:50424 - R:localhost/127.0.0.1:27254]
07:41:05.990 [Forwarding isElementDisplayed on session 6612f75665df1dc53aee8277da48f3ca to remote] DEBUG org.asynchttpclient.netty.request.NettyRequestSender - Using pooled Channel '[id: 0xb6be01d3, L:/127.0.0.1:50424 - R:localhost/127.0.0.1:27254]' for 'POST' to 'http://localhost:27254/session/6612f75665df1dc53aee8277da48f3ca/execute/sync'
07:41:05.990 [Forwarding isElementDisplayed on session 6612f75665df1dc53aee8277da48f3ca to remote] DEBUG org.asynchttpclient.netty.request.NettyRequestSender - Using open Channel [id: 0xb6be01d3, L:/127.0.0.1:50424 - R:localhost/127.0.0.1:27254] for POST '/session/6612f75665df1dc53aee8277da48f3ca/execute/sync'
07:41:05.996 [AsyncHttpClient-1-17] DEBUG org.asynchttpclient.netty.handler.HttpHandler - 

Request DefaultHttpRequest(decodeResult: success, version: HTTP/1.1)
POST /session/6612f75665df1dc53aee8277da48f3ca/execute/sync HTTP/1.1
User-Agent: selenium/4.13.0 (java mac)
Content-Length: 48815
Content-Type: application/json; charset=utf-8
host: localhost:27254
accept: */*

Response DefaultHttpResponse(decodeResult: success, version: HTTP/1.1)
HTTP/1.1 200 OK
Content-Length: 14
Content-Type: application/json; charset=utf-8
cache-control: no-cache

07:41:05.996 [AsyncHttpClient-1-17] DEBUG org.asynchttpclient.netty.channel.ChannelManager - Adding key: http://localhost:27254 for channel [id: 0xb6be01d3, L:/127.0.0.1:50424 - R:localhost/127.0.0.1:27254]
]]></system-out>
    <system-err><![CDATA[Jan 13, 2024 7:40:58 AM org.openqa.selenium.devtools.CdpVersionFinder findNearestMatch
WARNING: Unable to find an exact match for CDP version 120, so returning the closest version found: 117
]]></system-err>
  </testcase>
</testsuite>