<?xml version="1.0" encoding="UTF-8"?>
<testsuite xmlns:xsi="http://www.w3.org/2001/XMLSchema-instance" xsi:noNamespaceSchemaLocation="https://maven.apache.org/surefire/maven-surefire-plugin/xsd/surefire-test-report-3.0.xsd" version="3.0" name="TestSuite" time="103.914" tests="6" errors="0" skipped="0" failures="2">
  <properties>
    <property name="java.specification.version" value="21"/>
    <property name="webdriver.chrome.driver" value="/Users/apple/Documents/HHP/Projects/sample/drivers/chromedriver"/>
    <property name="sun.jnu.encoding" value="UTF-8"/>
    <property name="java.class.path" value="/Users/apple/Documents/HHP/Projects/sample/target/test-classes:/Users/apple/Documents/HHP/Projects/sample/target/classes:/Users/apple/.m2/repository/org/seleniumhq/selenium/selenium-java/4.13.0/selenium-java-4.13.0.jar:/Users/apple/.m2/repository/org/seleniumhq/selenium/selenium-api/4.13.0/selenium-api-4.13.0.jar:/Users/apple/.m2/repository/org/seleniumhq/selenium/selenium-chrome-driver/4.13.0/selenium-chrome-driver-4.13.0.jar:/Users/apple/.m2/repository/com/google/auto/service/auto-service-annotations/1.1.1/auto-service-annotations-1.1.1.jar:/Users/apple/.m2/repository/com/google/guava/guava/32.1.2-jre/guava-32.1.2-jre.jar:/Users/apple/.m2/repository/com/google/guava/failureaccess/1.0.1/failureaccess-1.0.1.jar:/Users/apple/.m2/repository/com/google/guava/listenablefuture/9999.0-empty-to-avoid-conflict-with-guava/listenablefuture-9999.0-empty-to-avoid-conflict-with-guava.jar:/Users/apple/.m2/repository/org/checkerframework/checker-qual/3.33.0/checker-qual-3.33.0.jar:/Users/apple/.m2/repository/com/google/errorprone/error_prone_annotations/2.18.0/error_prone_annotations-2.18.0.jar:/Users/apple/.m2/repository/com/google/j2objc/j2objc-annotations/2.8/j2objc-annotations-2.8.jar:/Users/apple/.m2/repository/org/seleniumhq/selenium/selenium-chromium-driver/4.13.0/selenium-chromium-driver-4.13.0.jar:/Users/apple/.m2/repository/org/seleniumhq/selenium/selenium-json/4.13.0/selenium-json-4.13.0.jar:/Users/apple/.m2/repository/org/seleniumhq/selenium/selenium-manager/4.13.0/selenium-manager-4.13.0.jar:/Users/apple/.m2/repository/org/seleniumhq/selenium/selenium-devtools-v115/4.13.0/selenium-devtools-v115-4.13.0.jar:/Users/apple/.m2/repository/org/seleniumhq/selenium/selenium-devtools-v116/4.13.0/selenium-devtools-v116-4.13.0.jar:/Users/apple/.m2/repository/org/seleniumhq/selenium/selenium-devtools-v117/4.13.0/selenium-devtools-v117-4.13.0.jar:/Users/apple/.m2/repository/org/seleniumhq/selenium/selenium-devtools-v85/4.13.0/selenium-devtools-v85-4.13.0.jar:/Users/apple/.m2/repository/org/seleniumhq/selenium/selenium-edge-driver/4.13.0/selenium-edge-driver-4.13.0.jar:/Users/apple/.m2/repository/org/seleniumhq/selenium/selenium-firefox-driver/4.13.0/selenium-firefox-driver-4.13.0.jar:/Users/apple/.m2/repository/org/seleniumhq/selenium/selenium-http/4.13.0/selenium-http-4.13.0.jar:/Users/apple/.m2/repository/dev/failsafe/failsafe/3.3.2/failsafe-3.3.2.jar:/Users/apple/.m2/repository/org/seleniumhq/selenium/selenium-ie-driver/4.13.0/selenium-ie-driver-4.13.0.jar:/Users/apple/.m2/repository/org/seleniumhq/selenium/selenium-remote-driver/4.13.0/selenium-remote-driver-4.13.0.jar:/Users/apple/.m2/repository/io/netty/netty-buffer/4.1.96.Final/netty-buffer-4.1.96.Final.jar:/Users/apple/.m2/repository/io/netty/netty-codec-http/4.1.96.Final/netty-codec-http-4.1.96.Final.jar:/Users/apple/.m2/repository/io/netty/netty-codec/4.1.96.Final/netty-codec-4.1.96.Final.jar:/Users/apple/.m2/repository/io/netty/netty-handler/4.1.96.Final/netty-handler-4.1.96.Final.jar:/Users/apple/.m2/repository/io/netty/netty-common/4.1.96.Final/netty-common-4.1.96.Final.jar:/Users/apple/.m2/repository/io/netty/netty-transport-classes-epoll/4.1.96.Final/netty-transport-classes-epoll-4.1.96.Final.jar:/Users/apple/.m2/repository/io/netty/netty-transport-classes-kqueue/4.1.96.Final/netty-transport-classes-kqueue-4.1.96.Final.jar:/Users/apple/.m2/repository/io/netty/netty-transport-native-epoll/4.1.96.Final/netty-transport-native-epoll-4.1.96.Final.jar:/Users/apple/.m2/repository/io/netty/netty-transport-native-kqueue/4.1.96.Final/netty-transport-native-kqueue-4.1.96.Final.jar:/Users/apple/.m2/repository/io/netty/netty-transport-native-unix-common/4.1.96.Final/netty-transport-native-unix-common-4.1.96.Final.jar:/Users/apple/.m2/repository/io/netty/netty-transport/4.1.96.Final/netty-transport-4.1.96.Final.jar:/Users/apple/.m2/repository/io/netty/netty-resolver/4.1.96.Final/netty-resolver-4.1.96.Final.jar:/Users/apple/.m2/repository/io/opentelemetry/opentelemetry-api/1.28.0/opentelemetry-api-1.28.0.jar:/Users/apple/.m2/repository/io/opentelemetry/opentelemetry-context/1.28.0/opentelemetry-context-1.28.0.jar:/Users/apple/.m2/repository/io/opentelemetry/opentelemetry-exporter-logging/1.28.0/opentelemetry-exporter-logging-1.28.0.jar:/Users/apple/.m2/repository/io/opentelemetry/opentelemetry-sdk-metrics/1.28.0/opentelemetry-sdk-metrics-1.28.0.jar:/Users/apple/.m2/repository/io/opentelemetry/opentelemetry-extension-incubator/1.28.0-alpha/opentelemetry-extension-incubator-1.28.0-alpha.jar:/Users/apple/.m2/repository/io/opentelemetry/opentelemetry-sdk-logs/1.28.0/opentelemetry-sdk-logs-1.28.0.jar:/Users/apple/.m2/repository/io/opentelemetry/opentelemetry-sdk-common/1.28.0/opentelemetry-sdk-common-1.28.0.jar:/Users/apple/.m2/repository/io/opentelemetry/opentelemetry-sdk-extension-autoconfigure-spi/1.28.0/opentelemetry-sdk-extension-autoconfigure-spi-1.28.0.jar:/Users/apple/.m2/repository/io/opentelemetry/opentelemetry-sdk-extension-autoconfigure/1.28.0/opentelemetry-sdk-extension-autoconfigure-1.28.0.jar:/Users/apple/.m2/repository/io/opentelemetry/opentelemetry-api-events/1.28.0-alpha/opentelemetry-api-events-1.28.0-alpha.jar:/Users/apple/.m2/repository/io/opentelemetry/opentelemetry-sdk-trace/1.28.0/opentelemetry-sdk-trace-1.28.0.jar:/Users/apple/.m2/repository/io/opentelemetry/opentelemetry-sdk/1.28.0/opentelemetry-sdk-1.28.0.jar:/Users/apple/.m2/repository/io/opentelemetry/opentelemetry-semconv/1.28.0-alpha/opentelemetry-semconv-1.28.0-alpha.jar:/Users/apple/.m2/repository/net/bytebuddy/byte-buddy/1.14.5/byte-buddy-1.14.5.jar:/Users/apple/.m2/repository/org/asynchttpclient/async-http-client/2.12.3/async-http-client-2.12.3.jar:/Users/apple/.m2/repository/org/asynchttpclient/async-http-client-netty-utils/2.12.3/async-http-client-netty-utils-2.12.3.jar:/Users/apple/.m2/repository/io/netty/netty-codec-socks/4.1.60.Final/netty-codec-socks-4.1.60.Final.jar:/Users/apple/.m2/repository/io/netty/netty-handler-proxy/4.1.60.Final/netty-handler-proxy-4.1.60.Final.jar:/Users/apple/.m2/repository/io/netty/netty-transport-native-epoll/4.1.60.Final/netty-transport-native-epoll-4.1.60.Final-linux-x86_64.jar:/Users/apple/.m2/repository/io/netty/netty-transport-native-kqueue/4.1.60.Final/netty-transport-native-kqueue-4.1.60.Final-osx-x86_64.jar:/Users/apple/.m2/repository/org/reactivestreams/reactive-streams/1.0.3/reactive-streams-1.0.3.jar:/Users/apple/.m2/repository/com/typesafe/netty/netty-reactive-streams/2.0.4/netty-reactive-streams-2.0.4.jar:/Users/apple/.m2/repository/com/sun/activation/jakarta.activation/1.2.2/jakarta.activation-1.2.2.jar:/Users/apple/.m2/repository/org/seleniumhq/selenium/selenium-os/4.13.0/selenium-os-4.13.0.jar:/Users/apple/.m2/repository/org/apache/commons/commons-exec/1.3/commons-exec-1.3.jar:/Users/apple/.m2/repository/org/seleniumhq/selenium/selenium-safari-driver/4.13.0/selenium-safari-driver-4.13.0.jar:/Users/apple/.m2/repository/org/seleniumhq/selenium/selenium-support/4.13.0/selenium-support-4.13.0.jar:/Users/apple/.m2/repository/org/apache/logging/log4j/log4j-api/2.17.2/log4j-api-2.17.2.jar:/Users/apple/.m2/repository/org/slf4j/slf4j-api/1.7.32/slf4j-api-1.7.32.jar:/Users/apple/.m2/repository/ch/qos/logback/logback-classic/1.2.6/logback-classic-1.2.6.jar:/Users/apple/.m2/repository/ch/qos/logback/logback-core/1.2.6/logback-core-1.2.6.jar:/Users/apple/.m2/repository/io/github/bonigarcia/webdrivermanager/5.2.3/webdrivermanager-5.2.3.jar:/Users/apple/.m2/repository/com/google/code/gson/gson/2.9.1/gson-2.9.1.jar:/Users/apple/.m2/repository/com/github/docker-java/docker-java/3.2.13/docker-java-3.2.13.jar:/Users/apple/.m2/repository/com/github/docker-java/docker-java-core/3.2.13/docker-java-core-3.2.13.jar:/Users/apple/.m2/repository/com/github/docker-java/docker-java-api/3.2.13/docker-java-api-3.2.13.jar:/Users/apple/.m2/repository/com/fasterxml/jackson/core/jackson-annotations/2.10.3/jackson-annotations-2.10.3.jar:/Users/apple/.m2/repository/org/apache/commons/commons-compress/1.21/commons-compress-1.21.jar:/Users/apple/.m2/repository/com/fasterxml/jackson/core/jackson-databind/2.10.3/jackson-databind-2.10.3.jar:/Users/apple/.m2/repository/com/fasterxml/jackson/core/jackson-core/2.10.3/jackson-core-2.10.3.jar:/Users/apple/.m2/repository/org/bouncycastle/bcpkix-jdk15on/1.64/bcpkix-jdk15on-1.64.jar:/Users/apple/.m2/repository/org/bouncycastle/bcprov-jdk15on/1.64/bcprov-jdk15on-1.64.jar:/Users/apple/.m2/repository/org/slf4j/jcl-over-slf4j/1.7.30/jcl-over-slf4j-1.7.30.jar:/Users/apple/.m2/repository/com/github/docker-java/docker-java-transport-httpclient5/3.2.13/docker-java-transport-httpclient5-3.2.13.jar:/Users/apple/.m2/repository/com/github/docker-java/docker-java-transport/3.2.13/docker-java-transport-3.2.13.jar:/Users/apple/.m2/repository/net/java/dev/jna/jna/5.8.0/jna-5.8.0.jar:/Users/apple/.m2/repository/org/brotli/dec/0.1.2/dec-0.1.2.jar:/Users/apple/.m2/repository/org/apache/commons/commons-lang3/3.12.0/commons-lang3-3.12.0.jar:/Users/apple/.m2/repository/org/apache/httpcomponents/client5/httpclient5/5.1.3/httpclient5-5.1.3.jar:/Users/apple/.m2/repository/org/apache/httpcomponents/core5/httpcore5/5.1.3/httpcore5-5.1.3.jar:/Users/apple/.m2/repository/org/apache/httpcomponents/core5/httpcore5-h2/5.1.3/httpcore5-h2-5.1.3.jar:/Users/apple/.m2/repository/org/testng/testng/7.5/testng-7.5.jar:/Users/apple/.m2/repository/com/google/code/findbugs/jsr305/3.0.1/jsr305-3.0.1.jar:/Users/apple/.m2/repository/com/beust/jcommander/1.78/jcommander-1.78.jar:/Users/apple/.m2/repository/org/webjars/jquery/3.5.1/jquery-3.5.1.jar:/Users/apple/.m2/repository/org/apache/httpcomponents/httpclient/4.5.13/httpclient-4.5.13.jar:/Users/apple/.m2/repository/org/apache/httpcomponents/httpcore/4.4.13/httpcore-4.4.13.jar:/Users/apple/.m2/repository/commons-logging/commons-logging/1.2/commons-logging-1.2.jar:/Users/apple/.m2/repository/commons-codec/commons-codec/1.11/commons-codec-1.11.jar:/Users/apple/.m2/repository/com/sun/mail/javax.mail/1.6.2/javax.mail-1.6.2.jar:/Users/apple/.m2/repository/javax/activation/activation/1.1/activation-1.1.jar:/Users/apple/.m2/repository/javax/mail/mail/1.4/mail-1.4.jar:/Users/apple/.m2/repository/commons-lang/commons-lang/2.6/commons-lang-2.6.jar:/Users/apple/.m2/repository/commons-cli/commons-cli/1.2/commons-cli-1.2.jar:/Users/apple/.m2/repository/commons-io/commons-io/2.7/commons-io-2.7.jar:"/>
    <property name="java.vm.vendor" value="Oracle Corporation"/>
    <property name="sun.arch.data.model" value="64"/>
    <property name="java.vendor.url" value="https://java.oracle.com/"/>
    <property name="user.timezone" value="Asia/Kolkata"/>
    <property name="os.name" value="Mac OS X"/>
    <property name="java.vm.specification.version" value="21"/>
    <property name="sun.java.launcher" value="SUN_STANDARD"/>
    <property name="user.country" value="GB"/>
    <property name="sun.boot.library.path" value="/Library/Java/JavaVirtualMachines/jdk-21.jdk/Contents/Home/lib"/>
    <property name="sun.java.command" value="/Users/apple/Documents/HHP/Projects/sample/target/surefire/surefirebooter-20240111230529304_3.jar /Users/apple/Documents/HHP/Projects/sample/target/surefire 2024-01-11T23-05-29_216-jvmRun1 surefire-20240111230529304_1tmp surefire_0-20240111230529304_2tmp"/>
    <property name="http.nonProxyHosts" value="local|*.local|169.254/16|*.169.254/16"/>
    <property name="jdk.debug" value="release"/>
    <property name="surefire.test.class.path" value="/Users/apple/Documents/HHP/Projects/sample/target/test-classes:/Users/apple/Documents/HHP/Projects/sample/target/classes:/Users/apple/.m2/repository/org/seleniumhq/selenium/selenium-java/4.13.0/selenium-java-4.13.0.jar:/Users/apple/.m2/repository/org/seleniumhq/selenium/selenium-api/4.13.0/selenium-api-4.13.0.jar:/Users/apple/.m2/repository/org/seleniumhq/selenium/selenium-chrome-driver/4.13.0/selenium-chrome-driver-4.13.0.jar:/Users/apple/.m2/repository/com/google/auto/service/auto-service-annotations/1.1.1/auto-service-annotations-1.1.1.jar:/Users/apple/.m2/repository/com/google/guava/guava/32.1.2-jre/guava-32.1.2-jre.jar:/Users/apple/.m2/repository/com/google/guava/failureaccess/1.0.1/failureaccess-1.0.1.jar:/Users/apple/.m2/repository/com/google/guava/listenablefuture/9999.0-empty-to-avoid-conflict-with-guava/listenablefuture-9999.0-empty-to-avoid-conflict-with-guava.jar:/Users/apple/.m2/repository/org/checkerframework/checker-qual/3.33.0/checker-qual-3.33.0.jar:/Users/apple/.m2/repository/com/google/errorprone/error_prone_annotations/2.18.0/error_prone_annotations-2.18.0.jar:/Users/apple/.m2/repository/com/google/j2objc/j2objc-annotations/2.8/j2objc-annotations-2.8.jar:/Users/apple/.m2/repository/org/seleniumhq/selenium/selenium-chromium-driver/4.13.0/selenium-chromium-driver-4.13.0.jar:/Users/apple/.m2/repository/org/seleniumhq/selenium/selenium-json/4.13.0/selenium-json-4.13.0.jar:/Users/apple/.m2/repository/org/seleniumhq/selenium/selenium-manager/4.13.0/selenium-manager-4.13.0.jar:/Users/apple/.m2/repository/org/seleniumhq/selenium/selenium-devtools-v115/4.13.0/selenium-devtools-v115-4.13.0.jar:/Users/apple/.m2/repository/org/seleniumhq/selenium/selenium-devtools-v116/4.13.0/selenium-devtools-v116-4.13.0.jar:/Users/apple/.m2/repository/org/seleniumhq/selenium/selenium-devtools-v117/4.13.0/selenium-devtools-v117-4.13.0.jar:/Users/apple/.m2/repository/org/seleniumhq/selenium/selenium-devtools-v85/4.13.0/selenium-devtools-v85-4.13.0.jar:/Users/apple/.m2/repository/org/seleniumhq/selenium/selenium-edge-driver/4.13.0/selenium-edge-driver-4.13.0.jar:/Users/apple/.m2/repository/org/seleniumhq/selenium/selenium-firefox-driver/4.13.0/selenium-firefox-driver-4.13.0.jar:/Users/apple/.m2/repository/org/seleniumhq/selenium/selenium-http/4.13.0/selenium-http-4.13.0.jar:/Users/apple/.m2/repository/dev/failsafe/failsafe/3.3.2/failsafe-3.3.2.jar:/Users/apple/.m2/repository/org/seleniumhq/selenium/selenium-ie-driver/4.13.0/selenium-ie-driver-4.13.0.jar:/Users/apple/.m2/repository/org/seleniumhq/selenium/selenium-remote-driver/4.13.0/selenium-remote-driver-4.13.0.jar:/Users/apple/.m2/repository/io/netty/netty-buffer/4.1.96.Final/netty-buffer-4.1.96.Final.jar:/Users/apple/.m2/repository/io/netty/netty-codec-http/4.1.96.Final/netty-codec-http-4.1.96.Final.jar:/Users/apple/.m2/repository/io/netty/netty-codec/4.1.96.Final/netty-codec-4.1.96.Final.jar:/Users/apple/.m2/repository/io/netty/netty-handler/4.1.96.Final/netty-handler-4.1.96.Final.jar:/Users/apple/.m2/repository/io/netty/netty-common/4.1.96.Final/netty-common-4.1.96.Final.jar:/Users/apple/.m2/repository/io/netty/netty-transport-classes-epoll/4.1.96.Final/netty-transport-classes-epoll-4.1.96.Final.jar:/Users/apple/.m2/repository/io/netty/netty-transport-classes-kqueue/4.1.96.Final/netty-transport-classes-kqueue-4.1.96.Final.jar:/Users/apple/.m2/repository/io/netty/netty-transport-native-epoll/4.1.96.Final/netty-transport-native-epoll-4.1.96.Final.jar:/Users/apple/.m2/repository/io/netty/netty-transport-native-kqueue/4.1.96.Final/netty-transport-native-kqueue-4.1.96.Final.jar:/Users/apple/.m2/repository/io/netty/netty-transport-native-unix-common/4.1.96.Final/netty-transport-native-unix-common-4.1.96.Final.jar:/Users/apple/.m2/repository/io/netty/netty-transport/4.1.96.Final/netty-transport-4.1.96.Final.jar:/Users/apple/.m2/repository/io/netty/netty-resolver/4.1.96.Final/netty-resolver-4.1.96.Final.jar:/Users/apple/.m2/repository/io/opentelemetry/opentelemetry-api/1.28.0/opentelemetry-api-1.28.0.jar:/Users/apple/.m2/repository/io/opentelemetry/opentelemetry-context/1.28.0/opentelemetry-context-1.28.0.jar:/Users/apple/.m2/repository/io/opentelemetry/opentelemetry-exporter-logging/1.28.0/opentelemetry-exporter-logging-1.28.0.jar:/Users/apple/.m2/repository/io/opentelemetry/opentelemetry-sdk-metrics/1.28.0/opentelemetry-sdk-metrics-1.28.0.jar:/Users/apple/.m2/repository/io/opentelemetry/opentelemetry-extension-incubator/1.28.0-alpha/opentelemetry-extension-incubator-1.28.0-alpha.jar:/Users/apple/.m2/repository/io/opentelemetry/opentelemetry-sdk-logs/1.28.0/opentelemetry-sdk-logs-1.28.0.jar:/Users/apple/.m2/repository/io/opentelemetry/opentelemetry-sdk-common/1.28.0/opentelemetry-sdk-common-1.28.0.jar:/Users/apple/.m2/repository/io/opentelemetry/opentelemetry-sdk-extension-autoconfigure-spi/1.28.0/opentelemetry-sdk-extension-autoconfigure-spi-1.28.0.jar:/Users/apple/.m2/repository/io/opentelemetry/opentelemetry-sdk-extension-autoconfigure/1.28.0/opentelemetry-sdk-extension-autoconfigure-1.28.0.jar:/Users/apple/.m2/repository/io/opentelemetry/opentelemetry-api-events/1.28.0-alpha/opentelemetry-api-events-1.28.0-alpha.jar:/Users/apple/.m2/repository/io/opentelemetry/opentelemetry-sdk-trace/1.28.0/opentelemetry-sdk-trace-1.28.0.jar:/Users/apple/.m2/repository/io/opentelemetry/opentelemetry-sdk/1.28.0/opentelemetry-sdk-1.28.0.jar:/Users/apple/.m2/repository/io/opentelemetry/opentelemetry-semconv/1.28.0-alpha/opentelemetry-semconv-1.28.0-alpha.jar:/Users/apple/.m2/repository/net/bytebuddy/byte-buddy/1.14.5/byte-buddy-1.14.5.jar:/Users/apple/.m2/repository/org/asynchttpclient/async-http-client/2.12.3/async-http-client-2.12.3.jar:/Users/apple/.m2/repository/org/asynchttpclient/async-http-client-netty-utils/2.12.3/async-http-client-netty-utils-2.12.3.jar:/Users/apple/.m2/repository/io/netty/netty-codec-socks/4.1.60.Final/netty-codec-socks-4.1.60.Final.jar:/Users/apple/.m2/repository/io/netty/netty-handler-proxy/4.1.60.Final/netty-handler-proxy-4.1.60.Final.jar:/Users/apple/.m2/repository/io/netty/netty-transport-native-epoll/4.1.60.Final/netty-transport-native-epoll-4.1.60.Final-linux-x86_64.jar:/Users/apple/.m2/repository/io/netty/netty-transport-native-kqueue/4.1.60.Final/netty-transport-native-kqueue-4.1.60.Final-osx-x86_64.jar:/Users/apple/.m2/repository/org/reactivestreams/reactive-streams/1.0.3/reactive-streams-1.0.3.jar:/Users/apple/.m2/repository/com/typesafe/netty/netty-reactive-streams/2.0.4/netty-reactive-streams-2.0.4.jar:/Users/apple/.m2/repository/com/sun/activation/jakarta.activation/1.2.2/jakarta.activation-1.2.2.jar:/Users/apple/.m2/repository/org/seleniumhq/selenium/selenium-os/4.13.0/selenium-os-4.13.0.jar:/Users/apple/.m2/repository/org/apache/commons/commons-exec/1.3/commons-exec-1.3.jar:/Users/apple/.m2/repository/org/seleniumhq/selenium/selenium-safari-driver/4.13.0/selenium-safari-driver-4.13.0.jar:/Users/apple/.m2/repository/org/seleniumhq/selenium/selenium-support/4.13.0/selenium-support-4.13.0.jar:/Users/apple/.m2/repository/org/apache/logging/log4j/log4j-api/2.17.2/log4j-api-2.17.2.jar:/Users/apple/.m2/repository/org/slf4j/slf4j-api/1.7.32/slf4j-api-1.7.32.jar:/Users/apple/.m2/repository/ch/qos/logback/logback-classic/1.2.6/logback-classic-1.2.6.jar:/Users/apple/.m2/repository/ch/qos/logback/logback-core/1.2.6/logback-core-1.2.6.jar:/Users/apple/.m2/repository/io/github/bonigarcia/webdrivermanager/5.2.3/webdrivermanager-5.2.3.jar:/Users/apple/.m2/repository/com/google/code/gson/gson/2.9.1/gson-2.9.1.jar:/Users/apple/.m2/repository/com/github/docker-java/docker-java/3.2.13/docker-java-3.2.13.jar:/Users/apple/.m2/repository/com/github/docker-java/docker-java-core/3.2.13/docker-java-core-3.2.13.jar:/Users/apple/.m2/repository/com/github/docker-java/docker-java-api/3.2.13/docker-java-api-3.2.13.jar:/Users/apple/.m2/repository/com/fasterxml/jackson/core/jackson-annotations/2.10.3/jackson-annotations-2.10.3.jar:/Users/apple/.m2/repository/org/apache/commons/commons-compress/1.21/commons-compress-1.21.jar:/Users/apple/.m2/repository/com/fasterxml/jackson/core/jackson-databind/2.10.3/jackson-databind-2.10.3.jar:/Users/apple/.m2/repository/com/fasterxml/jackson/core/jackson-core/2.10.3/jackson-core-2.10.3.jar:/Users/apple/.m2/repository/org/bouncycastle/bcpkix-jdk15on/1.64/bcpkix-jdk15on-1.64.jar:/Users/apple/.m2/repository/org/bouncycastle/bcprov-jdk15on/1.64/bcprov-jdk15on-1.64.jar:/Users/apple/.m2/repository/org/slf4j/jcl-over-slf4j/1.7.30/jcl-over-slf4j-1.7.30.jar:/Users/apple/.m2/repository/com/github/docker-java/docker-java-transport-httpclient5/3.2.13/docker-java-transport-httpclient5-3.2.13.jar:/Users/apple/.m2/repository/com/github/docker-java/docker-java-transport/3.2.13/docker-java-transport-3.2.13.jar:/Users/apple/.m2/repository/net/java/dev/jna/jna/5.8.0/jna-5.8.0.jar:/Users/apple/.m2/repository/org/brotli/dec/0.1.2/dec-0.1.2.jar:/Users/apple/.m2/repository/org/apache/commons/commons-lang3/3.12.0/commons-lang3-3.12.0.jar:/Users/apple/.m2/repository/org/apache/httpcomponents/client5/httpclient5/5.1.3/httpclient5-5.1.3.jar:/Users/apple/.m2/repository/org/apache/httpcomponents/core5/httpcore5/5.1.3/httpcore5-5.1.3.jar:/Users/apple/.m2/repository/org/apache/httpcomponents/core5/httpcore5-h2/5.1.3/httpcore5-h2-5.1.3.jar:/Users/apple/.m2/repository/org/testng/testng/7.5/testng-7.5.jar:/Users/apple/.m2/repository/com/google/code/findbugs/jsr305/3.0.1/jsr305-3.0.1.jar:/Users/apple/.m2/repository/com/beust/jcommander/1.78/jcommander-1.78.jar:/Users/apple/.m2/repository/org/webjars/jquery/3.5.1/jquery-3.5.1.jar:/Users/apple/.m2/repository/org/apache/httpcomponents/httpclient/4.5.13/httpclient-4.5.13.jar:/Users/apple/.m2/repository/org/apache/httpcomponents/httpcore/4.4.13/httpcore-4.4.13.jar:/Users/apple/.m2/repository/commons-logging/commons-logging/1.2/commons-logging-1.2.jar:/Users/apple/.m2/repository/commons-codec/commons-codec/1.11/commons-codec-1.11.jar:/Users/apple/.m2/repository/com/sun/mail/javax.mail/1.6.2/javax.mail-1.6.2.jar:/Users/apple/.m2/repository/javax/activation/activation/1.1/activation-1.1.jar:/Users/apple/.m2/repository/javax/mail/mail/1.4/mail-1.4.jar:/Users/apple/.m2/repository/commons-lang/commons-lang/2.6/commons-lang-2.6.jar:/Users/apple/.m2/repository/commons-cli/commons-cli/1.2/commons-cli-1.2.jar:/Users/apple/.m2/repository/commons-io/commons-io/2.7/commons-io-2.7.jar:"/>
    <property name="sun.cpu.endian" value="little"/>
    <property name="user.home" value="/Users/apple"/>
    <property name="user.language" value="en"/>
    <property name="java.specification.vendor" value="Oracle Corporation"/>
    <property name="java.version.date" value="2023-09-19"/>
    <property name="java.home" value="/Library/Java/JavaVirtualMachines/jdk-21.jdk/Contents/Home"/>
    <property name="file.separator" value="/"/>
    <property name="basedir" value="/Users/apple/Documents/HHP/Projects/sample"/>
    <property name="java.vm.compressedOopsMode" value="Zero based"/>
    <property name="line.separator" value="&#10;"/>
    <property name="java.vm.specification.vendor" value="Oracle Corporation"/>
    <property name="java.specification.name" value="Java Platform API Specification"/>
    <property name="apple.awt.application.name" value="ForkedBooter"/>
    <property name="surefire.real.class.path" value="/Users/apple/Documents/HHP/Projects/sample/target/surefire/surefirebooter-20240111230529304_3.jar"/>
    <property name="sun.management.compiler" value="HotSpot 64-Bit Tiered Compilers"/>
    <property name="ftp.nonProxyHosts" value="local|*.local|169.254/16|*.169.254/16"/>
    <property name="java.runtime.version" value="21+35-LTS-2513"/>
    <property name="user.name" value="apple"/>
    <property name="stdout.encoding" value="UTF-8"/>
    <property name="path.separator" value=":"/>
    <property name="os.version" value="11.7.10"/>
    <property name="java.runtime.name" value="Java(TM) SE Runtime Environment"/>
    <property name="file.encoding" value="UTF-8"/>
    <property name="java.vm.name" value="Java HotSpot(TM) 64-Bit Server VM"/>
    <property name="localRepository" value="/Users/apple/.m2/repository"/>
    <property name="java.vendor.url.bug" value="https://bugreport.java.com/bugreport/"/>
    <property name="java.io.tmpdir" value="/var/folders/pb/lrccxhdn21v014jb8bt4rb_r0000gn/T/"/>
    <property name="java.version" value="21"/>
    <property name="user.dir" value="/Users/apple/Documents/HHP/Projects/sample"/>
    <property name="os.arch" value="x86_64"/>
    <property name="java.vm.specification.name" value="Java Virtual Machine Specification"/>
    <property name="native.encoding" value="UTF-8"/>
    <property name="java.library.path" value="/Users/apple/Library/Java/Extensions:/Library/Java/Extensions:/Network/Library/Java/Extensions:/System/Library/Java/Extensions:/usr/lib/java:."/>
    <property name="java.vm.info" value="mixed mode, sharing"/>
    <property name="stderr.encoding" value="UTF-8"/>
    <property name="java.vendor" value="Oracle Corporation"/>
    <property name="java.vm.version" value="21+35-LTS-2513"/>
    <property name="sun.io.unicode.encoding" value="UnicodeBig"/>
    <property name="socksNonProxyHosts" value="local|*.local|169.254/16|*.169.254/16"/>
    <property name="java.class.version" value="65.0"/>
  </properties>
  <testcase name="vaerifyAllHeaderSectionsPresent" classname="com.sample.modules.HomePage" time="2.178">
    <system-out><![CDATA[23:05:29.752 [main] DEBUG org.testng.TestNG - suiteXmlPath: "/Users/apple/Documents/HHP/Projects/sample/src/test/resources/testng.xml"
23:05:29.959 [main] DEBUG org.testng.internal.Graph - [Graph] ADDING NODE Base.fetchSuiteConfiguration(org.testng.ITestContext)[pri:0, instance:null] -425574212
23:05:29.959 [main] DEBUG org.testng.internal.Graph - [Graph] ================ SORTING
23:05:29.963 [main] DEBUG org.testng.internal.Graph - [Graph] =============== DONE SORTING
23:05:29.963 [main] DEBUG org.testng.internal.Graph - [Graph] ====== SORTED NODES
23:05:29.963 [main] DEBUG org.testng.internal.Graph - [Graph] ====== END SORTED NODES
23:05:29.964 [main] DEBUG org.testng.internal.Graph - [Graph] ADDING NODE Base.after()[pri:0, instance:null] -301863784
23:05:29.965 [main] DEBUG org.testng.internal.Graph - [Graph] ================ SORTING
23:05:29.965 [main] DEBUG org.testng.internal.Graph - [Graph] =============== DONE SORTING
23:05:29.965 [main] DEBUG org.testng.internal.Graph - [Graph] ====== SORTED NODES
23:05:29.965 [main] DEBUG org.testng.internal.Graph - [Graph] ====== END SORTED NODES
23:05:29.972 [main] DEBUG org.testng.internal.Graph - [Graph] ADDING NODE Base.setUp(java.lang.reflect.Method)[pri:0, instance:null] -318578857
23:05:29.972 [main] DEBUG org.testng.internal.Graph - [Graph] ================ SORTING
23:05:29.972 [main] DEBUG org.testng.internal.Graph - [Graph] =============== DONE SORTING
23:05:29.972 [main] DEBUG org.testng.internal.Graph - [Graph] ====== SORTED NODES
23:05:29.972 [main] DEBUG org.testng.internal.Graph - [Graph] ====== END SORTED NODES
23:05:29.973 [main] DEBUG org.testng.internal.Graph - [Graph] ADDING NODE Base.tearDown(org.testng.ITestResult)[pri:0, instance:null] 2001482656
23:05:29.974 [main] DEBUG org.testng.internal.Graph - [Graph] ================ SORTING
23:05:29.974 [main] DEBUG org.testng.internal.Graph - [Graph] =============== DONE SORTING
23:05:29.974 [main] DEBUG org.testng.internal.Graph - [Graph] ====== SORTED NODES
23:05:29.974 [main] DEBUG org.testng.internal.Graph - [Graph] ====== END SORTED NODES
23:05:29.975 [main] DEBUG org.testng.internal.Graph - [Graph] ADDING NODE Base.fetchSuiteConfiguration(org.testng.ITestContext)[pri:0, instance:com.sample.modules.HomePage@7c729a55] 1779986713
23:05:29.975 [main] DEBUG org.testng.internal.Graph - [Graph] ================ SORTING
23:05:29.975 [main] DEBUG org.testng.internal.Graph - [Graph] =============== DONE SORTING
23:05:29.976 [main] DEBUG org.testng.internal.Graph - [Graph] ====== SORTED NODES
23:05:29.976 [main] DEBUG org.testng.internal.Graph - [Graph] ====== END SORTED NODES
23:05:29.980 [main] DEBUG org.testng.internal.Graph - [Graph] ADDING NODE HomePage.vaerifyCountryCurrencyWidget()[pri:0, instance:com.sample.modules.HomePage@7c729a55] 1700878987
23:05:29.980 [main] DEBUG org.testng.internal.Graph - [Graph] ADDING NODE HomePage.vaerifyAllHeaderSectionsPresent()[pri:0, instance:com.sample.modules.HomePage@7c729a55] 110106151
23:05:29.980 [main] DEBUG org.testng.internal.Graph - [Graph] ADDING NODE HomePage.verifySearchFlight()[pri:0, instance:com.sample.modules.HomePage@7c729a55] 1639784281
23:05:29.980 [main] DEBUG org.testng.internal.Graph - [Graph] ================ SORTING
23:05:29.981 [main] DEBUG org.testng.internal.Graph - [Graph] =============== DONE SORTING
23:05:29.982 [main] DEBUG org.testng.internal.Graph - [Graph] ====== SORTED NODES
23:05:29.982 [main] DEBUG org.testng.internal.Graph - [Graph] ====== END SORTED NODES
23:05:29.984 [main] DEBUG org.testng.internal.Graph - [Graph] ADDING NODE Base.after()[pri:0, instance:com.sample.modules.HomePage@7c729a55] 1320042685
23:05:29.985 [main] DEBUG org.testng.internal.Graph - [Graph] ================ SORTING
23:05:29.985 [main] DEBUG org.testng.internal.Graph - [Graph] =============== DONE SORTING
23:05:29.985 [main] DEBUG org.testng.internal.Graph - [Graph] ====== SORTED NODES
23:05:29.985 [main] DEBUG org.testng.internal.Graph - [Graph] ====== END SORTED NODES
23:05:30.004 [main] DEBUG org.testng.internal.Graph - [Graph] ADDING NODE Base.fetchSuiteConfiguration(org.testng.ITestContext)[pri:0, instance:null] -425574212
23:05:30.004 [main] DEBUG org.testng.internal.Graph - [Graph] ================ SORTING
23:05:30.004 [main] DEBUG org.testng.internal.Graph - [Graph] =============== DONE SORTING
23:05:30.004 [main] DEBUG org.testng.internal.Graph - [Graph] ====== SORTED NODES
23:05:30.004 [main] DEBUG org.testng.internal.Graph - [Graph] ====== END SORTED NODES
23:05:30.005 [main] DEBUG org.testng.internal.Graph - [Graph] ADDING NODE Base.after()[pri:0, instance:null] -301863784
23:05:30.005 [main] DEBUG org.testng.internal.Graph - [Graph] ================ SORTING
23:05:30.005 [main] DEBUG org.testng.internal.Graph - [Graph] =============== DONE SORTING
23:05:30.005 [main] DEBUG org.testng.internal.Graph - [Graph] ====== SORTED NODES
23:05:30.005 [main] DEBUG org.testng.internal.Graph - [Graph] ====== END SORTED NODES
23:05:30.007 [main] DEBUG org.testng.internal.Graph - [Graph] ADDING NODE Base.setUp(java.lang.reflect.Method)[pri:0, instance:null] -318578857
23:05:30.007 [main] DEBUG org.testng.internal.Graph - [Graph] ================ SORTING
23:05:30.007 [main] DEBUG org.testng.internal.Graph - [Graph] =============== DONE SORTING
23:05:30.007 [main] DEBUG org.testng.internal.Graph - [Graph] ====== SORTED NODES
23:05:30.007 [main] DEBUG org.testng.internal.Graph - [Graph] ====== END SORTED NODES
23:05:30.008 [main] DEBUG org.testng.internal.Graph - [Graph] ADDING NODE Base.tearDown(org.testng.ITestResult)[pri:0, instance:null] 2001482656
23:05:30.008 [main] DEBUG org.testng.internal.Graph - [Graph] ================ SORTING
23:05:30.008 [main] DEBUG org.testng.internal.Graph - [Graph] =============== DONE SORTING
23:05:30.008 [main] DEBUG org.testng.internal.Graph - [Graph] ====== SORTED NODES
23:05:30.008 [main] DEBUG org.testng.internal.Graph - [Graph] ====== END SORTED NODES
23:05:30.009 [main] DEBUG org.testng.internal.Graph - [Graph] ADDING NODE Base.fetchSuiteConfiguration(org.testng.ITestContext)[pri:0, instance:com.sample.modules.OfferPage@7f3b84b8] 1826708348
23:05:30.009 [main] DEBUG org.testng.internal.Graph - [Graph] ================ SORTING
23:05:30.009 [main] DEBUG org.testng.internal.Graph - [Graph] =============== DONE SORTING
23:05:30.009 [main] DEBUG org.testng.internal.Graph - [Graph] ====== SORTED NODES
23:05:30.009 [main] DEBUG org.testng.internal.Graph - [Graph] ====== END SORTED NODES
23:05:30.010 [main] DEBUG org.testng.internal.Graph - [Graph] ADDING NODE OfferPage.verifyOfferPageTrendingICICIFilter()[pri:0, instance:com.sample.modules.OfferPage@7f3b84b8] 360496734
23:05:30.010 [main] DEBUG org.testng.internal.Graph - [Graph] ADDING NODE OfferPage.verifyOfferPageHotelAxisFilter()[pri:0, instance:com.sample.modules.OfferPage@7f3b84b8] -98708573
23:05:30.010 [main] DEBUG org.testng.internal.Graph - [Graph] ADDING NODE OfferPage.verifyOfferPageFllightsHDFCFilter()[pri:0, instance:com.sample.modules.OfferPage@7f3b84b8] -520156114
23:05:30.010 [main] DEBUG org.testng.internal.Graph - [Graph] ================ SORTING
23:05:30.011 [main] DEBUG org.testng.internal.Graph - [Graph] =============== DONE SORTING
23:05:30.011 [main] DEBUG org.testng.internal.Graph - [Graph] ====== SORTED NODES
23:05:30.011 [main] DEBUG org.testng.internal.Graph - [Graph] ====== END SORTED NODES
23:05:30.012 [main] DEBUG org.testng.internal.Graph - [Graph] ADDING NODE Base.after()[pri:0, instance:com.sample.modules.OfferPage@7f3b84b8] 1366764320
23:05:30.012 [main] DEBUG org.testng.internal.Graph - [Graph] ================ SORTING
23:05:30.012 [main] DEBUG org.testng.internal.Graph - [Graph] =============== DONE SORTING
23:05:30.012 [main] DEBUG org.testng.internal.Graph - [Graph] ====== SORTED NODES
23:05:30.012 [main] DEBUG org.testng.internal.Graph - [Graph] ====== END SORTED NODES
23:05:30.172 [main] DEBUG io.netty.util.internal.logging.InternalLoggerFactory - Using SLF4J as the default logging framework
23:05:30.174 [main] DEBUG io.netty.util.ResourceLeakDetector - -Dio.netty.leakDetection.level: simple
23:05:30.175 [main] DEBUG io.netty.util.ResourceLeakDetector - -Dio.netty.leakDetection.targetRecords: 4
23:05:30.178 [main] DEBUG io.netty.util.ResourceLeakDetectorFactory - Loaded default ResourceLeakDetector: io.netty.util.ResourceLeakDetector@5745ca0e
23:05:30.192 [main] DEBUG io.netty.util.internal.PlatformDependent0 - -Dio.netty.noUnsafe: false
23:05:30.192 [main] DEBUG io.netty.util.internal.PlatformDependent0 - Java version: 21
23:05:30.194 [main] DEBUG io.netty.util.internal.PlatformDependent0 - sun.misc.Unsafe.theUnsafe: available
23:05:30.194 [main] DEBUG io.netty.util.internal.PlatformDependent0 - sun.misc.Unsafe.copyMemory: available
23:05:30.195 [main] DEBUG io.netty.util.internal.PlatformDependent0 - sun.misc.Unsafe.storeFence: available
23:05:30.196 [main] DEBUG io.netty.util.internal.PlatformDependent0 - java.nio.Buffer.address: available
23:05:30.196 [main] DEBUG io.netty.util.internal.PlatformDependent0 - direct buffer constructor: unavailable: Reflective setAccessible(true) disabled
23:05:30.197 [main] DEBUG io.netty.util.internal.PlatformDependent0 - java.nio.Bits.unaligned: available, true
23:05:30.198 [main] DEBUG io.netty.util.internal.PlatformDependent0 - jdk.internal.misc.Unsafe.allocateUninitializedArray(int): unavailable: class io.netty.util.internal.PlatformDependent0$7 cannot access class jdk.internal.misc.Unsafe (in module java.base) because module java.base does not export jdk.internal.misc to unnamed module @603ee946
23:05:30.199 [main] DEBUG io.netty.util.internal.PlatformDependent0 - java.nio.DirectByteBuffer.<init>(long, {int,long}): unavailable
23:05:30.199 [main] DEBUG io.netty.util.internal.PlatformDependent - sun.misc.Unsafe: available
23:05:30.201 [main] DEBUG io.netty.util.internal.PlatformDependent - maxDirectMemory: 8589934592 bytes (maybe)
23:05:30.201 [main] DEBUG io.netty.util.internal.PlatformDependent - -Dio.netty.tmpdir: /var/folders/pb/lrccxhdn21v014jb8bt4rb_r0000gn/T (java.io.tmpdir)
23:05:30.201 [main] DEBUG io.netty.util.internal.PlatformDependent - -Dio.netty.bitMode: 64 (sun.arch.data.model)
23:05:30.201 [main] DEBUG io.netty.util.internal.PlatformDependent - Platform: MacOS
23:05:30.202 [main] DEBUG io.netty.util.internal.PlatformDependent - -Dio.netty.maxDirectMemory: -1 bytes
23:05:30.202 [main] DEBUG io.netty.util.internal.PlatformDependent - -Dio.netty.uninitializedArrayAllocationThreshold: -1
23:05:30.204 [main] DEBUG io.netty.util.internal.CleanerJava9 - java.nio.ByteBuffer.cleaner(): available
23:05:30.204 [main] DEBUG io.netty.util.internal.PlatformDependent - -Dio.netty.noPreferDirect: false
23:05:30.211 [main] DEBUG io.netty.util.internal.PlatformDependent - org.jctools-core.MpscChunkedArrayQueue: available
23:05:30.225 [main] DEBUG io.netty.util.internal.InternalThreadLocalMap - -Dio.netty.threadLocalMap.stringBuilder.initialSize: 1024
23:05:30.225 [main] DEBUG io.netty.util.internal.InternalThreadLocalMap - -Dio.netty.threadLocalMap.stringBuilder.maxSize: 4096
23:05:30.370 [main] DEBUG io.netty.handler.ssl.JdkSslContext - Default protocols (JDK): [TLSv1.3, TLSv1.2] 
23:05:30.370 [main] DEBUG io.netty.handler.ssl.JdkSslContext - Default cipher suites (JDK): [TLS_ECDHE_ECDSA_WITH_AES_256_GCM_SHA384, TLS_ECDHE_ECDSA_WITH_AES_128_GCM_SHA256, TLS_ECDHE_RSA_WITH_AES_128_GCM_SHA256, TLS_ECDHE_RSA_WITH_AES_256_GCM_SHA384, TLS_ECDHE_RSA_WITH_AES_128_CBC_SHA, TLS_ECDHE_RSA_WITH_AES_256_CBC_SHA, TLS_RSA_WITH_AES_128_GCM_SHA256, TLS_RSA_WITH_AES_128_CBC_SHA, TLS_RSA_WITH_AES_256_CBC_SHA, TLS_AES_128_GCM_SHA256, TLS_AES_256_GCM_SHA384]
23:05:30.379 [main] DEBUG io.netty.util.concurrent.GlobalEventExecutor - -Dio.netty.globalEventExecutor.quietPeriodSeconds: 1
23:05:30.388 [main] DEBUG io.netty.channel.MultithreadEventLoopGroup - -Dio.netty.eventLoopThreads: 24
23:05:30.395 [main] DEBUG io.netty.channel.nio.NioEventLoop - -Dio.netty.noKeySetOptimization: false
23:05:30.395 [main] DEBUG io.netty.channel.nio.NioEventLoop - -Dio.netty.selectorAutoRebuildThreshold: 512
23:05:30.425 [main] DEBUG io.netty.buffer.PooledByteBufAllocator - -Dio.netty.allocator.numHeapArenas: 24
23:05:30.425 [main] DEBUG io.netty.buffer.PooledByteBufAllocator - -Dio.netty.allocator.numDirectArenas: 24
23:05:30.425 [main] DEBUG io.netty.buffer.PooledByteBufAllocator - -Dio.netty.allocator.pageSize: 8192
23:05:30.425 [main] DEBUG io.netty.buffer.PooledByteBufAllocator - -Dio.netty.allocator.maxOrder: 9
23:05:30.425 [main] DEBUG io.netty.buffer.PooledByteBufAllocator - -Dio.netty.allocator.chunkSize: 4194304
23:05:30.425 [main] DEBUG io.netty.buffer.PooledByteBufAllocator - -Dio.netty.allocator.smallCacheSize: 256
23:05:30.425 [main] DEBUG io.netty.buffer.PooledByteBufAllocator - -Dio.netty.allocator.normalCacheSize: 64
23:05:30.425 [main] DEBUG io.netty.buffer.PooledByteBufAllocator - -Dio.netty.allocator.maxCachedBufferCapacity: 32768
23:05:30.425 [main] DEBUG io.netty.buffer.PooledByteBufAllocator - -Dio.netty.allocator.cacheTrimInterval: 8192
23:05:30.426 [main] DEBUG io.netty.buffer.PooledByteBufAllocator - -Dio.netty.allocator.cacheTrimIntervalMillis: 0
23:05:30.426 [main] DEBUG io.netty.buffer.PooledByteBufAllocator - -Dio.netty.allocator.useCacheForAllThreads: false
23:05:30.426 [main] DEBUG io.netty.buffer.PooledByteBufAllocator - -Dio.netty.allocator.maxCachedByteBuffersPerChunk: 1023
23:05:30.435 [main] DEBUG io.netty.buffer.ByteBufUtil - -Dio.netty.allocator.type: pooled
23:05:30.436 [main] DEBUG io.netty.buffer.ByteBufUtil - -Dio.netty.threadLocalDirectBufferSize: 0
23:05:30.436 [main] DEBUG io.netty.buffer.ByteBufUtil - -Dio.netty.maxThreadLocalCharBufferSize: 16384
23:05:30.652 [Forwarding newSession on session null to remote] DEBUG io.netty.channel.DefaultChannelId - -Dio.netty.processId: 3941 (auto-detected)
23:05:30.653 [Forwarding newSession on session null to remote] DEBUG io.netty.util.NetUtil - -Djava.net.preferIPv4Stack: false
23:05:30.653 [Forwarding newSession on session null to remote] DEBUG io.netty.util.NetUtil - -Djava.net.preferIPv6Addresses: false
23:05:30.658 [Forwarding newSession on session null to remote] DEBUG io.netty.util.NetUtilInitializations - Loopback interface: lo0 (lo0, 0:0:0:0:0:0:0:1%lo0)
23:05:30.659 [Forwarding newSession on session null to remote] DEBUG io.netty.util.NetUtil - Failed to get SOMAXCONN from sysctl and file /proc/sys/net/core/somaxconn. Default: 128
23:05:30.660 [Forwarding newSession on session null to remote] DEBUG io.netty.channel.DefaultChannelId - -Dio.netty.machineId: 38:f9:d3:ff:fe:71:60:64 (auto-detected)
23:05:30.689 [AsyncHttpClient-1-2] DEBUG io.netty.buffer.AbstractByteBuf - -Dio.netty.buffer.checkAccessible: true
23:05:30.690 [AsyncHttpClient-1-2] DEBUG io.netty.buffer.AbstractByteBuf - -Dio.netty.buffer.checkBounds: true
23:05:30.690 [AsyncHttpClient-1-2] DEBUG io.netty.util.ResourceLeakDetectorFactory - Loaded default ResourceLeakDetector: io.netty.util.ResourceLeakDetector@2d3f82e7
23:05:30.701 [AsyncHttpClient-1-2] DEBUG org.asynchttpclient.netty.channel.NettyConnectListener - Using new Channel '[id: 0x24425cfe, L:/127.0.0.1:53530 - R:localhost/127.0.0.1:41999]' for 'POST' to '/session'
23:05:30.711 [AsyncHttpClient-1-2] DEBUG io.netty.util.Recycler - -Dio.netty.recycler.maxCapacityPerThread: 4096
23:05:30.711 [AsyncHttpClient-1-2] DEBUG io.netty.util.Recycler - -Dio.netty.recycler.ratio: 8
23:05:30.711 [AsyncHttpClient-1-2] DEBUG io.netty.util.Recycler - -Dio.netty.recycler.chunkSize: 32
23:05:30.711 [AsyncHttpClient-1-2] DEBUG io.netty.util.Recycler - -Dio.netty.recycler.blocking: false
23:05:30.711 [AsyncHttpClient-1-2] DEBUG io.netty.util.Recycler - -Dio.netty.recycler.batchFastThreadLocalOnly: true
23:05:31.710 [AsyncHttpClient-1-2] DEBUG io.netty.handler.codec.compression.Brotli - brotli4j not in the classpath; Brotli support will be unavailable.
23:05:31.710 [AsyncHttpClient-1-2] DEBUG org.asynchttpclient.netty.handler.HttpHandler - 

Request DefaultHttpRequest(decodeResult: success, version: HTTP/1.1)
POST /session HTTP/1.1
User-Agent: selenium/4.13.0 (java mac)
Content-Length: 291
Content-Type: application/json; charset=utf-8
host: localhost:41999
accept: */*

Response DefaultHttpResponse(decodeResult: success, version: HTTP/1.1)
HTTP/1.1 200 OK
Content-Length: 891
Content-Type: application/json; charset=utf-8
cache-control: no-cache

23:05:31.716 [AsyncHttpClient-1-2] DEBUG org.asynchttpclient.netty.channel.ChannelManager - Adding key: http://localhost:41999 for channel [id: 0x24425cfe, L:/127.0.0.1:53530 - R:localhost/127.0.0.1:41999]
23:05:31.792 [AsyncHttpClient-1-3] DEBUG org.asynchttpclient.netty.channel.NettyConnectListener - Using new Channel '[id: 0x94849bc7, L:/127.0.0.1:53535 - R:localhost/127.0.0.1:53531]' for 'GET' to '/json/version'
23:05:31.795 [AsyncHttpClient-1-3] DEBUG org.asynchttpclient.netty.handler.HttpHandler - 

Request DefaultFullHttpRequest(decodeResult: success, version: HTTP/1.1, content: EmptyByteBufBE)
GET /json/version HTTP/1.1
User-Agent: selenium/4.13.0 (java mac)
host: localhost:53531
accept: */*

Response DefaultHttpResponse(decodeResult: success, version: HTTP/1.1)
HTTP/1.1 200 OK
Content-Security-Policy: frame-ancestors 'none'
Content-Length: 422
Content-Type: application/json; charset=UTF-8

23:05:31.796 [AsyncHttpClient-1-3] DEBUG org.asynchttpclient.netty.channel.ChannelManager - Adding key: http://localhost:53531 for channel [id: 0x94849bc7, L:/127.0.0.1:53535 - R:localhost/127.0.0.1:53531]
23:05:31.804 [main] DEBUG io.netty.util.internal.ThreadLocalRandom - -Dio.netty.initialSeedUniquifier: 0x95c6c07f97c37677
23:05:31.807 [AsyncHttpClient-1-4] DEBUG org.asynchttpclient.netty.channel.NettyConnectListener - Using new Channel '[id: 0x38c27d5a, L:/127.0.0.1:53536 - R:localhost/127.0.0.1:53531]' for 'GET' to '/devtools/browser/13e0a711-5caf-43d5-a0bb-12b97e311f72'
23:05:31.811 [AsyncHttpClient-1-4] DEBUG org.asynchttpclient.netty.handler.WebSocketHandler - 

Request DefaultFullHttpRequest(decodeResult: success, version: HTTP/1.1, content: EmptyByteBufBE)
GET /devtools/browser/13e0a711-5caf-43d5-a0bb-12b97e311f72 HTTP/1.1
upgrade: websocket
connection: upgrade
sec-websocket-key: RlGyD1gOIuFSo9fM5DlKIg==
sec-websocket-version: 13
origin: http://localhost:53531
host: localhost:53531
accept: */*
user-agent: AHC/2.1

Response DefaultHttpResponse(decodeResult: success, version: HTTP/1.1)
HTTP/1.1 101 WebSocket Protocol Handshake
Upgrade: WebSocket
Connection: Upgrade
Sec-WebSocket-Accept: kPfsK7boRE/KsTNbr5O4hquMjLk=

23:05:31.864 [Forwarding maximizeCurrentWindow on session 8ea3d97e8e78b6e99114f7d8e22667ab to remote] DEBUG org.asynchttpclient.netty.request.NettyRequestSender - Using pooled Channel '[id: 0x24425cfe, L:/127.0.0.1:53530 - R:localhost/127.0.0.1:41999]' for 'POST' to 'http://localhost:41999/session/8ea3d97e8e78b6e99114f7d8e22667ab/window/maximize'
23:05:31.864 [Forwarding maximizeCurrentWindow on session 8ea3d97e8e78b6e99114f7d8e22667ab to remote] DEBUG org.asynchttpclient.netty.request.NettyRequestSender - Using open Channel [id: 0x24425cfe, L:/127.0.0.1:53530 - R:localhost/127.0.0.1:41999] for POST '/session/8ea3d97e8e78b6e99114f7d8e22667ab/window/maximize'
23:05:32.343 [AsyncHttpClient-1-2] DEBUG org.asynchttpclient.netty.handler.HttpHandler - 

Request DefaultHttpRequest(decodeResult: success, version: HTTP/1.1)
POST /session/8ea3d97e8e78b6e99114f7d8e22667ab/window/maximize HTTP/1.1
User-Agent: selenium/4.13.0 (java mac)
Content-Length: 3
Content-Type: application/json; charset=utf-8
host: localhost:41999
accept: */*

Response DefaultHttpResponse(decodeResult: success, version: HTTP/1.1)
HTTP/1.1 200 OK
Content-Length: 50
Content-Type: application/json; charset=utf-8
cache-control: no-cache

23:05:32.344 [AsyncHttpClient-1-2] DEBUG org.asynchttpclient.netty.channel.ChannelManager - Adding key: http://localhost:41999 for channel [id: 0x24425cfe, L:/127.0.0.1:53530 - R:localhost/127.0.0.1:41999]
23:05:32.368 [Forwarding get on session 8ea3d97e8e78b6e99114f7d8e22667ab to remote] DEBUG org.asynchttpclient.netty.request.NettyRequestSender - Using pooled Channel '[id: 0x24425cfe, L:/127.0.0.1:53530 - R:localhost/127.0.0.1:41999]' for 'POST' to 'http://localhost:41999/session/8ea3d97e8e78b6e99114f7d8e22667ab/url'
23:05:32.368 [Forwarding get on session 8ea3d97e8e78b6e99114f7d8e22667ab to remote] DEBUG org.asynchttpclient.netty.request.NettyRequestSender - Using open Channel [id: 0x24425cfe, L:/127.0.0.1:53530 - R:localhost/127.0.0.1:41999] for POST '/session/8ea3d97e8e78b6e99114f7d8e22667ab/url'
23:05:32.516 [AsyncHttpClient-1-1] DEBUG org.asynchttpclient.netty.channel.DefaultChannelPool - Entry count for : http://localhost:53531 : 1
23:05:33.615 [AsyncHttpClient-1-1] DEBUG org.asynchttpclient.netty.channel.DefaultChannelPool - Entry count for : http://localhost:53531 : 1
23:05:34.086 [AsyncHttpClient-1-2] DEBUG org.asynchttpclient.netty.handler.HttpHandler - 

Request DefaultHttpRequest(decodeResult: success, version: HTTP/1.1)
POST /session/8ea3d97e8e78b6e99114f7d8e22667ab/url HTTP/1.1
User-Agent: selenium/4.13.0 (java mac)
Content-Length: 57
Content-Type: application/json; charset=utf-8
host: localhost:41999
accept: */*

Response DefaultHttpResponse(decodeResult: success, version: HTTP/1.1)
HTTP/1.1 200 OK
Content-Length: 14
Content-Type: application/json; charset=utf-8
cache-control: no-cache

23:05:34.087 [AsyncHttpClient-1-2] DEBUG org.asynchttpclient.netty.channel.ChannelManager - Adding key: http://localhost:41999 for channel [id: 0x24425cfe, L:/127.0.0.1:53530 - R:localhost/127.0.0.1:41999]
Step 0 : Open URL - null
23:05:34.715 [AsyncHttpClient-1-1] DEBUG org.asynchttpclient.netty.channel.DefaultChannelPool - Entry count for : http://localhost:41999 : 1
23:05:34.715 [AsyncHttpClient-1-1] DEBUG org.asynchttpclient.netty.channel.DefaultChannelPool - Entry count for : http://localhost:53531 : 1
23:05:35.816 [AsyncHttpClient-1-1] DEBUG org.asynchttpclient.netty.channel.DefaultChannelPool - Entry count for : http://localhost:41999 : 1
23:05:35.816 [AsyncHttpClient-1-1] DEBUG org.asynchttpclient.netty.channel.DefaultChannelPool - Entry count for : http://localhost:53531 : 1
Step 1 : Varify mmt logo present.
23:05:36.095 [Forwarding findElement on session 8ea3d97e8e78b6e99114f7d8e22667ab to remote] DEBUG org.asynchttpclient.netty.request.NettyRequestSender - Using pooled Channel '[id: 0x24425cfe, L:/127.0.0.1:53530 - R:localhost/127.0.0.1:41999]' for 'POST' to 'http://localhost:41999/session/8ea3d97e8e78b6e99114f7d8e22667ab/element'
23:05:36.095 [Forwarding findElement on session 8ea3d97e8e78b6e99114f7d8e22667ab to remote] DEBUG org.asynchttpclient.netty.request.NettyRequestSender - Using open Channel [id: 0x24425cfe, L:/127.0.0.1:53530 - R:localhost/127.0.0.1:41999] for POST '/session/8ea3d97e8e78b6e99114f7d8e22667ab/element'
23:05:36.115 [AsyncHttpClient-1-2] DEBUG org.asynchttpclient.netty.handler.HttpHandler - 

Request DefaultHttpRequest(decodeResult: success, version: HTTP/1.1)
POST /session/8ea3d97e8e78b6e99114f7d8e22667ab/element HTTP/1.1
User-Agent: selenium/4.13.0 (java mac)
Content-Length: 78
Content-Type: application/json; charset=utf-8
host: localhost:41999
accept: */*

Response DefaultHttpResponse(decodeResult: success, version: HTTP/1.1)
HTTP/1.1 200 OK
Content-Length: 95
Content-Type: application/json; charset=utf-8
cache-control: no-cache

23:05:36.116 [AsyncHttpClient-1-2] DEBUG org.asynchttpclient.netty.channel.ChannelManager - Adding key: http://localhost:41999 for channel [id: 0x24425cfe, L:/127.0.0.1:53530 - R:localhost/127.0.0.1:41999]
23:05:36.119 [Forwarding executeScript on session 8ea3d97e8e78b6e99114f7d8e22667ab to remote] DEBUG org.asynchttpclient.netty.request.NettyRequestSender - Using pooled Channel '[id: 0x24425cfe, L:/127.0.0.1:53530 - R:localhost/127.0.0.1:41999]' for 'POST' to 'http://localhost:41999/session/8ea3d97e8e78b6e99114f7d8e22667ab/execute/sync'
23:05:36.119 [Forwarding executeScript on session 8ea3d97e8e78b6e99114f7d8e22667ab to remote] DEBUG org.asynchttpclient.netty.request.NettyRequestSender - Using open Channel [id: 0x24425cfe, L:/127.0.0.1:53530 - R:localhost/127.0.0.1:41999] for POST '/session/8ea3d97e8e78b6e99114f7d8e22667ab/execute/sync'
23:05:36.125 [AsyncHttpClient-1-2] DEBUG org.asynchttpclient.netty.handler.HttpHandler - 

Request DefaultHttpRequest(decodeResult: success, version: HTTP/1.1)
POST /session/8ea3d97e8e78b6e99114f7d8e22667ab/execute/sync HTTP/1.1
User-Agent: selenium/4.13.0 (java mac)
Content-Length: 179
Content-Type: application/json; charset=utf-8
host: localhost:41999
accept: */*

Response DefaultHttpResponse(decodeResult: success, version: HTTP/1.1)
HTTP/1.1 200 OK
Content-Length: 14
Content-Type: application/json; charset=utf-8
cache-control: no-cache

23:05:36.125 [AsyncHttpClient-1-2] DEBUG org.asynchttpclient.netty.channel.ChannelManager - Adding key: http://localhost:41999 for channel [id: 0x24425cfe, L:/127.0.0.1:53530 - R:localhost/127.0.0.1:41999]
23:05:36.134 [Forwarding isElementDisplayed on session 8ea3d97e8e78b6e99114f7d8e22667ab to remote] DEBUG org.asynchttpclient.netty.request.NettyRequestSender - Using pooled Channel '[id: 0x24425cfe, L:/127.0.0.1:53530 - R:localhost/127.0.0.1:41999]' for 'POST' to 'http://localhost:41999/session/8ea3d97e8e78b6e99114f7d8e22667ab/execute/sync'
23:05:36.134 [Forwarding isElementDisplayed on session 8ea3d97e8e78b6e99114f7d8e22667ab to remote] DEBUG org.asynchttpclient.netty.request.NettyRequestSender - Using open Channel [id: 0x24425cfe, L:/127.0.0.1:53530 - R:localhost/127.0.0.1:41999] for POST '/session/8ea3d97e8e78b6e99114f7d8e22667ab/execute/sync'
23:05:36.152 [AsyncHttpClient-1-2] DEBUG org.asynchttpclient.netty.handler.HttpHandler - 

Request DefaultHttpRequest(decodeResult: success, version: HTTP/1.1)
POST /session/8ea3d97e8e78b6e99114f7d8e22667ab/execute/sync HTTP/1.1
User-Agent: selenium/4.13.0 (java mac)
Content-Length: 48814
Content-Type: application/json; charset=utf-8
host: localhost:41999
accept: */*

Response DefaultHttpResponse(decodeResult: success, version: HTTP/1.1)
HTTP/1.1 200 OK
Content-Length: 14
Content-Type: application/json; charset=utf-8
cache-control: no-cache

23:05:36.152 [AsyncHttpClient-1-2] DEBUG org.asynchttpclient.netty.channel.ChannelManager - Adding key: http://localhost:41999 for channel [id: 0x24425cfe, L:/127.0.0.1:53530 - R:localhost/127.0.0.1:41999]
Step 2 : Varify mmt login section present.
23:05:36.155 [Forwarding findElement on session 8ea3d97e8e78b6e99114f7d8e22667ab to remote] DEBUG org.asynchttpclient.netty.request.NettyRequestSender - Using pooled Channel '[id: 0x24425cfe, L:/127.0.0.1:53530 - R:localhost/127.0.0.1:41999]' for 'POST' to 'http://localhost:41999/session/8ea3d97e8e78b6e99114f7d8e22667ab/element'
23:05:36.156 [Forwarding findElement on session 8ea3d97e8e78b6e99114f7d8e22667ab to remote] DEBUG org.asynchttpclient.netty.request.NettyRequestSender - Using open Channel [id: 0x24425cfe, L:/127.0.0.1:53530 - R:localhost/127.0.0.1:41999] for POST '/session/8ea3d97e8e78b6e99114f7d8e22667ab/element'
23:05:36.167 [AsyncHttpClient-1-2] DEBUG org.asynchttpclient.netty.handler.HttpHandler - 

Request DefaultHttpRequest(decodeResult: success, version: HTTP/1.1)
POST /session/8ea3d97e8e78b6e99114f7d8e22667ab/element HTTP/1.1
User-Agent: selenium/4.13.0 (java mac)
Content-Length: 85
Content-Type: application/json; charset=utf-8
host: localhost:41999
accept: */*

Response DefaultHttpResponse(decodeResult: success, version: HTTP/1.1)
HTTP/1.1 200 OK
Content-Length: 95
Content-Type: application/json; charset=utf-8
cache-control: no-cache

23:05:36.168 [AsyncHttpClient-1-2] DEBUG org.asynchttpclient.netty.channel.ChannelManager - Adding key: http://localhost:41999 for channel [id: 0x24425cfe, L:/127.0.0.1:53530 - R:localhost/127.0.0.1:41999]
23:05:36.172 [Forwarding executeScript on session 8ea3d97e8e78b6e99114f7d8e22667ab to remote] DEBUG org.asynchttpclient.netty.request.NettyRequestSender - Using pooled Channel '[id: 0x24425cfe, L:/127.0.0.1:53530 - R:localhost/127.0.0.1:41999]' for 'POST' to 'http://localhost:41999/session/8ea3d97e8e78b6e99114f7d8e22667ab/execute/sync'
23:05:36.172 [Forwarding executeScript on session 8ea3d97e8e78b6e99114f7d8e22667ab to remote] DEBUG org.asynchttpclient.netty.request.NettyRequestSender - Using open Channel [id: 0x24425cfe, L:/127.0.0.1:53530 - R:localhost/127.0.0.1:41999] for POST '/session/8ea3d97e8e78b6e99114f7d8e22667ab/execute/sync'
23:05:36.179 [AsyncHttpClient-1-2] DEBUG org.asynchttpclient.netty.handler.HttpHandler - 

Request DefaultHttpRequest(decodeResult: success, version: HTTP/1.1)
POST /session/8ea3d97e8e78b6e99114f7d8e22667ab/execute/sync HTTP/1.1
User-Agent: selenium/4.13.0 (java mac)
Content-Length: 179
Content-Type: application/json; charset=utf-8
host: localhost:41999
accept: */*

Response DefaultHttpResponse(decodeResult: success, version: HTTP/1.1)
HTTP/1.1 200 OK
Content-Length: 14
Content-Type: application/json; charset=utf-8
cache-control: no-cache

23:05:36.179 [AsyncHttpClient-1-2] DEBUG org.asynchttpclient.netty.channel.ChannelManager - Adding key: http://localhost:41999 for channel [id: 0x24425cfe, L:/127.0.0.1:53530 - R:localhost/127.0.0.1:41999]
23:05:36.183 [Forwarding isElementDisplayed on session 8ea3d97e8e78b6e99114f7d8e22667ab to remote] DEBUG org.asynchttpclient.netty.request.NettyRequestSender - Using pooled Channel '[id: 0x24425cfe, L:/127.0.0.1:53530 - R:localhost/127.0.0.1:41999]' for 'POST' to 'http://localhost:41999/session/8ea3d97e8e78b6e99114f7d8e22667ab/execute/sync'
23:05:36.184 [Forwarding isElementDisplayed on session 8ea3d97e8e78b6e99114f7d8e22667ab to remote] DEBUG org.asynchttpclient.netty.request.NettyRequestSender - Using open Channel [id: 0x24425cfe, L:/127.0.0.1:53530 - R:localhost/127.0.0.1:41999] for POST '/session/8ea3d97e8e78b6e99114f7d8e22667ab/execute/sync'
23:05:36.196 [AsyncHttpClient-1-2] DEBUG org.asynchttpclient.netty.handler.HttpHandler - 

Request DefaultHttpRequest(decodeResult: success, version: HTTP/1.1)
POST /session/8ea3d97e8e78b6e99114f7d8e22667ab/execute/sync HTTP/1.1
User-Agent: selenium/4.13.0 (java mac)
Content-Length: 48814
Content-Type: application/json; charset=utf-8
host: localhost:41999
accept: */*

Response DefaultHttpResponse(decodeResult: success, version: HTTP/1.1)
HTTP/1.1 200 OK
Content-Length: 14
Content-Type: application/json; charset=utf-8
cache-control: no-cache

23:05:36.196 [AsyncHttpClient-1-2] DEBUG org.asynchttpclient.netty.channel.ChannelManager - Adding key: http://localhost:41999 for channel [id: 0x24425cfe, L:/127.0.0.1:53530 - R:localhost/127.0.0.1:41999]
Step 3 : Varify mmt country & currency selection dropdown present.
23:05:36.198 [Forwarding findElement on session 8ea3d97e8e78b6e99114f7d8e22667ab to remote] DEBUG org.asynchttpclient.netty.request.NettyRequestSender - Using pooled Channel '[id: 0x24425cfe, L:/127.0.0.1:53530 - R:localhost/127.0.0.1:41999]' for 'POST' to 'http://localhost:41999/session/8ea3d97e8e78b6e99114f7d8e22667ab/element'
23:05:36.198 [Forwarding findElement on session 8ea3d97e8e78b6e99114f7d8e22667ab to remote] DEBUG org.asynchttpclient.netty.request.NettyRequestSender - Using open Channel [id: 0x24425cfe, L:/127.0.0.1:53530 - R:localhost/127.0.0.1:41999] for POST '/session/8ea3d97e8e78b6e99114f7d8e22667ab/element'
23:05:36.210 [AsyncHttpClient-1-2] DEBUG org.asynchttpclient.netty.handler.HttpHandler - 

Request DefaultHttpRequest(decodeResult: success, version: HTTP/1.1)
POST /session/8ea3d97e8e78b6e99114f7d8e22667ab/element HTTP/1.1
User-Agent: selenium/4.13.0 (java mac)
Content-Length: 81
Content-Type: application/json; charset=utf-8
host: localhost:41999
accept: */*

Response DefaultHttpResponse(decodeResult: success, version: HTTP/1.1)
HTTP/1.1 200 OK
Content-Length: 95
Content-Type: application/json; charset=utf-8
cache-control: no-cache

23:05:36.210 [AsyncHttpClient-1-2] DEBUG org.asynchttpclient.netty.channel.ChannelManager - Adding key: http://localhost:41999 for channel [id: 0x24425cfe, L:/127.0.0.1:53530 - R:localhost/127.0.0.1:41999]
23:05:36.212 [Forwarding executeScript on session 8ea3d97e8e78b6e99114f7d8e22667ab to remote] DEBUG org.asynchttpclient.netty.request.NettyRequestSender - Using pooled Channel '[id: 0x24425cfe, L:/127.0.0.1:53530 - R:localhost/127.0.0.1:41999]' for 'POST' to 'http://localhost:41999/session/8ea3d97e8e78b6e99114f7d8e22667ab/execute/sync'
23:05:36.212 [Forwarding executeScript on session 8ea3d97e8e78b6e99114f7d8e22667ab to remote] DEBUG org.asynchttpclient.netty.request.NettyRequestSender - Using open Channel [id: 0x24425cfe, L:/127.0.0.1:53530 - R:localhost/127.0.0.1:41999] for POST '/session/8ea3d97e8e78b6e99114f7d8e22667ab/execute/sync'
23:05:36.220 [AsyncHttpClient-1-2] DEBUG org.asynchttpclient.netty.handler.HttpHandler - 

Request DefaultHttpRequest(decodeResult: success, version: HTTP/1.1)
POST /session/8ea3d97e8e78b6e99114f7d8e22667ab/execute/sync HTTP/1.1
User-Agent: selenium/4.13.0 (java mac)
Content-Length: 179
Content-Type: application/json; charset=utf-8
host: localhost:41999
accept: */*

Response DefaultHttpResponse(decodeResult: success, version: HTTP/1.1)
HTTP/1.1 200 OK
Content-Length: 14
Content-Type: application/json; charset=utf-8
cache-control: no-cache

23:05:36.220 [AsyncHttpClient-1-2] DEBUG org.asynchttpclient.netty.channel.ChannelManager - Adding key: http://localhost:41999 for channel [id: 0x24425cfe, L:/127.0.0.1:53530 - R:localhost/127.0.0.1:41999]
23:05:36.223 [Forwarding isElementDisplayed on session 8ea3d97e8e78b6e99114f7d8e22667ab to remote] DEBUG org.asynchttpclient.netty.request.NettyRequestSender - Using pooled Channel '[id: 0x24425cfe, L:/127.0.0.1:53530 - R:localhost/127.0.0.1:41999]' for 'POST' to 'http://localhost:41999/session/8ea3d97e8e78b6e99114f7d8e22667ab/execute/sync'
23:05:36.224 [Forwarding isElementDisplayed on session 8ea3d97e8e78b6e99114f7d8e22667ab to remote] DEBUG org.asynchttpclient.netty.request.NettyRequestSender - Using open Channel [id: 0x24425cfe, L:/127.0.0.1:53530 - R:localhost/127.0.0.1:41999] for POST '/session/8ea3d97e8e78b6e99114f7d8e22667ab/execute/sync'
23:05:36.233 [AsyncHttpClient-1-2] DEBUG org.asynchttpclient.netty.handler.HttpHandler - 

Request DefaultHttpRequest(decodeResult: success, version: HTTP/1.1)
POST /session/8ea3d97e8e78b6e99114f7d8e22667ab/execute/sync HTTP/1.1
User-Agent: selenium/4.13.0 (java mac)
Content-Length: 48814
Content-Type: application/json; charset=utf-8
host: localhost:41999
accept: */*

Response DefaultHttpResponse(decodeResult: success, version: HTTP/1.1)
HTTP/1.1 200 OK
Content-Length: 14
Content-Type: application/json; charset=utf-8
cache-control: no-cache

23:05:36.234 [AsyncHttpClient-1-2] DEBUG org.asynchttpclient.netty.channel.ChannelManager - Adding key: http://localhost:41999 for channel [id: 0x24425cfe, L:/127.0.0.1:53530 - R:localhost/127.0.0.1:41999]
Step 4 : Varify mmt search section present.
23:05:36.235 [Forwarding findElement on session 8ea3d97e8e78b6e99114f7d8e22667ab to remote] DEBUG org.asynchttpclient.netty.request.NettyRequestSender - Using pooled Channel '[id: 0x24425cfe, L:/127.0.0.1:53530 - R:localhost/127.0.0.1:41999]' for 'POST' to 'http://localhost:41999/session/8ea3d97e8e78b6e99114f7d8e22667ab/element'
23:05:36.235 [Forwarding findElement on session 8ea3d97e8e78b6e99114f7d8e22667ab to remote] DEBUG org.asynchttpclient.netty.request.NettyRequestSender - Using open Channel [id: 0x24425cfe, L:/127.0.0.1:53530 - R:localhost/127.0.0.1:41999] for POST '/session/8ea3d97e8e78b6e99114f7d8e22667ab/element'
23:05:36.243 [AsyncHttpClient-1-2] DEBUG org.asynchttpclient.netty.handler.HttpHandler - 

Request DefaultHttpRequest(decodeResult: success, version: HTTP/1.1)
POST /session/8ea3d97e8e78b6e99114f7d8e22667ab/element HTTP/1.1
User-Agent: selenium/4.13.0 (java mac)
Content-Length: 81
Content-Type: application/json; charset=utf-8
host: localhost:41999
accept: */*

Response DefaultHttpResponse(decodeResult: success, version: HTTP/1.1)
HTTP/1.1 200 OK
Content-Length: 95
Content-Type: application/json; charset=utf-8
cache-control: no-cache

23:05:36.244 [AsyncHttpClient-1-2] DEBUG org.asynchttpclient.netty.channel.ChannelManager - Adding key: http://localhost:41999 for channel [id: 0x24425cfe, L:/127.0.0.1:53530 - R:localhost/127.0.0.1:41999]
23:05:36.246 [Forwarding executeScript on session 8ea3d97e8e78b6e99114f7d8e22667ab to remote] DEBUG org.asynchttpclient.netty.request.NettyRequestSender - Using pooled Channel '[id: 0x24425cfe, L:/127.0.0.1:53530 - R:localhost/127.0.0.1:41999]' for 'POST' to 'http://localhost:41999/session/8ea3d97e8e78b6e99114f7d8e22667ab/execute/sync'
23:05:36.246 [Forwarding executeScript on session 8ea3d97e8e78b6e99114f7d8e22667ab to remote] DEBUG org.asynchttpclient.netty.request.NettyRequestSender - Using open Channel [id: 0x24425cfe, L:/127.0.0.1:53530 - R:localhost/127.0.0.1:41999] for POST '/session/8ea3d97e8e78b6e99114f7d8e22667ab/execute/sync'
23:05:36.252 [AsyncHttpClient-1-2] DEBUG org.asynchttpclient.netty.handler.HttpHandler - 

Request DefaultHttpRequest(decodeResult: success, version: HTTP/1.1)
POST /session/8ea3d97e8e78b6e99114f7d8e22667ab/execute/sync HTTP/1.1
User-Agent: selenium/4.13.0 (java mac)
Content-Length: 179
Content-Type: application/json; charset=utf-8
host: localhost:41999
accept: */*

Response DefaultHttpResponse(decodeResult: success, version: HTTP/1.1)
HTTP/1.1 200 OK
Content-Length: 14
Content-Type: application/json; charset=utf-8
cache-control: no-cache

23:05:36.252 [AsyncHttpClient-1-2] DEBUG org.asynchttpclient.netty.channel.ChannelManager - Adding key: http://localhost:41999 for channel [id: 0x24425cfe, L:/127.0.0.1:53530 - R:localhost/127.0.0.1:41999]
23:05:36.255 [Forwarding isElementDisplayed on session 8ea3d97e8e78b6e99114f7d8e22667ab to remote] DEBUG org.asynchttpclient.netty.request.NettyRequestSender - Using pooled Channel '[id: 0x24425cfe, L:/127.0.0.1:53530 - R:localhost/127.0.0.1:41999]' for 'POST' to 'http://localhost:41999/session/8ea3d97e8e78b6e99114f7d8e22667ab/execute/sync'
23:05:36.255 [Forwarding isElementDisplayed on session 8ea3d97e8e78b6e99114f7d8e22667ab to remote] DEBUG org.asynchttpclient.netty.request.NettyRequestSender - Using open Channel [id: 0x24425cfe, L:/127.0.0.1:53530 - R:localhost/127.0.0.1:41999] for POST '/session/8ea3d97e8e78b6e99114f7d8e22667ab/execute/sync'
23:05:36.263 [AsyncHttpClient-1-2] DEBUG org.asynchttpclient.netty.handler.HttpHandler - 

Request DefaultHttpRequest(decodeResult: success, version: HTTP/1.1)
POST /session/8ea3d97e8e78b6e99114f7d8e22667ab/execute/sync HTTP/1.1
User-Agent: selenium/4.13.0 (java mac)
Content-Length: 48814
Content-Type: application/json; charset=utf-8
host: localhost:41999
accept: */*

Response DefaultHttpResponse(decodeResult: success, version: HTTP/1.1)
HTTP/1.1 200 OK
Content-Length: 14
Content-Type: application/json; charset=utf-8
cache-control: no-cache

23:05:36.264 [AsyncHttpClient-1-2] DEBUG org.asynchttpclient.netty.channel.ChannelManager - Adding key: http://localhost:41999 for channel [id: 0x24425cfe, L:/127.0.0.1:53530 - R:localhost/127.0.0.1:41999]
]]></system-out>
    <system-err><![CDATA[Jan 11, 2024 11:05:31 PM org.openqa.selenium.devtools.CdpVersionFinder findNearestMatch
WARNING: Unable to find an exact match for CDP version 120, so returning the closest version found: 117
]]></system-err>
  </testcase>
  <testcase name="vaerifyCountryCurrencyWidget" classname="com.sample.modules.HomePage" time="21.95">
    <failure message="Expected condition failed: waiting for element to be clickable: By.xpath: //p[@class=&apos;selectConInput&apos;] (tried for 20 second(s) with 500 milliseconds interval)&#10;Build info: version: &apos;4.13.0&apos;, revision: &apos;ba948ece5b*&apos;&#10;System info: os.name: &apos;Mac OS X&apos;, os.arch: &apos;x86_64&apos;, os.version: &apos;11.7.10&apos;, java.version: &apos;21&apos;&#10;Driver info: org.openqa.selenium.chrome.ChromeDriver&#10;Capabilities {acceptInsecureCerts: true, browserName: chrome, browserVersion: 120.0.6099.199, chrome: {chromedriverVersion: 120.0.6099.109 (3419140ab66..., userDataDir: /var/folders/pb/lrccxhdn21v...}, fedcm:accounts: true, goog:chromeOptions: {debuggerAddress: localhost:53582}, networkConnectionEnabled: false, pageLoadStrategy: normal, platformName: mac, proxy: Proxy(), se:cdp: ws://localhost:53582/devtoo..., se:cdpVersion: 120.0.6099.199, setWindowRect: true, strictFileInteractability: false, timeouts: {implicit: 0, pageLoad: 300000, script: 30000}, unhandledPromptBehavior: dismiss and notify, webauthn:extension:credBlob: true, webauthn:extension:largeBlob: true, webauthn:extension:minPinLength: true, webauthn:extension:prf: true, webauthn:virtualAuthenticators: true}&#10;Session ID: a39b5a7409a1e458985695632bda80ea" type="org.openqa.selenium.TimeoutException"><![CDATA[org.openqa.selenium.TimeoutException: 
Expected condition failed: waiting for element to be clickable: By.xpath: //p[@class='selectConInput'] (tried for 20 second(s) with 500 milliseconds interval)
Build info: version: '4.13.0', revision: 'ba948ece5b*'
System info: os.name: 'Mac OS X', os.arch: 'x86_64', os.version: '11.7.10', java.version: '21'
Driver info: org.openqa.selenium.chrome.ChromeDriver
Capabilities {acceptInsecureCerts: true, browserName: chrome, browserVersion: 120.0.6099.199, chrome: {chromedriverVersion: 120.0.6099.109 (3419140ab66..., userDataDir: /var/folders/pb/lrccxhdn21v...}, fedcm:accounts: true, goog:chromeOptions: {debuggerAddress: localhost:53582}, networkConnectionEnabled: false, pageLoadStrategy: normal, platformName: mac, proxy: Proxy(), se:cdp: ws://localhost:53582/devtoo..., se:cdpVersion: 120.0.6099.199, setWindowRect: true, strictFileInteractability: false, timeouts: {implicit: 0, pageLoad: 300000, script: 30000}, unhandledPromptBehavior: dismiss and notify, webauthn:extension:credBlob: true, webauthn:extension:largeBlob: true, webauthn:extension:minPinLength: true, webauthn:extension:prf: true, webauthn:virtualAuthenticators: true}
Session ID: a39b5a7409a1e458985695632bda80ea
	at org.openqa.selenium.support.ui.WebDriverWait.timeoutException(WebDriverWait.java:84)
	at org.openqa.selenium.support.ui.FluentWait.until(FluentWait.java:230)
	at com.sample.utils.Common.waitUntilElementToBeClickable(Common.java:44)
	at com.sample.utils.Common.click(Common.java:341)
	at com.sample.modules.HomePage.vaerifyCountryCurrencyWidget(HomePage.java:43)
	at java.base/jdk.internal.reflect.DirectMethodHandleAccessor.invoke(DirectMethodHandleAccessor.java:103)
	at java.base/java.lang.reflect.Method.invoke(Method.java:580)
	at org.testng.internal.invokers.MethodInvocationHelper.invokeMethod(MethodInvocationHelper.java:135)
	at org.testng.internal.invokers.TestInvoker.invokeMethod(TestInvoker.java:673)
	at org.testng.internal.invokers.TestInvoker.invokeTestMethod(TestInvoker.java:220)
	at org.testng.internal.invokers.MethodRunner.runInSequence(MethodRunner.java:50)
	at org.testng.internal.invokers.TestInvoker$MethodInvocationAgent.invoke(TestInvoker.java:945)
	at org.testng.internal.invokers.TestInvoker.invokeTestMethods(TestInvoker.java:193)
	at org.testng.internal.invokers.TestMethodWorker.invokeTestMethods(TestMethodWorker.java:146)
	at org.testng.internal.invokers.TestMethodWorker.run(TestMethodWorker.java:128)
	at java.base/java.util.ArrayList.forEach(ArrayList.java:1596)
	at org.testng.TestRunner.privateRun(TestRunner.java:808)
	at org.testng.TestRunner.run(TestRunner.java:603)
	at org.testng.SuiteRunner.runTest(SuiteRunner.java:429)
	at org.testng.SuiteRunner.runSequentially(SuiteRunner.java:423)
	at org.testng.SuiteRunner.privateRun(SuiteRunner.java:383)
	at org.testng.SuiteRunner.run(SuiteRunner.java:326)
	at org.testng.SuiteRunnerWorker.runSuite(SuiteRunnerWorker.java:52)
	at org.testng.SuiteRunnerWorker.run(SuiteRunnerWorker.java:95)
	at org.testng.TestNG.runSuitesSequentially(TestNG.java:1249)
	at org.testng.TestNG.runSuitesLocally(TestNG.java:1169)
	at org.testng.TestNG.runSuites(TestNG.java:1092)
	at org.testng.TestNG.run(TestNG.java:1060)
	at org.apache.maven.surefire.testng.TestNGExecutor.run(TestNGExecutor.java:308)
	at org.apache.maven.surefire.testng.TestNGXmlTestSuite.execute(TestNGXmlTestSuite.java:71)
	at org.apache.maven.surefire.testng.TestNGProvider.invoke(TestNGProvider.java:113)
	at org.apache.maven.surefire.booter.ForkedBooter.runSuitesInProcess(ForkedBooter.java:385)
	at org.apache.maven.surefire.booter.ForkedBooter.execute(ForkedBooter.java:162)
	at org.apache.maven.surefire.booter.ForkedBooter.run(ForkedBooter.java:507)
	at org.apache.maven.surefire.booter.ForkedBooter.main(ForkedBooter.java:495)
]]></failure>
    <system-out><![CDATA[Message : PASS : vaerifyAllHeaderSectionsPresent
Total testcases:-1
Total passed testcases:-1
Total failed testcases:-0
23:05:36.273 [Driver Command Executor] DEBUG org.asynchttpclient.netty.request.NettyRequestSender - Using pooled Channel '[id: 0x24425cfe, L:/127.0.0.1:53530 - R:localhost/127.0.0.1:41999]' for 'DELETE' to 'http://localhost:41999/session/8ea3d97e8e78b6e99114f7d8e22667ab'
23:05:36.273 [Driver Command Executor] DEBUG org.asynchttpclient.netty.request.NettyRequestSender - Using open Channel [id: 0x24425cfe, L:/127.0.0.1:53530 - R:localhost/127.0.0.1:41999] for DELETE '/session/8ea3d97e8e78b6e99114f7d8e22667ab'
23:05:36.276 [AsyncHttpClient-1-4] DEBUG org.asynchttpclient.netty.handler.WebSocketHandler - Channel Closed: [id: 0x38c27d5a, L:/127.0.0.1:53536 ! R:localhost/127.0.0.1:53531] with attribute DISCARD
23:05:36.301 [AsyncHttpClient-1-3] DEBUG org.asynchttpclient.netty.handler.HttpHandler - Channel Closed: [id: 0x94849bc7, L:/127.0.0.1:53535 ! R:localhost/127.0.0.1:53531] with attribute DISCARD
23:05:36.328 [AsyncHttpClient-1-2] DEBUG org.asynchttpclient.netty.handler.HttpHandler - 

Request DefaultFullHttpRequest(decodeResult: success, version: HTTP/1.1, content: EmptyByteBufBE)
DELETE /session/8ea3d97e8e78b6e99114f7d8e22667ab HTTP/1.1
User-Agent: selenium/4.13.0 (java mac)
Content-Type: application/json; charset=utf-8
host: localhost:41999
accept: */*

Response DefaultHttpResponse(decodeResult: success, version: HTTP/1.1)
HTTP/1.1 200 OK
Content-Length: 14
Content-Type: application/json; charset=utf-8
cache-control: no-cache

23:05:36.330 [AsyncHttpClient-1-2] DEBUG org.asynchttpclient.netty.channel.ChannelManager - Adding key: http://localhost:41999 for channel [id: 0x24425cfe, L:/127.0.0.1:53530 - R:localhost/127.0.0.1:41999]
23:05:36.391 [AsyncHttpClient-1-2] DEBUG org.asynchttpclient.netty.handler.HttpHandler - Channel Closed: [id: 0x24425cfe, L:/127.0.0.1:53530 ! R:localhost/127.0.0.1:41999] with attribute DISCARD
23:05:36.501 [AsyncHttpClient-1-5] DEBUG org.asynchttpclient.netty.channel.NettyConnectListener - Using new Channel '[id: 0x95478780, L:/127.0.0.1:53581 - R:localhost/127.0.0.1:5456]' for 'POST' to '/session'
23:05:36.919 [AsyncHttpClient-1-1] DEBUG org.asynchttpclient.netty.channel.DefaultChannelPool - Entry count for : http://localhost:41999 : 1
23:05:36.919 [AsyncHttpClient-1-1] DEBUG org.asynchttpclient.netty.channel.DefaultChannelPool - Entry count for : http://localhost:53531 : 1
23:05:36.919 [AsyncHttpClient-1-1] DEBUG org.asynchttpclient.netty.channel.DefaultChannelPool - Adding Candidate expired Channel [id: 0x24425cfe, L:/127.0.0.1:53530 ! R:localhost/127.0.0.1:41999] isIdleTimeoutExpired=false isRemotelyClosed=true isTtlExpired=false
23:05:36.919 [AsyncHttpClient-1-1] DEBUG org.asynchttpclient.netty.channel.DefaultChannelPool - Closing Idle Channel [id: 0x24425cfe, L:/127.0.0.1:53530 ! R:localhost/127.0.0.1:41999]
23:05:36.920 [AsyncHttpClient-1-1] DEBUG org.asynchttpclient.netty.channel.DefaultChannelPool - Adding Candidate expired Channel [id: 0x94849bc7, L:/127.0.0.1:53535 ! R:localhost/127.0.0.1:53531] isIdleTimeoutExpired=false isRemotelyClosed=true isTtlExpired=false
23:05:36.920 [AsyncHttpClient-1-1] DEBUG org.asynchttpclient.netty.channel.DefaultChannelPool - Closing Idle Channel [id: 0x94849bc7, L:/127.0.0.1:53535 ! R:localhost/127.0.0.1:53531]
23:05:36.920 [AsyncHttpClient-1-1] DEBUG org.asynchttpclient.netty.channel.DefaultChannelPool - Closed 2 connections out of 2 in 1 ms
23:05:37.437 [AsyncHttpClient-1-5] DEBUG org.asynchttpclient.netty.handler.HttpHandler - 

Request DefaultHttpRequest(decodeResult: success, version: HTTP/1.1)
POST /session HTTP/1.1
User-Agent: selenium/4.13.0 (java mac)
Content-Length: 291
Content-Type: application/json; charset=utf-8
host: localhost:5456
accept: */*

Response DefaultHttpResponse(decodeResult: success, version: HTTP/1.1)
HTTP/1.1 200 OK
Content-Length: 891
Content-Type: application/json; charset=utf-8
cache-control: no-cache

23:05:37.437 [AsyncHttpClient-1-5] DEBUG org.asynchttpclient.netty.channel.ChannelManager - Adding key: http://localhost:5456 for channel [id: 0x95478780, L:/127.0.0.1:53581 - R:localhost/127.0.0.1:5456]
23:05:37.444 [AsyncHttpClient-1-6] DEBUG org.asynchttpclient.netty.channel.NettyConnectListener - Using new Channel '[id: 0xe75c1bbd, L:/127.0.0.1:53586 - R:localhost/127.0.0.1:53582]' for 'GET' to '/json/version'
23:05:37.447 [AsyncHttpClient-1-6] DEBUG org.asynchttpclient.netty.handler.HttpHandler - 

Request DefaultFullHttpRequest(decodeResult: success, version: HTTP/1.1, content: EmptyByteBufBE)
GET /json/version HTTP/1.1
User-Agent: selenium/4.13.0 (java mac)
host: localhost:53582
accept: */*

Response DefaultHttpResponse(decodeResult: success, version: HTTP/1.1)
HTTP/1.1 200 OK
Content-Security-Policy: frame-ancestors 'none'
Content-Length: 422
Content-Type: application/json; charset=UTF-8

23:05:37.448 [AsyncHttpClient-1-6] DEBUG org.asynchttpclient.netty.channel.ChannelManager - Adding key: http://localhost:53582 for channel [id: 0xe75c1bbd, L:/127.0.0.1:53586 - R:localhost/127.0.0.1:53582]
23:05:37.453 [AsyncHttpClient-1-7] DEBUG org.asynchttpclient.netty.channel.NettyConnectListener - Using new Channel '[id: 0x9ca1a29c, L:/127.0.0.1:53587 - R:localhost/127.0.0.1:53582]' for 'GET' to '/devtools/browser/dc2a93a8-a2b5-4463-ae0f-c586bd73d37d'
23:05:37.456 [AsyncHttpClient-1-7] DEBUG org.asynchttpclient.netty.handler.WebSocketHandler - 

Request DefaultFullHttpRequest(decodeResult: success, version: HTTP/1.1, content: EmptyByteBufBE)
GET /devtools/browser/dc2a93a8-a2b5-4463-ae0f-c586bd73d37d HTTP/1.1
upgrade: websocket
connection: upgrade
sec-websocket-key: Voome1xKlaIOhJyrnK8CXw==
sec-websocket-version: 13
origin: http://localhost:53582
host: localhost:53582
accept: */*
user-agent: AHC/2.1

Response DefaultHttpResponse(decodeResult: success, version: HTTP/1.1)
HTTP/1.1 101 WebSocket Protocol Handshake
Upgrade: WebSocket
Connection: Upgrade
Sec-WebSocket-Accept: hQyvXJ+a2UZl+xMMVDFzfws99Dc=

23:05:37.461 [Forwarding maximizeCurrentWindow on session a39b5a7409a1e458985695632bda80ea to remote] DEBUG org.asynchttpclient.netty.request.NettyRequestSender - Using pooled Channel '[id: 0x95478780, L:/127.0.0.1:53581 - R:localhost/127.0.0.1:5456]' for 'POST' to 'http://localhost:5456/session/a39b5a7409a1e458985695632bda80ea/window/maximize'
23:05:37.461 [Forwarding maximizeCurrentWindow on session a39b5a7409a1e458985695632bda80ea to remote] DEBUG org.asynchttpclient.netty.request.NettyRequestSender - Using open Channel [id: 0x95478780, L:/127.0.0.1:53581 - R:localhost/127.0.0.1:5456] for POST '/session/a39b5a7409a1e458985695632bda80ea/window/maximize'
23:05:37.928 [AsyncHttpClient-1-5] DEBUG org.asynchttpclient.netty.handler.HttpHandler - 

Request DefaultHttpRequest(decodeResult: success, version: HTTP/1.1)
POST /session/a39b5a7409a1e458985695632bda80ea/window/maximize HTTP/1.1
User-Agent: selenium/4.13.0 (java mac)
Content-Length: 3
Content-Type: application/json; charset=utf-8
host: localhost:5456
accept: */*

Response DefaultHttpResponse(decodeResult: success, version: HTTP/1.1)
HTTP/1.1 200 OK
Content-Length: 50
Content-Type: application/json; charset=utf-8
cache-control: no-cache

23:05:37.928 [AsyncHttpClient-1-5] DEBUG org.asynchttpclient.netty.channel.ChannelManager - Adding key: http://localhost:5456 for channel [id: 0x95478780, L:/127.0.0.1:53581 - R:localhost/127.0.0.1:5456]
23:05:37.930 [Forwarding get on session a39b5a7409a1e458985695632bda80ea to remote] DEBUG org.asynchttpclient.netty.request.NettyRequestSender - Using pooled Channel '[id: 0x95478780, L:/127.0.0.1:53581 - R:localhost/127.0.0.1:5456]' for 'POST' to 'http://localhost:5456/session/a39b5a7409a1e458985695632bda80ea/url'
23:05:37.930 [Forwarding get on session a39b5a7409a1e458985695632bda80ea to remote] DEBUG org.asynchttpclient.netty.request.NettyRequestSender - Using open Channel [id: 0x95478780, L:/127.0.0.1:53581 - R:localhost/127.0.0.1:5456] for POST '/session/a39b5a7409a1e458985695632bda80ea/url'
23:05:38.016 [AsyncHttpClient-1-1] DEBUG org.asynchttpclient.netty.channel.DefaultChannelPool - Entry count for : http://localhost:53582 : 1
23:05:39.115 [AsyncHttpClient-1-1] DEBUG org.asynchttpclient.netty.channel.DefaultChannelPool - Entry count for : http://localhost:53582 : 1
23:05:40.218 [AsyncHttpClient-1-1] DEBUG org.asynchttpclient.netty.channel.DefaultChannelPool - Entry count for : http://localhost:53582 : 1
23:05:41.320 [AsyncHttpClient-1-1] DEBUG org.asynchttpclient.netty.channel.DefaultChannelPool - Entry count for : http://localhost:53582 : 1
23:05:41.886 [AsyncHttpClient-1-5] DEBUG org.asynchttpclient.netty.handler.HttpHandler - 

Request DefaultHttpRequest(decodeResult: success, version: HTTP/1.1)
POST /session/a39b5a7409a1e458985695632bda80ea/url HTTP/1.1
User-Agent: selenium/4.13.0 (java mac)
Content-Length: 57
Content-Type: application/json; charset=utf-8
host: localhost:5456
accept: */*

Response DefaultHttpResponse(decodeResult: success, version: HTTP/1.1)
HTTP/1.1 200 OK
Content-Length: 14
Content-Type: application/json; charset=utf-8
cache-control: no-cache

23:05:41.887 [AsyncHttpClient-1-5] DEBUG org.asynchttpclient.netty.channel.ChannelManager - Adding key: http://localhost:5456 for channel [id: 0x95478780, L:/127.0.0.1:53581 - R:localhost/127.0.0.1:5456]
Step 0 : Open URL - null
Step 1 : Varify mmt country & currency selection section present.
23:05:41.889 [Forwarding findElement on session a39b5a7409a1e458985695632bda80ea to remote] DEBUG org.asynchttpclient.netty.request.NettyRequestSender - Using pooled Channel '[id: 0x95478780, L:/127.0.0.1:53581 - R:localhost/127.0.0.1:5456]' for 'POST' to 'http://localhost:5456/session/a39b5a7409a1e458985695632bda80ea/element'
23:05:41.889 [Forwarding findElement on session a39b5a7409a1e458985695632bda80ea to remote] DEBUG org.asynchttpclient.netty.request.NettyRequestSender - Using open Channel [id: 0x95478780, L:/127.0.0.1:53581 - R:localhost/127.0.0.1:5456] for POST '/session/a39b5a7409a1e458985695632bda80ea/element'
23:05:42.066 [AsyncHttpClient-1-5] DEBUG org.asynchttpclient.netty.handler.HttpHandler - 

Request DefaultHttpRequest(decodeResult: success, version: HTTP/1.1)
POST /session/a39b5a7409a1e458985695632bda80ea/element HTTP/1.1
User-Agent: selenium/4.13.0 (java mac)
Content-Length: 81
Content-Type: application/json; charset=utf-8
host: localhost:5456
accept: */*

Response DefaultHttpResponse(decodeResult: success, version: HTTP/1.1)
HTTP/1.1 200 OK
Content-Length: 95
Content-Type: application/json; charset=utf-8
cache-control: no-cache

23:05:42.067 [AsyncHttpClient-1-5] DEBUG org.asynchttpclient.netty.channel.ChannelManager - Adding key: http://localhost:5456 for channel [id: 0x95478780, L:/127.0.0.1:53581 - R:localhost/127.0.0.1:5456]
23:05:42.073 [Forwarding executeScript on session a39b5a7409a1e458985695632bda80ea to remote] DEBUG org.asynchttpclient.netty.request.NettyRequestSender - Using pooled Channel '[id: 0x95478780, L:/127.0.0.1:53581 - R:localhost/127.0.0.1:5456]' for 'POST' to 'http://localhost:5456/session/a39b5a7409a1e458985695632bda80ea/execute/sync'
23:05:42.073 [Forwarding executeScript on session a39b5a7409a1e458985695632bda80ea to remote] DEBUG org.asynchttpclient.netty.request.NettyRequestSender - Using open Channel [id: 0x95478780, L:/127.0.0.1:53581 - R:localhost/127.0.0.1:5456] for POST '/session/a39b5a7409a1e458985695632bda80ea/execute/sync'
23:05:42.128 [AsyncHttpClient-1-5] DEBUG org.asynchttpclient.netty.handler.HttpHandler - 

Request DefaultHttpRequest(decodeResult: success, version: HTTP/1.1)
POST /session/a39b5a7409a1e458985695632bda80ea/execute/sync HTTP/1.1
User-Agent: selenium/4.13.0 (java mac)
Content-Length: 179
Content-Type: application/json; charset=utf-8
host: localhost:5456
accept: */*

Response DefaultHttpResponse(decodeResult: success, version: HTTP/1.1)
HTTP/1.1 200 OK
Content-Length: 14
Content-Type: application/json; charset=utf-8
cache-control: no-cache

23:05:42.129 [AsyncHttpClient-1-5] DEBUG org.asynchttpclient.netty.channel.ChannelManager - Adding key: http://localhost:5456 for channel [id: 0x95478780, L:/127.0.0.1:53581 - R:localhost/127.0.0.1:5456]
23:05:42.135 [Forwarding isElementDisplayed on session a39b5a7409a1e458985695632bda80ea to remote] DEBUG org.asynchttpclient.netty.request.NettyRequestSender - Using pooled Channel '[id: 0x95478780, L:/127.0.0.1:53581 - R:localhost/127.0.0.1:5456]' for 'POST' to 'http://localhost:5456/session/a39b5a7409a1e458985695632bda80ea/execute/sync'
23:05:42.136 [Forwarding isElementDisplayed on session a39b5a7409a1e458985695632bda80ea to remote] DEBUG org.asynchttpclient.netty.request.NettyRequestSender - Using open Channel [id: 0x95478780, L:/127.0.0.1:53581 - R:localhost/127.0.0.1:5456] for POST '/session/a39b5a7409a1e458985695632bda80ea/execute/sync'
23:05:42.161 [AsyncHttpClient-1-5] DEBUG org.asynchttpclient.netty.handler.HttpHandler - 

Request DefaultHttpRequest(decodeResult: success, version: HTTP/1.1)
POST /session/a39b5a7409a1e458985695632bda80ea/execute/sync HTTP/1.1
User-Agent: selenium/4.13.0 (java mac)
Content-Length: 48814
Content-Type: application/json; charset=utf-8
host: localhost:5456
accept: */*

Response DefaultHttpResponse(decodeResult: success, version: HTTP/1.1)
HTTP/1.1 200 OK
Content-Length: 14
Content-Type: application/json; charset=utf-8
cache-control: no-cache

23:05:42.161 [AsyncHttpClient-1-5] DEBUG org.asynchttpclient.netty.channel.ChannelManager - Adding key: http://localhost:5456 for channel [id: 0x95478780, L:/127.0.0.1:53581 - R:localhost/127.0.0.1:5456]
Step 2 : Click on mmt country & currency selection section present.
23:05:42.171 [Forwarding findElement on session a39b5a7409a1e458985695632bda80ea to remote] DEBUG org.asynchttpclient.netty.request.NettyRequestSender - Using pooled Channel '[id: 0x95478780, L:/127.0.0.1:53581 - R:localhost/127.0.0.1:5456]' for 'POST' to 'http://localhost:5456/session/a39b5a7409a1e458985695632bda80ea/element'
23:05:42.171 [Forwarding findElement on session a39b5a7409a1e458985695632bda80ea to remote] DEBUG org.asynchttpclient.netty.request.NettyRequestSender - Using open Channel [id: 0x95478780, L:/127.0.0.1:53581 - R:localhost/127.0.0.1:5456] for POST '/session/a39b5a7409a1e458985695632bda80ea/element'
23:05:42.184 [AsyncHttpClient-1-5] DEBUG org.asynchttpclient.netty.handler.HttpHandler - 

Request DefaultHttpRequest(decodeResult: success, version: HTTP/1.1)
POST /session/a39b5a7409a1e458985695632bda80ea/element HTTP/1.1
User-Agent: selenium/4.13.0 (java mac)
Content-Length: 81
Content-Type: application/json; charset=utf-8
host: localhost:5456
accept: */*

Response DefaultHttpResponse(decodeResult: success, version: HTTP/1.1)
HTTP/1.1 200 OK
Content-Length: 95
Content-Type: application/json; charset=utf-8
cache-control: no-cache

23:05:42.185 [AsyncHttpClient-1-5] DEBUG org.asynchttpclient.netty.channel.ChannelManager - Adding key: http://localhost:5456 for channel [id: 0x95478780, L:/127.0.0.1:53581 - R:localhost/127.0.0.1:5456]
23:05:42.191 [Forwarding isElementDisplayed on session a39b5a7409a1e458985695632bda80ea to remote] DEBUG org.asynchttpclient.netty.request.NettyRequestSender - Using pooled Channel '[id: 0x95478780, L:/127.0.0.1:53581 - R:localhost/127.0.0.1:5456]' for 'POST' to 'http://localhost:5456/session/a39b5a7409a1e458985695632bda80ea/execute/sync'
23:05:42.191 [Forwarding isElementDisplayed on session a39b5a7409a1e458985695632bda80ea to remote] DEBUG org.asynchttpclient.netty.request.NettyRequestSender - Using open Channel [id: 0x95478780, L:/127.0.0.1:53581 - R:localhost/127.0.0.1:5456] for POST '/session/a39b5a7409a1e458985695632bda80ea/execute/sync'
23:05:42.227 [AsyncHttpClient-1-5] DEBUG org.asynchttpclient.netty.handler.HttpHandler - 

Request DefaultHttpRequest(decodeResult: success, version: HTTP/1.1)
POST /session/a39b5a7409a1e458985695632bda80ea/execute/sync HTTP/1.1
User-Agent: selenium/4.13.0 (java mac)
Content-Length: 48814
Content-Type: application/json; charset=utf-8
host: localhost:5456
accept: */*

Response DefaultHttpResponse(decodeResult: success, version: HTTP/1.1)
HTTP/1.1 200 OK
Content-Length: 14
Content-Type: application/json; charset=utf-8
cache-control: no-cache

23:05:42.228 [AsyncHttpClient-1-5] DEBUG org.asynchttpclient.netty.channel.ChannelManager - Adding key: http://localhost:5456 for channel [id: 0x95478780, L:/127.0.0.1:53581 - R:localhost/127.0.0.1:5456]
23:05:42.230 [Forwarding isElementEnabled on session a39b5a7409a1e458985695632bda80ea to remote] DEBUG org.asynchttpclient.netty.request.NettyRequestSender - Using pooled Channel '[id: 0x95478780, L:/127.0.0.1:53581 - R:localhost/127.0.0.1:5456]' for 'GET' to 'http://localhost:5456/session/a39b5a7409a1e458985695632bda80ea/element/6EBB40D494D60389AD111F3B36A3338D_element_24/enabled'
23:05:42.230 [Forwarding isElementEnabled on session a39b5a7409a1e458985695632bda80ea to remote] DEBUG org.asynchttpclient.netty.request.NettyRequestSender - Using open Channel [id: 0x95478780, L:/127.0.0.1:53581 - R:localhost/127.0.0.1:5456] for GET '/session/a39b5a7409a1e458985695632bda80ea/element/6EBB40D494D60389AD111F3B36A3338D_element_24/enabled'
23:05:42.243 [AsyncHttpClient-1-5] DEBUG org.asynchttpclient.netty.handler.HttpHandler - 

Request DefaultFullHttpRequest(decodeResult: success, version: HTTP/1.1, content: EmptyByteBufBE)
GET /session/a39b5a7409a1e458985695632bda80ea/element/6EBB40D494D60389AD111F3B36A3338D_element_24/enabled HTTP/1.1
Cache-Control: no-cache
User-Agent: selenium/4.13.0 (java mac)
Content-Type: application/json; charset=utf-8
host: localhost:5456
accept: */*

Response DefaultHttpResponse(decodeResult: success, version: HTTP/1.1)
HTTP/1.1 200 OK
Content-Length: 14
Content-Type: application/json; charset=utf-8
cache-control: no-cache

23:05:42.244 [AsyncHttpClient-1-5] DEBUG org.asynchttpclient.netty.channel.ChannelManager - Adding key: http://localhost:5456 for channel [id: 0x95478780, L:/127.0.0.1:53581 - R:localhost/127.0.0.1:5456]
23:05:42.246 [Forwarding executeScript on session a39b5a7409a1e458985695632bda80ea to remote] DEBUG org.asynchttpclient.netty.request.NettyRequestSender - Using pooled Channel '[id: 0x95478780, L:/127.0.0.1:53581 - R:localhost/127.0.0.1:5456]' for 'POST' to 'http://localhost:5456/session/a39b5a7409a1e458985695632bda80ea/execute/sync'
23:05:42.246 [Forwarding executeScript on session a39b5a7409a1e458985695632bda80ea to remote] DEBUG org.asynchttpclient.netty.request.NettyRequestSender - Using open Channel [id: 0x95478780, L:/127.0.0.1:53581 - R:localhost/127.0.0.1:5456] for POST '/session/a39b5a7409a1e458985695632bda80ea/execute/sync'
23:05:42.253 [AsyncHttpClient-1-5] DEBUG org.asynchttpclient.netty.handler.HttpHandler - 

Request DefaultHttpRequest(decodeResult: success, version: HTTP/1.1)
POST /session/a39b5a7409a1e458985695632bda80ea/execute/sync HTTP/1.1
User-Agent: selenium/4.13.0 (java mac)
Content-Length: 179
Content-Type: application/json; charset=utf-8
host: localhost:5456
accept: */*

Response DefaultHttpResponse(decodeResult: success, version: HTTP/1.1)
HTTP/1.1 200 OK
Content-Length: 14
Content-Type: application/json; charset=utf-8
cache-control: no-cache

23:05:42.253 [AsyncHttpClient-1-5] DEBUG org.asynchttpclient.netty.channel.ChannelManager - Adding key: http://localhost:5456 for channel [id: 0x95478780, L:/127.0.0.1:53581 - R:localhost/127.0.0.1:5456]
23:05:42.254 [Forwarding clickElement on session a39b5a7409a1e458985695632bda80ea to remote] DEBUG org.asynchttpclient.netty.request.NettyRequestSender - Using pooled Channel '[id: 0x95478780, L:/127.0.0.1:53581 - R:localhost/127.0.0.1:5456]' for 'POST' to 'http://localhost:5456/session/a39b5a7409a1e458985695632bda80ea/element/6EBB40D494D60389AD111F3B36A3338D_element_24/click'
23:05:42.254 [Forwarding clickElement on session a39b5a7409a1e458985695632bda80ea to remote] DEBUG org.asynchttpclient.netty.request.NettyRequestSender - Using open Channel [id: 0x95478780, L:/127.0.0.1:53581 - R:localhost/127.0.0.1:5456] for POST '/session/a39b5a7409a1e458985695632bda80ea/element/6EBB40D494D60389AD111F3B36A3338D_element_24/click'
23:05:42.415 [AsyncHttpClient-1-1] DEBUG org.asynchttpclient.netty.channel.DefaultChannelPool - Entry count for : http://localhost:53582 : 1
23:05:43.360 [AsyncHttpClient-1-5] DEBUG org.asynchttpclient.netty.handler.HttpHandler - 

Request DefaultHttpRequest(decodeResult: success, version: HTTP/1.1)
POST /session/a39b5a7409a1e458985695632bda80ea/element/6EBB40D494D60389AD111F3B36A3338D_element_24/click HTTP/1.1
User-Agent: selenium/4.13.0 (java mac)
Content-Length: 57
Content-Type: application/json; charset=utf-8
host: localhost:5456
accept: */*

Response DefaultHttpResponse(decodeResult: success, version: HTTP/1.1)
HTTP/1.1 400 Bad Request
Content-Length: 2914
Content-Type: application/json; charset=utf-8
cache-control: no-cache

23:05:43.360 [AsyncHttpClient-1-5] DEBUG org.asynchttpclient.netty.channel.ChannelManager - Adding key: http://localhost:5456 for channel [id: 0x95478780, L:/127.0.0.1:53581 - R:localhost/127.0.0.1:5456]
Step 3 : Select country USA from dropdown.
23:05:43.367 [Forwarding findElement on session a39b5a7409a1e458985695632bda80ea to remote] DEBUG org.asynchttpclient.netty.request.NettyRequestSender - Using pooled Channel '[id: 0x95478780, L:/127.0.0.1:53581 - R:localhost/127.0.0.1:5456]' for 'POST' to 'http://localhost:5456/session/a39b5a7409a1e458985695632bda80ea/element'
23:05:43.367 [Forwarding findElement on session a39b5a7409a1e458985695632bda80ea to remote] DEBUG org.asynchttpclient.netty.request.NettyRequestSender - Using open Channel [id: 0x95478780, L:/127.0.0.1:53581 - R:localhost/127.0.0.1:5456] for POST '/session/a39b5a7409a1e458985695632bda80ea/element'
23:05:43.377 [AsyncHttpClient-1-5] DEBUG org.asynchttpclient.netty.handler.HttpHandler - 

Request DefaultHttpRequest(decodeResult: success, version: HTTP/1.1)
POST /session/a39b5a7409a1e458985695632bda80ea/element HTTP/1.1
User-Agent: selenium/4.13.0 (java mac)
Content-Length: 75
Content-Type: application/json; charset=utf-8
host: localhost:5456
accept: */*

Response DefaultHttpResponse(decodeResult: success, version: HTTP/1.1)
HTTP/1.1 404 Not Found
Content-Length: 1947
Content-Type: application/json; charset=utf-8
cache-control: no-cache

23:05:43.377 [AsyncHttpClient-1-5] DEBUG org.asynchttpclient.netty.channel.ChannelManager - Adding key: http://localhost:5456 for channel [id: 0x95478780, L:/127.0.0.1:53581 - R:localhost/127.0.0.1:5456]
23:05:43.515 [AsyncHttpClient-1-1] DEBUG org.asynchttpclient.netty.channel.DefaultChannelPool - Entry count for : http://localhost:5456 : 1
23:05:43.515 [AsyncHttpClient-1-1] DEBUG org.asynchttpclient.netty.channel.DefaultChannelPool - Entry count for : http://localhost:53582 : 1
23:05:43.879 [Forwarding findElement on session a39b5a7409a1e458985695632bda80ea to remote] DEBUG org.asynchttpclient.netty.request.NettyRequestSender - Using pooled Channel '[id: 0x95478780, L:/127.0.0.1:53581 - R:localhost/127.0.0.1:5456]' for 'POST' to 'http://localhost:5456/session/a39b5a7409a1e458985695632bda80ea/element'
23:05:43.879 [Forwarding findElement on session a39b5a7409a1e458985695632bda80ea to remote] DEBUG org.asynchttpclient.netty.request.NettyRequestSender - Using open Channel [id: 0x95478780, L:/127.0.0.1:53581 - R:localhost/127.0.0.1:5456] for POST '/session/a39b5a7409a1e458985695632bda80ea/element'
23:05:43.886 [AsyncHttpClient-1-5] DEBUG org.asynchttpclient.netty.handler.HttpHandler - 

Request DefaultHttpRequest(decodeResult: success, version: HTTP/1.1)
POST /session/a39b5a7409a1e458985695632bda80ea/element HTTP/1.1
User-Agent: selenium/4.13.0 (java mac)
Content-Length: 75
Content-Type: application/json; charset=utf-8
host: localhost:5456
accept: */*

Response DefaultHttpResponse(decodeResult: success, version: HTTP/1.1)
HTTP/1.1 404 Not Found
Content-Length: 1947
Content-Type: application/json; charset=utf-8
cache-control: no-cache

23:05:43.886 [AsyncHttpClient-1-5] DEBUG org.asynchttpclient.netty.channel.ChannelManager - Adding key: http://localhost:5456 for channel [id: 0x95478780, L:/127.0.0.1:53581 - R:localhost/127.0.0.1:5456]
23:05:44.390 [Forwarding findElement on session a39b5a7409a1e458985695632bda80ea to remote] DEBUG org.asynchttpclient.netty.request.NettyRequestSender - Using pooled Channel '[id: 0x95478780, L:/127.0.0.1:53581 - R:localhost/127.0.0.1:5456]' for 'POST' to 'http://localhost:5456/session/a39b5a7409a1e458985695632bda80ea/element'
23:05:44.390 [Forwarding findElement on session a39b5a7409a1e458985695632bda80ea to remote] DEBUG org.asynchttpclient.netty.request.NettyRequestSender - Using open Channel [id: 0x95478780, L:/127.0.0.1:53581 - R:localhost/127.0.0.1:5456] for POST '/session/a39b5a7409a1e458985695632bda80ea/element'
23:05:44.397 [AsyncHttpClient-1-5] DEBUG org.asynchttpclient.netty.handler.HttpHandler - 

Request DefaultHttpRequest(decodeResult: success, version: HTTP/1.1)
POST /session/a39b5a7409a1e458985695632bda80ea/element HTTP/1.1
User-Agent: selenium/4.13.0 (java mac)
Content-Length: 75
Content-Type: application/json; charset=utf-8
host: localhost:5456
accept: */*

Response DefaultHttpResponse(decodeResult: success, version: HTTP/1.1)
HTTP/1.1 404 Not Found
Content-Length: 1947
Content-Type: application/json; charset=utf-8
cache-control: no-cache

23:05:44.397 [AsyncHttpClient-1-5] DEBUG org.asynchttpclient.netty.channel.ChannelManager - Adding key: http://localhost:5456 for channel [id: 0x95478780, L:/127.0.0.1:53581 - R:localhost/127.0.0.1:5456]
23:05:44.615 [AsyncHttpClient-1-1] DEBUG org.asynchttpclient.netty.channel.DefaultChannelPool - Entry count for : http://localhost:5456 : 1
23:05:44.616 [AsyncHttpClient-1-1] DEBUG org.asynchttpclient.netty.channel.DefaultChannelPool - Entry count for : http://localhost:53582 : 1
23:05:44.904 [Forwarding findElement on session a39b5a7409a1e458985695632bda80ea to remote] DEBUG org.asynchttpclient.netty.request.NettyRequestSender - Using pooled Channel '[id: 0x95478780, L:/127.0.0.1:53581 - R:localhost/127.0.0.1:5456]' for 'POST' to 'http://localhost:5456/session/a39b5a7409a1e458985695632bda80ea/element'
23:05:44.904 [Forwarding findElement on session a39b5a7409a1e458985695632bda80ea to remote] DEBUG org.asynchttpclient.netty.request.NettyRequestSender - Using open Channel [id: 0x95478780, L:/127.0.0.1:53581 - R:localhost/127.0.0.1:5456] for POST '/session/a39b5a7409a1e458985695632bda80ea/element'
23:05:44.910 [AsyncHttpClient-1-5] DEBUG org.asynchttpclient.netty.handler.HttpHandler - 

Request DefaultHttpRequest(decodeResult: success, version: HTTP/1.1)
POST /session/a39b5a7409a1e458985695632bda80ea/element HTTP/1.1
User-Agent: selenium/4.13.0 (java mac)
Content-Length: 75
Content-Type: application/json; charset=utf-8
host: localhost:5456
accept: */*

Response DefaultHttpResponse(decodeResult: success, version: HTTP/1.1)
HTTP/1.1 404 Not Found
Content-Length: 1947
Content-Type: application/json; charset=utf-8
cache-control: no-cache

23:05:44.911 [AsyncHttpClient-1-5] DEBUG org.asynchttpclient.netty.channel.ChannelManager - Adding key: http://localhost:5456 for channel [id: 0x95478780, L:/127.0.0.1:53581 - R:localhost/127.0.0.1:5456]
23:05:45.414 [Forwarding findElement on session a39b5a7409a1e458985695632bda80ea to remote] DEBUG org.asynchttpclient.netty.request.NettyRequestSender - Using pooled Channel '[id: 0x95478780, L:/127.0.0.1:53581 - R:localhost/127.0.0.1:5456]' for 'POST' to 'http://localhost:5456/session/a39b5a7409a1e458985695632bda80ea/element'
23:05:45.414 [Forwarding findElement on session a39b5a7409a1e458985695632bda80ea to remote] DEBUG org.asynchttpclient.netty.request.NettyRequestSender - Using open Channel [id: 0x95478780, L:/127.0.0.1:53581 - R:localhost/127.0.0.1:5456] for POST '/session/a39b5a7409a1e458985695632bda80ea/element'
23:05:45.423 [AsyncHttpClient-1-5] DEBUG org.asynchttpclient.netty.handler.HttpHandler - 

Request DefaultHttpRequest(decodeResult: success, version: HTTP/1.1)
POST /session/a39b5a7409a1e458985695632bda80ea/element HTTP/1.1
User-Agent: selenium/4.13.0 (java mac)
Content-Length: 75
Content-Type: application/json; charset=utf-8
host: localhost:5456
accept: */*

Response DefaultHttpResponse(decodeResult: success, version: HTTP/1.1)
HTTP/1.1 404 Not Found
Content-Length: 1947
Content-Type: application/json; charset=utf-8
cache-control: no-cache

23:05:45.424 [AsyncHttpClient-1-5] DEBUG org.asynchttpclient.netty.channel.ChannelManager - Adding key: http://localhost:5456 for channel [id: 0x95478780, L:/127.0.0.1:53581 - R:localhost/127.0.0.1:5456]
23:05:45.715 [AsyncHttpClient-1-1] DEBUG org.asynchttpclient.netty.channel.DefaultChannelPool - Entry count for : http://localhost:5456 : 1
23:05:45.715 [AsyncHttpClient-1-1] DEBUG org.asynchttpclient.netty.channel.DefaultChannelPool - Entry count for : http://localhost:53582 : 1
23:05:45.926 [Forwarding findElement on session a39b5a7409a1e458985695632bda80ea to remote] DEBUG org.asynchttpclient.netty.request.NettyRequestSender - Using pooled Channel '[id: 0x95478780, L:/127.0.0.1:53581 - R:localhost/127.0.0.1:5456]' for 'POST' to 'http://localhost:5456/session/a39b5a7409a1e458985695632bda80ea/element'
23:05:45.926 [Forwarding findElement on session a39b5a7409a1e458985695632bda80ea to remote] DEBUG org.asynchttpclient.netty.request.NettyRequestSender - Using open Channel [id: 0x95478780, L:/127.0.0.1:53581 - R:localhost/127.0.0.1:5456] for POST '/session/a39b5a7409a1e458985695632bda80ea/element'
23:05:45.932 [AsyncHttpClient-1-5] DEBUG org.asynchttpclient.netty.handler.HttpHandler - 

Request DefaultHttpRequest(decodeResult: success, version: HTTP/1.1)
POST /session/a39b5a7409a1e458985695632bda80ea/element HTTP/1.1
User-Agent: selenium/4.13.0 (java mac)
Content-Length: 75
Content-Type: application/json; charset=utf-8
host: localhost:5456
accept: */*

Response DefaultHttpResponse(decodeResult: success, version: HTTP/1.1)
HTTP/1.1 404 Not Found
Content-Length: 1947
Content-Type: application/json; charset=utf-8
cache-control: no-cache

23:05:45.933 [AsyncHttpClient-1-5] DEBUG org.asynchttpclient.netty.channel.ChannelManager - Adding key: http://localhost:5456 for channel [id: 0x95478780, L:/127.0.0.1:53581 - R:localhost/127.0.0.1:5456]
23:05:46.439 [Forwarding findElement on session a39b5a7409a1e458985695632bda80ea to remote] DEBUG org.asynchttpclient.netty.request.NettyRequestSender - Using pooled Channel '[id: 0x95478780, L:/127.0.0.1:53581 - R:localhost/127.0.0.1:5456]' for 'POST' to 'http://localhost:5456/session/a39b5a7409a1e458985695632bda80ea/element'
23:05:46.439 [Forwarding findElement on session a39b5a7409a1e458985695632bda80ea to remote] DEBUG org.asynchttpclient.netty.request.NettyRequestSender - Using open Channel [id: 0x95478780, L:/127.0.0.1:53581 - R:localhost/127.0.0.1:5456] for POST '/session/a39b5a7409a1e458985695632bda80ea/element'
23:05:46.448 [AsyncHttpClient-1-5] DEBUG org.asynchttpclient.netty.handler.HttpHandler - 

Request DefaultHttpRequest(decodeResult: success, version: HTTP/1.1)
POST /session/a39b5a7409a1e458985695632bda80ea/element HTTP/1.1
User-Agent: selenium/4.13.0 (java mac)
Content-Length: 75
Content-Type: application/json; charset=utf-8
host: localhost:5456
accept: */*

Response DefaultHttpResponse(decodeResult: success, version: HTTP/1.1)
HTTP/1.1 404 Not Found
Content-Length: 1947
Content-Type: application/json; charset=utf-8
cache-control: no-cache

23:05:46.448 [AsyncHttpClient-1-5] DEBUG org.asynchttpclient.netty.channel.ChannelManager - Adding key: http://localhost:5456 for channel [id: 0x95478780, L:/127.0.0.1:53581 - R:localhost/127.0.0.1:5456]
23:05:46.816 [AsyncHttpClient-1-1] DEBUG org.asynchttpclient.netty.channel.DefaultChannelPool - Entry count for : http://localhost:5456 : 1
23:05:46.816 [AsyncHttpClient-1-1] DEBUG org.asynchttpclient.netty.channel.DefaultChannelPool - Entry count for : http://localhost:53582 : 1
23:05:46.951 [Forwarding findElement on session a39b5a7409a1e458985695632bda80ea to remote] DEBUG org.asynchttpclient.netty.request.NettyRequestSender - Using pooled Channel '[id: 0x95478780, L:/127.0.0.1:53581 - R:localhost/127.0.0.1:5456]' for 'POST' to 'http://localhost:5456/session/a39b5a7409a1e458985695632bda80ea/element'
23:05:46.951 [Forwarding findElement on session a39b5a7409a1e458985695632bda80ea to remote] DEBUG org.asynchttpclient.netty.request.NettyRequestSender - Using open Channel [id: 0x95478780, L:/127.0.0.1:53581 - R:localhost/127.0.0.1:5456] for POST '/session/a39b5a7409a1e458985695632bda80ea/element'
23:05:46.959 [AsyncHttpClient-1-5] DEBUG org.asynchttpclient.netty.handler.HttpHandler - 

Request DefaultHttpRequest(decodeResult: success, version: HTTP/1.1)
POST /session/a39b5a7409a1e458985695632bda80ea/element HTTP/1.1
User-Agent: selenium/4.13.0 (java mac)
Content-Length: 75
Content-Type: application/json; charset=utf-8
host: localhost:5456
accept: */*

Response DefaultHttpResponse(decodeResult: success, version: HTTP/1.1)
HTTP/1.1 404 Not Found
Content-Length: 1947
Content-Type: application/json; charset=utf-8
cache-control: no-cache

23:05:46.959 [AsyncHttpClient-1-5] DEBUG org.asynchttpclient.netty.channel.ChannelManager - Adding key: http://localhost:5456 for channel [id: 0x95478780, L:/127.0.0.1:53581 - R:localhost/127.0.0.1:5456]
23:05:47.464 [Forwarding findElement on session a39b5a7409a1e458985695632bda80ea to remote] DEBUG org.asynchttpclient.netty.request.NettyRequestSender - Using pooled Channel '[id: 0x95478780, L:/127.0.0.1:53581 - R:localhost/127.0.0.1:5456]' for 'POST' to 'http://localhost:5456/session/a39b5a7409a1e458985695632bda80ea/element'
23:05:47.464 [Forwarding findElement on session a39b5a7409a1e458985695632bda80ea to remote] DEBUG org.asynchttpclient.netty.request.NettyRequestSender - Using open Channel [id: 0x95478780, L:/127.0.0.1:53581 - R:localhost/127.0.0.1:5456] for POST '/session/a39b5a7409a1e458985695632bda80ea/element'
23:05:47.472 [AsyncHttpClient-1-5] DEBUG org.asynchttpclient.netty.handler.HttpHandler - 

Request DefaultHttpRequest(decodeResult: success, version: HTTP/1.1)
POST /session/a39b5a7409a1e458985695632bda80ea/element HTTP/1.1
User-Agent: selenium/4.13.0 (java mac)
Content-Length: 75
Content-Type: application/json; charset=utf-8
host: localhost:5456
accept: */*

Response DefaultHttpResponse(decodeResult: success, version: HTTP/1.1)
HTTP/1.1 404 Not Found
Content-Length: 1947
Content-Type: application/json; charset=utf-8
cache-control: no-cache

23:05:47.473 [AsyncHttpClient-1-5] DEBUG org.asynchttpclient.netty.channel.ChannelManager - Adding key: http://localhost:5456 for channel [id: 0x95478780, L:/127.0.0.1:53581 - R:localhost/127.0.0.1:5456]
23:05:47.915 [AsyncHttpClient-1-1] DEBUG org.asynchttpclient.netty.channel.DefaultChannelPool - Entry count for : http://localhost:5456 : 1
23:05:47.916 [AsyncHttpClient-1-1] DEBUG org.asynchttpclient.netty.channel.DefaultChannelPool - Entry count for : http://localhost:53582 : 1
23:05:47.979 [Forwarding findElement on session a39b5a7409a1e458985695632bda80ea to remote] DEBUG org.asynchttpclient.netty.request.NettyRequestSender - Using pooled Channel '[id: 0x95478780, L:/127.0.0.1:53581 - R:localhost/127.0.0.1:5456]' for 'POST' to 'http://localhost:5456/session/a39b5a7409a1e458985695632bda80ea/element'
23:05:47.979 [Forwarding findElement on session a39b5a7409a1e458985695632bda80ea to remote] DEBUG org.asynchttpclient.netty.request.NettyRequestSender - Using open Channel [id: 0x95478780, L:/127.0.0.1:53581 - R:localhost/127.0.0.1:5456] for POST '/session/a39b5a7409a1e458985695632bda80ea/element'
23:05:47.987 [AsyncHttpClient-1-5] DEBUG org.asynchttpclient.netty.handler.HttpHandler - 

Request DefaultHttpRequest(decodeResult: success, version: HTTP/1.1)
POST /session/a39b5a7409a1e458985695632bda80ea/element HTTP/1.1
User-Agent: selenium/4.13.0 (java mac)
Content-Length: 75
Content-Type: application/json; charset=utf-8
host: localhost:5456
accept: */*

Response DefaultHttpResponse(decodeResult: success, version: HTTP/1.1)
HTTP/1.1 404 Not Found
Content-Length: 1947
Content-Type: application/json; charset=utf-8
cache-control: no-cache

23:05:47.987 [AsyncHttpClient-1-5] DEBUG org.asynchttpclient.netty.channel.ChannelManager - Adding key: http://localhost:5456 for channel [id: 0x95478780, L:/127.0.0.1:53581 - R:localhost/127.0.0.1:5456]
23:05:48.489 [Forwarding findElement on session a39b5a7409a1e458985695632bda80ea to remote] DEBUG org.asynchttpclient.netty.request.NettyRequestSender - Using pooled Channel '[id: 0x95478780, L:/127.0.0.1:53581 - R:localhost/127.0.0.1:5456]' for 'POST' to 'http://localhost:5456/session/a39b5a7409a1e458985695632bda80ea/element'
23:05:48.489 [Forwarding findElement on session a39b5a7409a1e458985695632bda80ea to remote] DEBUG org.asynchttpclient.netty.request.NettyRequestSender - Using open Channel [id: 0x95478780, L:/127.0.0.1:53581 - R:localhost/127.0.0.1:5456] for POST '/session/a39b5a7409a1e458985695632bda80ea/element'
23:05:48.497 [AsyncHttpClient-1-5] DEBUG org.asynchttpclient.netty.handler.HttpHandler - 

Request DefaultHttpRequest(decodeResult: success, version: HTTP/1.1)
POST /session/a39b5a7409a1e458985695632bda80ea/element HTTP/1.1
User-Agent: selenium/4.13.0 (java mac)
Content-Length: 75
Content-Type: application/json; charset=utf-8
host: localhost:5456
accept: */*

Response DefaultHttpResponse(decodeResult: success, version: HTTP/1.1)
HTTP/1.1 404 Not Found
Content-Length: 1947
Content-Type: application/json; charset=utf-8
cache-control: no-cache

23:05:48.497 [AsyncHttpClient-1-5] DEBUG org.asynchttpclient.netty.channel.ChannelManager - Adding key: http://localhost:5456 for channel [id: 0x95478780, L:/127.0.0.1:53581 - R:localhost/127.0.0.1:5456]
23:05:49.001 [Forwarding findElement on session a39b5a7409a1e458985695632bda80ea to remote] DEBUG org.asynchttpclient.netty.request.NettyRequestSender - Using pooled Channel '[id: 0x95478780, L:/127.0.0.1:53581 - R:localhost/127.0.0.1:5456]' for 'POST' to 'http://localhost:5456/session/a39b5a7409a1e458985695632bda80ea/element'
23:05:49.002 [Forwarding findElement on session a39b5a7409a1e458985695632bda80ea to remote] DEBUG org.asynchttpclient.netty.request.NettyRequestSender - Using open Channel [id: 0x95478780, L:/127.0.0.1:53581 - R:localhost/127.0.0.1:5456] for POST '/session/a39b5a7409a1e458985695632bda80ea/element'
23:05:49.010 [AsyncHttpClient-1-5] DEBUG org.asynchttpclient.netty.handler.HttpHandler - 

Request DefaultHttpRequest(decodeResult: success, version: HTTP/1.1)
POST /session/a39b5a7409a1e458985695632bda80ea/element HTTP/1.1
User-Agent: selenium/4.13.0 (java mac)
Content-Length: 75
Content-Type: application/json; charset=utf-8
host: localhost:5456
accept: */*

Response DefaultHttpResponse(decodeResult: success, version: HTTP/1.1)
HTTP/1.1 404 Not Found
Content-Length: 1947
Content-Type: application/json; charset=utf-8
cache-control: no-cache

23:05:49.010 [AsyncHttpClient-1-5] DEBUG org.asynchttpclient.netty.channel.ChannelManager - Adding key: http://localhost:5456 for channel [id: 0x95478780, L:/127.0.0.1:53581 - R:localhost/127.0.0.1:5456]
23:05:49.016 [AsyncHttpClient-1-1] DEBUG org.asynchttpclient.netty.channel.DefaultChannelPool - Entry count for : http://localhost:5456 : 1
23:05:49.016 [AsyncHttpClient-1-1] DEBUG org.asynchttpclient.netty.channel.DefaultChannelPool - Entry count for : http://localhost:53582 : 1
23:05:49.513 [Forwarding findElement on session a39b5a7409a1e458985695632bda80ea to remote] DEBUG org.asynchttpclient.netty.request.NettyRequestSender - Using pooled Channel '[id: 0x95478780, L:/127.0.0.1:53581 - R:localhost/127.0.0.1:5456]' for 'POST' to 'http://localhost:5456/session/a39b5a7409a1e458985695632bda80ea/element'
23:05:49.514 [Forwarding findElement on session a39b5a7409a1e458985695632bda80ea to remote] DEBUG org.asynchttpclient.netty.request.NettyRequestSender - Using open Channel [id: 0x95478780, L:/127.0.0.1:53581 - R:localhost/127.0.0.1:5456] for POST '/session/a39b5a7409a1e458985695632bda80ea/element'
23:05:49.522 [AsyncHttpClient-1-5] DEBUG org.asynchttpclient.netty.handler.HttpHandler - 

Request DefaultHttpRequest(decodeResult: success, version: HTTP/1.1)
POST /session/a39b5a7409a1e458985695632bda80ea/element HTTP/1.1
User-Agent: selenium/4.13.0 (java mac)
Content-Length: 75
Content-Type: application/json; charset=utf-8
host: localhost:5456
accept: */*

Response DefaultHttpResponse(decodeResult: success, version: HTTP/1.1)
HTTP/1.1 404 Not Found
Content-Length: 1947
Content-Type: application/json; charset=utf-8
cache-control: no-cache

23:05:49.522 [AsyncHttpClient-1-5] DEBUG org.asynchttpclient.netty.channel.ChannelManager - Adding key: http://localhost:5456 for channel [id: 0x95478780, L:/127.0.0.1:53581 - R:localhost/127.0.0.1:5456]
23:05:50.030 [Forwarding findElement on session a39b5a7409a1e458985695632bda80ea to remote] DEBUG org.asynchttpclient.netty.request.NettyRequestSender - Using pooled Channel '[id: 0x95478780, L:/127.0.0.1:53581 - R:localhost/127.0.0.1:5456]' for 'POST' to 'http://localhost:5456/session/a39b5a7409a1e458985695632bda80ea/element'
23:05:50.030 [Forwarding findElement on session a39b5a7409a1e458985695632bda80ea to remote] DEBUG org.asynchttpclient.netty.request.NettyRequestSender - Using open Channel [id: 0x95478780, L:/127.0.0.1:53581 - R:localhost/127.0.0.1:5456] for POST '/session/a39b5a7409a1e458985695632bda80ea/element'
23:05:50.037 [AsyncHttpClient-1-5] DEBUG org.asynchttpclient.netty.handler.HttpHandler - 

Request DefaultHttpRequest(decodeResult: success, version: HTTP/1.1)
POST /session/a39b5a7409a1e458985695632bda80ea/element HTTP/1.1
User-Agent: selenium/4.13.0 (java mac)
Content-Length: 75
Content-Type: application/json; charset=utf-8
host: localhost:5456
accept: */*

Response DefaultHttpResponse(decodeResult: success, version: HTTP/1.1)
HTTP/1.1 404 Not Found
Content-Length: 1947
Content-Type: application/json; charset=utf-8
cache-control: no-cache

23:05:50.037 [AsyncHttpClient-1-5] DEBUG org.asynchttpclient.netty.channel.ChannelManager - Adding key: http://localhost:5456 for channel [id: 0x95478780, L:/127.0.0.1:53581 - R:localhost/127.0.0.1:5456]
23:05:50.117 [AsyncHttpClient-1-1] DEBUG org.asynchttpclient.netty.channel.DefaultChannelPool - Entry count for : http://localhost:5456 : 1
23:05:50.118 [AsyncHttpClient-1-1] DEBUG org.asynchttpclient.netty.channel.DefaultChannelPool - Entry count for : http://localhost:53582 : 1
23:05:50.539 [Forwarding findElement on session a39b5a7409a1e458985695632bda80ea to remote] DEBUG org.asynchttpclient.netty.request.NettyRequestSender - Using pooled Channel '[id: 0x95478780, L:/127.0.0.1:53581 - R:localhost/127.0.0.1:5456]' for 'POST' to 'http://localhost:5456/session/a39b5a7409a1e458985695632bda80ea/element'
23:05:50.539 [Forwarding findElement on session a39b5a7409a1e458985695632bda80ea to remote] DEBUG org.asynchttpclient.netty.request.NettyRequestSender - Using open Channel [id: 0x95478780, L:/127.0.0.1:53581 - R:localhost/127.0.0.1:5456] for POST '/session/a39b5a7409a1e458985695632bda80ea/element'
23:05:50.545 [AsyncHttpClient-1-5] DEBUG org.asynchttpclient.netty.handler.HttpHandler - 

Request DefaultHttpRequest(decodeResult: success, version: HTTP/1.1)
POST /session/a39b5a7409a1e458985695632bda80ea/element HTTP/1.1
User-Agent: selenium/4.13.0 (java mac)
Content-Length: 75
Content-Type: application/json; charset=utf-8
host: localhost:5456
accept: */*

Response DefaultHttpResponse(decodeResult: success, version: HTTP/1.1)
HTTP/1.1 404 Not Found
Content-Length: 1947
Content-Type: application/json; charset=utf-8
cache-control: no-cache

23:05:50.545 [AsyncHttpClient-1-5] DEBUG org.asynchttpclient.netty.channel.ChannelManager - Adding key: http://localhost:5456 for channel [id: 0x95478780, L:/127.0.0.1:53581 - R:localhost/127.0.0.1:5456]
23:05:51.049 [Forwarding findElement on session a39b5a7409a1e458985695632bda80ea to remote] DEBUG org.asynchttpclient.netty.request.NettyRequestSender - Using pooled Channel '[id: 0x95478780, L:/127.0.0.1:53581 - R:localhost/127.0.0.1:5456]' for 'POST' to 'http://localhost:5456/session/a39b5a7409a1e458985695632bda80ea/element'
23:05:51.049 [Forwarding findElement on session a39b5a7409a1e458985695632bda80ea to remote] DEBUG org.asynchttpclient.netty.request.NettyRequestSender - Using open Channel [id: 0x95478780, L:/127.0.0.1:53581 - R:localhost/127.0.0.1:5456] for POST '/session/a39b5a7409a1e458985695632bda80ea/element'
23:05:51.056 [AsyncHttpClient-1-5] DEBUG org.asynchttpclient.netty.handler.HttpHandler - 

Request DefaultHttpRequest(decodeResult: success, version: HTTP/1.1)
POST /session/a39b5a7409a1e458985695632bda80ea/element HTTP/1.1
User-Agent: selenium/4.13.0 (java mac)
Content-Length: 75
Content-Type: application/json; charset=utf-8
host: localhost:5456
accept: */*

Response DefaultHttpResponse(decodeResult: success, version: HTTP/1.1)
HTTP/1.1 404 Not Found
Content-Length: 1947
Content-Type: application/json; charset=utf-8
cache-control: no-cache

23:05:51.056 [AsyncHttpClient-1-5] DEBUG org.asynchttpclient.netty.channel.ChannelManager - Adding key: http://localhost:5456 for channel [id: 0x95478780, L:/127.0.0.1:53581 - R:localhost/127.0.0.1:5456]
23:05:51.216 [AsyncHttpClient-1-1] DEBUG org.asynchttpclient.netty.channel.DefaultChannelPool - Entry count for : http://localhost:5456 : 1
23:05:51.216 [AsyncHttpClient-1-1] DEBUG org.asynchttpclient.netty.channel.DefaultChannelPool - Entry count for : http://localhost:53582 : 1
23:05:51.558 [Forwarding findElement on session a39b5a7409a1e458985695632bda80ea to remote] DEBUG org.asynchttpclient.netty.request.NettyRequestSender - Using pooled Channel '[id: 0x95478780, L:/127.0.0.1:53581 - R:localhost/127.0.0.1:5456]' for 'POST' to 'http://localhost:5456/session/a39b5a7409a1e458985695632bda80ea/element'
23:05:51.558 [Forwarding findElement on session a39b5a7409a1e458985695632bda80ea to remote] DEBUG org.asynchttpclient.netty.request.NettyRequestSender - Using open Channel [id: 0x95478780, L:/127.0.0.1:53581 - R:localhost/127.0.0.1:5456] for POST '/session/a39b5a7409a1e458985695632bda80ea/element'
23:05:51.564 [AsyncHttpClient-1-5] DEBUG org.asynchttpclient.netty.handler.HttpHandler - 

Request DefaultHttpRequest(decodeResult: success, version: HTTP/1.1)
POST /session/a39b5a7409a1e458985695632bda80ea/element HTTP/1.1
User-Agent: selenium/4.13.0 (java mac)
Content-Length: 75
Content-Type: application/json; charset=utf-8
host: localhost:5456
accept: */*

Response DefaultHttpResponse(decodeResult: success, version: HTTP/1.1)
HTTP/1.1 404 Not Found
Content-Length: 1947
Content-Type: application/json; charset=utf-8
cache-control: no-cache

23:05:51.564 [AsyncHttpClient-1-5] DEBUG org.asynchttpclient.netty.channel.ChannelManager - Adding key: http://localhost:5456 for channel [id: 0x95478780, L:/127.0.0.1:53581 - R:localhost/127.0.0.1:5456]
23:05:52.069 [Forwarding findElement on session a39b5a7409a1e458985695632bda80ea to remote] DEBUG org.asynchttpclient.netty.request.NettyRequestSender - Using pooled Channel '[id: 0x95478780, L:/127.0.0.1:53581 - R:localhost/127.0.0.1:5456]' for 'POST' to 'http://localhost:5456/session/a39b5a7409a1e458985695632bda80ea/element'
23:05:52.069 [Forwarding findElement on session a39b5a7409a1e458985695632bda80ea to remote] DEBUG org.asynchttpclient.netty.request.NettyRequestSender - Using open Channel [id: 0x95478780, L:/127.0.0.1:53581 - R:localhost/127.0.0.1:5456] for POST '/session/a39b5a7409a1e458985695632bda80ea/element'
23:05:52.075 [AsyncHttpClient-1-5] DEBUG org.asynchttpclient.netty.handler.HttpHandler - 

Request DefaultHttpRequest(decodeResult: success, version: HTTP/1.1)
POST /session/a39b5a7409a1e458985695632bda80ea/element HTTP/1.1
User-Agent: selenium/4.13.0 (java mac)
Content-Length: 75
Content-Type: application/json; charset=utf-8
host: localhost:5456
accept: */*

Response DefaultHttpResponse(decodeResult: success, version: HTTP/1.1)
HTTP/1.1 404 Not Found
Content-Length: 1947
Content-Type: application/json; charset=utf-8
cache-control: no-cache

23:05:52.075 [AsyncHttpClient-1-5] DEBUG org.asynchttpclient.netty.channel.ChannelManager - Adding key: http://localhost:5456 for channel [id: 0x95478780, L:/127.0.0.1:53581 - R:localhost/127.0.0.1:5456]
23:05:52.316 [AsyncHttpClient-1-1] DEBUG org.asynchttpclient.netty.channel.DefaultChannelPool - Entry count for : http://localhost:5456 : 1
23:05:52.317 [AsyncHttpClient-1-1] DEBUG org.asynchttpclient.netty.channel.DefaultChannelPool - Entry count for : http://localhost:53582 : 1
23:05:52.578 [Forwarding findElement on session a39b5a7409a1e458985695632bda80ea to remote] DEBUG org.asynchttpclient.netty.request.NettyRequestSender - Using pooled Channel '[id: 0x95478780, L:/127.0.0.1:53581 - R:localhost/127.0.0.1:5456]' for 'POST' to 'http://localhost:5456/session/a39b5a7409a1e458985695632bda80ea/element'
23:05:52.578 [Forwarding findElement on session a39b5a7409a1e458985695632bda80ea to remote] DEBUG org.asynchttpclient.netty.request.NettyRequestSender - Using open Channel [id: 0x95478780, L:/127.0.0.1:53581 - R:localhost/127.0.0.1:5456] for POST '/session/a39b5a7409a1e458985695632bda80ea/element'
23:05:52.585 [AsyncHttpClient-1-5] DEBUG org.asynchttpclient.netty.handler.HttpHandler - 

Request DefaultHttpRequest(decodeResult: success, version: HTTP/1.1)
POST /session/a39b5a7409a1e458985695632bda80ea/element HTTP/1.1
User-Agent: selenium/4.13.0 (java mac)
Content-Length: 75
Content-Type: application/json; charset=utf-8
host: localhost:5456
accept: */*

Response DefaultHttpResponse(decodeResult: success, version: HTTP/1.1)
HTTP/1.1 404 Not Found
Content-Length: 1947
Content-Type: application/json; charset=utf-8
cache-control: no-cache

23:05:52.585 [AsyncHttpClient-1-5] DEBUG org.asynchttpclient.netty.channel.ChannelManager - Adding key: http://localhost:5456 for channel [id: 0x95478780, L:/127.0.0.1:53581 - R:localhost/127.0.0.1:5456]
23:05:53.091 [Forwarding findElement on session a39b5a7409a1e458985695632bda80ea to remote] DEBUG org.asynchttpclient.netty.request.NettyRequestSender - Using pooled Channel '[id: 0x95478780, L:/127.0.0.1:53581 - R:localhost/127.0.0.1:5456]' for 'POST' to 'http://localhost:5456/session/a39b5a7409a1e458985695632bda80ea/element'
23:05:53.091 [Forwarding findElement on session a39b5a7409a1e458985695632bda80ea to remote] DEBUG org.asynchttpclient.netty.request.NettyRequestSender - Using open Channel [id: 0x95478780, L:/127.0.0.1:53581 - R:localhost/127.0.0.1:5456] for POST '/session/a39b5a7409a1e458985695632bda80ea/element'
23:05:53.100 [AsyncHttpClient-1-5] DEBUG org.asynchttpclient.netty.handler.HttpHandler - 

Request DefaultHttpRequest(decodeResult: success, version: HTTP/1.1)
POST /session/a39b5a7409a1e458985695632bda80ea/element HTTP/1.1
User-Agent: selenium/4.13.0 (java mac)
Content-Length: 75
Content-Type: application/json; charset=utf-8
host: localhost:5456
accept: */*

Response DefaultHttpResponse(decodeResult: success, version: HTTP/1.1)
HTTP/1.1 404 Not Found
Content-Length: 1947
Content-Type: application/json; charset=utf-8
cache-control: no-cache

23:05:53.100 [AsyncHttpClient-1-5] DEBUG org.asynchttpclient.netty.channel.ChannelManager - Adding key: http://localhost:5456 for channel [id: 0x95478780, L:/127.0.0.1:53581 - R:localhost/127.0.0.1:5456]
23:05:53.417 [AsyncHttpClient-1-1] DEBUG org.asynchttpclient.netty.channel.DefaultChannelPool - Entry count for : http://localhost:5456 : 1
23:05:53.417 [AsyncHttpClient-1-1] DEBUG org.asynchttpclient.netty.channel.DefaultChannelPool - Entry count for : http://localhost:53582 : 1
23:05:53.602 [Forwarding findElement on session a39b5a7409a1e458985695632bda80ea to remote] DEBUG org.asynchttpclient.netty.request.NettyRequestSender - Using pooled Channel '[id: 0x95478780, L:/127.0.0.1:53581 - R:localhost/127.0.0.1:5456]' for 'POST' to 'http://localhost:5456/session/a39b5a7409a1e458985695632bda80ea/element'
23:05:53.602 [Forwarding findElement on session a39b5a7409a1e458985695632bda80ea to remote] DEBUG org.asynchttpclient.netty.request.NettyRequestSender - Using open Channel [id: 0x95478780, L:/127.0.0.1:53581 - R:localhost/127.0.0.1:5456] for POST '/session/a39b5a7409a1e458985695632bda80ea/element'
23:05:53.608 [AsyncHttpClient-1-5] DEBUG org.asynchttpclient.netty.handler.HttpHandler - 

Request DefaultHttpRequest(decodeResult: success, version: HTTP/1.1)
POST /session/a39b5a7409a1e458985695632bda80ea/element HTTP/1.1
User-Agent: selenium/4.13.0 (java mac)
Content-Length: 75
Content-Type: application/json; charset=utf-8
host: localhost:5456
accept: */*

Response DefaultHttpResponse(decodeResult: success, version: HTTP/1.1)
HTTP/1.1 404 Not Found
Content-Length: 1947
Content-Type: application/json; charset=utf-8
cache-control: no-cache

23:05:53.608 [AsyncHttpClient-1-5] DEBUG org.asynchttpclient.netty.channel.ChannelManager - Adding key: http://localhost:5456 for channel [id: 0x95478780, L:/127.0.0.1:53581 - R:localhost/127.0.0.1:5456]
23:05:54.110 [Forwarding findElement on session a39b5a7409a1e458985695632bda80ea to remote] DEBUG org.asynchttpclient.netty.request.NettyRequestSender - Using pooled Channel '[id: 0x95478780, L:/127.0.0.1:53581 - R:localhost/127.0.0.1:5456]' for 'POST' to 'http://localhost:5456/session/a39b5a7409a1e458985695632bda80ea/element'
23:05:54.110 [Forwarding findElement on session a39b5a7409a1e458985695632bda80ea to remote] DEBUG org.asynchttpclient.netty.request.NettyRequestSender - Using open Channel [id: 0x95478780, L:/127.0.0.1:53581 - R:localhost/127.0.0.1:5456] for POST '/session/a39b5a7409a1e458985695632bda80ea/element'
23:05:54.118 [AsyncHttpClient-1-5] DEBUG org.asynchttpclient.netty.handler.HttpHandler - 

Request DefaultHttpRequest(decodeResult: success, version: HTTP/1.1)
POST /session/a39b5a7409a1e458985695632bda80ea/element HTTP/1.1
User-Agent: selenium/4.13.0 (java mac)
Content-Length: 75
Content-Type: application/json; charset=utf-8
host: localhost:5456
accept: */*

Response DefaultHttpResponse(decodeResult: success, version: HTTP/1.1)
HTTP/1.1 404 Not Found
Content-Length: 1947
Content-Type: application/json; charset=utf-8
cache-control: no-cache

23:05:54.119 [AsyncHttpClient-1-5] DEBUG org.asynchttpclient.netty.channel.ChannelManager - Adding key: http://localhost:5456 for channel [id: 0x95478780, L:/127.0.0.1:53581 - R:localhost/127.0.0.1:5456]
23:05:54.516 [AsyncHttpClient-1-1] DEBUG org.asynchttpclient.netty.channel.DefaultChannelPool - Entry count for : http://localhost:5456 : 1
23:05:54.516 [AsyncHttpClient-1-1] DEBUG org.asynchttpclient.netty.channel.DefaultChannelPool - Entry count for : http://localhost:53582 : 1
23:05:54.623 [Forwarding findElement on session a39b5a7409a1e458985695632bda80ea to remote] DEBUG org.asynchttpclient.netty.request.NettyRequestSender - Using pooled Channel '[id: 0x95478780, L:/127.0.0.1:53581 - R:localhost/127.0.0.1:5456]' for 'POST' to 'http://localhost:5456/session/a39b5a7409a1e458985695632bda80ea/element'
23:05:54.623 [Forwarding findElement on session a39b5a7409a1e458985695632bda80ea to remote] DEBUG org.asynchttpclient.netty.request.NettyRequestSender - Using open Channel [id: 0x95478780, L:/127.0.0.1:53581 - R:localhost/127.0.0.1:5456] for POST '/session/a39b5a7409a1e458985695632bda80ea/element'
23:05:54.630 [AsyncHttpClient-1-5] DEBUG org.asynchttpclient.netty.handler.HttpHandler - 

Request DefaultHttpRequest(decodeResult: success, version: HTTP/1.1)
POST /session/a39b5a7409a1e458985695632bda80ea/element HTTP/1.1
User-Agent: selenium/4.13.0 (java mac)
Content-Length: 75
Content-Type: application/json; charset=utf-8
host: localhost:5456
accept: */*

Response DefaultHttpResponse(decodeResult: success, version: HTTP/1.1)
HTTP/1.1 404 Not Found
Content-Length: 1947
Content-Type: application/json; charset=utf-8
cache-control: no-cache

23:05:54.630 [AsyncHttpClient-1-5] DEBUG org.asynchttpclient.netty.channel.ChannelManager - Adding key: http://localhost:5456 for channel [id: 0x95478780, L:/127.0.0.1:53581 - R:localhost/127.0.0.1:5456]
23:05:55.135 [Forwarding findElement on session a39b5a7409a1e458985695632bda80ea to remote] DEBUG org.asynchttpclient.netty.request.NettyRequestSender - Using pooled Channel '[id: 0x95478780, L:/127.0.0.1:53581 - R:localhost/127.0.0.1:5456]' for 'POST' to 'http://localhost:5456/session/a39b5a7409a1e458985695632bda80ea/element'
23:05:55.135 [Forwarding findElement on session a39b5a7409a1e458985695632bda80ea to remote] DEBUG org.asynchttpclient.netty.request.NettyRequestSender - Using open Channel [id: 0x95478780, L:/127.0.0.1:53581 - R:localhost/127.0.0.1:5456] for POST '/session/a39b5a7409a1e458985695632bda80ea/element'
23:05:55.144 [AsyncHttpClient-1-5] DEBUG org.asynchttpclient.netty.handler.HttpHandler - 

Request DefaultHttpRequest(decodeResult: success, version: HTTP/1.1)
POST /session/a39b5a7409a1e458985695632bda80ea/element HTTP/1.1
User-Agent: selenium/4.13.0 (java mac)
Content-Length: 75
Content-Type: application/json; charset=utf-8
host: localhost:5456
accept: */*

Response DefaultHttpResponse(decodeResult: success, version: HTTP/1.1)
HTTP/1.1 404 Not Found
Content-Length: 1947
Content-Type: application/json; charset=utf-8
cache-control: no-cache

23:05:55.144 [AsyncHttpClient-1-5] DEBUG org.asynchttpclient.netty.channel.ChannelManager - Adding key: http://localhost:5456 for channel [id: 0x95478780, L:/127.0.0.1:53581 - R:localhost/127.0.0.1:5456]
23:05:55.615 [AsyncHttpClient-1-1] DEBUG org.asynchttpclient.netty.channel.DefaultChannelPool - Entry count for : http://localhost:5456 : 1
23:05:55.616 [AsyncHttpClient-1-1] DEBUG org.asynchttpclient.netty.channel.DefaultChannelPool - Entry count for : http://localhost:53582 : 1
23:05:55.646 [Forwarding findElement on session a39b5a7409a1e458985695632bda80ea to remote] DEBUG org.asynchttpclient.netty.request.NettyRequestSender - Using pooled Channel '[id: 0x95478780, L:/127.0.0.1:53581 - R:localhost/127.0.0.1:5456]' for 'POST' to 'http://localhost:5456/session/a39b5a7409a1e458985695632bda80ea/element'
23:05:55.646 [Forwarding findElement on session a39b5a7409a1e458985695632bda80ea to remote] DEBUG org.asynchttpclient.netty.request.NettyRequestSender - Using open Channel [id: 0x95478780, L:/127.0.0.1:53581 - R:localhost/127.0.0.1:5456] for POST '/session/a39b5a7409a1e458985695632bda80ea/element'
23:05:55.656 [AsyncHttpClient-1-5] DEBUG org.asynchttpclient.netty.handler.HttpHandler - 

Request DefaultHttpRequest(decodeResult: success, version: HTTP/1.1)
POST /session/a39b5a7409a1e458985695632bda80ea/element HTTP/1.1
User-Agent: selenium/4.13.0 (java mac)
Content-Length: 75
Content-Type: application/json; charset=utf-8
host: localhost:5456
accept: */*

Response DefaultHttpResponse(decodeResult: success, version: HTTP/1.1)
HTTP/1.1 404 Not Found
Content-Length: 1947
Content-Type: application/json; charset=utf-8
cache-control: no-cache

23:05:55.656 [AsyncHttpClient-1-5] DEBUG org.asynchttpclient.netty.channel.ChannelManager - Adding key: http://localhost:5456 for channel [id: 0x95478780, L:/127.0.0.1:53581 - R:localhost/127.0.0.1:5456]
23:05:56.158 [Forwarding findElement on session a39b5a7409a1e458985695632bda80ea to remote] DEBUG org.asynchttpclient.netty.request.NettyRequestSender - Using pooled Channel '[id: 0x95478780, L:/127.0.0.1:53581 - R:localhost/127.0.0.1:5456]' for 'POST' to 'http://localhost:5456/session/a39b5a7409a1e458985695632bda80ea/element'
23:05:56.158 [Forwarding findElement on session a39b5a7409a1e458985695632bda80ea to remote] DEBUG org.asynchttpclient.netty.request.NettyRequestSender - Using open Channel [id: 0x95478780, L:/127.0.0.1:53581 - R:localhost/127.0.0.1:5456] for POST '/session/a39b5a7409a1e458985695632bda80ea/element'
23:05:56.166 [AsyncHttpClient-1-5] DEBUG org.asynchttpclient.netty.handler.HttpHandler - 

Request DefaultHttpRequest(decodeResult: success, version: HTTP/1.1)
POST /session/a39b5a7409a1e458985695632bda80ea/element HTTP/1.1
User-Agent: selenium/4.13.0 (java mac)
Content-Length: 75
Content-Type: application/json; charset=utf-8
host: localhost:5456
accept: */*

Response DefaultHttpResponse(decodeResult: success, version: HTTP/1.1)
HTTP/1.1 404 Not Found
Content-Length: 1947
Content-Type: application/json; charset=utf-8
cache-control: no-cache

23:05:56.166 [AsyncHttpClient-1-5] DEBUG org.asynchttpclient.netty.channel.ChannelManager - Adding key: http://localhost:5456 for channel [id: 0x95478780, L:/127.0.0.1:53581 - R:localhost/127.0.0.1:5456]
23:05:56.673 [Forwarding findElement on session a39b5a7409a1e458985695632bda80ea to remote] DEBUG org.asynchttpclient.netty.request.NettyRequestSender - Using pooled Channel '[id: 0x95478780, L:/127.0.0.1:53581 - R:localhost/127.0.0.1:5456]' for 'POST' to 'http://localhost:5456/session/a39b5a7409a1e458985695632bda80ea/element'
23:05:56.673 [Forwarding findElement on session a39b5a7409a1e458985695632bda80ea to remote] DEBUG org.asynchttpclient.netty.request.NettyRequestSender - Using open Channel [id: 0x95478780, L:/127.0.0.1:53581 - R:localhost/127.0.0.1:5456] for POST '/session/a39b5a7409a1e458985695632bda80ea/element'
23:05:56.681 [AsyncHttpClient-1-5] DEBUG org.asynchttpclient.netty.handler.HttpHandler - 

Request DefaultHttpRequest(decodeResult: success, version: HTTP/1.1)
POST /session/a39b5a7409a1e458985695632bda80ea/element HTTP/1.1
User-Agent: selenium/4.13.0 (java mac)
Content-Length: 75
Content-Type: application/json; charset=utf-8
host: localhost:5456
accept: */*

Response DefaultHttpResponse(decodeResult: success, version: HTTP/1.1)
HTTP/1.1 404 Not Found
Content-Length: 1947
Content-Type: application/json; charset=utf-8
cache-control: no-cache

23:05:56.681 [AsyncHttpClient-1-5] DEBUG org.asynchttpclient.netty.channel.ChannelManager - Adding key: http://localhost:5456 for channel [id: 0x95478780, L:/127.0.0.1:53581 - R:localhost/127.0.0.1:5456]
23:05:56.718 [AsyncHttpClient-1-1] DEBUG org.asynchttpclient.netty.channel.DefaultChannelPool - Entry count for : http://localhost:5456 : 1
23:05:56.718 [AsyncHttpClient-1-1] DEBUG org.asynchttpclient.netty.channel.DefaultChannelPool - Entry count for : http://localhost:53582 : 1
23:05:57.187 [Forwarding findElement on session a39b5a7409a1e458985695632bda80ea to remote] DEBUG org.asynchttpclient.netty.request.NettyRequestSender - Using pooled Channel '[id: 0x95478780, L:/127.0.0.1:53581 - R:localhost/127.0.0.1:5456]' for 'POST' to 'http://localhost:5456/session/a39b5a7409a1e458985695632bda80ea/element'
23:05:57.187 [Forwarding findElement on session a39b5a7409a1e458985695632bda80ea to remote] DEBUG org.asynchttpclient.netty.request.NettyRequestSender - Using open Channel [id: 0x95478780, L:/127.0.0.1:53581 - R:localhost/127.0.0.1:5456] for POST '/session/a39b5a7409a1e458985695632bda80ea/element'
23:05:57.194 [AsyncHttpClient-1-5] DEBUG org.asynchttpclient.netty.handler.HttpHandler - 

Request DefaultHttpRequest(decodeResult: success, version: HTTP/1.1)
POST /session/a39b5a7409a1e458985695632bda80ea/element HTTP/1.1
User-Agent: selenium/4.13.0 (java mac)
Content-Length: 75
Content-Type: application/json; charset=utf-8
host: localhost:5456
accept: */*

Response DefaultHttpResponse(decodeResult: success, version: HTTP/1.1)
HTTP/1.1 404 Not Found
Content-Length: 1947
Content-Type: application/json; charset=utf-8
cache-control: no-cache

23:05:57.194 [AsyncHttpClient-1-5] DEBUG org.asynchttpclient.netty.channel.ChannelManager - Adding key: http://localhost:5456 for channel [id: 0x95478780, L:/127.0.0.1:53581 - R:localhost/127.0.0.1:5456]
23:05:57.698 [Forwarding findElement on session a39b5a7409a1e458985695632bda80ea to remote] DEBUG org.asynchttpclient.netty.request.NettyRequestSender - Using pooled Channel '[id: 0x95478780, L:/127.0.0.1:53581 - R:localhost/127.0.0.1:5456]' for 'POST' to 'http://localhost:5456/session/a39b5a7409a1e458985695632bda80ea/element'
23:05:57.698 [Forwarding findElement on session a39b5a7409a1e458985695632bda80ea to remote] DEBUG org.asynchttpclient.netty.request.NettyRequestSender - Using open Channel [id: 0x95478780, L:/127.0.0.1:53581 - R:localhost/127.0.0.1:5456] for POST '/session/a39b5a7409a1e458985695632bda80ea/element'
23:05:57.705 [AsyncHttpClient-1-5] DEBUG org.asynchttpclient.netty.handler.HttpHandler - 

Request DefaultHttpRequest(decodeResult: success, version: HTTP/1.1)
POST /session/a39b5a7409a1e458985695632bda80ea/element HTTP/1.1
User-Agent: selenium/4.13.0 (java mac)
Content-Length: 75
Content-Type: application/json; charset=utf-8
host: localhost:5456
accept: */*

Response DefaultHttpResponse(decodeResult: success, version: HTTP/1.1)
HTTP/1.1 404 Not Found
Content-Length: 1947
Content-Type: application/json; charset=utf-8
cache-control: no-cache

23:05:57.706 [AsyncHttpClient-1-5] DEBUG org.asynchttpclient.netty.channel.ChannelManager - Adding key: http://localhost:5456 for channel [id: 0x95478780, L:/127.0.0.1:53581 - R:localhost/127.0.0.1:5456]
23:05:57.818 [AsyncHttpClient-1-1] DEBUG org.asynchttpclient.netty.channel.DefaultChannelPool - Entry count for : http://localhost:5456 : 1
23:05:57.819 [AsyncHttpClient-1-1] DEBUG org.asynchttpclient.netty.channel.DefaultChannelPool - Entry count for : http://localhost:53582 : 1
23:05:58.210 [Forwarding findElement on session a39b5a7409a1e458985695632bda80ea to remote] DEBUG org.asynchttpclient.netty.request.NettyRequestSender - Using pooled Channel '[id: 0x95478780, L:/127.0.0.1:53581 - R:localhost/127.0.0.1:5456]' for 'POST' to 'http://localhost:5456/session/a39b5a7409a1e458985695632bda80ea/element'
23:05:58.210 [Forwarding findElement on session a39b5a7409a1e458985695632bda80ea to remote] DEBUG org.asynchttpclient.netty.request.NettyRequestSender - Using open Channel [id: 0x95478780, L:/127.0.0.1:53581 - R:localhost/127.0.0.1:5456] for POST '/session/a39b5a7409a1e458985695632bda80ea/element'
23:05:58.219 [AsyncHttpClient-1-5] DEBUG org.asynchttpclient.netty.handler.HttpHandler - 

Request DefaultHttpRequest(decodeResult: success, version: HTTP/1.1)
POST /session/a39b5a7409a1e458985695632bda80ea/element HTTP/1.1
User-Agent: selenium/4.13.0 (java mac)
Content-Length: 75
Content-Type: application/json; charset=utf-8
host: localhost:5456
accept: */*

Response DefaultHttpResponse(decodeResult: success, version: HTTP/1.1)
HTTP/1.1 404 Not Found
Content-Length: 1947
Content-Type: application/json; charset=utf-8
cache-control: no-cache

23:05:58.219 [AsyncHttpClient-1-5] DEBUG org.asynchttpclient.netty.channel.ChannelManager - Adding key: http://localhost:5456 for channel [id: 0x95478780, L:/127.0.0.1:53581 - R:localhost/127.0.0.1:5456]
23:05:58.724 [Forwarding findElement on session a39b5a7409a1e458985695632bda80ea to remote] DEBUG org.asynchttpclient.netty.request.NettyRequestSender - Using pooled Channel '[id: 0x95478780, L:/127.0.0.1:53581 - R:localhost/127.0.0.1:5456]' for 'POST' to 'http://localhost:5456/session/a39b5a7409a1e458985695632bda80ea/element'
23:05:58.724 [Forwarding findElement on session a39b5a7409a1e458985695632bda80ea to remote] DEBUG org.asynchttpclient.netty.request.NettyRequestSender - Using open Channel [id: 0x95478780, L:/127.0.0.1:53581 - R:localhost/127.0.0.1:5456] for POST '/session/a39b5a7409a1e458985695632bda80ea/element'
23:05:58.730 [AsyncHttpClient-1-5] DEBUG org.asynchttpclient.netty.handler.HttpHandler - 

Request DefaultHttpRequest(decodeResult: success, version: HTTP/1.1)
POST /session/a39b5a7409a1e458985695632bda80ea/element HTTP/1.1
User-Agent: selenium/4.13.0 (java mac)
Content-Length: 75
Content-Type: application/json; charset=utf-8
host: localhost:5456
accept: */*

Response DefaultHttpResponse(decodeResult: success, version: HTTP/1.1)
HTTP/1.1 404 Not Found
Content-Length: 1947
Content-Type: application/json; charset=utf-8
cache-control: no-cache

23:05:58.730 [AsyncHttpClient-1-5] DEBUG org.asynchttpclient.netty.channel.ChannelManager - Adding key: http://localhost:5456 for channel [id: 0x95478780, L:/127.0.0.1:53581 - R:localhost/127.0.0.1:5456]
23:05:58.916 [AsyncHttpClient-1-1] DEBUG org.asynchttpclient.netty.channel.DefaultChannelPool - Entry count for : http://localhost:5456 : 1
23:05:58.916 [AsyncHttpClient-1-1] DEBUG org.asynchttpclient.netty.channel.DefaultChannelPool - Entry count for : http://localhost:53582 : 1
23:05:59.232 [Forwarding findElement on session a39b5a7409a1e458985695632bda80ea to remote] DEBUG org.asynchttpclient.netty.request.NettyRequestSender - Using pooled Channel '[id: 0x95478780, L:/127.0.0.1:53581 - R:localhost/127.0.0.1:5456]' for 'POST' to 'http://localhost:5456/session/a39b5a7409a1e458985695632bda80ea/element'
23:05:59.232 [Forwarding findElement on session a39b5a7409a1e458985695632bda80ea to remote] DEBUG org.asynchttpclient.netty.request.NettyRequestSender - Using open Channel [id: 0x95478780, L:/127.0.0.1:53581 - R:localhost/127.0.0.1:5456] for POST '/session/a39b5a7409a1e458985695632bda80ea/element'
23:05:59.237 [AsyncHttpClient-1-5] DEBUG org.asynchttpclient.netty.handler.HttpHandler - 

Request DefaultHttpRequest(decodeResult: success, version: HTTP/1.1)
POST /session/a39b5a7409a1e458985695632bda80ea/element HTTP/1.1
User-Agent: selenium/4.13.0 (java mac)
Content-Length: 75
Content-Type: application/json; charset=utf-8
host: localhost:5456
accept: */*

Response DefaultHttpResponse(decodeResult: success, version: HTTP/1.1)
HTTP/1.1 404 Not Found
Content-Length: 1947
Content-Type: application/json; charset=utf-8
cache-control: no-cache

23:05:59.238 [AsyncHttpClient-1-5] DEBUG org.asynchttpclient.netty.channel.ChannelManager - Adding key: http://localhost:5456 for channel [id: 0x95478780, L:/127.0.0.1:53581 - R:localhost/127.0.0.1:5456]
23:05:59.741 [Forwarding findElement on session a39b5a7409a1e458985695632bda80ea to remote] DEBUG org.asynchttpclient.netty.request.NettyRequestSender - Using pooled Channel '[id: 0x95478780, L:/127.0.0.1:53581 - R:localhost/127.0.0.1:5456]' for 'POST' to 'http://localhost:5456/session/a39b5a7409a1e458985695632bda80ea/element'
23:05:59.741 [Forwarding findElement on session a39b5a7409a1e458985695632bda80ea to remote] DEBUG org.asynchttpclient.netty.request.NettyRequestSender - Using open Channel [id: 0x95478780, L:/127.0.0.1:53581 - R:localhost/127.0.0.1:5456] for POST '/session/a39b5a7409a1e458985695632bda80ea/element'
23:05:59.747 [AsyncHttpClient-1-5] DEBUG org.asynchttpclient.netty.handler.HttpHandler - 

Request DefaultHttpRequest(decodeResult: success, version: HTTP/1.1)
POST /session/a39b5a7409a1e458985695632bda80ea/element HTTP/1.1
User-Agent: selenium/4.13.0 (java mac)
Content-Length: 75
Content-Type: application/json; charset=utf-8
host: localhost:5456
accept: */*

Response DefaultHttpResponse(decodeResult: success, version: HTTP/1.1)
HTTP/1.1 404 Not Found
Content-Length: 1947
Content-Type: application/json; charset=utf-8
cache-control: no-cache

23:05:59.748 [AsyncHttpClient-1-5] DEBUG org.asynchttpclient.netty.channel.ChannelManager - Adding key: http://localhost:5456 for channel [id: 0x95478780, L:/127.0.0.1:53581 - R:localhost/127.0.0.1:5456]
23:06:00.017 [AsyncHttpClient-1-1] DEBUG org.asynchttpclient.netty.channel.DefaultChannelPool - Entry count for : http://localhost:5456 : 1
23:06:00.017 [AsyncHttpClient-1-1] DEBUG org.asynchttpclient.netty.channel.DefaultChannelPool - Entry count for : http://localhost:53582 : 1
23:06:00.250 [Forwarding findElement on session a39b5a7409a1e458985695632bda80ea to remote] DEBUG org.asynchttpclient.netty.request.NettyRequestSender - Using pooled Channel '[id: 0x95478780, L:/127.0.0.1:53581 - R:localhost/127.0.0.1:5456]' for 'POST' to 'http://localhost:5456/session/a39b5a7409a1e458985695632bda80ea/element'
23:06:00.251 [Forwarding findElement on session a39b5a7409a1e458985695632bda80ea to remote] DEBUG org.asynchttpclient.netty.request.NettyRequestSender - Using open Channel [id: 0x95478780, L:/127.0.0.1:53581 - R:localhost/127.0.0.1:5456] for POST '/session/a39b5a7409a1e458985695632bda80ea/element'
23:06:00.259 [AsyncHttpClient-1-5] DEBUG org.asynchttpclient.netty.handler.HttpHandler - 

Request DefaultHttpRequest(decodeResult: success, version: HTTP/1.1)
POST /session/a39b5a7409a1e458985695632bda80ea/element HTTP/1.1
User-Agent: selenium/4.13.0 (java mac)
Content-Length: 75
Content-Type: application/json; charset=utf-8
host: localhost:5456
accept: */*

Response DefaultHttpResponse(decodeResult: success, version: HTTP/1.1)
HTTP/1.1 404 Not Found
Content-Length: 1947
Content-Type: application/json; charset=utf-8
cache-control: no-cache

23:06:00.259 [AsyncHttpClient-1-5] DEBUG org.asynchttpclient.netty.channel.ChannelManager - Adding key: http://localhost:5456 for channel [id: 0x95478780, L:/127.0.0.1:53581 - R:localhost/127.0.0.1:5456]
23:06:00.761 [Forwarding findElement on session a39b5a7409a1e458985695632bda80ea to remote] DEBUG org.asynchttpclient.netty.request.NettyRequestSender - Using pooled Channel '[id: 0x95478780, L:/127.0.0.1:53581 - R:localhost/127.0.0.1:5456]' for 'POST' to 'http://localhost:5456/session/a39b5a7409a1e458985695632bda80ea/element'
23:06:00.761 [Forwarding findElement on session a39b5a7409a1e458985695632bda80ea to remote] DEBUG org.asynchttpclient.netty.request.NettyRequestSender - Using open Channel [id: 0x95478780, L:/127.0.0.1:53581 - R:localhost/127.0.0.1:5456] for POST '/session/a39b5a7409a1e458985695632bda80ea/element'
23:06:00.767 [AsyncHttpClient-1-5] DEBUG org.asynchttpclient.netty.handler.HttpHandler - 

Request DefaultHttpRequest(decodeResult: success, version: HTTP/1.1)
POST /session/a39b5a7409a1e458985695632bda80ea/element HTTP/1.1
User-Agent: selenium/4.13.0 (java mac)
Content-Length: 75
Content-Type: application/json; charset=utf-8
host: localhost:5456
accept: */*

Response DefaultHttpResponse(decodeResult: success, version: HTTP/1.1)
HTTP/1.1 404 Not Found
Content-Length: 1947
Content-Type: application/json; charset=utf-8
cache-control: no-cache

23:06:00.768 [AsyncHttpClient-1-5] DEBUG org.asynchttpclient.netty.channel.ChannelManager - Adding key: http://localhost:5456 for channel [id: 0x95478780, L:/127.0.0.1:53581 - R:localhost/127.0.0.1:5456]
23:06:01.116 [AsyncHttpClient-1-1] DEBUG org.asynchttpclient.netty.channel.DefaultChannelPool - Entry count for : http://localhost:5456 : 1
23:06:01.116 [AsyncHttpClient-1-1] DEBUG org.asynchttpclient.netty.channel.DefaultChannelPool - Entry count for : http://localhost:53582 : 1
23:06:01.272 [Forwarding findElement on session a39b5a7409a1e458985695632bda80ea to remote] DEBUG org.asynchttpclient.netty.request.NettyRequestSender - Using pooled Channel '[id: 0x95478780, L:/127.0.0.1:53581 - R:localhost/127.0.0.1:5456]' for 'POST' to 'http://localhost:5456/session/a39b5a7409a1e458985695632bda80ea/element'
23:06:01.273 [Forwarding findElement on session a39b5a7409a1e458985695632bda80ea to remote] DEBUG org.asynchttpclient.netty.request.NettyRequestSender - Using open Channel [id: 0x95478780, L:/127.0.0.1:53581 - R:localhost/127.0.0.1:5456] for POST '/session/a39b5a7409a1e458985695632bda80ea/element'
23:06:01.278 [AsyncHttpClient-1-5] DEBUG org.asynchttpclient.netty.handler.HttpHandler - 

Request DefaultHttpRequest(decodeResult: success, version: HTTP/1.1)
POST /session/a39b5a7409a1e458985695632bda80ea/element HTTP/1.1
User-Agent: selenium/4.13.0 (java mac)
Content-Length: 75
Content-Type: application/json; charset=utf-8
host: localhost:5456
accept: */*

Response DefaultHttpResponse(decodeResult: success, version: HTTP/1.1)
HTTP/1.1 404 Not Found
Content-Length: 1947
Content-Type: application/json; charset=utf-8
cache-control: no-cache

23:06:01.279 [AsyncHttpClient-1-5] DEBUG org.asynchttpclient.netty.channel.ChannelManager - Adding key: http://localhost:5456 for channel [id: 0x95478780, L:/127.0.0.1:53581 - R:localhost/127.0.0.1:5456]
23:06:01.782 [Forwarding findElement on session a39b5a7409a1e458985695632bda80ea to remote] DEBUG org.asynchttpclient.netty.request.NettyRequestSender - Using pooled Channel '[id: 0x95478780, L:/127.0.0.1:53581 - R:localhost/127.0.0.1:5456]' for 'POST' to 'http://localhost:5456/session/a39b5a7409a1e458985695632bda80ea/element'
23:06:01.782 [Forwarding findElement on session a39b5a7409a1e458985695632bda80ea to remote] DEBUG org.asynchttpclient.netty.request.NettyRequestSender - Using open Channel [id: 0x95478780, L:/127.0.0.1:53581 - R:localhost/127.0.0.1:5456] for POST '/session/a39b5a7409a1e458985695632bda80ea/element'
23:06:01.790 [AsyncHttpClient-1-5] DEBUG org.asynchttpclient.netty.handler.HttpHandler - 

Request DefaultHttpRequest(decodeResult: success, version: HTTP/1.1)
POST /session/a39b5a7409a1e458985695632bda80ea/element HTTP/1.1
User-Agent: selenium/4.13.0 (java mac)
Content-Length: 75
Content-Type: application/json; charset=utf-8
host: localhost:5456
accept: */*

Response DefaultHttpResponse(decodeResult: success, version: HTTP/1.1)
HTTP/1.1 404 Not Found
Content-Length: 1947
Content-Type: application/json; charset=utf-8
cache-control: no-cache

23:06:01.790 [AsyncHttpClient-1-5] DEBUG org.asynchttpclient.netty.channel.ChannelManager - Adding key: http://localhost:5456 for channel [id: 0x95478780, L:/127.0.0.1:53581 - R:localhost/127.0.0.1:5456]
23:06:02.216 [AsyncHttpClient-1-1] DEBUG org.asynchttpclient.netty.channel.DefaultChannelPool - Entry count for : http://localhost:5456 : 1
23:06:02.216 [AsyncHttpClient-1-1] DEBUG org.asynchttpclient.netty.channel.DefaultChannelPool - Entry count for : http://localhost:53582 : 1
23:06:02.292 [Forwarding findElement on session a39b5a7409a1e458985695632bda80ea to remote] DEBUG org.asynchttpclient.netty.request.NettyRequestSender - Using pooled Channel '[id: 0x95478780, L:/127.0.0.1:53581 - R:localhost/127.0.0.1:5456]' for 'POST' to 'http://localhost:5456/session/a39b5a7409a1e458985695632bda80ea/element'
23:06:02.292 [Forwarding findElement on session a39b5a7409a1e458985695632bda80ea to remote] DEBUG org.asynchttpclient.netty.request.NettyRequestSender - Using open Channel [id: 0x95478780, L:/127.0.0.1:53581 - R:localhost/127.0.0.1:5456] for POST '/session/a39b5a7409a1e458985695632bda80ea/element'
23:06:02.299 [AsyncHttpClient-1-5] DEBUG org.asynchttpclient.netty.handler.HttpHandler - 

Request DefaultHttpRequest(decodeResult: success, version: HTTP/1.1)
POST /session/a39b5a7409a1e458985695632bda80ea/element HTTP/1.1
User-Agent: selenium/4.13.0 (java mac)
Content-Length: 75
Content-Type: application/json; charset=utf-8
host: localhost:5456
accept: */*

Response DefaultHttpResponse(decodeResult: success, version: HTTP/1.1)
HTTP/1.1 404 Not Found
Content-Length: 1947
Content-Type: application/json; charset=utf-8
cache-control: no-cache

23:06:02.300 [AsyncHttpClient-1-5] DEBUG org.asynchttpclient.netty.channel.ChannelManager - Adding key: http://localhost:5456 for channel [id: 0x95478780, L:/127.0.0.1:53581 - R:localhost/127.0.0.1:5456]
23:06:02.801 [Forwarding findElement on session a39b5a7409a1e458985695632bda80ea to remote] DEBUG org.asynchttpclient.netty.request.NettyRequestSender - Using pooled Channel '[id: 0x95478780, L:/127.0.0.1:53581 - R:localhost/127.0.0.1:5456]' for 'POST' to 'http://localhost:5456/session/a39b5a7409a1e458985695632bda80ea/element'
23:06:02.801 [Forwarding findElement on session a39b5a7409a1e458985695632bda80ea to remote] DEBUG org.asynchttpclient.netty.request.NettyRequestSender - Using open Channel [id: 0x95478780, L:/127.0.0.1:53581 - R:localhost/127.0.0.1:5456] for POST '/session/a39b5a7409a1e458985695632bda80ea/element'
23:06:02.807 [AsyncHttpClient-1-5] DEBUG org.asynchttpclient.netty.handler.HttpHandler - 

Request DefaultHttpRequest(decodeResult: success, version: HTTP/1.1)
POST /session/a39b5a7409a1e458985695632bda80ea/element HTTP/1.1
User-Agent: selenium/4.13.0 (java mac)
Content-Length: 75
Content-Type: application/json; charset=utf-8
host: localhost:5456
accept: */*

Response DefaultHttpResponse(decodeResult: success, version: HTTP/1.1)
HTTP/1.1 404 Not Found
Content-Length: 1947
Content-Type: application/json; charset=utf-8
cache-control: no-cache

23:06:02.807 [AsyncHttpClient-1-5] DEBUG org.asynchttpclient.netty.channel.ChannelManager - Adding key: http://localhost:5456 for channel [id: 0x95478780, L:/127.0.0.1:53581 - R:localhost/127.0.0.1:5456]
23:06:03.309 [Forwarding findElement on session a39b5a7409a1e458985695632bda80ea to remote] DEBUG org.asynchttpclient.netty.request.NettyRequestSender - Using pooled Channel '[id: 0x95478780, L:/127.0.0.1:53581 - R:localhost/127.0.0.1:5456]' for 'POST' to 'http://localhost:5456/session/a39b5a7409a1e458985695632bda80ea/element'
23:06:03.309 [Forwarding findElement on session a39b5a7409a1e458985695632bda80ea to remote] DEBUG org.asynchttpclient.netty.request.NettyRequestSender - Using open Channel [id: 0x95478780, L:/127.0.0.1:53581 - R:localhost/127.0.0.1:5456] for POST '/session/a39b5a7409a1e458985695632bda80ea/element'
23:06:03.315 [AsyncHttpClient-1-1] DEBUG org.asynchttpclient.netty.channel.DefaultChannelPool - Entry count for : http://localhost:53582 : 1
23:06:03.317 [AsyncHttpClient-1-5] DEBUG org.asynchttpclient.netty.handler.HttpHandler - 

Request DefaultHttpRequest(decodeResult: success, version: HTTP/1.1)
POST /session/a39b5a7409a1e458985695632bda80ea/element HTTP/1.1
User-Agent: selenium/4.13.0 (java mac)
Content-Length: 75
Content-Type: application/json; charset=utf-8
host: localhost:5456
accept: */*

Response DefaultHttpResponse(decodeResult: success, version: HTTP/1.1)
HTTP/1.1 404 Not Found
Content-Length: 1947
Content-Type: application/json; charset=utf-8
cache-control: no-cache

23:06:03.317 [AsyncHttpClient-1-5] DEBUG org.asynchttpclient.netty.channel.ChannelManager - Adding key: http://localhost:5456 for channel [id: 0x95478780, L:/127.0.0.1:53581 - R:localhost/127.0.0.1:5456]
23:06:03.823 [Forwarding findElement on session a39b5a7409a1e458985695632bda80ea to remote] DEBUG org.asynchttpclient.netty.request.NettyRequestSender - Using pooled Channel '[id: 0x95478780, L:/127.0.0.1:53581 - R:localhost/127.0.0.1:5456]' for 'POST' to 'http://localhost:5456/session/a39b5a7409a1e458985695632bda80ea/element'
23:06:03.823 [Forwarding findElement on session a39b5a7409a1e458985695632bda80ea to remote] DEBUG org.asynchttpclient.netty.request.NettyRequestSender - Using open Channel [id: 0x95478780, L:/127.0.0.1:53581 - R:localhost/127.0.0.1:5456] for POST '/session/a39b5a7409a1e458985695632bda80ea/element'
23:06:03.832 [AsyncHttpClient-1-5] DEBUG org.asynchttpclient.netty.handler.HttpHandler - 

Request DefaultHttpRequest(decodeResult: success, version: HTTP/1.1)
POST /session/a39b5a7409a1e458985695632bda80ea/element HTTP/1.1
User-Agent: selenium/4.13.0 (java mac)
Content-Length: 75
Content-Type: application/json; charset=utf-8
host: localhost:5456
accept: */*

Response DefaultHttpResponse(decodeResult: success, version: HTTP/1.1)
HTTP/1.1 404 Not Found
Content-Length: 1947
Content-Type: application/json; charset=utf-8
cache-control: no-cache

23:06:03.832 [AsyncHttpClient-1-5] DEBUG org.asynchttpclient.netty.channel.ChannelManager - Adding key: http://localhost:5456 for channel [id: 0x95478780, L:/127.0.0.1:53581 - R:localhost/127.0.0.1:5456]
]]></system-out>
    <system-err><![CDATA[Jan 11, 2024 11:05:37 PM org.openqa.selenium.devtools.CdpVersionFinder findNearestMatch
WARNING: Unable to find an exact match for CDP version 120, so returning the closest version found: 117
]]></system-err>
  </testcase>
  <testcase name="verifySearchFlight" classname="com.sample.modules.HomePage" time="23.728">
    <failure message="Expected condition failed: waiting for element to be clickable: By.xpath: //input[@placeholder=&apos;From&apos;] (tried for 20 second(s) with 500 milliseconds interval)&#10;Build info: version: &apos;4.13.0&apos;, revision: &apos;ba948ece5b*&apos;&#10;System info: os.name: &apos;Mac OS X&apos;, os.arch: &apos;x86_64&apos;, os.version: &apos;11.7.10&apos;, java.version: &apos;21&apos;&#10;Driver info: org.openqa.selenium.chrome.ChromeDriver&#10;Capabilities {acceptInsecureCerts: true, browserName: chrome, browserVersion: 120.0.6099.199, chrome: {chromedriverVersion: 120.0.6099.109 (3419140ab66..., userDataDir: /var/folders/pb/lrccxhdn21v...}, fedcm:accounts: true, goog:chromeOptions: {debuggerAddress: localhost:53640}, networkConnectionEnabled: false, pageLoadStrategy: normal, platformName: mac, proxy: Proxy(), se:cdp: ws://localhost:53640/devtoo..., se:cdpVersion: 120.0.6099.199, setWindowRect: true, strictFileInteractability: false, timeouts: {implicit: 0, pageLoad: 300000, script: 30000}, unhandledPromptBehavior: dismiss and notify, webauthn:extension:credBlob: true, webauthn:extension:largeBlob: true, webauthn:extension:minPinLength: true, webauthn:extension:prf: true, webauthn:virtualAuthenticators: true}&#10;Session ID: d4a33b179bb2c3f75047e672af05a673" type="org.openqa.selenium.TimeoutException"><![CDATA[org.openqa.selenium.TimeoutException: 
Expected condition failed: waiting for element to be clickable: By.xpath: //input[@placeholder='From'] (tried for 20 second(s) with 500 milliseconds interval)
Build info: version: '4.13.0', revision: 'ba948ece5b*'
System info: os.name: 'Mac OS X', os.arch: 'x86_64', os.version: '11.7.10', java.version: '21'
Driver info: org.openqa.selenium.chrome.ChromeDriver
Capabilities {acceptInsecureCerts: true, browserName: chrome, browserVersion: 120.0.6099.199, chrome: {chromedriverVersion: 120.0.6099.109 (3419140ab66..., userDataDir: /var/folders/pb/lrccxhdn21v...}, fedcm:accounts: true, goog:chromeOptions: {debuggerAddress: localhost:53640}, networkConnectionEnabled: false, pageLoadStrategy: normal, platformName: mac, proxy: Proxy(), se:cdp: ws://localhost:53640/devtoo..., se:cdpVersion: 120.0.6099.199, setWindowRect: true, strictFileInteractability: false, timeouts: {implicit: 0, pageLoad: 300000, script: 30000}, unhandledPromptBehavior: dismiss and notify, webauthn:extension:credBlob: true, webauthn:extension:largeBlob: true, webauthn:extension:minPinLength: true, webauthn:extension:prf: true, webauthn:virtualAuthenticators: true}
Session ID: d4a33b179bb2c3f75047e672af05a673
	at org.openqa.selenium.support.ui.WebDriverWait.timeoutException(WebDriverWait.java:84)
	at org.openqa.selenium.support.ui.FluentWait.until(FluentWait.java:230)
	at com.sample.utils.Common.waitUntilElementToBeClickable(Common.java:44)
	at com.sample.utils.Common.typeAndSelectFirst(Common.java:303)
	at com.sample.modules.HomePage.verifySearchFlight(HomePage.java:70)
	at java.base/jdk.internal.reflect.DirectMethodHandleAccessor.invoke(DirectMethodHandleAccessor.java:103)
	at java.base/java.lang.reflect.Method.invoke(Method.java:580)
	at org.testng.internal.invokers.MethodInvocationHelper.invokeMethod(MethodInvocationHelper.java:135)
	at org.testng.internal.invokers.TestInvoker.invokeMethod(TestInvoker.java:673)
	at org.testng.internal.invokers.TestInvoker.invokeTestMethod(TestInvoker.java:220)
	at org.testng.internal.invokers.MethodRunner.runInSequence(MethodRunner.java:50)
	at org.testng.internal.invokers.TestInvoker$MethodInvocationAgent.invoke(TestInvoker.java:945)
	at org.testng.internal.invokers.TestInvoker.invokeTestMethods(TestInvoker.java:193)
	at org.testng.internal.invokers.TestMethodWorker.invokeTestMethods(TestMethodWorker.java:146)
	at org.testng.internal.invokers.TestMethodWorker.run(TestMethodWorker.java:128)
	at java.base/java.util.ArrayList.forEach(ArrayList.java:1596)
	at org.testng.TestRunner.privateRun(TestRunner.java:808)
	at org.testng.TestRunner.run(TestRunner.java:603)
	at org.testng.SuiteRunner.runTest(SuiteRunner.java:429)
	at org.testng.SuiteRunner.runSequentially(SuiteRunner.java:423)
	at org.testng.SuiteRunner.privateRun(SuiteRunner.java:383)
	at org.testng.SuiteRunner.run(SuiteRunner.java:326)
	at org.testng.SuiteRunnerWorker.runSuite(SuiteRunnerWorker.java:52)
	at org.testng.SuiteRunnerWorker.run(SuiteRunnerWorker.java:95)
	at org.testng.TestNG.runSuitesSequentially(TestNG.java:1249)
	at org.testng.TestNG.runSuitesLocally(TestNG.java:1169)
	at org.testng.TestNG.runSuites(TestNG.java:1092)
	at org.testng.TestNG.run(TestNG.java:1060)
	at org.apache.maven.surefire.testng.TestNGExecutor.run(TestNGExecutor.java:308)
	at org.apache.maven.surefire.testng.TestNGXmlTestSuite.execute(TestNGXmlTestSuite.java:71)
	at org.apache.maven.surefire.testng.TestNGProvider.invoke(TestNGProvider.java:113)
	at org.apache.maven.surefire.booter.ForkedBooter.runSuitesInProcess(ForkedBooter.java:385)
	at org.apache.maven.surefire.booter.ForkedBooter.execute(ForkedBooter.java:162)
	at org.apache.maven.surefire.booter.ForkedBooter.run(ForkedBooter.java:507)
	at org.apache.maven.surefire.booter.ForkedBooter.main(ForkedBooter.java:495)
]]></failure>
    <system-out><![CDATA[Message : FAIL : vaerifyCountryCurrencyWidget
23:06:03.838 [Forwarding screenshot on session a39b5a7409a1e458985695632bda80ea to remote] DEBUG org.asynchttpclient.netty.request.NettyRequestSender - Using pooled Channel '[id: 0x95478780, L:/127.0.0.1:53581 - R:localhost/127.0.0.1:5456]' for 'GET' to 'http://localhost:5456/session/a39b5a7409a1e458985695632bda80ea/screenshot'
23:06:03.838 [Forwarding screenshot on session a39b5a7409a1e458985695632bda80ea to remote] DEBUG org.asynchttpclient.netty.request.NettyRequestSender - Using open Channel [id: 0x95478780, L:/127.0.0.1:53581 - R:localhost/127.0.0.1:5456] for GET '/session/a39b5a7409a1e458985695632bda80ea/screenshot'
23:06:04.415 [AsyncHttpClient-1-1] DEBUG org.asynchttpclient.netty.channel.DefaultChannelPool - Entry count for : http://localhost:53582 : 1
23:06:04.755 [AsyncHttpClient-1-5] DEBUG org.asynchttpclient.netty.handler.HttpHandler - 

Request DefaultFullHttpRequest(decodeResult: success, version: HTTP/1.1, content: EmptyByteBufBE)
GET /session/a39b5a7409a1e458985695632bda80ea/screenshot HTTP/1.1
Cache-Control: no-cache
User-Agent: selenium/4.13.0 (java mac)
Content-Type: application/json; charset=utf-8
host: localhost:5456
accept: */*

Response DefaultHttpResponse(decodeResult: success, version: HTTP/1.1)
HTTP/1.1 200 OK
Content-Length: 3024052
Content-Type: application/json; charset=utf-8
cache-control: no-cache

23:06:04.767 [AsyncHttpClient-1-5] DEBUG org.asynchttpclient.netty.channel.ChannelManager - Adding key: http://localhost:5456 for channel [id: 0x95478780, L:/127.0.0.1:53581 - R:localhost/127.0.0.1:5456]
Total testcases:-2
Total passed testcases:-1
Total failed testcases:-1
23:06:04.840 [Driver Command Executor] DEBUG org.asynchttpclient.netty.request.NettyRequestSender - Using pooled Channel '[id: 0x95478780, L:/127.0.0.1:53581 - R:localhost/127.0.0.1:5456]' for 'DELETE' to 'http://localhost:5456/session/a39b5a7409a1e458985695632bda80ea'
23:06:04.840 [AsyncHttpClient-1-7] DEBUG org.asynchttpclient.netty.handler.WebSocketHandler - Channel Closed: [id: 0x9ca1a29c, L:/127.0.0.1:53587 ! R:localhost/127.0.0.1:53582] with attribute DISCARD
23:06:04.840 [Driver Command Executor] DEBUG org.asynchttpclient.netty.request.NettyRequestSender - Using open Channel [id: 0x95478780, L:/127.0.0.1:53581 - R:localhost/127.0.0.1:5456] for DELETE '/session/a39b5a7409a1e458985695632bda80ea'
23:06:04.860 [AsyncHttpClient-1-6] DEBUG org.asynchttpclient.netty.handler.HttpHandler - Channel Closed: [id: 0xe75c1bbd, L:/127.0.0.1:53586 ! R:localhost/127.0.0.1:53582] with attribute DISCARD
23:06:04.892 [AsyncHttpClient-1-5] DEBUG org.asynchttpclient.netty.handler.HttpHandler - 

Request DefaultFullHttpRequest(decodeResult: success, version: HTTP/1.1, content: EmptyByteBufBE)
DELETE /session/a39b5a7409a1e458985695632bda80ea HTTP/1.1
User-Agent: selenium/4.13.0 (java mac)
Content-Type: application/json; charset=utf-8
host: localhost:5456
accept: */*

Response DefaultHttpResponse(decodeResult: success, version: HTTP/1.1)
HTTP/1.1 200 OK
Content-Length: 14
Content-Type: application/json; charset=utf-8
cache-control: no-cache

23:06:04.892 [AsyncHttpClient-1-5] DEBUG org.asynchttpclient.netty.channel.ChannelManager - Adding key: http://localhost:5456 for channel [id: 0x95478780, L:/127.0.0.1:53581 - R:localhost/127.0.0.1:5456]
23:06:04.953 [AsyncHttpClient-1-5] DEBUG org.asynchttpclient.netty.handler.HttpHandler - Channel Closed: [id: 0x95478780, L:/127.0.0.1:53581 ! R:localhost/127.0.0.1:5456] with attribute DISCARD
23:06:05.056 [AsyncHttpClient-1-8] DEBUG org.asynchttpclient.netty.channel.NettyConnectListener - Using new Channel '[id: 0xf922f0f7, L:/127.0.0.1:53639 - R:localhost/127.0.0.1:27791]' for 'POST' to '/session'
23:06:05.516 [AsyncHttpClient-1-1] DEBUG org.asynchttpclient.netty.channel.DefaultChannelPool - Entry count for : http://localhost:5456 : 1
23:06:05.517 [AsyncHttpClient-1-1] DEBUG org.asynchttpclient.netty.channel.DefaultChannelPool - Entry count for : http://localhost:53582 : 1
23:06:05.517 [AsyncHttpClient-1-1] DEBUG org.asynchttpclient.netty.channel.DefaultChannelPool - Adding Candidate expired Channel [id: 0x95478780, L:/127.0.0.1:53581 ! R:localhost/127.0.0.1:5456] isIdleTimeoutExpired=false isRemotelyClosed=true isTtlExpired=false
23:06:05.517 [AsyncHttpClient-1-1] DEBUG org.asynchttpclient.netty.channel.DefaultChannelPool - Closing Idle Channel [id: 0x95478780, L:/127.0.0.1:53581 ! R:localhost/127.0.0.1:5456]
23:06:05.517 [AsyncHttpClient-1-1] DEBUG org.asynchttpclient.netty.channel.DefaultChannelPool - Adding Candidate expired Channel [id: 0xe75c1bbd, L:/127.0.0.1:53586 ! R:localhost/127.0.0.1:53582] isIdleTimeoutExpired=false isRemotelyClosed=true isTtlExpired=false
23:06:05.517 [AsyncHttpClient-1-1] DEBUG org.asynchttpclient.netty.channel.DefaultChannelPool - Closing Idle Channel [id: 0xe75c1bbd, L:/127.0.0.1:53586 ! R:localhost/127.0.0.1:53582]
23:06:05.517 [AsyncHttpClient-1-1] DEBUG org.asynchttpclient.netty.channel.DefaultChannelPool - Closed 2 connections out of 2 in 0 ms
23:06:05.918 [AsyncHttpClient-1-8] DEBUG org.asynchttpclient.netty.handler.HttpHandler - 

Request DefaultHttpRequest(decodeResult: success, version: HTTP/1.1)
POST /session HTTP/1.1
User-Agent: selenium/4.13.0 (java mac)
Content-Length: 291
Content-Type: application/json; charset=utf-8
host: localhost:27791
accept: */*

Response DefaultHttpResponse(decodeResult: success, version: HTTP/1.1)
HTTP/1.1 200 OK
Content-Length: 891
Content-Type: application/json; charset=utf-8
cache-control: no-cache

23:06:05.919 [AsyncHttpClient-1-8] DEBUG org.asynchttpclient.netty.channel.ChannelManager - Adding key: http://localhost:27791 for channel [id: 0xf922f0f7, L:/127.0.0.1:53639 - R:localhost/127.0.0.1:27791]
23:06:05.929 [AsyncHttpClient-1-9] DEBUG org.asynchttpclient.netty.channel.NettyConnectListener - Using new Channel '[id: 0x2e2aac1d, L:/127.0.0.1:53644 - R:localhost/127.0.0.1:53640]' for 'GET' to '/json/version'
23:06:05.936 [AsyncHttpClient-1-9] DEBUG org.asynchttpclient.netty.handler.HttpHandler - 

Request DefaultFullHttpRequest(decodeResult: success, version: HTTP/1.1, content: EmptyByteBufBE)
GET /json/version HTTP/1.1
User-Agent: selenium/4.13.0 (java mac)
host: localhost:53640
accept: */*

Response DefaultHttpResponse(decodeResult: success, version: HTTP/1.1)
HTTP/1.1 200 OK
Content-Security-Policy: frame-ancestors 'none'
Content-Length: 422
Content-Type: application/json; charset=UTF-8

23:06:05.936 [AsyncHttpClient-1-9] DEBUG org.asynchttpclient.netty.channel.ChannelManager - Adding key: http://localhost:53640 for channel [id: 0x2e2aac1d, L:/127.0.0.1:53644 - R:localhost/127.0.0.1:53640]
23:06:05.939 [AsyncHttpClient-1-10] DEBUG org.asynchttpclient.netty.channel.NettyConnectListener - Using new Channel '[id: 0x4e4b5bf3, L:/127.0.0.1:53645 - R:localhost/127.0.0.1:53640]' for 'GET' to '/devtools/browser/922380ef-463d-4cd2-b157-2412e796f414'
23:06:05.943 [AsyncHttpClient-1-10] DEBUG org.asynchttpclient.netty.handler.WebSocketHandler - 

Request DefaultFullHttpRequest(decodeResult: success, version: HTTP/1.1, content: EmptyByteBufBE)
GET /devtools/browser/922380ef-463d-4cd2-b157-2412e796f414 HTTP/1.1
upgrade: websocket
connection: upgrade
sec-websocket-key: GMN/hBBBkXzFW26uo5Aq3Q==
sec-websocket-version: 13
origin: http://localhost:53640
host: localhost:53640
accept: */*
user-agent: AHC/2.1

Response DefaultHttpResponse(decodeResult: success, version: HTTP/1.1)
HTTP/1.1 101 WebSocket Protocol Handshake
Upgrade: WebSocket
Connection: Upgrade
Sec-WebSocket-Accept: 9mHAl4sZAnVJsaO38DOcBF7sdPY=

23:06:05.947 [Forwarding maximizeCurrentWindow on session d4a33b179bb2c3f75047e672af05a673 to remote] DEBUG org.asynchttpclient.netty.request.NettyRequestSender - Using pooled Channel '[id: 0xf922f0f7, L:/127.0.0.1:53639 - R:localhost/127.0.0.1:27791]' for 'POST' to 'http://localhost:27791/session/d4a33b179bb2c3f75047e672af05a673/window/maximize'
23:06:05.947 [Forwarding maximizeCurrentWindow on session d4a33b179bb2c3f75047e672af05a673 to remote] DEBUG org.asynchttpclient.netty.request.NettyRequestSender - Using open Channel [id: 0xf922f0f7, L:/127.0.0.1:53639 - R:localhost/127.0.0.1:27791] for POST '/session/d4a33b179bb2c3f75047e672af05a673/window/maximize'
23:06:06.424 [AsyncHttpClient-1-8] DEBUG org.asynchttpclient.netty.handler.HttpHandler - 

Request DefaultHttpRequest(decodeResult: success, version: HTTP/1.1)
POST /session/d4a33b179bb2c3f75047e672af05a673/window/maximize HTTP/1.1
User-Agent: selenium/4.13.0 (java mac)
Content-Length: 3
Content-Type: application/json; charset=utf-8
host: localhost:27791
accept: */*

Response DefaultHttpResponse(decodeResult: success, version: HTTP/1.1)
HTTP/1.1 200 OK
Content-Length: 50
Content-Type: application/json; charset=utf-8
cache-control: no-cache

23:06:06.425 [AsyncHttpClient-1-8] DEBUG org.asynchttpclient.netty.channel.ChannelManager - Adding key: http://localhost:27791 for channel [id: 0xf922f0f7, L:/127.0.0.1:53639 - R:localhost/127.0.0.1:27791]
23:06:06.426 [Forwarding get on session d4a33b179bb2c3f75047e672af05a673 to remote] DEBUG org.asynchttpclient.netty.request.NettyRequestSender - Using pooled Channel '[id: 0xf922f0f7, L:/127.0.0.1:53639 - R:localhost/127.0.0.1:27791]' for 'POST' to 'http://localhost:27791/session/d4a33b179bb2c3f75047e672af05a673/url'
23:06:06.426 [Forwarding get on session d4a33b179bb2c3f75047e672af05a673 to remote] DEBUG org.asynchttpclient.netty.request.NettyRequestSender - Using open Channel [id: 0xf922f0f7, L:/127.0.0.1:53639 - R:localhost/127.0.0.1:27791] for POST '/session/d4a33b179bb2c3f75047e672af05a673/url'
23:06:06.618 [AsyncHttpClient-1-1] DEBUG org.asynchttpclient.netty.channel.DefaultChannelPool - Entry count for : http://localhost:53640 : 1
23:06:07.715 [AsyncHttpClient-1-1] DEBUG org.asynchttpclient.netty.channel.DefaultChannelPool - Entry count for : http://localhost:53640 : 1
23:06:08.815 [AsyncHttpClient-1-1] DEBUG org.asynchttpclient.netty.channel.DefaultChannelPool - Entry count for : http://localhost:53640 : 1
23:06:09.915 [AsyncHttpClient-1-1] DEBUG org.asynchttpclient.netty.channel.DefaultChannelPool - Entry count for : http://localhost:53640 : 1
23:06:11.016 [AsyncHttpClient-1-1] DEBUG org.asynchttpclient.netty.channel.DefaultChannelPool - Entry count for : http://localhost:53640 : 1
23:06:11.405 [AsyncHttpClient-1-8] DEBUG org.asynchttpclient.netty.handler.HttpHandler - 

Request DefaultHttpRequest(decodeResult: success, version: HTTP/1.1)
POST /session/d4a33b179bb2c3f75047e672af05a673/url HTTP/1.1
User-Agent: selenium/4.13.0 (java mac)
Content-Length: 57
Content-Type: application/json; charset=utf-8
host: localhost:27791
accept: */*

Response DefaultHttpResponse(decodeResult: success, version: HTTP/1.1)
HTTP/1.1 200 OK
Content-Length: 14
Content-Type: application/json; charset=utf-8
cache-control: no-cache

23:06:11.405 [AsyncHttpClient-1-8] DEBUG org.asynchttpclient.netty.channel.ChannelManager - Adding key: http://localhost:27791 for channel [id: 0xf922f0f7, L:/127.0.0.1:53639 - R:localhost/127.0.0.1:27791]
Step 0 : Open URL - null
Step 1 : Click on flights logo.
23:06:11.407 [Forwarding findElement on session d4a33b179bb2c3f75047e672af05a673 to remote] DEBUG org.asynchttpclient.netty.request.NettyRequestSender - Using pooled Channel '[id: 0xf922f0f7, L:/127.0.0.1:53639 - R:localhost/127.0.0.1:27791]' for 'POST' to 'http://localhost:27791/session/d4a33b179bb2c3f75047e672af05a673/element'
23:06:11.407 [Forwarding findElement on session d4a33b179bb2c3f75047e672af05a673 to remote] DEBUG org.asynchttpclient.netty.request.NettyRequestSender - Using open Channel [id: 0xf922f0f7, L:/127.0.0.1:53639 - R:localhost/127.0.0.1:27791] for POST '/session/d4a33b179bb2c3f75047e672af05a673/element'
23:06:11.419 [AsyncHttpClient-1-8] DEBUG org.asynchttpclient.netty.handler.HttpHandler - 

Request DefaultHttpRequest(decodeResult: success, version: HTTP/1.1)
POST /session/d4a33b179bb2c3f75047e672af05a673/element HTTP/1.1
User-Agent: selenium/4.13.0 (java mac)
Content-Length: 123
Content-Type: application/json; charset=utf-8
host: localhost:27791
accept: */*

Response DefaultHttpResponse(decodeResult: success, version: HTTP/1.1)
HTTP/1.1 200 OK
Content-Length: 95
Content-Type: application/json; charset=utf-8
cache-control: no-cache

23:06:11.419 [AsyncHttpClient-1-8] DEBUG org.asynchttpclient.netty.channel.ChannelManager - Adding key: http://localhost:27791 for channel [id: 0xf922f0f7, L:/127.0.0.1:53639 - R:localhost/127.0.0.1:27791]
23:06:11.421 [Forwarding isElementDisplayed on session d4a33b179bb2c3f75047e672af05a673 to remote] DEBUG org.asynchttpclient.netty.request.NettyRequestSender - Using pooled Channel '[id: 0xf922f0f7, L:/127.0.0.1:53639 - R:localhost/127.0.0.1:27791]' for 'POST' to 'http://localhost:27791/session/d4a33b179bb2c3f75047e672af05a673/execute/sync'
23:06:11.421 [Forwarding isElementDisplayed on session d4a33b179bb2c3f75047e672af05a673 to remote] DEBUG org.asynchttpclient.netty.request.NettyRequestSender - Using open Channel [id: 0xf922f0f7, L:/127.0.0.1:53639 - R:localhost/127.0.0.1:27791] for POST '/session/d4a33b179bb2c3f75047e672af05a673/execute/sync'
23:06:11.434 [AsyncHttpClient-1-8] DEBUG org.asynchttpclient.netty.handler.HttpHandler - 

Request DefaultHttpRequest(decodeResult: success, version: HTTP/1.1)
POST /session/d4a33b179bb2c3f75047e672af05a673/execute/sync HTTP/1.1
User-Agent: selenium/4.13.0 (java mac)
Content-Length: 48814
Content-Type: application/json; charset=utf-8
host: localhost:27791
accept: */*

Response DefaultHttpResponse(decodeResult: success, version: HTTP/1.1)
HTTP/1.1 200 OK
Content-Length: 14
Content-Type: application/json; charset=utf-8
cache-control: no-cache

23:06:11.434 [AsyncHttpClient-1-8] DEBUG org.asynchttpclient.netty.channel.ChannelManager - Adding key: http://localhost:27791 for channel [id: 0xf922f0f7, L:/127.0.0.1:53639 - R:localhost/127.0.0.1:27791]
23:06:11.435 [Forwarding isElementEnabled on session d4a33b179bb2c3f75047e672af05a673 to remote] DEBUG org.asynchttpclient.netty.request.NettyRequestSender - Using pooled Channel '[id: 0xf922f0f7, L:/127.0.0.1:53639 - R:localhost/127.0.0.1:27791]' for 'GET' to 'http://localhost:27791/session/d4a33b179bb2c3f75047e672af05a673/element/CC371B326198A3B0F19E5B90BFA6BCFA_element_38/enabled'
23:06:11.436 [Forwarding isElementEnabled on session d4a33b179bb2c3f75047e672af05a673 to remote] DEBUG org.asynchttpclient.netty.request.NettyRequestSender - Using open Channel [id: 0xf922f0f7, L:/127.0.0.1:53639 - R:localhost/127.0.0.1:27791] for GET '/session/d4a33b179bb2c3f75047e672af05a673/element/CC371B326198A3B0F19E5B90BFA6BCFA_element_38/enabled'
23:06:11.445 [AsyncHttpClient-1-8] DEBUG org.asynchttpclient.netty.handler.HttpHandler - 

Request DefaultFullHttpRequest(decodeResult: success, version: HTTP/1.1, content: EmptyByteBufBE)
GET /session/d4a33b179bb2c3f75047e672af05a673/element/CC371B326198A3B0F19E5B90BFA6BCFA_element_38/enabled HTTP/1.1
Cache-Control: no-cache
User-Agent: selenium/4.13.0 (java mac)
Content-Type: application/json; charset=utf-8
host: localhost:27791
accept: */*

Response DefaultHttpResponse(decodeResult: success, version: HTTP/1.1)
HTTP/1.1 200 OK
Content-Length: 14
Content-Type: application/json; charset=utf-8
cache-control: no-cache

23:06:11.445 [AsyncHttpClient-1-8] DEBUG org.asynchttpclient.netty.channel.ChannelManager - Adding key: http://localhost:27791 for channel [id: 0xf922f0f7, L:/127.0.0.1:53639 - R:localhost/127.0.0.1:27791]
23:06:11.447 [Forwarding executeScript on session d4a33b179bb2c3f75047e672af05a673 to remote] DEBUG org.asynchttpclient.netty.request.NettyRequestSender - Using pooled Channel '[id: 0xf922f0f7, L:/127.0.0.1:53639 - R:localhost/127.0.0.1:27791]' for 'POST' to 'http://localhost:27791/session/d4a33b179bb2c3f75047e672af05a673/execute/sync'
23:06:11.447 [Forwarding executeScript on session d4a33b179bb2c3f75047e672af05a673 to remote] DEBUG org.asynchttpclient.netty.request.NettyRequestSender - Using open Channel [id: 0xf922f0f7, L:/127.0.0.1:53639 - R:localhost/127.0.0.1:27791] for POST '/session/d4a33b179bb2c3f75047e672af05a673/execute/sync'
23:06:11.454 [AsyncHttpClient-1-8] DEBUG org.asynchttpclient.netty.handler.HttpHandler - 

Request DefaultHttpRequest(decodeResult: success, version: HTTP/1.1)
POST /session/d4a33b179bb2c3f75047e672af05a673/execute/sync HTTP/1.1
User-Agent: selenium/4.13.0 (java mac)
Content-Length: 179
Content-Type: application/json; charset=utf-8
host: localhost:27791
accept: */*

Response DefaultHttpResponse(decodeResult: success, version: HTTP/1.1)
HTTP/1.1 200 OK
Content-Length: 14
Content-Type: application/json; charset=utf-8
cache-control: no-cache

23:06:11.454 [AsyncHttpClient-1-8] DEBUG org.asynchttpclient.netty.channel.ChannelManager - Adding key: http://localhost:27791 for channel [id: 0xf922f0f7, L:/127.0.0.1:53639 - R:localhost/127.0.0.1:27791]
23:06:11.455 [Forwarding clickElement on session d4a33b179bb2c3f75047e672af05a673 to remote] DEBUG org.asynchttpclient.netty.request.NettyRequestSender - Using pooled Channel '[id: 0xf922f0f7, L:/127.0.0.1:53639 - R:localhost/127.0.0.1:27791]' for 'POST' to 'http://localhost:27791/session/d4a33b179bb2c3f75047e672af05a673/element/CC371B326198A3B0F19E5B90BFA6BCFA_element_38/click'
23:06:11.455 [Forwarding clickElement on session d4a33b179bb2c3f75047e672af05a673 to remote] DEBUG org.asynchttpclient.netty.request.NettyRequestSender - Using open Channel [id: 0xf922f0f7, L:/127.0.0.1:53639 - R:localhost/127.0.0.1:27791] for POST '/session/d4a33b179bb2c3f75047e672af05a673/element/CC371B326198A3B0F19E5B90BFA6BCFA_element_38/click'
23:06:12.117 [AsyncHttpClient-1-1] DEBUG org.asynchttpclient.netty.channel.DefaultChannelPool - Entry count for : http://localhost:53640 : 1
23:06:12.522 [AsyncHttpClient-1-8] DEBUG org.asynchttpclient.netty.handler.HttpHandler - 

Request DefaultHttpRequest(decodeResult: success, version: HTTP/1.1)
POST /session/d4a33b179bb2c3f75047e672af05a673/element/CC371B326198A3B0F19E5B90BFA6BCFA_element_38/click HTTP/1.1
User-Agent: selenium/4.13.0 (java mac)
Content-Length: 57
Content-Type: application/json; charset=utf-8
host: localhost:27791
accept: */*

Response DefaultHttpResponse(decodeResult: success, version: HTTP/1.1)
HTTP/1.1 400 Bad Request
Content-Length: 2886
Content-Type: application/json; charset=utf-8
cache-control: no-cache

23:06:12.523 [AsyncHttpClient-1-8] DEBUG org.asynchttpclient.netty.channel.ChannelManager - Adding key: http://localhost:27791 for channel [id: 0xf922f0f7, L:/127.0.0.1:53639 - R:localhost/127.0.0.1:27791]
Step 2 : Click on round trip radio button.
23:06:12.525 [Forwarding findElement on session d4a33b179bb2c3f75047e672af05a673 to remote] DEBUG org.asynchttpclient.netty.request.NettyRequestSender - Using pooled Channel '[id: 0xf922f0f7, L:/127.0.0.1:53639 - R:localhost/127.0.0.1:27791]' for 'POST' to 'http://localhost:27791/session/d4a33b179bb2c3f75047e672af05a673/element'
23:06:12.525 [Forwarding findElement on session d4a33b179bb2c3f75047e672af05a673 to remote] DEBUG org.asynchttpclient.netty.request.NettyRequestSender - Using open Channel [id: 0xf922f0f7, L:/127.0.0.1:53639 - R:localhost/127.0.0.1:27791] for POST '/session/d4a33b179bb2c3f75047e672af05a673/element'
23:06:12.536 [AsyncHttpClient-1-8] DEBUG org.asynchttpclient.netty.handler.HttpHandler - 

Request DefaultHttpRequest(decodeResult: success, version: HTTP/1.1)
POST /session/d4a33b179bb2c3f75047e672af05a673/element HTTP/1.1
User-Agent: selenium/4.13.0 (java mac)
Content-Length: 72
Content-Type: application/json; charset=utf-8
host: localhost:27791
accept: */*

Response DefaultHttpResponse(decodeResult: success, version: HTTP/1.1)
HTTP/1.1 200 OK
Content-Length: 95
Content-Type: application/json; charset=utf-8
cache-control: no-cache

23:06:12.536 [AsyncHttpClient-1-8] DEBUG org.asynchttpclient.netty.channel.ChannelManager - Adding key: http://localhost:27791 for channel [id: 0xf922f0f7, L:/127.0.0.1:53639 - R:localhost/127.0.0.1:27791]
23:06:12.538 [Forwarding isElementDisplayed on session d4a33b179bb2c3f75047e672af05a673 to remote] DEBUG org.asynchttpclient.netty.request.NettyRequestSender - Using pooled Channel '[id: 0xf922f0f7, L:/127.0.0.1:53639 - R:localhost/127.0.0.1:27791]' for 'POST' to 'http://localhost:27791/session/d4a33b179bb2c3f75047e672af05a673/execute/sync'
23:06:12.538 [Forwarding isElementDisplayed on session d4a33b179bb2c3f75047e672af05a673 to remote] DEBUG org.asynchttpclient.netty.request.NettyRequestSender - Using open Channel [id: 0xf922f0f7, L:/127.0.0.1:53639 - R:localhost/127.0.0.1:27791] for POST '/session/d4a33b179bb2c3f75047e672af05a673/execute/sync'
23:06:12.549 [AsyncHttpClient-1-8] DEBUG org.asynchttpclient.netty.handler.HttpHandler - 

Request DefaultHttpRequest(decodeResult: success, version: HTTP/1.1)
POST /session/d4a33b179bb2c3f75047e672af05a673/execute/sync HTTP/1.1
User-Agent: selenium/4.13.0 (java mac)
Content-Length: 48814
Content-Type: application/json; charset=utf-8
host: localhost:27791
accept: */*

Response DefaultHttpResponse(decodeResult: success, version: HTTP/1.1)
HTTP/1.1 200 OK
Content-Length: 14
Content-Type: application/json; charset=utf-8
cache-control: no-cache

23:06:12.550 [AsyncHttpClient-1-8] DEBUG org.asynchttpclient.netty.channel.ChannelManager - Adding key: http://localhost:27791 for channel [id: 0xf922f0f7, L:/127.0.0.1:53639 - R:localhost/127.0.0.1:27791]
23:06:12.550 [Forwarding isElementEnabled on session d4a33b179bb2c3f75047e672af05a673 to remote] DEBUG org.asynchttpclient.netty.request.NettyRequestSender - Using pooled Channel '[id: 0xf922f0f7, L:/127.0.0.1:53639 - R:localhost/127.0.0.1:27791]' for 'GET' to 'http://localhost:27791/session/d4a33b179bb2c3f75047e672af05a673/element/CC371B326198A3B0F19E5B90BFA6BCFA_element_40/enabled'
23:06:12.550 [Forwarding isElementEnabled on session d4a33b179bb2c3f75047e672af05a673 to remote] DEBUG org.asynchttpclient.netty.request.NettyRequestSender - Using open Channel [id: 0xf922f0f7, L:/127.0.0.1:53639 - R:localhost/127.0.0.1:27791] for GET '/session/d4a33b179bb2c3f75047e672af05a673/element/CC371B326198A3B0F19E5B90BFA6BCFA_element_40/enabled'
23:06:12.555 [AsyncHttpClient-1-8] DEBUG org.asynchttpclient.netty.handler.HttpHandler - 

Request DefaultFullHttpRequest(decodeResult: success, version: HTTP/1.1, content: EmptyByteBufBE)
GET /session/d4a33b179bb2c3f75047e672af05a673/element/CC371B326198A3B0F19E5B90BFA6BCFA_element_40/enabled HTTP/1.1
Cache-Control: no-cache
User-Agent: selenium/4.13.0 (java mac)
Content-Type: application/json; charset=utf-8
host: localhost:27791
accept: */*

Response DefaultHttpResponse(decodeResult: success, version: HTTP/1.1)
HTTP/1.1 200 OK
Content-Length: 14
Content-Type: application/json; charset=utf-8
cache-control: no-cache

23:06:12.556 [AsyncHttpClient-1-8] DEBUG org.asynchttpclient.netty.channel.ChannelManager - Adding key: http://localhost:27791 for channel [id: 0xf922f0f7, L:/127.0.0.1:53639 - R:localhost/127.0.0.1:27791]
23:06:12.557 [Forwarding executeScript on session d4a33b179bb2c3f75047e672af05a673 to remote] DEBUG org.asynchttpclient.netty.request.NettyRequestSender - Using pooled Channel '[id: 0xf922f0f7, L:/127.0.0.1:53639 - R:localhost/127.0.0.1:27791]' for 'POST' to 'http://localhost:27791/session/d4a33b179bb2c3f75047e672af05a673/execute/sync'
23:06:12.557 [Forwarding executeScript on session d4a33b179bb2c3f75047e672af05a673 to remote] DEBUG org.asynchttpclient.netty.request.NettyRequestSender - Using open Channel [id: 0xf922f0f7, L:/127.0.0.1:53639 - R:localhost/127.0.0.1:27791] for POST '/session/d4a33b179bb2c3f75047e672af05a673/execute/sync'
23:06:12.560 [AsyncHttpClient-1-8] DEBUG org.asynchttpclient.netty.handler.HttpHandler - 

Request DefaultHttpRequest(decodeResult: success, version: HTTP/1.1)
POST /session/d4a33b179bb2c3f75047e672af05a673/execute/sync HTTP/1.1
User-Agent: selenium/4.13.0 (java mac)
Content-Length: 179
Content-Type: application/json; charset=utf-8
host: localhost:27791
accept: */*

Response DefaultHttpResponse(decodeResult: success, version: HTTP/1.1)
HTTP/1.1 200 OK
Content-Length: 14
Content-Type: application/json; charset=utf-8
cache-control: no-cache

23:06:12.560 [AsyncHttpClient-1-8] DEBUG org.asynchttpclient.netty.channel.ChannelManager - Adding key: http://localhost:27791 for channel [id: 0xf922f0f7, L:/127.0.0.1:53639 - R:localhost/127.0.0.1:27791]
23:06:12.561 [Forwarding clickElement on session d4a33b179bb2c3f75047e672af05a673 to remote] DEBUG org.asynchttpclient.netty.request.NettyRequestSender - Using pooled Channel '[id: 0xf922f0f7, L:/127.0.0.1:53639 - R:localhost/127.0.0.1:27791]' for 'POST' to 'http://localhost:27791/session/d4a33b179bb2c3f75047e672af05a673/element/CC371B326198A3B0F19E5B90BFA6BCFA_element_40/click'
23:06:12.561 [Forwarding clickElement on session d4a33b179bb2c3f75047e672af05a673 to remote] DEBUG org.asynchttpclient.netty.request.NettyRequestSender - Using open Channel [id: 0xf922f0f7, L:/127.0.0.1:53639 - R:localhost/127.0.0.1:27791] for POST '/session/d4a33b179bb2c3f75047e672af05a673/element/CC371B326198A3B0F19E5B90BFA6BCFA_element_40/click'
23:06:13.216 [AsyncHttpClient-1-1] DEBUG org.asynchttpclient.netty.channel.DefaultChannelPool - Entry count for : http://localhost:53640 : 1
23:06:13.625 [AsyncHttpClient-1-8] DEBUG org.asynchttpclient.netty.handler.HttpHandler - 

Request DefaultHttpRequest(decodeResult: success, version: HTTP/1.1)
POST /session/d4a33b179bb2c3f75047e672af05a673/element/CC371B326198A3B0F19E5B90BFA6BCFA_element_40/click HTTP/1.1
User-Agent: selenium/4.13.0 (java mac)
Content-Length: 57
Content-Type: application/json; charset=utf-8
host: localhost:27791
accept: */*

Response DefaultHttpResponse(decodeResult: success, version: HTTP/1.1)
HTTP/1.1 400 Bad Request
Content-Length: 2858
Content-Type: application/json; charset=utf-8
cache-control: no-cache

23:06:13.625 [AsyncHttpClient-1-8] DEBUG org.asynchttpclient.netty.channel.ChannelManager - Adding key: http://localhost:27791 for channel [id: 0xf922f0f7, L:/127.0.0.1:53639 - R:localhost/127.0.0.1:27791]
Step 3 : Enter ahmedabad in from textbox.
23:06:13.627 [Forwarding findElement on session d4a33b179bb2c3f75047e672af05a673 to remote] DEBUG org.asynchttpclient.netty.request.NettyRequestSender - Using pooled Channel '[id: 0xf922f0f7, L:/127.0.0.1:53639 - R:localhost/127.0.0.1:27791]' for 'POST' to 'http://localhost:27791/session/d4a33b179bb2c3f75047e672af05a673/element'
23:06:13.627 [Forwarding findElement on session d4a33b179bb2c3f75047e672af05a673 to remote] DEBUG org.asynchttpclient.netty.request.NettyRequestSender - Using open Channel [id: 0xf922f0f7, L:/127.0.0.1:53639 - R:localhost/127.0.0.1:27791] for POST '/session/d4a33b179bb2c3f75047e672af05a673/element'
23:06:13.638 [AsyncHttpClient-1-8] DEBUG org.asynchttpclient.netty.handler.HttpHandler - 

Request DefaultHttpRequest(decodeResult: success, version: HTTP/1.1)
POST /session/d4a33b179bb2c3f75047e672af05a673/element HTTP/1.1
User-Agent: selenium/4.13.0 (java mac)
Content-Length: 70
Content-Type: application/json; charset=utf-8
host: localhost:27791
accept: */*

Response DefaultHttpResponse(decodeResult: success, version: HTTP/1.1)
HTTP/1.1 200 OK
Content-Length: 95
Content-Type: application/json; charset=utf-8
cache-control: no-cache

23:06:13.638 [AsyncHttpClient-1-8] DEBUG org.asynchttpclient.netty.channel.ChannelManager - Adding key: http://localhost:27791 for channel [id: 0xf922f0f7, L:/127.0.0.1:53639 - R:localhost/127.0.0.1:27791]
23:06:13.640 [Forwarding isElementDisplayed on session d4a33b179bb2c3f75047e672af05a673 to remote] DEBUG org.asynchttpclient.netty.request.NettyRequestSender - Using pooled Channel '[id: 0xf922f0f7, L:/127.0.0.1:53639 - R:localhost/127.0.0.1:27791]' for 'POST' to 'http://localhost:27791/session/d4a33b179bb2c3f75047e672af05a673/execute/sync'
23:06:13.640 [Forwarding isElementDisplayed on session d4a33b179bb2c3f75047e672af05a673 to remote] DEBUG org.asynchttpclient.netty.request.NettyRequestSender - Using open Channel [id: 0xf922f0f7, L:/127.0.0.1:53639 - R:localhost/127.0.0.1:27791] for POST '/session/d4a33b179bb2c3f75047e672af05a673/execute/sync'
23:06:13.648 [AsyncHttpClient-1-8] DEBUG org.asynchttpclient.netty.handler.HttpHandler - 

Request DefaultHttpRequest(decodeResult: success, version: HTTP/1.1)
POST /session/d4a33b179bb2c3f75047e672af05a673/execute/sync HTTP/1.1
User-Agent: selenium/4.13.0 (java mac)
Content-Length: 48814
Content-Type: application/json; charset=utf-8
host: localhost:27791
accept: */*

Response DefaultHttpResponse(decodeResult: success, version: HTTP/1.1)
HTTP/1.1 200 OK
Content-Length: 14
Content-Type: application/json; charset=utf-8
cache-control: no-cache

23:06:13.648 [AsyncHttpClient-1-8] DEBUG org.asynchttpclient.netty.channel.ChannelManager - Adding key: http://localhost:27791 for channel [id: 0xf922f0f7, L:/127.0.0.1:53639 - R:localhost/127.0.0.1:27791]
23:06:13.649 [Forwarding isElementEnabled on session d4a33b179bb2c3f75047e672af05a673 to remote] DEBUG org.asynchttpclient.netty.request.NettyRequestSender - Using pooled Channel '[id: 0xf922f0f7, L:/127.0.0.1:53639 - R:localhost/127.0.0.1:27791]' for 'GET' to 'http://localhost:27791/session/d4a33b179bb2c3f75047e672af05a673/element/CC371B326198A3B0F19E5B90BFA6BCFA_element_85/enabled'
23:06:13.649 [Forwarding isElementEnabled on session d4a33b179bb2c3f75047e672af05a673 to remote] DEBUG org.asynchttpclient.netty.request.NettyRequestSender - Using open Channel [id: 0xf922f0f7, L:/127.0.0.1:53639 - R:localhost/127.0.0.1:27791] for GET '/session/d4a33b179bb2c3f75047e672af05a673/element/CC371B326198A3B0F19E5B90BFA6BCFA_element_85/enabled'
23:06:13.654 [AsyncHttpClient-1-8] DEBUG org.asynchttpclient.netty.handler.HttpHandler - 

Request DefaultFullHttpRequest(decodeResult: success, version: HTTP/1.1, content: EmptyByteBufBE)
GET /session/d4a33b179bb2c3f75047e672af05a673/element/CC371B326198A3B0F19E5B90BFA6BCFA_element_85/enabled HTTP/1.1
Cache-Control: no-cache
User-Agent: selenium/4.13.0 (java mac)
Content-Type: application/json; charset=utf-8
host: localhost:27791
accept: */*

Response DefaultHttpResponse(decodeResult: success, version: HTTP/1.1)
HTTP/1.1 200 OK
Content-Length: 14
Content-Type: application/json; charset=utf-8
cache-control: no-cache

23:06:13.654 [AsyncHttpClient-1-8] DEBUG org.asynchttpclient.netty.channel.ChannelManager - Adding key: http://localhost:27791 for channel [id: 0xf922f0f7, L:/127.0.0.1:53639 - R:localhost/127.0.0.1:27791]
23:06:13.655 [Forwarding executeScript on session d4a33b179bb2c3f75047e672af05a673 to remote] DEBUG org.asynchttpclient.netty.request.NettyRequestSender - Using pooled Channel '[id: 0xf922f0f7, L:/127.0.0.1:53639 - R:localhost/127.0.0.1:27791]' for 'POST' to 'http://localhost:27791/session/d4a33b179bb2c3f75047e672af05a673/execute/sync'
23:06:13.656 [Forwarding executeScript on session d4a33b179bb2c3f75047e672af05a673 to remote] DEBUG org.asynchttpclient.netty.request.NettyRequestSender - Using open Channel [id: 0xf922f0f7, L:/127.0.0.1:53639 - R:localhost/127.0.0.1:27791] for POST '/session/d4a33b179bb2c3f75047e672af05a673/execute/sync'
23:06:13.659 [AsyncHttpClient-1-8] DEBUG org.asynchttpclient.netty.handler.HttpHandler - 

Request DefaultHttpRequest(decodeResult: success, version: HTTP/1.1)
POST /session/d4a33b179bb2c3f75047e672af05a673/execute/sync HTTP/1.1
User-Agent: selenium/4.13.0 (java mac)
Content-Length: 179
Content-Type: application/json; charset=utf-8
host: localhost:27791
accept: */*

Response DefaultHttpResponse(decodeResult: success, version: HTTP/1.1)
HTTP/1.1 200 OK
Content-Length: 14
Content-Type: application/json; charset=utf-8
cache-control: no-cache

23:06:13.660 [AsyncHttpClient-1-8] DEBUG org.asynchttpclient.netty.channel.ChannelManager - Adding key: http://localhost:27791 for channel [id: 0xf922f0f7, L:/127.0.0.1:53639 - R:localhost/127.0.0.1:27791]
23:06:13.660 [Forwarding clickElement on session d4a33b179bb2c3f75047e672af05a673 to remote] DEBUG org.asynchttpclient.netty.request.NettyRequestSender - Using pooled Channel '[id: 0xf922f0f7, L:/127.0.0.1:53639 - R:localhost/127.0.0.1:27791]' for 'POST' to 'http://localhost:27791/session/d4a33b179bb2c3f75047e672af05a673/element/CC371B326198A3B0F19E5B90BFA6BCFA_element_85/click'
23:06:13.661 [Forwarding clickElement on session d4a33b179bb2c3f75047e672af05a673 to remote] DEBUG org.asynchttpclient.netty.request.NettyRequestSender - Using open Channel [id: 0xf922f0f7, L:/127.0.0.1:53639 - R:localhost/127.0.0.1:27791] for POST '/session/d4a33b179bb2c3f75047e672af05a673/element/CC371B326198A3B0F19E5B90BFA6BCFA_element_85/click'
23:06:14.315 [AsyncHttpClient-1-1] DEBUG org.asynchttpclient.netty.channel.DefaultChannelPool - Entry count for : http://localhost:53640 : 1
23:06:14.706 [AsyncHttpClient-1-8] DEBUG org.asynchttpclient.netty.handler.HttpHandler - 

Request DefaultHttpRequest(decodeResult: success, version: HTTP/1.1)
POST /session/d4a33b179bb2c3f75047e672af05a673/element/CC371B326198A3B0F19E5B90BFA6BCFA_element_85/click HTTP/1.1
User-Agent: selenium/4.13.0 (java mac)
Content-Length: 57
Content-Type: application/json; charset=utf-8
host: localhost:27791
accept: */*

Response DefaultHttpResponse(decodeResult: success, version: HTTP/1.1)
HTTP/1.1 400 Bad Request
Content-Length: 2951
Content-Type: application/json; charset=utf-8
cache-control: no-cache

23:06:14.706 [AsyncHttpClient-1-8] DEBUG org.asynchttpclient.netty.channel.ChannelManager - Adding key: http://localhost:27791 for channel [id: 0xf922f0f7, L:/127.0.0.1:53639 - R:localhost/127.0.0.1:27791]
23:06:14.708 [Forwarding findElement on session d4a33b179bb2c3f75047e672af05a673 to remote] DEBUG org.asynchttpclient.netty.request.NettyRequestSender - Using pooled Channel '[id: 0xf922f0f7, L:/127.0.0.1:53639 - R:localhost/127.0.0.1:27791]' for 'POST' to 'http://localhost:27791/session/d4a33b179bb2c3f75047e672af05a673/element'
23:06:14.708 [Forwarding findElement on session d4a33b179bb2c3f75047e672af05a673 to remote] DEBUG org.asynchttpclient.netty.request.NettyRequestSender - Using open Channel [id: 0xf922f0f7, L:/127.0.0.1:53639 - R:localhost/127.0.0.1:27791] for POST '/session/d4a33b179bb2c3f75047e672af05a673/element'
23:06:14.718 [AsyncHttpClient-1-8] DEBUG org.asynchttpclient.netty.handler.HttpHandler - 

Request DefaultHttpRequest(decodeResult: success, version: HTTP/1.1)
POST /session/d4a33b179bb2c3f75047e672af05a673/element HTTP/1.1
User-Agent: selenium/4.13.0 (java mac)
Content-Length: 75
Content-Type: application/json; charset=utf-8
host: localhost:27791
accept: */*

Response DefaultHttpResponse(decodeResult: success, version: HTTP/1.1)
HTTP/1.1 404 Not Found
Content-Length: 1947
Content-Type: application/json; charset=utf-8
cache-control: no-cache

23:06:14.718 [AsyncHttpClient-1-8] DEBUG org.asynchttpclient.netty.channel.ChannelManager - Adding key: http://localhost:27791 for channel [id: 0xf922f0f7, L:/127.0.0.1:53639 - R:localhost/127.0.0.1:27791]
23:06:15.222 [Forwarding findElement on session d4a33b179bb2c3f75047e672af05a673 to remote] DEBUG org.asynchttpclient.netty.request.NettyRequestSender - Using pooled Channel '[id: 0xf922f0f7, L:/127.0.0.1:53639 - R:localhost/127.0.0.1:27791]' for 'POST' to 'http://localhost:27791/session/d4a33b179bb2c3f75047e672af05a673/element'
23:06:15.222 [Forwarding findElement on session d4a33b179bb2c3f75047e672af05a673 to remote] DEBUG org.asynchttpclient.netty.request.NettyRequestSender - Using open Channel [id: 0xf922f0f7, L:/127.0.0.1:53639 - R:localhost/127.0.0.1:27791] for POST '/session/d4a33b179bb2c3f75047e672af05a673/element'
23:06:15.229 [AsyncHttpClient-1-8] DEBUG org.asynchttpclient.netty.handler.HttpHandler - 

Request DefaultHttpRequest(decodeResult: success, version: HTTP/1.1)
POST /session/d4a33b179bb2c3f75047e672af05a673/element HTTP/1.1
User-Agent: selenium/4.13.0 (java mac)
Content-Length: 75
Content-Type: application/json; charset=utf-8
host: localhost:27791
accept: */*

Response DefaultHttpResponse(decodeResult: success, version: HTTP/1.1)
HTTP/1.1 404 Not Found
Content-Length: 1947
Content-Type: application/json; charset=utf-8
cache-control: no-cache

23:06:15.229 [AsyncHttpClient-1-8] DEBUG org.asynchttpclient.netty.channel.ChannelManager - Adding key: http://localhost:27791 for channel [id: 0xf922f0f7, L:/127.0.0.1:53639 - R:localhost/127.0.0.1:27791]
23:06:15.418 [AsyncHttpClient-1-1] DEBUG org.asynchttpclient.netty.channel.DefaultChannelPool - Entry count for : http://localhost:27791 : 1
23:06:15.418 [AsyncHttpClient-1-1] DEBUG org.asynchttpclient.netty.channel.DefaultChannelPool - Entry count for : http://localhost:53640 : 1
23:06:15.732 [Forwarding findElement on session d4a33b179bb2c3f75047e672af05a673 to remote] DEBUG org.asynchttpclient.netty.request.NettyRequestSender - Using pooled Channel '[id: 0xf922f0f7, L:/127.0.0.1:53639 - R:localhost/127.0.0.1:27791]' for 'POST' to 'http://localhost:27791/session/d4a33b179bb2c3f75047e672af05a673/element'
23:06:15.732 [Forwarding findElement on session d4a33b179bb2c3f75047e672af05a673 to remote] DEBUG org.asynchttpclient.netty.request.NettyRequestSender - Using open Channel [id: 0xf922f0f7, L:/127.0.0.1:53639 - R:localhost/127.0.0.1:27791] for POST '/session/d4a33b179bb2c3f75047e672af05a673/element'
23:06:15.738 [AsyncHttpClient-1-8] DEBUG org.asynchttpclient.netty.handler.HttpHandler - 

Request DefaultHttpRequest(decodeResult: success, version: HTTP/1.1)
POST /session/d4a33b179bb2c3f75047e672af05a673/element HTTP/1.1
User-Agent: selenium/4.13.0 (java mac)
Content-Length: 75
Content-Type: application/json; charset=utf-8
host: localhost:27791
accept: */*

Response DefaultHttpResponse(decodeResult: success, version: HTTP/1.1)
HTTP/1.1 404 Not Found
Content-Length: 1947
Content-Type: application/json; charset=utf-8
cache-control: no-cache

23:06:15.738 [AsyncHttpClient-1-8] DEBUG org.asynchttpclient.netty.channel.ChannelManager - Adding key: http://localhost:27791 for channel [id: 0xf922f0f7, L:/127.0.0.1:53639 - R:localhost/127.0.0.1:27791]
23:06:16.244 [Forwarding findElement on session d4a33b179bb2c3f75047e672af05a673 to remote] DEBUG org.asynchttpclient.netty.request.NettyRequestSender - Using pooled Channel '[id: 0xf922f0f7, L:/127.0.0.1:53639 - R:localhost/127.0.0.1:27791]' for 'POST' to 'http://localhost:27791/session/d4a33b179bb2c3f75047e672af05a673/element'
23:06:16.244 [Forwarding findElement on session d4a33b179bb2c3f75047e672af05a673 to remote] DEBUG org.asynchttpclient.netty.request.NettyRequestSender - Using open Channel [id: 0xf922f0f7, L:/127.0.0.1:53639 - R:localhost/127.0.0.1:27791] for POST '/session/d4a33b179bb2c3f75047e672af05a673/element'
23:06:16.253 [AsyncHttpClient-1-8] DEBUG org.asynchttpclient.netty.handler.HttpHandler - 

Request DefaultHttpRequest(decodeResult: success, version: HTTP/1.1)
POST /session/d4a33b179bb2c3f75047e672af05a673/element HTTP/1.1
User-Agent: selenium/4.13.0 (java mac)
Content-Length: 75
Content-Type: application/json; charset=utf-8
host: localhost:27791
accept: */*

Response DefaultHttpResponse(decodeResult: success, version: HTTP/1.1)
HTTP/1.1 404 Not Found
Content-Length: 1947
Content-Type: application/json; charset=utf-8
cache-control: no-cache

23:06:16.253 [AsyncHttpClient-1-8] DEBUG org.asynchttpclient.netty.channel.ChannelManager - Adding key: http://localhost:27791 for channel [id: 0xf922f0f7, L:/127.0.0.1:53639 - R:localhost/127.0.0.1:27791]
23:06:16.519 [AsyncHttpClient-1-1] DEBUG org.asynchttpclient.netty.channel.DefaultChannelPool - Entry count for : http://localhost:27791 : 1
23:06:16.519 [AsyncHttpClient-1-1] DEBUG org.asynchttpclient.netty.channel.DefaultChannelPool - Entry count for : http://localhost:53640 : 1
23:06:16.754 [Forwarding findElement on session d4a33b179bb2c3f75047e672af05a673 to remote] DEBUG org.asynchttpclient.netty.request.NettyRequestSender - Using pooled Channel '[id: 0xf922f0f7, L:/127.0.0.1:53639 - R:localhost/127.0.0.1:27791]' for 'POST' to 'http://localhost:27791/session/d4a33b179bb2c3f75047e672af05a673/element'
23:06:16.754 [Forwarding findElement on session d4a33b179bb2c3f75047e672af05a673 to remote] DEBUG org.asynchttpclient.netty.request.NettyRequestSender - Using open Channel [id: 0xf922f0f7, L:/127.0.0.1:53639 - R:localhost/127.0.0.1:27791] for POST '/session/d4a33b179bb2c3f75047e672af05a673/element'
23:06:16.760 [AsyncHttpClient-1-8] DEBUG org.asynchttpclient.netty.handler.HttpHandler - 

Request DefaultHttpRequest(decodeResult: success, version: HTTP/1.1)
POST /session/d4a33b179bb2c3f75047e672af05a673/element HTTP/1.1
User-Agent: selenium/4.13.0 (java mac)
Content-Length: 75
Content-Type: application/json; charset=utf-8
host: localhost:27791
accept: */*

Response DefaultHttpResponse(decodeResult: success, version: HTTP/1.1)
HTTP/1.1 404 Not Found
Content-Length: 1947
Content-Type: application/json; charset=utf-8
cache-control: no-cache

23:06:16.760 [AsyncHttpClient-1-8] DEBUG org.asynchttpclient.netty.channel.ChannelManager - Adding key: http://localhost:27791 for channel [id: 0xf922f0f7, L:/127.0.0.1:53639 - R:localhost/127.0.0.1:27791]
23:06:17.263 [Forwarding findElement on session d4a33b179bb2c3f75047e672af05a673 to remote] DEBUG org.asynchttpclient.netty.request.NettyRequestSender - Using pooled Channel '[id: 0xf922f0f7, L:/127.0.0.1:53639 - R:localhost/127.0.0.1:27791]' for 'POST' to 'http://localhost:27791/session/d4a33b179bb2c3f75047e672af05a673/element'
23:06:17.263 [Forwarding findElement on session d4a33b179bb2c3f75047e672af05a673 to remote] DEBUG org.asynchttpclient.netty.request.NettyRequestSender - Using open Channel [id: 0xf922f0f7, L:/127.0.0.1:53639 - R:localhost/127.0.0.1:27791] for POST '/session/d4a33b179bb2c3f75047e672af05a673/element'
23:06:17.270 [AsyncHttpClient-1-8] DEBUG org.asynchttpclient.netty.handler.HttpHandler - 

Request DefaultHttpRequest(decodeResult: success, version: HTTP/1.1)
POST /session/d4a33b179bb2c3f75047e672af05a673/element HTTP/1.1
User-Agent: selenium/4.13.0 (java mac)
Content-Length: 75
Content-Type: application/json; charset=utf-8
host: localhost:27791
accept: */*

Response DefaultHttpResponse(decodeResult: success, version: HTTP/1.1)
HTTP/1.1 404 Not Found
Content-Length: 1947
Content-Type: application/json; charset=utf-8
cache-control: no-cache

23:06:17.270 [AsyncHttpClient-1-8] DEBUG org.asynchttpclient.netty.channel.ChannelManager - Adding key: http://localhost:27791 for channel [id: 0xf922f0f7, L:/127.0.0.1:53639 - R:localhost/127.0.0.1:27791]
23:06:17.616 [AsyncHttpClient-1-1] DEBUG org.asynchttpclient.netty.channel.DefaultChannelPool - Entry count for : http://localhost:27791 : 1
23:06:17.616 [AsyncHttpClient-1-1] DEBUG org.asynchttpclient.netty.channel.DefaultChannelPool - Entry count for : http://localhost:53640 : 1
23:06:17.775 [Forwarding findElement on session d4a33b179bb2c3f75047e672af05a673 to remote] DEBUG org.asynchttpclient.netty.request.NettyRequestSender - Using pooled Channel '[id: 0xf922f0f7, L:/127.0.0.1:53639 - R:localhost/127.0.0.1:27791]' for 'POST' to 'http://localhost:27791/session/d4a33b179bb2c3f75047e672af05a673/element'
23:06:17.775 [Forwarding findElement on session d4a33b179bb2c3f75047e672af05a673 to remote] DEBUG org.asynchttpclient.netty.request.NettyRequestSender - Using open Channel [id: 0xf922f0f7, L:/127.0.0.1:53639 - R:localhost/127.0.0.1:27791] for POST '/session/d4a33b179bb2c3f75047e672af05a673/element'
23:06:17.780 [AsyncHttpClient-1-8] DEBUG org.asynchttpclient.netty.handler.HttpHandler - 

Request DefaultHttpRequest(decodeResult: success, version: HTTP/1.1)
POST /session/d4a33b179bb2c3f75047e672af05a673/element HTTP/1.1
User-Agent: selenium/4.13.0 (java mac)
Content-Length: 75
Content-Type: application/json; charset=utf-8
host: localhost:27791
accept: */*

Response DefaultHttpResponse(decodeResult: success, version: HTTP/1.1)
HTTP/1.1 404 Not Found
Content-Length: 1947
Content-Type: application/json; charset=utf-8
cache-control: no-cache

23:06:17.781 [AsyncHttpClient-1-8] DEBUG org.asynchttpclient.netty.channel.ChannelManager - Adding key: http://localhost:27791 for channel [id: 0xf922f0f7, L:/127.0.0.1:53639 - R:localhost/127.0.0.1:27791]
23:06:18.283 [Forwarding findElement on session d4a33b179bb2c3f75047e672af05a673 to remote] DEBUG org.asynchttpclient.netty.request.NettyRequestSender - Using pooled Channel '[id: 0xf922f0f7, L:/127.0.0.1:53639 - R:localhost/127.0.0.1:27791]' for 'POST' to 'http://localhost:27791/session/d4a33b179bb2c3f75047e672af05a673/element'
23:06:18.284 [Forwarding findElement on session d4a33b179bb2c3f75047e672af05a673 to remote] DEBUG org.asynchttpclient.netty.request.NettyRequestSender - Using open Channel [id: 0xf922f0f7, L:/127.0.0.1:53639 - R:localhost/127.0.0.1:27791] for POST '/session/d4a33b179bb2c3f75047e672af05a673/element'
23:06:18.296 [AsyncHttpClient-1-8] DEBUG org.asynchttpclient.netty.handler.HttpHandler - 

Request DefaultHttpRequest(decodeResult: success, version: HTTP/1.1)
POST /session/d4a33b179bb2c3f75047e672af05a673/element HTTP/1.1
User-Agent: selenium/4.13.0 (java mac)
Content-Length: 75
Content-Type: application/json; charset=utf-8
host: localhost:27791
accept: */*

Response DefaultHttpResponse(decodeResult: success, version: HTTP/1.1)
HTTP/1.1 404 Not Found
Content-Length: 1947
Content-Type: application/json; charset=utf-8
cache-control: no-cache

23:06:18.297 [AsyncHttpClient-1-8] DEBUG org.asynchttpclient.netty.channel.ChannelManager - Adding key: http://localhost:27791 for channel [id: 0xf922f0f7, L:/127.0.0.1:53639 - R:localhost/127.0.0.1:27791]
23:06:18.717 [AsyncHttpClient-1-1] DEBUG org.asynchttpclient.netty.channel.DefaultChannelPool - Entry count for : http://localhost:27791 : 1
23:06:18.718 [AsyncHttpClient-1-1] DEBUG org.asynchttpclient.netty.channel.DefaultChannelPool - Entry count for : http://localhost:53640 : 1
23:06:18.799 [Forwarding findElement on session d4a33b179bb2c3f75047e672af05a673 to remote] DEBUG org.asynchttpclient.netty.request.NettyRequestSender - Using pooled Channel '[id: 0xf922f0f7, L:/127.0.0.1:53639 - R:localhost/127.0.0.1:27791]' for 'POST' to 'http://localhost:27791/session/d4a33b179bb2c3f75047e672af05a673/element'
23:06:18.800 [Forwarding findElement on session d4a33b179bb2c3f75047e672af05a673 to remote] DEBUG org.asynchttpclient.netty.request.NettyRequestSender - Using open Channel [id: 0xf922f0f7, L:/127.0.0.1:53639 - R:localhost/127.0.0.1:27791] for POST '/session/d4a33b179bb2c3f75047e672af05a673/element'
23:06:18.819 [AsyncHttpClient-1-8] DEBUG org.asynchttpclient.netty.handler.HttpHandler - 

Request DefaultHttpRequest(decodeResult: success, version: HTTP/1.1)
POST /session/d4a33b179bb2c3f75047e672af05a673/element HTTP/1.1
User-Agent: selenium/4.13.0 (java mac)
Content-Length: 75
Content-Type: application/json; charset=utf-8
host: localhost:27791
accept: */*

Response DefaultHttpResponse(decodeResult: success, version: HTTP/1.1)
HTTP/1.1 404 Not Found
Content-Length: 1947
Content-Type: application/json; charset=utf-8
cache-control: no-cache

23:06:18.819 [AsyncHttpClient-1-8] DEBUG org.asynchttpclient.netty.channel.ChannelManager - Adding key: http://localhost:27791 for channel [id: 0xf922f0f7, L:/127.0.0.1:53639 - R:localhost/127.0.0.1:27791]
23:06:19.322 [Forwarding findElement on session d4a33b179bb2c3f75047e672af05a673 to remote] DEBUG org.asynchttpclient.netty.request.NettyRequestSender - Using pooled Channel '[id: 0xf922f0f7, L:/127.0.0.1:53639 - R:localhost/127.0.0.1:27791]' for 'POST' to 'http://localhost:27791/session/d4a33b179bb2c3f75047e672af05a673/element'
23:06:19.323 [Forwarding findElement on session d4a33b179bb2c3f75047e672af05a673 to remote] DEBUG org.asynchttpclient.netty.request.NettyRequestSender - Using open Channel [id: 0xf922f0f7, L:/127.0.0.1:53639 - R:localhost/127.0.0.1:27791] for POST '/session/d4a33b179bb2c3f75047e672af05a673/element'
23:06:19.328 [AsyncHttpClient-1-8] DEBUG org.asynchttpclient.netty.handler.HttpHandler - 

Request DefaultHttpRequest(decodeResult: success, version: HTTP/1.1)
POST /session/d4a33b179bb2c3f75047e672af05a673/element HTTP/1.1
User-Agent: selenium/4.13.0 (java mac)
Content-Length: 75
Content-Type: application/json; charset=utf-8
host: localhost:27791
accept: */*

Response DefaultHttpResponse(decodeResult: success, version: HTTP/1.1)
HTTP/1.1 404 Not Found
Content-Length: 1947
Content-Type: application/json; charset=utf-8
cache-control: no-cache

23:06:19.328 [AsyncHttpClient-1-8] DEBUG org.asynchttpclient.netty.channel.ChannelManager - Adding key: http://localhost:27791 for channel [id: 0xf922f0f7, L:/127.0.0.1:53639 - R:localhost/127.0.0.1:27791]
23:06:19.817 [AsyncHttpClient-1-1] DEBUG org.asynchttpclient.netty.channel.DefaultChannelPool - Entry count for : http://localhost:27791 : 1
23:06:19.817 [AsyncHttpClient-1-1] DEBUG org.asynchttpclient.netty.channel.DefaultChannelPool - Entry count for : http://localhost:53640 : 1
23:06:19.830 [Forwarding findElement on session d4a33b179bb2c3f75047e672af05a673 to remote] DEBUG org.asynchttpclient.netty.request.NettyRequestSender - Using pooled Channel '[id: 0xf922f0f7, L:/127.0.0.1:53639 - R:localhost/127.0.0.1:27791]' for 'POST' to 'http://localhost:27791/session/d4a33b179bb2c3f75047e672af05a673/element'
23:06:19.830 [Forwarding findElement on session d4a33b179bb2c3f75047e672af05a673 to remote] DEBUG org.asynchttpclient.netty.request.NettyRequestSender - Using open Channel [id: 0xf922f0f7, L:/127.0.0.1:53639 - R:localhost/127.0.0.1:27791] for POST '/session/d4a33b179bb2c3f75047e672af05a673/element'
23:06:19.838 [AsyncHttpClient-1-8] DEBUG org.asynchttpclient.netty.handler.HttpHandler - 

Request DefaultHttpRequest(decodeResult: success, version: HTTP/1.1)
POST /session/d4a33b179bb2c3f75047e672af05a673/element HTTP/1.1
User-Agent: selenium/4.13.0 (java mac)
Content-Length: 75
Content-Type: application/json; charset=utf-8
host: localhost:27791
accept: */*

Response DefaultHttpResponse(decodeResult: success, version: HTTP/1.1)
HTTP/1.1 404 Not Found
Content-Length: 1947
Content-Type: application/json; charset=utf-8
cache-control: no-cache

23:06:19.838 [AsyncHttpClient-1-8] DEBUG org.asynchttpclient.netty.channel.ChannelManager - Adding key: http://localhost:27791 for channel [id: 0xf922f0f7, L:/127.0.0.1:53639 - R:localhost/127.0.0.1:27791]
23:06:20.343 [Forwarding findElement on session d4a33b179bb2c3f75047e672af05a673 to remote] DEBUG org.asynchttpclient.netty.request.NettyRequestSender - Using pooled Channel '[id: 0xf922f0f7, L:/127.0.0.1:53639 - R:localhost/127.0.0.1:27791]' for 'POST' to 'http://localhost:27791/session/d4a33b179bb2c3f75047e672af05a673/element'
23:06:20.343 [Forwarding findElement on session d4a33b179bb2c3f75047e672af05a673 to remote] DEBUG org.asynchttpclient.netty.request.NettyRequestSender - Using open Channel [id: 0xf922f0f7, L:/127.0.0.1:53639 - R:localhost/127.0.0.1:27791] for POST '/session/d4a33b179bb2c3f75047e672af05a673/element'
23:06:20.350 [AsyncHttpClient-1-8] DEBUG org.asynchttpclient.netty.handler.HttpHandler - 

Request DefaultHttpRequest(decodeResult: success, version: HTTP/1.1)
POST /session/d4a33b179bb2c3f75047e672af05a673/element HTTP/1.1
User-Agent: selenium/4.13.0 (java mac)
Content-Length: 75
Content-Type: application/json; charset=utf-8
host: localhost:27791
accept: */*

Response DefaultHttpResponse(decodeResult: success, version: HTTP/1.1)
HTTP/1.1 404 Not Found
Content-Length: 1947
Content-Type: application/json; charset=utf-8
cache-control: no-cache

23:06:20.350 [AsyncHttpClient-1-8] DEBUG org.asynchttpclient.netty.channel.ChannelManager - Adding key: http://localhost:27791 for channel [id: 0xf922f0f7, L:/127.0.0.1:53639 - R:localhost/127.0.0.1:27791]
23:06:20.852 [Forwarding findElement on session d4a33b179bb2c3f75047e672af05a673 to remote] DEBUG org.asynchttpclient.netty.request.NettyRequestSender - Using pooled Channel '[id: 0xf922f0f7, L:/127.0.0.1:53639 - R:localhost/127.0.0.1:27791]' for 'POST' to 'http://localhost:27791/session/d4a33b179bb2c3f75047e672af05a673/element'
23:06:20.852 [Forwarding findElement on session d4a33b179bb2c3f75047e672af05a673 to remote] DEBUG org.asynchttpclient.netty.request.NettyRequestSender - Using open Channel [id: 0xf922f0f7, L:/127.0.0.1:53639 - R:localhost/127.0.0.1:27791] for POST '/session/d4a33b179bb2c3f75047e672af05a673/element'
23:06:20.860 [AsyncHttpClient-1-8] DEBUG org.asynchttpclient.netty.handler.HttpHandler - 

Request DefaultHttpRequest(decodeResult: success, version: HTTP/1.1)
POST /session/d4a33b179bb2c3f75047e672af05a673/element HTTP/1.1
User-Agent: selenium/4.13.0 (java mac)
Content-Length: 75
Content-Type: application/json; charset=utf-8
host: localhost:27791
accept: */*

Response DefaultHttpResponse(decodeResult: success, version: HTTP/1.1)
HTTP/1.1 404 Not Found
Content-Length: 1947
Content-Type: application/json; charset=utf-8
cache-control: no-cache

23:06:20.860 [AsyncHttpClient-1-8] DEBUG org.asynchttpclient.netty.channel.ChannelManager - Adding key: http://localhost:27791 for channel [id: 0xf922f0f7, L:/127.0.0.1:53639 - R:localhost/127.0.0.1:27791]
23:06:20.916 [AsyncHttpClient-1-1] DEBUG org.asynchttpclient.netty.channel.DefaultChannelPool - Entry count for : http://localhost:27791 : 1
23:06:20.916 [AsyncHttpClient-1-1] DEBUG org.asynchttpclient.netty.channel.DefaultChannelPool - Entry count for : http://localhost:53640 : 1
23:06:21.362 [Forwarding findElement on session d4a33b179bb2c3f75047e672af05a673 to remote] DEBUG org.asynchttpclient.netty.request.NettyRequestSender - Using pooled Channel '[id: 0xf922f0f7, L:/127.0.0.1:53639 - R:localhost/127.0.0.1:27791]' for 'POST' to 'http://localhost:27791/session/d4a33b179bb2c3f75047e672af05a673/element'
23:06:21.362 [Forwarding findElement on session d4a33b179bb2c3f75047e672af05a673 to remote] DEBUG org.asynchttpclient.netty.request.NettyRequestSender - Using open Channel [id: 0xf922f0f7, L:/127.0.0.1:53639 - R:localhost/127.0.0.1:27791] for POST '/session/d4a33b179bb2c3f75047e672af05a673/element'
23:06:21.367 [AsyncHttpClient-1-8] DEBUG org.asynchttpclient.netty.handler.HttpHandler - 

Request DefaultHttpRequest(decodeResult: success, version: HTTP/1.1)
POST /session/d4a33b179bb2c3f75047e672af05a673/element HTTP/1.1
User-Agent: selenium/4.13.0 (java mac)
Content-Length: 75
Content-Type: application/json; charset=utf-8
host: localhost:27791
accept: */*

Response DefaultHttpResponse(decodeResult: success, version: HTTP/1.1)
HTTP/1.1 404 Not Found
Content-Length: 1947
Content-Type: application/json; charset=utf-8
cache-control: no-cache

23:06:21.367 [AsyncHttpClient-1-8] DEBUG org.asynchttpclient.netty.channel.ChannelManager - Adding key: http://localhost:27791 for channel [id: 0xf922f0f7, L:/127.0.0.1:53639 - R:localhost/127.0.0.1:27791]
23:06:21.872 [Forwarding findElement on session d4a33b179bb2c3f75047e672af05a673 to remote] DEBUG org.asynchttpclient.netty.request.NettyRequestSender - Using pooled Channel '[id: 0xf922f0f7, L:/127.0.0.1:53639 - R:localhost/127.0.0.1:27791]' for 'POST' to 'http://localhost:27791/session/d4a33b179bb2c3f75047e672af05a673/element'
23:06:21.872 [Forwarding findElement on session d4a33b179bb2c3f75047e672af05a673 to remote] DEBUG org.asynchttpclient.netty.request.NettyRequestSender - Using open Channel [id: 0xf922f0f7, L:/127.0.0.1:53639 - R:localhost/127.0.0.1:27791] for POST '/session/d4a33b179bb2c3f75047e672af05a673/element'
23:06:21.878 [AsyncHttpClient-1-8] DEBUG org.asynchttpclient.netty.handler.HttpHandler - 

Request DefaultHttpRequest(decodeResult: success, version: HTTP/1.1)
POST /session/d4a33b179bb2c3f75047e672af05a673/element HTTP/1.1
User-Agent: selenium/4.13.0 (java mac)
Content-Length: 75
Content-Type: application/json; charset=utf-8
host: localhost:27791
accept: */*

Response DefaultHttpResponse(decodeResult: success, version: HTTP/1.1)
HTTP/1.1 404 Not Found
Content-Length: 1947
Content-Type: application/json; charset=utf-8
cache-control: no-cache

23:06:21.879 [AsyncHttpClient-1-8] DEBUG org.asynchttpclient.netty.channel.ChannelManager - Adding key: http://localhost:27791 for channel [id: 0xf922f0f7, L:/127.0.0.1:53639 - R:localhost/127.0.0.1:27791]
23:06:22.017 [AsyncHttpClient-1-1] DEBUG org.asynchttpclient.netty.channel.DefaultChannelPool - Entry count for : http://localhost:27791 : 1
23:06:22.017 [AsyncHttpClient-1-1] DEBUG org.asynchttpclient.netty.channel.DefaultChannelPool - Entry count for : http://localhost:53640 : 1
23:06:22.382 [Forwarding findElement on session d4a33b179bb2c3f75047e672af05a673 to remote] DEBUG org.asynchttpclient.netty.request.NettyRequestSender - Using pooled Channel '[id: 0xf922f0f7, L:/127.0.0.1:53639 - R:localhost/127.0.0.1:27791]' for 'POST' to 'http://localhost:27791/session/d4a33b179bb2c3f75047e672af05a673/element'
23:06:22.382 [Forwarding findElement on session d4a33b179bb2c3f75047e672af05a673 to remote] DEBUG org.asynchttpclient.netty.request.NettyRequestSender - Using open Channel [id: 0xf922f0f7, L:/127.0.0.1:53639 - R:localhost/127.0.0.1:27791] for POST '/session/d4a33b179bb2c3f75047e672af05a673/element'
23:06:22.389 [AsyncHttpClient-1-8] DEBUG org.asynchttpclient.netty.handler.HttpHandler - 

Request DefaultHttpRequest(decodeResult: success, version: HTTP/1.1)
POST /session/d4a33b179bb2c3f75047e672af05a673/element HTTP/1.1
User-Agent: selenium/4.13.0 (java mac)
Content-Length: 75
Content-Type: application/json; charset=utf-8
host: localhost:27791
accept: */*

Response DefaultHttpResponse(decodeResult: success, version: HTTP/1.1)
HTTP/1.1 404 Not Found
Content-Length: 1947
Content-Type: application/json; charset=utf-8
cache-control: no-cache

23:06:22.389 [AsyncHttpClient-1-8] DEBUG org.asynchttpclient.netty.channel.ChannelManager - Adding key: http://localhost:27791 for channel [id: 0xf922f0f7, L:/127.0.0.1:53639 - R:localhost/127.0.0.1:27791]
23:06:22.891 [Forwarding findElement on session d4a33b179bb2c3f75047e672af05a673 to remote] DEBUG org.asynchttpclient.netty.request.NettyRequestSender - Using pooled Channel '[id: 0xf922f0f7, L:/127.0.0.1:53639 - R:localhost/127.0.0.1:27791]' for 'POST' to 'http://localhost:27791/session/d4a33b179bb2c3f75047e672af05a673/element'
23:06:22.891 [Forwarding findElement on session d4a33b179bb2c3f75047e672af05a673 to remote] DEBUG org.asynchttpclient.netty.request.NettyRequestSender - Using open Channel [id: 0xf922f0f7, L:/127.0.0.1:53639 - R:localhost/127.0.0.1:27791] for POST '/session/d4a33b179bb2c3f75047e672af05a673/element'
23:06:22.897 [AsyncHttpClient-1-8] DEBUG org.asynchttpclient.netty.handler.HttpHandler - 

Request DefaultHttpRequest(decodeResult: success, version: HTTP/1.1)
POST /session/d4a33b179bb2c3f75047e672af05a673/element HTTP/1.1
User-Agent: selenium/4.13.0 (java mac)
Content-Length: 75
Content-Type: application/json; charset=utf-8
host: localhost:27791
accept: */*

Response DefaultHttpResponse(decodeResult: success, version: HTTP/1.1)
HTTP/1.1 404 Not Found
Content-Length: 1947
Content-Type: application/json; charset=utf-8
cache-control: no-cache

23:06:22.897 [AsyncHttpClient-1-8] DEBUG org.asynchttpclient.netty.channel.ChannelManager - Adding key: http://localhost:27791 for channel [id: 0xf922f0f7, L:/127.0.0.1:53639 - R:localhost/127.0.0.1:27791]
23:06:23.115 [AsyncHttpClient-1-1] DEBUG org.asynchttpclient.netty.channel.DefaultChannelPool - Entry count for : http://localhost:27791 : 1
23:06:23.115 [AsyncHttpClient-1-1] DEBUG org.asynchttpclient.netty.channel.DefaultChannelPool - Entry count for : http://localhost:53640 : 1
23:06:23.399 [Forwarding findElement on session d4a33b179bb2c3f75047e672af05a673 to remote] DEBUG org.asynchttpclient.netty.request.NettyRequestSender - Using pooled Channel '[id: 0xf922f0f7, L:/127.0.0.1:53639 - R:localhost/127.0.0.1:27791]' for 'POST' to 'http://localhost:27791/session/d4a33b179bb2c3f75047e672af05a673/element'
23:06:23.399 [Forwarding findElement on session d4a33b179bb2c3f75047e672af05a673 to remote] DEBUG org.asynchttpclient.netty.request.NettyRequestSender - Using open Channel [id: 0xf922f0f7, L:/127.0.0.1:53639 - R:localhost/127.0.0.1:27791] for POST '/session/d4a33b179bb2c3f75047e672af05a673/element'
23:06:23.405 [AsyncHttpClient-1-8] DEBUG org.asynchttpclient.netty.handler.HttpHandler - 

Request DefaultHttpRequest(decodeResult: success, version: HTTP/1.1)
POST /session/d4a33b179bb2c3f75047e672af05a673/element HTTP/1.1
User-Agent: selenium/4.13.0 (java mac)
Content-Length: 75
Content-Type: application/json; charset=utf-8
host: localhost:27791
accept: */*

Response DefaultHttpResponse(decodeResult: success, version: HTTP/1.1)
HTTP/1.1 404 Not Found
Content-Length: 1947
Content-Type: application/json; charset=utf-8
cache-control: no-cache

23:06:23.405 [AsyncHttpClient-1-8] DEBUG org.asynchttpclient.netty.channel.ChannelManager - Adding key: http://localhost:27791 for channel [id: 0xf922f0f7, L:/127.0.0.1:53639 - R:localhost/127.0.0.1:27791]
23:06:23.909 [Forwarding findElement on session d4a33b179bb2c3f75047e672af05a673 to remote] DEBUG org.asynchttpclient.netty.request.NettyRequestSender - Using pooled Channel '[id: 0xf922f0f7, L:/127.0.0.1:53639 - R:localhost/127.0.0.1:27791]' for 'POST' to 'http://localhost:27791/session/d4a33b179bb2c3f75047e672af05a673/element'
23:06:23.909 [Forwarding findElement on session d4a33b179bb2c3f75047e672af05a673 to remote] DEBUG org.asynchttpclient.netty.request.NettyRequestSender - Using open Channel [id: 0xf922f0f7, L:/127.0.0.1:53639 - R:localhost/127.0.0.1:27791] for POST '/session/d4a33b179bb2c3f75047e672af05a673/element'
23:06:23.918 [AsyncHttpClient-1-8] DEBUG org.asynchttpclient.netty.handler.HttpHandler - 

Request DefaultHttpRequest(decodeResult: success, version: HTTP/1.1)
POST /session/d4a33b179bb2c3f75047e672af05a673/element HTTP/1.1
User-Agent: selenium/4.13.0 (java mac)
Content-Length: 75
Content-Type: application/json; charset=utf-8
host: localhost:27791
accept: */*

Response DefaultHttpResponse(decodeResult: success, version: HTTP/1.1)
HTTP/1.1 404 Not Found
Content-Length: 1947
Content-Type: application/json; charset=utf-8
cache-control: no-cache

23:06:23.918 [AsyncHttpClient-1-8] DEBUG org.asynchttpclient.netty.channel.ChannelManager - Adding key: http://localhost:27791 for channel [id: 0xf922f0f7, L:/127.0.0.1:53639 - R:localhost/127.0.0.1:27791]
23:06:24.218 [AsyncHttpClient-1-1] DEBUG org.asynchttpclient.netty.channel.DefaultChannelPool - Entry count for : http://localhost:27791 : 1
23:06:24.218 [AsyncHttpClient-1-1] DEBUG org.asynchttpclient.netty.channel.DefaultChannelPool - Entry count for : http://localhost:53640 : 1
23:06:24.422 [Forwarding findElement on session d4a33b179bb2c3f75047e672af05a673 to remote] DEBUG org.asynchttpclient.netty.request.NettyRequestSender - Using pooled Channel '[id: 0xf922f0f7, L:/127.0.0.1:53639 - R:localhost/127.0.0.1:27791]' for 'POST' to 'http://localhost:27791/session/d4a33b179bb2c3f75047e672af05a673/element'
23:06:24.422 [Forwarding findElement on session d4a33b179bb2c3f75047e672af05a673 to remote] DEBUG org.asynchttpclient.netty.request.NettyRequestSender - Using open Channel [id: 0xf922f0f7, L:/127.0.0.1:53639 - R:localhost/127.0.0.1:27791] for POST '/session/d4a33b179bb2c3f75047e672af05a673/element'
23:06:24.428 [AsyncHttpClient-1-8] DEBUG org.asynchttpclient.netty.handler.HttpHandler - 

Request DefaultHttpRequest(decodeResult: success, version: HTTP/1.1)
POST /session/d4a33b179bb2c3f75047e672af05a673/element HTTP/1.1
User-Agent: selenium/4.13.0 (java mac)
Content-Length: 75
Content-Type: application/json; charset=utf-8
host: localhost:27791
accept: */*

Response DefaultHttpResponse(decodeResult: success, version: HTTP/1.1)
HTTP/1.1 404 Not Found
Content-Length: 1947
Content-Type: application/json; charset=utf-8
cache-control: no-cache

23:06:24.428 [AsyncHttpClient-1-8] DEBUG org.asynchttpclient.netty.channel.ChannelManager - Adding key: http://localhost:27791 for channel [id: 0xf922f0f7, L:/127.0.0.1:53639 - R:localhost/127.0.0.1:27791]
23:06:24.933 [Forwarding findElement on session d4a33b179bb2c3f75047e672af05a673 to remote] DEBUG org.asynchttpclient.netty.request.NettyRequestSender - Using pooled Channel '[id: 0xf922f0f7, L:/127.0.0.1:53639 - R:localhost/127.0.0.1:27791]' for 'POST' to 'http://localhost:27791/session/d4a33b179bb2c3f75047e672af05a673/element'
23:06:24.933 [Forwarding findElement on session d4a33b179bb2c3f75047e672af05a673 to remote] DEBUG org.asynchttpclient.netty.request.NettyRequestSender - Using open Channel [id: 0xf922f0f7, L:/127.0.0.1:53639 - R:localhost/127.0.0.1:27791] for POST '/session/d4a33b179bb2c3f75047e672af05a673/element'
23:06:24.940 [AsyncHttpClient-1-8] DEBUG org.asynchttpclient.netty.handler.HttpHandler - 

Request DefaultHttpRequest(decodeResult: success, version: HTTP/1.1)
POST /session/d4a33b179bb2c3f75047e672af05a673/element HTTP/1.1
User-Agent: selenium/4.13.0 (java mac)
Content-Length: 75
Content-Type: application/json; charset=utf-8
host: localhost:27791
accept: */*

Response DefaultHttpResponse(decodeResult: success, version: HTTP/1.1)
HTTP/1.1 404 Not Found
Content-Length: 1947
Content-Type: application/json; charset=utf-8
cache-control: no-cache

23:06:24.940 [AsyncHttpClient-1-8] DEBUG org.asynchttpclient.netty.channel.ChannelManager - Adding key: http://localhost:27791 for channel [id: 0xf922f0f7, L:/127.0.0.1:53639 - R:localhost/127.0.0.1:27791]
23:06:25.319 [AsyncHttpClient-1-1] DEBUG org.asynchttpclient.netty.channel.DefaultChannelPool - Entry count for : http://localhost:27791 : 1
23:06:25.319 [AsyncHttpClient-1-1] DEBUG org.asynchttpclient.netty.channel.DefaultChannelPool - Entry count for : http://localhost:53640 : 1
23:06:25.446 [Forwarding findElement on session d4a33b179bb2c3f75047e672af05a673 to remote] DEBUG org.asynchttpclient.netty.request.NettyRequestSender - Using pooled Channel '[id: 0xf922f0f7, L:/127.0.0.1:53639 - R:localhost/127.0.0.1:27791]' for 'POST' to 'http://localhost:27791/session/d4a33b179bb2c3f75047e672af05a673/element'
23:06:25.446 [Forwarding findElement on session d4a33b179bb2c3f75047e672af05a673 to remote] DEBUG org.asynchttpclient.netty.request.NettyRequestSender - Using open Channel [id: 0xf922f0f7, L:/127.0.0.1:53639 - R:localhost/127.0.0.1:27791] for POST '/session/d4a33b179bb2c3f75047e672af05a673/element'
23:06:25.451 [AsyncHttpClient-1-8] DEBUG org.asynchttpclient.netty.handler.HttpHandler - 

Request DefaultHttpRequest(decodeResult: success, version: HTTP/1.1)
POST /session/d4a33b179bb2c3f75047e672af05a673/element HTTP/1.1
User-Agent: selenium/4.13.0 (java mac)
Content-Length: 75
Content-Type: application/json; charset=utf-8
host: localhost:27791
accept: */*

Response DefaultHttpResponse(decodeResult: success, version: HTTP/1.1)
HTTP/1.1 404 Not Found
Content-Length: 1947
Content-Type: application/json; charset=utf-8
cache-control: no-cache

23:06:25.452 [AsyncHttpClient-1-8] DEBUG org.asynchttpclient.netty.channel.ChannelManager - Adding key: http://localhost:27791 for channel [id: 0xf922f0f7, L:/127.0.0.1:53639 - R:localhost/127.0.0.1:27791]
23:06:25.953 [Forwarding findElement on session d4a33b179bb2c3f75047e672af05a673 to remote] DEBUG org.asynchttpclient.netty.request.NettyRequestSender - Using pooled Channel '[id: 0xf922f0f7, L:/127.0.0.1:53639 - R:localhost/127.0.0.1:27791]' for 'POST' to 'http://localhost:27791/session/d4a33b179bb2c3f75047e672af05a673/element'
23:06:25.953 [Forwarding findElement on session d4a33b179bb2c3f75047e672af05a673 to remote] DEBUG org.asynchttpclient.netty.request.NettyRequestSender - Using open Channel [id: 0xf922f0f7, L:/127.0.0.1:53639 - R:localhost/127.0.0.1:27791] for POST '/session/d4a33b179bb2c3f75047e672af05a673/element'
23:06:25.959 [AsyncHttpClient-1-8] DEBUG org.asynchttpclient.netty.handler.HttpHandler - 

Request DefaultHttpRequest(decodeResult: success, version: HTTP/1.1)
POST /session/d4a33b179bb2c3f75047e672af05a673/element HTTP/1.1
User-Agent: selenium/4.13.0 (java mac)
Content-Length: 75
Content-Type: application/json; charset=utf-8
host: localhost:27791
accept: */*

Response DefaultHttpResponse(decodeResult: success, version: HTTP/1.1)
HTTP/1.1 404 Not Found
Content-Length: 1947
Content-Type: application/json; charset=utf-8
cache-control: no-cache

23:06:25.959 [AsyncHttpClient-1-8] DEBUG org.asynchttpclient.netty.channel.ChannelManager - Adding key: http://localhost:27791 for channel [id: 0xf922f0f7, L:/127.0.0.1:53639 - R:localhost/127.0.0.1:27791]
23:06:26.418 [AsyncHttpClient-1-1] DEBUG org.asynchttpclient.netty.channel.DefaultChannelPool - Entry count for : http://localhost:27791 : 1
23:06:26.418 [AsyncHttpClient-1-1] DEBUG org.asynchttpclient.netty.channel.DefaultChannelPool - Entry count for : http://localhost:53640 : 1
23:06:26.461 [Forwarding findElement on session d4a33b179bb2c3f75047e672af05a673 to remote] DEBUG org.asynchttpclient.netty.request.NettyRequestSender - Using pooled Channel '[id: 0xf922f0f7, L:/127.0.0.1:53639 - R:localhost/127.0.0.1:27791]' for 'POST' to 'http://localhost:27791/session/d4a33b179bb2c3f75047e672af05a673/element'
23:06:26.461 [Forwarding findElement on session d4a33b179bb2c3f75047e672af05a673 to remote] DEBUG org.asynchttpclient.netty.request.NettyRequestSender - Using open Channel [id: 0xf922f0f7, L:/127.0.0.1:53639 - R:localhost/127.0.0.1:27791] for POST '/session/d4a33b179bb2c3f75047e672af05a673/element'
23:06:26.468 [AsyncHttpClient-1-8] DEBUG org.asynchttpclient.netty.handler.HttpHandler - 

Request DefaultHttpRequest(decodeResult: success, version: HTTP/1.1)
POST /session/d4a33b179bb2c3f75047e672af05a673/element HTTP/1.1
User-Agent: selenium/4.13.0 (java mac)
Content-Length: 75
Content-Type: application/json; charset=utf-8
host: localhost:27791
accept: */*

Response DefaultHttpResponse(decodeResult: success, version: HTTP/1.1)
HTTP/1.1 404 Not Found
Content-Length: 1947
Content-Type: application/json; charset=utf-8
cache-control: no-cache

23:06:26.468 [AsyncHttpClient-1-8] DEBUG org.asynchttpclient.netty.channel.ChannelManager - Adding key: http://localhost:27791 for channel [id: 0xf922f0f7, L:/127.0.0.1:53639 - R:localhost/127.0.0.1:27791]
23:06:26.972 [Forwarding findElement on session d4a33b179bb2c3f75047e672af05a673 to remote] DEBUG org.asynchttpclient.netty.request.NettyRequestSender - Using pooled Channel '[id: 0xf922f0f7, L:/127.0.0.1:53639 - R:localhost/127.0.0.1:27791]' for 'POST' to 'http://localhost:27791/session/d4a33b179bb2c3f75047e672af05a673/element'
23:06:26.972 [Forwarding findElement on session d4a33b179bb2c3f75047e672af05a673 to remote] DEBUG org.asynchttpclient.netty.request.NettyRequestSender - Using open Channel [id: 0xf922f0f7, L:/127.0.0.1:53639 - R:localhost/127.0.0.1:27791] for POST '/session/d4a33b179bb2c3f75047e672af05a673/element'
23:06:26.978 [AsyncHttpClient-1-8] DEBUG org.asynchttpclient.netty.handler.HttpHandler - 

Request DefaultHttpRequest(decodeResult: success, version: HTTP/1.1)
POST /session/d4a33b179bb2c3f75047e672af05a673/element HTTP/1.1
User-Agent: selenium/4.13.0 (java mac)
Content-Length: 75
Content-Type: application/json; charset=utf-8
host: localhost:27791
accept: */*

Response DefaultHttpResponse(decodeResult: success, version: HTTP/1.1)
HTTP/1.1 404 Not Found
Content-Length: 1947
Content-Type: application/json; charset=utf-8
cache-control: no-cache

23:06:26.979 [AsyncHttpClient-1-8] DEBUG org.asynchttpclient.netty.channel.ChannelManager - Adding key: http://localhost:27791 for channel [id: 0xf922f0f7, L:/127.0.0.1:53639 - R:localhost/127.0.0.1:27791]
23:06:27.480 [Forwarding findElement on session d4a33b179bb2c3f75047e672af05a673 to remote] DEBUG org.asynchttpclient.netty.request.NettyRequestSender - Using pooled Channel '[id: 0xf922f0f7, L:/127.0.0.1:53639 - R:localhost/127.0.0.1:27791]' for 'POST' to 'http://localhost:27791/session/d4a33b179bb2c3f75047e672af05a673/element'
23:06:27.480 [Forwarding findElement on session d4a33b179bb2c3f75047e672af05a673 to remote] DEBUG org.asynchttpclient.netty.request.NettyRequestSender - Using open Channel [id: 0xf922f0f7, L:/127.0.0.1:53639 - R:localhost/127.0.0.1:27791] for POST '/session/d4a33b179bb2c3f75047e672af05a673/element'
23:06:27.488 [AsyncHttpClient-1-8] DEBUG org.asynchttpclient.netty.handler.HttpHandler - 

Request DefaultHttpRequest(decodeResult: success, version: HTTP/1.1)
POST /session/d4a33b179bb2c3f75047e672af05a673/element HTTP/1.1
User-Agent: selenium/4.13.0 (java mac)
Content-Length: 75
Content-Type: application/json; charset=utf-8
host: localhost:27791
accept: */*

Response DefaultHttpResponse(decodeResult: success, version: HTTP/1.1)
HTTP/1.1 404 Not Found
Content-Length: 1947
Content-Type: application/json; charset=utf-8
cache-control: no-cache

23:06:27.488 [AsyncHttpClient-1-8] DEBUG org.asynchttpclient.netty.channel.ChannelManager - Adding key: http://localhost:27791 for channel [id: 0xf922f0f7, L:/127.0.0.1:53639 - R:localhost/127.0.0.1:27791]
23:06:27.516 [AsyncHttpClient-1-1] DEBUG org.asynchttpclient.netty.channel.DefaultChannelPool - Entry count for : http://localhost:27791 : 1
23:06:27.516 [AsyncHttpClient-1-1] DEBUG org.asynchttpclient.netty.channel.DefaultChannelPool - Entry count for : http://localhost:53640 : 1
23:06:27.990 [Forwarding findElement on session d4a33b179bb2c3f75047e672af05a673 to remote] DEBUG org.asynchttpclient.netty.request.NettyRequestSender - Using pooled Channel '[id: 0xf922f0f7, L:/127.0.0.1:53639 - R:localhost/127.0.0.1:27791]' for 'POST' to 'http://localhost:27791/session/d4a33b179bb2c3f75047e672af05a673/element'
23:06:27.990 [Forwarding findElement on session d4a33b179bb2c3f75047e672af05a673 to remote] DEBUG org.asynchttpclient.netty.request.NettyRequestSender - Using open Channel [id: 0xf922f0f7, L:/127.0.0.1:53639 - R:localhost/127.0.0.1:27791] for POST '/session/d4a33b179bb2c3f75047e672af05a673/element'
23:06:27.998 [AsyncHttpClient-1-8] DEBUG org.asynchttpclient.netty.handler.HttpHandler - 

Request DefaultHttpRequest(decodeResult: success, version: HTTP/1.1)
POST /session/d4a33b179bb2c3f75047e672af05a673/element HTTP/1.1
User-Agent: selenium/4.13.0 (java mac)
Content-Length: 75
Content-Type: application/json; charset=utf-8
host: localhost:27791
accept: */*

Response DefaultHttpResponse(decodeResult: success, version: HTTP/1.1)
HTTP/1.1 404 Not Found
Content-Length: 1947
Content-Type: application/json; charset=utf-8
cache-control: no-cache

23:06:27.998 [AsyncHttpClient-1-8] DEBUG org.asynchttpclient.netty.channel.ChannelManager - Adding key: http://localhost:27791 for channel [id: 0xf922f0f7, L:/127.0.0.1:53639 - R:localhost/127.0.0.1:27791]
23:06:28.500 [Forwarding findElement on session d4a33b179bb2c3f75047e672af05a673 to remote] DEBUG org.asynchttpclient.netty.request.NettyRequestSender - Using pooled Channel '[id: 0xf922f0f7, L:/127.0.0.1:53639 - R:localhost/127.0.0.1:27791]' for 'POST' to 'http://localhost:27791/session/d4a33b179bb2c3f75047e672af05a673/element'
23:06:28.500 [Forwarding findElement on session d4a33b179bb2c3f75047e672af05a673 to remote] DEBUG org.asynchttpclient.netty.request.NettyRequestSender - Using open Channel [id: 0xf922f0f7, L:/127.0.0.1:53639 - R:localhost/127.0.0.1:27791] for POST '/session/d4a33b179bb2c3f75047e672af05a673/element'
23:06:28.506 [AsyncHttpClient-1-8] DEBUG org.asynchttpclient.netty.handler.HttpHandler - 

Request DefaultHttpRequest(decodeResult: success, version: HTTP/1.1)
POST /session/d4a33b179bb2c3f75047e672af05a673/element HTTP/1.1
User-Agent: selenium/4.13.0 (java mac)
Content-Length: 75
Content-Type: application/json; charset=utf-8
host: localhost:27791
accept: */*

Response DefaultHttpResponse(decodeResult: success, version: HTTP/1.1)
HTTP/1.1 404 Not Found
Content-Length: 1947
Content-Type: application/json; charset=utf-8
cache-control: no-cache

23:06:28.506 [AsyncHttpClient-1-8] DEBUG org.asynchttpclient.netty.channel.ChannelManager - Adding key: http://localhost:27791 for channel [id: 0xf922f0f7, L:/127.0.0.1:53639 - R:localhost/127.0.0.1:27791]
23:06:28.615 [AsyncHttpClient-1-1] DEBUG org.asynchttpclient.netty.channel.DefaultChannelPool - Entry count for : http://localhost:27791 : 1
23:06:28.615 [AsyncHttpClient-1-1] DEBUG org.asynchttpclient.netty.channel.DefaultChannelPool - Entry count for : http://localhost:53640 : 1
23:06:29.007 [Forwarding findElement on session d4a33b179bb2c3f75047e672af05a673 to remote] DEBUG org.asynchttpclient.netty.request.NettyRequestSender - Using pooled Channel '[id: 0xf922f0f7, L:/127.0.0.1:53639 - R:localhost/127.0.0.1:27791]' for 'POST' to 'http://localhost:27791/session/d4a33b179bb2c3f75047e672af05a673/element'
23:06:29.007 [Forwarding findElement on session d4a33b179bb2c3f75047e672af05a673 to remote] DEBUG org.asynchttpclient.netty.request.NettyRequestSender - Using open Channel [id: 0xf922f0f7, L:/127.0.0.1:53639 - R:localhost/127.0.0.1:27791] for POST '/session/d4a33b179bb2c3f75047e672af05a673/element'
23:06:29.013 [AsyncHttpClient-1-8] DEBUG org.asynchttpclient.netty.handler.HttpHandler - 

Request DefaultHttpRequest(decodeResult: success, version: HTTP/1.1)
POST /session/d4a33b179bb2c3f75047e672af05a673/element HTTP/1.1
User-Agent: selenium/4.13.0 (java mac)
Content-Length: 75
Content-Type: application/json; charset=utf-8
host: localhost:27791
accept: */*

Response DefaultHttpResponse(decodeResult: success, version: HTTP/1.1)
HTTP/1.1 404 Not Found
Content-Length: 1947
Content-Type: application/json; charset=utf-8
cache-control: no-cache

23:06:29.013 [AsyncHttpClient-1-8] DEBUG org.asynchttpclient.netty.channel.ChannelManager - Adding key: http://localhost:27791 for channel [id: 0xf922f0f7, L:/127.0.0.1:53639 - R:localhost/127.0.0.1:27791]
23:06:29.516 [Forwarding findElement on session d4a33b179bb2c3f75047e672af05a673 to remote] DEBUG org.asynchttpclient.netty.request.NettyRequestSender - Using pooled Channel '[id: 0xf922f0f7, L:/127.0.0.1:53639 - R:localhost/127.0.0.1:27791]' for 'POST' to 'http://localhost:27791/session/d4a33b179bb2c3f75047e672af05a673/element'
23:06:29.516 [Forwarding findElement on session d4a33b179bb2c3f75047e672af05a673 to remote] DEBUG org.asynchttpclient.netty.request.NettyRequestSender - Using open Channel [id: 0xf922f0f7, L:/127.0.0.1:53639 - R:localhost/127.0.0.1:27791] for POST '/session/d4a33b179bb2c3f75047e672af05a673/element'
23:06:29.524 [AsyncHttpClient-1-8] DEBUG org.asynchttpclient.netty.handler.HttpHandler - 

Request DefaultHttpRequest(decodeResult: success, version: HTTP/1.1)
POST /session/d4a33b179bb2c3f75047e672af05a673/element HTTP/1.1
User-Agent: selenium/4.13.0 (java mac)
Content-Length: 75
Content-Type: application/json; charset=utf-8
host: localhost:27791
accept: */*

Response DefaultHttpResponse(decodeResult: success, version: HTTP/1.1)
HTTP/1.1 404 Not Found
Content-Length: 1947
Content-Type: application/json; charset=utf-8
cache-control: no-cache

23:06:29.524 [AsyncHttpClient-1-8] DEBUG org.asynchttpclient.netty.channel.ChannelManager - Adding key: http://localhost:27791 for channel [id: 0xf922f0f7, L:/127.0.0.1:53639 - R:localhost/127.0.0.1:27791]
23:06:29.716 [AsyncHttpClient-1-1] DEBUG org.asynchttpclient.netty.channel.DefaultChannelPool - Entry count for : http://localhost:27791 : 1
23:06:29.716 [AsyncHttpClient-1-1] DEBUG org.asynchttpclient.netty.channel.DefaultChannelPool - Entry count for : http://localhost:53640 : 1
23:06:30.026 [Forwarding findElement on session d4a33b179bb2c3f75047e672af05a673 to remote] DEBUG org.asynchttpclient.netty.request.NettyRequestSender - Using pooled Channel '[id: 0xf922f0f7, L:/127.0.0.1:53639 - R:localhost/127.0.0.1:27791]' for 'POST' to 'http://localhost:27791/session/d4a33b179bb2c3f75047e672af05a673/element'
23:06:30.026 [Forwarding findElement on session d4a33b179bb2c3f75047e672af05a673 to remote] DEBUG org.asynchttpclient.netty.request.NettyRequestSender - Using open Channel [id: 0xf922f0f7, L:/127.0.0.1:53639 - R:localhost/127.0.0.1:27791] for POST '/session/d4a33b179bb2c3f75047e672af05a673/element'
23:06:30.031 [AsyncHttpClient-1-8] DEBUG org.asynchttpclient.netty.handler.HttpHandler - 

Request DefaultHttpRequest(decodeResult: success, version: HTTP/1.1)
POST /session/d4a33b179bb2c3f75047e672af05a673/element HTTP/1.1
User-Agent: selenium/4.13.0 (java mac)
Content-Length: 75
Content-Type: application/json; charset=utf-8
host: localhost:27791
accept: */*

Response DefaultHttpResponse(decodeResult: success, version: HTTP/1.1)
HTTP/1.1 404 Not Found
Content-Length: 1947
Content-Type: application/json; charset=utf-8
cache-control: no-cache

23:06:30.031 [AsyncHttpClient-1-8] DEBUG org.asynchttpclient.netty.channel.ChannelManager - Adding key: http://localhost:27791 for channel [id: 0xf922f0f7, L:/127.0.0.1:53639 - R:localhost/127.0.0.1:27791]
23:06:30.533 [Forwarding findElement on session d4a33b179bb2c3f75047e672af05a673 to remote] DEBUG org.asynchttpclient.netty.request.NettyRequestSender - Using pooled Channel '[id: 0xf922f0f7, L:/127.0.0.1:53639 - R:localhost/127.0.0.1:27791]' for 'POST' to 'http://localhost:27791/session/d4a33b179bb2c3f75047e672af05a673/element'
23:06:30.533 [Forwarding findElement on session d4a33b179bb2c3f75047e672af05a673 to remote] DEBUG org.asynchttpclient.netty.request.NettyRequestSender - Using open Channel [id: 0xf922f0f7, L:/127.0.0.1:53639 - R:localhost/127.0.0.1:27791] for POST '/session/d4a33b179bb2c3f75047e672af05a673/element'
23:06:30.539 [AsyncHttpClient-1-8] DEBUG org.asynchttpclient.netty.handler.HttpHandler - 

Request DefaultHttpRequest(decodeResult: success, version: HTTP/1.1)
POST /session/d4a33b179bb2c3f75047e672af05a673/element HTTP/1.1
User-Agent: selenium/4.13.0 (java mac)
Content-Length: 75
Content-Type: application/json; charset=utf-8
host: localhost:27791
accept: */*

Response DefaultHttpResponse(decodeResult: success, version: HTTP/1.1)
HTTP/1.1 404 Not Found
Content-Length: 1947
Content-Type: application/json; charset=utf-8
cache-control: no-cache

23:06:30.539 [AsyncHttpClient-1-8] DEBUG org.asynchttpclient.netty.channel.ChannelManager - Adding key: http://localhost:27791 for channel [id: 0xf922f0f7, L:/127.0.0.1:53639 - R:localhost/127.0.0.1:27791]
23:06:30.816 [AsyncHttpClient-1-1] DEBUG org.asynchttpclient.netty.channel.DefaultChannelPool - Entry count for : http://localhost:27791 : 1
23:06:30.816 [AsyncHttpClient-1-1] DEBUG org.asynchttpclient.netty.channel.DefaultChannelPool - Entry count for : http://localhost:53640 : 1
23:06:31.040 [Forwarding findElement on session d4a33b179bb2c3f75047e672af05a673 to remote] DEBUG org.asynchttpclient.netty.request.NettyRequestSender - Using pooled Channel '[id: 0xf922f0f7, L:/127.0.0.1:53639 - R:localhost/127.0.0.1:27791]' for 'POST' to 'http://localhost:27791/session/d4a33b179bb2c3f75047e672af05a673/element'
23:06:31.040 [Forwarding findElement on session d4a33b179bb2c3f75047e672af05a673 to remote] DEBUG org.asynchttpclient.netty.request.NettyRequestSender - Using open Channel [id: 0xf922f0f7, L:/127.0.0.1:53639 - R:localhost/127.0.0.1:27791] for POST '/session/d4a33b179bb2c3f75047e672af05a673/element'
23:06:31.046 [AsyncHttpClient-1-8] DEBUG org.asynchttpclient.netty.handler.HttpHandler - 

Request DefaultHttpRequest(decodeResult: success, version: HTTP/1.1)
POST /session/d4a33b179bb2c3f75047e672af05a673/element HTTP/1.1
User-Agent: selenium/4.13.0 (java mac)
Content-Length: 75
Content-Type: application/json; charset=utf-8
host: localhost:27791
accept: */*

Response DefaultHttpResponse(decodeResult: success, version: HTTP/1.1)
HTTP/1.1 404 Not Found
Content-Length: 1947
Content-Type: application/json; charset=utf-8
cache-control: no-cache

23:06:31.046 [AsyncHttpClient-1-8] DEBUG org.asynchttpclient.netty.channel.ChannelManager - Adding key: http://localhost:27791 for channel [id: 0xf922f0f7, L:/127.0.0.1:53639 - R:localhost/127.0.0.1:27791]
23:06:31.548 [Forwarding findElement on session d4a33b179bb2c3f75047e672af05a673 to remote] DEBUG org.asynchttpclient.netty.request.NettyRequestSender - Using pooled Channel '[id: 0xf922f0f7, L:/127.0.0.1:53639 - R:localhost/127.0.0.1:27791]' for 'POST' to 'http://localhost:27791/session/d4a33b179bb2c3f75047e672af05a673/element'
23:06:31.548 [Forwarding findElement on session d4a33b179bb2c3f75047e672af05a673 to remote] DEBUG org.asynchttpclient.netty.request.NettyRequestSender - Using open Channel [id: 0xf922f0f7, L:/127.0.0.1:53639 - R:localhost/127.0.0.1:27791] for POST '/session/d4a33b179bb2c3f75047e672af05a673/element'
23:06:31.554 [AsyncHttpClient-1-8] DEBUG org.asynchttpclient.netty.handler.HttpHandler - 

Request DefaultHttpRequest(decodeResult: success, version: HTTP/1.1)
POST /session/d4a33b179bb2c3f75047e672af05a673/element HTTP/1.1
User-Agent: selenium/4.13.0 (java mac)
Content-Length: 75
Content-Type: application/json; charset=utf-8
host: localhost:27791
accept: */*

Response DefaultHttpResponse(decodeResult: success, version: HTTP/1.1)
HTTP/1.1 404 Not Found
Content-Length: 1947
Content-Type: application/json; charset=utf-8
cache-control: no-cache

23:06:31.555 [AsyncHttpClient-1-8] DEBUG org.asynchttpclient.netty.channel.ChannelManager - Adding key: http://localhost:27791 for channel [id: 0xf922f0f7, L:/127.0.0.1:53639 - R:localhost/127.0.0.1:27791]
23:06:31.915 [AsyncHttpClient-1-1] DEBUG org.asynchttpclient.netty.channel.DefaultChannelPool - Entry count for : http://localhost:27791 : 1
23:06:31.915 [AsyncHttpClient-1-1] DEBUG org.asynchttpclient.netty.channel.DefaultChannelPool - Entry count for : http://localhost:53640 : 1
23:06:32.057 [Forwarding findElement on session d4a33b179bb2c3f75047e672af05a673 to remote] DEBUG org.asynchttpclient.netty.request.NettyRequestSender - Using pooled Channel '[id: 0xf922f0f7, L:/127.0.0.1:53639 - R:localhost/127.0.0.1:27791]' for 'POST' to 'http://localhost:27791/session/d4a33b179bb2c3f75047e672af05a673/element'
23:06:32.057 [Forwarding findElement on session d4a33b179bb2c3f75047e672af05a673 to remote] DEBUG org.asynchttpclient.netty.request.NettyRequestSender - Using open Channel [id: 0xf922f0f7, L:/127.0.0.1:53639 - R:localhost/127.0.0.1:27791] for POST '/session/d4a33b179bb2c3f75047e672af05a673/element'
23:06:32.062 [AsyncHttpClient-1-8] DEBUG org.asynchttpclient.netty.handler.HttpHandler - 

Request DefaultHttpRequest(decodeResult: success, version: HTTP/1.1)
POST /session/d4a33b179bb2c3f75047e672af05a673/element HTTP/1.1
User-Agent: selenium/4.13.0 (java mac)
Content-Length: 75
Content-Type: application/json; charset=utf-8
host: localhost:27791
accept: */*

Response DefaultHttpResponse(decodeResult: success, version: HTTP/1.1)
HTTP/1.1 404 Not Found
Content-Length: 1947
Content-Type: application/json; charset=utf-8
cache-control: no-cache

23:06:32.062 [AsyncHttpClient-1-8] DEBUG org.asynchttpclient.netty.channel.ChannelManager - Adding key: http://localhost:27791 for channel [id: 0xf922f0f7, L:/127.0.0.1:53639 - R:localhost/127.0.0.1:27791]
23:06:32.566 [Forwarding findElement on session d4a33b179bb2c3f75047e672af05a673 to remote] DEBUG org.asynchttpclient.netty.request.NettyRequestSender - Using pooled Channel '[id: 0xf922f0f7, L:/127.0.0.1:53639 - R:localhost/127.0.0.1:27791]' for 'POST' to 'http://localhost:27791/session/d4a33b179bb2c3f75047e672af05a673/element'
23:06:32.566 [Forwarding findElement on session d4a33b179bb2c3f75047e672af05a673 to remote] DEBUG org.asynchttpclient.netty.request.NettyRequestSender - Using open Channel [id: 0xf922f0f7, L:/127.0.0.1:53639 - R:localhost/127.0.0.1:27791] for POST '/session/d4a33b179bb2c3f75047e672af05a673/element'
23:06:32.574 [AsyncHttpClient-1-8] DEBUG org.asynchttpclient.netty.handler.HttpHandler - 

Request DefaultHttpRequest(decodeResult: success, version: HTTP/1.1)
POST /session/d4a33b179bb2c3f75047e672af05a673/element HTTP/1.1
User-Agent: selenium/4.13.0 (java mac)
Content-Length: 75
Content-Type: application/json; charset=utf-8
host: localhost:27791
accept: */*

Response DefaultHttpResponse(decodeResult: success, version: HTTP/1.1)
HTTP/1.1 404 Not Found
Content-Length: 1947
Content-Type: application/json; charset=utf-8
cache-control: no-cache

23:06:32.574 [AsyncHttpClient-1-8] DEBUG org.asynchttpclient.netty.channel.ChannelManager - Adding key: http://localhost:27791 for channel [id: 0xf922f0f7, L:/127.0.0.1:53639 - R:localhost/127.0.0.1:27791]
23:06:33.016 [AsyncHttpClient-1-1] DEBUG org.asynchttpclient.netty.channel.DefaultChannelPool - Entry count for : http://localhost:27791 : 1
23:06:33.016 [AsyncHttpClient-1-1] DEBUG org.asynchttpclient.netty.channel.DefaultChannelPool - Entry count for : http://localhost:53640 : 1
23:06:33.076 [Forwarding findElement on session d4a33b179bb2c3f75047e672af05a673 to remote] DEBUG org.asynchttpclient.netty.request.NettyRequestSender - Using pooled Channel '[id: 0xf922f0f7, L:/127.0.0.1:53639 - R:localhost/127.0.0.1:27791]' for 'POST' to 'http://localhost:27791/session/d4a33b179bb2c3f75047e672af05a673/element'
23:06:33.076 [Forwarding findElement on session d4a33b179bb2c3f75047e672af05a673 to remote] DEBUG org.asynchttpclient.netty.request.NettyRequestSender - Using open Channel [id: 0xf922f0f7, L:/127.0.0.1:53639 - R:localhost/127.0.0.1:27791] for POST '/session/d4a33b179bb2c3f75047e672af05a673/element'
23:06:33.082 [AsyncHttpClient-1-8] DEBUG org.asynchttpclient.netty.handler.HttpHandler - 

Request DefaultHttpRequest(decodeResult: success, version: HTTP/1.1)
POST /session/d4a33b179bb2c3f75047e672af05a673/element HTTP/1.1
User-Agent: selenium/4.13.0 (java mac)
Content-Length: 75
Content-Type: application/json; charset=utf-8
host: localhost:27791
accept: */*

Response DefaultHttpResponse(decodeResult: success, version: HTTP/1.1)
HTTP/1.1 404 Not Found
Content-Length: 1947
Content-Type: application/json; charset=utf-8
cache-control: no-cache

23:06:33.082 [AsyncHttpClient-1-8] DEBUG org.asynchttpclient.netty.channel.ChannelManager - Adding key: http://localhost:27791 for channel [id: 0xf922f0f7, L:/127.0.0.1:53639 - R:localhost/127.0.0.1:27791]
23:06:33.586 [Forwarding findElement on session d4a33b179bb2c3f75047e672af05a673 to remote] DEBUG org.asynchttpclient.netty.request.NettyRequestSender - Using pooled Channel '[id: 0xf922f0f7, L:/127.0.0.1:53639 - R:localhost/127.0.0.1:27791]' for 'POST' to 'http://localhost:27791/session/d4a33b179bb2c3f75047e672af05a673/element'
23:06:33.586 [Forwarding findElement on session d4a33b179bb2c3f75047e672af05a673 to remote] DEBUG org.asynchttpclient.netty.request.NettyRequestSender - Using open Channel [id: 0xf922f0f7, L:/127.0.0.1:53639 - R:localhost/127.0.0.1:27791] for POST '/session/d4a33b179bb2c3f75047e672af05a673/element'
23:06:33.594 [AsyncHttpClient-1-8] DEBUG org.asynchttpclient.netty.handler.HttpHandler - 

Request DefaultHttpRequest(decodeResult: success, version: HTTP/1.1)
POST /session/d4a33b179bb2c3f75047e672af05a673/element HTTP/1.1
User-Agent: selenium/4.13.0 (java mac)
Content-Length: 75
Content-Type: application/json; charset=utf-8
host: localhost:27791
accept: */*

Response DefaultHttpResponse(decodeResult: success, version: HTTP/1.1)
HTTP/1.1 404 Not Found
Content-Length: 1947
Content-Type: application/json; charset=utf-8
cache-control: no-cache

23:06:33.594 [AsyncHttpClient-1-8] DEBUG org.asynchttpclient.netty.channel.ChannelManager - Adding key: http://localhost:27791 for channel [id: 0xf922f0f7, L:/127.0.0.1:53639 - R:localhost/127.0.0.1:27791]
23:06:34.096 [Forwarding findElement on session d4a33b179bb2c3f75047e672af05a673 to remote] DEBUG org.asynchttpclient.netty.request.NettyRequestSender - Using pooled Channel '[id: 0xf922f0f7, L:/127.0.0.1:53639 - R:localhost/127.0.0.1:27791]' for 'POST' to 'http://localhost:27791/session/d4a33b179bb2c3f75047e672af05a673/element'
23:06:34.097 [Forwarding findElement on session d4a33b179bb2c3f75047e672af05a673 to remote] DEBUG org.asynchttpclient.netty.request.NettyRequestSender - Using open Channel [id: 0xf922f0f7, L:/127.0.0.1:53639 - R:localhost/127.0.0.1:27791] for POST '/session/d4a33b179bb2c3f75047e672af05a673/element'
23:06:34.104 [AsyncHttpClient-1-8] DEBUG org.asynchttpclient.netty.handler.HttpHandler - 

Request DefaultHttpRequest(decodeResult: success, version: HTTP/1.1)
POST /session/d4a33b179bb2c3f75047e672af05a673/element HTTP/1.1
User-Agent: selenium/4.13.0 (java mac)
Content-Length: 75
Content-Type: application/json; charset=utf-8
host: localhost:27791
accept: */*

Response DefaultHttpResponse(decodeResult: success, version: HTTP/1.1)
HTTP/1.1 404 Not Found
Content-Length: 1947
Content-Type: application/json; charset=utf-8
cache-control: no-cache

23:06:34.104 [AsyncHttpClient-1-8] DEBUG org.asynchttpclient.netty.channel.ChannelManager - Adding key: http://localhost:27791 for channel [id: 0xf922f0f7, L:/127.0.0.1:53639 - R:localhost/127.0.0.1:27791]
23:06:34.116 [AsyncHttpClient-1-1] DEBUG org.asynchttpclient.netty.channel.DefaultChannelPool - Entry count for : http://localhost:27791 : 1
23:06:34.116 [AsyncHttpClient-1-1] DEBUG org.asynchttpclient.netty.channel.DefaultChannelPool - Entry count for : http://localhost:53640 : 1
23:06:34.609 [Forwarding findElement on session d4a33b179bb2c3f75047e672af05a673 to remote] DEBUG org.asynchttpclient.netty.request.NettyRequestSender - Using pooled Channel '[id: 0xf922f0f7, L:/127.0.0.1:53639 - R:localhost/127.0.0.1:27791]' for 'POST' to 'http://localhost:27791/session/d4a33b179bb2c3f75047e672af05a673/element'
23:06:34.609 [Forwarding findElement on session d4a33b179bb2c3f75047e672af05a673 to remote] DEBUG org.asynchttpclient.netty.request.NettyRequestSender - Using open Channel [id: 0xf922f0f7, L:/127.0.0.1:53639 - R:localhost/127.0.0.1:27791] for POST '/session/d4a33b179bb2c3f75047e672af05a673/element'
23:06:34.617 [AsyncHttpClient-1-8] DEBUG org.asynchttpclient.netty.handler.HttpHandler - 

Request DefaultHttpRequest(decodeResult: success, version: HTTP/1.1)
POST /session/d4a33b179bb2c3f75047e672af05a673/element HTTP/1.1
User-Agent: selenium/4.13.0 (java mac)
Content-Length: 75
Content-Type: application/json; charset=utf-8
host: localhost:27791
accept: */*

Response DefaultHttpResponse(decodeResult: success, version: HTTP/1.1)
HTTP/1.1 404 Not Found
Content-Length: 1947
Content-Type: application/json; charset=utf-8
cache-control: no-cache

23:06:34.617 [AsyncHttpClient-1-8] DEBUG org.asynchttpclient.netty.channel.ChannelManager - Adding key: http://localhost:27791 for channel [id: 0xf922f0f7, L:/127.0.0.1:53639 - R:localhost/127.0.0.1:27791]
23:06:35.123 [Forwarding findElement on session d4a33b179bb2c3f75047e672af05a673 to remote] DEBUG org.asynchttpclient.netty.request.NettyRequestSender - Using pooled Channel '[id: 0xf922f0f7, L:/127.0.0.1:53639 - R:localhost/127.0.0.1:27791]' for 'POST' to 'http://localhost:27791/session/d4a33b179bb2c3f75047e672af05a673/element'
23:06:35.123 [Forwarding findElement on session d4a33b179bb2c3f75047e672af05a673 to remote] DEBUG org.asynchttpclient.netty.request.NettyRequestSender - Using open Channel [id: 0xf922f0f7, L:/127.0.0.1:53639 - R:localhost/127.0.0.1:27791] for POST '/session/d4a33b179bb2c3f75047e672af05a673/element'
23:06:35.132 [AsyncHttpClient-1-8] DEBUG org.asynchttpclient.netty.handler.HttpHandler - 

Request DefaultHttpRequest(decodeResult: success, version: HTTP/1.1)
POST /session/d4a33b179bb2c3f75047e672af05a673/element HTTP/1.1
User-Agent: selenium/4.13.0 (java mac)
Content-Length: 75
Content-Type: application/json; charset=utf-8
host: localhost:27791
accept: */*

Response DefaultHttpResponse(decodeResult: success, version: HTTP/1.1)
HTTP/1.1 404 Not Found
Content-Length: 1947
Content-Type: application/json; charset=utf-8
cache-control: no-cache

23:06:35.132 [AsyncHttpClient-1-8] DEBUG org.asynchttpclient.netty.channel.ChannelManager - Adding key: http://localhost:27791 for channel [id: 0xf922f0f7, L:/127.0.0.1:53639 - R:localhost/127.0.0.1:27791]
]]></system-out>
    <system-err><![CDATA[Jan 11, 2024 11:06:05 PM org.openqa.selenium.devtools.CdpVersionFinder findNearestMatch
WARNING: Unable to find an exact match for CDP version 120, so returning the closest version found: 117
]]></system-err>
  </testcase>
  <testcase name="verifyOfferPageFllightsHDFCFilter" classname="com.sample.modules.OfferPage" time="4.92">
    <system-out><![CDATA[Message : FAIL : verifySearchFlight
23:06:35.134 [Forwarding screenshot on session d4a33b179bb2c3f75047e672af05a673 to remote] DEBUG org.asynchttpclient.netty.request.NettyRequestSender - Using pooled Channel '[id: 0xf922f0f7, L:/127.0.0.1:53639 - R:localhost/127.0.0.1:27791]' for 'GET' to 'http://localhost:27791/session/d4a33b179bb2c3f75047e672af05a673/screenshot'
23:06:35.134 [Forwarding screenshot on session d4a33b179bb2c3f75047e672af05a673 to remote] DEBUG org.asynchttpclient.netty.request.NettyRequestSender - Using open Channel [id: 0xf922f0f7, L:/127.0.0.1:53639 - R:localhost/127.0.0.1:27791] for GET '/session/d4a33b179bb2c3f75047e672af05a673/screenshot'
23:06:35.215 [AsyncHttpClient-1-1] DEBUG org.asynchttpclient.netty.channel.DefaultChannelPool - Entry count for : http://localhost:53640 : 1
23:06:35.700 [AsyncHttpClient-1-8] DEBUG org.asynchttpclient.netty.handler.HttpHandler - 

Request DefaultFullHttpRequest(decodeResult: success, version: HTTP/1.1, content: EmptyByteBufBE)
GET /session/d4a33b179bb2c3f75047e672af05a673/screenshot HTTP/1.1
Cache-Control: no-cache
User-Agent: selenium/4.13.0 (java mac)
Content-Type: application/json; charset=utf-8
host: localhost:27791
accept: */*

Response DefaultHttpResponse(decodeResult: success, version: HTTP/1.1)
HTTP/1.1 200 OK
Content-Length: 1741768
Content-Type: application/json; charset=utf-8
cache-control: no-cache

23:06:35.705 [AsyncHttpClient-1-8] DEBUG org.asynchttpclient.netty.channel.ChannelManager - Adding key: http://localhost:27791 for channel [id: 0xf922f0f7, L:/127.0.0.1:53639 - R:localhost/127.0.0.1:27791]
Total testcases:-3
Total passed testcases:-1
Total failed testcases:-2
23:06:35.732 [Driver Command Executor] DEBUG org.asynchttpclient.netty.request.NettyRequestSender - Using pooled Channel '[id: 0xf922f0f7, L:/127.0.0.1:53639 - R:localhost/127.0.0.1:27791]' for 'DELETE' to 'http://localhost:27791/session/d4a33b179bb2c3f75047e672af05a673'
23:06:35.732 [Driver Command Executor] DEBUG org.asynchttpclient.netty.request.NettyRequestSender - Using open Channel [id: 0xf922f0f7, L:/127.0.0.1:53639 - R:localhost/127.0.0.1:27791] for DELETE '/session/d4a33b179bb2c3f75047e672af05a673'
23:06:35.732 [AsyncHttpClient-1-10] DEBUG org.asynchttpclient.netty.handler.WebSocketHandler - Channel Closed: [id: 0x4e4b5bf3, L:/127.0.0.1:53645 ! R:localhost/127.0.0.1:53640] with attribute DISCARD
23:06:35.753 [AsyncHttpClient-1-9] DEBUG org.asynchttpclient.netty.handler.HttpHandler - Channel Closed: [id: 0x2e2aac1d, L:/127.0.0.1:53644 ! R:localhost/127.0.0.1:53640] with attribute DISCARD
23:06:35.783 [AsyncHttpClient-1-8] DEBUG org.asynchttpclient.netty.handler.HttpHandler - 

Request DefaultFullHttpRequest(decodeResult: success, version: HTTP/1.1, content: EmptyByteBufBE)
DELETE /session/d4a33b179bb2c3f75047e672af05a673 HTTP/1.1
User-Agent: selenium/4.13.0 (java mac)
Content-Type: application/json; charset=utf-8
host: localhost:27791
accept: */*

Response DefaultHttpResponse(decodeResult: success, version: HTTP/1.1)
HTTP/1.1 200 OK
Content-Length: 14
Content-Type: application/json; charset=utf-8
cache-control: no-cache

23:06:35.783 [AsyncHttpClient-1-8] DEBUG org.asynchttpclient.netty.channel.ChannelManager - Adding key: http://localhost:27791 for channel [id: 0xf922f0f7, L:/127.0.0.1:53639 - R:localhost/127.0.0.1:27791]
23:06:35.845 [AsyncHttpClient-1-8] DEBUG org.asynchttpclient.netty.handler.HttpHandler - Channel Closed: [id: 0xf922f0f7, L:/127.0.0.1:53639 ! R:localhost/127.0.0.1:27791] with attribute DISCARD
23:06:36.319 [AsyncHttpClient-1-1] DEBUG org.asynchttpclient.netty.channel.DefaultChannelPool - Entry count for : http://localhost:27791 : 1
23:06:36.319 [AsyncHttpClient-1-1] DEBUG org.asynchttpclient.netty.channel.DefaultChannelPool - Entry count for : http://localhost:53640 : 1
23:06:36.319 [AsyncHttpClient-1-1] DEBUG org.asynchttpclient.netty.channel.DefaultChannelPool - Adding Candidate expired Channel [id: 0xf922f0f7, L:/127.0.0.1:53639 ! R:localhost/127.0.0.1:27791] isIdleTimeoutExpired=false isRemotelyClosed=true isTtlExpired=false
23:06:36.319 [AsyncHttpClient-1-1] DEBUG org.asynchttpclient.netty.channel.DefaultChannelPool - Closing Idle Channel [id: 0xf922f0f7, L:/127.0.0.1:53639 ! R:localhost/127.0.0.1:27791]
23:06:36.320 [AsyncHttpClient-1-1] DEBUG org.asynchttpclient.netty.channel.DefaultChannelPool - Adding Candidate expired Channel [id: 0x2e2aac1d, L:/127.0.0.1:53644 ! R:localhost/127.0.0.1:53640] isIdleTimeoutExpired=false isRemotelyClosed=true isTtlExpired=false
23:06:36.320 [AsyncHttpClient-1-1] DEBUG org.asynchttpclient.netty.channel.DefaultChannelPool - Closing Idle Channel [id: 0x2e2aac1d, L:/127.0.0.1:53644 ! R:localhost/127.0.0.1:53640]
23:06:36.320 [AsyncHttpClient-1-1] DEBUG org.asynchttpclient.netty.channel.DefaultChannelPool - Closed 2 connections out of 2 in 1 ms
23:06:40.983 [AsyncHttpClient-1-11] DEBUG org.asynchttpclient.netty.channel.NettyConnectListener - Using new Channel '[id: 0x266e0dc4, L:/127.0.0.1:53688 - R:localhost/127.0.0.1:36974]' for 'POST' to '/session'
23:06:41.927 [AsyncHttpClient-1-11] DEBUG org.asynchttpclient.netty.handler.HttpHandler - 

Request DefaultHttpRequest(decodeResult: success, version: HTTP/1.1)
POST /session HTTP/1.1
User-Agent: selenium/4.13.0 (java mac)
Content-Length: 291
Content-Type: application/json; charset=utf-8
host: localhost:36974
accept: */*

Response DefaultHttpResponse(decodeResult: success, version: HTTP/1.1)
HTTP/1.1 200 OK
Content-Length: 891
Content-Type: application/json; charset=utf-8
cache-control: no-cache

23:06:41.928 [AsyncHttpClient-1-11] DEBUG org.asynchttpclient.netty.channel.ChannelManager - Adding key: http://localhost:36974 for channel [id: 0x266e0dc4, L:/127.0.0.1:53688 - R:localhost/127.0.0.1:36974]
23:06:41.934 [AsyncHttpClient-1-12] DEBUG org.asynchttpclient.netty.channel.NettyConnectListener - Using new Channel '[id: 0xf5ccd6d4, L:/127.0.0.1:53693 - R:localhost/127.0.0.1:53689]' for 'GET' to '/json/version'
23:06:41.937 [AsyncHttpClient-1-12] DEBUG org.asynchttpclient.netty.handler.HttpHandler - 

Request DefaultFullHttpRequest(decodeResult: success, version: HTTP/1.1, content: EmptyByteBufBE)
GET /json/version HTTP/1.1
User-Agent: selenium/4.13.0 (java mac)
host: localhost:53689
accept: */*

Response DefaultHttpResponse(decodeResult: success, version: HTTP/1.1)
HTTP/1.1 200 OK
Content-Security-Policy: frame-ancestors 'none'
Content-Length: 422
Content-Type: application/json; charset=UTF-8

23:06:41.937 [AsyncHttpClient-1-12] DEBUG org.asynchttpclient.netty.channel.ChannelManager - Adding key: http://localhost:53689 for channel [id: 0xf5ccd6d4, L:/127.0.0.1:53693 - R:localhost/127.0.0.1:53689]
23:06:41.940 [AsyncHttpClient-1-13] DEBUG org.asynchttpclient.netty.channel.NettyConnectListener - Using new Channel '[id: 0xfa9f20d0, L:/127.0.0.1:53694 - R:localhost/127.0.0.1:53689]' for 'GET' to '/devtools/browser/dd42ce13-eb17-44c0-8923-a53ffecdabab'
23:06:41.943 [AsyncHttpClient-1-13] DEBUG org.asynchttpclient.netty.handler.WebSocketHandler - 

Request DefaultFullHttpRequest(decodeResult: success, version: HTTP/1.1, content: EmptyByteBufBE)
GET /devtools/browser/dd42ce13-eb17-44c0-8923-a53ffecdabab HTTP/1.1
upgrade: websocket
connection: upgrade
sec-websocket-key: 0cZnVFwHOjn0JIXs6SYl6Q==
sec-websocket-version: 13
origin: http://localhost:53689
host: localhost:53689
accept: */*
user-agent: AHC/2.1

Response DefaultHttpResponse(decodeResult: success, version: HTTP/1.1)
HTTP/1.1 101 WebSocket Protocol Handshake
Upgrade: WebSocket
Connection: Upgrade
Sec-WebSocket-Accept: fiGPLfpuTKGVEzXsgtwUmyOSWys=

23:06:41.947 [Forwarding maximizeCurrentWindow on session a77e98fa2612c4324d980207142addb5 to remote] DEBUG org.asynchttpclient.netty.request.NettyRequestSender - Using pooled Channel '[id: 0x266e0dc4, L:/127.0.0.1:53688 - R:localhost/127.0.0.1:36974]' for 'POST' to 'http://localhost:36974/session/a77e98fa2612c4324d980207142addb5/window/maximize'
23:06:41.947 [Forwarding maximizeCurrentWindow on session a77e98fa2612c4324d980207142addb5 to remote] DEBUG org.asynchttpclient.netty.request.NettyRequestSender - Using open Channel [id: 0x266e0dc4, L:/127.0.0.1:53688 - R:localhost/127.0.0.1:36974] for POST '/session/a77e98fa2612c4324d980207142addb5/window/maximize'
23:06:42.416 [AsyncHttpClient-1-11] DEBUG org.asynchttpclient.netty.handler.HttpHandler - 

Request DefaultHttpRequest(decodeResult: success, version: HTTP/1.1)
POST /session/a77e98fa2612c4324d980207142addb5/window/maximize HTTP/1.1
User-Agent: selenium/4.13.0 (java mac)
Content-Length: 3
Content-Type: application/json; charset=utf-8
host: localhost:36974
accept: */*

Response DefaultHttpResponse(decodeResult: success, version: HTTP/1.1)
HTTP/1.1 200 OK
Content-Length: 50
Content-Type: application/json; charset=utf-8
cache-control: no-cache

23:06:42.416 [AsyncHttpClient-1-11] DEBUG org.asynchttpclient.netty.channel.ChannelManager - Adding key: http://localhost:36974 for channel [id: 0x266e0dc4, L:/127.0.0.1:53688 - R:localhost/127.0.0.1:36974]
23:06:42.418 [Forwarding get on session a77e98fa2612c4324d980207142addb5 to remote] DEBUG org.asynchttpclient.netty.request.NettyRequestSender - Using pooled Channel '[id: 0x266e0dc4, L:/127.0.0.1:53688 - R:localhost/127.0.0.1:36974]' for 'POST' to 'http://localhost:36974/session/a77e98fa2612c4324d980207142addb5/url'
23:06:42.418 [Forwarding get on session a77e98fa2612c4324d980207142addb5 to remote] DEBUG org.asynchttpclient.netty.request.NettyRequestSender - Using open Channel [id: 0x266e0dc4, L:/127.0.0.1:53688 - R:localhost/127.0.0.1:36974] for POST '/session/a77e98fa2612c4324d980207142addb5/url'
23:06:42.915 [AsyncHttpClient-1-1] DEBUG org.asynchttpclient.netty.channel.DefaultChannelPool - Entry count for : http://localhost:53689 : 1
23:06:44.016 [AsyncHttpClient-1-1] DEBUG org.asynchttpclient.netty.channel.DefaultChannelPool - Entry count for : http://localhost:53689 : 1
23:06:44.791 [AsyncHttpClient-1-11] DEBUG org.asynchttpclient.netty.handler.HttpHandler - 

Request DefaultHttpRequest(decodeResult: success, version: HTTP/1.1)
POST /session/a77e98fa2612c4324d980207142addb5/url HTTP/1.1
User-Agent: selenium/4.13.0 (java mac)
Content-Length: 57
Content-Type: application/json; charset=utf-8
host: localhost:36974
accept: */*

Response DefaultHttpResponse(decodeResult: success, version: HTTP/1.1)
HTTP/1.1 200 OK
Content-Length: 14
Content-Type: application/json; charset=utf-8
cache-control: no-cache

23:06:44.791 [AsyncHttpClient-1-11] DEBUG org.asynchttpclient.netty.channel.ChannelManager - Adding key: http://localhost:36974 for channel [id: 0x266e0dc4, L:/127.0.0.1:53688 - R:localhost/127.0.0.1:36974]
Step 0 : Open URL - null
Step 1 : Click oon super offer tab in header.
23:06:44.793 [Forwarding findElement on session a77e98fa2612c4324d980207142addb5 to remote] DEBUG org.asynchttpclient.netty.request.NettyRequestSender - Using pooled Channel '[id: 0x266e0dc4, L:/127.0.0.1:53688 - R:localhost/127.0.0.1:36974]' for 'POST' to 'http://localhost:36974/session/a77e98fa2612c4324d980207142addb5/element'
23:06:44.793 [Forwarding findElement on session a77e98fa2612c4324d980207142addb5 to remote] DEBUG org.asynchttpclient.netty.request.NettyRequestSender - Using open Channel [id: 0x266e0dc4, L:/127.0.0.1:53688 - R:localhost/127.0.0.1:36974] for POST '/session/a77e98fa2612c4324d980207142addb5/element'
23:06:44.908 [AsyncHttpClient-1-11] DEBUG org.asynchttpclient.netty.handler.HttpHandler - 

Request DefaultHttpRequest(decodeResult: success, version: HTTP/1.1)
POST /session/a77e98fa2612c4324d980207142addb5/element HTTP/1.1
User-Agent: selenium/4.13.0 (java mac)
Content-Length: 106
Content-Type: application/json; charset=utf-8
host: localhost:36974
accept: */*

Response DefaultHttpResponse(decodeResult: success, version: HTTP/1.1)
HTTP/1.1 200 OK
Content-Length: 95
Content-Type: application/json; charset=utf-8
cache-control: no-cache

23:06:44.908 [AsyncHttpClient-1-11] DEBUG org.asynchttpclient.netty.channel.ChannelManager - Adding key: http://localhost:36974 for channel [id: 0x266e0dc4, L:/127.0.0.1:53688 - R:localhost/127.0.0.1:36974]
23:06:44.911 [Forwarding isElementDisplayed on session a77e98fa2612c4324d980207142addb5 to remote] DEBUG org.asynchttpclient.netty.request.NettyRequestSender - Using pooled Channel '[id: 0x266e0dc4, L:/127.0.0.1:53688 - R:localhost/127.0.0.1:36974]' for 'POST' to 'http://localhost:36974/session/a77e98fa2612c4324d980207142addb5/execute/sync'
23:06:44.911 [Forwarding isElementDisplayed on session a77e98fa2612c4324d980207142addb5 to remote] DEBUG org.asynchttpclient.netty.request.NettyRequestSender - Using open Channel [id: 0x266e0dc4, L:/127.0.0.1:53688 - R:localhost/127.0.0.1:36974] for POST '/session/a77e98fa2612c4324d980207142addb5/execute/sync'
23:06:45.115 [AsyncHttpClient-1-1] DEBUG org.asynchttpclient.netty.channel.DefaultChannelPool - Entry count for : http://localhost:53689 : 1
23:06:45.118 [AsyncHttpClient-1-11] DEBUG org.asynchttpclient.netty.handler.HttpHandler - 

Request DefaultHttpRequest(decodeResult: success, version: HTTP/1.1)
POST /session/a77e98fa2612c4324d980207142addb5/execute/sync HTTP/1.1
User-Agent: selenium/4.13.0 (java mac)
Content-Length: 48814
Content-Type: application/json; charset=utf-8
host: localhost:36974
accept: */*

Response DefaultHttpResponse(decodeResult: success, version: HTTP/1.1)
HTTP/1.1 200 OK
Content-Length: 14
Content-Type: application/json; charset=utf-8
cache-control: no-cache

23:06:45.118 [AsyncHttpClient-1-11] DEBUG org.asynchttpclient.netty.channel.ChannelManager - Adding key: http://localhost:36974 for channel [id: 0x266e0dc4, L:/127.0.0.1:53688 - R:localhost/127.0.0.1:36974]
23:06:45.119 [Forwarding isElementEnabled on session a77e98fa2612c4324d980207142addb5 to remote] DEBUG org.asynchttpclient.netty.request.NettyRequestSender - Using pooled Channel '[id: 0x266e0dc4, L:/127.0.0.1:53688 - R:localhost/127.0.0.1:36974]' for 'GET' to 'http://localhost:36974/session/a77e98fa2612c4324d980207142addb5/element/3F6761210A4A62C65F6372BF24D0DF4E_element_31/enabled'
23:06:45.119 [Forwarding isElementEnabled on session a77e98fa2612c4324d980207142addb5 to remote] DEBUG org.asynchttpclient.netty.request.NettyRequestSender - Using open Channel [id: 0x266e0dc4, L:/127.0.0.1:53688 - R:localhost/127.0.0.1:36974] for GET '/session/a77e98fa2612c4324d980207142addb5/element/3F6761210A4A62C65F6372BF24D0DF4E_element_31/enabled'
23:06:45.190 [AsyncHttpClient-1-11] DEBUG org.asynchttpclient.netty.handler.HttpHandler - 

Request DefaultFullHttpRequest(decodeResult: success, version: HTTP/1.1, content: EmptyByteBufBE)
GET /session/a77e98fa2612c4324d980207142addb5/element/3F6761210A4A62C65F6372BF24D0DF4E_element_31/enabled HTTP/1.1
Cache-Control: no-cache
User-Agent: selenium/4.13.0 (java mac)
Content-Type: application/json; charset=utf-8
host: localhost:36974
accept: */*

Response DefaultHttpResponse(decodeResult: success, version: HTTP/1.1)
HTTP/1.1 200 OK
Content-Length: 14
Content-Type: application/json; charset=utf-8
cache-control: no-cache

23:06:45.190 [AsyncHttpClient-1-11] DEBUG org.asynchttpclient.netty.channel.ChannelManager - Adding key: http://localhost:36974 for channel [id: 0x266e0dc4, L:/127.0.0.1:53688 - R:localhost/127.0.0.1:36974]
23:06:45.193 [Forwarding executeScript on session a77e98fa2612c4324d980207142addb5 to remote] DEBUG org.asynchttpclient.netty.request.NettyRequestSender - Using pooled Channel '[id: 0x266e0dc4, L:/127.0.0.1:53688 - R:localhost/127.0.0.1:36974]' for 'POST' to 'http://localhost:36974/session/a77e98fa2612c4324d980207142addb5/execute/sync'
23:06:45.193 [Forwarding executeScript on session a77e98fa2612c4324d980207142addb5 to remote] DEBUG org.asynchttpclient.netty.request.NettyRequestSender - Using open Channel [id: 0x266e0dc4, L:/127.0.0.1:53688 - R:localhost/127.0.0.1:36974] for POST '/session/a77e98fa2612c4324d980207142addb5/execute/sync'
23:06:45.270 [AsyncHttpClient-1-11] DEBUG org.asynchttpclient.netty.handler.HttpHandler - 

Request DefaultHttpRequest(decodeResult: success, version: HTTP/1.1)
POST /session/a77e98fa2612c4324d980207142addb5/execute/sync HTTP/1.1
User-Agent: selenium/4.13.0 (java mac)
Content-Length: 179
Content-Type: application/json; charset=utf-8
host: localhost:36974
accept: */*

Response DefaultHttpResponse(decodeResult: success, version: HTTP/1.1)
HTTP/1.1 200 OK
Content-Length: 14
Content-Type: application/json; charset=utf-8
cache-control: no-cache

23:06:45.270 [AsyncHttpClient-1-11] DEBUG org.asynchttpclient.netty.channel.ChannelManager - Adding key: http://localhost:36974 for channel [id: 0x266e0dc4, L:/127.0.0.1:53688 - R:localhost/127.0.0.1:36974]
23:06:45.271 [Forwarding clickElement on session a77e98fa2612c4324d980207142addb5 to remote] DEBUG org.asynchttpclient.netty.request.NettyRequestSender - Using pooled Channel '[id: 0x266e0dc4, L:/127.0.0.1:53688 - R:localhost/127.0.0.1:36974]' for 'POST' to 'http://localhost:36974/session/a77e98fa2612c4324d980207142addb5/element/3F6761210A4A62C65F6372BF24D0DF4E_element_31/click'
23:06:45.271 [Forwarding clickElement on session a77e98fa2612c4324d980207142addb5 to remote] DEBUG org.asynchttpclient.netty.request.NettyRequestSender - Using open Channel [id: 0x266e0dc4, L:/127.0.0.1:53688 - R:localhost/127.0.0.1:36974] for POST '/session/a77e98fa2612c4324d980207142addb5/element/3F6761210A4A62C65F6372BF24D0DF4E_element_31/click'
23:06:45.393 [AsyncHttpClient-1-11] DEBUG org.asynchttpclient.netty.handler.HttpHandler - 

Request DefaultHttpRequest(decodeResult: success, version: HTTP/1.1)
POST /session/a77e98fa2612c4324d980207142addb5/element/3F6761210A4A62C65F6372BF24D0DF4E_element_31/click HTTP/1.1
User-Agent: selenium/4.13.0 (java mac)
Content-Length: 57
Content-Type: application/json; charset=utf-8
host: localhost:36974
accept: */*

Response DefaultHttpResponse(decodeResult: success, version: HTTP/1.1)
HTTP/1.1 200 OK
Content-Length: 14
Content-Type: application/json; charset=utf-8
cache-control: no-cache

23:06:45.393 [AsyncHttpClient-1-11] DEBUG org.asynchttpclient.netty.channel.ChannelManager - Adding key: http://localhost:36974 for channel [id: 0x266e0dc4, L:/127.0.0.1:53688 - R:localhost/127.0.0.1:36974]
Message : Normal
Step 2 : Verify offer page opend.
23:06:45.394 [Forwarding getCurrentWindowHandle on session a77e98fa2612c4324d980207142addb5 to remote] DEBUG org.asynchttpclient.netty.request.NettyRequestSender - Using pooled Channel '[id: 0x266e0dc4, L:/127.0.0.1:53688 - R:localhost/127.0.0.1:36974]' for 'GET' to 'http://localhost:36974/session/a77e98fa2612c4324d980207142addb5/window'
23:06:45.394 [Forwarding getCurrentWindowHandle on session a77e98fa2612c4324d980207142addb5 to remote] DEBUG org.asynchttpclient.netty.request.NettyRequestSender - Using open Channel [id: 0x266e0dc4, L:/127.0.0.1:53688 - R:localhost/127.0.0.1:36974] for GET '/session/a77e98fa2612c4324d980207142addb5/window'
23:06:45.395 [AsyncHttpClient-1-11] DEBUG org.asynchttpclient.netty.handler.HttpHandler - 

Request DefaultFullHttpRequest(decodeResult: success, version: HTTP/1.1, content: EmptyByteBufBE)
GET /session/a77e98fa2612c4324d980207142addb5/window HTTP/1.1
Cache-Control: no-cache
User-Agent: selenium/4.13.0 (java mac)
Content-Type: application/json; charset=utf-8
host: localhost:36974
accept: */*

Response DefaultHttpResponse(decodeResult: success, version: HTTP/1.1)
HTTP/1.1 200 OK
Content-Length: 44
Content-Type: application/json; charset=utf-8
cache-control: no-cache

23:06:45.396 [AsyncHttpClient-1-11] DEBUG org.asynchttpclient.netty.channel.ChannelManager - Adding key: http://localhost:36974 for channel [id: 0x266e0dc4, L:/127.0.0.1:53688 - R:localhost/127.0.0.1:36974]
23:06:45.396 [Forwarding getWindowHandles on session a77e98fa2612c4324d980207142addb5 to remote] DEBUG org.asynchttpclient.netty.request.NettyRequestSender - Using pooled Channel '[id: 0x266e0dc4, L:/127.0.0.1:53688 - R:localhost/127.0.0.1:36974]' for 'GET' to 'http://localhost:36974/session/a77e98fa2612c4324d980207142addb5/window/handles'
23:06:45.396 [Forwarding getWindowHandles on session a77e98fa2612c4324d980207142addb5 to remote] DEBUG org.asynchttpclient.netty.request.NettyRequestSender - Using open Channel [id: 0x266e0dc4, L:/127.0.0.1:53688 - R:localhost/127.0.0.1:36974] for GET '/session/a77e98fa2612c4324d980207142addb5/window/handles'
23:06:45.403 [AsyncHttpClient-1-11] DEBUG org.asynchttpclient.netty.handler.HttpHandler - 

Request DefaultFullHttpRequest(decodeResult: success, version: HTTP/1.1, content: EmptyByteBufBE)
GET /session/a77e98fa2612c4324d980207142addb5/window/handles HTTP/1.1
Cache-Control: no-cache
User-Agent: selenium/4.13.0 (java mac)
Content-Type: application/json; charset=utf-8
host: localhost:36974
accept: */*

Response DefaultHttpResponse(decodeResult: success, version: HTTP/1.1)
HTTP/1.1 200 OK
Content-Length: 81
Content-Type: application/json; charset=utf-8
cache-control: no-cache

23:06:45.403 [AsyncHttpClient-1-11] DEBUG org.asynchttpclient.netty.channel.ChannelManager - Adding key: http://localhost:36974 for channel [id: 0x266e0dc4, L:/127.0.0.1:53688 - R:localhost/127.0.0.1:36974]
23:06:45.407 [Forwarding switchToWindow on session a77e98fa2612c4324d980207142addb5 to remote] DEBUG org.asynchttpclient.netty.request.NettyRequestSender - Using pooled Channel '[id: 0x266e0dc4, L:/127.0.0.1:53688 - R:localhost/127.0.0.1:36974]' for 'POST' to 'http://localhost:36974/session/a77e98fa2612c4324d980207142addb5/window'
23:06:45.407 [Forwarding switchToWindow on session a77e98fa2612c4324d980207142addb5 to remote] DEBUG org.asynchttpclient.netty.request.NettyRequestSender - Using open Channel [id: 0x266e0dc4, L:/127.0.0.1:53688 - R:localhost/127.0.0.1:36974] for POST '/session/a77e98fa2612c4324d980207142addb5/window'
23:06:45.408 [AsyncHttpClient-1-11] DEBUG org.asynchttpclient.netty.handler.HttpHandler - 

Request DefaultHttpRequest(decodeResult: success, version: HTTP/1.1)
POST /session/a77e98fa2612c4324d980207142addb5/window HTTP/1.1
User-Agent: selenium/4.13.0 (java mac)
Content-Length: 50
Content-Type: application/json; charset=utf-8
host: localhost:36974
accept: */*

Response DefaultHttpResponse(decodeResult: success, version: HTTP/1.1)
HTTP/1.1 200 OK
Content-Length: 14
Content-Type: application/json; charset=utf-8
cache-control: no-cache

23:06:45.408 [AsyncHttpClient-1-11] DEBUG org.asynchttpclient.netty.channel.ChannelManager - Adding key: http://localhost:36974 for channel [id: 0x266e0dc4, L:/127.0.0.1:53688 - R:localhost/127.0.0.1:36974]
23:06:45.409 [Forwarding getCurrentUrl on session a77e98fa2612c4324d980207142addb5 to remote] DEBUG org.asynchttpclient.netty.request.NettyRequestSender - Using pooled Channel '[id: 0x266e0dc4, L:/127.0.0.1:53688 - R:localhost/127.0.0.1:36974]' for 'GET' to 'http://localhost:36974/session/a77e98fa2612c4324d980207142addb5/url'
23:06:45.409 [Forwarding getCurrentUrl on session a77e98fa2612c4324d980207142addb5 to remote] DEBUG org.asynchttpclient.netty.request.NettyRequestSender - Using open Channel [id: 0x266e0dc4, L:/127.0.0.1:53688 - R:localhost/127.0.0.1:36974] for GET '/session/a77e98fa2612c4324d980207142addb5/url'
23:06:46.216 [AsyncHttpClient-1-1] DEBUG org.asynchttpclient.netty.channel.DefaultChannelPool - Entry count for : http://localhost:53689 : 1
23:06:47.316 [AsyncHttpClient-1-1] DEBUG org.asynchttpclient.netty.channel.DefaultChannelPool - Entry count for : http://localhost:53689 : 1
23:06:47.388 [AsyncHttpClient-1-11] DEBUG org.asynchttpclient.netty.handler.HttpHandler - 

Request DefaultFullHttpRequest(decodeResult: success, version: HTTP/1.1, content: EmptyByteBufBE)
GET /session/a77e98fa2612c4324d980207142addb5/url HTTP/1.1
Cache-Control: no-cache
User-Agent: selenium/4.13.0 (java mac)
Content-Type: application/json; charset=utf-8
host: localhost:36974
accept: */*

Response DefaultHttpResponse(decodeResult: success, version: HTTP/1.1)
HTTP/1.1 200 OK
Content-Length: 46
Content-Type: application/json; charset=utf-8
cache-control: no-cache

23:06:47.388 [AsyncHttpClient-1-11] DEBUG org.asynchttpclient.netty.channel.ChannelManager - Adding key: http://localhost:36974 for channel [id: 0x266e0dc4, L:/127.0.0.1:53688 - R:localhost/127.0.0.1:36974]
Step 3 : Click on flights radio button.
23:06:47.390 [Forwarding findElement on session a77e98fa2612c4324d980207142addb5 to remote] DEBUG org.asynchttpclient.netty.request.NettyRequestSender - Using pooled Channel '[id: 0x266e0dc4, L:/127.0.0.1:53688 - R:localhost/127.0.0.1:36974]' for 'POST' to 'http://localhost:36974/session/a77e98fa2612c4324d980207142addb5/element'
23:06:47.390 [Forwarding findElement on session a77e98fa2612c4324d980207142addb5 to remote] DEBUG org.asynchttpclient.netty.request.NettyRequestSender - Using open Channel [id: 0x266e0dc4, L:/127.0.0.1:53688 - R:localhost/127.0.0.1:36974] for POST '/session/a77e98fa2612c4324d980207142addb5/element'
23:06:47.405 [AsyncHttpClient-1-11] DEBUG org.asynchttpclient.netty.handler.HttpHandler - 

Request DefaultHttpRequest(decodeResult: success, version: HTTP/1.1)
POST /session/a77e98fa2612c4324d980207142addb5/element HTTP/1.1
User-Agent: selenium/4.13.0 (java mac)
Content-Length: 66
Content-Type: application/json; charset=utf-8
host: localhost:36974
accept: */*

Response DefaultHttpResponse(decodeResult: success, version: HTTP/1.1)
HTTP/1.1 200 OK
Content-Length: 96
Content-Type: application/json; charset=utf-8
cache-control: no-cache

23:06:47.405 [AsyncHttpClient-1-11] DEBUG org.asynchttpclient.netty.channel.ChannelManager - Adding key: http://localhost:36974 for channel [id: 0x266e0dc4, L:/127.0.0.1:53688 - R:localhost/127.0.0.1:36974]
23:06:47.407 [Forwarding isElementDisplayed on session a77e98fa2612c4324d980207142addb5 to remote] DEBUG org.asynchttpclient.netty.request.NettyRequestSender - Using pooled Channel '[id: 0x266e0dc4, L:/127.0.0.1:53688 - R:localhost/127.0.0.1:36974]' for 'POST' to 'http://localhost:36974/session/a77e98fa2612c4324d980207142addb5/execute/sync'
23:06:47.407 [Forwarding isElementDisplayed on session a77e98fa2612c4324d980207142addb5 to remote] DEBUG org.asynchttpclient.netty.request.NettyRequestSender - Using open Channel [id: 0x266e0dc4, L:/127.0.0.1:53688 - R:localhost/127.0.0.1:36974] for POST '/session/a77e98fa2612c4324d980207142addb5/execute/sync'
23:06:47.419 [AsyncHttpClient-1-11] DEBUG org.asynchttpclient.netty.handler.HttpHandler - 

Request DefaultHttpRequest(decodeResult: success, version: HTTP/1.1)
POST /session/a77e98fa2612c4324d980207142addb5/execute/sync HTTP/1.1
User-Agent: selenium/4.13.0 (java mac)
Content-Length: 48815
Content-Type: application/json; charset=utf-8
host: localhost:36974
accept: */*

Response DefaultHttpResponse(decodeResult: success, version: HTTP/1.1)
HTTP/1.1 200 OK
Content-Length: 14
Content-Type: application/json; charset=utf-8
cache-control: no-cache

23:06:47.419 [AsyncHttpClient-1-11] DEBUG org.asynchttpclient.netty.channel.ChannelManager - Adding key: http://localhost:36974 for channel [id: 0x266e0dc4, L:/127.0.0.1:53688 - R:localhost/127.0.0.1:36974]
23:06:47.420 [Forwarding isElementEnabled on session a77e98fa2612c4324d980207142addb5 to remote] DEBUG org.asynchttpclient.netty.request.NettyRequestSender - Using pooled Channel '[id: 0x266e0dc4, L:/127.0.0.1:53688 - R:localhost/127.0.0.1:36974]' for 'GET' to 'http://localhost:36974/session/a77e98fa2612c4324d980207142addb5/element/F783EA4819D386A0785FAE0C22E8A0E3_element_104/enabled'
23:06:47.420 [Forwarding isElementEnabled on session a77e98fa2612c4324d980207142addb5 to remote] DEBUG org.asynchttpclient.netty.request.NettyRequestSender - Using open Channel [id: 0x266e0dc4, L:/127.0.0.1:53688 - R:localhost/127.0.0.1:36974] for GET '/session/a77e98fa2612c4324d980207142addb5/element/F783EA4819D386A0785FAE0C22E8A0E3_element_104/enabled'
23:06:47.426 [AsyncHttpClient-1-11] DEBUG org.asynchttpclient.netty.handler.HttpHandler - 

Request DefaultFullHttpRequest(decodeResult: success, version: HTTP/1.1, content: EmptyByteBufBE)
GET /session/a77e98fa2612c4324d980207142addb5/element/F783EA4819D386A0785FAE0C22E8A0E3_element_104/enabled HTTP/1.1
Cache-Control: no-cache
User-Agent: selenium/4.13.0 (java mac)
Content-Type: application/json; charset=utf-8
host: localhost:36974
accept: */*

Response DefaultHttpResponse(decodeResult: success, version: HTTP/1.1)
HTTP/1.1 200 OK
Content-Length: 14
Content-Type: application/json; charset=utf-8
cache-control: no-cache

23:06:47.426 [AsyncHttpClient-1-11] DEBUG org.asynchttpclient.netty.channel.ChannelManager - Adding key: http://localhost:36974 for channel [id: 0x266e0dc4, L:/127.0.0.1:53688 - R:localhost/127.0.0.1:36974]
23:06:47.428 [Forwarding executeScript on session a77e98fa2612c4324d980207142addb5 to remote] DEBUG org.asynchttpclient.netty.request.NettyRequestSender - Using pooled Channel '[id: 0x266e0dc4, L:/127.0.0.1:53688 - R:localhost/127.0.0.1:36974]' for 'POST' to 'http://localhost:36974/session/a77e98fa2612c4324d980207142addb5/execute/sync'
23:06:47.428 [Forwarding executeScript on session a77e98fa2612c4324d980207142addb5 to remote] DEBUG org.asynchttpclient.netty.request.NettyRequestSender - Using open Channel [id: 0x266e0dc4, L:/127.0.0.1:53688 - R:localhost/127.0.0.1:36974] for POST '/session/a77e98fa2612c4324d980207142addb5/execute/sync'
23:06:47.434 [AsyncHttpClient-1-11] DEBUG org.asynchttpclient.netty.handler.HttpHandler - 

Request DefaultHttpRequest(decodeResult: success, version: HTTP/1.1)
POST /session/a77e98fa2612c4324d980207142addb5/execute/sync HTTP/1.1
User-Agent: selenium/4.13.0 (java mac)
Content-Length: 180
Content-Type: application/json; charset=utf-8
host: localhost:36974
accept: */*

Response DefaultHttpResponse(decodeResult: success, version: HTTP/1.1)
HTTP/1.1 200 OK
Content-Length: 14
Content-Type: application/json; charset=utf-8
cache-control: no-cache

23:06:47.435 [AsyncHttpClient-1-11] DEBUG org.asynchttpclient.netty.channel.ChannelManager - Adding key: http://localhost:36974 for channel [id: 0x266e0dc4, L:/127.0.0.1:53688 - R:localhost/127.0.0.1:36974]
23:06:47.436 [Forwarding executeScript on session a77e98fa2612c4324d980207142addb5 to remote] DEBUG org.asynchttpclient.netty.request.NettyRequestSender - Using pooled Channel '[id: 0x266e0dc4, L:/127.0.0.1:53688 - R:localhost/127.0.0.1:36974]' for 'POST' to 'http://localhost:36974/session/a77e98fa2612c4324d980207142addb5/execute/sync'
23:06:47.436 [Forwarding executeScript on session a77e98fa2612c4324d980207142addb5 to remote] DEBUG org.asynchttpclient.netty.request.NettyRequestSender - Using open Channel [id: 0x266e0dc4, L:/127.0.0.1:53688 - R:localhost/127.0.0.1:36974] for POST '/session/a77e98fa2612c4324d980207142addb5/execute/sync'
23:06:47.493 [AsyncHttpClient-1-11] DEBUG org.asynchttpclient.netty.handler.HttpHandler - 

Request DefaultHttpRequest(decodeResult: success, version: HTTP/1.1)
POST /session/a77e98fa2612c4324d980207142addb5/execute/sync HTTP/1.1
User-Agent: selenium/4.13.0 (java mac)
Content-Length: 167
Content-Type: application/json; charset=utf-8
host: localhost:36974
accept: */*

Response DefaultHttpResponse(decodeResult: success, version: HTTP/1.1)
HTTP/1.1 200 OK
Content-Length: 14
Content-Type: application/json; charset=utf-8
cache-control: no-cache

23:06:47.493 [AsyncHttpClient-1-11] DEBUG org.asynchttpclient.netty.channel.ChannelManager - Adding key: http://localhost:36974 for channel [id: 0x266e0dc4, L:/127.0.0.1:53688 - R:localhost/127.0.0.1:36974]
Step 4 : Click on hdfc checkbox.
23:06:47.494 [Forwarding findElement on session a77e98fa2612c4324d980207142addb5 to remote] DEBUG org.asynchttpclient.netty.request.NettyRequestSender - Using pooled Channel '[id: 0x266e0dc4, L:/127.0.0.1:53688 - R:localhost/127.0.0.1:36974]' for 'POST' to 'http://localhost:36974/session/a77e98fa2612c4324d980207142addb5/element'
23:06:47.494 [Forwarding findElement on session a77e98fa2612c4324d980207142addb5 to remote] DEBUG org.asynchttpclient.netty.request.NettyRequestSender - Using open Channel [id: 0x266e0dc4, L:/127.0.0.1:53688 - R:localhost/127.0.0.1:36974] for POST '/session/a77e98fa2612c4324d980207142addb5/element'
23:06:47.562 [AsyncHttpClient-1-11] DEBUG org.asynchttpclient.netty.handler.HttpHandler - 

Request DefaultHttpRequest(decodeResult: success, version: HTTP/1.1)
POST /session/a77e98fa2612c4324d980207142addb5/element HTTP/1.1
User-Agent: selenium/4.13.0 (java mac)
Content-Length: 67
Content-Type: application/json; charset=utf-8
host: localhost:36974
accept: */*

Response DefaultHttpResponse(decodeResult: success, version: HTTP/1.1)
HTTP/1.1 200 OK
Content-Length: 96
Content-Type: application/json; charset=utf-8
cache-control: no-cache

23:06:47.562 [AsyncHttpClient-1-11] DEBUG org.asynchttpclient.netty.channel.ChannelManager - Adding key: http://localhost:36974 for channel [id: 0x266e0dc4, L:/127.0.0.1:53688 - R:localhost/127.0.0.1:36974]
23:06:47.564 [Forwarding isElementDisplayed on session a77e98fa2612c4324d980207142addb5 to remote] DEBUG org.asynchttpclient.netty.request.NettyRequestSender - Using pooled Channel '[id: 0x266e0dc4, L:/127.0.0.1:53688 - R:localhost/127.0.0.1:36974]' for 'POST' to 'http://localhost:36974/session/a77e98fa2612c4324d980207142addb5/execute/sync'
23:06:47.564 [Forwarding isElementDisplayed on session a77e98fa2612c4324d980207142addb5 to remote] DEBUG org.asynchttpclient.netty.request.NettyRequestSender - Using open Channel [id: 0x266e0dc4, L:/127.0.0.1:53688 - R:localhost/127.0.0.1:36974] for POST '/session/a77e98fa2612c4324d980207142addb5/execute/sync'
23:06:47.576 [AsyncHttpClient-1-11] DEBUG org.asynchttpclient.netty.handler.HttpHandler - 

Request DefaultHttpRequest(decodeResult: success, version: HTTP/1.1)
POST /session/a77e98fa2612c4324d980207142addb5/execute/sync HTTP/1.1
User-Agent: selenium/4.13.0 (java mac)
Content-Length: 48815
Content-Type: application/json; charset=utf-8
host: localhost:36974
accept: */*

Response DefaultHttpResponse(decodeResult: success, version: HTTP/1.1)
HTTP/1.1 200 OK
Content-Length: 14
Content-Type: application/json; charset=utf-8
cache-control: no-cache

23:06:47.576 [AsyncHttpClient-1-11] DEBUG org.asynchttpclient.netty.channel.ChannelManager - Adding key: http://localhost:36974 for channel [id: 0x266e0dc4, L:/127.0.0.1:53688 - R:localhost/127.0.0.1:36974]
23:06:47.577 [Forwarding isElementEnabled on session a77e98fa2612c4324d980207142addb5 to remote] DEBUG org.asynchttpclient.netty.request.NettyRequestSender - Using pooled Channel '[id: 0x266e0dc4, L:/127.0.0.1:53688 - R:localhost/127.0.0.1:36974]' for 'GET' to 'http://localhost:36974/session/a77e98fa2612c4324d980207142addb5/element/F783EA4819D386A0785FAE0C22E8A0E3_element_164/enabled'
23:06:47.577 [Forwarding isElementEnabled on session a77e98fa2612c4324d980207142addb5 to remote] DEBUG org.asynchttpclient.netty.request.NettyRequestSender - Using open Channel [id: 0x266e0dc4, L:/127.0.0.1:53688 - R:localhost/127.0.0.1:36974] for GET '/session/a77e98fa2612c4324d980207142addb5/element/F783EA4819D386A0785FAE0C22E8A0E3_element_164/enabled'
23:06:47.585 [AsyncHttpClient-1-11] DEBUG org.asynchttpclient.netty.handler.HttpHandler - 

Request DefaultFullHttpRequest(decodeResult: success, version: HTTP/1.1, content: EmptyByteBufBE)
GET /session/a77e98fa2612c4324d980207142addb5/element/F783EA4819D386A0785FAE0C22E8A0E3_element_164/enabled HTTP/1.1
Cache-Control: no-cache
User-Agent: selenium/4.13.0 (java mac)
Content-Type: application/json; charset=utf-8
host: localhost:36974
accept: */*

Response DefaultHttpResponse(decodeResult: success, version: HTTP/1.1)
HTTP/1.1 200 OK
Content-Length: 14
Content-Type: application/json; charset=utf-8
cache-control: no-cache

23:06:47.586 [AsyncHttpClient-1-11] DEBUG org.asynchttpclient.netty.channel.ChannelManager - Adding key: http://localhost:36974 for channel [id: 0x266e0dc4, L:/127.0.0.1:53688 - R:localhost/127.0.0.1:36974]
23:06:47.587 [Forwarding executeScript on session a77e98fa2612c4324d980207142addb5 to remote] DEBUG org.asynchttpclient.netty.request.NettyRequestSender - Using pooled Channel '[id: 0x266e0dc4, L:/127.0.0.1:53688 - R:localhost/127.0.0.1:36974]' for 'POST' to 'http://localhost:36974/session/a77e98fa2612c4324d980207142addb5/execute/sync'
23:06:47.587 [Forwarding executeScript on session a77e98fa2612c4324d980207142addb5 to remote] DEBUG org.asynchttpclient.netty.request.NettyRequestSender - Using open Channel [id: 0x266e0dc4, L:/127.0.0.1:53688 - R:localhost/127.0.0.1:36974] for POST '/session/a77e98fa2612c4324d980207142addb5/execute/sync'
23:06:47.594 [AsyncHttpClient-1-11] DEBUG org.asynchttpclient.netty.handler.HttpHandler - 

Request DefaultHttpRequest(decodeResult: success, version: HTTP/1.1)
POST /session/a77e98fa2612c4324d980207142addb5/execute/sync HTTP/1.1
User-Agent: selenium/4.13.0 (java mac)
Content-Length: 180
Content-Type: application/json; charset=utf-8
host: localhost:36974
accept: */*

Response DefaultHttpResponse(decodeResult: success, version: HTTP/1.1)
HTTP/1.1 200 OK
Content-Length: 14
Content-Type: application/json; charset=utf-8
cache-control: no-cache

23:06:47.594 [AsyncHttpClient-1-11] DEBUG org.asynchttpclient.netty.channel.ChannelManager - Adding key: http://localhost:36974 for channel [id: 0x266e0dc4, L:/127.0.0.1:53688 - R:localhost/127.0.0.1:36974]
23:06:47.595 [Forwarding executeScript on session a77e98fa2612c4324d980207142addb5 to remote] DEBUG org.asynchttpclient.netty.request.NettyRequestSender - Using pooled Channel '[id: 0x266e0dc4, L:/127.0.0.1:53688 - R:localhost/127.0.0.1:36974]' for 'POST' to 'http://localhost:36974/session/a77e98fa2612c4324d980207142addb5/execute/sync'
23:06:47.595 [Forwarding executeScript on session a77e98fa2612c4324d980207142addb5 to remote] DEBUG org.asynchttpclient.netty.request.NettyRequestSender - Using open Channel [id: 0x266e0dc4, L:/127.0.0.1:53688 - R:localhost/127.0.0.1:36974] for POST '/session/a77e98fa2612c4324d980207142addb5/execute/sync'
23:06:47.646 [AsyncHttpClient-1-11] DEBUG org.asynchttpclient.netty.handler.HttpHandler - 

Request DefaultHttpRequest(decodeResult: success, version: HTTP/1.1)
POST /session/a77e98fa2612c4324d980207142addb5/execute/sync HTTP/1.1
User-Agent: selenium/4.13.0 (java mac)
Content-Length: 167
Content-Type: application/json; charset=utf-8
host: localhost:36974
accept: */*

Response DefaultHttpResponse(decodeResult: success, version: HTTP/1.1)
HTTP/1.1 200 OK
Content-Length: 14
Content-Type: application/json; charset=utf-8
cache-control: no-cache

23:06:47.646 [AsyncHttpClient-1-11] DEBUG org.asynchttpclient.netty.channel.ChannelManager - Adding key: http://localhost:36974 for channel [id: 0x266e0dc4, L:/127.0.0.1:53688 - R:localhost/127.0.0.1:36974]
23:06:48.416 [AsyncHttpClient-1-1] DEBUG org.asynchttpclient.netty.channel.DefaultChannelPool - Entry count for : http://localhost:53689 : 1
23:06:48.416 [AsyncHttpClient-1-1] DEBUG org.asynchttpclient.netty.channel.DefaultChannelPool - Entry count for : http://localhost:36974 : 1
23:06:49.517 [AsyncHttpClient-1-1] DEBUG org.asynchttpclient.netty.channel.DefaultChannelPool - Entry count for : http://localhost:53689 : 1
23:06:49.517 [AsyncHttpClient-1-1] DEBUG org.asynchttpclient.netty.channel.DefaultChannelPool - Entry count for : http://localhost:36974 : 1
Step 5 : Verify all offers have hdfc bank logo with terms and conditions.
23:06:49.649 [Forwarding findElements on session a77e98fa2612c4324d980207142addb5 to remote] DEBUG org.asynchttpclient.netty.request.NettyRequestSender - Using pooled Channel '[id: 0x266e0dc4, L:/127.0.0.1:53688 - R:localhost/127.0.0.1:36974]' for 'POST' to 'http://localhost:36974/session/a77e98fa2612c4324d980207142addb5/elements'
23:06:49.650 [Forwarding findElements on session a77e98fa2612c4324d980207142addb5 to remote] DEBUG org.asynchttpclient.netty.request.NettyRequestSender - Using open Channel [id: 0x266e0dc4, L:/127.0.0.1:53688 - R:localhost/127.0.0.1:36974] for POST '/session/a77e98fa2612c4324d980207142addb5/elements'
23:06:49.659 [AsyncHttpClient-1-11] DEBUG org.asynchttpclient.netty.handler.HttpHandler - 

Request DefaultHttpRequest(decodeResult: success, version: HTTP/1.1)
POST /session/a77e98fa2612c4324d980207142addb5/elements HTTP/1.1
User-Agent: selenium/4.13.0 (java mac)
Content-Length: 72
Content-Type: application/json; charset=utf-8
host: localhost:36974
accept: */*

Response DefaultHttpResponse(decodeResult: success, version: HTTP/1.1)
HTTP/1.1 200 OK
Content-Length: 185
Content-Type: application/json; charset=utf-8
cache-control: no-cache

23:06:49.659 [AsyncHttpClient-1-11] DEBUG org.asynchttpclient.netty.channel.ChannelManager - Adding key: http://localhost:36974 for channel [id: 0x266e0dc4, L:/127.0.0.1:53688 - R:localhost/127.0.0.1:36974]
23:06:49.660 [Forwarding findElement on session a77e98fa2612c4324d980207142addb5 to remote] DEBUG org.asynchttpclient.netty.request.NettyRequestSender - Using pooled Channel '[id: 0x266e0dc4, L:/127.0.0.1:53688 - R:localhost/127.0.0.1:36974]' for 'POST' to 'http://localhost:36974/session/a77e98fa2612c4324d980207142addb5/element'
23:06:49.661 [Forwarding findElement on session a77e98fa2612c4324d980207142addb5 to remote] DEBUG org.asynchttpclient.netty.request.NettyRequestSender - Using open Channel [id: 0x266e0dc4, L:/127.0.0.1:53688 - R:localhost/127.0.0.1:36974] for POST '/session/a77e98fa2612c4324d980207142addb5/element'
23:06:49.669 [AsyncHttpClient-1-11] DEBUG org.asynchttpclient.netty.handler.HttpHandler - 

Request DefaultHttpRequest(decodeResult: success, version: HTTP/1.1)
POST /session/a77e98fa2612c4324d980207142addb5/element HTTP/1.1
User-Agent: selenium/4.13.0 (java mac)
Content-Length: 75
Content-Type: application/json; charset=utf-8
host: localhost:36974
accept: */*

Response DefaultHttpResponse(decodeResult: success, version: HTTP/1.1)
HTTP/1.1 200 OK
Content-Length: 96
Content-Type: application/json; charset=utf-8
cache-control: no-cache

23:06:49.669 [AsyncHttpClient-1-11] DEBUG org.asynchttpclient.netty.channel.ChannelManager - Adding key: http://localhost:36974 for channel [id: 0x266e0dc4, L:/127.0.0.1:53688 - R:localhost/127.0.0.1:36974]
23:06:49.670 [Forwarding executeScript on session a77e98fa2612c4324d980207142addb5 to remote] DEBUG org.asynchttpclient.netty.request.NettyRequestSender - Using pooled Channel '[id: 0x266e0dc4, L:/127.0.0.1:53688 - R:localhost/127.0.0.1:36974]' for 'POST' to 'http://localhost:36974/session/a77e98fa2612c4324d980207142addb5/execute/sync'
23:06:49.670 [Forwarding executeScript on session a77e98fa2612c4324d980207142addb5 to remote] DEBUG org.asynchttpclient.netty.request.NettyRequestSender - Using open Channel [id: 0x266e0dc4, L:/127.0.0.1:53688 - R:localhost/127.0.0.1:36974] for POST '/session/a77e98fa2612c4324d980207142addb5/execute/sync'
23:06:49.674 [AsyncHttpClient-1-11] DEBUG org.asynchttpclient.netty.handler.HttpHandler - 

Request DefaultHttpRequest(decodeResult: success, version: HTTP/1.1)
POST /session/a77e98fa2612c4324d980207142addb5/execute/sync HTTP/1.1
User-Agent: selenium/4.13.0 (java mac)
Content-Length: 180
Content-Type: application/json; charset=utf-8
host: localhost:36974
accept: */*

Response DefaultHttpResponse(decodeResult: success, version: HTTP/1.1)
HTTP/1.1 200 OK
Content-Length: 14
Content-Type: application/json; charset=utf-8
cache-control: no-cache

23:06:49.674 [AsyncHttpClient-1-11] DEBUG org.asynchttpclient.netty.channel.ChannelManager - Adding key: http://localhost:36974 for channel [id: 0x266e0dc4, L:/127.0.0.1:53688 - R:localhost/127.0.0.1:36974]
23:06:49.676 [Forwarding isElementDisplayed on session a77e98fa2612c4324d980207142addb5 to remote] DEBUG org.asynchttpclient.netty.request.NettyRequestSender - Using pooled Channel '[id: 0x266e0dc4, L:/127.0.0.1:53688 - R:localhost/127.0.0.1:36974]' for 'POST' to 'http://localhost:36974/session/a77e98fa2612c4324d980207142addb5/execute/sync'
23:06:49.676 [Forwarding isElementDisplayed on session a77e98fa2612c4324d980207142addb5 to remote] DEBUG org.asynchttpclient.netty.request.NettyRequestSender - Using open Channel [id: 0x266e0dc4, L:/127.0.0.1:53688 - R:localhost/127.0.0.1:36974] for POST '/session/a77e98fa2612c4324d980207142addb5/execute/sync'
23:06:49.684 [AsyncHttpClient-1-11] DEBUG org.asynchttpclient.netty.handler.HttpHandler - 

Request DefaultHttpRequest(decodeResult: success, version: HTTP/1.1)
POST /session/a77e98fa2612c4324d980207142addb5/execute/sync HTTP/1.1
User-Agent: selenium/4.13.0 (java mac)
Content-Length: 48815
Content-Type: application/json; charset=utf-8
host: localhost:36974
accept: */*

Response DefaultHttpResponse(decodeResult: success, version: HTTP/1.1)
HTTP/1.1 200 OK
Content-Length: 14
Content-Type: application/json; charset=utf-8
cache-control: no-cache

23:06:49.684 [AsyncHttpClient-1-11] DEBUG org.asynchttpclient.netty.channel.ChannelManager - Adding key: http://localhost:36974 for channel [id: 0x266e0dc4, L:/127.0.0.1:53688 - R:localhost/127.0.0.1:36974]
23:06:49.685 [Forwarding findElement on session a77e98fa2612c4324d980207142addb5 to remote] DEBUG org.asynchttpclient.netty.request.NettyRequestSender - Using pooled Channel '[id: 0x266e0dc4, L:/127.0.0.1:53688 - R:localhost/127.0.0.1:36974]' for 'POST' to 'http://localhost:36974/session/a77e98fa2612c4324d980207142addb5/element'
23:06:49.685 [Forwarding findElement on session a77e98fa2612c4324d980207142addb5 to remote] DEBUG org.asynchttpclient.netty.request.NettyRequestSender - Using open Channel [id: 0x266e0dc4, L:/127.0.0.1:53688 - R:localhost/127.0.0.1:36974] for POST '/session/a77e98fa2612c4324d980207142addb5/element'
23:06:49.694 [AsyncHttpClient-1-11] DEBUG org.asynchttpclient.netty.handler.HttpHandler - 

Request DefaultHttpRequest(decodeResult: success, version: HTTP/1.1)
POST /session/a77e98fa2612c4324d980207142addb5/element HTTP/1.1
User-Agent: selenium/4.13.0 (java mac)
Content-Length: 75
Content-Type: application/json; charset=utf-8
host: localhost:36974
accept: */*

Response DefaultHttpResponse(decodeResult: success, version: HTTP/1.1)
HTTP/1.1 200 OK
Content-Length: 96
Content-Type: application/json; charset=utf-8
cache-control: no-cache

23:06:49.695 [AsyncHttpClient-1-11] DEBUG org.asynchttpclient.netty.channel.ChannelManager - Adding key: http://localhost:36974 for channel [id: 0x266e0dc4, L:/127.0.0.1:53688 - R:localhost/127.0.0.1:36974]
23:06:49.696 [Forwarding executeScript on session a77e98fa2612c4324d980207142addb5 to remote] DEBUG org.asynchttpclient.netty.request.NettyRequestSender - Using pooled Channel '[id: 0x266e0dc4, L:/127.0.0.1:53688 - R:localhost/127.0.0.1:36974]' for 'POST' to 'http://localhost:36974/session/a77e98fa2612c4324d980207142addb5/execute/sync'
23:06:49.696 [Forwarding executeScript on session a77e98fa2612c4324d980207142addb5 to remote] DEBUG org.asynchttpclient.netty.request.NettyRequestSender - Using open Channel [id: 0x266e0dc4, L:/127.0.0.1:53688 - R:localhost/127.0.0.1:36974] for POST '/session/a77e98fa2612c4324d980207142addb5/execute/sync'
23:06:49.701 [AsyncHttpClient-1-11] DEBUG org.asynchttpclient.netty.handler.HttpHandler - 

Request DefaultHttpRequest(decodeResult: success, version: HTTP/1.1)
POST /session/a77e98fa2612c4324d980207142addb5/execute/sync HTTP/1.1
User-Agent: selenium/4.13.0 (java mac)
Content-Length: 180
Content-Type: application/json; charset=utf-8
host: localhost:36974
accept: */*

Response DefaultHttpResponse(decodeResult: success, version: HTTP/1.1)
HTTP/1.1 200 OK
Content-Length: 14
Content-Type: application/json; charset=utf-8
cache-control: no-cache

23:06:49.701 [AsyncHttpClient-1-11] DEBUG org.asynchttpclient.netty.channel.ChannelManager - Adding key: http://localhost:36974 for channel [id: 0x266e0dc4, L:/127.0.0.1:53688 - R:localhost/127.0.0.1:36974]
23:06:49.703 [Forwarding isElementDisplayed on session a77e98fa2612c4324d980207142addb5 to remote] DEBUG org.asynchttpclient.netty.request.NettyRequestSender - Using pooled Channel '[id: 0x266e0dc4, L:/127.0.0.1:53688 - R:localhost/127.0.0.1:36974]' for 'POST' to 'http://localhost:36974/session/a77e98fa2612c4324d980207142addb5/execute/sync'
23:06:49.703 [Forwarding isElementDisplayed on session a77e98fa2612c4324d980207142addb5 to remote] DEBUG org.asynchttpclient.netty.request.NettyRequestSender - Using open Channel [id: 0x266e0dc4, L:/127.0.0.1:53688 - R:localhost/127.0.0.1:36974] for POST '/session/a77e98fa2612c4324d980207142addb5/execute/sync'
23:06:49.712 [AsyncHttpClient-1-11] DEBUG org.asynchttpclient.netty.handler.HttpHandler - 

Request DefaultHttpRequest(decodeResult: success, version: HTTP/1.1)
POST /session/a77e98fa2612c4324d980207142addb5/execute/sync HTTP/1.1
User-Agent: selenium/4.13.0 (java mac)
Content-Length: 48815
Content-Type: application/json; charset=utf-8
host: localhost:36974
accept: */*

Response DefaultHttpResponse(decodeResult: success, version: HTTP/1.1)
HTTP/1.1 200 OK
Content-Length: 14
Content-Type: application/json; charset=utf-8
cache-control: no-cache

23:06:49.712 [AsyncHttpClient-1-11] DEBUG org.asynchttpclient.netty.channel.ChannelManager - Adding key: http://localhost:36974 for channel [id: 0x266e0dc4, L:/127.0.0.1:53688 - R:localhost/127.0.0.1:36974]
]]></system-out>
    <system-err><![CDATA[Jan 11, 2024 11:06:41 PM org.openqa.selenium.devtools.CdpVersionFinder findNearestMatch
WARNING: Unable to find an exact match for CDP version 120, so returning the closest version found: 117
]]></system-err>
  </testcase>
  <testcase name="verifyOfferPageHotelAxisFilter" classname="com.sample.modules.OfferPage" time="5.041">
    <system-out><![CDATA[Message : PASS : verifyOfferPageFllightsHDFCFilter
Total testcases:-4
Total passed testcases:-2
Total failed testcases:-2
23:06:49.713 [Driver Command Executor] DEBUG org.asynchttpclient.netty.request.NettyRequestSender - Using pooled Channel '[id: 0x266e0dc4, L:/127.0.0.1:53688 - R:localhost/127.0.0.1:36974]' for 'DELETE' to 'http://localhost:36974/session/a77e98fa2612c4324d980207142addb5'
23:06:49.713 [AsyncHttpClient-1-13] DEBUG org.asynchttpclient.netty.handler.WebSocketHandler - Channel Closed: [id: 0xfa9f20d0, L:/127.0.0.1:53694 ! R:localhost/127.0.0.1:53689] with attribute DISCARD
23:06:49.713 [Driver Command Executor] DEBUG org.asynchttpclient.netty.request.NettyRequestSender - Using open Channel [id: 0x266e0dc4, L:/127.0.0.1:53688 - R:localhost/127.0.0.1:36974] for DELETE '/session/a77e98fa2612c4324d980207142addb5'
23:06:49.738 [AsyncHttpClient-1-12] DEBUG org.asynchttpclient.netty.handler.HttpHandler - Channel Closed: [id: 0xf5ccd6d4, L:/127.0.0.1:53693 ! R:localhost/127.0.0.1:53689] with attribute DISCARD
23:06:49.764 [AsyncHttpClient-1-11] DEBUG org.asynchttpclient.netty.handler.HttpHandler - 

Request DefaultFullHttpRequest(decodeResult: success, version: HTTP/1.1, content: EmptyByteBufBE)
DELETE /session/a77e98fa2612c4324d980207142addb5 HTTP/1.1
User-Agent: selenium/4.13.0 (java mac)
Content-Type: application/json; charset=utf-8
host: localhost:36974
accept: */*

Response DefaultHttpResponse(decodeResult: success, version: HTTP/1.1)
HTTP/1.1 200 OK
Content-Length: 14
Content-Type: application/json; charset=utf-8
cache-control: no-cache

23:06:49.764 [AsyncHttpClient-1-11] DEBUG org.asynchttpclient.netty.channel.ChannelManager - Adding key: http://localhost:36974 for channel [id: 0x266e0dc4, L:/127.0.0.1:53688 - R:localhost/127.0.0.1:36974]
23:06:49.844 [AsyncHttpClient-1-11] DEBUG org.asynchttpclient.netty.handler.HttpHandler - Channel Closed: [id: 0x266e0dc4, L:/127.0.0.1:53688 ! R:localhost/127.0.0.1:36974] with attribute DISCARD
23:06:49.950 [AsyncHttpClient-1-14] DEBUG org.asynchttpclient.netty.channel.NettyConnectListener - Using new Channel '[id: 0x962523f3, L:/127.0.0.1:53743 - R:localhost/127.0.0.1:11497]' for 'POST' to '/session'
23:06:50.617 [AsyncHttpClient-1-1] DEBUG org.asynchttpclient.netty.channel.DefaultChannelPool - Entry count for : http://localhost:53689 : 1
23:06:50.617 [AsyncHttpClient-1-1] DEBUG org.asynchttpclient.netty.channel.DefaultChannelPool - Entry count for : http://localhost:36974 : 1
23:06:50.617 [AsyncHttpClient-1-1] DEBUG org.asynchttpclient.netty.channel.DefaultChannelPool - Adding Candidate expired Channel [id: 0xf5ccd6d4, L:/127.0.0.1:53693 ! R:localhost/127.0.0.1:53689] isIdleTimeoutExpired=false isRemotelyClosed=true isTtlExpired=false
23:06:50.617 [AsyncHttpClient-1-1] DEBUG org.asynchttpclient.netty.channel.DefaultChannelPool - Closing Idle Channel [id: 0xf5ccd6d4, L:/127.0.0.1:53693 ! R:localhost/127.0.0.1:53689]
23:06:50.617 [AsyncHttpClient-1-1] DEBUG org.asynchttpclient.netty.channel.DefaultChannelPool - Adding Candidate expired Channel [id: 0x266e0dc4, L:/127.0.0.1:53688 ! R:localhost/127.0.0.1:36974] isIdleTimeoutExpired=false isRemotelyClosed=true isTtlExpired=false
23:06:50.617 [AsyncHttpClient-1-1] DEBUG org.asynchttpclient.netty.channel.DefaultChannelPool - Closing Idle Channel [id: 0x266e0dc4, L:/127.0.0.1:53688 ! R:localhost/127.0.0.1:36974]
23:06:50.617 [AsyncHttpClient-1-1] DEBUG org.asynchttpclient.netty.channel.DefaultChannelPool - Closed 2 connections out of 2 in 0 ms
23:06:50.848 [AsyncHttpClient-1-14] DEBUG org.asynchttpclient.netty.handler.HttpHandler - 

Request DefaultHttpRequest(decodeResult: success, version: HTTP/1.1)
POST /session HTTP/1.1
User-Agent: selenium/4.13.0 (java mac)
Content-Length: 291
Content-Type: application/json; charset=utf-8
host: localhost:11497
accept: */*

Response DefaultHttpResponse(decodeResult: success, version: HTTP/1.1)
HTTP/1.1 200 OK
Content-Length: 891
Content-Type: application/json; charset=utf-8
cache-control: no-cache

23:06:50.849 [AsyncHttpClient-1-14] DEBUG org.asynchttpclient.netty.channel.ChannelManager - Adding key: http://localhost:11497 for channel [id: 0x962523f3, L:/127.0.0.1:53743 - R:localhost/127.0.0.1:11497]
23:06:50.854 [AsyncHttpClient-1-15] DEBUG org.asynchttpclient.netty.channel.NettyConnectListener - Using new Channel '[id: 0x1a8f0c51, L:/127.0.0.1:53748 - R:localhost/127.0.0.1:53744]' for 'GET' to '/json/version'
23:06:50.856 [AsyncHttpClient-1-15] DEBUG org.asynchttpclient.netty.handler.HttpHandler - 

Request DefaultFullHttpRequest(decodeResult: success, version: HTTP/1.1, content: EmptyByteBufBE)
GET /json/version HTTP/1.1
User-Agent: selenium/4.13.0 (java mac)
host: localhost:53744
accept: */*

Response DefaultHttpResponse(decodeResult: success, version: HTTP/1.1)
HTTP/1.1 200 OK
Content-Security-Policy: frame-ancestors 'none'
Content-Length: 422
Content-Type: application/json; charset=UTF-8

23:06:50.857 [AsyncHttpClient-1-15] DEBUG org.asynchttpclient.netty.channel.ChannelManager - Adding key: http://localhost:53744 for channel [id: 0x1a8f0c51, L:/127.0.0.1:53748 - R:localhost/127.0.0.1:53744]
23:06:50.859 [AsyncHttpClient-1-16] DEBUG org.asynchttpclient.netty.channel.NettyConnectListener - Using new Channel '[id: 0xae5c80ed, L:/127.0.0.1:53749 - R:localhost/127.0.0.1:53744]' for 'GET' to '/devtools/browser/5703be96-0617-4dd1-8448-16b05e77b3cb'
23:06:50.863 [AsyncHttpClient-1-16] DEBUG org.asynchttpclient.netty.handler.WebSocketHandler - 

Request DefaultFullHttpRequest(decodeResult: success, version: HTTP/1.1, content: EmptyByteBufBE)
GET /devtools/browser/5703be96-0617-4dd1-8448-16b05e77b3cb HTTP/1.1
upgrade: websocket
connection: upgrade
sec-websocket-key: lwQMCePxPjph57A+VM1UXQ==
sec-websocket-version: 13
origin: http://localhost:53744
host: localhost:53744
accept: */*
user-agent: AHC/2.1

Response DefaultHttpResponse(decodeResult: success, version: HTTP/1.1)
HTTP/1.1 101 WebSocket Protocol Handshake
Upgrade: WebSocket
Connection: Upgrade
Sec-WebSocket-Accept: L8HMFqdUtnZHoMVkYX1MPxBC5lM=

23:06:50.868 [Forwarding maximizeCurrentWindow on session 6f9979b8da6dbe059912e91ad0330f0c to remote] DEBUG org.asynchttpclient.netty.request.NettyRequestSender - Using pooled Channel '[id: 0x962523f3, L:/127.0.0.1:53743 - R:localhost/127.0.0.1:11497]' for 'POST' to 'http://localhost:11497/session/6f9979b8da6dbe059912e91ad0330f0c/window/maximize'
23:06:50.868 [Forwarding maximizeCurrentWindow on session 6f9979b8da6dbe059912e91ad0330f0c to remote] DEBUG org.asynchttpclient.netty.request.NettyRequestSender - Using open Channel [id: 0x962523f3, L:/127.0.0.1:53743 - R:localhost/127.0.0.1:11497] for POST '/session/6f9979b8da6dbe059912e91ad0330f0c/window/maximize'
23:06:51.339 [AsyncHttpClient-1-14] DEBUG org.asynchttpclient.netty.handler.HttpHandler - 

Request DefaultHttpRequest(decodeResult: success, version: HTTP/1.1)
POST /session/6f9979b8da6dbe059912e91ad0330f0c/window/maximize HTTP/1.1
User-Agent: selenium/4.13.0 (java mac)
Content-Length: 3
Content-Type: application/json; charset=utf-8
host: localhost:11497
accept: */*

Response DefaultHttpResponse(decodeResult: success, version: HTTP/1.1)
HTTP/1.1 200 OK
Content-Length: 50
Content-Type: application/json; charset=utf-8
cache-control: no-cache

23:06:51.339 [AsyncHttpClient-1-14] DEBUG org.asynchttpclient.netty.channel.ChannelManager - Adding key: http://localhost:11497 for channel [id: 0x962523f3, L:/127.0.0.1:53743 - R:localhost/127.0.0.1:11497]
23:06:51.340 [Forwarding get on session 6f9979b8da6dbe059912e91ad0330f0c to remote] DEBUG org.asynchttpclient.netty.request.NettyRequestSender - Using pooled Channel '[id: 0x962523f3, L:/127.0.0.1:53743 - R:localhost/127.0.0.1:11497]' for 'POST' to 'http://localhost:11497/session/6f9979b8da6dbe059912e91ad0330f0c/url'
23:06:51.340 [Forwarding get on session 6f9979b8da6dbe059912e91ad0330f0c to remote] DEBUG org.asynchttpclient.netty.request.NettyRequestSender - Using open Channel [id: 0x962523f3, L:/127.0.0.1:53743 - R:localhost/127.0.0.1:11497] for POST '/session/6f9979b8da6dbe059912e91ad0330f0c/url'
23:06:51.716 [AsyncHttpClient-1-1] DEBUG org.asynchttpclient.netty.channel.DefaultChannelPool - Entry count for : http://localhost:53744 : 1
23:06:52.818 [AsyncHttpClient-1-1] DEBUG org.asynchttpclient.netty.channel.DefaultChannelPool - Entry count for : http://localhost:53744 : 1
23:06:53.312 [AsyncHttpClient-1-14] DEBUG org.asynchttpclient.netty.handler.HttpHandler - 

Request DefaultHttpRequest(decodeResult: success, version: HTTP/1.1)
POST /session/6f9979b8da6dbe059912e91ad0330f0c/url HTTP/1.1
User-Agent: selenium/4.13.0 (java mac)
Content-Length: 57
Content-Type: application/json; charset=utf-8
host: localhost:11497
accept: */*

Response DefaultHttpResponse(decodeResult: success, version: HTTP/1.1)
HTTP/1.1 200 OK
Content-Length: 14
Content-Type: application/json; charset=utf-8
cache-control: no-cache

23:06:53.313 [AsyncHttpClient-1-14] DEBUG org.asynchttpclient.netty.channel.ChannelManager - Adding key: http://localhost:11497 for channel [id: 0x962523f3, L:/127.0.0.1:53743 - R:localhost/127.0.0.1:11497]
Step 0 : Open URL - null
Step 1 : Click oon super offer tab in header.
23:06:53.314 [Forwarding findElement on session 6f9979b8da6dbe059912e91ad0330f0c to remote] DEBUG org.asynchttpclient.netty.request.NettyRequestSender - Using pooled Channel '[id: 0x962523f3, L:/127.0.0.1:53743 - R:localhost/127.0.0.1:11497]' for 'POST' to 'http://localhost:11497/session/6f9979b8da6dbe059912e91ad0330f0c/element'
23:06:53.314 [Forwarding findElement on session 6f9979b8da6dbe059912e91ad0330f0c to remote] DEBUG org.asynchttpclient.netty.request.NettyRequestSender - Using open Channel [id: 0x962523f3, L:/127.0.0.1:53743 - R:localhost/127.0.0.1:11497] for POST '/session/6f9979b8da6dbe059912e91ad0330f0c/element'
23:06:53.394 [AsyncHttpClient-1-14] DEBUG org.asynchttpclient.netty.handler.HttpHandler - 

Request DefaultHttpRequest(decodeResult: success, version: HTTP/1.1)
POST /session/6f9979b8da6dbe059912e91ad0330f0c/element HTTP/1.1
User-Agent: selenium/4.13.0 (java mac)
Content-Length: 106
Content-Type: application/json; charset=utf-8
host: localhost:11497
accept: */*

Response DefaultHttpResponse(decodeResult: success, version: HTTP/1.1)
HTTP/1.1 200 OK
Content-Length: 95
Content-Type: application/json; charset=utf-8
cache-control: no-cache

23:06:53.394 [AsyncHttpClient-1-14] DEBUG org.asynchttpclient.netty.channel.ChannelManager - Adding key: http://localhost:11497 for channel [id: 0x962523f3, L:/127.0.0.1:53743 - R:localhost/127.0.0.1:11497]
23:06:53.396 [Forwarding isElementDisplayed on session 6f9979b8da6dbe059912e91ad0330f0c to remote] DEBUG org.asynchttpclient.netty.request.NettyRequestSender - Using pooled Channel '[id: 0x962523f3, L:/127.0.0.1:53743 - R:localhost/127.0.0.1:11497]' for 'POST' to 'http://localhost:11497/session/6f9979b8da6dbe059912e91ad0330f0c/execute/sync'
23:06:53.396 [Forwarding isElementDisplayed on session 6f9979b8da6dbe059912e91ad0330f0c to remote] DEBUG org.asynchttpclient.netty.request.NettyRequestSender - Using open Channel [id: 0x962523f3, L:/127.0.0.1:53743 - R:localhost/127.0.0.1:11497] for POST '/session/6f9979b8da6dbe059912e91ad0330f0c/execute/sync'
23:06:53.415 [AsyncHttpClient-1-14] DEBUG org.asynchttpclient.netty.handler.HttpHandler - 

Request DefaultHttpRequest(decodeResult: success, version: HTTP/1.1)
POST /session/6f9979b8da6dbe059912e91ad0330f0c/execute/sync HTTP/1.1
User-Agent: selenium/4.13.0 (java mac)
Content-Length: 48814
Content-Type: application/json; charset=utf-8
host: localhost:11497
accept: */*

Response DefaultHttpResponse(decodeResult: success, version: HTTP/1.1)
HTTP/1.1 200 OK
Content-Length: 14
Content-Type: application/json; charset=utf-8
cache-control: no-cache

23:06:53.415 [AsyncHttpClient-1-14] DEBUG org.asynchttpclient.netty.channel.ChannelManager - Adding key: http://localhost:11497 for channel [id: 0x962523f3, L:/127.0.0.1:53743 - R:localhost/127.0.0.1:11497]
23:06:53.417 [Forwarding isElementEnabled on session 6f9979b8da6dbe059912e91ad0330f0c to remote] DEBUG org.asynchttpclient.netty.request.NettyRequestSender - Using pooled Channel '[id: 0x962523f3, L:/127.0.0.1:53743 - R:localhost/127.0.0.1:11497]' for 'GET' to 'http://localhost:11497/session/6f9979b8da6dbe059912e91ad0330f0c/element/B8ECE0C2AED7B1CC3BF9DC60A19B82F9_element_31/enabled'
23:06:53.417 [Forwarding isElementEnabled on session 6f9979b8da6dbe059912e91ad0330f0c to remote] DEBUG org.asynchttpclient.netty.request.NettyRequestSender - Using open Channel [id: 0x962523f3, L:/127.0.0.1:53743 - R:localhost/127.0.0.1:11497] for GET '/session/6f9979b8da6dbe059912e91ad0330f0c/element/B8ECE0C2AED7B1CC3BF9DC60A19B82F9_element_31/enabled'
23:06:53.426 [AsyncHttpClient-1-14] DEBUG org.asynchttpclient.netty.handler.HttpHandler - 

Request DefaultFullHttpRequest(decodeResult: success, version: HTTP/1.1, content: EmptyByteBufBE)
GET /session/6f9979b8da6dbe059912e91ad0330f0c/element/B8ECE0C2AED7B1CC3BF9DC60A19B82F9_element_31/enabled HTTP/1.1
Cache-Control: no-cache
User-Agent: selenium/4.13.0 (java mac)
Content-Type: application/json; charset=utf-8
host: localhost:11497
accept: */*

Response DefaultHttpResponse(decodeResult: success, version: HTTP/1.1)
HTTP/1.1 200 OK
Content-Length: 14
Content-Type: application/json; charset=utf-8
cache-control: no-cache

23:06:53.427 [AsyncHttpClient-1-14] DEBUG org.asynchttpclient.netty.channel.ChannelManager - Adding key: http://localhost:11497 for channel [id: 0x962523f3, L:/127.0.0.1:53743 - R:localhost/127.0.0.1:11497]
23:06:53.428 [Forwarding executeScript on session 6f9979b8da6dbe059912e91ad0330f0c to remote] DEBUG org.asynchttpclient.netty.request.NettyRequestSender - Using pooled Channel '[id: 0x962523f3, L:/127.0.0.1:53743 - R:localhost/127.0.0.1:11497]' for 'POST' to 'http://localhost:11497/session/6f9979b8da6dbe059912e91ad0330f0c/execute/sync'
23:06:53.428 [Forwarding executeScript on session 6f9979b8da6dbe059912e91ad0330f0c to remote] DEBUG org.asynchttpclient.netty.request.NettyRequestSender - Using open Channel [id: 0x962523f3, L:/127.0.0.1:53743 - R:localhost/127.0.0.1:11497] for POST '/session/6f9979b8da6dbe059912e91ad0330f0c/execute/sync'
23:06:53.433 [AsyncHttpClient-1-14] DEBUG org.asynchttpclient.netty.handler.HttpHandler - 

Request DefaultHttpRequest(decodeResult: success, version: HTTP/1.1)
POST /session/6f9979b8da6dbe059912e91ad0330f0c/execute/sync HTTP/1.1
User-Agent: selenium/4.13.0 (java mac)
Content-Length: 179
Content-Type: application/json; charset=utf-8
host: localhost:11497
accept: */*

Response DefaultHttpResponse(decodeResult: success, version: HTTP/1.1)
HTTP/1.1 200 OK
Content-Length: 14
Content-Type: application/json; charset=utf-8
cache-control: no-cache

23:06:53.433 [AsyncHttpClient-1-14] DEBUG org.asynchttpclient.netty.channel.ChannelManager - Adding key: http://localhost:11497 for channel [id: 0x962523f3, L:/127.0.0.1:53743 - R:localhost/127.0.0.1:11497]
23:06:53.434 [Forwarding clickElement on session 6f9979b8da6dbe059912e91ad0330f0c to remote] DEBUG org.asynchttpclient.netty.request.NettyRequestSender - Using pooled Channel '[id: 0x962523f3, L:/127.0.0.1:53743 - R:localhost/127.0.0.1:11497]' for 'POST' to 'http://localhost:11497/session/6f9979b8da6dbe059912e91ad0330f0c/element/B8ECE0C2AED7B1CC3BF9DC60A19B82F9_element_31/click'
23:06:53.434 [Forwarding clickElement on session 6f9979b8da6dbe059912e91ad0330f0c to remote] DEBUG org.asynchttpclient.netty.request.NettyRequestSender - Using open Channel [id: 0x962523f3, L:/127.0.0.1:53743 - R:localhost/127.0.0.1:11497] for POST '/session/6f9979b8da6dbe059912e91ad0330f0c/element/B8ECE0C2AED7B1CC3BF9DC60A19B82F9_element_31/click'
23:06:53.865 [AsyncHttpClient-1-14] DEBUG org.asynchttpclient.netty.handler.HttpHandler - 

Request DefaultHttpRequest(decodeResult: success, version: HTTP/1.1)
POST /session/6f9979b8da6dbe059912e91ad0330f0c/element/B8ECE0C2AED7B1CC3BF9DC60A19B82F9_element_31/click HTTP/1.1
User-Agent: selenium/4.13.0 (java mac)
Content-Length: 57
Content-Type: application/json; charset=utf-8
host: localhost:11497
accept: */*

Response DefaultHttpResponse(decodeResult: success, version: HTTP/1.1)
HTTP/1.1 200 OK
Content-Length: 14
Content-Type: application/json; charset=utf-8
cache-control: no-cache

23:06:53.865 [AsyncHttpClient-1-14] DEBUG org.asynchttpclient.netty.channel.ChannelManager - Adding key: http://localhost:11497 for channel [id: 0x962523f3, L:/127.0.0.1:53743 - R:localhost/127.0.0.1:11497]
Message : Normal
Step 2 : Verify offer page opend.
23:06:53.866 [Forwarding getCurrentWindowHandle on session 6f9979b8da6dbe059912e91ad0330f0c to remote] DEBUG org.asynchttpclient.netty.request.NettyRequestSender - Using pooled Channel '[id: 0x962523f3, L:/127.0.0.1:53743 - R:localhost/127.0.0.1:11497]' for 'GET' to 'http://localhost:11497/session/6f9979b8da6dbe059912e91ad0330f0c/window'
23:06:53.866 [Forwarding getCurrentWindowHandle on session 6f9979b8da6dbe059912e91ad0330f0c to remote] DEBUG org.asynchttpclient.netty.request.NettyRequestSender - Using open Channel [id: 0x962523f3, L:/127.0.0.1:53743 - R:localhost/127.0.0.1:11497] for GET '/session/6f9979b8da6dbe059912e91ad0330f0c/window'
23:06:53.867 [AsyncHttpClient-1-14] DEBUG org.asynchttpclient.netty.handler.HttpHandler - 

Request DefaultFullHttpRequest(decodeResult: success, version: HTTP/1.1, content: EmptyByteBufBE)
GET /session/6f9979b8da6dbe059912e91ad0330f0c/window HTTP/1.1
Cache-Control: no-cache
User-Agent: selenium/4.13.0 (java mac)
Content-Type: application/json; charset=utf-8
host: localhost:11497
accept: */*

Response DefaultHttpResponse(decodeResult: success, version: HTTP/1.1)
HTTP/1.1 200 OK
Content-Length: 44
Content-Type: application/json; charset=utf-8
cache-control: no-cache

23:06:53.867 [AsyncHttpClient-1-14] DEBUG org.asynchttpclient.netty.channel.ChannelManager - Adding key: http://localhost:11497 for channel [id: 0x962523f3, L:/127.0.0.1:53743 - R:localhost/127.0.0.1:11497]
23:06:53.868 [Forwarding getWindowHandles on session 6f9979b8da6dbe059912e91ad0330f0c to remote] DEBUG org.asynchttpclient.netty.request.NettyRequestSender - Using pooled Channel '[id: 0x962523f3, L:/127.0.0.1:53743 - R:localhost/127.0.0.1:11497]' for 'GET' to 'http://localhost:11497/session/6f9979b8da6dbe059912e91ad0330f0c/window/handles'
23:06:53.868 [Forwarding getWindowHandles on session 6f9979b8da6dbe059912e91ad0330f0c to remote] DEBUG org.asynchttpclient.netty.request.NettyRequestSender - Using open Channel [id: 0x962523f3, L:/127.0.0.1:53743 - R:localhost/127.0.0.1:11497] for GET '/session/6f9979b8da6dbe059912e91ad0330f0c/window/handles'
23:06:53.872 [AsyncHttpClient-1-14] DEBUG org.asynchttpclient.netty.handler.HttpHandler - 

Request DefaultFullHttpRequest(decodeResult: success, version: HTTP/1.1, content: EmptyByteBufBE)
GET /session/6f9979b8da6dbe059912e91ad0330f0c/window/handles HTTP/1.1
Cache-Control: no-cache
User-Agent: selenium/4.13.0 (java mac)
Content-Type: application/json; charset=utf-8
host: localhost:11497
accept: */*

Response DefaultHttpResponse(decodeResult: success, version: HTTP/1.1)
HTTP/1.1 200 OK
Content-Length: 81
Content-Type: application/json; charset=utf-8
cache-control: no-cache

23:06:53.873 [AsyncHttpClient-1-14] DEBUG org.asynchttpclient.netty.channel.ChannelManager - Adding key: http://localhost:11497 for channel [id: 0x962523f3, L:/127.0.0.1:53743 - R:localhost/127.0.0.1:11497]
23:06:53.873 [Forwarding switchToWindow on session 6f9979b8da6dbe059912e91ad0330f0c to remote] DEBUG org.asynchttpclient.netty.request.NettyRequestSender - Using pooled Channel '[id: 0x962523f3, L:/127.0.0.1:53743 - R:localhost/127.0.0.1:11497]' for 'POST' to 'http://localhost:11497/session/6f9979b8da6dbe059912e91ad0330f0c/window'
23:06:53.873 [Forwarding switchToWindow on session 6f9979b8da6dbe059912e91ad0330f0c to remote] DEBUG org.asynchttpclient.netty.request.NettyRequestSender - Using open Channel [id: 0x962523f3, L:/127.0.0.1:53743 - R:localhost/127.0.0.1:11497] for POST '/session/6f9979b8da6dbe059912e91ad0330f0c/window'
23:06:53.875 [AsyncHttpClient-1-14] DEBUG org.asynchttpclient.netty.handler.HttpHandler - 

Request DefaultHttpRequest(decodeResult: success, version: HTTP/1.1)
POST /session/6f9979b8da6dbe059912e91ad0330f0c/window HTTP/1.1
User-Agent: selenium/4.13.0 (java mac)
Content-Length: 50
Content-Type: application/json; charset=utf-8
host: localhost:11497
accept: */*

Response DefaultHttpResponse(decodeResult: success, version: HTTP/1.1)
HTTP/1.1 200 OK
Content-Length: 14
Content-Type: application/json; charset=utf-8
cache-control: no-cache

23:06:53.875 [AsyncHttpClient-1-14] DEBUG org.asynchttpclient.netty.channel.ChannelManager - Adding key: http://localhost:11497 for channel [id: 0x962523f3, L:/127.0.0.1:53743 - R:localhost/127.0.0.1:11497]
23:06:53.876 [Forwarding getCurrentUrl on session 6f9979b8da6dbe059912e91ad0330f0c to remote] DEBUG org.asynchttpclient.netty.request.NettyRequestSender - Using pooled Channel '[id: 0x962523f3, L:/127.0.0.1:53743 - R:localhost/127.0.0.1:11497]' for 'GET' to 'http://localhost:11497/session/6f9979b8da6dbe059912e91ad0330f0c/url'
23:06:53.876 [Forwarding getCurrentUrl on session 6f9979b8da6dbe059912e91ad0330f0c to remote] DEBUG org.asynchttpclient.netty.request.NettyRequestSender - Using open Channel [id: 0x962523f3, L:/127.0.0.1:53743 - R:localhost/127.0.0.1:11497] for GET '/session/6f9979b8da6dbe059912e91ad0330f0c/url'
23:06:53.915 [AsyncHttpClient-1-1] DEBUG org.asynchttpclient.netty.channel.DefaultChannelPool - Entry count for : http://localhost:53744 : 1
23:06:55.015 [AsyncHttpClient-1-1] DEBUG org.asynchttpclient.netty.channel.DefaultChannelPool - Entry count for : http://localhost:53744 : 1
23:06:56.036 [AsyncHttpClient-1-14] DEBUG org.asynchttpclient.netty.handler.HttpHandler - 

Request DefaultFullHttpRequest(decodeResult: success, version: HTTP/1.1, content: EmptyByteBufBE)
GET /session/6f9979b8da6dbe059912e91ad0330f0c/url HTTP/1.1
Cache-Control: no-cache
User-Agent: selenium/4.13.0 (java mac)
Content-Type: application/json; charset=utf-8
host: localhost:11497
accept: */*

Response DefaultHttpResponse(decodeResult: success, version: HTTP/1.1)
HTTP/1.1 200 OK
Content-Length: 46
Content-Type: application/json; charset=utf-8
cache-control: no-cache

23:06:56.036 [AsyncHttpClient-1-14] DEBUG org.asynchttpclient.netty.channel.ChannelManager - Adding key: http://localhost:11497 for channel [id: 0x962523f3, L:/127.0.0.1:53743 - R:localhost/127.0.0.1:11497]
Step 3 : Click on hotels radio button.
23:06:56.037 [Forwarding findElement on session 6f9979b8da6dbe059912e91ad0330f0c to remote] DEBUG org.asynchttpclient.netty.request.NettyRequestSender - Using pooled Channel '[id: 0x962523f3, L:/127.0.0.1:53743 - R:localhost/127.0.0.1:11497]' for 'POST' to 'http://localhost:11497/session/6f9979b8da6dbe059912e91ad0330f0c/element'
23:06:56.037 [Forwarding findElement on session 6f9979b8da6dbe059912e91ad0330f0c to remote] DEBUG org.asynchttpclient.netty.request.NettyRequestSender - Using open Channel [id: 0x962523f3, L:/127.0.0.1:53743 - R:localhost/127.0.0.1:11497] for POST '/session/6f9979b8da6dbe059912e91ad0330f0c/element'
23:06:56.048 [AsyncHttpClient-1-14] DEBUG org.asynchttpclient.netty.handler.HttpHandler - 

Request DefaultHttpRequest(decodeResult: success, version: HTTP/1.1)
POST /session/6f9979b8da6dbe059912e91ad0330f0c/element HTTP/1.1
User-Agent: selenium/4.13.0 (java mac)
Content-Length: 66
Content-Type: application/json; charset=utf-8
host: localhost:11497
accept: */*

Response DefaultHttpResponse(decodeResult: success, version: HTTP/1.1)
HTTP/1.1 200 OK
Content-Length: 96
Content-Type: application/json; charset=utf-8
cache-control: no-cache

23:06:56.048 [AsyncHttpClient-1-14] DEBUG org.asynchttpclient.netty.channel.ChannelManager - Adding key: http://localhost:11497 for channel [id: 0x962523f3, L:/127.0.0.1:53743 - R:localhost/127.0.0.1:11497]
23:06:56.050 [Forwarding isElementDisplayed on session 6f9979b8da6dbe059912e91ad0330f0c to remote] DEBUG org.asynchttpclient.netty.request.NettyRequestSender - Using pooled Channel '[id: 0x962523f3, L:/127.0.0.1:53743 - R:localhost/127.0.0.1:11497]' for 'POST' to 'http://localhost:11497/session/6f9979b8da6dbe059912e91ad0330f0c/execute/sync'
23:06:56.050 [Forwarding isElementDisplayed on session 6f9979b8da6dbe059912e91ad0330f0c to remote] DEBUG org.asynchttpclient.netty.request.NettyRequestSender - Using open Channel [id: 0x962523f3, L:/127.0.0.1:53743 - R:localhost/127.0.0.1:11497] for POST '/session/6f9979b8da6dbe059912e91ad0330f0c/execute/sync'
23:06:56.061 [AsyncHttpClient-1-14] DEBUG org.asynchttpclient.netty.handler.HttpHandler - 

Request DefaultHttpRequest(decodeResult: success, version: HTTP/1.1)
POST /session/6f9979b8da6dbe059912e91ad0330f0c/execute/sync HTTP/1.1
User-Agent: selenium/4.13.0 (java mac)
Content-Length: 48815
Content-Type: application/json; charset=utf-8
host: localhost:11497
accept: */*

Response DefaultHttpResponse(decodeResult: success, version: HTTP/1.1)
HTTP/1.1 200 OK
Content-Length: 14
Content-Type: application/json; charset=utf-8
cache-control: no-cache

23:06:56.061 [AsyncHttpClient-1-14] DEBUG org.asynchttpclient.netty.channel.ChannelManager - Adding key: http://localhost:11497 for channel [id: 0x962523f3, L:/127.0.0.1:53743 - R:localhost/127.0.0.1:11497]
23:06:56.062 [Forwarding isElementEnabled on session 6f9979b8da6dbe059912e91ad0330f0c to remote] DEBUG org.asynchttpclient.netty.request.NettyRequestSender - Using pooled Channel '[id: 0x962523f3, L:/127.0.0.1:53743 - R:localhost/127.0.0.1:11497]' for 'GET' to 'http://localhost:11497/session/6f9979b8da6dbe059912e91ad0330f0c/element/2AC002828977BDA1A831597B8AD05218_element_113/enabled'
23:06:56.062 [Forwarding isElementEnabled on session 6f9979b8da6dbe059912e91ad0330f0c to remote] DEBUG org.asynchttpclient.netty.request.NettyRequestSender - Using open Channel [id: 0x962523f3, L:/127.0.0.1:53743 - R:localhost/127.0.0.1:11497] for GET '/session/6f9979b8da6dbe059912e91ad0330f0c/element/2AC002828977BDA1A831597B8AD05218_element_113/enabled'
23:06:56.067 [AsyncHttpClient-1-14] DEBUG org.asynchttpclient.netty.handler.HttpHandler - 

Request DefaultFullHttpRequest(decodeResult: success, version: HTTP/1.1, content: EmptyByteBufBE)
GET /session/6f9979b8da6dbe059912e91ad0330f0c/element/2AC002828977BDA1A831597B8AD05218_element_113/enabled HTTP/1.1
Cache-Control: no-cache
User-Agent: selenium/4.13.0 (java mac)
Content-Type: application/json; charset=utf-8
host: localhost:11497
accept: */*

Response DefaultHttpResponse(decodeResult: success, version: HTTP/1.1)
HTTP/1.1 200 OK
Content-Length: 14
Content-Type: application/json; charset=utf-8
cache-control: no-cache

23:06:56.067 [AsyncHttpClient-1-14] DEBUG org.asynchttpclient.netty.channel.ChannelManager - Adding key: http://localhost:11497 for channel [id: 0x962523f3, L:/127.0.0.1:53743 - R:localhost/127.0.0.1:11497]
23:06:56.068 [Forwarding executeScript on session 6f9979b8da6dbe059912e91ad0330f0c to remote] DEBUG org.asynchttpclient.netty.request.NettyRequestSender - Using pooled Channel '[id: 0x962523f3, L:/127.0.0.1:53743 - R:localhost/127.0.0.1:11497]' for 'POST' to 'http://localhost:11497/session/6f9979b8da6dbe059912e91ad0330f0c/execute/sync'
23:06:56.069 [Forwarding executeScript on session 6f9979b8da6dbe059912e91ad0330f0c to remote] DEBUG org.asynchttpclient.netty.request.NettyRequestSender - Using open Channel [id: 0x962523f3, L:/127.0.0.1:53743 - R:localhost/127.0.0.1:11497] for POST '/session/6f9979b8da6dbe059912e91ad0330f0c/execute/sync'
23:06:56.073 [AsyncHttpClient-1-14] DEBUG org.asynchttpclient.netty.handler.HttpHandler - 

Request DefaultHttpRequest(decodeResult: success, version: HTTP/1.1)
POST /session/6f9979b8da6dbe059912e91ad0330f0c/execute/sync HTTP/1.1
User-Agent: selenium/4.13.0 (java mac)
Content-Length: 180
Content-Type: application/json; charset=utf-8
host: localhost:11497
accept: */*

Response DefaultHttpResponse(decodeResult: success, version: HTTP/1.1)
HTTP/1.1 200 OK
Content-Length: 14
Content-Type: application/json; charset=utf-8
cache-control: no-cache

23:06:56.073 [AsyncHttpClient-1-14] DEBUG org.asynchttpclient.netty.channel.ChannelManager - Adding key: http://localhost:11497 for channel [id: 0x962523f3, L:/127.0.0.1:53743 - R:localhost/127.0.0.1:11497]
23:06:56.074 [Forwarding executeScript on session 6f9979b8da6dbe059912e91ad0330f0c to remote] DEBUG org.asynchttpclient.netty.request.NettyRequestSender - Using pooled Channel '[id: 0x962523f3, L:/127.0.0.1:53743 - R:localhost/127.0.0.1:11497]' for 'POST' to 'http://localhost:11497/session/6f9979b8da6dbe059912e91ad0330f0c/execute/sync'
23:06:56.074 [Forwarding executeScript on session 6f9979b8da6dbe059912e91ad0330f0c to remote] DEBUG org.asynchttpclient.netty.request.NettyRequestSender - Using open Channel [id: 0x962523f3, L:/127.0.0.1:53743 - R:localhost/127.0.0.1:11497] for POST '/session/6f9979b8da6dbe059912e91ad0330f0c/execute/sync'
23:06:56.115 [AsyncHttpClient-1-1] DEBUG org.asynchttpclient.netty.channel.DefaultChannelPool - Entry count for : http://localhost:53744 : 1
23:06:56.123 [AsyncHttpClient-1-14] DEBUG org.asynchttpclient.netty.handler.HttpHandler - 

Request DefaultHttpRequest(decodeResult: success, version: HTTP/1.1)
POST /session/6f9979b8da6dbe059912e91ad0330f0c/execute/sync HTTP/1.1
User-Agent: selenium/4.13.0 (java mac)
Content-Length: 167
Content-Type: application/json; charset=utf-8
host: localhost:11497
accept: */*

Response DefaultHttpResponse(decodeResult: success, version: HTTP/1.1)
HTTP/1.1 200 OK
Content-Length: 14
Content-Type: application/json; charset=utf-8
cache-control: no-cache

23:06:56.123 [AsyncHttpClient-1-14] DEBUG org.asynchttpclient.netty.channel.ChannelManager - Adding key: http://localhost:11497 for channel [id: 0x962523f3, L:/127.0.0.1:53743 - R:localhost/127.0.0.1:11497]
Step 4 : Click on axis checkbox.
23:06:56.124 [Forwarding findElement on session 6f9979b8da6dbe059912e91ad0330f0c to remote] DEBUG org.asynchttpclient.netty.request.NettyRequestSender - Using pooled Channel '[id: 0x962523f3, L:/127.0.0.1:53743 - R:localhost/127.0.0.1:11497]' for 'POST' to 'http://localhost:11497/session/6f9979b8da6dbe059912e91ad0330f0c/element'
23:06:56.124 [Forwarding findElement on session 6f9979b8da6dbe059912e91ad0330f0c to remote] DEBUG org.asynchttpclient.netty.request.NettyRequestSender - Using open Channel [id: 0x962523f3, L:/127.0.0.1:53743 - R:localhost/127.0.0.1:11497] for POST '/session/6f9979b8da6dbe059912e91ad0330f0c/element'
23:06:56.223 [AsyncHttpClient-1-14] DEBUG org.asynchttpclient.netty.handler.HttpHandler - 

Request DefaultHttpRequest(decodeResult: success, version: HTTP/1.1)
POST /session/6f9979b8da6dbe059912e91ad0330f0c/element HTTP/1.1
User-Agent: selenium/4.13.0 (java mac)
Content-Length: 67
Content-Type: application/json; charset=utf-8
host: localhost:11497
accept: */*

Response DefaultHttpResponse(decodeResult: success, version: HTTP/1.1)
HTTP/1.1 200 OK
Content-Length: 96
Content-Type: application/json; charset=utf-8
cache-control: no-cache

23:06:56.223 [AsyncHttpClient-1-14] DEBUG org.asynchttpclient.netty.channel.ChannelManager - Adding key: http://localhost:11497 for channel [id: 0x962523f3, L:/127.0.0.1:53743 - R:localhost/127.0.0.1:11497]
23:06:56.225 [Forwarding isElementDisplayed on session 6f9979b8da6dbe059912e91ad0330f0c to remote] DEBUG org.asynchttpclient.netty.request.NettyRequestSender - Using pooled Channel '[id: 0x962523f3, L:/127.0.0.1:53743 - R:localhost/127.0.0.1:11497]' for 'POST' to 'http://localhost:11497/session/6f9979b8da6dbe059912e91ad0330f0c/execute/sync'
23:06:56.225 [Forwarding isElementDisplayed on session 6f9979b8da6dbe059912e91ad0330f0c to remote] DEBUG org.asynchttpclient.netty.request.NettyRequestSender - Using open Channel [id: 0x962523f3, L:/127.0.0.1:53743 - R:localhost/127.0.0.1:11497] for POST '/session/6f9979b8da6dbe059912e91ad0330f0c/execute/sync'
23:06:56.234 [AsyncHttpClient-1-14] DEBUG org.asynchttpclient.netty.handler.HttpHandler - 

Request DefaultHttpRequest(decodeResult: success, version: HTTP/1.1)
POST /session/6f9979b8da6dbe059912e91ad0330f0c/execute/sync HTTP/1.1
User-Agent: selenium/4.13.0 (java mac)
Content-Length: 48815
Content-Type: application/json; charset=utf-8
host: localhost:11497
accept: */*

Response DefaultHttpResponse(decodeResult: success, version: HTTP/1.1)
HTTP/1.1 200 OK
Content-Length: 14
Content-Type: application/json; charset=utf-8
cache-control: no-cache

23:06:56.234 [AsyncHttpClient-1-14] DEBUG org.asynchttpclient.netty.channel.ChannelManager - Adding key: http://localhost:11497 for channel [id: 0x962523f3, L:/127.0.0.1:53743 - R:localhost/127.0.0.1:11497]
23:06:56.235 [Forwarding isElementEnabled on session 6f9979b8da6dbe059912e91ad0330f0c to remote] DEBUG org.asynchttpclient.netty.request.NettyRequestSender - Using pooled Channel '[id: 0x962523f3, L:/127.0.0.1:53743 - R:localhost/127.0.0.1:11497]' for 'GET' to 'http://localhost:11497/session/6f9979b8da6dbe059912e91ad0330f0c/element/2AC002828977BDA1A831597B8AD05218_element_168/enabled'
23:06:56.235 [Forwarding isElementEnabled on session 6f9979b8da6dbe059912e91ad0330f0c to remote] DEBUG org.asynchttpclient.netty.request.NettyRequestSender - Using open Channel [id: 0x962523f3, L:/127.0.0.1:53743 - R:localhost/127.0.0.1:11497] for GET '/session/6f9979b8da6dbe059912e91ad0330f0c/element/2AC002828977BDA1A831597B8AD05218_element_168/enabled'
23:06:56.240 [AsyncHttpClient-1-14] DEBUG org.asynchttpclient.netty.handler.HttpHandler - 

Request DefaultFullHttpRequest(decodeResult: success, version: HTTP/1.1, content: EmptyByteBufBE)
GET /session/6f9979b8da6dbe059912e91ad0330f0c/element/2AC002828977BDA1A831597B8AD05218_element_168/enabled HTTP/1.1
Cache-Control: no-cache
User-Agent: selenium/4.13.0 (java mac)
Content-Type: application/json; charset=utf-8
host: localhost:11497
accept: */*

Response DefaultHttpResponse(decodeResult: success, version: HTTP/1.1)
HTTP/1.1 200 OK
Content-Length: 14
Content-Type: application/json; charset=utf-8
cache-control: no-cache

23:06:56.241 [AsyncHttpClient-1-14] DEBUG org.asynchttpclient.netty.channel.ChannelManager - Adding key: http://localhost:11497 for channel [id: 0x962523f3, L:/127.0.0.1:53743 - R:localhost/127.0.0.1:11497]
23:06:56.242 [Forwarding executeScript on session 6f9979b8da6dbe059912e91ad0330f0c to remote] DEBUG org.asynchttpclient.netty.request.NettyRequestSender - Using pooled Channel '[id: 0x962523f3, L:/127.0.0.1:53743 - R:localhost/127.0.0.1:11497]' for 'POST' to 'http://localhost:11497/session/6f9979b8da6dbe059912e91ad0330f0c/execute/sync'
23:06:56.242 [Forwarding executeScript on session 6f9979b8da6dbe059912e91ad0330f0c to remote] DEBUG org.asynchttpclient.netty.request.NettyRequestSender - Using open Channel [id: 0x962523f3, L:/127.0.0.1:53743 - R:localhost/127.0.0.1:11497] for POST '/session/6f9979b8da6dbe059912e91ad0330f0c/execute/sync'
23:06:56.247 [AsyncHttpClient-1-14] DEBUG org.asynchttpclient.netty.handler.HttpHandler - 

Request DefaultHttpRequest(decodeResult: success, version: HTTP/1.1)
POST /session/6f9979b8da6dbe059912e91ad0330f0c/execute/sync HTTP/1.1
User-Agent: selenium/4.13.0 (java mac)
Content-Length: 180
Content-Type: application/json; charset=utf-8
host: localhost:11497
accept: */*

Response DefaultHttpResponse(decodeResult: success, version: HTTP/1.1)
HTTP/1.1 200 OK
Content-Length: 14
Content-Type: application/json; charset=utf-8
cache-control: no-cache

23:06:56.248 [AsyncHttpClient-1-14] DEBUG org.asynchttpclient.netty.channel.ChannelManager - Adding key: http://localhost:11497 for channel [id: 0x962523f3, L:/127.0.0.1:53743 - R:localhost/127.0.0.1:11497]
23:06:56.249 [Forwarding executeScript on session 6f9979b8da6dbe059912e91ad0330f0c to remote] DEBUG org.asynchttpclient.netty.request.NettyRequestSender - Using pooled Channel '[id: 0x962523f3, L:/127.0.0.1:53743 - R:localhost/127.0.0.1:11497]' for 'POST' to 'http://localhost:11497/session/6f9979b8da6dbe059912e91ad0330f0c/execute/sync'
23:06:56.249 [Forwarding executeScript on session 6f9979b8da6dbe059912e91ad0330f0c to remote] DEBUG org.asynchttpclient.netty.request.NettyRequestSender - Using open Channel [id: 0x962523f3, L:/127.0.0.1:53743 - R:localhost/127.0.0.1:11497] for POST '/session/6f9979b8da6dbe059912e91ad0330f0c/execute/sync'
23:06:56.299 [AsyncHttpClient-1-14] DEBUG org.asynchttpclient.netty.handler.HttpHandler - 

Request DefaultHttpRequest(decodeResult: success, version: HTTP/1.1)
POST /session/6f9979b8da6dbe059912e91ad0330f0c/execute/sync HTTP/1.1
User-Agent: selenium/4.13.0 (java mac)
Content-Length: 167
Content-Type: application/json; charset=utf-8
host: localhost:11497
accept: */*

Response DefaultHttpResponse(decodeResult: success, version: HTTP/1.1)
HTTP/1.1 200 OK
Content-Length: 14
Content-Type: application/json; charset=utf-8
cache-control: no-cache

23:06:56.299 [AsyncHttpClient-1-14] DEBUG org.asynchttpclient.netty.channel.ChannelManager - Adding key: http://localhost:11497 for channel [id: 0x962523f3, L:/127.0.0.1:53743 - R:localhost/127.0.0.1:11497]
23:06:57.216 [AsyncHttpClient-1-1] DEBUG org.asynchttpclient.netty.channel.DefaultChannelPool - Entry count for : http://localhost:11497 : 1
23:06:57.216 [AsyncHttpClient-1-1] DEBUG org.asynchttpclient.netty.channel.DefaultChannelPool - Entry count for : http://localhost:53744 : 1
Step 5 : Verify all offers have axis bank logo with terms and conditions.
23:06:58.302 [Forwarding findElements on session 6f9979b8da6dbe059912e91ad0330f0c to remote] DEBUG org.asynchttpclient.netty.request.NettyRequestSender - Using pooled Channel '[id: 0x962523f3, L:/127.0.0.1:53743 - R:localhost/127.0.0.1:11497]' for 'POST' to 'http://localhost:11497/session/6f9979b8da6dbe059912e91ad0330f0c/elements'
23:06:58.302 [Forwarding findElements on session 6f9979b8da6dbe059912e91ad0330f0c to remote] DEBUG org.asynchttpclient.netty.request.NettyRequestSender - Using open Channel [id: 0x962523f3, L:/127.0.0.1:53743 - R:localhost/127.0.0.1:11497] for POST '/session/6f9979b8da6dbe059912e91ad0330f0c/elements'
23:06:58.316 [AsyncHttpClient-1-1] DEBUG org.asynchttpclient.netty.channel.DefaultChannelPool - Entry count for : http://localhost:53744 : 1
23:06:58.317 [AsyncHttpClient-1-14] DEBUG org.asynchttpclient.netty.handler.HttpHandler - 

Request DefaultHttpRequest(decodeResult: success, version: HTTP/1.1)
POST /session/6f9979b8da6dbe059912e91ad0330f0c/elements HTTP/1.1
User-Agent: selenium/4.13.0 (java mac)
Content-Length: 72
Content-Type: application/json; charset=utf-8
host: localhost:11497
accept: */*

Response DefaultHttpResponse(decodeResult: success, version: HTTP/1.1)
HTTP/1.1 200 OK
Content-Length: 98
Content-Type: application/json; charset=utf-8
cache-control: no-cache

23:06:58.317 [AsyncHttpClient-1-14] DEBUG org.asynchttpclient.netty.channel.ChannelManager - Adding key: http://localhost:11497 for channel [id: 0x962523f3, L:/127.0.0.1:53743 - R:localhost/127.0.0.1:11497]
23:06:58.318 [Forwarding findElement on session 6f9979b8da6dbe059912e91ad0330f0c to remote] DEBUG org.asynchttpclient.netty.request.NettyRequestSender - Using pooled Channel '[id: 0x962523f3, L:/127.0.0.1:53743 - R:localhost/127.0.0.1:11497]' for 'POST' to 'http://localhost:11497/session/6f9979b8da6dbe059912e91ad0330f0c/element'
23:06:58.318 [Forwarding findElement on session 6f9979b8da6dbe059912e91ad0330f0c to remote] DEBUG org.asynchttpclient.netty.request.NettyRequestSender - Using open Channel [id: 0x962523f3, L:/127.0.0.1:53743 - R:localhost/127.0.0.1:11497] for POST '/session/6f9979b8da6dbe059912e91ad0330f0c/element'
23:06:58.330 [AsyncHttpClient-1-14] DEBUG org.asynchttpclient.netty.handler.HttpHandler - 

Request DefaultHttpRequest(decodeResult: success, version: HTTP/1.1)
POST /session/6f9979b8da6dbe059912e91ad0330f0c/element HTTP/1.1
User-Agent: selenium/4.13.0 (java mac)
Content-Length: 75
Content-Type: application/json; charset=utf-8
host: localhost:11497
accept: */*

Response DefaultHttpResponse(decodeResult: success, version: HTTP/1.1)
HTTP/1.1 200 OK
Content-Length: 96
Content-Type: application/json; charset=utf-8
cache-control: no-cache

23:06:58.330 [AsyncHttpClient-1-14] DEBUG org.asynchttpclient.netty.channel.ChannelManager - Adding key: http://localhost:11497 for channel [id: 0x962523f3, L:/127.0.0.1:53743 - R:localhost/127.0.0.1:11497]
23:06:58.331 [Forwarding executeScript on session 6f9979b8da6dbe059912e91ad0330f0c to remote] DEBUG org.asynchttpclient.netty.request.NettyRequestSender - Using pooled Channel '[id: 0x962523f3, L:/127.0.0.1:53743 - R:localhost/127.0.0.1:11497]' for 'POST' to 'http://localhost:11497/session/6f9979b8da6dbe059912e91ad0330f0c/execute/sync'
23:06:58.331 [Forwarding executeScript on session 6f9979b8da6dbe059912e91ad0330f0c to remote] DEBUG org.asynchttpclient.netty.request.NettyRequestSender - Using open Channel [id: 0x962523f3, L:/127.0.0.1:53743 - R:localhost/127.0.0.1:11497] for POST '/session/6f9979b8da6dbe059912e91ad0330f0c/execute/sync'
23:06:58.339 [AsyncHttpClient-1-14] DEBUG org.asynchttpclient.netty.handler.HttpHandler - 

Request DefaultHttpRequest(decodeResult: success, version: HTTP/1.1)
POST /session/6f9979b8da6dbe059912e91ad0330f0c/execute/sync HTTP/1.1
User-Agent: selenium/4.13.0 (java mac)
Content-Length: 180
Content-Type: application/json; charset=utf-8
host: localhost:11497
accept: */*

Response DefaultHttpResponse(decodeResult: success, version: HTTP/1.1)
HTTP/1.1 200 OK
Content-Length: 14
Content-Type: application/json; charset=utf-8
cache-control: no-cache

23:06:58.339 [AsyncHttpClient-1-14] DEBUG org.asynchttpclient.netty.channel.ChannelManager - Adding key: http://localhost:11497 for channel [id: 0x962523f3, L:/127.0.0.1:53743 - R:localhost/127.0.0.1:11497]
23:06:58.343 [Forwarding isElementDisplayed on session 6f9979b8da6dbe059912e91ad0330f0c to remote] DEBUG org.asynchttpclient.netty.request.NettyRequestSender - Using pooled Channel '[id: 0x962523f3, L:/127.0.0.1:53743 - R:localhost/127.0.0.1:11497]' for 'POST' to 'http://localhost:11497/session/6f9979b8da6dbe059912e91ad0330f0c/execute/sync'
23:06:58.343 [Forwarding isElementDisplayed on session 6f9979b8da6dbe059912e91ad0330f0c to remote] DEBUG org.asynchttpclient.netty.request.NettyRequestSender - Using open Channel [id: 0x962523f3, L:/127.0.0.1:53743 - R:localhost/127.0.0.1:11497] for POST '/session/6f9979b8da6dbe059912e91ad0330f0c/execute/sync'
23:06:58.353 [AsyncHttpClient-1-14] DEBUG org.asynchttpclient.netty.handler.HttpHandler - 

Request DefaultHttpRequest(decodeResult: success, version: HTTP/1.1)
POST /session/6f9979b8da6dbe059912e91ad0330f0c/execute/sync HTTP/1.1
User-Agent: selenium/4.13.0 (java mac)
Content-Length: 48815
Content-Type: application/json; charset=utf-8
host: localhost:11497
accept: */*

Response DefaultHttpResponse(decodeResult: success, version: HTTP/1.1)
HTTP/1.1 200 OK
Content-Length: 14
Content-Type: application/json; charset=utf-8
cache-control: no-cache

23:06:58.353 [AsyncHttpClient-1-14] DEBUG org.asynchttpclient.netty.channel.ChannelManager - Adding key: http://localhost:11497 for channel [id: 0x962523f3, L:/127.0.0.1:53743 - R:localhost/127.0.0.1:11497]
]]></system-out>
    <system-err><![CDATA[Jan 11, 2024 11:06:50 PM org.openqa.selenium.devtools.CdpVersionFinder findNearestMatch
WARNING: Unable to find an exact match for CDP version 120, so returning the closest version found: 117
]]></system-err>
  </testcase>
  <testcase name="verifyOfferPageTrendingICICIFilter" classname="com.sample.modules.OfferPage" time="5.913">
    <system-out><![CDATA[Message : PASS : verifyOfferPageHotelAxisFilter
Total testcases:-5
Total passed testcases:-3
Total failed testcases:-2
23:06:58.355 [Driver Command Executor] DEBUG org.asynchttpclient.netty.request.NettyRequestSender - Using pooled Channel '[id: 0x962523f3, L:/127.0.0.1:53743 - R:localhost/127.0.0.1:11497]' for 'DELETE' to 'http://localhost:11497/session/6f9979b8da6dbe059912e91ad0330f0c'
23:06:58.355 [AsyncHttpClient-1-16] DEBUG org.asynchttpclient.netty.handler.WebSocketHandler - Channel Closed: [id: 0xae5c80ed, L:/127.0.0.1:53749 ! R:localhost/127.0.0.1:53744] with attribute DISCARD
23:06:58.355 [Driver Command Executor] DEBUG org.asynchttpclient.netty.request.NettyRequestSender - Using open Channel [id: 0x962523f3, L:/127.0.0.1:53743 - R:localhost/127.0.0.1:11497] for DELETE '/session/6f9979b8da6dbe059912e91ad0330f0c'
23:06:58.389 [AsyncHttpClient-1-15] DEBUG org.asynchttpclient.netty.handler.HttpHandler - Channel Closed: [id: 0x1a8f0c51, L:/127.0.0.1:53748 ! R:localhost/127.0.0.1:53744] with attribute DISCARD
23:06:58.408 [AsyncHttpClient-1-14] DEBUG org.asynchttpclient.netty.handler.HttpHandler - 

Request DefaultFullHttpRequest(decodeResult: success, version: HTTP/1.1, content: EmptyByteBufBE)
DELETE /session/6f9979b8da6dbe059912e91ad0330f0c HTTP/1.1
User-Agent: selenium/4.13.0 (java mac)
Content-Type: application/json; charset=utf-8
host: localhost:11497
accept: */*

Response DefaultHttpResponse(decodeResult: success, version: HTTP/1.1)
HTTP/1.1 200 OK
Content-Length: 14
Content-Type: application/json; charset=utf-8
cache-control: no-cache

23:06:58.408 [AsyncHttpClient-1-14] DEBUG org.asynchttpclient.netty.channel.ChannelManager - Adding key: http://localhost:11497 for channel [id: 0x962523f3, L:/127.0.0.1:53743 - R:localhost/127.0.0.1:11497]
23:06:58.511 [AsyncHttpClient-1-14] DEBUG org.asynchttpclient.netty.handler.HttpHandler - Channel Closed: [id: 0x962523f3, L:/127.0.0.1:53743 ! R:localhost/127.0.0.1:11497] with attribute DISCARD
23:06:58.626 [AsyncHttpClient-1-17] DEBUG org.asynchttpclient.netty.channel.NettyConnectListener - Using new Channel '[id: 0x92569d7a, L:/127.0.0.1:53788 - R:localhost/127.0.0.1:20618]' for 'POST' to '/session'
23:06:59.419 [AsyncHttpClient-1-1] DEBUG org.asynchttpclient.netty.channel.DefaultChannelPool - Entry count for : http://localhost:11497 : 1
23:06:59.419 [AsyncHttpClient-1-1] DEBUG org.asynchttpclient.netty.channel.DefaultChannelPool - Entry count for : http://localhost:53744 : 1
23:06:59.419 [AsyncHttpClient-1-1] DEBUG org.asynchttpclient.netty.channel.DefaultChannelPool - Adding Candidate expired Channel [id: 0x962523f3, L:/127.0.0.1:53743 ! R:localhost/127.0.0.1:11497] isIdleTimeoutExpired=false isRemotelyClosed=true isTtlExpired=false
23:06:59.419 [AsyncHttpClient-1-1] DEBUG org.asynchttpclient.netty.channel.DefaultChannelPool - Closing Idle Channel [id: 0x962523f3, L:/127.0.0.1:53743 ! R:localhost/127.0.0.1:11497]
23:06:59.419 [AsyncHttpClient-1-1] DEBUG org.asynchttpclient.netty.channel.DefaultChannelPool - Adding Candidate expired Channel [id: 0x1a8f0c51, L:/127.0.0.1:53748 ! R:localhost/127.0.0.1:53744] isIdleTimeoutExpired=false isRemotelyClosed=true isTtlExpired=false
23:06:59.419 [AsyncHttpClient-1-1] DEBUG org.asynchttpclient.netty.channel.DefaultChannelPool - Closing Idle Channel [id: 0x1a8f0c51, L:/127.0.0.1:53748 ! R:localhost/127.0.0.1:53744]
23:06:59.419 [AsyncHttpClient-1-1] DEBUG org.asynchttpclient.netty.channel.DefaultChannelPool - Closed 2 connections out of 2 in 0 ms
23:06:59.791 [AsyncHttpClient-1-17] DEBUG org.asynchttpclient.netty.handler.HttpHandler - 

Request DefaultHttpRequest(decodeResult: success, version: HTTP/1.1)
POST /session HTTP/1.1
User-Agent: selenium/4.13.0 (java mac)
Content-Length: 291
Content-Type: application/json; charset=utf-8
host: localhost:20618
accept: */*

Response DefaultHttpResponse(decodeResult: success, version: HTTP/1.1)
HTTP/1.1 200 OK
Content-Length: 891
Content-Type: application/json; charset=utf-8
cache-control: no-cache

23:06:59.791 [AsyncHttpClient-1-17] DEBUG org.asynchttpclient.netty.channel.ChannelManager - Adding key: http://localhost:20618 for channel [id: 0x92569d7a, L:/127.0.0.1:53788 - R:localhost/127.0.0.1:20618]
23:06:59.796 [AsyncHttpClient-1-18] DEBUG org.asynchttpclient.netty.channel.NettyConnectListener - Using new Channel '[id: 0xa3926ba6, L:/127.0.0.1:53793 - R:localhost/127.0.0.1:53789]' for 'GET' to '/json/version'
23:06:59.799 [AsyncHttpClient-1-18] DEBUG org.asynchttpclient.netty.handler.HttpHandler - 

Request DefaultFullHttpRequest(decodeResult: success, version: HTTP/1.1, content: EmptyByteBufBE)
GET /json/version HTTP/1.1
User-Agent: selenium/4.13.0 (java mac)
host: localhost:53789
accept: */*

Response DefaultHttpResponse(decodeResult: success, version: HTTP/1.1)
HTTP/1.1 200 OK
Content-Security-Policy: frame-ancestors 'none'
Content-Length: 422
Content-Type: application/json; charset=UTF-8

23:06:59.799 [AsyncHttpClient-1-18] DEBUG org.asynchttpclient.netty.channel.ChannelManager - Adding key: http://localhost:53789 for channel [id: 0xa3926ba6, L:/127.0.0.1:53793 - R:localhost/127.0.0.1:53789]
23:06:59.802 [AsyncHttpClient-1-19] DEBUG org.asynchttpclient.netty.channel.NettyConnectListener - Using new Channel '[id: 0x9f266698, L:/127.0.0.1:53794 - R:localhost/127.0.0.1:53789]' for 'GET' to '/devtools/browser/ae115ba4-acb7-4687-b75e-0658f02f2c2f'
23:06:59.805 [AsyncHttpClient-1-19] DEBUG org.asynchttpclient.netty.handler.WebSocketHandler - 

Request DefaultFullHttpRequest(decodeResult: success, version: HTTP/1.1, content: EmptyByteBufBE)
GET /devtools/browser/ae115ba4-acb7-4687-b75e-0658f02f2c2f HTTP/1.1
upgrade: websocket
connection: upgrade
sec-websocket-key: MAzNJ/r8OiWhkV8klSTooQ==
sec-websocket-version: 13
origin: http://localhost:53789
host: localhost:53789
accept: */*
user-agent: AHC/2.1

Response DefaultHttpResponse(decodeResult: success, version: HTTP/1.1)
HTTP/1.1 101 WebSocket Protocol Handshake
Upgrade: WebSocket
Connection: Upgrade
Sec-WebSocket-Accept: UwV30iCJ19qkQs4A8zUSuFmO8EQ=

23:06:59.809 [Forwarding maximizeCurrentWindow on session 5e1b500cebcfea974e4d6ae0c44946bb to remote] DEBUG org.asynchttpclient.netty.request.NettyRequestSender - Using pooled Channel '[id: 0x92569d7a, L:/127.0.0.1:53788 - R:localhost/127.0.0.1:20618]' for 'POST' to 'http://localhost:20618/session/5e1b500cebcfea974e4d6ae0c44946bb/window/maximize'
23:06:59.809 [Forwarding maximizeCurrentWindow on session 5e1b500cebcfea974e4d6ae0c44946bb to remote] DEBUG org.asynchttpclient.netty.request.NettyRequestSender - Using open Channel [id: 0x92569d7a, L:/127.0.0.1:53788 - R:localhost/127.0.0.1:20618] for POST '/session/5e1b500cebcfea974e4d6ae0c44946bb/window/maximize'
23:07:00.269 [AsyncHttpClient-1-17] DEBUG org.asynchttpclient.netty.handler.HttpHandler - 

Request DefaultHttpRequest(decodeResult: success, version: HTTP/1.1)
POST /session/5e1b500cebcfea974e4d6ae0c44946bb/window/maximize HTTP/1.1
User-Agent: selenium/4.13.0 (java mac)
Content-Length: 3
Content-Type: application/json; charset=utf-8
host: localhost:20618
accept: */*

Response DefaultHttpResponse(decodeResult: success, version: HTTP/1.1)
HTTP/1.1 200 OK
Content-Length: 50
Content-Type: application/json; charset=utf-8
cache-control: no-cache

23:07:00.269 [AsyncHttpClient-1-17] DEBUG org.asynchttpclient.netty.channel.ChannelManager - Adding key: http://localhost:20618 for channel [id: 0x92569d7a, L:/127.0.0.1:53788 - R:localhost/127.0.0.1:20618]
23:07:00.271 [Forwarding get on session 5e1b500cebcfea974e4d6ae0c44946bb to remote] DEBUG org.asynchttpclient.netty.request.NettyRequestSender - Using pooled Channel '[id: 0x92569d7a, L:/127.0.0.1:53788 - R:localhost/127.0.0.1:20618]' for 'POST' to 'http://localhost:20618/session/5e1b500cebcfea974e4d6ae0c44946bb/url'
23:07:00.271 [Forwarding get on session 5e1b500cebcfea974e4d6ae0c44946bb to remote] DEBUG org.asynchttpclient.netty.request.NettyRequestSender - Using open Channel [id: 0x92569d7a, L:/127.0.0.1:53788 - R:localhost/127.0.0.1:20618] for POST '/session/5e1b500cebcfea974e4d6ae0c44946bb/url'
23:07:00.516 [AsyncHttpClient-1-1] DEBUG org.asynchttpclient.netty.channel.DefaultChannelPool - Entry count for : http://localhost:53789 : 1
23:07:01.616 [AsyncHttpClient-1-1] DEBUG org.asynchttpclient.netty.channel.DefaultChannelPool - Entry count for : http://localhost:53789 : 1
23:07:02.358 [AsyncHttpClient-1-17] DEBUG org.asynchttpclient.netty.handler.HttpHandler - 

Request DefaultHttpRequest(decodeResult: success, version: HTTP/1.1)
POST /session/5e1b500cebcfea974e4d6ae0c44946bb/url HTTP/1.1
User-Agent: selenium/4.13.0 (java mac)
Content-Length: 57
Content-Type: application/json; charset=utf-8
host: localhost:20618
accept: */*

Response DefaultHttpResponse(decodeResult: success, version: HTTP/1.1)
HTTP/1.1 200 OK
Content-Length: 14
Content-Type: application/json; charset=utf-8
cache-control: no-cache

23:07:02.358 [AsyncHttpClient-1-17] DEBUG org.asynchttpclient.netty.channel.ChannelManager - Adding key: http://localhost:20618 for channel [id: 0x92569d7a, L:/127.0.0.1:53788 - R:localhost/127.0.0.1:20618]
Step 0 : Open URL - null
Step 1 : Click oon super offer tab in header.
23:07:02.359 [Forwarding findElement on session 5e1b500cebcfea974e4d6ae0c44946bb to remote] DEBUG org.asynchttpclient.netty.request.NettyRequestSender - Using pooled Channel '[id: 0x92569d7a, L:/127.0.0.1:53788 - R:localhost/127.0.0.1:20618]' for 'POST' to 'http://localhost:20618/session/5e1b500cebcfea974e4d6ae0c44946bb/element'
23:07:02.359 [Forwarding findElement on session 5e1b500cebcfea974e4d6ae0c44946bb to remote] DEBUG org.asynchttpclient.netty.request.NettyRequestSender - Using open Channel [id: 0x92569d7a, L:/127.0.0.1:53788 - R:localhost/127.0.0.1:20618] for POST '/session/5e1b500cebcfea974e4d6ae0c44946bb/element'
23:07:02.617 [AsyncHttpClient-1-17] DEBUG org.asynchttpclient.netty.handler.HttpHandler - 

Request DefaultHttpRequest(decodeResult: success, version: HTTP/1.1)
POST /session/5e1b500cebcfea974e4d6ae0c44946bb/element HTTP/1.1
User-Agent: selenium/4.13.0 (java mac)
Content-Length: 106
Content-Type: application/json; charset=utf-8
host: localhost:20618
accept: */*

Response DefaultHttpResponse(decodeResult: success, version: HTTP/1.1)
HTTP/1.1 404 Not Found
Content-Length: 1968
Content-Type: application/json; charset=utf-8
cache-control: no-cache

23:07:02.618 [AsyncHttpClient-1-17] DEBUG org.asynchttpclient.netty.channel.ChannelManager - Adding key: http://localhost:20618 for channel [id: 0x92569d7a, L:/127.0.0.1:53788 - R:localhost/127.0.0.1:20618]
23:07:02.715 [AsyncHttpClient-1-1] DEBUG org.asynchttpclient.netty.channel.DefaultChannelPool - Entry count for : http://localhost:20618 : 1
23:07:02.715 [AsyncHttpClient-1-1] DEBUG org.asynchttpclient.netty.channel.DefaultChannelPool - Entry count for : http://localhost:53789 : 1
23:07:03.123 [Forwarding findElement on session 5e1b500cebcfea974e4d6ae0c44946bb to remote] DEBUG org.asynchttpclient.netty.request.NettyRequestSender - Using pooled Channel '[id: 0x92569d7a, L:/127.0.0.1:53788 - R:localhost/127.0.0.1:20618]' for 'POST' to 'http://localhost:20618/session/5e1b500cebcfea974e4d6ae0c44946bb/element'
23:07:03.123 [Forwarding findElement on session 5e1b500cebcfea974e4d6ae0c44946bb to remote] DEBUG org.asynchttpclient.netty.request.NettyRequestSender - Using open Channel [id: 0x92569d7a, L:/127.0.0.1:53788 - R:localhost/127.0.0.1:20618] for POST '/session/5e1b500cebcfea974e4d6ae0c44946bb/element'
23:07:03.428 [AsyncHttpClient-1-17] DEBUG org.asynchttpclient.netty.handler.HttpHandler - 

Request DefaultHttpRequest(decodeResult: success, version: HTTP/1.1)
POST /session/5e1b500cebcfea974e4d6ae0c44946bb/element HTTP/1.1
User-Agent: selenium/4.13.0 (java mac)
Content-Length: 106
Content-Type: application/json; charset=utf-8
host: localhost:20618
accept: */*

Response DefaultHttpResponse(decodeResult: success, version: HTTP/1.1)
HTTP/1.1 200 OK
Content-Length: 95
Content-Type: application/json; charset=utf-8
cache-control: no-cache

23:07:03.428 [AsyncHttpClient-1-17] DEBUG org.asynchttpclient.netty.channel.ChannelManager - Adding key: http://localhost:20618 for channel [id: 0x92569d7a, L:/127.0.0.1:53788 - R:localhost/127.0.0.1:20618]
23:07:03.431 [Forwarding isElementDisplayed on session 5e1b500cebcfea974e4d6ae0c44946bb to remote] DEBUG org.asynchttpclient.netty.request.NettyRequestSender - Using pooled Channel '[id: 0x92569d7a, L:/127.0.0.1:53788 - R:localhost/127.0.0.1:20618]' for 'POST' to 'http://localhost:20618/session/5e1b500cebcfea974e4d6ae0c44946bb/execute/sync'
23:07:03.431 [Forwarding isElementDisplayed on session 5e1b500cebcfea974e4d6ae0c44946bb to remote] DEBUG org.asynchttpclient.netty.request.NettyRequestSender - Using open Channel [id: 0x92569d7a, L:/127.0.0.1:53788 - R:localhost/127.0.0.1:20618] for POST '/session/5e1b500cebcfea974e4d6ae0c44946bb/execute/sync'
23:07:03.627 [AsyncHttpClient-1-17] DEBUG org.asynchttpclient.netty.handler.HttpHandler - 

Request DefaultHttpRequest(decodeResult: success, version: HTTP/1.1)
POST /session/5e1b500cebcfea974e4d6ae0c44946bb/execute/sync HTTP/1.1
User-Agent: selenium/4.13.0 (java mac)
Content-Length: 48814
Content-Type: application/json; charset=utf-8
host: localhost:20618
accept: */*

Response DefaultHttpResponse(decodeResult: success, version: HTTP/1.1)
HTTP/1.1 200 OK
Content-Length: 14
Content-Type: application/json; charset=utf-8
cache-control: no-cache

23:07:03.627 [AsyncHttpClient-1-17] DEBUG org.asynchttpclient.netty.channel.ChannelManager - Adding key: http://localhost:20618 for channel [id: 0x92569d7a, L:/127.0.0.1:53788 - R:localhost/127.0.0.1:20618]
23:07:03.628 [Forwarding isElementEnabled on session 5e1b500cebcfea974e4d6ae0c44946bb to remote] DEBUG org.asynchttpclient.netty.request.NettyRequestSender - Using pooled Channel '[id: 0x92569d7a, L:/127.0.0.1:53788 - R:localhost/127.0.0.1:20618]' for 'GET' to 'http://localhost:20618/session/5e1b500cebcfea974e4d6ae0c44946bb/element/FB0EC8E5C0150EED0D3F5FC748E39440_element_33/enabled'
23:07:03.628 [Forwarding isElementEnabled on session 5e1b500cebcfea974e4d6ae0c44946bb to remote] DEBUG org.asynchttpclient.netty.request.NettyRequestSender - Using open Channel [id: 0x92569d7a, L:/127.0.0.1:53788 - R:localhost/127.0.0.1:20618] for GET '/session/5e1b500cebcfea974e4d6ae0c44946bb/element/FB0EC8E5C0150EED0D3F5FC748E39440_element_33/enabled'
23:07:03.642 [AsyncHttpClient-1-17] DEBUG org.asynchttpclient.netty.handler.HttpHandler - 

Request DefaultFullHttpRequest(decodeResult: success, version: HTTP/1.1, content: EmptyByteBufBE)
GET /session/5e1b500cebcfea974e4d6ae0c44946bb/element/FB0EC8E5C0150EED0D3F5FC748E39440_element_33/enabled HTTP/1.1
Cache-Control: no-cache
User-Agent: selenium/4.13.0 (java mac)
Content-Type: application/json; charset=utf-8
host: localhost:20618
accept: */*

Response DefaultHttpResponse(decodeResult: success, version: HTTP/1.1)
HTTP/1.1 200 OK
Content-Length: 14
Content-Type: application/json; charset=utf-8
cache-control: no-cache

23:07:03.642 [AsyncHttpClient-1-17] DEBUG org.asynchttpclient.netty.channel.ChannelManager - Adding key: http://localhost:20618 for channel [id: 0x92569d7a, L:/127.0.0.1:53788 - R:localhost/127.0.0.1:20618]
23:07:03.643 [Forwarding executeScript on session 5e1b500cebcfea974e4d6ae0c44946bb to remote] DEBUG org.asynchttpclient.netty.request.NettyRequestSender - Using pooled Channel '[id: 0x92569d7a, L:/127.0.0.1:53788 - R:localhost/127.0.0.1:20618]' for 'POST' to 'http://localhost:20618/session/5e1b500cebcfea974e4d6ae0c44946bb/execute/sync'
23:07:03.643 [Forwarding executeScript on session 5e1b500cebcfea974e4d6ae0c44946bb to remote] DEBUG org.asynchttpclient.netty.request.NettyRequestSender - Using open Channel [id: 0x92569d7a, L:/127.0.0.1:53788 - R:localhost/127.0.0.1:20618] for POST '/session/5e1b500cebcfea974e4d6ae0c44946bb/execute/sync'
23:07:03.652 [AsyncHttpClient-1-17] DEBUG org.asynchttpclient.netty.handler.HttpHandler - 

Request DefaultHttpRequest(decodeResult: success, version: HTTP/1.1)
POST /session/5e1b500cebcfea974e4d6ae0c44946bb/execute/sync HTTP/1.1
User-Agent: selenium/4.13.0 (java mac)
Content-Length: 179
Content-Type: application/json; charset=utf-8
host: localhost:20618
accept: */*

Response DefaultHttpResponse(decodeResult: success, version: HTTP/1.1)
HTTP/1.1 200 OK
Content-Length: 14
Content-Type: application/json; charset=utf-8
cache-control: no-cache

23:07:03.653 [AsyncHttpClient-1-17] DEBUG org.asynchttpclient.netty.channel.ChannelManager - Adding key: http://localhost:20618 for channel [id: 0x92569d7a, L:/127.0.0.1:53788 - R:localhost/127.0.0.1:20618]
23:07:03.654 [Forwarding clickElement on session 5e1b500cebcfea974e4d6ae0c44946bb to remote] DEBUG org.asynchttpclient.netty.request.NettyRequestSender - Using pooled Channel '[id: 0x92569d7a, L:/127.0.0.1:53788 - R:localhost/127.0.0.1:20618]' for 'POST' to 'http://localhost:20618/session/5e1b500cebcfea974e4d6ae0c44946bb/element/FB0EC8E5C0150EED0D3F5FC748E39440_element_33/click'
23:07:03.654 [Forwarding clickElement on session 5e1b500cebcfea974e4d6ae0c44946bb to remote] DEBUG org.asynchttpclient.netty.request.NettyRequestSender - Using open Channel [id: 0x92569d7a, L:/127.0.0.1:53788 - R:localhost/127.0.0.1:20618] for POST '/session/5e1b500cebcfea974e4d6ae0c44946bb/element/FB0EC8E5C0150EED0D3F5FC748E39440_element_33/click'
23:07:03.816 [AsyncHttpClient-1-1] DEBUG org.asynchttpclient.netty.channel.DefaultChannelPool - Entry count for : http://localhost:53789 : 1
23:07:03.854 [AsyncHttpClient-1-17] DEBUG org.asynchttpclient.netty.handler.HttpHandler - 

Request DefaultHttpRequest(decodeResult: success, version: HTTP/1.1)
POST /session/5e1b500cebcfea974e4d6ae0c44946bb/element/FB0EC8E5C0150EED0D3F5FC748E39440_element_33/click HTTP/1.1
User-Agent: selenium/4.13.0 (java mac)
Content-Length: 57
Content-Type: application/json; charset=utf-8
host: localhost:20618
accept: */*

Response DefaultHttpResponse(decodeResult: success, version: HTTP/1.1)
HTTP/1.1 200 OK
Content-Length: 14
Content-Type: application/json; charset=utf-8
cache-control: no-cache

23:07:03.854 [AsyncHttpClient-1-17] DEBUG org.asynchttpclient.netty.channel.ChannelManager - Adding key: http://localhost:20618 for channel [id: 0x92569d7a, L:/127.0.0.1:53788 - R:localhost/127.0.0.1:20618]
Message : Normal
Step 2 : Verify offer page opend.
23:07:03.855 [Forwarding getCurrentWindowHandle on session 5e1b500cebcfea974e4d6ae0c44946bb to remote] DEBUG org.asynchttpclient.netty.request.NettyRequestSender - Using pooled Channel '[id: 0x92569d7a, L:/127.0.0.1:53788 - R:localhost/127.0.0.1:20618]' for 'GET' to 'http://localhost:20618/session/5e1b500cebcfea974e4d6ae0c44946bb/window'
23:07:03.855 [Forwarding getCurrentWindowHandle on session 5e1b500cebcfea974e4d6ae0c44946bb to remote] DEBUG org.asynchttpclient.netty.request.NettyRequestSender - Using open Channel [id: 0x92569d7a, L:/127.0.0.1:53788 - R:localhost/127.0.0.1:20618] for GET '/session/5e1b500cebcfea974e4d6ae0c44946bb/window'
23:07:03.856 [AsyncHttpClient-1-17] DEBUG org.asynchttpclient.netty.handler.HttpHandler - 

Request DefaultFullHttpRequest(decodeResult: success, version: HTTP/1.1, content: EmptyByteBufBE)
GET /session/5e1b500cebcfea974e4d6ae0c44946bb/window HTTP/1.1
Cache-Control: no-cache
User-Agent: selenium/4.13.0 (java mac)
Content-Type: application/json; charset=utf-8
host: localhost:20618
accept: */*

Response DefaultHttpResponse(decodeResult: success, version: HTTP/1.1)
HTTP/1.1 200 OK
Content-Length: 44
Content-Type: application/json; charset=utf-8
cache-control: no-cache

23:07:03.856 [AsyncHttpClient-1-17] DEBUG org.asynchttpclient.netty.channel.ChannelManager - Adding key: http://localhost:20618 for channel [id: 0x92569d7a, L:/127.0.0.1:53788 - R:localhost/127.0.0.1:20618]
23:07:03.857 [Forwarding getWindowHandles on session 5e1b500cebcfea974e4d6ae0c44946bb to remote] DEBUG org.asynchttpclient.netty.request.NettyRequestSender - Using pooled Channel '[id: 0x92569d7a, L:/127.0.0.1:53788 - R:localhost/127.0.0.1:20618]' for 'GET' to 'http://localhost:20618/session/5e1b500cebcfea974e4d6ae0c44946bb/window/handles'
23:07:03.857 [Forwarding getWindowHandles on session 5e1b500cebcfea974e4d6ae0c44946bb to remote] DEBUG org.asynchttpclient.netty.request.NettyRequestSender - Using open Channel [id: 0x92569d7a, L:/127.0.0.1:53788 - R:localhost/127.0.0.1:20618] for GET '/session/5e1b500cebcfea974e4d6ae0c44946bb/window/handles'
23:07:03.863 [AsyncHttpClient-1-17] DEBUG org.asynchttpclient.netty.handler.HttpHandler - 

Request DefaultFullHttpRequest(decodeResult: success, version: HTTP/1.1, content: EmptyByteBufBE)
GET /session/5e1b500cebcfea974e4d6ae0c44946bb/window/handles HTTP/1.1
Cache-Control: no-cache
User-Agent: selenium/4.13.0 (java mac)
Content-Type: application/json; charset=utf-8
host: localhost:20618
accept: */*

Response DefaultHttpResponse(decodeResult: success, version: HTTP/1.1)
HTTP/1.1 200 OK
Content-Length: 81
Content-Type: application/json; charset=utf-8
cache-control: no-cache

23:07:03.863 [AsyncHttpClient-1-17] DEBUG org.asynchttpclient.netty.channel.ChannelManager - Adding key: http://localhost:20618 for channel [id: 0x92569d7a, L:/127.0.0.1:53788 - R:localhost/127.0.0.1:20618]
23:07:03.865 [Forwarding switchToWindow on session 5e1b500cebcfea974e4d6ae0c44946bb to remote] DEBUG org.asynchttpclient.netty.request.NettyRequestSender - Using pooled Channel '[id: 0x92569d7a, L:/127.0.0.1:53788 - R:localhost/127.0.0.1:20618]' for 'POST' to 'http://localhost:20618/session/5e1b500cebcfea974e4d6ae0c44946bb/window'
23:07:03.865 [Forwarding switchToWindow on session 5e1b500cebcfea974e4d6ae0c44946bb to remote] DEBUG org.asynchttpclient.netty.request.NettyRequestSender - Using open Channel [id: 0x92569d7a, L:/127.0.0.1:53788 - R:localhost/127.0.0.1:20618] for POST '/session/5e1b500cebcfea974e4d6ae0c44946bb/window'
23:07:03.867 [AsyncHttpClient-1-17] DEBUG org.asynchttpclient.netty.handler.HttpHandler - 

Request DefaultHttpRequest(decodeResult: success, version: HTTP/1.1)
POST /session/5e1b500cebcfea974e4d6ae0c44946bb/window HTTP/1.1
User-Agent: selenium/4.13.0 (java mac)
Content-Length: 50
Content-Type: application/json; charset=utf-8
host: localhost:20618
accept: */*

Response DefaultHttpResponse(decodeResult: success, version: HTTP/1.1)
HTTP/1.1 200 OK
Content-Length: 14
Content-Type: application/json; charset=utf-8
cache-control: no-cache

23:07:03.867 [AsyncHttpClient-1-17] DEBUG org.asynchttpclient.netty.channel.ChannelManager - Adding key: http://localhost:20618 for channel [id: 0x92569d7a, L:/127.0.0.1:53788 - R:localhost/127.0.0.1:20618]
23:07:03.868 [Forwarding getCurrentUrl on session 5e1b500cebcfea974e4d6ae0c44946bb to remote] DEBUG org.asynchttpclient.netty.request.NettyRequestSender - Using pooled Channel '[id: 0x92569d7a, L:/127.0.0.1:53788 - R:localhost/127.0.0.1:20618]' for 'GET' to 'http://localhost:20618/session/5e1b500cebcfea974e4d6ae0c44946bb/url'
23:07:03.868 [Forwarding getCurrentUrl on session 5e1b500cebcfea974e4d6ae0c44946bb to remote] DEBUG org.asynchttpclient.netty.request.NettyRequestSender - Using open Channel [id: 0x92569d7a, L:/127.0.0.1:53788 - R:localhost/127.0.0.1:20618] for GET '/session/5e1b500cebcfea974e4d6ae0c44946bb/url'
23:07:04.919 [AsyncHttpClient-1-1] DEBUG org.asynchttpclient.netty.channel.DefaultChannelPool - Entry count for : http://localhost:53789 : 1
23:07:05.519 [AsyncHttpClient-1-17] DEBUG org.asynchttpclient.netty.handler.HttpHandler - 

Request DefaultFullHttpRequest(decodeResult: success, version: HTTP/1.1, content: EmptyByteBufBE)
GET /session/5e1b500cebcfea974e4d6ae0c44946bb/url HTTP/1.1
Cache-Control: no-cache
User-Agent: selenium/4.13.0 (java mac)
Content-Type: application/json; charset=utf-8
host: localhost:20618
accept: */*

Response DefaultHttpResponse(decodeResult: success, version: HTTP/1.1)
HTTP/1.1 200 OK
Content-Length: 46
Content-Type: application/json; charset=utf-8
cache-control: no-cache

23:07:05.519 [AsyncHttpClient-1-17] DEBUG org.asynchttpclient.netty.channel.ChannelManager - Adding key: http://localhost:20618 for channel [id: 0x92569d7a, L:/127.0.0.1:53788 - R:localhost/127.0.0.1:20618]
Step 3 : Click on trending radio button.
23:07:05.521 [Forwarding findElement on session 5e1b500cebcfea974e4d6ae0c44946bb to remote] DEBUG org.asynchttpclient.netty.request.NettyRequestSender - Using pooled Channel '[id: 0x92569d7a, L:/127.0.0.1:53788 - R:localhost/127.0.0.1:20618]' for 'POST' to 'http://localhost:20618/session/5e1b500cebcfea974e4d6ae0c44946bb/element'
23:07:05.521 [Forwarding findElement on session 5e1b500cebcfea974e4d6ae0c44946bb to remote] DEBUG org.asynchttpclient.netty.request.NettyRequestSender - Using open Channel [id: 0x92569d7a, L:/127.0.0.1:53788 - R:localhost/127.0.0.1:20618] for POST '/session/5e1b500cebcfea974e4d6ae0c44946bb/element'
23:07:05.539 [AsyncHttpClient-1-17] DEBUG org.asynchttpclient.netty.handler.HttpHandler - 

Request DefaultHttpRequest(decodeResult: success, version: HTTP/1.1)
POST /session/5e1b500cebcfea974e4d6ae0c44946bb/element HTTP/1.1
User-Agent: selenium/4.13.0 (java mac)
Content-Length: 71
Content-Type: application/json; charset=utf-8
host: localhost:20618
accept: */*

Response DefaultHttpResponse(decodeResult: success, version: HTTP/1.1)
HTTP/1.1 200 OK
Content-Length: 96
Content-Type: application/json; charset=utf-8
cache-control: no-cache

23:07:05.539 [AsyncHttpClient-1-17] DEBUG org.asynchttpclient.netty.channel.ChannelManager - Adding key: http://localhost:20618 for channel [id: 0x92569d7a, L:/127.0.0.1:53788 - R:localhost/127.0.0.1:20618]
23:07:05.542 [Forwarding isElementDisplayed on session 5e1b500cebcfea974e4d6ae0c44946bb to remote] DEBUG org.asynchttpclient.netty.request.NettyRequestSender - Using pooled Channel '[id: 0x92569d7a, L:/127.0.0.1:53788 - R:localhost/127.0.0.1:20618]' for 'POST' to 'http://localhost:20618/session/5e1b500cebcfea974e4d6ae0c44946bb/execute/sync'
23:07:05.542 [Forwarding isElementDisplayed on session 5e1b500cebcfea974e4d6ae0c44946bb to remote] DEBUG org.asynchttpclient.netty.request.NettyRequestSender - Using open Channel [id: 0x92569d7a, L:/127.0.0.1:53788 - R:localhost/127.0.0.1:20618] for POST '/session/5e1b500cebcfea974e4d6ae0c44946bb/execute/sync'
23:07:05.562 [AsyncHttpClient-1-17] DEBUG org.asynchttpclient.netty.handler.HttpHandler - 

Request DefaultHttpRequest(decodeResult: success, version: HTTP/1.1)
POST /session/5e1b500cebcfea974e4d6ae0c44946bb/execute/sync HTTP/1.1
User-Agent: selenium/4.13.0 (java mac)
Content-Length: 48815
Content-Type: application/json; charset=utf-8
host: localhost:20618
accept: */*

Response DefaultHttpResponse(decodeResult: success, version: HTTP/1.1)
HTTP/1.1 200 OK
Content-Length: 14
Content-Type: application/json; charset=utf-8
cache-control: no-cache

23:07:05.562 [AsyncHttpClient-1-17] DEBUG org.asynchttpclient.netty.channel.ChannelManager - Adding key: http://localhost:20618 for channel [id: 0x92569d7a, L:/127.0.0.1:53788 - R:localhost/127.0.0.1:20618]
23:07:05.563 [Forwarding isElementEnabled on session 5e1b500cebcfea974e4d6ae0c44946bb to remote] DEBUG org.asynchttpclient.netty.request.NettyRequestSender - Using pooled Channel '[id: 0x92569d7a, L:/127.0.0.1:53788 - R:localhost/127.0.0.1:20618]' for 'GET' to 'http://localhost:20618/session/5e1b500cebcfea974e4d6ae0c44946bb/element/57C5E3EDF061C146ED462CC11A74275D_element_106/enabled'
23:07:05.563 [Forwarding isElementEnabled on session 5e1b500cebcfea974e4d6ae0c44946bb to remote] DEBUG org.asynchttpclient.netty.request.NettyRequestSender - Using open Channel [id: 0x92569d7a, L:/127.0.0.1:53788 - R:localhost/127.0.0.1:20618] for GET '/session/5e1b500cebcfea974e4d6ae0c44946bb/element/57C5E3EDF061C146ED462CC11A74275D_element_106/enabled'
23:07:05.579 [AsyncHttpClient-1-17] DEBUG org.asynchttpclient.netty.handler.HttpHandler - 

Request DefaultFullHttpRequest(decodeResult: success, version: HTTP/1.1, content: EmptyByteBufBE)
GET /session/5e1b500cebcfea974e4d6ae0c44946bb/element/57C5E3EDF061C146ED462CC11A74275D_element_106/enabled HTTP/1.1
Cache-Control: no-cache
User-Agent: selenium/4.13.0 (java mac)
Content-Type: application/json; charset=utf-8
host: localhost:20618
accept: */*

Response DefaultHttpResponse(decodeResult: success, version: HTTP/1.1)
HTTP/1.1 200 OK
Content-Length: 14
Content-Type: application/json; charset=utf-8
cache-control: no-cache

23:07:05.579 [AsyncHttpClient-1-17] DEBUG org.asynchttpclient.netty.channel.ChannelManager - Adding key: http://localhost:20618 for channel [id: 0x92569d7a, L:/127.0.0.1:53788 - R:localhost/127.0.0.1:20618]
23:07:05.580 [Forwarding executeScript on session 5e1b500cebcfea974e4d6ae0c44946bb to remote] DEBUG org.asynchttpclient.netty.request.NettyRequestSender - Using pooled Channel '[id: 0x92569d7a, L:/127.0.0.1:53788 - R:localhost/127.0.0.1:20618]' for 'POST' to 'http://localhost:20618/session/5e1b500cebcfea974e4d6ae0c44946bb/execute/sync'
23:07:05.580 [Forwarding executeScript on session 5e1b500cebcfea974e4d6ae0c44946bb to remote] DEBUG org.asynchttpclient.netty.request.NettyRequestSender - Using open Channel [id: 0x92569d7a, L:/127.0.0.1:53788 - R:localhost/127.0.0.1:20618] for POST '/session/5e1b500cebcfea974e4d6ae0c44946bb/execute/sync'
23:07:05.586 [AsyncHttpClient-1-17] DEBUG org.asynchttpclient.netty.handler.HttpHandler - 

Request DefaultHttpRequest(decodeResult: success, version: HTTP/1.1)
POST /session/5e1b500cebcfea974e4d6ae0c44946bb/execute/sync HTTP/1.1
User-Agent: selenium/4.13.0 (java mac)
Content-Length: 180
Content-Type: application/json; charset=utf-8
host: localhost:20618
accept: */*

Response DefaultHttpResponse(decodeResult: success, version: HTTP/1.1)
HTTP/1.1 200 OK
Content-Length: 14
Content-Type: application/json; charset=utf-8
cache-control: no-cache

23:07:05.586 [AsyncHttpClient-1-17] DEBUG org.asynchttpclient.netty.channel.ChannelManager - Adding key: http://localhost:20618 for channel [id: 0x92569d7a, L:/127.0.0.1:53788 - R:localhost/127.0.0.1:20618]
23:07:05.588 [Forwarding executeScript on session 5e1b500cebcfea974e4d6ae0c44946bb to remote] DEBUG org.asynchttpclient.netty.request.NettyRequestSender - Using pooled Channel '[id: 0x92569d7a, L:/127.0.0.1:53788 - R:localhost/127.0.0.1:20618]' for 'POST' to 'http://localhost:20618/session/5e1b500cebcfea974e4d6ae0c44946bb/execute/sync'
23:07:05.588 [Forwarding executeScript on session 5e1b500cebcfea974e4d6ae0c44946bb to remote] DEBUG org.asynchttpclient.netty.request.NettyRequestSender - Using open Channel [id: 0x92569d7a, L:/127.0.0.1:53788 - R:localhost/127.0.0.1:20618] for POST '/session/5e1b500cebcfea974e4d6ae0c44946bb/execute/sync'
23:07:05.661 [AsyncHttpClient-1-17] DEBUG org.asynchttpclient.netty.handler.HttpHandler - 

Request DefaultHttpRequest(decodeResult: success, version: HTTP/1.1)
POST /session/5e1b500cebcfea974e4d6ae0c44946bb/execute/sync HTTP/1.1
User-Agent: selenium/4.13.0 (java mac)
Content-Length: 167
Content-Type: application/json; charset=utf-8
host: localhost:20618
accept: */*

Response DefaultHttpResponse(decodeResult: success, version: HTTP/1.1)
HTTP/1.1 200 OK
Content-Length: 14
Content-Type: application/json; charset=utf-8
cache-control: no-cache

23:07:05.661 [AsyncHttpClient-1-17] DEBUG org.asynchttpclient.netty.channel.ChannelManager - Adding key: http://localhost:20618 for channel [id: 0x92569d7a, L:/127.0.0.1:53788 - R:localhost/127.0.0.1:20618]
Step 4 : Click on icici checkbox.
23:07:05.662 [Forwarding findElement on session 5e1b500cebcfea974e4d6ae0c44946bb to remote] DEBUG org.asynchttpclient.netty.request.NettyRequestSender - Using pooled Channel '[id: 0x92569d7a, L:/127.0.0.1:53788 - R:localhost/127.0.0.1:20618]' for 'POST' to 'http://localhost:20618/session/5e1b500cebcfea974e4d6ae0c44946bb/element'
23:07:05.662 [Forwarding findElement on session 5e1b500cebcfea974e4d6ae0c44946bb to remote] DEBUG org.asynchttpclient.netty.request.NettyRequestSender - Using open Channel [id: 0x92569d7a, L:/127.0.0.1:53788 - R:localhost/127.0.0.1:20618] for POST '/session/5e1b500cebcfea974e4d6ae0c44946bb/element'
23:07:05.892 [AsyncHttpClient-1-17] DEBUG org.asynchttpclient.netty.handler.HttpHandler - 

Request DefaultHttpRequest(decodeResult: success, version: HTTP/1.1)
POST /session/5e1b500cebcfea974e4d6ae0c44946bb/element HTTP/1.1
User-Agent: selenium/4.13.0 (java mac)
Content-Length: 68
Content-Type: application/json; charset=utf-8
host: localhost:20618
accept: */*

Response DefaultHttpResponse(decodeResult: success, version: HTTP/1.1)
HTTP/1.1 200 OK
Content-Length: 96
Content-Type: application/json; charset=utf-8
cache-control: no-cache

23:07:05.892 [AsyncHttpClient-1-17] DEBUG org.asynchttpclient.netty.channel.ChannelManager - Adding key: http://localhost:20618 for channel [id: 0x92569d7a, L:/127.0.0.1:53788 - R:localhost/127.0.0.1:20618]
23:07:05.895 [Forwarding isElementDisplayed on session 5e1b500cebcfea974e4d6ae0c44946bb to remote] DEBUG org.asynchttpclient.netty.request.NettyRequestSender - Using pooled Channel '[id: 0x92569d7a, L:/127.0.0.1:53788 - R:localhost/127.0.0.1:20618]' for 'POST' to 'http://localhost:20618/session/5e1b500cebcfea974e4d6ae0c44946bb/execute/sync'
23:07:05.896 [Forwarding isElementDisplayed on session 5e1b500cebcfea974e4d6ae0c44946bb to remote] DEBUG org.asynchttpclient.netty.request.NettyRequestSender - Using open Channel [id: 0x92569d7a, L:/127.0.0.1:53788 - R:localhost/127.0.0.1:20618] for POST '/session/5e1b500cebcfea974e4d6ae0c44946bb/execute/sync'
23:07:05.911 [AsyncHttpClient-1-17] DEBUG org.asynchttpclient.netty.handler.HttpHandler - 

Request DefaultHttpRequest(decodeResult: success, version: HTTP/1.1)
POST /session/5e1b500cebcfea974e4d6ae0c44946bb/execute/sync HTTP/1.1
User-Agent: selenium/4.13.0 (java mac)
Content-Length: 48815
Content-Type: application/json; charset=utf-8
host: localhost:20618
accept: */*

Response DefaultHttpResponse(decodeResult: success, version: HTTP/1.1)
HTTP/1.1 200 OK
Content-Length: 14
Content-Type: application/json; charset=utf-8
cache-control: no-cache

23:07:05.911 [AsyncHttpClient-1-17] DEBUG org.asynchttpclient.netty.channel.ChannelManager - Adding key: http://localhost:20618 for channel [id: 0x92569d7a, L:/127.0.0.1:53788 - R:localhost/127.0.0.1:20618]
23:07:05.912 [Forwarding isElementEnabled on session 5e1b500cebcfea974e4d6ae0c44946bb to remote] DEBUG org.asynchttpclient.netty.request.NettyRequestSender - Using pooled Channel '[id: 0x92569d7a, L:/127.0.0.1:53788 - R:localhost/127.0.0.1:20618]' for 'GET' to 'http://localhost:20618/session/5e1b500cebcfea974e4d6ae0c44946bb/element/57C5E3EDF061C146ED462CC11A74275D_element_174/enabled'
23:07:05.912 [Forwarding isElementEnabled on session 5e1b500cebcfea974e4d6ae0c44946bb to remote] DEBUG org.asynchttpclient.netty.request.NettyRequestSender - Using open Channel [id: 0x92569d7a, L:/127.0.0.1:53788 - R:localhost/127.0.0.1:20618] for GET '/session/5e1b500cebcfea974e4d6ae0c44946bb/element/57C5E3EDF061C146ED462CC11A74275D_element_174/enabled'
23:07:05.925 [AsyncHttpClient-1-17] DEBUG org.asynchttpclient.netty.handler.HttpHandler - 

Request DefaultFullHttpRequest(decodeResult: success, version: HTTP/1.1, content: EmptyByteBufBE)
GET /session/5e1b500cebcfea974e4d6ae0c44946bb/element/57C5E3EDF061C146ED462CC11A74275D_element_174/enabled HTTP/1.1
Cache-Control: no-cache
User-Agent: selenium/4.13.0 (java mac)
Content-Type: application/json; charset=utf-8
host: localhost:20618
accept: */*

Response DefaultHttpResponse(decodeResult: success, version: HTTP/1.1)
HTTP/1.1 200 OK
Content-Length: 14
Content-Type: application/json; charset=utf-8
cache-control: no-cache

23:07:05.925 [AsyncHttpClient-1-17] DEBUG org.asynchttpclient.netty.channel.ChannelManager - Adding key: http://localhost:20618 for channel [id: 0x92569d7a, L:/127.0.0.1:53788 - R:localhost/127.0.0.1:20618]
23:07:05.927 [Forwarding executeScript on session 5e1b500cebcfea974e4d6ae0c44946bb to remote] DEBUG org.asynchttpclient.netty.request.NettyRequestSender - Using pooled Channel '[id: 0x92569d7a, L:/127.0.0.1:53788 - R:localhost/127.0.0.1:20618]' for 'POST' to 'http://localhost:20618/session/5e1b500cebcfea974e4d6ae0c44946bb/execute/sync'
23:07:05.927 [Forwarding executeScript on session 5e1b500cebcfea974e4d6ae0c44946bb to remote] DEBUG org.asynchttpclient.netty.request.NettyRequestSender - Using open Channel [id: 0x92569d7a, L:/127.0.0.1:53788 - R:localhost/127.0.0.1:20618] for POST '/session/5e1b500cebcfea974e4d6ae0c44946bb/execute/sync'
23:07:05.936 [AsyncHttpClient-1-17] DEBUG org.asynchttpclient.netty.handler.HttpHandler - 

Request DefaultHttpRequest(decodeResult: success, version: HTTP/1.1)
POST /session/5e1b500cebcfea974e4d6ae0c44946bb/execute/sync HTTP/1.1
User-Agent: selenium/4.13.0 (java mac)
Content-Length: 180
Content-Type: application/json; charset=utf-8
host: localhost:20618
accept: */*

Response DefaultHttpResponse(decodeResult: success, version: HTTP/1.1)
HTTP/1.1 200 OK
Content-Length: 14
Content-Type: application/json; charset=utf-8
cache-control: no-cache

23:07:05.936 [AsyncHttpClient-1-17] DEBUG org.asynchttpclient.netty.channel.ChannelManager - Adding key: http://localhost:20618 for channel [id: 0x92569d7a, L:/127.0.0.1:53788 - R:localhost/127.0.0.1:20618]
23:07:05.938 [Forwarding executeScript on session 5e1b500cebcfea974e4d6ae0c44946bb to remote] DEBUG org.asynchttpclient.netty.request.NettyRequestSender - Using pooled Channel '[id: 0x92569d7a, L:/127.0.0.1:53788 - R:localhost/127.0.0.1:20618]' for 'POST' to 'http://localhost:20618/session/5e1b500cebcfea974e4d6ae0c44946bb/execute/sync'
23:07:05.938 [Forwarding executeScript on session 5e1b500cebcfea974e4d6ae0c44946bb to remote] DEBUG org.asynchttpclient.netty.request.NettyRequestSender - Using open Channel [id: 0x92569d7a, L:/127.0.0.1:53788 - R:localhost/127.0.0.1:20618] for POST '/session/5e1b500cebcfea974e4d6ae0c44946bb/execute/sync'
23:07:06.014 [AsyncHttpClient-1-17] DEBUG org.asynchttpclient.netty.handler.HttpHandler - 

Request DefaultHttpRequest(decodeResult: success, version: HTTP/1.1)
POST /session/5e1b500cebcfea974e4d6ae0c44946bb/execute/sync HTTP/1.1
User-Agent: selenium/4.13.0 (java mac)
Content-Length: 167
Content-Type: application/json; charset=utf-8
host: localhost:20618
accept: */*

Response DefaultHttpResponse(decodeResult: success, version: HTTP/1.1)
HTTP/1.1 200 OK
Content-Length: 14
Content-Type: application/json; charset=utf-8
cache-control: no-cache

23:07:06.014 [AsyncHttpClient-1-17] DEBUG org.asynchttpclient.netty.channel.ChannelManager - Adding key: http://localhost:20618 for channel [id: 0x92569d7a, L:/127.0.0.1:53788 - R:localhost/127.0.0.1:20618]
23:07:06.018 [AsyncHttpClient-1-1] DEBUG org.asynchttpclient.netty.channel.DefaultChannelPool - Entry count for : http://localhost:20618 : 1
23:07:06.018 [AsyncHttpClient-1-1] DEBUG org.asynchttpclient.netty.channel.DefaultChannelPool - Entry count for : http://localhost:53789 : 1
23:07:07.117 [AsyncHttpClient-1-1] DEBUG org.asynchttpclient.netty.channel.DefaultChannelPool - Entry count for : http://localhost:20618 : 1
23:07:07.117 [AsyncHttpClient-1-1] DEBUG org.asynchttpclient.netty.channel.DefaultChannelPool - Entry count for : http://localhost:53789 : 1
Step 5 : Verify all offers have icici bank logo with terms and conditions.
23:07:08.016 [Forwarding findElements on session 5e1b500cebcfea974e4d6ae0c44946bb to remote] DEBUG org.asynchttpclient.netty.request.NettyRequestSender - Using pooled Channel '[id: 0x92569d7a, L:/127.0.0.1:53788 - R:localhost/127.0.0.1:20618]' for 'POST' to 'http://localhost:20618/session/5e1b500cebcfea974e4d6ae0c44946bb/elements'
23:07:08.016 [Forwarding findElements on session 5e1b500cebcfea974e4d6ae0c44946bb to remote] DEBUG org.asynchttpclient.netty.request.NettyRequestSender - Using open Channel [id: 0x92569d7a, L:/127.0.0.1:53788 - R:localhost/127.0.0.1:20618] for POST '/session/5e1b500cebcfea974e4d6ae0c44946bb/elements'
23:07:08.030 [AsyncHttpClient-1-17] DEBUG org.asynchttpclient.netty.handler.HttpHandler - 

Request DefaultHttpRequest(decodeResult: success, version: HTTP/1.1)
POST /session/5e1b500cebcfea974e4d6ae0c44946bb/elements HTTP/1.1
User-Agent: selenium/4.13.0 (java mac)
Content-Length: 73
Content-Type: application/json; charset=utf-8
host: localhost:20618
accept: */*

Response DefaultHttpResponse(decodeResult: success, version: HTTP/1.1)
HTTP/1.1 200 OK
Content-Length: 620
Content-Type: application/json; charset=utf-8
cache-control: no-cache

23:07:08.030 [AsyncHttpClient-1-17] DEBUG org.asynchttpclient.netty.channel.ChannelManager - Adding key: http://localhost:20618 for channel [id: 0x92569d7a, L:/127.0.0.1:53788 - R:localhost/127.0.0.1:20618]
23:07:08.032 [Forwarding findElement on session 5e1b500cebcfea974e4d6ae0c44946bb to remote] DEBUG org.asynchttpclient.netty.request.NettyRequestSender - Using pooled Channel '[id: 0x92569d7a, L:/127.0.0.1:53788 - R:localhost/127.0.0.1:20618]' for 'POST' to 'http://localhost:20618/session/5e1b500cebcfea974e4d6ae0c44946bb/element'
23:07:08.032 [Forwarding findElement on session 5e1b500cebcfea974e4d6ae0c44946bb to remote] DEBUG org.asynchttpclient.netty.request.NettyRequestSender - Using open Channel [id: 0x92569d7a, L:/127.0.0.1:53788 - R:localhost/127.0.0.1:20618] for POST '/session/5e1b500cebcfea974e4d6ae0c44946bb/element'
23:07:08.043 [AsyncHttpClient-1-17] DEBUG org.asynchttpclient.netty.handler.HttpHandler - 

Request DefaultHttpRequest(decodeResult: success, version: HTTP/1.1)
POST /session/5e1b500cebcfea974e4d6ae0c44946bb/element HTTP/1.1
User-Agent: selenium/4.13.0 (java mac)
Content-Length: 76
Content-Type: application/json; charset=utf-8
host: localhost:20618
accept: */*

Response DefaultHttpResponse(decodeResult: success, version: HTTP/1.1)
HTTP/1.1 200 OK
Content-Length: 96
Content-Type: application/json; charset=utf-8
cache-control: no-cache

23:07:08.043 [AsyncHttpClient-1-17] DEBUG org.asynchttpclient.netty.channel.ChannelManager - Adding key: http://localhost:20618 for channel [id: 0x92569d7a, L:/127.0.0.1:53788 - R:localhost/127.0.0.1:20618]
23:07:08.045 [Forwarding executeScript on session 5e1b500cebcfea974e4d6ae0c44946bb to remote] DEBUG org.asynchttpclient.netty.request.NettyRequestSender - Using pooled Channel '[id: 0x92569d7a, L:/127.0.0.1:53788 - R:localhost/127.0.0.1:20618]' for 'POST' to 'http://localhost:20618/session/5e1b500cebcfea974e4d6ae0c44946bb/execute/sync'
23:07:08.045 [Forwarding executeScript on session 5e1b500cebcfea974e4d6ae0c44946bb to remote] DEBUG org.asynchttpclient.netty.request.NettyRequestSender - Using open Channel [id: 0x92569d7a, L:/127.0.0.1:53788 - R:localhost/127.0.0.1:20618] for POST '/session/5e1b500cebcfea974e4d6ae0c44946bb/execute/sync'
23:07:08.050 [AsyncHttpClient-1-17] DEBUG org.asynchttpclient.netty.handler.HttpHandler - 

Request DefaultHttpRequest(decodeResult: success, version: HTTP/1.1)
POST /session/5e1b500cebcfea974e4d6ae0c44946bb/execute/sync HTTP/1.1
User-Agent: selenium/4.13.0 (java mac)
Content-Length: 180
Content-Type: application/json; charset=utf-8
host: localhost:20618
accept: */*

Response DefaultHttpResponse(decodeResult: success, version: HTTP/1.1)
HTTP/1.1 200 OK
Content-Length: 14
Content-Type: application/json; charset=utf-8
cache-control: no-cache

23:07:08.051 [AsyncHttpClient-1-17] DEBUG org.asynchttpclient.netty.channel.ChannelManager - Adding key: http://localhost:20618 for channel [id: 0x92569d7a, L:/127.0.0.1:53788 - R:localhost/127.0.0.1:20618]
23:07:08.053 [Forwarding isElementDisplayed on session 5e1b500cebcfea974e4d6ae0c44946bb to remote] DEBUG org.asynchttpclient.netty.request.NettyRequestSender - Using pooled Channel '[id: 0x92569d7a, L:/127.0.0.1:53788 - R:localhost/127.0.0.1:20618]' for 'POST' to 'http://localhost:20618/session/5e1b500cebcfea974e4d6ae0c44946bb/execute/sync'
23:07:08.053 [Forwarding isElementDisplayed on session 5e1b500cebcfea974e4d6ae0c44946bb to remote] DEBUG org.asynchttpclient.netty.request.NettyRequestSender - Using open Channel [id: 0x92569d7a, L:/127.0.0.1:53788 - R:localhost/127.0.0.1:20618] for POST '/session/5e1b500cebcfea974e4d6ae0c44946bb/execute/sync'
23:07:08.063 [AsyncHttpClient-1-17] DEBUG org.asynchttpclient.netty.handler.HttpHandler - 

Request DefaultHttpRequest(decodeResult: success, version: HTTP/1.1)
POST /session/5e1b500cebcfea974e4d6ae0c44946bb/execute/sync HTTP/1.1
User-Agent: selenium/4.13.0 (java mac)
Content-Length: 48815
Content-Type: application/json; charset=utf-8
host: localhost:20618
accept: */*

Response DefaultHttpResponse(decodeResult: success, version: HTTP/1.1)
HTTP/1.1 200 OK
Content-Length: 14
Content-Type: application/json; charset=utf-8
cache-control: no-cache

23:07:08.064 [AsyncHttpClient-1-17] DEBUG org.asynchttpclient.netty.channel.ChannelManager - Adding key: http://localhost:20618 for channel [id: 0x92569d7a, L:/127.0.0.1:53788 - R:localhost/127.0.0.1:20618]
23:07:08.065 [Forwarding findElement on session 5e1b500cebcfea974e4d6ae0c44946bb to remote] DEBUG org.asynchttpclient.netty.request.NettyRequestSender - Using pooled Channel '[id: 0x92569d7a, L:/127.0.0.1:53788 - R:localhost/127.0.0.1:20618]' for 'POST' to 'http://localhost:20618/session/5e1b500cebcfea974e4d6ae0c44946bb/element'
23:07:08.065 [Forwarding findElement on session 5e1b500cebcfea974e4d6ae0c44946bb to remote] DEBUG org.asynchttpclient.netty.request.NettyRequestSender - Using open Channel [id: 0x92569d7a, L:/127.0.0.1:53788 - R:localhost/127.0.0.1:20618] for POST '/session/5e1b500cebcfea974e4d6ae0c44946bb/element'
23:07:08.077 [AsyncHttpClient-1-17] DEBUG org.asynchttpclient.netty.handler.HttpHandler - 

Request DefaultHttpRequest(decodeResult: success, version: HTTP/1.1)
POST /session/5e1b500cebcfea974e4d6ae0c44946bb/element HTTP/1.1
User-Agent: selenium/4.13.0 (java mac)
Content-Length: 76
Content-Type: application/json; charset=utf-8
host: localhost:20618
accept: */*

Response DefaultHttpResponse(decodeResult: success, version: HTTP/1.1)
HTTP/1.1 200 OK
Content-Length: 96
Content-Type: application/json; charset=utf-8
cache-control: no-cache

23:07:08.077 [AsyncHttpClient-1-17] DEBUG org.asynchttpclient.netty.channel.ChannelManager - Adding key: http://localhost:20618 for channel [id: 0x92569d7a, L:/127.0.0.1:53788 - R:localhost/127.0.0.1:20618]
23:07:08.078 [Forwarding executeScript on session 5e1b500cebcfea974e4d6ae0c44946bb to remote] DEBUG org.asynchttpclient.netty.request.NettyRequestSender - Using pooled Channel '[id: 0x92569d7a, L:/127.0.0.1:53788 - R:localhost/127.0.0.1:20618]' for 'POST' to 'http://localhost:20618/session/5e1b500cebcfea974e4d6ae0c44946bb/execute/sync'
23:07:08.078 [Forwarding executeScript on session 5e1b500cebcfea974e4d6ae0c44946bb to remote] DEBUG org.asynchttpclient.netty.request.NettyRequestSender - Using open Channel [id: 0x92569d7a, L:/127.0.0.1:53788 - R:localhost/127.0.0.1:20618] for POST '/session/5e1b500cebcfea974e4d6ae0c44946bb/execute/sync'
23:07:08.084 [AsyncHttpClient-1-17] DEBUG org.asynchttpclient.netty.handler.HttpHandler - 

Request DefaultHttpRequest(decodeResult: success, version: HTTP/1.1)
POST /session/5e1b500cebcfea974e4d6ae0c44946bb/execute/sync HTTP/1.1
User-Agent: selenium/4.13.0 (java mac)
Content-Length: 180
Content-Type: application/json; charset=utf-8
host: localhost:20618
accept: */*

Response DefaultHttpResponse(decodeResult: success, version: HTTP/1.1)
HTTP/1.1 200 OK
Content-Length: 14
Content-Type: application/json; charset=utf-8
cache-control: no-cache

23:07:08.084 [AsyncHttpClient-1-17] DEBUG org.asynchttpclient.netty.channel.ChannelManager - Adding key: http://localhost:20618 for channel [id: 0x92569d7a, L:/127.0.0.1:53788 - R:localhost/127.0.0.1:20618]
23:07:08.086 [Forwarding isElementDisplayed on session 5e1b500cebcfea974e4d6ae0c44946bb to remote] DEBUG org.asynchttpclient.netty.request.NettyRequestSender - Using pooled Channel '[id: 0x92569d7a, L:/127.0.0.1:53788 - R:localhost/127.0.0.1:20618]' for 'POST' to 'http://localhost:20618/session/5e1b500cebcfea974e4d6ae0c44946bb/execute/sync'
23:07:08.087 [Forwarding isElementDisplayed on session 5e1b500cebcfea974e4d6ae0c44946bb to remote] DEBUG org.asynchttpclient.netty.request.NettyRequestSender - Using open Channel [id: 0x92569d7a, L:/127.0.0.1:53788 - R:localhost/127.0.0.1:20618] for POST '/session/5e1b500cebcfea974e4d6ae0c44946bb/execute/sync'
23:07:08.095 [AsyncHttpClient-1-17] DEBUG org.asynchttpclient.netty.handler.HttpHandler - 

Request DefaultHttpRequest(decodeResult: success, version: HTTP/1.1)
POST /session/5e1b500cebcfea974e4d6ae0c44946bb/execute/sync HTTP/1.1
User-Agent: selenium/4.13.0 (java mac)
Content-Length: 48815
Content-Type: application/json; charset=utf-8
host: localhost:20618
accept: */*

Response DefaultHttpResponse(decodeResult: success, version: HTTP/1.1)
HTTP/1.1 200 OK
Content-Length: 14
Content-Type: application/json; charset=utf-8
cache-control: no-cache

23:07:08.095 [AsyncHttpClient-1-17] DEBUG org.asynchttpclient.netty.channel.ChannelManager - Adding key: http://localhost:20618 for channel [id: 0x92569d7a, L:/127.0.0.1:53788 - R:localhost/127.0.0.1:20618]
23:07:08.096 [Forwarding findElement on session 5e1b500cebcfea974e4d6ae0c44946bb to remote] DEBUG org.asynchttpclient.netty.request.NettyRequestSender - Using pooled Channel '[id: 0x92569d7a, L:/127.0.0.1:53788 - R:localhost/127.0.0.1:20618]' for 'POST' to 'http://localhost:20618/session/5e1b500cebcfea974e4d6ae0c44946bb/element'
23:07:08.096 [Forwarding findElement on session 5e1b500cebcfea974e4d6ae0c44946bb to remote] DEBUG org.asynchttpclient.netty.request.NettyRequestSender - Using open Channel [id: 0x92569d7a, L:/127.0.0.1:53788 - R:localhost/127.0.0.1:20618] for POST '/session/5e1b500cebcfea974e4d6ae0c44946bb/element'
23:07:08.107 [AsyncHttpClient-1-17] DEBUG org.asynchttpclient.netty.handler.HttpHandler - 

Request DefaultHttpRequest(decodeResult: success, version: HTTP/1.1)
POST /session/5e1b500cebcfea974e4d6ae0c44946bb/element HTTP/1.1
User-Agent: selenium/4.13.0 (java mac)
Content-Length: 76
Content-Type: application/json; charset=utf-8
host: localhost:20618
accept: */*

Response DefaultHttpResponse(decodeResult: success, version: HTTP/1.1)
HTTP/1.1 200 OK
Content-Length: 96
Content-Type: application/json; charset=utf-8
cache-control: no-cache

23:07:08.107 [AsyncHttpClient-1-17] DEBUG org.asynchttpclient.netty.channel.ChannelManager - Adding key: http://localhost:20618 for channel [id: 0x92569d7a, L:/127.0.0.1:53788 - R:localhost/127.0.0.1:20618]
23:07:08.109 [Forwarding executeScript on session 5e1b500cebcfea974e4d6ae0c44946bb to remote] DEBUG org.asynchttpclient.netty.request.NettyRequestSender - Using pooled Channel '[id: 0x92569d7a, L:/127.0.0.1:53788 - R:localhost/127.0.0.1:20618]' for 'POST' to 'http://localhost:20618/session/5e1b500cebcfea974e4d6ae0c44946bb/execute/sync'
23:07:08.109 [Forwarding executeScript on session 5e1b500cebcfea974e4d6ae0c44946bb to remote] DEBUG org.asynchttpclient.netty.request.NettyRequestSender - Using open Channel [id: 0x92569d7a, L:/127.0.0.1:53788 - R:localhost/127.0.0.1:20618] for POST '/session/5e1b500cebcfea974e4d6ae0c44946bb/execute/sync'
23:07:08.113 [AsyncHttpClient-1-17] DEBUG org.asynchttpclient.netty.handler.HttpHandler - 

Request DefaultHttpRequest(decodeResult: success, version: HTTP/1.1)
POST /session/5e1b500cebcfea974e4d6ae0c44946bb/execute/sync HTTP/1.1
User-Agent: selenium/4.13.0 (java mac)
Content-Length: 180
Content-Type: application/json; charset=utf-8
host: localhost:20618
accept: */*

Response DefaultHttpResponse(decodeResult: success, version: HTTP/1.1)
HTTP/1.1 200 OK
Content-Length: 14
Content-Type: application/json; charset=utf-8
cache-control: no-cache

23:07:08.113 [AsyncHttpClient-1-17] DEBUG org.asynchttpclient.netty.channel.ChannelManager - Adding key: http://localhost:20618 for channel [id: 0x92569d7a, L:/127.0.0.1:53788 - R:localhost/127.0.0.1:20618]
23:07:08.116 [Forwarding isElementDisplayed on session 5e1b500cebcfea974e4d6ae0c44946bb to remote] DEBUG org.asynchttpclient.netty.request.NettyRequestSender - Using pooled Channel '[id: 0x92569d7a, L:/127.0.0.1:53788 - R:localhost/127.0.0.1:20618]' for 'POST' to 'http://localhost:20618/session/5e1b500cebcfea974e4d6ae0c44946bb/execute/sync'
23:07:08.116 [Forwarding isElementDisplayed on session 5e1b500cebcfea974e4d6ae0c44946bb to remote] DEBUG org.asynchttpclient.netty.request.NettyRequestSender - Using open Channel [id: 0x92569d7a, L:/127.0.0.1:53788 - R:localhost/127.0.0.1:20618] for POST '/session/5e1b500cebcfea974e4d6ae0c44946bb/execute/sync'
23:07:08.124 [AsyncHttpClient-1-17] DEBUG org.asynchttpclient.netty.handler.HttpHandler - 

Request DefaultHttpRequest(decodeResult: success, version: HTTP/1.1)
POST /session/5e1b500cebcfea974e4d6ae0c44946bb/execute/sync HTTP/1.1
User-Agent: selenium/4.13.0 (java mac)
Content-Length: 48815
Content-Type: application/json; charset=utf-8
host: localhost:20618
accept: */*

Response DefaultHttpResponse(decodeResult: success, version: HTTP/1.1)
HTTP/1.1 200 OK
Content-Length: 14
Content-Type: application/json; charset=utf-8
cache-control: no-cache

23:07:08.124 [AsyncHttpClient-1-17] DEBUG org.asynchttpclient.netty.channel.ChannelManager - Adding key: http://localhost:20618 for channel [id: 0x92569d7a, L:/127.0.0.1:53788 - R:localhost/127.0.0.1:20618]
23:07:08.125 [Forwarding findElement on session 5e1b500cebcfea974e4d6ae0c44946bb to remote] DEBUG org.asynchttpclient.netty.request.NettyRequestSender - Using pooled Channel '[id: 0x92569d7a, L:/127.0.0.1:53788 - R:localhost/127.0.0.1:20618]' for 'POST' to 'http://localhost:20618/session/5e1b500cebcfea974e4d6ae0c44946bb/element'
23:07:08.125 [Forwarding findElement on session 5e1b500cebcfea974e4d6ae0c44946bb to remote] DEBUG org.asynchttpclient.netty.request.NettyRequestSender - Using open Channel [id: 0x92569d7a, L:/127.0.0.1:53788 - R:localhost/127.0.0.1:20618] for POST '/session/5e1b500cebcfea974e4d6ae0c44946bb/element'
23:07:08.135 [AsyncHttpClient-1-17] DEBUG org.asynchttpclient.netty.handler.HttpHandler - 

Request DefaultHttpRequest(decodeResult: success, version: HTTP/1.1)
POST /session/5e1b500cebcfea974e4d6ae0c44946bb/element HTTP/1.1
User-Agent: selenium/4.13.0 (java mac)
Content-Length: 76
Content-Type: application/json; charset=utf-8
host: localhost:20618
accept: */*

Response DefaultHttpResponse(decodeResult: success, version: HTTP/1.1)
HTTP/1.1 200 OK
Content-Length: 96
Content-Type: application/json; charset=utf-8
cache-control: no-cache

23:07:08.135 [AsyncHttpClient-1-17] DEBUG org.asynchttpclient.netty.channel.ChannelManager - Adding key: http://localhost:20618 for channel [id: 0x92569d7a, L:/127.0.0.1:53788 - R:localhost/127.0.0.1:20618]
23:07:08.136 [Forwarding executeScript on session 5e1b500cebcfea974e4d6ae0c44946bb to remote] DEBUG org.asynchttpclient.netty.request.NettyRequestSender - Using pooled Channel '[id: 0x92569d7a, L:/127.0.0.1:53788 - R:localhost/127.0.0.1:20618]' for 'POST' to 'http://localhost:20618/session/5e1b500cebcfea974e4d6ae0c44946bb/execute/sync'
23:07:08.136 [Forwarding executeScript on session 5e1b500cebcfea974e4d6ae0c44946bb to remote] DEBUG org.asynchttpclient.netty.request.NettyRequestSender - Using open Channel [id: 0x92569d7a, L:/127.0.0.1:53788 - R:localhost/127.0.0.1:20618] for POST '/session/5e1b500cebcfea974e4d6ae0c44946bb/execute/sync'
23:07:08.141 [AsyncHttpClient-1-17] DEBUG org.asynchttpclient.netty.handler.HttpHandler - 

Request DefaultHttpRequest(decodeResult: success, version: HTTP/1.1)
POST /session/5e1b500cebcfea974e4d6ae0c44946bb/execute/sync HTTP/1.1
User-Agent: selenium/4.13.0 (java mac)
Content-Length: 180
Content-Type: application/json; charset=utf-8
host: localhost:20618
accept: */*

Response DefaultHttpResponse(decodeResult: success, version: HTTP/1.1)
HTTP/1.1 200 OK
Content-Length: 14
Content-Type: application/json; charset=utf-8
cache-control: no-cache

23:07:08.141 [AsyncHttpClient-1-17] DEBUG org.asynchttpclient.netty.channel.ChannelManager - Adding key: http://localhost:20618 for channel [id: 0x92569d7a, L:/127.0.0.1:53788 - R:localhost/127.0.0.1:20618]
23:07:08.144 [Forwarding isElementDisplayed on session 5e1b500cebcfea974e4d6ae0c44946bb to remote] DEBUG org.asynchttpclient.netty.request.NettyRequestSender - Using pooled Channel '[id: 0x92569d7a, L:/127.0.0.1:53788 - R:localhost/127.0.0.1:20618]' for 'POST' to 'http://localhost:20618/session/5e1b500cebcfea974e4d6ae0c44946bb/execute/sync'
23:07:08.144 [Forwarding isElementDisplayed on session 5e1b500cebcfea974e4d6ae0c44946bb to remote] DEBUG org.asynchttpclient.netty.request.NettyRequestSender - Using open Channel [id: 0x92569d7a, L:/127.0.0.1:53788 - R:localhost/127.0.0.1:20618] for POST '/session/5e1b500cebcfea974e4d6ae0c44946bb/execute/sync'
23:07:08.153 [AsyncHttpClient-1-17] DEBUG org.asynchttpclient.netty.handler.HttpHandler - 

Request DefaultHttpRequest(decodeResult: success, version: HTTP/1.1)
POST /session/5e1b500cebcfea974e4d6ae0c44946bb/execute/sync HTTP/1.1
User-Agent: selenium/4.13.0 (java mac)
Content-Length: 48815
Content-Type: application/json; charset=utf-8
host: localhost:20618
accept: */*

Response DefaultHttpResponse(decodeResult: success, version: HTTP/1.1)
HTTP/1.1 200 OK
Content-Length: 14
Content-Type: application/json; charset=utf-8
cache-control: no-cache

23:07:08.153 [AsyncHttpClient-1-17] DEBUG org.asynchttpclient.netty.channel.ChannelManager - Adding key: http://localhost:20618 for channel [id: 0x92569d7a, L:/127.0.0.1:53788 - R:localhost/127.0.0.1:20618]
23:07:08.154 [Forwarding findElement on session 5e1b500cebcfea974e4d6ae0c44946bb to remote] DEBUG org.asynchttpclient.netty.request.NettyRequestSender - Using pooled Channel '[id: 0x92569d7a, L:/127.0.0.1:53788 - R:localhost/127.0.0.1:20618]' for 'POST' to 'http://localhost:20618/session/5e1b500cebcfea974e4d6ae0c44946bb/element'
23:07:08.154 [Forwarding findElement on session 5e1b500cebcfea974e4d6ae0c44946bb to remote] DEBUG org.asynchttpclient.netty.request.NettyRequestSender - Using open Channel [id: 0x92569d7a, L:/127.0.0.1:53788 - R:localhost/127.0.0.1:20618] for POST '/session/5e1b500cebcfea974e4d6ae0c44946bb/element'
23:07:08.165 [AsyncHttpClient-1-17] DEBUG org.asynchttpclient.netty.handler.HttpHandler - 

Request DefaultHttpRequest(decodeResult: success, version: HTTP/1.1)
POST /session/5e1b500cebcfea974e4d6ae0c44946bb/element HTTP/1.1
User-Agent: selenium/4.13.0 (java mac)
Content-Length: 76
Content-Type: application/json; charset=utf-8
host: localhost:20618
accept: */*

Response DefaultHttpResponse(decodeResult: success, version: HTTP/1.1)
HTTP/1.1 200 OK
Content-Length: 96
Content-Type: application/json; charset=utf-8
cache-control: no-cache

23:07:08.166 [AsyncHttpClient-1-17] DEBUG org.asynchttpclient.netty.channel.ChannelManager - Adding key: http://localhost:20618 for channel [id: 0x92569d7a, L:/127.0.0.1:53788 - R:localhost/127.0.0.1:20618]
23:07:08.167 [Forwarding executeScript on session 5e1b500cebcfea974e4d6ae0c44946bb to remote] DEBUG org.asynchttpclient.netty.request.NettyRequestSender - Using pooled Channel '[id: 0x92569d7a, L:/127.0.0.1:53788 - R:localhost/127.0.0.1:20618]' for 'POST' to 'http://localhost:20618/session/5e1b500cebcfea974e4d6ae0c44946bb/execute/sync'
23:07:08.167 [Forwarding executeScript on session 5e1b500cebcfea974e4d6ae0c44946bb to remote] DEBUG org.asynchttpclient.netty.request.NettyRequestSender - Using open Channel [id: 0x92569d7a, L:/127.0.0.1:53788 - R:localhost/127.0.0.1:20618] for POST '/session/5e1b500cebcfea974e4d6ae0c44946bb/execute/sync'
23:07:08.173 [AsyncHttpClient-1-17] DEBUG org.asynchttpclient.netty.handler.HttpHandler - 

Request DefaultHttpRequest(decodeResult: success, version: HTTP/1.1)
POST /session/5e1b500cebcfea974e4d6ae0c44946bb/execute/sync HTTP/1.1
User-Agent: selenium/4.13.0 (java mac)
Content-Length: 180
Content-Type: application/json; charset=utf-8
host: localhost:20618
accept: */*

Response DefaultHttpResponse(decodeResult: success, version: HTTP/1.1)
HTTP/1.1 200 OK
Content-Length: 14
Content-Type: application/json; charset=utf-8
cache-control: no-cache

23:07:08.173 [AsyncHttpClient-1-17] DEBUG org.asynchttpclient.netty.channel.ChannelManager - Adding key: http://localhost:20618 for channel [id: 0x92569d7a, L:/127.0.0.1:53788 - R:localhost/127.0.0.1:20618]
23:07:08.197 [Forwarding isElementDisplayed on session 5e1b500cebcfea974e4d6ae0c44946bb to remote] DEBUG org.asynchttpclient.netty.request.NettyRequestSender - Using pooled Channel '[id: 0x92569d7a, L:/127.0.0.1:53788 - R:localhost/127.0.0.1:20618]' for 'POST' to 'http://localhost:20618/session/5e1b500cebcfea974e4d6ae0c44946bb/execute/sync'
23:07:08.197 [Forwarding isElementDisplayed on session 5e1b500cebcfea974e4d6ae0c44946bb to remote] DEBUG org.asynchttpclient.netty.request.NettyRequestSender - Using open Channel [id: 0x92569d7a, L:/127.0.0.1:53788 - R:localhost/127.0.0.1:20618] for POST '/session/5e1b500cebcfea974e4d6ae0c44946bb/execute/sync'
23:07:08.206 [AsyncHttpClient-1-17] DEBUG org.asynchttpclient.netty.handler.HttpHandler - 

Request DefaultHttpRequest(decodeResult: success, version: HTTP/1.1)
POST /session/5e1b500cebcfea974e4d6ae0c44946bb/execute/sync HTTP/1.1
User-Agent: selenium/4.13.0 (java mac)
Content-Length: 48815
Content-Type: application/json; charset=utf-8
host: localhost:20618
accept: */*

Response DefaultHttpResponse(decodeResult: success, version: HTTP/1.1)
HTTP/1.1 200 OK
Content-Length: 14
Content-Type: application/json; charset=utf-8
cache-control: no-cache

23:07:08.206 [AsyncHttpClient-1-17] DEBUG org.asynchttpclient.netty.channel.ChannelManager - Adding key: http://localhost:20618 for channel [id: 0x92569d7a, L:/127.0.0.1:53788 - R:localhost/127.0.0.1:20618]
23:07:08.208 [Forwarding findElement on session 5e1b500cebcfea974e4d6ae0c44946bb to remote] DEBUG org.asynchttpclient.netty.request.NettyRequestSender - Using pooled Channel '[id: 0x92569d7a, L:/127.0.0.1:53788 - R:localhost/127.0.0.1:20618]' for 'POST' to 'http://localhost:20618/session/5e1b500cebcfea974e4d6ae0c44946bb/element'
23:07:08.208 [Forwarding findElement on session 5e1b500cebcfea974e4d6ae0c44946bb to remote] DEBUG org.asynchttpclient.netty.request.NettyRequestSender - Using open Channel [id: 0x92569d7a, L:/127.0.0.1:53788 - R:localhost/127.0.0.1:20618] for POST '/session/5e1b500cebcfea974e4d6ae0c44946bb/element'
23:07:08.218 [AsyncHttpClient-1-1] DEBUG org.asynchttpclient.netty.channel.DefaultChannelPool - Entry count for : http://localhost:53789 : 1
23:07:08.219 [AsyncHttpClient-1-17] DEBUG org.asynchttpclient.netty.handler.HttpHandler - 

Request DefaultHttpRequest(decodeResult: success, version: HTTP/1.1)
POST /session/5e1b500cebcfea974e4d6ae0c44946bb/element HTTP/1.1
User-Agent: selenium/4.13.0 (java mac)
Content-Length: 76
Content-Type: application/json; charset=utf-8
host: localhost:20618
accept: */*

Response DefaultHttpResponse(decodeResult: success, version: HTTP/1.1)
HTTP/1.1 200 OK
Content-Length: 96
Content-Type: application/json; charset=utf-8
cache-control: no-cache

23:07:08.219 [AsyncHttpClient-1-17] DEBUG org.asynchttpclient.netty.channel.ChannelManager - Adding key: http://localhost:20618 for channel [id: 0x92569d7a, L:/127.0.0.1:53788 - R:localhost/127.0.0.1:20618]
23:07:08.221 [Forwarding executeScript on session 5e1b500cebcfea974e4d6ae0c44946bb to remote] DEBUG org.asynchttpclient.netty.request.NettyRequestSender - Using pooled Channel '[id: 0x92569d7a, L:/127.0.0.1:53788 - R:localhost/127.0.0.1:20618]' for 'POST' to 'http://localhost:20618/session/5e1b500cebcfea974e4d6ae0c44946bb/execute/sync'
23:07:08.221 [Forwarding executeScript on session 5e1b500cebcfea974e4d6ae0c44946bb to remote] DEBUG org.asynchttpclient.netty.request.NettyRequestSender - Using open Channel [id: 0x92569d7a, L:/127.0.0.1:53788 - R:localhost/127.0.0.1:20618] for POST '/session/5e1b500cebcfea974e4d6ae0c44946bb/execute/sync'
23:07:08.226 [AsyncHttpClient-1-17] DEBUG org.asynchttpclient.netty.handler.HttpHandler - 

Request DefaultHttpRequest(decodeResult: success, version: HTTP/1.1)
POST /session/5e1b500cebcfea974e4d6ae0c44946bb/execute/sync HTTP/1.1
User-Agent: selenium/4.13.0 (java mac)
Content-Length: 180
Content-Type: application/json; charset=utf-8
host: localhost:20618
accept: */*

Response DefaultHttpResponse(decodeResult: success, version: HTTP/1.1)
HTTP/1.1 200 OK
Content-Length: 14
Content-Type: application/json; charset=utf-8
cache-control: no-cache

23:07:08.226 [AsyncHttpClient-1-17] DEBUG org.asynchttpclient.netty.channel.ChannelManager - Adding key: http://localhost:20618 for channel [id: 0x92569d7a, L:/127.0.0.1:53788 - R:localhost/127.0.0.1:20618]
23:07:08.229 [Forwarding isElementDisplayed on session 5e1b500cebcfea974e4d6ae0c44946bb to remote] DEBUG org.asynchttpclient.netty.request.NettyRequestSender - Using pooled Channel '[id: 0x92569d7a, L:/127.0.0.1:53788 - R:localhost/127.0.0.1:20618]' for 'POST' to 'http://localhost:20618/session/5e1b500cebcfea974e4d6ae0c44946bb/execute/sync'
23:07:08.229 [Forwarding isElementDisplayed on session 5e1b500cebcfea974e4d6ae0c44946bb to remote] DEBUG org.asynchttpclient.netty.request.NettyRequestSender - Using open Channel [id: 0x92569d7a, L:/127.0.0.1:53788 - R:localhost/127.0.0.1:20618] for POST '/session/5e1b500cebcfea974e4d6ae0c44946bb/execute/sync'
23:07:08.238 [AsyncHttpClient-1-17] DEBUG org.asynchttpclient.netty.handler.HttpHandler - 

Request DefaultHttpRequest(decodeResult: success, version: HTTP/1.1)
POST /session/5e1b500cebcfea974e4d6ae0c44946bb/execute/sync HTTP/1.1
User-Agent: selenium/4.13.0 (java mac)
Content-Length: 48815
Content-Type: application/json; charset=utf-8
host: localhost:20618
accept: */*

Response DefaultHttpResponse(decodeResult: success, version: HTTP/1.1)
HTTP/1.1 200 OK
Content-Length: 14
Content-Type: application/json; charset=utf-8
cache-control: no-cache

23:07:08.238 [AsyncHttpClient-1-17] DEBUG org.asynchttpclient.netty.channel.ChannelManager - Adding key: http://localhost:20618 for channel [id: 0x92569d7a, L:/127.0.0.1:53788 - R:localhost/127.0.0.1:20618]
23:07:08.239 [Forwarding findElement on session 5e1b500cebcfea974e4d6ae0c44946bb to remote] DEBUG org.asynchttpclient.netty.request.NettyRequestSender - Using pooled Channel '[id: 0x92569d7a, L:/127.0.0.1:53788 - R:localhost/127.0.0.1:20618]' for 'POST' to 'http://localhost:20618/session/5e1b500cebcfea974e4d6ae0c44946bb/element'
23:07:08.239 [Forwarding findElement on session 5e1b500cebcfea974e4d6ae0c44946bb to remote] DEBUG org.asynchttpclient.netty.request.NettyRequestSender - Using open Channel [id: 0x92569d7a, L:/127.0.0.1:53788 - R:localhost/127.0.0.1:20618] for POST '/session/5e1b500cebcfea974e4d6ae0c44946bb/element'
23:07:08.250 [AsyncHttpClient-1-17] DEBUG org.asynchttpclient.netty.handler.HttpHandler - 

Request DefaultHttpRequest(decodeResult: success, version: HTTP/1.1)
POST /session/5e1b500cebcfea974e4d6ae0c44946bb/element HTTP/1.1
User-Agent: selenium/4.13.0 (java mac)
Content-Length: 76
Content-Type: application/json; charset=utf-8
host: localhost:20618
accept: */*

Response DefaultHttpResponse(decodeResult: success, version: HTTP/1.1)
HTTP/1.1 200 OK
Content-Length: 96
Content-Type: application/json; charset=utf-8
cache-control: no-cache

23:07:08.250 [AsyncHttpClient-1-17] DEBUG org.asynchttpclient.netty.channel.ChannelManager - Adding key: http://localhost:20618 for channel [id: 0x92569d7a, L:/127.0.0.1:53788 - R:localhost/127.0.0.1:20618]
23:07:08.252 [Forwarding executeScript on session 5e1b500cebcfea974e4d6ae0c44946bb to remote] DEBUG org.asynchttpclient.netty.request.NettyRequestSender - Using pooled Channel '[id: 0x92569d7a, L:/127.0.0.1:53788 - R:localhost/127.0.0.1:20618]' for 'POST' to 'http://localhost:20618/session/5e1b500cebcfea974e4d6ae0c44946bb/execute/sync'
23:07:08.252 [Forwarding executeScript on session 5e1b500cebcfea974e4d6ae0c44946bb to remote] DEBUG org.asynchttpclient.netty.request.NettyRequestSender - Using open Channel [id: 0x92569d7a, L:/127.0.0.1:53788 - R:localhost/127.0.0.1:20618] for POST '/session/5e1b500cebcfea974e4d6ae0c44946bb/execute/sync'
23:07:08.258 [AsyncHttpClient-1-17] DEBUG org.asynchttpclient.netty.handler.HttpHandler - 

Request DefaultHttpRequest(decodeResult: success, version: HTTP/1.1)
POST /session/5e1b500cebcfea974e4d6ae0c44946bb/execute/sync HTTP/1.1
User-Agent: selenium/4.13.0 (java mac)
Content-Length: 180
Content-Type: application/json; charset=utf-8
host: localhost:20618
accept: */*

Response DefaultHttpResponse(decodeResult: success, version: HTTP/1.1)
HTTP/1.1 200 OK
Content-Length: 14
Content-Type: application/json; charset=utf-8
cache-control: no-cache

23:07:08.258 [AsyncHttpClient-1-17] DEBUG org.asynchttpclient.netty.channel.ChannelManager - Adding key: http://localhost:20618 for channel [id: 0x92569d7a, L:/127.0.0.1:53788 - R:localhost/127.0.0.1:20618]
23:07:08.261 [Forwarding isElementDisplayed on session 5e1b500cebcfea974e4d6ae0c44946bb to remote] DEBUG org.asynchttpclient.netty.request.NettyRequestSender - Using pooled Channel '[id: 0x92569d7a, L:/127.0.0.1:53788 - R:localhost/127.0.0.1:20618]' for 'POST' to 'http://localhost:20618/session/5e1b500cebcfea974e4d6ae0c44946bb/execute/sync'
23:07:08.261 [Forwarding isElementDisplayed on session 5e1b500cebcfea974e4d6ae0c44946bb to remote] DEBUG org.asynchttpclient.netty.request.NettyRequestSender - Using open Channel [id: 0x92569d7a, L:/127.0.0.1:53788 - R:localhost/127.0.0.1:20618] for POST '/session/5e1b500cebcfea974e4d6ae0c44946bb/execute/sync'
23:07:08.270 [AsyncHttpClient-1-17] DEBUG org.asynchttpclient.netty.handler.HttpHandler - 

Request DefaultHttpRequest(decodeResult: success, version: HTTP/1.1)
POST /session/5e1b500cebcfea974e4d6ae0c44946bb/execute/sync HTTP/1.1
User-Agent: selenium/4.13.0 (java mac)
Content-Length: 48815
Content-Type: application/json; charset=utf-8
host: localhost:20618
accept: */*

Response DefaultHttpResponse(decodeResult: success, version: HTTP/1.1)
HTTP/1.1 200 OK
Content-Length: 14
Content-Type: application/json; charset=utf-8
cache-control: no-cache

23:07:08.270 [AsyncHttpClient-1-17] DEBUG org.asynchttpclient.netty.channel.ChannelManager - Adding key: http://localhost:20618 for channel [id: 0x92569d7a, L:/127.0.0.1:53788 - R:localhost/127.0.0.1:20618]
]]></system-out>
    <system-err><![CDATA[Jan 11, 2024 11:06:59 PM org.openqa.selenium.devtools.CdpVersionFinder findNearestMatch
WARNING: Unable to find an exact match for CDP version 120, so returning the closest version found: 117
]]></system-err>
  </testcase>
</testsuite>