<?xml version="1.0" encoding="UTF-8"?>
<testsuite xmlns:xsi="http://www.w3.org/2001/XMLSchema-instance" xsi:noNamespaceSchemaLocation="https://maven.apache.org/surefire/maven-surefire-plugin/xsd/surefire-test-report-3.0.xsd" version="3.0" name="TestSuite" time="83.021" tests="6" errors="0" skipped="0" failures="2">
  <properties>
    <property name="java.specification.version" value="21"/>
    <property name="webdriver.chrome.driver" value="/Users/apple/Documents/HHP/Projects/sample/drivers/chromedriver"/>
    <property name="sun.jnu.encoding" value="UTF-8"/>
    <property name="java.class.path" value="/Users/apple/Documents/HHP/Projects/sample/target/test-classes:/Users/apple/Documents/HHP/Projects/sample/target/classes:/Users/apple/.m2/repository/org/seleniumhq/selenium/selenium-java/4.13.0/selenium-java-4.13.0.jar:/Users/apple/.m2/repository/org/seleniumhq/selenium/selenium-api/4.13.0/selenium-api-4.13.0.jar:/Users/apple/.m2/repository/org/seleniumhq/selenium/selenium-chrome-driver/4.13.0/selenium-chrome-driver-4.13.0.jar:/Users/apple/.m2/repository/com/google/auto/service/auto-service-annotations/1.1.1/auto-service-annotations-1.1.1.jar:/Users/apple/.m2/repository/com/google/guava/guava/32.1.2-jre/guava-32.1.2-jre.jar:/Users/apple/.m2/repository/com/google/guava/failureaccess/1.0.1/failureaccess-1.0.1.jar:/Users/apple/.m2/repository/com/google/guava/listenablefuture/9999.0-empty-to-avoid-conflict-with-guava/listenablefuture-9999.0-empty-to-avoid-conflict-with-guava.jar:/Users/apple/.m2/repository/org/checkerframework/checker-qual/3.33.0/checker-qual-3.33.0.jar:/Users/apple/.m2/repository/com/google/errorprone/error_prone_annotations/2.18.0/error_prone_annotations-2.18.0.jar:/Users/apple/.m2/repository/com/google/j2objc/j2objc-annotations/2.8/j2objc-annotations-2.8.jar:/Users/apple/.m2/repository/org/seleniumhq/selenium/selenium-chromium-driver/4.13.0/selenium-chromium-driver-4.13.0.jar:/Users/apple/.m2/repository/org/seleniumhq/selenium/selenium-json/4.13.0/selenium-json-4.13.0.jar:/Users/apple/.m2/repository/org/seleniumhq/selenium/selenium-manager/4.13.0/selenium-manager-4.13.0.jar:/Users/apple/.m2/repository/org/seleniumhq/selenium/selenium-devtools-v115/4.13.0/selenium-devtools-v115-4.13.0.jar:/Users/apple/.m2/repository/org/seleniumhq/selenium/selenium-devtools-v116/4.13.0/selenium-devtools-v116-4.13.0.jar:/Users/apple/.m2/repository/org/seleniumhq/selenium/selenium-devtools-v117/4.13.0/selenium-devtools-v117-4.13.0.jar:/Users/apple/.m2/repository/org/seleniumhq/selenium/selenium-devtools-v85/4.13.0/selenium-devtools-v85-4.13.0.jar:/Users/apple/.m2/repository/org/seleniumhq/selenium/selenium-edge-driver/4.13.0/selenium-edge-driver-4.13.0.jar:/Users/apple/.m2/repository/org/seleniumhq/selenium/selenium-firefox-driver/4.13.0/selenium-firefox-driver-4.13.0.jar:/Users/apple/.m2/repository/org/seleniumhq/selenium/selenium-http/4.13.0/selenium-http-4.13.0.jar:/Users/apple/.m2/repository/dev/failsafe/failsafe/3.3.2/failsafe-3.3.2.jar:/Users/apple/.m2/repository/org/seleniumhq/selenium/selenium-ie-driver/4.13.0/selenium-ie-driver-4.13.0.jar:/Users/apple/.m2/repository/org/seleniumhq/selenium/selenium-remote-driver/4.13.0/selenium-remote-driver-4.13.0.jar:/Users/apple/.m2/repository/io/netty/netty-buffer/4.1.96.Final/netty-buffer-4.1.96.Final.jar:/Users/apple/.m2/repository/io/netty/netty-codec-http/4.1.96.Final/netty-codec-http-4.1.96.Final.jar:/Users/apple/.m2/repository/io/netty/netty-codec/4.1.96.Final/netty-codec-4.1.96.Final.jar:/Users/apple/.m2/repository/io/netty/netty-handler/4.1.96.Final/netty-handler-4.1.96.Final.jar:/Users/apple/.m2/repository/io/netty/netty-common/4.1.96.Final/netty-common-4.1.96.Final.jar:/Users/apple/.m2/repository/io/netty/netty-transport-classes-epoll/4.1.96.Final/netty-transport-classes-epoll-4.1.96.Final.jar:/Users/apple/.m2/repository/io/netty/netty-transport-classes-kqueue/4.1.96.Final/netty-transport-classes-kqueue-4.1.96.Final.jar:/Users/apple/.m2/repository/io/netty/netty-transport-native-epoll/4.1.96.Final/netty-transport-native-epoll-4.1.96.Final.jar:/Users/apple/.m2/repository/io/netty/netty-transport-native-kqueue/4.1.96.Final/netty-transport-native-kqueue-4.1.96.Final.jar:/Users/apple/.m2/repository/io/netty/netty-transport-native-unix-common/4.1.96.Final/netty-transport-native-unix-common-4.1.96.Final.jar:/Users/apple/.m2/repository/io/netty/netty-transport/4.1.96.Final/netty-transport-4.1.96.Final.jar:/Users/apple/.m2/repository/io/netty/netty-resolver/4.1.96.Final/netty-resolver-4.1.96.Final.jar:/Users/apple/.m2/repository/io/opentelemetry/opentelemetry-api/1.28.0/opentelemetry-api-1.28.0.jar:/Users/apple/.m2/repository/io/opentelemetry/opentelemetry-context/1.28.0/opentelemetry-context-1.28.0.jar:/Users/apple/.m2/repository/io/opentelemetry/opentelemetry-exporter-logging/1.28.0/opentelemetry-exporter-logging-1.28.0.jar:/Users/apple/.m2/repository/io/opentelemetry/opentelemetry-sdk-metrics/1.28.0/opentelemetry-sdk-metrics-1.28.0.jar:/Users/apple/.m2/repository/io/opentelemetry/opentelemetry-extension-incubator/1.28.0-alpha/opentelemetry-extension-incubator-1.28.0-alpha.jar:/Users/apple/.m2/repository/io/opentelemetry/opentelemetry-sdk-logs/1.28.0/opentelemetry-sdk-logs-1.28.0.jar:/Users/apple/.m2/repository/io/opentelemetry/opentelemetry-sdk-common/1.28.0/opentelemetry-sdk-common-1.28.0.jar:/Users/apple/.m2/repository/io/opentelemetry/opentelemetry-sdk-extension-autoconfigure-spi/1.28.0/opentelemetry-sdk-extension-autoconfigure-spi-1.28.0.jar:/Users/apple/.m2/repository/io/opentelemetry/opentelemetry-sdk-extension-autoconfigure/1.28.0/opentelemetry-sdk-extension-autoconfigure-1.28.0.jar:/Users/apple/.m2/repository/io/opentelemetry/opentelemetry-api-events/1.28.0-alpha/opentelemetry-api-events-1.28.0-alpha.jar:/Users/apple/.m2/repository/io/opentelemetry/opentelemetry-sdk-trace/1.28.0/opentelemetry-sdk-trace-1.28.0.jar:/Users/apple/.m2/repository/io/opentelemetry/opentelemetry-sdk/1.28.0/opentelemetry-sdk-1.28.0.jar:/Users/apple/.m2/repository/io/opentelemetry/opentelemetry-semconv/1.28.0-alpha/opentelemetry-semconv-1.28.0-alpha.jar:/Users/apple/.m2/repository/net/bytebuddy/byte-buddy/1.14.5/byte-buddy-1.14.5.jar:/Users/apple/.m2/repository/org/asynchttpclient/async-http-client/2.12.3/async-http-client-2.12.3.jar:/Users/apple/.m2/repository/org/asynchttpclient/async-http-client-netty-utils/2.12.3/async-http-client-netty-utils-2.12.3.jar:/Users/apple/.m2/repository/io/netty/netty-codec-socks/4.1.60.Final/netty-codec-socks-4.1.60.Final.jar:/Users/apple/.m2/repository/io/netty/netty-handler-proxy/4.1.60.Final/netty-handler-proxy-4.1.60.Final.jar:/Users/apple/.m2/repository/io/netty/netty-transport-native-epoll/4.1.60.Final/netty-transport-native-epoll-4.1.60.Final-linux-x86_64.jar:/Users/apple/.m2/repository/io/netty/netty-transport-native-kqueue/4.1.60.Final/netty-transport-native-kqueue-4.1.60.Final-osx-x86_64.jar:/Users/apple/.m2/repository/org/reactivestreams/reactive-streams/1.0.3/reactive-streams-1.0.3.jar:/Users/apple/.m2/repository/com/typesafe/netty/netty-reactive-streams/2.0.4/netty-reactive-streams-2.0.4.jar:/Users/apple/.m2/repository/com/sun/activation/jakarta.activation/1.2.2/jakarta.activation-1.2.2.jar:/Users/apple/.m2/repository/org/seleniumhq/selenium/selenium-os/4.13.0/selenium-os-4.13.0.jar:/Users/apple/.m2/repository/org/apache/commons/commons-exec/1.3/commons-exec-1.3.jar:/Users/apple/.m2/repository/org/seleniumhq/selenium/selenium-safari-driver/4.13.0/selenium-safari-driver-4.13.0.jar:/Users/apple/.m2/repository/org/seleniumhq/selenium/selenium-support/4.13.0/selenium-support-4.13.0.jar:/Users/apple/.m2/repository/org/apache/logging/log4j/log4j-api/2.17.2/log4j-api-2.17.2.jar:/Users/apple/.m2/repository/org/slf4j/slf4j-api/1.7.32/slf4j-api-1.7.32.jar:/Users/apple/.m2/repository/ch/qos/logback/logback-classic/1.2.6/logback-classic-1.2.6.jar:/Users/apple/.m2/repository/ch/qos/logback/logback-core/1.2.6/logback-core-1.2.6.jar:/Users/apple/.m2/repository/io/github/bonigarcia/webdrivermanager/5.2.3/webdrivermanager-5.2.3.jar:/Users/apple/.m2/repository/com/google/code/gson/gson/2.9.1/gson-2.9.1.jar:/Users/apple/.m2/repository/com/github/docker-java/docker-java/3.2.13/docker-java-3.2.13.jar:/Users/apple/.m2/repository/com/github/docker-java/docker-java-core/3.2.13/docker-java-core-3.2.13.jar:/Users/apple/.m2/repository/com/github/docker-java/docker-java-api/3.2.13/docker-java-api-3.2.13.jar:/Users/apple/.m2/repository/com/fasterxml/jackson/core/jackson-annotations/2.10.3/jackson-annotations-2.10.3.jar:/Users/apple/.m2/repository/org/apache/commons/commons-compress/1.21/commons-compress-1.21.jar:/Users/apple/.m2/repository/com/fasterxml/jackson/core/jackson-databind/2.10.3/jackson-databind-2.10.3.jar:/Users/apple/.m2/repository/com/fasterxml/jackson/core/jackson-core/2.10.3/jackson-core-2.10.3.jar:/Users/apple/.m2/repository/org/bouncycastle/bcpkix-jdk15on/1.64/bcpkix-jdk15on-1.64.jar:/Users/apple/.m2/repository/org/bouncycastle/bcprov-jdk15on/1.64/bcprov-jdk15on-1.64.jar:/Users/apple/.m2/repository/org/slf4j/jcl-over-slf4j/1.7.30/jcl-over-slf4j-1.7.30.jar:/Users/apple/.m2/repository/com/github/docker-java/docker-java-transport-httpclient5/3.2.13/docker-java-transport-httpclient5-3.2.13.jar:/Users/apple/.m2/repository/com/github/docker-java/docker-java-transport/3.2.13/docker-java-transport-3.2.13.jar:/Users/apple/.m2/repository/net/java/dev/jna/jna/5.8.0/jna-5.8.0.jar:/Users/apple/.m2/repository/org/brotli/dec/0.1.2/dec-0.1.2.jar:/Users/apple/.m2/repository/org/apache/commons/commons-lang3/3.12.0/commons-lang3-3.12.0.jar:/Users/apple/.m2/repository/org/apache/httpcomponents/client5/httpclient5/5.1.3/httpclient5-5.1.3.jar:/Users/apple/.m2/repository/org/apache/httpcomponents/core5/httpcore5/5.1.3/httpcore5-5.1.3.jar:/Users/apple/.m2/repository/org/apache/httpcomponents/core5/httpcore5-h2/5.1.3/httpcore5-h2-5.1.3.jar:/Users/apple/.m2/repository/org/testng/testng/7.5/testng-7.5.jar:/Users/apple/.m2/repository/com/google/code/findbugs/jsr305/3.0.1/jsr305-3.0.1.jar:/Users/apple/.m2/repository/com/beust/jcommander/1.78/jcommander-1.78.jar:/Users/apple/.m2/repository/org/webjars/jquery/3.5.1/jquery-3.5.1.jar:/Users/apple/.m2/repository/org/apache/httpcomponents/httpclient/4.5.13/httpclient-4.5.13.jar:/Users/apple/.m2/repository/org/apache/httpcomponents/httpcore/4.4.13/httpcore-4.4.13.jar:/Users/apple/.m2/repository/commons-logging/commons-logging/1.2/commons-logging-1.2.jar:/Users/apple/.m2/repository/commons-codec/commons-codec/1.11/commons-codec-1.11.jar:/Users/apple/.m2/repository/com/sun/mail/javax.mail/1.6.2/javax.mail-1.6.2.jar:/Users/apple/.m2/repository/javax/activation/activation/1.1/activation-1.1.jar:/Users/apple/.m2/repository/javax/mail/mail/1.4/mail-1.4.jar:/Users/apple/.m2/repository/commons-lang/commons-lang/2.6/commons-lang-2.6.jar:/Users/apple/.m2/repository/commons-cli/commons-cli/1.2/commons-cli-1.2.jar:/Users/apple/.m2/repository/commons-io/commons-io/2.7/commons-io-2.7.jar:"/>
    <property name="java.vm.vendor" value="Oracle Corporation"/>
    <property name="sun.arch.data.model" value="64"/>
    <property name="java.vendor.url" value="https://java.oracle.com/"/>
    <property name="user.timezone" value="Asia/Kolkata"/>
    <property name="os.name" value="Mac OS X"/>
    <property name="java.vm.specification.version" value="21"/>
    <property name="sun.java.launcher" value="SUN_STANDARD"/>
    <property name="user.country" value="GB"/>
    <property name="sun.boot.library.path" value="/Library/Java/JavaVirtualMachines/jdk-21.jdk/Contents/Home/lib"/>
    <property name="sun.java.command" value="/Users/apple/Documents/HHP/Projects/sample/target/surefire/surefirebooter-20240114084352649_3.jar /Users/apple/Documents/HHP/Projects/sample/target/surefire 2024-01-14T08-43-52_572-jvmRun1 surefire-20240114084352649_1tmp surefire_0-20240114084352649_2tmp"/>
    <property name="http.nonProxyHosts" value="local|*.local|169.254/16|*.169.254/16"/>
    <property name="jdk.debug" value="release"/>
    <property name="surefire.test.class.path" value="/Users/apple/Documents/HHP/Projects/sample/target/test-classes:/Users/apple/Documents/HHP/Projects/sample/target/classes:/Users/apple/.m2/repository/org/seleniumhq/selenium/selenium-java/4.13.0/selenium-java-4.13.0.jar:/Users/apple/.m2/repository/org/seleniumhq/selenium/selenium-api/4.13.0/selenium-api-4.13.0.jar:/Users/apple/.m2/repository/org/seleniumhq/selenium/selenium-chrome-driver/4.13.0/selenium-chrome-driver-4.13.0.jar:/Users/apple/.m2/repository/com/google/auto/service/auto-service-annotations/1.1.1/auto-service-annotations-1.1.1.jar:/Users/apple/.m2/repository/com/google/guava/guava/32.1.2-jre/guava-32.1.2-jre.jar:/Users/apple/.m2/repository/com/google/guava/failureaccess/1.0.1/failureaccess-1.0.1.jar:/Users/apple/.m2/repository/com/google/guava/listenablefuture/9999.0-empty-to-avoid-conflict-with-guava/listenablefuture-9999.0-empty-to-avoid-conflict-with-guava.jar:/Users/apple/.m2/repository/org/checkerframework/checker-qual/3.33.0/checker-qual-3.33.0.jar:/Users/apple/.m2/repository/com/google/errorprone/error_prone_annotations/2.18.0/error_prone_annotations-2.18.0.jar:/Users/apple/.m2/repository/com/google/j2objc/j2objc-annotations/2.8/j2objc-annotations-2.8.jar:/Users/apple/.m2/repository/org/seleniumhq/selenium/selenium-chromium-driver/4.13.0/selenium-chromium-driver-4.13.0.jar:/Users/apple/.m2/repository/org/seleniumhq/selenium/selenium-json/4.13.0/selenium-json-4.13.0.jar:/Users/apple/.m2/repository/org/seleniumhq/selenium/selenium-manager/4.13.0/selenium-manager-4.13.0.jar:/Users/apple/.m2/repository/org/seleniumhq/selenium/selenium-devtools-v115/4.13.0/selenium-devtools-v115-4.13.0.jar:/Users/apple/.m2/repository/org/seleniumhq/selenium/selenium-devtools-v116/4.13.0/selenium-devtools-v116-4.13.0.jar:/Users/apple/.m2/repository/org/seleniumhq/selenium/selenium-devtools-v117/4.13.0/selenium-devtools-v117-4.13.0.jar:/Users/apple/.m2/repository/org/seleniumhq/selenium/selenium-devtools-v85/4.13.0/selenium-devtools-v85-4.13.0.jar:/Users/apple/.m2/repository/org/seleniumhq/selenium/selenium-edge-driver/4.13.0/selenium-edge-driver-4.13.0.jar:/Users/apple/.m2/repository/org/seleniumhq/selenium/selenium-firefox-driver/4.13.0/selenium-firefox-driver-4.13.0.jar:/Users/apple/.m2/repository/org/seleniumhq/selenium/selenium-http/4.13.0/selenium-http-4.13.0.jar:/Users/apple/.m2/repository/dev/failsafe/failsafe/3.3.2/failsafe-3.3.2.jar:/Users/apple/.m2/repository/org/seleniumhq/selenium/selenium-ie-driver/4.13.0/selenium-ie-driver-4.13.0.jar:/Users/apple/.m2/repository/org/seleniumhq/selenium/selenium-remote-driver/4.13.0/selenium-remote-driver-4.13.0.jar:/Users/apple/.m2/repository/io/netty/netty-buffer/4.1.96.Final/netty-buffer-4.1.96.Final.jar:/Users/apple/.m2/repository/io/netty/netty-codec-http/4.1.96.Final/netty-codec-http-4.1.96.Final.jar:/Users/apple/.m2/repository/io/netty/netty-codec/4.1.96.Final/netty-codec-4.1.96.Final.jar:/Users/apple/.m2/repository/io/netty/netty-handler/4.1.96.Final/netty-handler-4.1.96.Final.jar:/Users/apple/.m2/repository/io/netty/netty-common/4.1.96.Final/netty-common-4.1.96.Final.jar:/Users/apple/.m2/repository/io/netty/netty-transport-classes-epoll/4.1.96.Final/netty-transport-classes-epoll-4.1.96.Final.jar:/Users/apple/.m2/repository/io/netty/netty-transport-classes-kqueue/4.1.96.Final/netty-transport-classes-kqueue-4.1.96.Final.jar:/Users/apple/.m2/repository/io/netty/netty-transport-native-epoll/4.1.96.Final/netty-transport-native-epoll-4.1.96.Final.jar:/Users/apple/.m2/repository/io/netty/netty-transport-native-kqueue/4.1.96.Final/netty-transport-native-kqueue-4.1.96.Final.jar:/Users/apple/.m2/repository/io/netty/netty-transport-native-unix-common/4.1.96.Final/netty-transport-native-unix-common-4.1.96.Final.jar:/Users/apple/.m2/repository/io/netty/netty-transport/4.1.96.Final/netty-transport-4.1.96.Final.jar:/Users/apple/.m2/repository/io/netty/netty-resolver/4.1.96.Final/netty-resolver-4.1.96.Final.jar:/Users/apple/.m2/repository/io/opentelemetry/opentelemetry-api/1.28.0/opentelemetry-api-1.28.0.jar:/Users/apple/.m2/repository/io/opentelemetry/opentelemetry-context/1.28.0/opentelemetry-context-1.28.0.jar:/Users/apple/.m2/repository/io/opentelemetry/opentelemetry-exporter-logging/1.28.0/opentelemetry-exporter-logging-1.28.0.jar:/Users/apple/.m2/repository/io/opentelemetry/opentelemetry-sdk-metrics/1.28.0/opentelemetry-sdk-metrics-1.28.0.jar:/Users/apple/.m2/repository/io/opentelemetry/opentelemetry-extension-incubator/1.28.0-alpha/opentelemetry-extension-incubator-1.28.0-alpha.jar:/Users/apple/.m2/repository/io/opentelemetry/opentelemetry-sdk-logs/1.28.0/opentelemetry-sdk-logs-1.28.0.jar:/Users/apple/.m2/repository/io/opentelemetry/opentelemetry-sdk-common/1.28.0/opentelemetry-sdk-common-1.28.0.jar:/Users/apple/.m2/repository/io/opentelemetry/opentelemetry-sdk-extension-autoconfigure-spi/1.28.0/opentelemetry-sdk-extension-autoconfigure-spi-1.28.0.jar:/Users/apple/.m2/repository/io/opentelemetry/opentelemetry-sdk-extension-autoconfigure/1.28.0/opentelemetry-sdk-extension-autoconfigure-1.28.0.jar:/Users/apple/.m2/repository/io/opentelemetry/opentelemetry-api-events/1.28.0-alpha/opentelemetry-api-events-1.28.0-alpha.jar:/Users/apple/.m2/repository/io/opentelemetry/opentelemetry-sdk-trace/1.28.0/opentelemetry-sdk-trace-1.28.0.jar:/Users/apple/.m2/repository/io/opentelemetry/opentelemetry-sdk/1.28.0/opentelemetry-sdk-1.28.0.jar:/Users/apple/.m2/repository/io/opentelemetry/opentelemetry-semconv/1.28.0-alpha/opentelemetry-semconv-1.28.0-alpha.jar:/Users/apple/.m2/repository/net/bytebuddy/byte-buddy/1.14.5/byte-buddy-1.14.5.jar:/Users/apple/.m2/repository/org/asynchttpclient/async-http-client/2.12.3/async-http-client-2.12.3.jar:/Users/apple/.m2/repository/org/asynchttpclient/async-http-client-netty-utils/2.12.3/async-http-client-netty-utils-2.12.3.jar:/Users/apple/.m2/repository/io/netty/netty-codec-socks/4.1.60.Final/netty-codec-socks-4.1.60.Final.jar:/Users/apple/.m2/repository/io/netty/netty-handler-proxy/4.1.60.Final/netty-handler-proxy-4.1.60.Final.jar:/Users/apple/.m2/repository/io/netty/netty-transport-native-epoll/4.1.60.Final/netty-transport-native-epoll-4.1.60.Final-linux-x86_64.jar:/Users/apple/.m2/repository/io/netty/netty-transport-native-kqueue/4.1.60.Final/netty-transport-native-kqueue-4.1.60.Final-osx-x86_64.jar:/Users/apple/.m2/repository/org/reactivestreams/reactive-streams/1.0.3/reactive-streams-1.0.3.jar:/Users/apple/.m2/repository/com/typesafe/netty/netty-reactive-streams/2.0.4/netty-reactive-streams-2.0.4.jar:/Users/apple/.m2/repository/com/sun/activation/jakarta.activation/1.2.2/jakarta.activation-1.2.2.jar:/Users/apple/.m2/repository/org/seleniumhq/selenium/selenium-os/4.13.0/selenium-os-4.13.0.jar:/Users/apple/.m2/repository/org/apache/commons/commons-exec/1.3/commons-exec-1.3.jar:/Users/apple/.m2/repository/org/seleniumhq/selenium/selenium-safari-driver/4.13.0/selenium-safari-driver-4.13.0.jar:/Users/apple/.m2/repository/org/seleniumhq/selenium/selenium-support/4.13.0/selenium-support-4.13.0.jar:/Users/apple/.m2/repository/org/apache/logging/log4j/log4j-api/2.17.2/log4j-api-2.17.2.jar:/Users/apple/.m2/repository/org/slf4j/slf4j-api/1.7.32/slf4j-api-1.7.32.jar:/Users/apple/.m2/repository/ch/qos/logback/logback-classic/1.2.6/logback-classic-1.2.6.jar:/Users/apple/.m2/repository/ch/qos/logback/logback-core/1.2.6/logback-core-1.2.6.jar:/Users/apple/.m2/repository/io/github/bonigarcia/webdrivermanager/5.2.3/webdrivermanager-5.2.3.jar:/Users/apple/.m2/repository/com/google/code/gson/gson/2.9.1/gson-2.9.1.jar:/Users/apple/.m2/repository/com/github/docker-java/docker-java/3.2.13/docker-java-3.2.13.jar:/Users/apple/.m2/repository/com/github/docker-java/docker-java-core/3.2.13/docker-java-core-3.2.13.jar:/Users/apple/.m2/repository/com/github/docker-java/docker-java-api/3.2.13/docker-java-api-3.2.13.jar:/Users/apple/.m2/repository/com/fasterxml/jackson/core/jackson-annotations/2.10.3/jackson-annotations-2.10.3.jar:/Users/apple/.m2/repository/org/apache/commons/commons-compress/1.21/commons-compress-1.21.jar:/Users/apple/.m2/repository/com/fasterxml/jackson/core/jackson-databind/2.10.3/jackson-databind-2.10.3.jar:/Users/apple/.m2/repository/com/fasterxml/jackson/core/jackson-core/2.10.3/jackson-core-2.10.3.jar:/Users/apple/.m2/repository/org/bouncycastle/bcpkix-jdk15on/1.64/bcpkix-jdk15on-1.64.jar:/Users/apple/.m2/repository/org/bouncycastle/bcprov-jdk15on/1.64/bcprov-jdk15on-1.64.jar:/Users/apple/.m2/repository/org/slf4j/jcl-over-slf4j/1.7.30/jcl-over-slf4j-1.7.30.jar:/Users/apple/.m2/repository/com/github/docker-java/docker-java-transport-httpclient5/3.2.13/docker-java-transport-httpclient5-3.2.13.jar:/Users/apple/.m2/repository/com/github/docker-java/docker-java-transport/3.2.13/docker-java-transport-3.2.13.jar:/Users/apple/.m2/repository/net/java/dev/jna/jna/5.8.0/jna-5.8.0.jar:/Users/apple/.m2/repository/org/brotli/dec/0.1.2/dec-0.1.2.jar:/Users/apple/.m2/repository/org/apache/commons/commons-lang3/3.12.0/commons-lang3-3.12.0.jar:/Users/apple/.m2/repository/org/apache/httpcomponents/client5/httpclient5/5.1.3/httpclient5-5.1.3.jar:/Users/apple/.m2/repository/org/apache/httpcomponents/core5/httpcore5/5.1.3/httpcore5-5.1.3.jar:/Users/apple/.m2/repository/org/apache/httpcomponents/core5/httpcore5-h2/5.1.3/httpcore5-h2-5.1.3.jar:/Users/apple/.m2/repository/org/testng/testng/7.5/testng-7.5.jar:/Users/apple/.m2/repository/com/google/code/findbugs/jsr305/3.0.1/jsr305-3.0.1.jar:/Users/apple/.m2/repository/com/beust/jcommander/1.78/jcommander-1.78.jar:/Users/apple/.m2/repository/org/webjars/jquery/3.5.1/jquery-3.5.1.jar:/Users/apple/.m2/repository/org/apache/httpcomponents/httpclient/4.5.13/httpclient-4.5.13.jar:/Users/apple/.m2/repository/org/apache/httpcomponents/httpcore/4.4.13/httpcore-4.4.13.jar:/Users/apple/.m2/repository/commons-logging/commons-logging/1.2/commons-logging-1.2.jar:/Users/apple/.m2/repository/commons-codec/commons-codec/1.11/commons-codec-1.11.jar:/Users/apple/.m2/repository/com/sun/mail/javax.mail/1.6.2/javax.mail-1.6.2.jar:/Users/apple/.m2/repository/javax/activation/activation/1.1/activation-1.1.jar:/Users/apple/.m2/repository/javax/mail/mail/1.4/mail-1.4.jar:/Users/apple/.m2/repository/commons-lang/commons-lang/2.6/commons-lang-2.6.jar:/Users/apple/.m2/repository/commons-cli/commons-cli/1.2/commons-cli-1.2.jar:/Users/apple/.m2/repository/commons-io/commons-io/2.7/commons-io-2.7.jar:"/>
    <property name="sun.cpu.endian" value="little"/>
    <property name="user.home" value="/Users/apple"/>
    <property name="user.language" value="en"/>
    <property name="java.specification.vendor" value="Oracle Corporation"/>
    <property name="java.version.date" value="2023-09-19"/>
    <property name="java.home" value="/Library/Java/JavaVirtualMachines/jdk-21.jdk/Contents/Home"/>
    <property name="file.separator" value="/"/>
    <property name="basedir" value="/Users/apple/Documents/HHP/Projects/sample"/>
    <property name="java.vm.compressedOopsMode" value="Zero based"/>
    <property name="line.separator" value="&#10;"/>
    <property name="java.vm.specification.vendor" value="Oracle Corporation"/>
    <property name="java.specification.name" value="Java Platform API Specification"/>
    <property name="apple.awt.application.name" value="ForkedBooter"/>
    <property name="surefire.real.class.path" value="/Users/apple/Documents/HHP/Projects/sample/target/surefire/surefirebooter-20240114084352649_3.jar"/>
    <property name="sun.management.compiler" value="HotSpot 64-Bit Tiered Compilers"/>
    <property name="ftp.nonProxyHosts" value="local|*.local|169.254/16|*.169.254/16"/>
    <property name="java.runtime.version" value="21+35-LTS-2513"/>
    <property name="user.name" value="apple"/>
    <property name="stdout.encoding" value="UTF-8"/>
    <property name="path.separator" value=":"/>
    <property name="os.version" value="11.7.10"/>
    <property name="java.runtime.name" value="Java(TM) SE Runtime Environment"/>
    <property name="file.encoding" value="UTF-8"/>
    <property name="java.vm.name" value="Java HotSpot(TM) 64-Bit Server VM"/>
    <property name="localRepository" value="/Users/apple/.m2/repository"/>
    <property name="java.vendor.url.bug" value="https://bugreport.java.com/bugreport/"/>
    <property name="java.io.tmpdir" value="/var/folders/pb/lrccxhdn21v014jb8bt4rb_r0000gn/T/"/>
    <property name="java.version" value="21"/>
    <property name="user.dir" value="/Users/apple/Documents/HHP/Projects/sample"/>
    <property name="os.arch" value="x86_64"/>
    <property name="java.vm.specification.name" value="Java Virtual Machine Specification"/>
    <property name="native.encoding" value="UTF-8"/>
    <property name="java.library.path" value="/Users/apple/Library/Java/Extensions:/Library/Java/Extensions:/Network/Library/Java/Extensions:/System/Library/Java/Extensions:/usr/lib/java:."/>
    <property name="java.vm.info" value="mixed mode, sharing"/>
    <property name="stderr.encoding" value="UTF-8"/>
    <property name="java.vendor" value="Oracle Corporation"/>
    <property name="java.vm.version" value="21+35-LTS-2513"/>
    <property name="sun.io.unicode.encoding" value="UnicodeBig"/>
    <property name="socksNonProxyHosts" value="local|*.local|169.254/16|*.169.254/16"/>
    <property name="java.class.version" value="65.0"/>
  </properties>
  <testcase name="verifyAllHeaderSectionsPresent" classname="com.sample.modules.HomePage" time="2.186">
    <system-out><![CDATA[08:43:53.050 [main] DEBUG org.testng.TestNG - suiteXmlPath: "/Users/apple/Documents/HHP/Projects/sample/src/test/resources/testng.xml"
08:43:53.211 [main] DEBUG org.testng.internal.Graph - [Graph] ADDING NODE Base.fetchSuiteConfiguration(org.testng.ITestContext)[pri:0, instance:null] -425574212
08:43:53.211 [main] DEBUG org.testng.internal.Graph - [Graph] ================ SORTING
08:43:53.213 [main] DEBUG org.testng.internal.Graph - [Graph] =============== DONE SORTING
08:43:53.214 [main] DEBUG org.testng.internal.Graph - [Graph] ====== SORTED NODES
08:43:53.214 [main] DEBUG org.testng.internal.Graph - [Graph] ====== END SORTED NODES
08:43:53.214 [main] DEBUG org.testng.internal.Graph - [Graph] ADDING NODE Base.after()[pri:0, instance:null] -301863784
08:43:53.214 [main] DEBUG org.testng.internal.Graph - [Graph] ================ SORTING
08:43:53.215 [main] DEBUG org.testng.internal.Graph - [Graph] =============== DONE SORTING
08:43:53.215 [main] DEBUG org.testng.internal.Graph - [Graph] ====== SORTED NODES
08:43:53.215 [main] DEBUG org.testng.internal.Graph - [Graph] ====== END SORTED NODES
08:43:53.219 [main] DEBUG org.testng.internal.Graph - [Graph] ADDING NODE Base.setUp(java.lang.reflect.Method)[pri:0, instance:null] -318578857
08:43:53.219 [main] DEBUG org.testng.internal.Graph - [Graph] ================ SORTING
08:43:53.219 [main] DEBUG org.testng.internal.Graph - [Graph] =============== DONE SORTING
08:43:53.219 [main] DEBUG org.testng.internal.Graph - [Graph] ====== SORTED NODES
08:43:53.219 [main] DEBUG org.testng.internal.Graph - [Graph] ====== END SORTED NODES
08:43:53.219 [main] DEBUG org.testng.internal.Graph - [Graph] ADDING NODE Base.tearDown(org.testng.ITestResult)[pri:0, instance:null] 2001482656
08:43:53.220 [main] DEBUG org.testng.internal.Graph - [Graph] ================ SORTING
08:43:53.220 [main] DEBUG org.testng.internal.Graph - [Graph] =============== DONE SORTING
08:43:53.220 [main] DEBUG org.testng.internal.Graph - [Graph] ====== SORTED NODES
08:43:53.220 [main] DEBUG org.testng.internal.Graph - [Graph] ====== END SORTED NODES
08:43:53.221 [main] DEBUG org.testng.internal.Graph - [Graph] ADDING NODE Base.fetchSuiteConfiguration(org.testng.ITestContext)[pri:0, instance:com.sample.modules.HomePage@7c729a55] 1779986713
08:43:53.221 [main] DEBUG org.testng.internal.Graph - [Graph] ================ SORTING
08:43:53.221 [main] DEBUG org.testng.internal.Graph - [Graph] =============== DONE SORTING
08:43:53.221 [main] DEBUG org.testng.internal.Graph - [Graph] ====== SORTED NODES
08:43:53.221 [main] DEBUG org.testng.internal.Graph - [Graph] ====== END SORTED NODES
08:43:53.223 [main] DEBUG org.testng.internal.Graph - [Graph] ADDING NODE HomePage.verifyCountryCurrencyWidget()[pri:0, instance:com.sample.modules.HomePage@7c729a55] -1894280488
08:43:53.223 [main] DEBUG org.testng.internal.Graph - [Graph] ADDING NODE HomePage.verifySearchFlight()[pri:0, instance:com.sample.modules.HomePage@7c729a55] 1639784281
08:43:53.223 [main] DEBUG org.testng.internal.Graph - [Graph] ADDING NODE HomePage.verifyAllHeaderSectionsPresent()[pri:0, instance:com.sample.modules.HomePage@7c729a55] -1734215486
08:43:53.224 [main] DEBUG org.testng.internal.Graph - [Graph] ================ SORTING
08:43:53.224 [main] DEBUG org.testng.internal.Graph - [Graph] =============== DONE SORTING
08:43:53.224 [main] DEBUG org.testng.internal.Graph - [Graph] ====== SORTED NODES
08:43:53.224 [main] DEBUG org.testng.internal.Graph - [Graph] ====== END SORTED NODES
08:43:53.225 [main] DEBUG org.testng.internal.Graph - [Graph] ADDING NODE Base.after()[pri:0, instance:com.sample.modules.HomePage@7c729a55] 1320042685
08:43:53.225 [main] DEBUG org.testng.internal.Graph - [Graph] ================ SORTING
08:43:53.225 [main] DEBUG org.testng.internal.Graph - [Graph] =============== DONE SORTING
08:43:53.225 [main] DEBUG org.testng.internal.Graph - [Graph] ====== SORTED NODES
08:43:53.225 [main] DEBUG org.testng.internal.Graph - [Graph] ====== END SORTED NODES
08:43:53.239 [main] DEBUG org.testng.internal.Graph - [Graph] ADDING NODE Base.fetchSuiteConfiguration(org.testng.ITestContext)[pri:0, instance:null] -425574212
08:43:53.239 [main] DEBUG org.testng.internal.Graph - [Graph] ================ SORTING
08:43:53.239 [main] DEBUG org.testng.internal.Graph - [Graph] =============== DONE SORTING
08:43:53.239 [main] DEBUG org.testng.internal.Graph - [Graph] ====== SORTED NODES
08:43:53.239 [main] DEBUG org.testng.internal.Graph - [Graph] ====== END SORTED NODES
08:43:53.239 [main] DEBUG org.testng.internal.Graph - [Graph] ADDING NODE Base.after()[pri:0, instance:null] -301863784
08:43:53.239 [main] DEBUG org.testng.internal.Graph - [Graph] ================ SORTING
08:43:53.239 [main] DEBUG org.testng.internal.Graph - [Graph] =============== DONE SORTING
08:43:53.240 [main] DEBUG org.testng.internal.Graph - [Graph] ====== SORTED NODES
08:43:53.240 [main] DEBUG org.testng.internal.Graph - [Graph] ====== END SORTED NODES
08:43:53.241 [main] DEBUG org.testng.internal.Graph - [Graph] ADDING NODE Base.setUp(java.lang.reflect.Method)[pri:0, instance:null] -318578857
08:43:53.241 [main] DEBUG org.testng.internal.Graph - [Graph] ================ SORTING
08:43:53.241 [main] DEBUG org.testng.internal.Graph - [Graph] =============== DONE SORTING
08:43:53.241 [main] DEBUG org.testng.internal.Graph - [Graph] ====== SORTED NODES
08:43:53.241 [main] DEBUG org.testng.internal.Graph - [Graph] ====== END SORTED NODES
08:43:53.242 [main] DEBUG org.testng.internal.Graph - [Graph] ADDING NODE Base.tearDown(org.testng.ITestResult)[pri:0, instance:null] 2001482656
08:43:53.242 [main] DEBUG org.testng.internal.Graph - [Graph] ================ SORTING
08:43:53.242 [main] DEBUG org.testng.internal.Graph - [Graph] =============== DONE SORTING
08:43:53.242 [main] DEBUG org.testng.internal.Graph - [Graph] ====== SORTED NODES
08:43:53.242 [main] DEBUG org.testng.internal.Graph - [Graph] ====== END SORTED NODES
08:43:53.242 [main] DEBUG org.testng.internal.Graph - [Graph] ADDING NODE Base.fetchSuiteConfiguration(org.testng.ITestContext)[pri:0, instance:com.sample.modules.OfferPage@7f3b84b8] 1826708348
08:43:53.242 [main] DEBUG org.testng.internal.Graph - [Graph] ================ SORTING
08:43:53.243 [main] DEBUG org.testng.internal.Graph - [Graph] =============== DONE SORTING
08:43:53.243 [main] DEBUG org.testng.internal.Graph - [Graph] ====== SORTED NODES
08:43:53.243 [main] DEBUG org.testng.internal.Graph - [Graph] ====== END SORTED NODES
08:43:53.243 [main] DEBUG org.testng.internal.Graph - [Graph] ADDING NODE OfferPage.verifyOfferPageFlightsHDFCFilter()[pri:0, instance:com.sample.modules.OfferPage@7f3b84b8] 1366275498
08:43:53.243 [main] DEBUG org.testng.internal.Graph - [Graph] ADDING NODE OfferPage.verifyOfferPageTrendingICICIFilter()[pri:0, instance:com.sample.modules.OfferPage@7f3b84b8] 360496734
08:43:53.243 [main] DEBUG org.testng.internal.Graph - [Graph] ADDING NODE OfferPage.verifyOfferPageHotelAxisFilter()[pri:0, instance:com.sample.modules.OfferPage@7f3b84b8] -98708573
08:43:53.243 [main] DEBUG org.testng.internal.Graph - [Graph] ================ SORTING
08:43:53.244 [main] DEBUG org.testng.internal.Graph - [Graph] =============== DONE SORTING
08:43:53.244 [main] DEBUG org.testng.internal.Graph - [Graph] ====== SORTED NODES
08:43:53.244 [main] DEBUG org.testng.internal.Graph - [Graph] ====== END SORTED NODES
08:43:53.244 [main] DEBUG org.testng.internal.Graph - [Graph] ADDING NODE Base.after()[pri:0, instance:com.sample.modules.OfferPage@7f3b84b8] 1366764320
08:43:53.244 [main] DEBUG org.testng.internal.Graph - [Graph] ================ SORTING
08:43:53.244 [main] DEBUG org.testng.internal.Graph - [Graph] =============== DONE SORTING
08:43:53.244 [main] DEBUG org.testng.internal.Graph - [Graph] ====== SORTED NODES
08:43:53.244 [main] DEBUG org.testng.internal.Graph - [Graph] ====== END SORTED NODES
08:43:53.403 [main] DEBUG io.netty.util.internal.logging.InternalLoggerFactory - Using SLF4J as the default logging framework
08:43:53.406 [main] DEBUG io.netty.util.ResourceLeakDetector - -Dio.netty.leakDetection.level: simple
08:43:53.406 [main] DEBUG io.netty.util.ResourceLeakDetector - -Dio.netty.leakDetection.targetRecords: 4
08:43:53.409 [main] DEBUG io.netty.util.ResourceLeakDetectorFactory - Loaded default ResourceLeakDetector: io.netty.util.ResourceLeakDetector@15a34df2
08:43:53.423 [main] DEBUG io.netty.util.internal.PlatformDependent0 - -Dio.netty.noUnsafe: false
08:43:53.423 [main] DEBUG io.netty.util.internal.PlatformDependent0 - Java version: 21
08:43:53.424 [main] DEBUG io.netty.util.internal.PlatformDependent0 - sun.misc.Unsafe.theUnsafe: available
08:43:53.425 [main] DEBUG io.netty.util.internal.PlatformDependent0 - sun.misc.Unsafe.copyMemory: available
08:43:53.425 [main] DEBUG io.netty.util.internal.PlatformDependent0 - sun.misc.Unsafe.storeFence: available
08:43:53.426 [main] DEBUG io.netty.util.internal.PlatformDependent0 - java.nio.Buffer.address: available
08:43:53.426 [main] DEBUG io.netty.util.internal.PlatformDependent0 - direct buffer constructor: unavailable: Reflective setAccessible(true) disabled
08:43:53.426 [main] DEBUG io.netty.util.internal.PlatformDependent0 - java.nio.Bits.unaligned: available, true
08:43:53.427 [main] DEBUG io.netty.util.internal.PlatformDependent0 - jdk.internal.misc.Unsafe.allocateUninitializedArray(int): unavailable: class io.netty.util.internal.PlatformDependent0$7 cannot access class jdk.internal.misc.Unsafe (in module java.base) because module java.base does not export jdk.internal.misc to unnamed module @603ee946
08:43:53.428 [main] DEBUG io.netty.util.internal.PlatformDependent0 - java.nio.DirectByteBuffer.<init>(long, {int,long}): unavailable
08:43:53.428 [main] DEBUG io.netty.util.internal.PlatformDependent - sun.misc.Unsafe: available
08:43:53.429 [main] DEBUG io.netty.util.internal.PlatformDependent - maxDirectMemory: 8589934592 bytes (maybe)
08:43:53.429 [main] DEBUG io.netty.util.internal.PlatformDependent - -Dio.netty.tmpdir: /var/folders/pb/lrccxhdn21v014jb8bt4rb_r0000gn/T (java.io.tmpdir)
08:43:53.429 [main] DEBUG io.netty.util.internal.PlatformDependent - -Dio.netty.bitMode: 64 (sun.arch.data.model)
08:43:53.429 [main] DEBUG io.netty.util.internal.PlatformDependent - Platform: MacOS
08:43:53.430 [main] DEBUG io.netty.util.internal.PlatformDependent - -Dio.netty.maxDirectMemory: -1 bytes
08:43:53.430 [main] DEBUG io.netty.util.internal.PlatformDependent - -Dio.netty.uninitializedArrayAllocationThreshold: -1
08:43:53.431 [main] DEBUG io.netty.util.internal.CleanerJava9 - java.nio.ByteBuffer.cleaner(): available
08:43:53.431 [main] DEBUG io.netty.util.internal.PlatformDependent - -Dio.netty.noPreferDirect: false
08:43:53.435 [main] DEBUG io.netty.util.internal.PlatformDependent - org.jctools-core.MpscChunkedArrayQueue: available
08:43:53.454 [main] DEBUG io.netty.util.internal.InternalThreadLocalMap - -Dio.netty.threadLocalMap.stringBuilder.initialSize: 1024
08:43:53.454 [main] DEBUG io.netty.util.internal.InternalThreadLocalMap - -Dio.netty.threadLocalMap.stringBuilder.maxSize: 4096
08:43:53.566 [main] DEBUG io.netty.handler.ssl.JdkSslContext - Default protocols (JDK): [TLSv1.3, TLSv1.2] 
08:43:53.566 [main] DEBUG io.netty.handler.ssl.JdkSslContext - Default cipher suites (JDK): [TLS_ECDHE_ECDSA_WITH_AES_256_GCM_SHA384, TLS_ECDHE_ECDSA_WITH_AES_128_GCM_SHA256, TLS_ECDHE_RSA_WITH_AES_128_GCM_SHA256, TLS_ECDHE_RSA_WITH_AES_256_GCM_SHA384, TLS_ECDHE_RSA_WITH_AES_128_CBC_SHA, TLS_ECDHE_RSA_WITH_AES_256_CBC_SHA, TLS_RSA_WITH_AES_128_GCM_SHA256, TLS_RSA_WITH_AES_128_CBC_SHA, TLS_RSA_WITH_AES_256_CBC_SHA, TLS_AES_128_GCM_SHA256, TLS_AES_256_GCM_SHA384]
08:43:53.576 [main] DEBUG io.netty.util.concurrent.GlobalEventExecutor - -Dio.netty.globalEventExecutor.quietPeriodSeconds: 1
08:43:53.587 [main] DEBUG io.netty.channel.MultithreadEventLoopGroup - -Dio.netty.eventLoopThreads: 24
08:43:53.594 [main] DEBUG io.netty.channel.nio.NioEventLoop - -Dio.netty.noKeySetOptimization: false
08:43:53.594 [main] DEBUG io.netty.channel.nio.NioEventLoop - -Dio.netty.selectorAutoRebuildThreshold: 512
08:43:53.624 [main] DEBUG io.netty.buffer.PooledByteBufAllocator - -Dio.netty.allocator.numHeapArenas: 24
08:43:53.624 [main] DEBUG io.netty.buffer.PooledByteBufAllocator - -Dio.netty.allocator.numDirectArenas: 24
08:43:53.624 [main] DEBUG io.netty.buffer.PooledByteBufAllocator - -Dio.netty.allocator.pageSize: 8192
08:43:53.624 [main] DEBUG io.netty.buffer.PooledByteBufAllocator - -Dio.netty.allocator.maxOrder: 9
08:43:53.624 [main] DEBUG io.netty.buffer.PooledByteBufAllocator - -Dio.netty.allocator.chunkSize: 4194304
08:43:53.624 [main] DEBUG io.netty.buffer.PooledByteBufAllocator - -Dio.netty.allocator.smallCacheSize: 256
08:43:53.624 [main] DEBUG io.netty.buffer.PooledByteBufAllocator - -Dio.netty.allocator.normalCacheSize: 64
08:43:53.624 [main] DEBUG io.netty.buffer.PooledByteBufAllocator - -Dio.netty.allocator.maxCachedBufferCapacity: 32768
08:43:53.624 [main] DEBUG io.netty.buffer.PooledByteBufAllocator - -Dio.netty.allocator.cacheTrimInterval: 8192
08:43:53.624 [main] DEBUG io.netty.buffer.PooledByteBufAllocator - -Dio.netty.allocator.cacheTrimIntervalMillis: 0
08:43:53.624 [main] DEBUG io.netty.buffer.PooledByteBufAllocator - -Dio.netty.allocator.useCacheForAllThreads: false
08:43:53.624 [main] DEBUG io.netty.buffer.PooledByteBufAllocator - -Dio.netty.allocator.maxCachedByteBuffersPerChunk: 1023
08:43:53.632 [main] DEBUG io.netty.buffer.ByteBufUtil - -Dio.netty.allocator.type: pooled
08:43:53.632 [main] DEBUG io.netty.buffer.ByteBufUtil - -Dio.netty.threadLocalDirectBufferSize: 0
08:43:53.633 [main] DEBUG io.netty.buffer.ByteBufUtil - -Dio.netty.maxThreadLocalCharBufferSize: 16384
08:43:53.873 [Forwarding newSession on session null to remote] DEBUG io.netty.channel.DefaultChannelId - -Dio.netty.processId: 5246 (auto-detected)
08:43:53.874 [Forwarding newSession on session null to remote] DEBUG io.netty.util.NetUtil - -Djava.net.preferIPv4Stack: false
08:43:53.874 [Forwarding newSession on session null to remote] DEBUG io.netty.util.NetUtil - -Djava.net.preferIPv6Addresses: false
08:43:53.878 [Forwarding newSession on session null to remote] DEBUG io.netty.util.NetUtilInitializations - Loopback interface: lo0 (lo0, 0:0:0:0:0:0:0:1%lo0)
08:43:53.879 [Forwarding newSession on session null to remote] DEBUG io.netty.util.NetUtil - Failed to get SOMAXCONN from sysctl and file /proc/sys/net/core/somaxconn. Default: 128
08:43:53.880 [Forwarding newSession on session null to remote] DEBUG io.netty.channel.DefaultChannelId - -Dio.netty.machineId: 38:f9:d3:ff:fe:71:60:64 (auto-detected)
08:43:53.910 [AsyncHttpClient-1-2] DEBUG io.netty.buffer.AbstractByteBuf - -Dio.netty.buffer.checkAccessible: true
08:43:53.910 [AsyncHttpClient-1-2] DEBUG io.netty.buffer.AbstractByteBuf - -Dio.netty.buffer.checkBounds: true
08:43:53.910 [AsyncHttpClient-1-2] DEBUG io.netty.util.ResourceLeakDetectorFactory - Loaded default ResourceLeakDetector: io.netty.util.ResourceLeakDetector@395ab3e
08:43:53.922 [AsyncHttpClient-1-2] DEBUG org.asynchttpclient.netty.channel.NettyConnectListener - Using new Channel '[id: 0xcbde7b24, L:/127.0.0.1:51376 - R:localhost/127.0.0.1:5338]' for 'POST' to '/session'
08:43:53.935 [AsyncHttpClient-1-2] DEBUG io.netty.util.Recycler - -Dio.netty.recycler.maxCapacityPerThread: 4096
08:43:53.935 [AsyncHttpClient-1-2] DEBUG io.netty.util.Recycler - -Dio.netty.recycler.ratio: 8
08:43:53.935 [AsyncHttpClient-1-2] DEBUG io.netty.util.Recycler - -Dio.netty.recycler.chunkSize: 32
08:43:53.935 [AsyncHttpClient-1-2] DEBUG io.netty.util.Recycler - -Dio.netty.recycler.blocking: false
08:43:53.935 [AsyncHttpClient-1-2] DEBUG io.netty.util.Recycler - -Dio.netty.recycler.batchFastThreadLocalOnly: true
08:43:55.103 [AsyncHttpClient-1-2] DEBUG io.netty.handler.codec.compression.Brotli - brotli4j not in the classpath; Brotli support will be unavailable.
08:43:55.103 [AsyncHttpClient-1-2] DEBUG org.asynchttpclient.netty.handler.HttpHandler - 

Request DefaultHttpRequest(decodeResult: success, version: HTTP/1.1)
POST /session HTTP/1.1
User-Agent: selenium/4.13.0 (java mac)
Content-Length: 291
Content-Type: application/json; charset=utf-8
host: localhost:5338
accept: */*

Response DefaultHttpResponse(decodeResult: success, version: HTTP/1.1)
HTTP/1.1 200 OK
Content-Length: 891
Content-Type: application/json; charset=utf-8
cache-control: no-cache

08:43:55.110 [AsyncHttpClient-1-2] DEBUG org.asynchttpclient.netty.channel.ChannelManager - Adding key: http://localhost:5338 for channel [id: 0xcbde7b24, L:/127.0.0.1:51376 - R:localhost/127.0.0.1:5338]
08:43:55.205 [AsyncHttpClient-1-3] DEBUG org.asynchttpclient.netty.channel.NettyConnectListener - Using new Channel '[id: 0x5dfd4846, L:/127.0.0.1:51381 - R:localhost/127.0.0.1:51377]' for 'GET' to '/json/version'
08:43:55.209 [AsyncHttpClient-1-3] DEBUG org.asynchttpclient.netty.handler.HttpHandler - 

Request DefaultFullHttpRequest(decodeResult: success, version: HTTP/1.1, content: EmptyByteBufBE)
GET /json/version HTTP/1.1
User-Agent: selenium/4.13.0 (java mac)
host: localhost:51377
accept: */*

Response DefaultHttpResponse(decodeResult: success, version: HTTP/1.1)
HTTP/1.1 200 OK
Content-Security-Policy: frame-ancestors 'none'
Content-Length: 422
Content-Type: application/json; charset=UTF-8

08:43:55.209 [AsyncHttpClient-1-3] DEBUG org.asynchttpclient.netty.channel.ChannelManager - Adding key: http://localhost:51377 for channel [id: 0x5dfd4846, L:/127.0.0.1:51381 - R:localhost/127.0.0.1:51377]
08:43:55.222 [main] DEBUG io.netty.util.internal.ThreadLocalRandom - -Dio.netty.initialSeedUniquifier: 0x1db97725a2002595
08:43:55.224 [AsyncHttpClient-1-4] DEBUG org.asynchttpclient.netty.channel.NettyConnectListener - Using new Channel '[id: 0x5a6cd9f3, L:/127.0.0.1:51382 - R:localhost/127.0.0.1:51377]' for 'GET' to '/devtools/browser/ac8ac3da-b7cd-4bcd-94e1-db419c59d333'
08:43:55.228 [AsyncHttpClient-1-4] DEBUG org.asynchttpclient.netty.handler.WebSocketHandler - 

Request DefaultFullHttpRequest(decodeResult: success, version: HTTP/1.1, content: EmptyByteBufBE)
GET /devtools/browser/ac8ac3da-b7cd-4bcd-94e1-db419c59d333 HTTP/1.1
upgrade: websocket
connection: upgrade
sec-websocket-key: NCuL9+SUAPIiQ7NRFnKHuw==
sec-websocket-version: 13
origin: http://localhost:51377
host: localhost:51377
accept: */*
user-agent: AHC/2.1

Response DefaultHttpResponse(decodeResult: success, version: HTTP/1.1)
HTTP/1.1 101 WebSocket Protocol Handshake
Upgrade: WebSocket
Connection: Upgrade
Sec-WebSocket-Accept: XlnHZNn/5esRww4s9TApEU/ojZU=

08:43:55.290 [Forwarding maximizeCurrentWindow on session 006865369629cac3fdf9a79464323834 to remote] DEBUG org.asynchttpclient.netty.request.NettyRequestSender - Using pooled Channel '[id: 0xcbde7b24, L:/127.0.0.1:51376 - R:localhost/127.0.0.1:5338]' for 'POST' to 'http://localhost:5338/session/006865369629cac3fdf9a79464323834/window/maximize'
08:43:55.290 [Forwarding maximizeCurrentWindow on session 006865369629cac3fdf9a79464323834 to remote] DEBUG org.asynchttpclient.netty.request.NettyRequestSender - Using open Channel [id: 0xcbde7b24, L:/127.0.0.1:51376 - R:localhost/127.0.0.1:5338] for POST '/session/006865369629cac3fdf9a79464323834/window/maximize'
08:43:55.743 [AsyncHttpClient-1-1] DEBUG org.asynchttpclient.netty.channel.DefaultChannelPool - Entry count for : http://localhost:51377 : 1
08:43:55.758 [AsyncHttpClient-1-2] DEBUG org.asynchttpclient.netty.handler.HttpHandler - 

Request DefaultHttpRequest(decodeResult: success, version: HTTP/1.1)
POST /session/006865369629cac3fdf9a79464323834/window/maximize HTTP/1.1
User-Agent: selenium/4.13.0 (java mac)
Content-Length: 3
Content-Type: application/json; charset=utf-8
host: localhost:5338
accept: */*

Response DefaultHttpResponse(decodeResult: success, version: HTTP/1.1)
HTTP/1.1 200 OK
Content-Length: 50
Content-Type: application/json; charset=utf-8
cache-control: no-cache

08:43:55.758 [AsyncHttpClient-1-2] DEBUG org.asynchttpclient.netty.channel.ChannelManager - Adding key: http://localhost:5338 for channel [id: 0xcbde7b24, L:/127.0.0.1:51376 - R:localhost/127.0.0.1:5338]
08:43:55.761 [Forwarding get on session 006865369629cac3fdf9a79464323834 to remote] DEBUG org.asynchttpclient.netty.request.NettyRequestSender - Using pooled Channel '[id: 0xcbde7b24, L:/127.0.0.1:51376 - R:localhost/127.0.0.1:5338]' for 'POST' to 'http://localhost:5338/session/006865369629cac3fdf9a79464323834/url'
08:43:55.761 [Forwarding get on session 006865369629cac3fdf9a79464323834 to remote] DEBUG org.asynchttpclient.netty.request.NettyRequestSender - Using open Channel [id: 0xcbde7b24, L:/127.0.0.1:51376 - R:localhost/127.0.0.1:5338] for POST '/session/006865369629cac3fdf9a79464323834/url'
08:43:56.843 [AsyncHttpClient-1-1] DEBUG org.asynchttpclient.netty.channel.DefaultChannelPool - Entry count for : http://localhost:51377 : 1
08:43:57.939 [AsyncHttpClient-1-1] DEBUG org.asynchttpclient.netty.channel.DefaultChannelPool - Entry count for : http://localhost:51377 : 1
08:43:58.690 [AsyncHttpClient-1-2] DEBUG org.asynchttpclient.netty.handler.HttpHandler - 

Request DefaultHttpRequest(decodeResult: success, version: HTTP/1.1)
POST /session/006865369629cac3fdf9a79464323834/url HTTP/1.1
User-Agent: selenium/4.13.0 (java mac)
Content-Length: 57
Content-Type: application/json; charset=utf-8
host: localhost:5338
accept: */*

Response DefaultHttpResponse(decodeResult: success, version: HTTP/1.1)
HTTP/1.1 200 OK
Content-Length: 14
Content-Type: application/json; charset=utf-8
cache-control: no-cache

08:43:58.690 [AsyncHttpClient-1-2] DEBUG org.asynchttpclient.netty.channel.ChannelManager - Adding key: http://localhost:5338 for channel [id: 0xcbde7b24, L:/127.0.0.1:51376 - R:localhost/127.0.0.1:5338]
Step 1 : Open URL - https://www.makemytrip.com/
08:43:59.039 [AsyncHttpClient-1-1] DEBUG org.asynchttpclient.netty.channel.DefaultChannelPool - Entry count for : http://localhost:5338 : 1
08:43:59.039 [AsyncHttpClient-1-1] DEBUG org.asynchttpclient.netty.channel.DefaultChannelPool - Entry count for : http://localhost:51377 : 1
08:44:00.143 [AsyncHttpClient-1-1] DEBUG org.asynchttpclient.netty.channel.DefaultChannelPool - Entry count for : http://localhost:5338 : 1
08:44:00.144 [AsyncHttpClient-1-1] DEBUG org.asynchttpclient.netty.channel.DefaultChannelPool - Entry count for : http://localhost:51377 : 1
Step 2 : Verify mmt logo present.
08:44:00.697 [Forwarding findElement on session 006865369629cac3fdf9a79464323834 to remote] DEBUG org.asynchttpclient.netty.request.NettyRequestSender - Using pooled Channel '[id: 0xcbde7b24, L:/127.0.0.1:51376 - R:localhost/127.0.0.1:5338]' for 'POST' to 'http://localhost:5338/session/006865369629cac3fdf9a79464323834/element'
08:44:00.697 [Forwarding findElement on session 006865369629cac3fdf9a79464323834 to remote] DEBUG org.asynchttpclient.netty.request.NettyRequestSender - Using open Channel [id: 0xcbde7b24, L:/127.0.0.1:51376 - R:localhost/127.0.0.1:5338] for POST '/session/006865369629cac3fdf9a79464323834/element'
08:44:00.711 [AsyncHttpClient-1-2] DEBUG org.asynchttpclient.netty.handler.HttpHandler - 

Request DefaultHttpRequest(decodeResult: success, version: HTTP/1.1)
POST /session/006865369629cac3fdf9a79464323834/element HTTP/1.1
User-Agent: selenium/4.13.0 (java mac)
Content-Length: 78
Content-Type: application/json; charset=utf-8
host: localhost:5338
accept: */*

Response DefaultHttpResponse(decodeResult: success, version: HTTP/1.1)
HTTP/1.1 200 OK
Content-Length: 95
Content-Type: application/json; charset=utf-8
cache-control: no-cache

08:44:00.711 [AsyncHttpClient-1-2] DEBUG org.asynchttpclient.netty.channel.ChannelManager - Adding key: http://localhost:5338 for channel [id: 0xcbde7b24, L:/127.0.0.1:51376 - R:localhost/127.0.0.1:5338]
08:44:00.716 [Forwarding executeScript on session 006865369629cac3fdf9a79464323834 to remote] DEBUG org.asynchttpclient.netty.request.NettyRequestSender - Using pooled Channel '[id: 0xcbde7b24, L:/127.0.0.1:51376 - R:localhost/127.0.0.1:5338]' for 'POST' to 'http://localhost:5338/session/006865369629cac3fdf9a79464323834/execute/sync'
08:44:00.716 [Forwarding executeScript on session 006865369629cac3fdf9a79464323834 to remote] DEBUG org.asynchttpclient.netty.request.NettyRequestSender - Using open Channel [id: 0xcbde7b24, L:/127.0.0.1:51376 - R:localhost/127.0.0.1:5338] for POST '/session/006865369629cac3fdf9a79464323834/execute/sync'
08:44:00.726 [AsyncHttpClient-1-2] DEBUG org.asynchttpclient.netty.handler.HttpHandler - 

Request DefaultHttpRequest(decodeResult: success, version: HTTP/1.1)
POST /session/006865369629cac3fdf9a79464323834/execute/sync HTTP/1.1
User-Agent: selenium/4.13.0 (java mac)
Content-Length: 179
Content-Type: application/json; charset=utf-8
host: localhost:5338
accept: */*

Response DefaultHttpResponse(decodeResult: success, version: HTTP/1.1)
HTTP/1.1 200 OK
Content-Length: 14
Content-Type: application/json; charset=utf-8
cache-control: no-cache

08:44:00.726 [AsyncHttpClient-1-2] DEBUG org.asynchttpclient.netty.channel.ChannelManager - Adding key: http://localhost:5338 for channel [id: 0xcbde7b24, L:/127.0.0.1:51376 - R:localhost/127.0.0.1:5338]
08:44:00.736 [Forwarding isElementDisplayed on session 006865369629cac3fdf9a79464323834 to remote] DEBUG org.asynchttpclient.netty.request.NettyRequestSender - Using pooled Channel '[id: 0xcbde7b24, L:/127.0.0.1:51376 - R:localhost/127.0.0.1:5338]' for 'POST' to 'http://localhost:5338/session/006865369629cac3fdf9a79464323834/execute/sync'
08:44:00.736 [Forwarding isElementDisplayed on session 006865369629cac3fdf9a79464323834 to remote] DEBUG org.asynchttpclient.netty.request.NettyRequestSender - Using open Channel [id: 0xcbde7b24, L:/127.0.0.1:51376 - R:localhost/127.0.0.1:5338] for POST '/session/006865369629cac3fdf9a79464323834/execute/sync'
08:44:00.752 [AsyncHttpClient-1-2] DEBUG org.asynchttpclient.netty.handler.HttpHandler - 

Request DefaultHttpRequest(decodeResult: success, version: HTTP/1.1)
POST /session/006865369629cac3fdf9a79464323834/execute/sync HTTP/1.1
User-Agent: selenium/4.13.0 (java mac)
Content-Length: 48814
Content-Type: application/json; charset=utf-8
host: localhost:5338
accept: */*

Response DefaultHttpResponse(decodeResult: success, version: HTTP/1.1)
HTTP/1.1 200 OK
Content-Length: 14
Content-Type: application/json; charset=utf-8
cache-control: no-cache

08:44:00.752 [AsyncHttpClient-1-2] DEBUG org.asynchttpclient.netty.channel.ChannelManager - Adding key: http://localhost:5338 for channel [id: 0xcbde7b24, L:/127.0.0.1:51376 - R:localhost/127.0.0.1:5338]
Step 3 : Verify mmt login section present.
08:44:00.756 [Forwarding findElement on session 006865369629cac3fdf9a79464323834 to remote] DEBUG org.asynchttpclient.netty.request.NettyRequestSender - Using pooled Channel '[id: 0xcbde7b24, L:/127.0.0.1:51376 - R:localhost/127.0.0.1:5338]' for 'POST' to 'http://localhost:5338/session/006865369629cac3fdf9a79464323834/element'
08:44:00.756 [Forwarding findElement on session 006865369629cac3fdf9a79464323834 to remote] DEBUG org.asynchttpclient.netty.request.NettyRequestSender - Using open Channel [id: 0xcbde7b24, L:/127.0.0.1:51376 - R:localhost/127.0.0.1:5338] for POST '/session/006865369629cac3fdf9a79464323834/element'
08:44:00.768 [AsyncHttpClient-1-2] DEBUG org.asynchttpclient.netty.handler.HttpHandler - 

Request DefaultHttpRequest(decodeResult: success, version: HTTP/1.1)
POST /session/006865369629cac3fdf9a79464323834/element HTTP/1.1
User-Agent: selenium/4.13.0 (java mac)
Content-Length: 85
Content-Type: application/json; charset=utf-8
host: localhost:5338
accept: */*

Response DefaultHttpResponse(decodeResult: success, version: HTTP/1.1)
HTTP/1.1 200 OK
Content-Length: 95
Content-Type: application/json; charset=utf-8
cache-control: no-cache

08:44:00.768 [AsyncHttpClient-1-2] DEBUG org.asynchttpclient.netty.channel.ChannelManager - Adding key: http://localhost:5338 for channel [id: 0xcbde7b24, L:/127.0.0.1:51376 - R:localhost/127.0.0.1:5338]
08:44:00.770 [Forwarding executeScript on session 006865369629cac3fdf9a79464323834 to remote] DEBUG org.asynchttpclient.netty.request.NettyRequestSender - Using pooled Channel '[id: 0xcbde7b24, L:/127.0.0.1:51376 - R:localhost/127.0.0.1:5338]' for 'POST' to 'http://localhost:5338/session/006865369629cac3fdf9a79464323834/execute/sync'
08:44:00.770 [Forwarding executeScript on session 006865369629cac3fdf9a79464323834 to remote] DEBUG org.asynchttpclient.netty.request.NettyRequestSender - Using open Channel [id: 0xcbde7b24, L:/127.0.0.1:51376 - R:localhost/127.0.0.1:5338] for POST '/session/006865369629cac3fdf9a79464323834/execute/sync'
08:44:00.775 [AsyncHttpClient-1-2] DEBUG org.asynchttpclient.netty.handler.HttpHandler - 

Request DefaultHttpRequest(decodeResult: success, version: HTTP/1.1)
POST /session/006865369629cac3fdf9a79464323834/execute/sync HTTP/1.1
User-Agent: selenium/4.13.0 (java mac)
Content-Length: 179
Content-Type: application/json; charset=utf-8
host: localhost:5338
accept: */*

Response DefaultHttpResponse(decodeResult: success, version: HTTP/1.1)
HTTP/1.1 200 OK
Content-Length: 14
Content-Type: application/json; charset=utf-8
cache-control: no-cache

08:44:00.776 [AsyncHttpClient-1-2] DEBUG org.asynchttpclient.netty.channel.ChannelManager - Adding key: http://localhost:5338 for channel [id: 0xcbde7b24, L:/127.0.0.1:51376 - R:localhost/127.0.0.1:5338]
08:44:00.780 [Forwarding isElementDisplayed on session 006865369629cac3fdf9a79464323834 to remote] DEBUG org.asynchttpclient.netty.request.NettyRequestSender - Using pooled Channel '[id: 0xcbde7b24, L:/127.0.0.1:51376 - R:localhost/127.0.0.1:5338]' for 'POST' to 'http://localhost:5338/session/006865369629cac3fdf9a79464323834/execute/sync'
08:44:00.780 [Forwarding isElementDisplayed on session 006865369629cac3fdf9a79464323834 to remote] DEBUG org.asynchttpclient.netty.request.NettyRequestSender - Using open Channel [id: 0xcbde7b24, L:/127.0.0.1:51376 - R:localhost/127.0.0.1:5338] for POST '/session/006865369629cac3fdf9a79464323834/execute/sync'
08:44:00.794 [AsyncHttpClient-1-2] DEBUG org.asynchttpclient.netty.handler.HttpHandler - 

Request DefaultHttpRequest(decodeResult: success, version: HTTP/1.1)
POST /session/006865369629cac3fdf9a79464323834/execute/sync HTTP/1.1
User-Agent: selenium/4.13.0 (java mac)
Content-Length: 48814
Content-Type: application/json; charset=utf-8
host: localhost:5338
accept: */*

Response DefaultHttpResponse(decodeResult: success, version: HTTP/1.1)
HTTP/1.1 200 OK
Content-Length: 14
Content-Type: application/json; charset=utf-8
cache-control: no-cache

08:44:00.795 [AsyncHttpClient-1-2] DEBUG org.asynchttpclient.netty.channel.ChannelManager - Adding key: http://localhost:5338 for channel [id: 0xcbde7b24, L:/127.0.0.1:51376 - R:localhost/127.0.0.1:5338]
Step 4 : Verify mmt country & currency selection dropdown present.
08:44:00.797 [Forwarding findElement on session 006865369629cac3fdf9a79464323834 to remote] DEBUG org.asynchttpclient.netty.request.NettyRequestSender - Using pooled Channel '[id: 0xcbde7b24, L:/127.0.0.1:51376 - R:localhost/127.0.0.1:5338]' for 'POST' to 'http://localhost:5338/session/006865369629cac3fdf9a79464323834/element'
08:44:00.797 [Forwarding findElement on session 006865369629cac3fdf9a79464323834 to remote] DEBUG org.asynchttpclient.netty.request.NettyRequestSender - Using open Channel [id: 0xcbde7b24, L:/127.0.0.1:51376 - R:localhost/127.0.0.1:5338] for POST '/session/006865369629cac3fdf9a79464323834/element'
08:44:00.817 [AsyncHttpClient-1-2] DEBUG org.asynchttpclient.netty.handler.HttpHandler - 

Request DefaultHttpRequest(decodeResult: success, version: HTTP/1.1)
POST /session/006865369629cac3fdf9a79464323834/element HTTP/1.1
User-Agent: selenium/4.13.0 (java mac)
Content-Length: 81
Content-Type: application/json; charset=utf-8
host: localhost:5338
accept: */*

Response DefaultHttpResponse(decodeResult: success, version: HTTP/1.1)
HTTP/1.1 200 OK
Content-Length: 95
Content-Type: application/json; charset=utf-8
cache-control: no-cache

08:44:00.817 [AsyncHttpClient-1-2] DEBUG org.asynchttpclient.netty.channel.ChannelManager - Adding key: http://localhost:5338 for channel [id: 0xcbde7b24, L:/127.0.0.1:51376 - R:localhost/127.0.0.1:5338]
08:44:00.819 [Forwarding executeScript on session 006865369629cac3fdf9a79464323834 to remote] DEBUG org.asynchttpclient.netty.request.NettyRequestSender - Using pooled Channel '[id: 0xcbde7b24, L:/127.0.0.1:51376 - R:localhost/127.0.0.1:5338]' for 'POST' to 'http://localhost:5338/session/006865369629cac3fdf9a79464323834/execute/sync'
08:44:00.819 [Forwarding executeScript on session 006865369629cac3fdf9a79464323834 to remote] DEBUG org.asynchttpclient.netty.request.NettyRequestSender - Using open Channel [id: 0xcbde7b24, L:/127.0.0.1:51376 - R:localhost/127.0.0.1:5338] for POST '/session/006865369629cac3fdf9a79464323834/execute/sync'
08:44:00.832 [AsyncHttpClient-1-2] DEBUG org.asynchttpclient.netty.handler.HttpHandler - 

Request DefaultHttpRequest(decodeResult: success, version: HTTP/1.1)
POST /session/006865369629cac3fdf9a79464323834/execute/sync HTTP/1.1
User-Agent: selenium/4.13.0 (java mac)
Content-Length: 179
Content-Type: application/json; charset=utf-8
host: localhost:5338
accept: */*

Response DefaultHttpResponse(decodeResult: success, version: HTTP/1.1)
HTTP/1.1 200 OK
Content-Length: 14
Content-Type: application/json; charset=utf-8
cache-control: no-cache

08:44:00.832 [AsyncHttpClient-1-2] DEBUG org.asynchttpclient.netty.channel.ChannelManager - Adding key: http://localhost:5338 for channel [id: 0xcbde7b24, L:/127.0.0.1:51376 - R:localhost/127.0.0.1:5338]
08:44:00.835 [Forwarding isElementDisplayed on session 006865369629cac3fdf9a79464323834 to remote] DEBUG org.asynchttpclient.netty.request.NettyRequestSender - Using pooled Channel '[id: 0xcbde7b24, L:/127.0.0.1:51376 - R:localhost/127.0.0.1:5338]' for 'POST' to 'http://localhost:5338/session/006865369629cac3fdf9a79464323834/execute/sync'
08:44:00.835 [Forwarding isElementDisplayed on session 006865369629cac3fdf9a79464323834 to remote] DEBUG org.asynchttpclient.netty.request.NettyRequestSender - Using open Channel [id: 0xcbde7b24, L:/127.0.0.1:51376 - R:localhost/127.0.0.1:5338] for POST '/session/006865369629cac3fdf9a79464323834/execute/sync'
08:44:00.847 [AsyncHttpClient-1-2] DEBUG org.asynchttpclient.netty.handler.HttpHandler - 

Request DefaultHttpRequest(decodeResult: success, version: HTTP/1.1)
POST /session/006865369629cac3fdf9a79464323834/execute/sync HTTP/1.1
User-Agent: selenium/4.13.0 (java mac)
Content-Length: 48814
Content-Type: application/json; charset=utf-8
host: localhost:5338
accept: */*

Response DefaultHttpResponse(decodeResult: success, version: HTTP/1.1)
HTTP/1.1 200 OK
Content-Length: 14
Content-Type: application/json; charset=utf-8
cache-control: no-cache

08:44:00.847 [AsyncHttpClient-1-2] DEBUG org.asynchttpclient.netty.channel.ChannelManager - Adding key: http://localhost:5338 for channel [id: 0xcbde7b24, L:/127.0.0.1:51376 - R:localhost/127.0.0.1:5338]
Step 5 : Verify mmt search section present.
08:44:00.848 [Forwarding findElement on session 006865369629cac3fdf9a79464323834 to remote] DEBUG org.asynchttpclient.netty.request.NettyRequestSender - Using pooled Channel '[id: 0xcbde7b24, L:/127.0.0.1:51376 - R:localhost/127.0.0.1:5338]' for 'POST' to 'http://localhost:5338/session/006865369629cac3fdf9a79464323834/element'
08:44:00.848 [Forwarding findElement on session 006865369629cac3fdf9a79464323834 to remote] DEBUG org.asynchttpclient.netty.request.NettyRequestSender - Using open Channel [id: 0xcbde7b24, L:/127.0.0.1:51376 - R:localhost/127.0.0.1:5338] for POST '/session/006865369629cac3fdf9a79464323834/element'
08:44:00.856 [AsyncHttpClient-1-2] DEBUG org.asynchttpclient.netty.handler.HttpHandler - 

Request DefaultHttpRequest(decodeResult: success, version: HTTP/1.1)
POST /session/006865369629cac3fdf9a79464323834/element HTTP/1.1
User-Agent: selenium/4.13.0 (java mac)
Content-Length: 81
Content-Type: application/json; charset=utf-8
host: localhost:5338
accept: */*

Response DefaultHttpResponse(decodeResult: success, version: HTTP/1.1)
HTTP/1.1 200 OK
Content-Length: 95
Content-Type: application/json; charset=utf-8
cache-control: no-cache

08:44:00.856 [AsyncHttpClient-1-2] DEBUG org.asynchttpclient.netty.channel.ChannelManager - Adding key: http://localhost:5338 for channel [id: 0xcbde7b24, L:/127.0.0.1:51376 - R:localhost/127.0.0.1:5338]
08:44:00.858 [Forwarding executeScript on session 006865369629cac3fdf9a79464323834 to remote] DEBUG org.asynchttpclient.netty.request.NettyRequestSender - Using pooled Channel '[id: 0xcbde7b24, L:/127.0.0.1:51376 - R:localhost/127.0.0.1:5338]' for 'POST' to 'http://localhost:5338/session/006865369629cac3fdf9a79464323834/execute/sync'
08:44:00.858 [Forwarding executeScript on session 006865369629cac3fdf9a79464323834 to remote] DEBUG org.asynchttpclient.netty.request.NettyRequestSender - Using open Channel [id: 0xcbde7b24, L:/127.0.0.1:51376 - R:localhost/127.0.0.1:5338] for POST '/session/006865369629cac3fdf9a79464323834/execute/sync'
08:44:00.863 [AsyncHttpClient-1-2] DEBUG org.asynchttpclient.netty.handler.HttpHandler - 

Request DefaultHttpRequest(decodeResult: success, version: HTTP/1.1)
POST /session/006865369629cac3fdf9a79464323834/execute/sync HTTP/1.1
User-Agent: selenium/4.13.0 (java mac)
Content-Length: 179
Content-Type: application/json; charset=utf-8
host: localhost:5338
accept: */*

Response DefaultHttpResponse(decodeResult: success, version: HTTP/1.1)
HTTP/1.1 200 OK
Content-Length: 14
Content-Type: application/json; charset=utf-8
cache-control: no-cache

08:44:00.863 [AsyncHttpClient-1-2] DEBUG org.asynchttpclient.netty.channel.ChannelManager - Adding key: http://localhost:5338 for channel [id: 0xcbde7b24, L:/127.0.0.1:51376 - R:localhost/127.0.0.1:5338]
08:44:00.866 [Forwarding isElementDisplayed on session 006865369629cac3fdf9a79464323834 to remote] DEBUG org.asynchttpclient.netty.request.NettyRequestSender - Using pooled Channel '[id: 0xcbde7b24, L:/127.0.0.1:51376 - R:localhost/127.0.0.1:5338]' for 'POST' to 'http://localhost:5338/session/006865369629cac3fdf9a79464323834/execute/sync'
08:44:00.866 [Forwarding isElementDisplayed on session 006865369629cac3fdf9a79464323834 to remote] DEBUG org.asynchttpclient.netty.request.NettyRequestSender - Using open Channel [id: 0xcbde7b24, L:/127.0.0.1:51376 - R:localhost/127.0.0.1:5338] for POST '/session/006865369629cac3fdf9a79464323834/execute/sync'
08:44:00.874 [AsyncHttpClient-1-2] DEBUG org.asynchttpclient.netty.handler.HttpHandler - 

Request DefaultHttpRequest(decodeResult: success, version: HTTP/1.1)
POST /session/006865369629cac3fdf9a79464323834/execute/sync HTTP/1.1
User-Agent: selenium/4.13.0 (java mac)
Content-Length: 48814
Content-Type: application/json; charset=utf-8
host: localhost:5338
accept: */*

Response DefaultHttpResponse(decodeResult: success, version: HTTP/1.1)
HTTP/1.1 200 OK
Content-Length: 14
Content-Type: application/json; charset=utf-8
cache-control: no-cache

08:44:00.875 [AsyncHttpClient-1-2] DEBUG org.asynchttpclient.netty.channel.ChannelManager - Adding key: http://localhost:5338 for channel [id: 0xcbde7b24, L:/127.0.0.1:51376 - R:localhost/127.0.0.1:5338]
]]></system-out>
    <system-err><![CDATA[Jan 14, 2024 8:43:55 AM org.openqa.selenium.devtools.CdpVersionFinder findNearestMatch
WARNING: Unable to find an exact match for CDP version 120, so returning the closest version found: 117
]]></system-err>
  </testcase>
  <testcase name="verifyCountryCurrencyWidget" classname="com.sample.modules.HomePage" time="1.979">
    <failure message="expected [USA] but found [IN]" type="java.lang.AssertionError"><![CDATA[java.lang.AssertionError: expected [USA] but found [IN]
	at org.testng.Assert.fail(Assert.java:110)
	at org.testng.Assert.failNotEquals(Assert.java:1413)
	at org.testng.Assert.assertEqualsImpl(Assert.java:149)
	at org.testng.Assert.assertEquals(Assert.java:131)
	at org.testng.Assert.assertEquals(Assert.java:643)
	at com.sample.utils.Common.assertTwoValuesAreEqual(Common.java:109)
	at com.sample.modules.HomePage.verifyCountryCurrencyWidget(HomePage.java:50)
	at java.base/jdk.internal.reflect.DirectMethodHandleAccessor.invoke(DirectMethodHandleAccessor.java:103)
	at java.base/java.lang.reflect.Method.invoke(Method.java:580)
	at org.testng.internal.invokers.MethodInvocationHelper.invokeMethod(MethodInvocationHelper.java:135)
	at org.testng.internal.invokers.TestInvoker.invokeMethod(TestInvoker.java:673)
	at org.testng.internal.invokers.TestInvoker.invokeTestMethod(TestInvoker.java:220)
	at org.testng.internal.invokers.MethodRunner.runInSequence(MethodRunner.java:50)
	at org.testng.internal.invokers.TestInvoker$MethodInvocationAgent.invoke(TestInvoker.java:945)
	at org.testng.internal.invokers.TestInvoker.invokeTestMethods(TestInvoker.java:193)
	at org.testng.internal.invokers.TestMethodWorker.invokeTestMethods(TestMethodWorker.java:146)
	at org.testng.internal.invokers.TestMethodWorker.run(TestMethodWorker.java:128)
	at java.base/java.util.ArrayList.forEach(ArrayList.java:1596)
	at org.testng.TestRunner.privateRun(TestRunner.java:808)
	at org.testng.TestRunner.run(TestRunner.java:603)
	at org.testng.SuiteRunner.runTest(SuiteRunner.java:429)
	at org.testng.SuiteRunner.runSequentially(SuiteRunner.java:423)
	at org.testng.SuiteRunner.privateRun(SuiteRunner.java:383)
	at org.testng.SuiteRunner.run(SuiteRunner.java:326)
	at org.testng.SuiteRunnerWorker.runSuite(SuiteRunnerWorker.java:52)
	at org.testng.SuiteRunnerWorker.run(SuiteRunnerWorker.java:95)
	at org.testng.TestNG.runSuitesSequentially(TestNG.java:1249)
	at org.testng.TestNG.runSuitesLocally(TestNG.java:1169)
	at org.testng.TestNG.runSuites(TestNG.java:1092)
	at org.testng.TestNG.run(TestNG.java:1060)
	at org.apache.maven.surefire.testng.TestNGExecutor.run(TestNGExecutor.java:308)
	at org.apache.maven.surefire.testng.TestNGXmlTestSuite.execute(TestNGXmlTestSuite.java:71)
	at org.apache.maven.surefire.testng.TestNGProvider.invoke(TestNGProvider.java:113)
	at org.apache.maven.surefire.booter.ForkedBooter.runSuitesInProcess(ForkedBooter.java:385)
	at org.apache.maven.surefire.booter.ForkedBooter.execute(ForkedBooter.java:162)
	at org.apache.maven.surefire.booter.ForkedBooter.run(ForkedBooter.java:507)
	at org.apache.maven.surefire.booter.ForkedBooter.main(ForkedBooter.java:495)
]]></failure>
    <system-out><![CDATA[<font color=238E23><strong><i> PASS : verifyAllHeaderSectionsPresent</i></strong></font>
Total testcases:-1
Total passed testcases:-1
Total failed testcases:-0
08:44:00.883 [Driver Command Executor] DEBUG org.asynchttpclient.netty.request.NettyRequestSender - Using pooled Channel '[id: 0xcbde7b24, L:/127.0.0.1:51376 - R:localhost/127.0.0.1:5338]' for 'DELETE' to 'http://localhost:5338/session/006865369629cac3fdf9a79464323834'
08:44:00.883 [Driver Command Executor] DEBUG org.asynchttpclient.netty.request.NettyRequestSender - Using open Channel [id: 0xcbde7b24, L:/127.0.0.1:51376 - R:localhost/127.0.0.1:5338] for DELETE '/session/006865369629cac3fdf9a79464323834'
08:44:00.906 [AsyncHttpClient-1-3] DEBUG org.asynchttpclient.netty.handler.HttpHandler - Channel Closed: [id: 0x5dfd4846, L:/127.0.0.1:51381 ! R:localhost/127.0.0.1:51377] with attribute DISCARD
08:44:00.910 [AsyncHttpClient-1-4] DEBUG org.asynchttpclient.netty.handler.WebSocketHandler - Unexpected I/O exception on channel [id: 0x5a6cd9f3, L:/127.0.0.1:51382 - R:localhost/127.0.0.1:51377]
java.net.SocketException: Connection reset
	at java.base/sun.nio.ch.SocketChannelImpl.throwConnectionReset(SocketChannelImpl.java:401)
	at java.base/sun.nio.ch.SocketChannelImpl.read(SocketChannelImpl.java:434)
	at io.netty.buffer.PooledByteBuf.setBytes(PooledByteBuf.java:254)
	at io.netty.buffer.AbstractByteBuf.writeBytes(AbstractByteBuf.java:1132)
	at io.netty.channel.socket.nio.NioSocketChannel.doReadBytes(NioSocketChannel.java:357)
	at io.netty.channel.nio.AbstractNioByteChannel$NioByteUnsafe.read(AbstractNioByteChannel.java:151)
	at io.netty.channel.nio.NioEventLoop.processSelectedKey(NioEventLoop.java:788)
	at io.netty.channel.nio.NioEventLoop.processSelectedKeysOptimized(NioEventLoop.java:724)
	at io.netty.channel.nio.NioEventLoop.processSelectedKeys(NioEventLoop.java:650)
	at io.netty.channel.nio.NioEventLoop.run(NioEventLoop.java:562)
	at io.netty.util.concurrent.SingleThreadEventExecutor$4.run(SingleThreadEventExecutor.java:997)
	at io.netty.util.internal.ThreadExecutorMap$2.run(ThreadExecutorMap.java:74)
	at io.netty.util.concurrent.FastThreadLocalRunnable.run(FastThreadLocalRunnable.java:30)
	at java.base/java.lang.Thread.run(Thread.java:1583)
08:44:00.914 [AsyncHttpClient-1-4] DEBUG org.asynchttpclient.netty.handler.WebSocketHandler - Was unable to recover Future: NettyResponseFuture{currentRetry=0,
	isDone=1,
	isCancelled=0,
	asyncHandler=org.asynchttpclient.ws.WebSocketUpgradeHandler@214f1209,
	nettyRequest=org.asynchttpclient.netty.request.NettyRequest@64909b4f,
	future=java.util.concurrent.CompletableFuture@44137861[Completed normally],
	uri=ws://localhost:51377/devtools/browser/ac8ac3da-b7cd-4bcd-94e1-db419c59d333,
	keepAlive=true,
	redirectCount=0,
	timeoutsHolder=null,
	inAuth=0,
	touch=1705202040911}
08:44:00.914 [AsyncHttpClient-1-4] DEBUG org.asynchttpclient.netty.channel.ChannelManager - Closing Channel [id: 0x5a6cd9f3, L:/127.0.0.1:51382 - R:localhost/127.0.0.1:51377] 
08:44:00.914 [AsyncHttpClient-1-4] WARN org.asynchttpclient.netty.handler.WebSocketHandler - onError
java.net.SocketException: Connection reset
	at java.base/sun.nio.ch.SocketChannelImpl.throwConnectionReset(SocketChannelImpl.java:401)
	at java.base/sun.nio.ch.SocketChannelImpl.read(SocketChannelImpl.java:434)
	at io.netty.buffer.PooledByteBuf.setBytes(PooledByteBuf.java:254)
	at io.netty.buffer.AbstractByteBuf.writeBytes(AbstractByteBuf.java:1132)
	at io.netty.channel.socket.nio.NioSocketChannel.doReadBytes(NioSocketChannel.java:357)
	at io.netty.channel.nio.AbstractNioByteChannel$NioByteUnsafe.read(AbstractNioByteChannel.java:151)
	at io.netty.channel.nio.NioEventLoop.processSelectedKey(NioEventLoop.java:788)
	at io.netty.channel.nio.NioEventLoop.processSelectedKeysOptimized(NioEventLoop.java:724)
	at io.netty.channel.nio.NioEventLoop.processSelectedKeys(NioEventLoop.java:650)
	at io.netty.channel.nio.NioEventLoop.run(NioEventLoop.java:562)
	at io.netty.util.concurrent.SingleThreadEventExecutor$4.run(SingleThreadEventExecutor.java:997)
	at io.netty.util.internal.ThreadExecutorMap$2.run(ThreadExecutorMap.java:74)
	at io.netty.util.concurrent.FastThreadLocalRunnable.run(FastThreadLocalRunnable.java:30)
	at java.base/java.lang.Thread.run(Thread.java:1583)
08:44:00.916 [AsyncHttpClient-1-4] DEBUG org.asynchttpclient.netty.channel.ChannelManager - Closing Channel [id: 0x5a6cd9f3, L:/127.0.0.1:51382 ! R:localhost/127.0.0.1:51377] 
08:44:00.918 [AsyncHttpClient-1-4] DEBUG org.asynchttpclient.netty.handler.WebSocketHandler - Channel Closed: [id: 0x5a6cd9f3, L:/127.0.0.1:51382 ! R:localhost/127.0.0.1:51377] with attribute DISCARD
08:44:00.935 [AsyncHttpClient-1-2] DEBUG org.asynchttpclient.netty.handler.HttpHandler - 

Request DefaultFullHttpRequest(decodeResult: success, version: HTTP/1.1, content: EmptyByteBufBE)
DELETE /session/006865369629cac3fdf9a79464323834 HTTP/1.1
User-Agent: selenium/4.13.0 (java mac)
Content-Type: application/json; charset=utf-8
host: localhost:5338
accept: */*

Response DefaultHttpResponse(decodeResult: success, version: HTTP/1.1)
HTTP/1.1 200 OK
Content-Length: 14
Content-Type: application/json; charset=utf-8
cache-control: no-cache

08:44:00.936 [AsyncHttpClient-1-2] DEBUG org.asynchttpclient.netty.channel.ChannelManager - Adding key: http://localhost:5338 for channel [id: 0xcbde7b24, L:/127.0.0.1:51376 - R:localhost/127.0.0.1:5338]
08:44:00.985 [AsyncHttpClient-1-2] DEBUG org.asynchttpclient.netty.handler.HttpHandler - Channel Closed: [id: 0xcbde7b24, L:/127.0.0.1:51376 ! R:localhost/127.0.0.1:5338] with attribute DISCARD
08:44:01.105 [AsyncHttpClient-1-5] DEBUG org.asynchttpclient.netty.channel.NettyConnectListener - Using new Channel '[id: 0x037638b8, L:/127.0.0.1:51431 - R:localhost/127.0.0.1:21663]' for 'POST' to '/session'
08:44:01.243 [AsyncHttpClient-1-1] DEBUG org.asynchttpclient.netty.channel.DefaultChannelPool - Entry count for : http://localhost:5338 : 1
08:44:01.243 [AsyncHttpClient-1-1] DEBUG org.asynchttpclient.netty.channel.DefaultChannelPool - Entry count for : http://localhost:51377 : 1
08:44:01.243 [AsyncHttpClient-1-1] DEBUG org.asynchttpclient.netty.channel.DefaultChannelPool - Adding Candidate expired Channel [id: 0xcbde7b24, L:/127.0.0.1:51376 ! R:localhost/127.0.0.1:5338] isIdleTimeoutExpired=false isRemotelyClosed=true isTtlExpired=false
08:44:01.243 [AsyncHttpClient-1-1] DEBUG org.asynchttpclient.netty.channel.DefaultChannelPool - Closing Idle Channel [id: 0xcbde7b24, L:/127.0.0.1:51376 ! R:localhost/127.0.0.1:5338]
08:44:01.244 [AsyncHttpClient-1-1] DEBUG org.asynchttpclient.netty.channel.DefaultChannelPool - Adding Candidate expired Channel [id: 0x5dfd4846, L:/127.0.0.1:51381 ! R:localhost/127.0.0.1:51377] isIdleTimeoutExpired=false isRemotelyClosed=true isTtlExpired=false
08:44:01.244 [AsyncHttpClient-1-1] DEBUG org.asynchttpclient.netty.channel.DefaultChannelPool - Closing Idle Channel [id: 0x5dfd4846, L:/127.0.0.1:51381 ! R:localhost/127.0.0.1:51377]
08:44:01.244 [AsyncHttpClient-1-1] DEBUG org.asynchttpclient.netty.channel.DefaultChannelPool - Closed 2 connections out of 2 in 1 ms
08:44:02.015 [AsyncHttpClient-1-5] DEBUG org.asynchttpclient.netty.handler.HttpHandler - 

Request DefaultHttpRequest(decodeResult: success, version: HTTP/1.1)
POST /session HTTP/1.1
User-Agent: selenium/4.13.0 (java mac)
Content-Length: 291
Content-Type: application/json; charset=utf-8
host: localhost:21663
accept: */*

Response DefaultHttpResponse(decodeResult: success, version: HTTP/1.1)
HTTP/1.1 200 OK
Content-Length: 891
Content-Type: application/json; charset=utf-8
cache-control: no-cache

08:44:02.015 [AsyncHttpClient-1-5] DEBUG org.asynchttpclient.netty.channel.ChannelManager - Adding key: http://localhost:21663 for channel [id: 0x037638b8, L:/127.0.0.1:51431 - R:localhost/127.0.0.1:21663]
08:44:02.021 [AsyncHttpClient-1-6] DEBUG org.asynchttpclient.netty.channel.NettyConnectListener - Using new Channel '[id: 0xea859cff, L:/127.0.0.1:51436 - R:localhost/127.0.0.1:51432]' for 'GET' to '/json/version'
08:44:02.024 [AsyncHttpClient-1-6] DEBUG org.asynchttpclient.netty.handler.HttpHandler - 

Request DefaultFullHttpRequest(decodeResult: success, version: HTTP/1.1, content: EmptyByteBufBE)
GET /json/version HTTP/1.1
User-Agent: selenium/4.13.0 (java mac)
host: localhost:51432
accept: */*

Response DefaultHttpResponse(decodeResult: success, version: HTTP/1.1)
HTTP/1.1 200 OK
Content-Security-Policy: frame-ancestors 'none'
Content-Length: 422
Content-Type: application/json; charset=UTF-8

08:44:02.025 [AsyncHttpClient-1-6] DEBUG org.asynchttpclient.netty.channel.ChannelManager - Adding key: http://localhost:51432 for channel [id: 0xea859cff, L:/127.0.0.1:51436 - R:localhost/127.0.0.1:51432]
08:44:02.027 [AsyncHttpClient-1-7] DEBUG org.asynchttpclient.netty.channel.NettyConnectListener - Using new Channel '[id: 0xf91f6020, L:/127.0.0.1:51437 - R:localhost/127.0.0.1:51432]' for 'GET' to '/devtools/browser/0617c1b7-4c13-46fd-90cb-070a7343b839'
08:44:02.030 [AsyncHttpClient-1-7] DEBUG org.asynchttpclient.netty.handler.WebSocketHandler - 

Request DefaultFullHttpRequest(decodeResult: success, version: HTTP/1.1, content: EmptyByteBufBE)
GET /devtools/browser/0617c1b7-4c13-46fd-90cb-070a7343b839 HTTP/1.1
upgrade: websocket
connection: upgrade
sec-websocket-key: krLKVJ8we0XZN5CHkxlEOw==
sec-websocket-version: 13
origin: http://localhost:51432
host: localhost:51432
accept: */*
user-agent: AHC/2.1

Response DefaultHttpResponse(decodeResult: success, version: HTTP/1.1)
HTTP/1.1 101 WebSocket Protocol Handshake
Upgrade: WebSocket
Connection: Upgrade
Sec-WebSocket-Accept: t69HEAZP24SzVHWAw2AxOz3oMO0=

08:44:02.035 [Forwarding maximizeCurrentWindow on session 1604b310772daf97ae706b621eadc037 to remote] DEBUG org.asynchttpclient.netty.request.NettyRequestSender - Using pooled Channel '[id: 0x037638b8, L:/127.0.0.1:51431 - R:localhost/127.0.0.1:21663]' for 'POST' to 'http://localhost:21663/session/1604b310772daf97ae706b621eadc037/window/maximize'
08:44:02.035 [Forwarding maximizeCurrentWindow on session 1604b310772daf97ae706b621eadc037 to remote] DEBUG org.asynchttpclient.netty.request.NettyRequestSender - Using open Channel [id: 0x037638b8, L:/127.0.0.1:51431 - R:localhost/127.0.0.1:21663] for POST '/session/1604b310772daf97ae706b621eadc037/window/maximize'
08:44:02.340 [AsyncHttpClient-1-1] DEBUG org.asynchttpclient.netty.channel.DefaultChannelPool - Entry count for : http://localhost:51432 : 1
08:44:02.497 [AsyncHttpClient-1-5] DEBUG org.asynchttpclient.netty.handler.HttpHandler - 

Request DefaultHttpRequest(decodeResult: success, version: HTTP/1.1)
POST /session/1604b310772daf97ae706b621eadc037/window/maximize HTTP/1.1
User-Agent: selenium/4.13.0 (java mac)
Content-Length: 3
Content-Type: application/json; charset=utf-8
host: localhost:21663
accept: */*

Response DefaultHttpResponse(decodeResult: success, version: HTTP/1.1)
HTTP/1.1 200 OK
Content-Length: 50
Content-Type: application/json; charset=utf-8
cache-control: no-cache

08:44:02.497 [AsyncHttpClient-1-5] DEBUG org.asynchttpclient.netty.channel.ChannelManager - Adding key: http://localhost:21663 for channel [id: 0x037638b8, L:/127.0.0.1:51431 - R:localhost/127.0.0.1:21663]
08:44:02.498 [Forwarding get on session 1604b310772daf97ae706b621eadc037 to remote] DEBUG org.asynchttpclient.netty.request.NettyRequestSender - Using pooled Channel '[id: 0x037638b8, L:/127.0.0.1:51431 - R:localhost/127.0.0.1:21663]' for 'POST' to 'http://localhost:21663/session/1604b310772daf97ae706b621eadc037/url'
08:44:02.498 [Forwarding get on session 1604b310772daf97ae706b621eadc037 to remote] DEBUG org.asynchttpclient.netty.request.NettyRequestSender - Using open Channel [id: 0x037638b8, L:/127.0.0.1:51431 - R:localhost/127.0.0.1:21663] for POST '/session/1604b310772daf97ae706b621eadc037/url'
08:44:03.439 [AsyncHttpClient-1-1] DEBUG org.asynchttpclient.netty.channel.DefaultChannelPool - Entry count for : http://localhost:51432 : 1
08:44:04.539 [AsyncHttpClient-1-1] DEBUG org.asynchttpclient.netty.channel.DefaultChannelPool - Entry count for : http://localhost:51432 : 1
08:44:04.894 [AsyncHttpClient-1-5] DEBUG org.asynchttpclient.netty.handler.HttpHandler - 

Request DefaultHttpRequest(decodeResult: success, version: HTTP/1.1)
POST /session/1604b310772daf97ae706b621eadc037/url HTTP/1.1
User-Agent: selenium/4.13.0 (java mac)
Content-Length: 57
Content-Type: application/json; charset=utf-8
host: localhost:21663
accept: */*

Response DefaultHttpResponse(decodeResult: success, version: HTTP/1.1)
HTTP/1.1 200 OK
Content-Length: 14
Content-Type: application/json; charset=utf-8
cache-control: no-cache

08:44:04.894 [AsyncHttpClient-1-5] DEBUG org.asynchttpclient.netty.channel.ChannelManager - Adding key: http://localhost:21663 for channel [id: 0x037638b8, L:/127.0.0.1:51431 - R:localhost/127.0.0.1:21663]
Step 1 : Open URL - https://www.makemytrip.com/
Step 2 : Verify mmt country & currency selection section present.
08:44:04.897 [Forwarding findElement on session 1604b310772daf97ae706b621eadc037 to remote] DEBUG org.asynchttpclient.netty.request.NettyRequestSender - Using pooled Channel '[id: 0x037638b8, L:/127.0.0.1:51431 - R:localhost/127.0.0.1:21663]' for 'POST' to 'http://localhost:21663/session/1604b310772daf97ae706b621eadc037/element'
08:44:04.898 [Forwarding findElement on session 1604b310772daf97ae706b621eadc037 to remote] DEBUG org.asynchttpclient.netty.request.NettyRequestSender - Using open Channel [id: 0x037638b8, L:/127.0.0.1:51431 - R:localhost/127.0.0.1:21663] for POST '/session/1604b310772daf97ae706b621eadc037/element'
08:44:04.914 [AsyncHttpClient-1-5] DEBUG org.asynchttpclient.netty.handler.HttpHandler - 

Request DefaultHttpRequest(decodeResult: success, version: HTTP/1.1)
POST /session/1604b310772daf97ae706b621eadc037/element HTTP/1.1
User-Agent: selenium/4.13.0 (java mac)
Content-Length: 81
Content-Type: application/json; charset=utf-8
host: localhost:21663
accept: */*

Response DefaultHttpResponse(decodeResult: success, version: HTTP/1.1)
HTTP/1.1 200 OK
Content-Length: 95
Content-Type: application/json; charset=utf-8
cache-control: no-cache

08:44:04.914 [AsyncHttpClient-1-5] DEBUG org.asynchttpclient.netty.channel.ChannelManager - Adding key: http://localhost:21663 for channel [id: 0x037638b8, L:/127.0.0.1:51431 - R:localhost/127.0.0.1:21663]
08:44:04.917 [Forwarding executeScript on session 1604b310772daf97ae706b621eadc037 to remote] DEBUG org.asynchttpclient.netty.request.NettyRequestSender - Using pooled Channel '[id: 0x037638b8, L:/127.0.0.1:51431 - R:localhost/127.0.0.1:21663]' for 'POST' to 'http://localhost:21663/session/1604b310772daf97ae706b621eadc037/execute/sync'
08:44:04.917 [Forwarding executeScript on session 1604b310772daf97ae706b621eadc037 to remote] DEBUG org.asynchttpclient.netty.request.NettyRequestSender - Using open Channel [id: 0x037638b8, L:/127.0.0.1:51431 - R:localhost/127.0.0.1:21663] for POST '/session/1604b310772daf97ae706b621eadc037/execute/sync'
08:44:04.924 [AsyncHttpClient-1-5] DEBUG org.asynchttpclient.netty.handler.HttpHandler - 

Request DefaultHttpRequest(decodeResult: success, version: HTTP/1.1)
POST /session/1604b310772daf97ae706b621eadc037/execute/sync HTTP/1.1
User-Agent: selenium/4.13.0 (java mac)
Content-Length: 179
Content-Type: application/json; charset=utf-8
host: localhost:21663
accept: */*

Response DefaultHttpResponse(decodeResult: success, version: HTTP/1.1)
HTTP/1.1 200 OK
Content-Length: 14
Content-Type: application/json; charset=utf-8
cache-control: no-cache

08:44:04.925 [AsyncHttpClient-1-5] DEBUG org.asynchttpclient.netty.channel.ChannelManager - Adding key: http://localhost:21663 for channel [id: 0x037638b8, L:/127.0.0.1:51431 - R:localhost/127.0.0.1:21663]
08:44:04.929 [Forwarding isElementDisplayed on session 1604b310772daf97ae706b621eadc037 to remote] DEBUG org.asynchttpclient.netty.request.NettyRequestSender - Using pooled Channel '[id: 0x037638b8, L:/127.0.0.1:51431 - R:localhost/127.0.0.1:21663]' for 'POST' to 'http://localhost:21663/session/1604b310772daf97ae706b621eadc037/execute/sync'
08:44:04.929 [Forwarding isElementDisplayed on session 1604b310772daf97ae706b621eadc037 to remote] DEBUG org.asynchttpclient.netty.request.NettyRequestSender - Using open Channel [id: 0x037638b8, L:/127.0.0.1:51431 - R:localhost/127.0.0.1:21663] for POST '/session/1604b310772daf97ae706b621eadc037/execute/sync'
08:44:04.952 [AsyncHttpClient-1-5] DEBUG org.asynchttpclient.netty.handler.HttpHandler - 

Request DefaultHttpRequest(decodeResult: success, version: HTTP/1.1)
POST /session/1604b310772daf97ae706b621eadc037/execute/sync HTTP/1.1
User-Agent: selenium/4.13.0 (java mac)
Content-Length: 48814
Content-Type: application/json; charset=utf-8
host: localhost:21663
accept: */*

Response DefaultHttpResponse(decodeResult: success, version: HTTP/1.1)
HTTP/1.1 200 OK
Content-Length: 14
Content-Type: application/json; charset=utf-8
cache-control: no-cache

08:44:04.952 [AsyncHttpClient-1-5] DEBUG org.asynchttpclient.netty.channel.ChannelManager - Adding key: http://localhost:21663 for channel [id: 0x037638b8, L:/127.0.0.1:51431 - R:localhost/127.0.0.1:21663]
Step 3 : Click on mmt country & currency selection section present.
08:44:04.959 [Forwarding findElement on session 1604b310772daf97ae706b621eadc037 to remote] DEBUG org.asynchttpclient.netty.request.NettyRequestSender - Using pooled Channel '[id: 0x037638b8, L:/127.0.0.1:51431 - R:localhost/127.0.0.1:21663]' for 'POST' to 'http://localhost:21663/session/1604b310772daf97ae706b621eadc037/element'
08:44:04.959 [Forwarding findElement on session 1604b310772daf97ae706b621eadc037 to remote] DEBUG org.asynchttpclient.netty.request.NettyRequestSender - Using open Channel [id: 0x037638b8, L:/127.0.0.1:51431 - R:localhost/127.0.0.1:21663] for POST '/session/1604b310772daf97ae706b621eadc037/element'
08:44:05.018 [AsyncHttpClient-1-5] DEBUG org.asynchttpclient.netty.handler.HttpHandler - 

Request DefaultHttpRequest(decodeResult: success, version: HTTP/1.1)
POST /session/1604b310772daf97ae706b621eadc037/element HTTP/1.1
User-Agent: selenium/4.13.0 (java mac)
Content-Length: 81
Content-Type: application/json; charset=utf-8
host: localhost:21663
accept: */*

Response DefaultHttpResponse(decodeResult: success, version: HTTP/1.1)
HTTP/1.1 200 OK
Content-Length: 95
Content-Type: application/json; charset=utf-8
cache-control: no-cache

08:44:05.019 [AsyncHttpClient-1-5] DEBUG org.asynchttpclient.netty.channel.ChannelManager - Adding key: http://localhost:21663 for channel [id: 0x037638b8, L:/127.0.0.1:51431 - R:localhost/127.0.0.1:21663]
08:44:05.024 [Forwarding isElementDisplayed on session 1604b310772daf97ae706b621eadc037 to remote] DEBUG org.asynchttpclient.netty.request.NettyRequestSender - Using pooled Channel '[id: 0x037638b8, L:/127.0.0.1:51431 - R:localhost/127.0.0.1:21663]' for 'POST' to 'http://localhost:21663/session/1604b310772daf97ae706b621eadc037/execute/sync'
08:44:05.025 [Forwarding isElementDisplayed on session 1604b310772daf97ae706b621eadc037 to remote] DEBUG org.asynchttpclient.netty.request.NettyRequestSender - Using open Channel [id: 0x037638b8, L:/127.0.0.1:51431 - R:localhost/127.0.0.1:21663] for POST '/session/1604b310772daf97ae706b621eadc037/execute/sync'
08:44:05.244 [AsyncHttpClient-1-5] DEBUG org.asynchttpclient.netty.handler.HttpHandler - 

Request DefaultHttpRequest(decodeResult: success, version: HTTP/1.1)
POST /session/1604b310772daf97ae706b621eadc037/execute/sync HTTP/1.1
User-Agent: selenium/4.13.0 (java mac)
Content-Length: 48814
Content-Type: application/json; charset=utf-8
host: localhost:21663
accept: */*

Response DefaultHttpResponse(decodeResult: success, version: HTTP/1.1)
HTTP/1.1 200 OK
Content-Length: 14
Content-Type: application/json; charset=utf-8
cache-control: no-cache

08:44:05.244 [AsyncHttpClient-1-5] DEBUG org.asynchttpclient.netty.channel.ChannelManager - Adding key: http://localhost:21663 for channel [id: 0x037638b8, L:/127.0.0.1:51431 - R:localhost/127.0.0.1:21663]
08:44:05.246 [Forwarding isElementEnabled on session 1604b310772daf97ae706b621eadc037 to remote] DEBUG org.asynchttpclient.netty.request.NettyRequestSender - Using pooled Channel '[id: 0x037638b8, L:/127.0.0.1:51431 - R:localhost/127.0.0.1:21663]' for 'GET' to 'http://localhost:21663/session/1604b310772daf97ae706b621eadc037/element/52C93B21A4F318DD47735505E86EE075_element_32/enabled'
08:44:05.247 [Forwarding isElementEnabled on session 1604b310772daf97ae706b621eadc037 to remote] DEBUG org.asynchttpclient.netty.request.NettyRequestSender - Using open Channel [id: 0x037638b8, L:/127.0.0.1:51431 - R:localhost/127.0.0.1:21663] for GET '/session/1604b310772daf97ae706b621eadc037/element/52C93B21A4F318DD47735505E86EE075_element_32/enabled'
08:44:05.293 [AsyncHttpClient-1-5] DEBUG org.asynchttpclient.netty.handler.HttpHandler - 

Request DefaultFullHttpRequest(decodeResult: success, version: HTTP/1.1, content: EmptyByteBufBE)
GET /session/1604b310772daf97ae706b621eadc037/element/52C93B21A4F318DD47735505E86EE075_element_32/enabled HTTP/1.1
Cache-Control: no-cache
User-Agent: selenium/4.13.0 (java mac)
Content-Type: application/json; charset=utf-8
host: localhost:21663
accept: */*

Response DefaultHttpResponse(decodeResult: success, version: HTTP/1.1)
HTTP/1.1 200 OK
Content-Length: 14
Content-Type: application/json; charset=utf-8
cache-control: no-cache

08:44:05.293 [AsyncHttpClient-1-5] DEBUG org.asynchttpclient.netty.channel.ChannelManager - Adding key: http://localhost:21663 for channel [id: 0x037638b8, L:/127.0.0.1:51431 - R:localhost/127.0.0.1:21663]
08:44:05.295 [Forwarding executeScript on session 1604b310772daf97ae706b621eadc037 to remote] DEBUG org.asynchttpclient.netty.request.NettyRequestSender - Using pooled Channel '[id: 0x037638b8, L:/127.0.0.1:51431 - R:localhost/127.0.0.1:21663]' for 'POST' to 'http://localhost:21663/session/1604b310772daf97ae706b621eadc037/execute/sync'
08:44:05.296 [Forwarding executeScript on session 1604b310772daf97ae706b621eadc037 to remote] DEBUG org.asynchttpclient.netty.request.NettyRequestSender - Using open Channel [id: 0x037638b8, L:/127.0.0.1:51431 - R:localhost/127.0.0.1:21663] for POST '/session/1604b310772daf97ae706b621eadc037/execute/sync'
08:44:05.370 [AsyncHttpClient-1-5] DEBUG org.asynchttpclient.netty.handler.HttpHandler - 

Request DefaultHttpRequest(decodeResult: success, version: HTTP/1.1)
POST /session/1604b310772daf97ae706b621eadc037/execute/sync HTTP/1.1
User-Agent: selenium/4.13.0 (java mac)
Content-Length: 179
Content-Type: application/json; charset=utf-8
host: localhost:21663
accept: */*

Response DefaultHttpResponse(decodeResult: success, version: HTTP/1.1)
HTTP/1.1 200 OK
Content-Length: 14
Content-Type: application/json; charset=utf-8
cache-control: no-cache

08:44:05.370 [AsyncHttpClient-1-5] DEBUG org.asynchttpclient.netty.channel.ChannelManager - Adding key: http://localhost:21663 for channel [id: 0x037638b8, L:/127.0.0.1:51431 - R:localhost/127.0.0.1:21663]
08:44:05.372 [Forwarding clickElement on session 1604b310772daf97ae706b621eadc037 to remote] DEBUG org.asynchttpclient.netty.request.NettyRequestSender - Using pooled Channel '[id: 0x037638b8, L:/127.0.0.1:51431 - R:localhost/127.0.0.1:21663]' for 'POST' to 'http://localhost:21663/session/1604b310772daf97ae706b621eadc037/element/52C93B21A4F318DD47735505E86EE075_element_32/click'
08:44:05.372 [Forwarding clickElement on session 1604b310772daf97ae706b621eadc037 to remote] DEBUG org.asynchttpclient.netty.request.NettyRequestSender - Using open Channel [id: 0x037638b8, L:/127.0.0.1:51431 - R:localhost/127.0.0.1:21663] for POST '/session/1604b310772daf97ae706b621eadc037/element/52C93B21A4F318DD47735505E86EE075_element_32/click'
08:44:05.495 [AsyncHttpClient-1-5] DEBUG org.asynchttpclient.netty.handler.HttpHandler - 

Request DefaultHttpRequest(decodeResult: success, version: HTTP/1.1)
POST /session/1604b310772daf97ae706b621eadc037/element/52C93B21A4F318DD47735505E86EE075_element_32/click HTTP/1.1
User-Agent: selenium/4.13.0 (java mac)
Content-Length: 57
Content-Type: application/json; charset=utf-8
host: localhost:21663
accept: */*

Response DefaultHttpResponse(decodeResult: success, version: HTTP/1.1)
HTTP/1.1 200 OK
Content-Length: 14
Content-Type: application/json; charset=utf-8
cache-control: no-cache

08:44:05.495 [AsyncHttpClient-1-5] DEBUG org.asynchttpclient.netty.channel.ChannelManager - Adding key: http://localhost:21663 for channel [id: 0x037638b8, L:/127.0.0.1:51431 - R:localhost/127.0.0.1:21663]
Step 4 : Select country USA from dropdown.
08:44:05.497 [Forwarding findElement on session 1604b310772daf97ae706b621eadc037 to remote] DEBUG org.asynchttpclient.netty.request.NettyRequestSender - Using pooled Channel '[id: 0x037638b8, L:/127.0.0.1:51431 - R:localhost/127.0.0.1:21663]' for 'POST' to 'http://localhost:21663/session/1604b310772daf97ae706b621eadc037/element'
08:44:05.497 [Forwarding findElement on session 1604b310772daf97ae706b621eadc037 to remote] DEBUG org.asynchttpclient.netty.request.NettyRequestSender - Using open Channel [id: 0x037638b8, L:/127.0.0.1:51431 - R:localhost/127.0.0.1:21663] for POST '/session/1604b310772daf97ae706b621eadc037/element'
08:44:05.508 [AsyncHttpClient-1-5] DEBUG org.asynchttpclient.netty.handler.HttpHandler - 

Request DefaultHttpRequest(decodeResult: success, version: HTTP/1.1)
POST /session/1604b310772daf97ae706b621eadc037/element HTTP/1.1
User-Agent: selenium/4.13.0 (java mac)
Content-Length: 75
Content-Type: application/json; charset=utf-8
host: localhost:21663
accept: */*

Response DefaultHttpResponse(decodeResult: success, version: HTTP/1.1)
HTTP/1.1 200 OK
Content-Length: 95
Content-Type: application/json; charset=utf-8
cache-control: no-cache

08:44:05.508 [AsyncHttpClient-1-5] DEBUG org.asynchttpclient.netty.channel.ChannelManager - Adding key: http://localhost:21663 for channel [id: 0x037638b8, L:/127.0.0.1:51431 - R:localhost/127.0.0.1:21663]
08:44:05.510 [Forwarding isElementDisplayed on session 1604b310772daf97ae706b621eadc037 to remote] DEBUG org.asynchttpclient.netty.request.NettyRequestSender - Using pooled Channel '[id: 0x037638b8, L:/127.0.0.1:51431 - R:localhost/127.0.0.1:21663]' for 'POST' to 'http://localhost:21663/session/1604b310772daf97ae706b621eadc037/execute/sync'
08:44:05.510 [Forwarding isElementDisplayed on session 1604b310772daf97ae706b621eadc037 to remote] DEBUG org.asynchttpclient.netty.request.NettyRequestSender - Using open Channel [id: 0x037638b8, L:/127.0.0.1:51431 - R:localhost/127.0.0.1:21663] for POST '/session/1604b310772daf97ae706b621eadc037/execute/sync'
08:44:05.519 [AsyncHttpClient-1-5] DEBUG org.asynchttpclient.netty.handler.HttpHandler - 

Request DefaultHttpRequest(decodeResult: success, version: HTTP/1.1)
POST /session/1604b310772daf97ae706b621eadc037/execute/sync HTTP/1.1
User-Agent: selenium/4.13.0 (java mac)
Content-Length: 48814
Content-Type: application/json; charset=utf-8
host: localhost:21663
accept: */*

Response DefaultHttpResponse(decodeResult: success, version: HTTP/1.1)
HTTP/1.1 200 OK
Content-Length: 14
Content-Type: application/json; charset=utf-8
cache-control: no-cache

08:44:05.519 [AsyncHttpClient-1-5] DEBUG org.asynchttpclient.netty.channel.ChannelManager - Adding key: http://localhost:21663 for channel [id: 0x037638b8, L:/127.0.0.1:51431 - R:localhost/127.0.0.1:21663]
08:44:05.520 [Forwarding isElementEnabled on session 1604b310772daf97ae706b621eadc037 to remote] DEBUG org.asynchttpclient.netty.request.NettyRequestSender - Using pooled Channel '[id: 0x037638b8, L:/127.0.0.1:51431 - R:localhost/127.0.0.1:21663]' for 'GET' to 'http://localhost:21663/session/1604b310772daf97ae706b621eadc037/element/52C93B21A4F318DD47735505E86EE075_element_37/enabled'
08:44:05.520 [Forwarding isElementEnabled on session 1604b310772daf97ae706b621eadc037 to remote] DEBUG org.asynchttpclient.netty.request.NettyRequestSender - Using open Channel [id: 0x037638b8, L:/127.0.0.1:51431 - R:localhost/127.0.0.1:21663] for GET '/session/1604b310772daf97ae706b621eadc037/element/52C93B21A4F318DD47735505E86EE075_element_37/enabled'
08:44:05.526 [AsyncHttpClient-1-5] DEBUG org.asynchttpclient.netty.handler.HttpHandler - 

Request DefaultFullHttpRequest(decodeResult: success, version: HTTP/1.1, content: EmptyByteBufBE)
GET /session/1604b310772daf97ae706b621eadc037/element/52C93B21A4F318DD47735505E86EE075_element_37/enabled HTTP/1.1
Cache-Control: no-cache
User-Agent: selenium/4.13.0 (java mac)
Content-Type: application/json; charset=utf-8
host: localhost:21663
accept: */*

Response DefaultHttpResponse(decodeResult: success, version: HTTP/1.1)
HTTP/1.1 200 OK
Content-Length: 14
Content-Type: application/json; charset=utf-8
cache-control: no-cache

08:44:05.526 [AsyncHttpClient-1-5] DEBUG org.asynchttpclient.netty.channel.ChannelManager - Adding key: http://localhost:21663 for channel [id: 0x037638b8, L:/127.0.0.1:51431 - R:localhost/127.0.0.1:21663]
08:44:05.528 [Forwarding executeScript on session 1604b310772daf97ae706b621eadc037 to remote] DEBUG org.asynchttpclient.netty.request.NettyRequestSender - Using pooled Channel '[id: 0x037638b8, L:/127.0.0.1:51431 - R:localhost/127.0.0.1:21663]' for 'POST' to 'http://localhost:21663/session/1604b310772daf97ae706b621eadc037/execute/sync'
08:44:05.528 [Forwarding executeScript on session 1604b310772daf97ae706b621eadc037 to remote] DEBUG org.asynchttpclient.netty.request.NettyRequestSender - Using open Channel [id: 0x037638b8, L:/127.0.0.1:51431 - R:localhost/127.0.0.1:21663] for POST '/session/1604b310772daf97ae706b621eadc037/execute/sync'
08:44:05.532 [AsyncHttpClient-1-5] DEBUG org.asynchttpclient.netty.handler.HttpHandler - 

Request DefaultHttpRequest(decodeResult: success, version: HTTP/1.1)
POST /session/1604b310772daf97ae706b621eadc037/execute/sync HTTP/1.1
User-Agent: selenium/4.13.0 (java mac)
Content-Length: 179
Content-Type: application/json; charset=utf-8
host: localhost:21663
accept: */*

Response DefaultHttpResponse(decodeResult: success, version: HTTP/1.1)
HTTP/1.1 200 OK
Content-Length: 14
Content-Type: application/json; charset=utf-8
cache-control: no-cache

08:44:05.532 [AsyncHttpClient-1-5] DEBUG org.asynchttpclient.netty.channel.ChannelManager - Adding key: http://localhost:21663 for channel [id: 0x037638b8, L:/127.0.0.1:51431 - R:localhost/127.0.0.1:21663]
08:44:05.533 [Forwarding clickElement on session 1604b310772daf97ae706b621eadc037 to remote] DEBUG org.asynchttpclient.netty.request.NettyRequestSender - Using pooled Channel '[id: 0x037638b8, L:/127.0.0.1:51431 - R:localhost/127.0.0.1:21663]' for 'POST' to 'http://localhost:21663/session/1604b310772daf97ae706b621eadc037/element/52C93B21A4F318DD47735505E86EE075_element_37/click'
08:44:05.533 [Forwarding clickElement on session 1604b310772daf97ae706b621eadc037 to remote] DEBUG org.asynchttpclient.netty.request.NettyRequestSender - Using open Channel [id: 0x037638b8, L:/127.0.0.1:51431 - R:localhost/127.0.0.1:21663] for POST '/session/1604b310772daf97ae706b621eadc037/element/52C93B21A4F318DD47735505E86EE075_element_37/click'
08:44:05.583 [AsyncHttpClient-1-5] DEBUG org.asynchttpclient.netty.handler.HttpHandler - 

Request DefaultHttpRequest(decodeResult: success, version: HTTP/1.1)
POST /session/1604b310772daf97ae706b621eadc037/element/52C93B21A4F318DD47735505E86EE075_element_37/click HTTP/1.1
User-Agent: selenium/4.13.0 (java mac)
Content-Length: 57
Content-Type: application/json; charset=utf-8
host: localhost:21663
accept: */*

Response DefaultHttpResponse(decodeResult: success, version: HTTP/1.1)
HTTP/1.1 200 OK
Content-Length: 14
Content-Type: application/json; charset=utf-8
cache-control: no-cache

08:44:05.583 [AsyncHttpClient-1-5] DEBUG org.asynchttpclient.netty.channel.ChannelManager - Adding key: http://localhost:21663 for channel [id: 0x037638b8, L:/127.0.0.1:51431 - R:localhost/127.0.0.1:21663]
08:44:05.585 [Forwarding findElement on session 1604b310772daf97ae706b621eadc037 to remote] DEBUG org.asynchttpclient.netty.request.NettyRequestSender - Using pooled Channel '[id: 0x037638b8, L:/127.0.0.1:51431 - R:localhost/127.0.0.1:21663]' for 'POST' to 'http://localhost:21663/session/1604b310772daf97ae706b621eadc037/element'
08:44:05.585 [Forwarding findElement on session 1604b310772daf97ae706b621eadc037 to remote] DEBUG org.asynchttpclient.netty.request.NettyRequestSender - Using open Channel [id: 0x037638b8, L:/127.0.0.1:51431 - R:localhost/127.0.0.1:21663] for POST '/session/1604b310772daf97ae706b621eadc037/element'
08:44:05.595 [AsyncHttpClient-1-5] DEBUG org.asynchttpclient.netty.handler.HttpHandler - 

Request DefaultHttpRequest(decodeResult: success, version: HTTP/1.1)
POST /session/1604b310772daf97ae706b621eadc037/element HTTP/1.1
User-Agent: selenium/4.13.0 (java mac)
Content-Length: 64
Content-Type: application/json; charset=utf-8
host: localhost:21663
accept: */*

Response DefaultHttpResponse(decodeResult: success, version: HTTP/1.1)
HTTP/1.1 200 OK
Content-Length: 95
Content-Type: application/json; charset=utf-8
cache-control: no-cache

08:44:05.595 [AsyncHttpClient-1-5] DEBUG org.asynchttpclient.netty.channel.ChannelManager - Adding key: http://localhost:21663 for channel [id: 0x037638b8, L:/127.0.0.1:51431 - R:localhost/127.0.0.1:21663]
08:44:05.598 [Forwarding isElementDisplayed on session 1604b310772daf97ae706b621eadc037 to remote] DEBUG org.asynchttpclient.netty.request.NettyRequestSender - Using pooled Channel '[id: 0x037638b8, L:/127.0.0.1:51431 - R:localhost/127.0.0.1:21663]' for 'POST' to 'http://localhost:21663/session/1604b310772daf97ae706b621eadc037/execute/sync'
08:44:05.598 [Forwarding isElementDisplayed on session 1604b310772daf97ae706b621eadc037 to remote] DEBUG org.asynchttpclient.netty.request.NettyRequestSender - Using open Channel [id: 0x037638b8, L:/127.0.0.1:51431 - R:localhost/127.0.0.1:21663] for POST '/session/1604b310772daf97ae706b621eadc037/execute/sync'
08:44:05.606 [AsyncHttpClient-1-5] DEBUG org.asynchttpclient.netty.handler.HttpHandler - 

Request DefaultHttpRequest(decodeResult: success, version: HTTP/1.1)
POST /session/1604b310772daf97ae706b621eadc037/execute/sync HTTP/1.1
User-Agent: selenium/4.13.0 (java mac)
Content-Length: 48814
Content-Type: application/json; charset=utf-8
host: localhost:21663
accept: */*

Response DefaultHttpResponse(decodeResult: success, version: HTTP/1.1)
HTTP/1.1 200 OK
Content-Length: 14
Content-Type: application/json; charset=utf-8
cache-control: no-cache

08:44:05.606 [AsyncHttpClient-1-5] DEBUG org.asynchttpclient.netty.channel.ChannelManager - Adding key: http://localhost:21663 for channel [id: 0x037638b8, L:/127.0.0.1:51431 - R:localhost/127.0.0.1:21663]
08:44:05.607 [Forwarding isElementEnabled on session 1604b310772daf97ae706b621eadc037 to remote] DEBUG org.asynchttpclient.netty.request.NettyRequestSender - Using pooled Channel '[id: 0x037638b8, L:/127.0.0.1:51431 - R:localhost/127.0.0.1:21663]' for 'GET' to 'http://localhost:21663/session/1604b310772daf97ae706b621eadc037/element/52C93B21A4F318DD47735505E86EE075_element_42/enabled'
08:44:05.607 [Forwarding isElementEnabled on session 1604b310772daf97ae706b621eadc037 to remote] DEBUG org.asynchttpclient.netty.request.NettyRequestSender - Using open Channel [id: 0x037638b8, L:/127.0.0.1:51431 - R:localhost/127.0.0.1:21663] for GET '/session/1604b310772daf97ae706b621eadc037/element/52C93B21A4F318DD47735505E86EE075_element_42/enabled'
08:44:05.613 [AsyncHttpClient-1-5] DEBUG org.asynchttpclient.netty.handler.HttpHandler - 

Request DefaultFullHttpRequest(decodeResult: success, version: HTTP/1.1, content: EmptyByteBufBE)
GET /session/1604b310772daf97ae706b621eadc037/element/52C93B21A4F318DD47735505E86EE075_element_42/enabled HTTP/1.1
Cache-Control: no-cache
User-Agent: selenium/4.13.0 (java mac)
Content-Type: application/json; charset=utf-8
host: localhost:21663
accept: */*

Response DefaultHttpResponse(decodeResult: success, version: HTTP/1.1)
HTTP/1.1 200 OK
Content-Length: 14
Content-Type: application/json; charset=utf-8
cache-control: no-cache

08:44:05.613 [AsyncHttpClient-1-5] DEBUG org.asynchttpclient.netty.channel.ChannelManager - Adding key: http://localhost:21663 for channel [id: 0x037638b8, L:/127.0.0.1:51431 - R:localhost/127.0.0.1:21663]
08:44:05.615 [Forwarding executeScript on session 1604b310772daf97ae706b621eadc037 to remote] DEBUG org.asynchttpclient.netty.request.NettyRequestSender - Using pooled Channel '[id: 0x037638b8, L:/127.0.0.1:51431 - R:localhost/127.0.0.1:21663]' for 'POST' to 'http://localhost:21663/session/1604b310772daf97ae706b621eadc037/execute/sync'
08:44:05.615 [Forwarding executeScript on session 1604b310772daf97ae706b621eadc037 to remote] DEBUG org.asynchttpclient.netty.request.NettyRequestSender - Using open Channel [id: 0x037638b8, L:/127.0.0.1:51431 - R:localhost/127.0.0.1:21663] for POST '/session/1604b310772daf97ae706b621eadc037/execute/sync'
08:44:05.619 [AsyncHttpClient-1-5] DEBUG org.asynchttpclient.netty.handler.HttpHandler - 

Request DefaultHttpRequest(decodeResult: success, version: HTTP/1.1)
POST /session/1604b310772daf97ae706b621eadc037/execute/sync HTTP/1.1
User-Agent: selenium/4.13.0 (java mac)
Content-Length: 179
Content-Type: application/json; charset=utf-8
host: localhost:21663
accept: */*

Response DefaultHttpResponse(decodeResult: success, version: HTTP/1.1)
HTTP/1.1 200 OK
Content-Length: 14
Content-Type: application/json; charset=utf-8
cache-control: no-cache

08:44:05.619 [AsyncHttpClient-1-5] DEBUG org.asynchttpclient.netty.channel.ChannelManager - Adding key: http://localhost:21663 for channel [id: 0x037638b8, L:/127.0.0.1:51431 - R:localhost/127.0.0.1:21663]
08:44:05.621 [Forwarding clickElement on session 1604b310772daf97ae706b621eadc037 to remote] DEBUG org.asynchttpclient.netty.request.NettyRequestSender - Using pooled Channel '[id: 0x037638b8, L:/127.0.0.1:51431 - R:localhost/127.0.0.1:21663]' for 'POST' to 'http://localhost:21663/session/1604b310772daf97ae706b621eadc037/element/52C93B21A4F318DD47735505E86EE075_element_42/click'
08:44:05.621 [Forwarding clickElement on session 1604b310772daf97ae706b621eadc037 to remote] DEBUG org.asynchttpclient.netty.request.NettyRequestSender - Using open Channel [id: 0x037638b8, L:/127.0.0.1:51431 - R:localhost/127.0.0.1:21663] for POST '/session/1604b310772daf97ae706b621eadc037/element/52C93B21A4F318DD47735505E86EE075_element_42/click'
08:44:05.644 [AsyncHttpClient-1-1] DEBUG org.asynchttpclient.netty.channel.DefaultChannelPool - Entry count for : http://localhost:51432 : 1
08:44:05.700 [AsyncHttpClient-1-5] DEBUG org.asynchttpclient.netty.handler.HttpHandler - 

Request DefaultHttpRequest(decodeResult: success, version: HTTP/1.1)
POST /session/1604b310772daf97ae706b621eadc037/element/52C93B21A4F318DD47735505E86EE075_element_42/click HTTP/1.1
User-Agent: selenium/4.13.0 (java mac)
Content-Length: 57
Content-Type: application/json; charset=utf-8
host: localhost:21663
accept: */*

Response DefaultHttpResponse(decodeResult: success, version: HTTP/1.1)
HTTP/1.1 200 OK
Content-Length: 14
Content-Type: application/json; charset=utf-8
cache-control: no-cache

08:44:05.700 [AsyncHttpClient-1-5] DEBUG org.asynchttpclient.netty.channel.ChannelManager - Adding key: http://localhost:21663 for channel [id: 0x037638b8, L:/127.0.0.1:51431 - R:localhost/127.0.0.1:21663]
Step 5 : Click on apply button.
08:44:05.702 [Forwarding findElement on session 1604b310772daf97ae706b621eadc037 to remote] DEBUG org.asynchttpclient.netty.request.NettyRequestSender - Using pooled Channel '[id: 0x037638b8, L:/127.0.0.1:51431 - R:localhost/127.0.0.1:21663]' for 'POST' to 'http://localhost:21663/session/1604b310772daf97ae706b621eadc037/element'
08:44:05.702 [Forwarding findElement on session 1604b310772daf97ae706b621eadc037 to remote] DEBUG org.asynchttpclient.netty.request.NettyRequestSender - Using open Channel [id: 0x037638b8, L:/127.0.0.1:51431 - R:localhost/127.0.0.1:21663] for POST '/session/1604b310772daf97ae706b621eadc037/element'
08:44:05.718 [AsyncHttpClient-1-5] DEBUG org.asynchttpclient.netty.handler.HttpHandler - 

Request DefaultHttpRequest(decodeResult: success, version: HTTP/1.1)
POST /session/1604b310772daf97ae706b621eadc037/element HTTP/1.1
User-Agent: selenium/4.13.0 (java mac)
Content-Length: 71
Content-Type: application/json; charset=utf-8
host: localhost:21663
accept: */*

Response DefaultHttpResponse(decodeResult: success, version: HTTP/1.1)
HTTP/1.1 200 OK
Content-Length: 95
Content-Type: application/json; charset=utf-8
cache-control: no-cache

08:44:05.718 [AsyncHttpClient-1-5] DEBUG org.asynchttpclient.netty.channel.ChannelManager - Adding key: http://localhost:21663 for channel [id: 0x037638b8, L:/127.0.0.1:51431 - R:localhost/127.0.0.1:21663]
08:44:05.721 [Forwarding isElementDisplayed on session 1604b310772daf97ae706b621eadc037 to remote] DEBUG org.asynchttpclient.netty.request.NettyRequestSender - Using pooled Channel '[id: 0x037638b8, L:/127.0.0.1:51431 - R:localhost/127.0.0.1:21663]' for 'POST' to 'http://localhost:21663/session/1604b310772daf97ae706b621eadc037/execute/sync'
08:44:05.721 [Forwarding isElementDisplayed on session 1604b310772daf97ae706b621eadc037 to remote] DEBUG org.asynchttpclient.netty.request.NettyRequestSender - Using open Channel [id: 0x037638b8, L:/127.0.0.1:51431 - R:localhost/127.0.0.1:21663] for POST '/session/1604b310772daf97ae706b621eadc037/execute/sync'
08:44:05.732 [AsyncHttpClient-1-5] DEBUG org.asynchttpclient.netty.handler.HttpHandler - 

Request DefaultHttpRequest(decodeResult: success, version: HTTP/1.1)
POST /session/1604b310772daf97ae706b621eadc037/execute/sync HTTP/1.1
User-Agent: selenium/4.13.0 (java mac)
Content-Length: 48814
Content-Type: application/json; charset=utf-8
host: localhost:21663
accept: */*

Response DefaultHttpResponse(decodeResult: success, version: HTTP/1.1)
HTTP/1.1 200 OK
Content-Length: 14
Content-Type: application/json; charset=utf-8
cache-control: no-cache

08:44:05.732 [AsyncHttpClient-1-5] DEBUG org.asynchttpclient.netty.channel.ChannelManager - Adding key: http://localhost:21663 for channel [id: 0x037638b8, L:/127.0.0.1:51431 - R:localhost/127.0.0.1:21663]
08:44:05.734 [Forwarding isElementEnabled on session 1604b310772daf97ae706b621eadc037 to remote] DEBUG org.asynchttpclient.netty.request.NettyRequestSender - Using pooled Channel '[id: 0x037638b8, L:/127.0.0.1:51431 - R:localhost/127.0.0.1:21663]' for 'GET' to 'http://localhost:21663/session/1604b310772daf97ae706b621eadc037/element/52C93B21A4F318DD47735505E86EE075_element_44/enabled'
08:44:05.734 [Forwarding isElementEnabled on session 1604b310772daf97ae706b621eadc037 to remote] DEBUG org.asynchttpclient.netty.request.NettyRequestSender - Using open Channel [id: 0x037638b8, L:/127.0.0.1:51431 - R:localhost/127.0.0.1:21663] for GET '/session/1604b310772daf97ae706b621eadc037/element/52C93B21A4F318DD47735505E86EE075_element_44/enabled'
08:44:05.750 [AsyncHttpClient-1-5] DEBUG org.asynchttpclient.netty.handler.HttpHandler - 

Request DefaultFullHttpRequest(decodeResult: success, version: HTTP/1.1, content: EmptyByteBufBE)
GET /session/1604b310772daf97ae706b621eadc037/element/52C93B21A4F318DD47735505E86EE075_element_44/enabled HTTP/1.1
Cache-Control: no-cache
User-Agent: selenium/4.13.0 (java mac)
Content-Type: application/json; charset=utf-8
host: localhost:21663
accept: */*

Response DefaultHttpResponse(decodeResult: success, version: HTTP/1.1)
HTTP/1.1 200 OK
Content-Length: 14
Content-Type: application/json; charset=utf-8
cache-control: no-cache

08:44:05.750 [AsyncHttpClient-1-5] DEBUG org.asynchttpclient.netty.channel.ChannelManager - Adding key: http://localhost:21663 for channel [id: 0x037638b8, L:/127.0.0.1:51431 - R:localhost/127.0.0.1:21663]
08:44:05.752 [Forwarding executeScript on session 1604b310772daf97ae706b621eadc037 to remote] DEBUG org.asynchttpclient.netty.request.NettyRequestSender - Using pooled Channel '[id: 0x037638b8, L:/127.0.0.1:51431 - R:localhost/127.0.0.1:21663]' for 'POST' to 'http://localhost:21663/session/1604b310772daf97ae706b621eadc037/execute/sync'
08:44:05.752 [Forwarding executeScript on session 1604b310772daf97ae706b621eadc037 to remote] DEBUG org.asynchttpclient.netty.request.NettyRequestSender - Using open Channel [id: 0x037638b8, L:/127.0.0.1:51431 - R:localhost/127.0.0.1:21663] for POST '/session/1604b310772daf97ae706b621eadc037/execute/sync'
08:44:05.760 [AsyncHttpClient-1-5] DEBUG org.asynchttpclient.netty.handler.HttpHandler - 

Request DefaultHttpRequest(decodeResult: success, version: HTTP/1.1)
POST /session/1604b310772daf97ae706b621eadc037/execute/sync HTTP/1.1
User-Agent: selenium/4.13.0 (java mac)
Content-Length: 179
Content-Type: application/json; charset=utf-8
host: localhost:21663
accept: */*

Response DefaultHttpResponse(decodeResult: success, version: HTTP/1.1)
HTTP/1.1 200 OK
Content-Length: 14
Content-Type: application/json; charset=utf-8
cache-control: no-cache

08:44:05.760 [AsyncHttpClient-1-5] DEBUG org.asynchttpclient.netty.channel.ChannelManager - Adding key: http://localhost:21663 for channel [id: 0x037638b8, L:/127.0.0.1:51431 - R:localhost/127.0.0.1:21663]
08:44:05.762 [Forwarding clickElement on session 1604b310772daf97ae706b621eadc037 to remote] DEBUG org.asynchttpclient.netty.request.NettyRequestSender - Using pooled Channel '[id: 0x037638b8, L:/127.0.0.1:51431 - R:localhost/127.0.0.1:21663]' for 'POST' to 'http://localhost:21663/session/1604b310772daf97ae706b621eadc037/element/52C93B21A4F318DD47735505E86EE075_element_44/click'
08:44:05.762 [Forwarding clickElement on session 1604b310772daf97ae706b621eadc037 to remote] DEBUG org.asynchttpclient.netty.request.NettyRequestSender - Using open Channel [id: 0x037638b8, L:/127.0.0.1:51431 - R:localhost/127.0.0.1:21663] for POST '/session/1604b310772daf97ae706b621eadc037/element/52C93B21A4F318DD47735505E86EE075_element_44/click'
08:44:06.739 [AsyncHttpClient-1-1] DEBUG org.asynchttpclient.netty.channel.DefaultChannelPool - Entry count for : http://localhost:51432 : 1
08:44:06.831 [AsyncHttpClient-1-5] DEBUG org.asynchttpclient.netty.handler.HttpHandler - 

Request DefaultHttpRequest(decodeResult: success, version: HTTP/1.1)
POST /session/1604b310772daf97ae706b621eadc037/element/52C93B21A4F318DD47735505E86EE075_element_44/click HTTP/1.1
User-Agent: selenium/4.13.0 (java mac)
Content-Length: 57
Content-Type: application/json; charset=utf-8
host: localhost:21663
accept: */*

Response DefaultHttpResponse(decodeResult: success, version: HTTP/1.1)
HTTP/1.1 400 Bad Request
Content-Length: 2883
Content-Type: application/json; charset=utf-8
cache-control: no-cache

08:44:06.831 [AsyncHttpClient-1-5] DEBUG org.asynchttpclient.netty.channel.ChannelManager - Adding key: http://localhost:21663 for channel [id: 0x037638b8, L:/127.0.0.1:51431 - R:localhost/127.0.0.1:21663]
Step 6 : Verify language english annd currency USD selected.
08:44:06.839 [Forwarding findElement on session 1604b310772daf97ae706b621eadc037 to remote] DEBUG org.asynchttpclient.netty.request.NettyRequestSender - Using pooled Channel '[id: 0x037638b8, L:/127.0.0.1:51431 - R:localhost/127.0.0.1:21663]' for 'POST' to 'http://localhost:21663/session/1604b310772daf97ae706b621eadc037/element'
08:44:06.839 [Forwarding findElement on session 1604b310772daf97ae706b621eadc037 to remote] DEBUG org.asynchttpclient.netty.request.NettyRequestSender - Using open Channel [id: 0x037638b8, L:/127.0.0.1:51431 - R:localhost/127.0.0.1:21663] for POST '/session/1604b310772daf97ae706b621eadc037/element'
08:44:06.850 [AsyncHttpClient-1-5] DEBUG org.asynchttpclient.netty.handler.HttpHandler - 

Request DefaultHttpRequest(decodeResult: success, version: HTTP/1.1)
POST /session/1604b310772daf97ae706b621eadc037/element HTTP/1.1
User-Agent: selenium/4.13.0 (java mac)
Content-Length: 102
Content-Type: application/json; charset=utf-8
host: localhost:21663
accept: */*

Response DefaultHttpResponse(decodeResult: success, version: HTTP/1.1)
HTTP/1.1 200 OK
Content-Length: 95
Content-Type: application/json; charset=utf-8
cache-control: no-cache

08:44:06.850 [AsyncHttpClient-1-5] DEBUG org.asynchttpclient.netty.channel.ChannelManager - Adding key: http://localhost:21663 for channel [id: 0x037638b8, L:/127.0.0.1:51431 - R:localhost/127.0.0.1:21663]
08:44:06.852 [Forwarding executeScript on session 1604b310772daf97ae706b621eadc037 to remote] DEBUG org.asynchttpclient.netty.request.NettyRequestSender - Using pooled Channel '[id: 0x037638b8, L:/127.0.0.1:51431 - R:localhost/127.0.0.1:21663]' for 'POST' to 'http://localhost:21663/session/1604b310772daf97ae706b621eadc037/execute/sync'
08:44:06.852 [Forwarding executeScript on session 1604b310772daf97ae706b621eadc037 to remote] DEBUG org.asynchttpclient.netty.request.NettyRequestSender - Using open Channel [id: 0x037638b8, L:/127.0.0.1:51431 - R:localhost/127.0.0.1:21663] for POST '/session/1604b310772daf97ae706b621eadc037/execute/sync'
08:44:06.856 [AsyncHttpClient-1-5] DEBUG org.asynchttpclient.netty.handler.HttpHandler - 

Request DefaultHttpRequest(decodeResult: success, version: HTTP/1.1)
POST /session/1604b310772daf97ae706b621eadc037/execute/sync HTTP/1.1
User-Agent: selenium/4.13.0 (java mac)
Content-Length: 179
Content-Type: application/json; charset=utf-8
host: localhost:21663
accept: */*

Response DefaultHttpResponse(decodeResult: success, version: HTTP/1.1)
HTTP/1.1 200 OK
Content-Length: 14
Content-Type: application/json; charset=utf-8
cache-control: no-cache

08:44:06.857 [AsyncHttpClient-1-5] DEBUG org.asynchttpclient.netty.channel.ChannelManager - Adding key: http://localhost:21663 for channel [id: 0x037638b8, L:/127.0.0.1:51431 - R:localhost/127.0.0.1:21663]
08:44:06.858 [Forwarding getElementText on session 1604b310772daf97ae706b621eadc037 to remote] DEBUG org.asynchttpclient.netty.request.NettyRequestSender - Using pooled Channel '[id: 0x037638b8, L:/127.0.0.1:51431 - R:localhost/127.0.0.1:21663]' for 'GET' to 'http://localhost:21663/session/1604b310772daf97ae706b621eadc037/element/52C93B21A4F318DD47735505E86EE075_element_47/text'
08:44:06.858 [Forwarding getElementText on session 1604b310772daf97ae706b621eadc037 to remote] DEBUG org.asynchttpclient.netty.request.NettyRequestSender - Using open Channel [id: 0x037638b8, L:/127.0.0.1:51431 - R:localhost/127.0.0.1:21663] for GET '/session/1604b310772daf97ae706b621eadc037/element/52C93B21A4F318DD47735505E86EE075_element_47/text'
08:44:06.871 [AsyncHttpClient-1-5] DEBUG org.asynchttpclient.netty.handler.HttpHandler - 

Request DefaultFullHttpRequest(decodeResult: success, version: HTTP/1.1, content: EmptyByteBufBE)
GET /session/1604b310772daf97ae706b621eadc037/element/52C93B21A4F318DD47735505E86EE075_element_47/text HTTP/1.1
Cache-Control: no-cache
User-Agent: selenium/4.13.0 (java mac)
Content-Type: application/json; charset=utf-8
host: localhost:21663
accept: */*

Response DefaultHttpResponse(decodeResult: success, version: HTTP/1.1)
HTTP/1.1 200 OK
Content-Length: 14
Content-Type: application/json; charset=utf-8
cache-control: no-cache

08:44:06.871 [AsyncHttpClient-1-5] DEBUG org.asynchttpclient.netty.channel.ChannelManager - Adding key: http://localhost:21663 for channel [id: 0x037638b8, L:/127.0.0.1:51431 - R:localhost/127.0.0.1:21663]
]]></system-out>
    <system-err><![CDATA[Jan 14, 2024 8:44:00 AM org.openqa.selenium.remote.http.WebSocket$Listener onError
WARNING: Connection reset
java.net.SocketException: Connection reset
	at java.base/sun.nio.ch.SocketChannelImpl.throwConnectionReset(SocketChannelImpl.java:401)
	at java.base/sun.nio.ch.SocketChannelImpl.read(SocketChannelImpl.java:434)
	at io.netty.buffer.PooledByteBuf.setBytes(PooledByteBuf.java:254)
	at io.netty.buffer.AbstractByteBuf.writeBytes(AbstractByteBuf.java:1132)
	at io.netty.channel.socket.nio.NioSocketChannel.doReadBytes(NioSocketChannel.java:357)
	at io.netty.channel.nio.AbstractNioByteChannel$NioByteUnsafe.read(AbstractNioByteChannel.java:151)
	at io.netty.channel.nio.NioEventLoop.processSelectedKey(NioEventLoop.java:788)
	at io.netty.channel.nio.NioEventLoop.processSelectedKeysOptimized(NioEventLoop.java:724)
	at io.netty.channel.nio.NioEventLoop.processSelectedKeys(NioEventLoop.java:650)
	at io.netty.channel.nio.NioEventLoop.run(NioEventLoop.java:562)
	at io.netty.util.concurrent.SingleThreadEventExecutor$4.run(SingleThreadEventExecutor.java:997)
	at io.netty.util.internal.ThreadExecutorMap$2.run(ThreadExecutorMap.java:74)
	at io.netty.util.concurrent.FastThreadLocalRunnable.run(FastThreadLocalRunnable.java:30)
	at java.base/java.lang.Thread.run(Thread.java:1583)

Jan 14, 2024 8:44:02 AM org.openqa.selenium.devtools.CdpVersionFinder findNearestMatch
WARNING: Unable to find an exact match for CDP version 120, so returning the closest version found: 117
]]></system-err>
  </testcase>
  <testcase name="verifySearchFlight" classname="com.sample.modules.HomePage" time="23.526">
    <failure message="Expected condition failed: waiting for element to be clickable: By.xpath: //input[@placeholder=&apos;From&apos;] (tried for 20 second(s) with 500 milliseconds interval)&#10;Build info: version: &apos;4.13.0&apos;, revision: &apos;ba948ece5b*&apos;&#10;System info: os.name: &apos;Mac OS X&apos;, os.arch: &apos;x86_64&apos;, os.version: &apos;11.7.10&apos;, java.version: &apos;21&apos;&#10;Driver info: org.openqa.selenium.chrome.ChromeDriver&#10;Capabilities {acceptInsecureCerts: true, browserName: chrome, browserVersion: 120.0.6099.216, chrome: {chromedriverVersion: 120.0.6099.109 (3419140ab66..., userDataDir: /var/folders/pb/lrccxhdn21v...}, fedcm:accounts: true, goog:chromeOptions: {debuggerAddress: localhost:51485}, networkConnectionEnabled: false, pageLoadStrategy: normal, platformName: mac, proxy: Proxy(), se:cdp: ws://localhost:51485/devtoo..., se:cdpVersion: 120.0.6099.216, setWindowRect: true, strictFileInteractability: false, timeouts: {implicit: 0, pageLoad: 300000, script: 30000}, unhandledPromptBehavior: dismiss and notify, webauthn:extension:credBlob: true, webauthn:extension:largeBlob: true, webauthn:extension:minPinLength: true, webauthn:extension:prf: true, webauthn:virtualAuthenticators: true}&#10;Session ID: ee50e6468c79ab3d30aa799a11eeabc1" type="org.openqa.selenium.TimeoutException"><![CDATA[org.openqa.selenium.TimeoutException: 
Expected condition failed: waiting for element to be clickable: By.xpath: //input[@placeholder='From'] (tried for 20 second(s) with 500 milliseconds interval)
Build info: version: '4.13.0', revision: 'ba948ece5b*'
System info: os.name: 'Mac OS X', os.arch: 'x86_64', os.version: '11.7.10', java.version: '21'
Driver info: org.openqa.selenium.chrome.ChromeDriver
Capabilities {acceptInsecureCerts: true, browserName: chrome, browserVersion: 120.0.6099.216, chrome: {chromedriverVersion: 120.0.6099.109 (3419140ab66..., userDataDir: /var/folders/pb/lrccxhdn21v...}, fedcm:accounts: true, goog:chromeOptions: {debuggerAddress: localhost:51485}, networkConnectionEnabled: false, pageLoadStrategy: normal, platformName: mac, proxy: Proxy(), se:cdp: ws://localhost:51485/devtoo..., se:cdpVersion: 120.0.6099.216, setWindowRect: true, strictFileInteractability: false, timeouts: {implicit: 0, pageLoad: 300000, script: 30000}, unhandledPromptBehavior: dismiss and notify, webauthn:extension:credBlob: true, webauthn:extension:largeBlob: true, webauthn:extension:minPinLength: true, webauthn:extension:prf: true, webauthn:virtualAuthenticators: true}
Session ID: ee50e6468c79ab3d30aa799a11eeabc1
	at org.openqa.selenium.support.ui.WebDriverWait.timeoutException(WebDriverWait.java:84)
	at org.openqa.selenium.support.ui.FluentWait.until(FluentWait.java:230)
	at com.sample.utils.Common.waitUntilElementToBeClickable(Common.java:44)
	at com.sample.utils.Common.typeAndSelectFirst(Common.java:303)
	at com.sample.modules.HomePage.verifySearchFlight(HomePage.java:70)
	at java.base/jdk.internal.reflect.DirectMethodHandleAccessor.invoke(DirectMethodHandleAccessor.java:103)
	at java.base/java.lang.reflect.Method.invoke(Method.java:580)
	at org.testng.internal.invokers.MethodInvocationHelper.invokeMethod(MethodInvocationHelper.java:135)
	at org.testng.internal.invokers.TestInvoker.invokeMethod(TestInvoker.java:673)
	at org.testng.internal.invokers.TestInvoker.invokeTestMethod(TestInvoker.java:220)
	at org.testng.internal.invokers.MethodRunner.runInSequence(MethodRunner.java:50)
	at org.testng.internal.invokers.TestInvoker$MethodInvocationAgent.invoke(TestInvoker.java:945)
	at org.testng.internal.invokers.TestInvoker.invokeTestMethods(TestInvoker.java:193)
	at org.testng.internal.invokers.TestMethodWorker.invokeTestMethods(TestMethodWorker.java:146)
	at org.testng.internal.invokers.TestMethodWorker.run(TestMethodWorker.java:128)
	at java.base/java.util.ArrayList.forEach(ArrayList.java:1596)
	at org.testng.TestRunner.privateRun(TestRunner.java:808)
	at org.testng.TestRunner.run(TestRunner.java:603)
	at org.testng.SuiteRunner.runTest(SuiteRunner.java:429)
	at org.testng.SuiteRunner.runSequentially(SuiteRunner.java:423)
	at org.testng.SuiteRunner.privateRun(SuiteRunner.java:383)
	at org.testng.SuiteRunner.run(SuiteRunner.java:326)
	at org.testng.SuiteRunnerWorker.runSuite(SuiteRunnerWorker.java:52)
	at org.testng.SuiteRunnerWorker.run(SuiteRunnerWorker.java:95)
	at org.testng.TestNG.runSuitesSequentially(TestNG.java:1249)
	at org.testng.TestNG.runSuitesLocally(TestNG.java:1169)
	at org.testng.TestNG.runSuites(TestNG.java:1092)
	at org.testng.TestNG.run(TestNG.java:1060)
	at org.apache.maven.surefire.testng.TestNGExecutor.run(TestNGExecutor.java:308)
	at org.apache.maven.surefire.testng.TestNGXmlTestSuite.execute(TestNGXmlTestSuite.java:71)
	at org.apache.maven.surefire.testng.TestNGProvider.invoke(TestNGProvider.java:113)
	at org.apache.maven.surefire.booter.ForkedBooter.runSuitesInProcess(ForkedBooter.java:385)
	at org.apache.maven.surefire.booter.ForkedBooter.execute(ForkedBooter.java:162)
	at org.apache.maven.surefire.booter.ForkedBooter.run(ForkedBooter.java:507)
	at org.apache.maven.surefire.booter.ForkedBooter.main(ForkedBooter.java:495)
]]></failure>
    <system-out><![CDATA[<font color=#FF0000><strong><i> FAIL : verifyCountryCurrencyWidget</i></strong></font>
08:44:06.877 [Forwarding screenshot on session 1604b310772daf97ae706b621eadc037 to remote] DEBUG org.asynchttpclient.netty.request.NettyRequestSender - Using pooled Channel '[id: 0x037638b8, L:/127.0.0.1:51431 - R:localhost/127.0.0.1:21663]' for 'GET' to 'http://localhost:21663/session/1604b310772daf97ae706b621eadc037/screenshot'
08:44:06.877 [Forwarding screenshot on session 1604b310772daf97ae706b621eadc037 to remote] DEBUG org.asynchttpclient.netty.request.NettyRequestSender - Using open Channel [id: 0x037638b8, L:/127.0.0.1:51431 - R:localhost/127.0.0.1:21663] for GET '/session/1604b310772daf97ae706b621eadc037/screenshot'
08:44:07.700 [AsyncHttpClient-1-5] DEBUG org.asynchttpclient.netty.handler.HttpHandler - 

Request DefaultFullHttpRequest(decodeResult: success, version: HTTP/1.1, content: EmptyByteBufBE)
GET /session/1604b310772daf97ae706b621eadc037/screenshot HTTP/1.1
Cache-Control: no-cache
User-Agent: selenium/4.13.0 (java mac)
Content-Type: application/json; charset=utf-8
host: localhost:21663
accept: */*

Response DefaultHttpResponse(decodeResult: success, version: HTTP/1.1)
HTTP/1.1 200 OK
Content-Length: 2888600
Content-Type: application/json; charset=utf-8
cache-control: no-cache

08:44:07.712 [AsyncHttpClient-1-5] DEBUG org.asynchttpclient.netty.channel.ChannelManager - Adding key: http://localhost:21663 for channel [id: 0x037638b8, L:/127.0.0.1:51431 - R:localhost/127.0.0.1:21663]
Total testcases:-2
Total passed testcases:-1
Total failed testcases:-1
08:44:07.805 [Driver Command Executor] DEBUG org.asynchttpclient.netty.request.NettyRequestSender - Using pooled Channel '[id: 0x037638b8, L:/127.0.0.1:51431 - R:localhost/127.0.0.1:21663]' for 'DELETE' to 'http://localhost:21663/session/1604b310772daf97ae706b621eadc037'
08:44:07.805 [Driver Command Executor] DEBUG org.asynchttpclient.netty.request.NettyRequestSender - Using open Channel [id: 0x037638b8, L:/127.0.0.1:51431 - R:localhost/127.0.0.1:21663] for DELETE '/session/1604b310772daf97ae706b621eadc037'
08:44:07.806 [AsyncHttpClient-1-7] DEBUG org.asynchttpclient.netty.handler.WebSocketHandler - Channel Closed: [id: 0xf91f6020, L:/127.0.0.1:51437 ! R:localhost/127.0.0.1:51432] with attribute DISCARD
08:44:07.826 [AsyncHttpClient-1-6] DEBUG org.asynchttpclient.netty.handler.HttpHandler - Channel Closed: [id: 0xea859cff, L:/127.0.0.1:51436 ! R:localhost/127.0.0.1:51432] with attribute DISCARD
08:44:07.839 [AsyncHttpClient-1-1] DEBUG org.asynchttpclient.netty.channel.DefaultChannelPool - Entry count for : http://localhost:51432 : 1
08:44:07.839 [AsyncHttpClient-1-1] DEBUG org.asynchttpclient.netty.channel.DefaultChannelPool - Adding Candidate expired Channel [id: 0xea859cff, L:/127.0.0.1:51436 ! R:localhost/127.0.0.1:51432] isIdleTimeoutExpired=false isRemotelyClosed=true isTtlExpired=false
08:44:07.839 [AsyncHttpClient-1-1] DEBUG org.asynchttpclient.netty.channel.DefaultChannelPool - Closing Idle Channel [id: 0xea859cff, L:/127.0.0.1:51436 ! R:localhost/127.0.0.1:51432]
08:44:07.839 [AsyncHttpClient-1-1] DEBUG org.asynchttpclient.netty.channel.DefaultChannelPool - Closed 1 connections out of 1 in 0 ms
08:44:07.861 [AsyncHttpClient-1-5] DEBUG org.asynchttpclient.netty.handler.HttpHandler - 

Request DefaultFullHttpRequest(decodeResult: success, version: HTTP/1.1, content: EmptyByteBufBE)
DELETE /session/1604b310772daf97ae706b621eadc037 HTTP/1.1
User-Agent: selenium/4.13.0 (java mac)
Content-Type: application/json; charset=utf-8
host: localhost:21663
accept: */*

Response DefaultHttpResponse(decodeResult: success, version: HTTP/1.1)
HTTP/1.1 200 OK
Content-Length: 14
Content-Type: application/json; charset=utf-8
cache-control: no-cache

08:44:07.861 [AsyncHttpClient-1-5] DEBUG org.asynchttpclient.netty.channel.ChannelManager - Adding key: http://localhost:21663 for channel [id: 0x037638b8, L:/127.0.0.1:51431 - R:localhost/127.0.0.1:21663]
08:44:07.908 [AsyncHttpClient-1-5] DEBUG org.asynchttpclient.netty.handler.HttpHandler - Channel Closed: [id: 0x037638b8, L:/127.0.0.1:51431 ! R:localhost/127.0.0.1:21663] with attribute DISCARD
08:44:07.996 [AsyncHttpClient-1-8] DEBUG org.asynchttpclient.netty.channel.NettyConnectListener - Using new Channel '[id: 0x240157d6, L:/127.0.0.1:51484 - R:localhost/127.0.0.1:40422]' for 'POST' to '/session'
08:44:08.902 [AsyncHttpClient-1-8] DEBUG org.asynchttpclient.netty.handler.HttpHandler - 

Request DefaultHttpRequest(decodeResult: success, version: HTTP/1.1)
POST /session HTTP/1.1
User-Agent: selenium/4.13.0 (java mac)
Content-Length: 291
Content-Type: application/json; charset=utf-8
host: localhost:40422
accept: */*

Response DefaultHttpResponse(decodeResult: success, version: HTTP/1.1)
HTTP/1.1 200 OK
Content-Length: 891
Content-Type: application/json; charset=utf-8
cache-control: no-cache

08:44:08.902 [AsyncHttpClient-1-8] DEBUG org.asynchttpclient.netty.channel.ChannelManager - Adding key: http://localhost:40422 for channel [id: 0x240157d6, L:/127.0.0.1:51484 - R:localhost/127.0.0.1:40422]
08:44:08.907 [AsyncHttpClient-1-9] DEBUG org.asynchttpclient.netty.channel.NettyConnectListener - Using new Channel '[id: 0xd6c91719, L:/127.0.0.1:51489 - R:localhost/127.0.0.1:51485]' for 'GET' to '/json/version'
08:44:08.910 [AsyncHttpClient-1-9] DEBUG org.asynchttpclient.netty.handler.HttpHandler - 

Request DefaultFullHttpRequest(decodeResult: success, version: HTTP/1.1, content: EmptyByteBufBE)
GET /json/version HTTP/1.1
User-Agent: selenium/4.13.0 (java mac)
host: localhost:51485
accept: */*

Response DefaultHttpResponse(decodeResult: success, version: HTTP/1.1)
HTTP/1.1 200 OK
Content-Security-Policy: frame-ancestors 'none'
Content-Length: 422
Content-Type: application/json; charset=UTF-8

08:44:08.911 [AsyncHttpClient-1-9] DEBUG org.asynchttpclient.netty.channel.ChannelManager - Adding key: http://localhost:51485 for channel [id: 0xd6c91719, L:/127.0.0.1:51489 - R:localhost/127.0.0.1:51485]
08:44:08.913 [AsyncHttpClient-1-10] DEBUG org.asynchttpclient.netty.channel.NettyConnectListener - Using new Channel '[id: 0x6b683a23, L:/127.0.0.1:51490 - R:localhost/127.0.0.1:51485]' for 'GET' to '/devtools/browser/74b102f1-ad30-4567-9513-27381d642676'
08:44:08.916 [AsyncHttpClient-1-10] DEBUG org.asynchttpclient.netty.handler.WebSocketHandler - 

Request DefaultFullHttpRequest(decodeResult: success, version: HTTP/1.1, content: EmptyByteBufBE)
GET /devtools/browser/74b102f1-ad30-4567-9513-27381d642676 HTTP/1.1
upgrade: websocket
connection: upgrade
sec-websocket-key: ROMrV2XMZZMRr4fhWcLMnQ==
sec-websocket-version: 13
origin: http://localhost:51485
host: localhost:51485
accept: */*
user-agent: AHC/2.1

Response DefaultHttpResponse(decodeResult: success, version: HTTP/1.1)
HTTP/1.1 101 WebSocket Protocol Handshake
Upgrade: WebSocket
Connection: Upgrade
Sec-WebSocket-Accept: kuL2Fo43QyjtYXrAr6G9Na5eZBw=

08:44:08.919 [Forwarding maximizeCurrentWindow on session ee50e6468c79ab3d30aa799a11eeabc1 to remote] DEBUG org.asynchttpclient.netty.request.NettyRequestSender - Using pooled Channel '[id: 0x240157d6, L:/127.0.0.1:51484 - R:localhost/127.0.0.1:40422]' for 'POST' to 'http://localhost:40422/session/ee50e6468c79ab3d30aa799a11eeabc1/window/maximize'
08:44:08.919 [Forwarding maximizeCurrentWindow on session ee50e6468c79ab3d30aa799a11eeabc1 to remote] DEBUG org.asynchttpclient.netty.request.NettyRequestSender - Using open Channel [id: 0x240157d6, L:/127.0.0.1:51484 - R:localhost/127.0.0.1:40422] for POST '/session/ee50e6468c79ab3d30aa799a11eeabc1/window/maximize'
08:44:08.940 [AsyncHttpClient-1-1] DEBUG org.asynchttpclient.netty.channel.DefaultChannelPool - Entry count for : http://localhost:51485 : 1
08:44:08.940 [AsyncHttpClient-1-1] DEBUG org.asynchttpclient.netty.channel.DefaultChannelPool - Entry count for : http://localhost:21663 : 1
08:44:08.940 [AsyncHttpClient-1-1] DEBUG org.asynchttpclient.netty.channel.DefaultChannelPool - Adding Candidate expired Channel [id: 0x037638b8, L:/127.0.0.1:51431 ! R:localhost/127.0.0.1:21663] isIdleTimeoutExpired=false isRemotelyClosed=true isTtlExpired=false
08:44:08.940 [AsyncHttpClient-1-1] DEBUG org.asynchttpclient.netty.channel.DefaultChannelPool - Closing Idle Channel [id: 0x037638b8, L:/127.0.0.1:51431 ! R:localhost/127.0.0.1:21663]
08:44:08.940 [AsyncHttpClient-1-1] DEBUG org.asynchttpclient.netty.channel.DefaultChannelPool - Closed 1 connections out of 2 in 0 ms
08:44:09.378 [AsyncHttpClient-1-8] DEBUG org.asynchttpclient.netty.handler.HttpHandler - 

Request DefaultHttpRequest(decodeResult: success, version: HTTP/1.1)
POST /session/ee50e6468c79ab3d30aa799a11eeabc1/window/maximize HTTP/1.1
User-Agent: selenium/4.13.0 (java mac)
Content-Length: 3
Content-Type: application/json; charset=utf-8
host: localhost:40422
accept: */*

Response DefaultHttpResponse(decodeResult: success, version: HTTP/1.1)
HTTP/1.1 200 OK
Content-Length: 50
Content-Type: application/json; charset=utf-8
cache-control: no-cache

08:44:09.379 [AsyncHttpClient-1-8] DEBUG org.asynchttpclient.netty.channel.ChannelManager - Adding key: http://localhost:40422 for channel [id: 0x240157d6, L:/127.0.0.1:51484 - R:localhost/127.0.0.1:40422]
08:44:09.380 [Forwarding get on session ee50e6468c79ab3d30aa799a11eeabc1 to remote] DEBUG org.asynchttpclient.netty.request.NettyRequestSender - Using pooled Channel '[id: 0x240157d6, L:/127.0.0.1:51484 - R:localhost/127.0.0.1:40422]' for 'POST' to 'http://localhost:40422/session/ee50e6468c79ab3d30aa799a11eeabc1/url'
08:44:09.381 [Forwarding get on session ee50e6468c79ab3d30aa799a11eeabc1 to remote] DEBUG org.asynchttpclient.netty.request.NettyRequestSender - Using open Channel [id: 0x240157d6, L:/127.0.0.1:51484 - R:localhost/127.0.0.1:40422] for POST '/session/ee50e6468c79ab3d30aa799a11eeabc1/url'
08:44:10.044 [AsyncHttpClient-1-1] DEBUG org.asynchttpclient.netty.channel.DefaultChannelPool - Entry count for : http://localhost:51485 : 1
08:44:11.141 [AsyncHttpClient-1-1] DEBUG org.asynchttpclient.netty.channel.DefaultChannelPool - Entry count for : http://localhost:51485 : 1
08:44:12.240 [AsyncHttpClient-1-1] DEBUG org.asynchttpclient.netty.channel.DefaultChannelPool - Entry count for : http://localhost:51485 : 1
08:44:13.340 [AsyncHttpClient-1-1] DEBUG org.asynchttpclient.netty.channel.DefaultChannelPool - Entry count for : http://localhost:51485 : 1
08:44:13.863 [AsyncHttpClient-1-8] DEBUG org.asynchttpclient.netty.handler.HttpHandler - 

Request DefaultHttpRequest(decodeResult: success, version: HTTP/1.1)
POST /session/ee50e6468c79ab3d30aa799a11eeabc1/url HTTP/1.1
User-Agent: selenium/4.13.0 (java mac)
Content-Length: 57
Content-Type: application/json; charset=utf-8
host: localhost:40422
accept: */*

Response DefaultHttpResponse(decodeResult: success, version: HTTP/1.1)
HTTP/1.1 200 OK
Content-Length: 14
Content-Type: application/json; charset=utf-8
cache-control: no-cache

08:44:13.863 [AsyncHttpClient-1-8] DEBUG org.asynchttpclient.netty.channel.ChannelManager - Adding key: http://localhost:40422 for channel [id: 0x240157d6, L:/127.0.0.1:51484 - R:localhost/127.0.0.1:40422]
Step 1 : Open URL - https://www.makemytrip.com/
Step 2 : Click on flights logo.
08:44:13.865 [Forwarding findElement on session ee50e6468c79ab3d30aa799a11eeabc1 to remote] DEBUG org.asynchttpclient.netty.request.NettyRequestSender - Using pooled Channel '[id: 0x240157d6, L:/127.0.0.1:51484 - R:localhost/127.0.0.1:40422]' for 'POST' to 'http://localhost:40422/session/ee50e6468c79ab3d30aa799a11eeabc1/element'
08:44:13.865 [Forwarding findElement on session ee50e6468c79ab3d30aa799a11eeabc1 to remote] DEBUG org.asynchttpclient.netty.request.NettyRequestSender - Using open Channel [id: 0x240157d6, L:/127.0.0.1:51484 - R:localhost/127.0.0.1:40422] for POST '/session/ee50e6468c79ab3d30aa799a11eeabc1/element'
08:44:13.883 [AsyncHttpClient-1-8] DEBUG org.asynchttpclient.netty.handler.HttpHandler - 

Request DefaultHttpRequest(decodeResult: success, version: HTTP/1.1)
POST /session/ee50e6468c79ab3d30aa799a11eeabc1/element HTTP/1.1
User-Agent: selenium/4.13.0 (java mac)
Content-Length: 123
Content-Type: application/json; charset=utf-8
host: localhost:40422
accept: */*

Response DefaultHttpResponse(decodeResult: success, version: HTTP/1.1)
HTTP/1.1 200 OK
Content-Length: 95
Content-Type: application/json; charset=utf-8
cache-control: no-cache

08:44:13.883 [AsyncHttpClient-1-8] DEBUG org.asynchttpclient.netty.channel.ChannelManager - Adding key: http://localhost:40422 for channel [id: 0x240157d6, L:/127.0.0.1:51484 - R:localhost/127.0.0.1:40422]
08:44:13.885 [Forwarding isElementDisplayed on session ee50e6468c79ab3d30aa799a11eeabc1 to remote] DEBUG org.asynchttpclient.netty.request.NettyRequestSender - Using pooled Channel '[id: 0x240157d6, L:/127.0.0.1:51484 - R:localhost/127.0.0.1:40422]' for 'POST' to 'http://localhost:40422/session/ee50e6468c79ab3d30aa799a11eeabc1/execute/sync'
08:44:13.885 [Forwarding isElementDisplayed on session ee50e6468c79ab3d30aa799a11eeabc1 to remote] DEBUG org.asynchttpclient.netty.request.NettyRequestSender - Using open Channel [id: 0x240157d6, L:/127.0.0.1:51484 - R:localhost/127.0.0.1:40422] for POST '/session/ee50e6468c79ab3d30aa799a11eeabc1/execute/sync'
08:44:13.902 [AsyncHttpClient-1-8] DEBUG org.asynchttpclient.netty.handler.HttpHandler - 

Request DefaultHttpRequest(decodeResult: success, version: HTTP/1.1)
POST /session/ee50e6468c79ab3d30aa799a11eeabc1/execute/sync HTTP/1.1
User-Agent: selenium/4.13.0 (java mac)
Content-Length: 48814
Content-Type: application/json; charset=utf-8
host: localhost:40422
accept: */*

Response DefaultHttpResponse(decodeResult: success, version: HTTP/1.1)
HTTP/1.1 200 OK
Content-Length: 14
Content-Type: application/json; charset=utf-8
cache-control: no-cache

08:44:13.903 [AsyncHttpClient-1-8] DEBUG org.asynchttpclient.netty.channel.ChannelManager - Adding key: http://localhost:40422 for channel [id: 0x240157d6, L:/127.0.0.1:51484 - R:localhost/127.0.0.1:40422]
08:44:13.905 [Forwarding isElementEnabled on session ee50e6468c79ab3d30aa799a11eeabc1 to remote] DEBUG org.asynchttpclient.netty.request.NettyRequestSender - Using pooled Channel '[id: 0x240157d6, L:/127.0.0.1:51484 - R:localhost/127.0.0.1:40422]' for 'GET' to 'http://localhost:40422/session/ee50e6468c79ab3d30aa799a11eeabc1/element/FF2ECD844D82511154200804331BF194_element_36/enabled'
08:44:13.905 [Forwarding isElementEnabled on session ee50e6468c79ab3d30aa799a11eeabc1 to remote] DEBUG org.asynchttpclient.netty.request.NettyRequestSender - Using open Channel [id: 0x240157d6, L:/127.0.0.1:51484 - R:localhost/127.0.0.1:40422] for GET '/session/ee50e6468c79ab3d30aa799a11eeabc1/element/FF2ECD844D82511154200804331BF194_element_36/enabled'
08:44:13.929 [AsyncHttpClient-1-8] DEBUG org.asynchttpclient.netty.handler.HttpHandler - 

Request DefaultFullHttpRequest(decodeResult: success, version: HTTP/1.1, content: EmptyByteBufBE)
GET /session/ee50e6468c79ab3d30aa799a11eeabc1/element/FF2ECD844D82511154200804331BF194_element_36/enabled HTTP/1.1
Cache-Control: no-cache
User-Agent: selenium/4.13.0 (java mac)
Content-Type: application/json; charset=utf-8
host: localhost:40422
accept: */*

Response DefaultHttpResponse(decodeResult: success, version: HTTP/1.1)
HTTP/1.1 200 OK
Content-Length: 14
Content-Type: application/json; charset=utf-8
cache-control: no-cache

08:44:13.930 [AsyncHttpClient-1-8] DEBUG org.asynchttpclient.netty.channel.ChannelManager - Adding key: http://localhost:40422 for channel [id: 0x240157d6, L:/127.0.0.1:51484 - R:localhost/127.0.0.1:40422]
08:44:13.933 [Forwarding executeScript on session ee50e6468c79ab3d30aa799a11eeabc1 to remote] DEBUG org.asynchttpclient.netty.request.NettyRequestSender - Using pooled Channel '[id: 0x240157d6, L:/127.0.0.1:51484 - R:localhost/127.0.0.1:40422]' for 'POST' to 'http://localhost:40422/session/ee50e6468c79ab3d30aa799a11eeabc1/execute/sync'
08:44:13.933 [Forwarding executeScript on session ee50e6468c79ab3d30aa799a11eeabc1 to remote] DEBUG org.asynchttpclient.netty.request.NettyRequestSender - Using open Channel [id: 0x240157d6, L:/127.0.0.1:51484 - R:localhost/127.0.0.1:40422] for POST '/session/ee50e6468c79ab3d30aa799a11eeabc1/execute/sync'
08:44:13.948 [AsyncHttpClient-1-8] DEBUG org.asynchttpclient.netty.handler.HttpHandler - 

Request DefaultHttpRequest(decodeResult: success, version: HTTP/1.1)
POST /session/ee50e6468c79ab3d30aa799a11eeabc1/execute/sync HTTP/1.1
User-Agent: selenium/4.13.0 (java mac)
Content-Length: 179
Content-Type: application/json; charset=utf-8
host: localhost:40422
accept: */*

Response DefaultHttpResponse(decodeResult: success, version: HTTP/1.1)
HTTP/1.1 200 OK
Content-Length: 14
Content-Type: application/json; charset=utf-8
cache-control: no-cache

08:44:13.948 [AsyncHttpClient-1-8] DEBUG org.asynchttpclient.netty.channel.ChannelManager - Adding key: http://localhost:40422 for channel [id: 0x240157d6, L:/127.0.0.1:51484 - R:localhost/127.0.0.1:40422]
08:44:13.951 [Forwarding clickElement on session ee50e6468c79ab3d30aa799a11eeabc1 to remote] DEBUG org.asynchttpclient.netty.request.NettyRequestSender - Using pooled Channel '[id: 0x240157d6, L:/127.0.0.1:51484 - R:localhost/127.0.0.1:40422]' for 'POST' to 'http://localhost:40422/session/ee50e6468c79ab3d30aa799a11eeabc1/element/FF2ECD844D82511154200804331BF194_element_36/click'
08:44:13.951 [Forwarding clickElement on session ee50e6468c79ab3d30aa799a11eeabc1 to remote] DEBUG org.asynchttpclient.netty.request.NettyRequestSender - Using open Channel [id: 0x240157d6, L:/127.0.0.1:51484 - R:localhost/127.0.0.1:40422] for POST '/session/ee50e6468c79ab3d30aa799a11eeabc1/element/FF2ECD844D82511154200804331BF194_element_36/click'
08:44:14.444 [AsyncHttpClient-1-1] DEBUG org.asynchttpclient.netty.channel.DefaultChannelPool - Entry count for : http://localhost:51485 : 1
08:44:15.090 [AsyncHttpClient-1-8] DEBUG org.asynchttpclient.netty.handler.HttpHandler - 

Request DefaultHttpRequest(decodeResult: success, version: HTTP/1.1)
POST /session/ee50e6468c79ab3d30aa799a11eeabc1/element/FF2ECD844D82511154200804331BF194_element_36/click HTTP/1.1
User-Agent: selenium/4.13.0 (java mac)
Content-Length: 57
Content-Type: application/json; charset=utf-8
host: localhost:40422
accept: */*

Response DefaultHttpResponse(decodeResult: success, version: HTTP/1.1)
HTTP/1.1 400 Bad Request
Content-Length: 2886
Content-Type: application/json; charset=utf-8
cache-control: no-cache

08:44:15.090 [AsyncHttpClient-1-8] DEBUG org.asynchttpclient.netty.channel.ChannelManager - Adding key: http://localhost:40422 for channel [id: 0x240157d6, L:/127.0.0.1:51484 - R:localhost/127.0.0.1:40422]
Step 3 : Click on round trip radio button.
08:44:15.092 [Forwarding findElement on session ee50e6468c79ab3d30aa799a11eeabc1 to remote] DEBUG org.asynchttpclient.netty.request.NettyRequestSender - Using pooled Channel '[id: 0x240157d6, L:/127.0.0.1:51484 - R:localhost/127.0.0.1:40422]' for 'POST' to 'http://localhost:40422/session/ee50e6468c79ab3d30aa799a11eeabc1/element'
08:44:15.092 [Forwarding findElement on session ee50e6468c79ab3d30aa799a11eeabc1 to remote] DEBUG org.asynchttpclient.netty.request.NettyRequestSender - Using open Channel [id: 0x240157d6, L:/127.0.0.1:51484 - R:localhost/127.0.0.1:40422] for POST '/session/ee50e6468c79ab3d30aa799a11eeabc1/element'
08:44:15.104 [AsyncHttpClient-1-8] DEBUG org.asynchttpclient.netty.handler.HttpHandler - 

Request DefaultHttpRequest(decodeResult: success, version: HTTP/1.1)
POST /session/ee50e6468c79ab3d30aa799a11eeabc1/element HTTP/1.1
User-Agent: selenium/4.13.0 (java mac)
Content-Length: 72
Content-Type: application/json; charset=utf-8
host: localhost:40422
accept: */*

Response DefaultHttpResponse(decodeResult: success, version: HTTP/1.1)
HTTP/1.1 200 OK
Content-Length: 95
Content-Type: application/json; charset=utf-8
cache-control: no-cache

08:44:15.104 [AsyncHttpClient-1-8] DEBUG org.asynchttpclient.netty.channel.ChannelManager - Adding key: http://localhost:40422 for channel [id: 0x240157d6, L:/127.0.0.1:51484 - R:localhost/127.0.0.1:40422]
08:44:15.107 [Forwarding isElementDisplayed on session ee50e6468c79ab3d30aa799a11eeabc1 to remote] DEBUG org.asynchttpclient.netty.request.NettyRequestSender - Using pooled Channel '[id: 0x240157d6, L:/127.0.0.1:51484 - R:localhost/127.0.0.1:40422]' for 'POST' to 'http://localhost:40422/session/ee50e6468c79ab3d30aa799a11eeabc1/execute/sync'
08:44:15.107 [Forwarding isElementDisplayed on session ee50e6468c79ab3d30aa799a11eeabc1 to remote] DEBUG org.asynchttpclient.netty.request.NettyRequestSender - Using open Channel [id: 0x240157d6, L:/127.0.0.1:51484 - R:localhost/127.0.0.1:40422] for POST '/session/ee50e6468c79ab3d30aa799a11eeabc1/execute/sync'
08:44:15.120 [AsyncHttpClient-1-8] DEBUG org.asynchttpclient.netty.handler.HttpHandler - 

Request DefaultHttpRequest(decodeResult: success, version: HTTP/1.1)
POST /session/ee50e6468c79ab3d30aa799a11eeabc1/execute/sync HTTP/1.1
User-Agent: selenium/4.13.0 (java mac)
Content-Length: 48814
Content-Type: application/json; charset=utf-8
host: localhost:40422
accept: */*

Response DefaultHttpResponse(decodeResult: success, version: HTTP/1.1)
HTTP/1.1 200 OK
Content-Length: 14
Content-Type: application/json; charset=utf-8
cache-control: no-cache

08:44:15.120 [AsyncHttpClient-1-8] DEBUG org.asynchttpclient.netty.channel.ChannelManager - Adding key: http://localhost:40422 for channel [id: 0x240157d6, L:/127.0.0.1:51484 - R:localhost/127.0.0.1:40422]
08:44:15.121 [Forwarding isElementEnabled on session ee50e6468c79ab3d30aa799a11eeabc1 to remote] DEBUG org.asynchttpclient.netty.request.NettyRequestSender - Using pooled Channel '[id: 0x240157d6, L:/127.0.0.1:51484 - R:localhost/127.0.0.1:40422]' for 'GET' to 'http://localhost:40422/session/ee50e6468c79ab3d30aa799a11eeabc1/element/FF2ECD844D82511154200804331BF194_element_38/enabled'
08:44:15.121 [Forwarding isElementEnabled on session ee50e6468c79ab3d30aa799a11eeabc1 to remote] DEBUG org.asynchttpclient.netty.request.NettyRequestSender - Using open Channel [id: 0x240157d6, L:/127.0.0.1:51484 - R:localhost/127.0.0.1:40422] for GET '/session/ee50e6468c79ab3d30aa799a11eeabc1/element/FF2ECD844D82511154200804331BF194_element_38/enabled'
08:44:15.128 [AsyncHttpClient-1-8] DEBUG org.asynchttpclient.netty.handler.HttpHandler - 

Request DefaultFullHttpRequest(decodeResult: success, version: HTTP/1.1, content: EmptyByteBufBE)
GET /session/ee50e6468c79ab3d30aa799a11eeabc1/element/FF2ECD844D82511154200804331BF194_element_38/enabled HTTP/1.1
Cache-Control: no-cache
User-Agent: selenium/4.13.0 (java mac)
Content-Type: application/json; charset=utf-8
host: localhost:40422
accept: */*

Response DefaultHttpResponse(decodeResult: success, version: HTTP/1.1)
HTTP/1.1 200 OK
Content-Length: 14
Content-Type: application/json; charset=utf-8
cache-control: no-cache

08:44:15.128 [AsyncHttpClient-1-8] DEBUG org.asynchttpclient.netty.channel.ChannelManager - Adding key: http://localhost:40422 for channel [id: 0x240157d6, L:/127.0.0.1:51484 - R:localhost/127.0.0.1:40422]
08:44:15.129 [Forwarding executeScript on session ee50e6468c79ab3d30aa799a11eeabc1 to remote] DEBUG org.asynchttpclient.netty.request.NettyRequestSender - Using pooled Channel '[id: 0x240157d6, L:/127.0.0.1:51484 - R:localhost/127.0.0.1:40422]' for 'POST' to 'http://localhost:40422/session/ee50e6468c79ab3d30aa799a11eeabc1/execute/sync'
08:44:15.129 [Forwarding executeScript on session ee50e6468c79ab3d30aa799a11eeabc1 to remote] DEBUG org.asynchttpclient.netty.request.NettyRequestSender - Using open Channel [id: 0x240157d6, L:/127.0.0.1:51484 - R:localhost/127.0.0.1:40422] for POST '/session/ee50e6468c79ab3d30aa799a11eeabc1/execute/sync'
08:44:15.133 [AsyncHttpClient-1-8] DEBUG org.asynchttpclient.netty.handler.HttpHandler - 

Request DefaultHttpRequest(decodeResult: success, version: HTTP/1.1)
POST /session/ee50e6468c79ab3d30aa799a11eeabc1/execute/sync HTTP/1.1
User-Agent: selenium/4.13.0 (java mac)
Content-Length: 179
Content-Type: application/json; charset=utf-8
host: localhost:40422
accept: */*

Response DefaultHttpResponse(decodeResult: success, version: HTTP/1.1)
HTTP/1.1 200 OK
Content-Length: 14
Content-Type: application/json; charset=utf-8
cache-control: no-cache

08:44:15.134 [AsyncHttpClient-1-8] DEBUG org.asynchttpclient.netty.channel.ChannelManager - Adding key: http://localhost:40422 for channel [id: 0x240157d6, L:/127.0.0.1:51484 - R:localhost/127.0.0.1:40422]
08:44:15.135 [Forwarding clickElement on session ee50e6468c79ab3d30aa799a11eeabc1 to remote] DEBUG org.asynchttpclient.netty.request.NettyRequestSender - Using pooled Channel '[id: 0x240157d6, L:/127.0.0.1:51484 - R:localhost/127.0.0.1:40422]' for 'POST' to 'http://localhost:40422/session/ee50e6468c79ab3d30aa799a11eeabc1/element/FF2ECD844D82511154200804331BF194_element_38/click'
08:44:15.135 [Forwarding clickElement on session ee50e6468c79ab3d30aa799a11eeabc1 to remote] DEBUG org.asynchttpclient.netty.request.NettyRequestSender - Using open Channel [id: 0x240157d6, L:/127.0.0.1:51484 - R:localhost/127.0.0.1:40422] for POST '/session/ee50e6468c79ab3d30aa799a11eeabc1/element/FF2ECD844D82511154200804331BF194_element_38/click'
08:44:15.544 [AsyncHttpClient-1-1] DEBUG org.asynchttpclient.netty.channel.DefaultChannelPool - Entry count for : http://localhost:51485 : 1
08:44:16.214 [AsyncHttpClient-1-8] DEBUG org.asynchttpclient.netty.handler.HttpHandler - 

Request DefaultHttpRequest(decodeResult: success, version: HTTP/1.1)
POST /session/ee50e6468c79ab3d30aa799a11eeabc1/element/FF2ECD844D82511154200804331BF194_element_38/click HTTP/1.1
User-Agent: selenium/4.13.0 (java mac)
Content-Length: 57
Content-Type: application/json; charset=utf-8
host: localhost:40422
accept: */*

Response DefaultHttpResponse(decodeResult: success, version: HTTP/1.1)
HTTP/1.1 400 Bad Request
Content-Length: 2858
Content-Type: application/json; charset=utf-8
cache-control: no-cache

08:44:16.215 [AsyncHttpClient-1-8] DEBUG org.asynchttpclient.netty.channel.ChannelManager - Adding key: http://localhost:40422 for channel [id: 0x240157d6, L:/127.0.0.1:51484 - R:localhost/127.0.0.1:40422]
Step 4 : Enter ahmedabad in from textbox.
08:44:16.217 [Forwarding findElement on session ee50e6468c79ab3d30aa799a11eeabc1 to remote] DEBUG org.asynchttpclient.netty.request.NettyRequestSender - Using pooled Channel '[id: 0x240157d6, L:/127.0.0.1:51484 - R:localhost/127.0.0.1:40422]' for 'POST' to 'http://localhost:40422/session/ee50e6468c79ab3d30aa799a11eeabc1/element'
08:44:16.217 [Forwarding findElement on session ee50e6468c79ab3d30aa799a11eeabc1 to remote] DEBUG org.asynchttpclient.netty.request.NettyRequestSender - Using open Channel [id: 0x240157d6, L:/127.0.0.1:51484 - R:localhost/127.0.0.1:40422] for POST '/session/ee50e6468c79ab3d30aa799a11eeabc1/element'
08:44:16.228 [AsyncHttpClient-1-8] DEBUG org.asynchttpclient.netty.handler.HttpHandler - 

Request DefaultHttpRequest(decodeResult: success, version: HTTP/1.1)
POST /session/ee50e6468c79ab3d30aa799a11eeabc1/element HTTP/1.1
User-Agent: selenium/4.13.0 (java mac)
Content-Length: 70
Content-Type: application/json; charset=utf-8
host: localhost:40422
accept: */*

Response DefaultHttpResponse(decodeResult: success, version: HTTP/1.1)
HTTP/1.1 200 OK
Content-Length: 95
Content-Type: application/json; charset=utf-8
cache-control: no-cache

08:44:16.229 [AsyncHttpClient-1-8] DEBUG org.asynchttpclient.netty.channel.ChannelManager - Adding key: http://localhost:40422 for channel [id: 0x240157d6, L:/127.0.0.1:51484 - R:localhost/127.0.0.1:40422]
08:44:16.231 [Forwarding isElementDisplayed on session ee50e6468c79ab3d30aa799a11eeabc1 to remote] DEBUG org.asynchttpclient.netty.request.NettyRequestSender - Using pooled Channel '[id: 0x240157d6, L:/127.0.0.1:51484 - R:localhost/127.0.0.1:40422]' for 'POST' to 'http://localhost:40422/session/ee50e6468c79ab3d30aa799a11eeabc1/execute/sync'
08:44:16.231 [Forwarding isElementDisplayed on session ee50e6468c79ab3d30aa799a11eeabc1 to remote] DEBUG org.asynchttpclient.netty.request.NettyRequestSender - Using open Channel [id: 0x240157d6, L:/127.0.0.1:51484 - R:localhost/127.0.0.1:40422] for POST '/session/ee50e6468c79ab3d30aa799a11eeabc1/execute/sync'
08:44:16.239 [AsyncHttpClient-1-8] DEBUG org.asynchttpclient.netty.handler.HttpHandler - 

Request DefaultHttpRequest(decodeResult: success, version: HTTP/1.1)
POST /session/ee50e6468c79ab3d30aa799a11eeabc1/execute/sync HTTP/1.1
User-Agent: selenium/4.13.0 (java mac)
Content-Length: 48814
Content-Type: application/json; charset=utf-8
host: localhost:40422
accept: */*

Response DefaultHttpResponse(decodeResult: success, version: HTTP/1.1)
HTTP/1.1 200 OK
Content-Length: 14
Content-Type: application/json; charset=utf-8
cache-control: no-cache

08:44:16.240 [AsyncHttpClient-1-8] DEBUG org.asynchttpclient.netty.channel.ChannelManager - Adding key: http://localhost:40422 for channel [id: 0x240157d6, L:/127.0.0.1:51484 - R:localhost/127.0.0.1:40422]
08:44:16.240 [Forwarding isElementEnabled on session ee50e6468c79ab3d30aa799a11eeabc1 to remote] DEBUG org.asynchttpclient.netty.request.NettyRequestSender - Using pooled Channel '[id: 0x240157d6, L:/127.0.0.1:51484 - R:localhost/127.0.0.1:40422]' for 'GET' to 'http://localhost:40422/session/ee50e6468c79ab3d30aa799a11eeabc1/element/FF2ECD844D82511154200804331BF194_element_84/enabled'
08:44:16.241 [Forwarding isElementEnabled on session ee50e6468c79ab3d30aa799a11eeabc1 to remote] DEBUG org.asynchttpclient.netty.request.NettyRequestSender - Using open Channel [id: 0x240157d6, L:/127.0.0.1:51484 - R:localhost/127.0.0.1:40422] for GET '/session/ee50e6468c79ab3d30aa799a11eeabc1/element/FF2ECD844D82511154200804331BF194_element_84/enabled'
08:44:16.246 [AsyncHttpClient-1-8] DEBUG org.asynchttpclient.netty.handler.HttpHandler - 

Request DefaultFullHttpRequest(decodeResult: success, version: HTTP/1.1, content: EmptyByteBufBE)
GET /session/ee50e6468c79ab3d30aa799a11eeabc1/element/FF2ECD844D82511154200804331BF194_element_84/enabled HTTP/1.1
Cache-Control: no-cache
User-Agent: selenium/4.13.0 (java mac)
Content-Type: application/json; charset=utf-8
host: localhost:40422
accept: */*

Response DefaultHttpResponse(decodeResult: success, version: HTTP/1.1)
HTTP/1.1 200 OK
Content-Length: 14
Content-Type: application/json; charset=utf-8
cache-control: no-cache

08:44:16.246 [AsyncHttpClient-1-8] DEBUG org.asynchttpclient.netty.channel.ChannelManager - Adding key: http://localhost:40422 for channel [id: 0x240157d6, L:/127.0.0.1:51484 - R:localhost/127.0.0.1:40422]
08:44:16.247 [Forwarding executeScript on session ee50e6468c79ab3d30aa799a11eeabc1 to remote] DEBUG org.asynchttpclient.netty.request.NettyRequestSender - Using pooled Channel '[id: 0x240157d6, L:/127.0.0.1:51484 - R:localhost/127.0.0.1:40422]' for 'POST' to 'http://localhost:40422/session/ee50e6468c79ab3d30aa799a11eeabc1/execute/sync'
08:44:16.247 [Forwarding executeScript on session ee50e6468c79ab3d30aa799a11eeabc1 to remote] DEBUG org.asynchttpclient.netty.request.NettyRequestSender - Using open Channel [id: 0x240157d6, L:/127.0.0.1:51484 - R:localhost/127.0.0.1:40422] for POST '/session/ee50e6468c79ab3d30aa799a11eeabc1/execute/sync'
08:44:16.251 [AsyncHttpClient-1-8] DEBUG org.asynchttpclient.netty.handler.HttpHandler - 

Request DefaultHttpRequest(decodeResult: success, version: HTTP/1.1)
POST /session/ee50e6468c79ab3d30aa799a11eeabc1/execute/sync HTTP/1.1
User-Agent: selenium/4.13.0 (java mac)
Content-Length: 179
Content-Type: application/json; charset=utf-8
host: localhost:40422
accept: */*

Response DefaultHttpResponse(decodeResult: success, version: HTTP/1.1)
HTTP/1.1 200 OK
Content-Length: 14
Content-Type: application/json; charset=utf-8
cache-control: no-cache

08:44:16.251 [AsyncHttpClient-1-8] DEBUG org.asynchttpclient.netty.channel.ChannelManager - Adding key: http://localhost:40422 for channel [id: 0x240157d6, L:/127.0.0.1:51484 - R:localhost/127.0.0.1:40422]
08:44:16.252 [Forwarding clickElement on session ee50e6468c79ab3d30aa799a11eeabc1 to remote] DEBUG org.asynchttpclient.netty.request.NettyRequestSender - Using pooled Channel '[id: 0x240157d6, L:/127.0.0.1:51484 - R:localhost/127.0.0.1:40422]' for 'POST' to 'http://localhost:40422/session/ee50e6468c79ab3d30aa799a11eeabc1/element/FF2ECD844D82511154200804331BF194_element_84/click'
08:44:16.252 [Forwarding clickElement on session ee50e6468c79ab3d30aa799a11eeabc1 to remote] DEBUG org.asynchttpclient.netty.request.NettyRequestSender - Using open Channel [id: 0x240157d6, L:/127.0.0.1:51484 - R:localhost/127.0.0.1:40422] for POST '/session/ee50e6468c79ab3d30aa799a11eeabc1/element/FF2ECD844D82511154200804331BF194_element_84/click'
08:44:16.641 [AsyncHttpClient-1-1] DEBUG org.asynchttpclient.netty.channel.DefaultChannelPool - Entry count for : http://localhost:51485 : 1
08:44:17.340 [AsyncHttpClient-1-8] DEBUG org.asynchttpclient.netty.handler.HttpHandler - 

Request DefaultHttpRequest(decodeResult: success, version: HTTP/1.1)
POST /session/ee50e6468c79ab3d30aa799a11eeabc1/element/FF2ECD844D82511154200804331BF194_element_84/click HTTP/1.1
User-Agent: selenium/4.13.0 (java mac)
Content-Length: 57
Content-Type: application/json; charset=utf-8
host: localhost:40422
accept: */*

Response DefaultHttpResponse(decodeResult: success, version: HTTP/1.1)
HTTP/1.1 400 Bad Request
Content-Length: 2951
Content-Type: application/json; charset=utf-8
cache-control: no-cache

08:44:17.340 [AsyncHttpClient-1-8] DEBUG org.asynchttpclient.netty.channel.ChannelManager - Adding key: http://localhost:40422 for channel [id: 0x240157d6, L:/127.0.0.1:51484 - R:localhost/127.0.0.1:40422]
08:44:17.342 [Forwarding findElement on session ee50e6468c79ab3d30aa799a11eeabc1 to remote] DEBUG org.asynchttpclient.netty.request.NettyRequestSender - Using pooled Channel '[id: 0x240157d6, L:/127.0.0.1:51484 - R:localhost/127.0.0.1:40422]' for 'POST' to 'http://localhost:40422/session/ee50e6468c79ab3d30aa799a11eeabc1/element'
08:44:17.342 [Forwarding findElement on session ee50e6468c79ab3d30aa799a11eeabc1 to remote] DEBUG org.asynchttpclient.netty.request.NettyRequestSender - Using open Channel [id: 0x240157d6, L:/127.0.0.1:51484 - R:localhost/127.0.0.1:40422] for POST '/session/ee50e6468c79ab3d30aa799a11eeabc1/element'
08:44:17.353 [AsyncHttpClient-1-8] DEBUG org.asynchttpclient.netty.handler.HttpHandler - 

Request DefaultHttpRequest(decodeResult: success, version: HTTP/1.1)
POST /session/ee50e6468c79ab3d30aa799a11eeabc1/element HTTP/1.1
User-Agent: selenium/4.13.0 (java mac)
Content-Length: 75
Content-Type: application/json; charset=utf-8
host: localhost:40422
accept: */*

Response DefaultHttpResponse(decodeResult: success, version: HTTP/1.1)
HTTP/1.1 404 Not Found
Content-Length: 1947
Content-Type: application/json; charset=utf-8
cache-control: no-cache

08:44:17.353 [AsyncHttpClient-1-8] DEBUG org.asynchttpclient.netty.channel.ChannelManager - Adding key: http://localhost:40422 for channel [id: 0x240157d6, L:/127.0.0.1:51484 - R:localhost/127.0.0.1:40422]
08:44:17.738 [AsyncHttpClient-1-1] DEBUG org.asynchttpclient.netty.channel.DefaultChannelPool - Entry count for : http://localhost:51485 : 1
08:44:17.738 [AsyncHttpClient-1-1] DEBUG org.asynchttpclient.netty.channel.DefaultChannelPool - Entry count for : http://localhost:40422 : 1
08:44:17.857 [Forwarding findElement on session ee50e6468c79ab3d30aa799a11eeabc1 to remote] DEBUG org.asynchttpclient.netty.request.NettyRequestSender - Using pooled Channel '[id: 0x240157d6, L:/127.0.0.1:51484 - R:localhost/127.0.0.1:40422]' for 'POST' to 'http://localhost:40422/session/ee50e6468c79ab3d30aa799a11eeabc1/element'
08:44:17.857 [Forwarding findElement on session ee50e6468c79ab3d30aa799a11eeabc1 to remote] DEBUG org.asynchttpclient.netty.request.NettyRequestSender - Using open Channel [id: 0x240157d6, L:/127.0.0.1:51484 - R:localhost/127.0.0.1:40422] for POST '/session/ee50e6468c79ab3d30aa799a11eeabc1/element'
08:44:17.864 [AsyncHttpClient-1-8] DEBUG org.asynchttpclient.netty.handler.HttpHandler - 

Request DefaultHttpRequest(decodeResult: success, version: HTTP/1.1)
POST /session/ee50e6468c79ab3d30aa799a11eeabc1/element HTTP/1.1
User-Agent: selenium/4.13.0 (java mac)
Content-Length: 75
Content-Type: application/json; charset=utf-8
host: localhost:40422
accept: */*

Response DefaultHttpResponse(decodeResult: success, version: HTTP/1.1)
HTTP/1.1 404 Not Found
Content-Length: 1947
Content-Type: application/json; charset=utf-8
cache-control: no-cache

08:44:17.864 [AsyncHttpClient-1-8] DEBUG org.asynchttpclient.netty.channel.ChannelManager - Adding key: http://localhost:40422 for channel [id: 0x240157d6, L:/127.0.0.1:51484 - R:localhost/127.0.0.1:40422]
08:44:18.371 [Forwarding findElement on session ee50e6468c79ab3d30aa799a11eeabc1 to remote] DEBUG org.asynchttpclient.netty.request.NettyRequestSender - Using pooled Channel '[id: 0x240157d6, L:/127.0.0.1:51484 - R:localhost/127.0.0.1:40422]' for 'POST' to 'http://localhost:40422/session/ee50e6468c79ab3d30aa799a11eeabc1/element'
08:44:18.371 [Forwarding findElement on session ee50e6468c79ab3d30aa799a11eeabc1 to remote] DEBUG org.asynchttpclient.netty.request.NettyRequestSender - Using open Channel [id: 0x240157d6, L:/127.0.0.1:51484 - R:localhost/127.0.0.1:40422] for POST '/session/ee50e6468c79ab3d30aa799a11eeabc1/element'
08:44:18.380 [AsyncHttpClient-1-8] DEBUG org.asynchttpclient.netty.handler.HttpHandler - 

Request DefaultHttpRequest(decodeResult: success, version: HTTP/1.1)
POST /session/ee50e6468c79ab3d30aa799a11eeabc1/element HTTP/1.1
User-Agent: selenium/4.13.0 (java mac)
Content-Length: 75
Content-Type: application/json; charset=utf-8
host: localhost:40422
accept: */*

Response DefaultHttpResponse(decodeResult: success, version: HTTP/1.1)
HTTP/1.1 404 Not Found
Content-Length: 1947
Content-Type: application/json; charset=utf-8
cache-control: no-cache

08:44:18.380 [AsyncHttpClient-1-8] DEBUG org.asynchttpclient.netty.channel.ChannelManager - Adding key: http://localhost:40422 for channel [id: 0x240157d6, L:/127.0.0.1:51484 - R:localhost/127.0.0.1:40422]
08:44:18.841 [AsyncHttpClient-1-1] DEBUG org.asynchttpclient.netty.channel.DefaultChannelPool - Entry count for : http://localhost:51485 : 1
08:44:18.841 [AsyncHttpClient-1-1] DEBUG org.asynchttpclient.netty.channel.DefaultChannelPool - Entry count for : http://localhost:40422 : 1
08:44:18.883 [Forwarding findElement on session ee50e6468c79ab3d30aa799a11eeabc1 to remote] DEBUG org.asynchttpclient.netty.request.NettyRequestSender - Using pooled Channel '[id: 0x240157d6, L:/127.0.0.1:51484 - R:localhost/127.0.0.1:40422]' for 'POST' to 'http://localhost:40422/session/ee50e6468c79ab3d30aa799a11eeabc1/element'
08:44:18.883 [Forwarding findElement on session ee50e6468c79ab3d30aa799a11eeabc1 to remote] DEBUG org.asynchttpclient.netty.request.NettyRequestSender - Using open Channel [id: 0x240157d6, L:/127.0.0.1:51484 - R:localhost/127.0.0.1:40422] for POST '/session/ee50e6468c79ab3d30aa799a11eeabc1/element'
08:44:18.893 [AsyncHttpClient-1-8] DEBUG org.asynchttpclient.netty.handler.HttpHandler - 

Request DefaultHttpRequest(decodeResult: success, version: HTTP/1.1)
POST /session/ee50e6468c79ab3d30aa799a11eeabc1/element HTTP/1.1
User-Agent: selenium/4.13.0 (java mac)
Content-Length: 75
Content-Type: application/json; charset=utf-8
host: localhost:40422
accept: */*

Response DefaultHttpResponse(decodeResult: success, version: HTTP/1.1)
HTTP/1.1 404 Not Found
Content-Length: 1947
Content-Type: application/json; charset=utf-8
cache-control: no-cache

08:44:18.893 [AsyncHttpClient-1-8] DEBUG org.asynchttpclient.netty.channel.ChannelManager - Adding key: http://localhost:40422 for channel [id: 0x240157d6, L:/127.0.0.1:51484 - R:localhost/127.0.0.1:40422]
08:44:19.398 [Forwarding findElement on session ee50e6468c79ab3d30aa799a11eeabc1 to remote] DEBUG org.asynchttpclient.netty.request.NettyRequestSender - Using pooled Channel '[id: 0x240157d6, L:/127.0.0.1:51484 - R:localhost/127.0.0.1:40422]' for 'POST' to 'http://localhost:40422/session/ee50e6468c79ab3d30aa799a11eeabc1/element'
08:44:19.398 [Forwarding findElement on session ee50e6468c79ab3d30aa799a11eeabc1 to remote] DEBUG org.asynchttpclient.netty.request.NettyRequestSender - Using open Channel [id: 0x240157d6, L:/127.0.0.1:51484 - R:localhost/127.0.0.1:40422] for POST '/session/ee50e6468c79ab3d30aa799a11eeabc1/element'
08:44:19.406 [AsyncHttpClient-1-8] DEBUG org.asynchttpclient.netty.handler.HttpHandler - 

Request DefaultHttpRequest(decodeResult: success, version: HTTP/1.1)
POST /session/ee50e6468c79ab3d30aa799a11eeabc1/element HTTP/1.1
User-Agent: selenium/4.13.0 (java mac)
Content-Length: 75
Content-Type: application/json; charset=utf-8
host: localhost:40422
accept: */*

Response DefaultHttpResponse(decodeResult: success, version: HTTP/1.1)
HTTP/1.1 404 Not Found
Content-Length: 1947
Content-Type: application/json; charset=utf-8
cache-control: no-cache

08:44:19.406 [AsyncHttpClient-1-8] DEBUG org.asynchttpclient.netty.channel.ChannelManager - Adding key: http://localhost:40422 for channel [id: 0x240157d6, L:/127.0.0.1:51484 - R:localhost/127.0.0.1:40422]
08:44:19.912 [Forwarding findElement on session ee50e6468c79ab3d30aa799a11eeabc1 to remote] DEBUG org.asynchttpclient.netty.request.NettyRequestSender - Using pooled Channel '[id: 0x240157d6, L:/127.0.0.1:51484 - R:localhost/127.0.0.1:40422]' for 'POST' to 'http://localhost:40422/session/ee50e6468c79ab3d30aa799a11eeabc1/element'
08:44:19.912 [Forwarding findElement on session ee50e6468c79ab3d30aa799a11eeabc1 to remote] DEBUG org.asynchttpclient.netty.request.NettyRequestSender - Using open Channel [id: 0x240157d6, L:/127.0.0.1:51484 - R:localhost/127.0.0.1:40422] for POST '/session/ee50e6468c79ab3d30aa799a11eeabc1/element'
08:44:19.921 [AsyncHttpClient-1-8] DEBUG org.asynchttpclient.netty.handler.HttpHandler - 

Request DefaultHttpRequest(decodeResult: success, version: HTTP/1.1)
POST /session/ee50e6468c79ab3d30aa799a11eeabc1/element HTTP/1.1
User-Agent: selenium/4.13.0 (java mac)
Content-Length: 75
Content-Type: application/json; charset=utf-8
host: localhost:40422
accept: */*

Response DefaultHttpResponse(decodeResult: success, version: HTTP/1.1)
HTTP/1.1 404 Not Found
Content-Length: 1947
Content-Type: application/json; charset=utf-8
cache-control: no-cache

08:44:19.921 [AsyncHttpClient-1-8] DEBUG org.asynchttpclient.netty.channel.ChannelManager - Adding key: http://localhost:40422 for channel [id: 0x240157d6, L:/127.0.0.1:51484 - R:localhost/127.0.0.1:40422]
08:44:19.940 [AsyncHttpClient-1-1] DEBUG org.asynchttpclient.netty.channel.DefaultChannelPool - Entry count for : http://localhost:51485 : 1
08:44:19.940 [AsyncHttpClient-1-1] DEBUG org.asynchttpclient.netty.channel.DefaultChannelPool - Entry count for : http://localhost:40422 : 1
08:44:20.429 [Forwarding findElement on session ee50e6468c79ab3d30aa799a11eeabc1 to remote] DEBUG org.asynchttpclient.netty.request.NettyRequestSender - Using pooled Channel '[id: 0x240157d6, L:/127.0.0.1:51484 - R:localhost/127.0.0.1:40422]' for 'POST' to 'http://localhost:40422/session/ee50e6468c79ab3d30aa799a11eeabc1/element'
08:44:20.429 [Forwarding findElement on session ee50e6468c79ab3d30aa799a11eeabc1 to remote] DEBUG org.asynchttpclient.netty.request.NettyRequestSender - Using open Channel [id: 0x240157d6, L:/127.0.0.1:51484 - R:localhost/127.0.0.1:40422] for POST '/session/ee50e6468c79ab3d30aa799a11eeabc1/element'
08:44:20.438 [AsyncHttpClient-1-8] DEBUG org.asynchttpclient.netty.handler.HttpHandler - 

Request DefaultHttpRequest(decodeResult: success, version: HTTP/1.1)
POST /session/ee50e6468c79ab3d30aa799a11eeabc1/element HTTP/1.1
User-Agent: selenium/4.13.0 (java mac)
Content-Length: 75
Content-Type: application/json; charset=utf-8
host: localhost:40422
accept: */*

Response DefaultHttpResponse(decodeResult: success, version: HTTP/1.1)
HTTP/1.1 404 Not Found
Content-Length: 1947
Content-Type: application/json; charset=utf-8
cache-control: no-cache

08:44:20.438 [AsyncHttpClient-1-8] DEBUG org.asynchttpclient.netty.channel.ChannelManager - Adding key: http://localhost:40422 for channel [id: 0x240157d6, L:/127.0.0.1:51484 - R:localhost/127.0.0.1:40422]
08:44:20.945 [Forwarding findElement on session ee50e6468c79ab3d30aa799a11eeabc1 to remote] DEBUG org.asynchttpclient.netty.request.NettyRequestSender - Using pooled Channel '[id: 0x240157d6, L:/127.0.0.1:51484 - R:localhost/127.0.0.1:40422]' for 'POST' to 'http://localhost:40422/session/ee50e6468c79ab3d30aa799a11eeabc1/element'
08:44:20.945 [Forwarding findElement on session ee50e6468c79ab3d30aa799a11eeabc1 to remote] DEBUG org.asynchttpclient.netty.request.NettyRequestSender - Using open Channel [id: 0x240157d6, L:/127.0.0.1:51484 - R:localhost/127.0.0.1:40422] for POST '/session/ee50e6468c79ab3d30aa799a11eeabc1/element'
08:44:20.954 [AsyncHttpClient-1-8] DEBUG org.asynchttpclient.netty.handler.HttpHandler - 

Request DefaultHttpRequest(decodeResult: success, version: HTTP/1.1)
POST /session/ee50e6468c79ab3d30aa799a11eeabc1/element HTTP/1.1
User-Agent: selenium/4.13.0 (java mac)
Content-Length: 75
Content-Type: application/json; charset=utf-8
host: localhost:40422
accept: */*

Response DefaultHttpResponse(decodeResult: success, version: HTTP/1.1)
HTTP/1.1 404 Not Found
Content-Length: 1947
Content-Type: application/json; charset=utf-8
cache-control: no-cache

08:44:20.955 [AsyncHttpClient-1-8] DEBUG org.asynchttpclient.netty.channel.ChannelManager - Adding key: http://localhost:40422 for channel [id: 0x240157d6, L:/127.0.0.1:51484 - R:localhost/127.0.0.1:40422]
08:44:21.043 [AsyncHttpClient-1-1] DEBUG org.asynchttpclient.netty.channel.DefaultChannelPool - Entry count for : http://localhost:51485 : 1
08:44:21.044 [AsyncHttpClient-1-1] DEBUG org.asynchttpclient.netty.channel.DefaultChannelPool - Entry count for : http://localhost:40422 : 1
08:44:21.461 [Forwarding findElement on session ee50e6468c79ab3d30aa799a11eeabc1 to remote] DEBUG org.asynchttpclient.netty.request.NettyRequestSender - Using pooled Channel '[id: 0x240157d6, L:/127.0.0.1:51484 - R:localhost/127.0.0.1:40422]' for 'POST' to 'http://localhost:40422/session/ee50e6468c79ab3d30aa799a11eeabc1/element'
08:44:21.461 [Forwarding findElement on session ee50e6468c79ab3d30aa799a11eeabc1 to remote] DEBUG org.asynchttpclient.netty.request.NettyRequestSender - Using open Channel [id: 0x240157d6, L:/127.0.0.1:51484 - R:localhost/127.0.0.1:40422] for POST '/session/ee50e6468c79ab3d30aa799a11eeabc1/element'
08:44:21.471 [AsyncHttpClient-1-8] DEBUG org.asynchttpclient.netty.handler.HttpHandler - 

Request DefaultHttpRequest(decodeResult: success, version: HTTP/1.1)
POST /session/ee50e6468c79ab3d30aa799a11eeabc1/element HTTP/1.1
User-Agent: selenium/4.13.0 (java mac)
Content-Length: 75
Content-Type: application/json; charset=utf-8
host: localhost:40422
accept: */*

Response DefaultHttpResponse(decodeResult: success, version: HTTP/1.1)
HTTP/1.1 404 Not Found
Content-Length: 1947
Content-Type: application/json; charset=utf-8
cache-control: no-cache

08:44:21.471 [AsyncHttpClient-1-8] DEBUG org.asynchttpclient.netty.channel.ChannelManager - Adding key: http://localhost:40422 for channel [id: 0x240157d6, L:/127.0.0.1:51484 - R:localhost/127.0.0.1:40422]
08:44:21.973 [Forwarding findElement on session ee50e6468c79ab3d30aa799a11eeabc1 to remote] DEBUG org.asynchttpclient.netty.request.NettyRequestSender - Using pooled Channel '[id: 0x240157d6, L:/127.0.0.1:51484 - R:localhost/127.0.0.1:40422]' for 'POST' to 'http://localhost:40422/session/ee50e6468c79ab3d30aa799a11eeabc1/element'
08:44:21.973 [Forwarding findElement on session ee50e6468c79ab3d30aa799a11eeabc1 to remote] DEBUG org.asynchttpclient.netty.request.NettyRequestSender - Using open Channel [id: 0x240157d6, L:/127.0.0.1:51484 - R:localhost/127.0.0.1:40422] for POST '/session/ee50e6468c79ab3d30aa799a11eeabc1/element'
08:44:21.982 [AsyncHttpClient-1-8] DEBUG org.asynchttpclient.netty.handler.HttpHandler - 

Request DefaultHttpRequest(decodeResult: success, version: HTTP/1.1)
POST /session/ee50e6468c79ab3d30aa799a11eeabc1/element HTTP/1.1
User-Agent: selenium/4.13.0 (java mac)
Content-Length: 75
Content-Type: application/json; charset=utf-8
host: localhost:40422
accept: */*

Response DefaultHttpResponse(decodeResult: success, version: HTTP/1.1)
HTTP/1.1 404 Not Found
Content-Length: 1947
Content-Type: application/json; charset=utf-8
cache-control: no-cache

08:44:21.982 [AsyncHttpClient-1-8] DEBUG org.asynchttpclient.netty.channel.ChannelManager - Adding key: http://localhost:40422 for channel [id: 0x240157d6, L:/127.0.0.1:51484 - R:localhost/127.0.0.1:40422]
08:44:22.144 [AsyncHttpClient-1-1] DEBUG org.asynchttpclient.netty.channel.DefaultChannelPool - Entry count for : http://localhost:51485 : 1
08:44:22.144 [AsyncHttpClient-1-1] DEBUG org.asynchttpclient.netty.channel.DefaultChannelPool - Entry count for : http://localhost:40422 : 1
08:44:22.489 [Forwarding findElement on session ee50e6468c79ab3d30aa799a11eeabc1 to remote] DEBUG org.asynchttpclient.netty.request.NettyRequestSender - Using pooled Channel '[id: 0x240157d6, L:/127.0.0.1:51484 - R:localhost/127.0.0.1:40422]' for 'POST' to 'http://localhost:40422/session/ee50e6468c79ab3d30aa799a11eeabc1/element'
08:44:22.489 [Forwarding findElement on session ee50e6468c79ab3d30aa799a11eeabc1 to remote] DEBUG org.asynchttpclient.netty.request.NettyRequestSender - Using open Channel [id: 0x240157d6, L:/127.0.0.1:51484 - R:localhost/127.0.0.1:40422] for POST '/session/ee50e6468c79ab3d30aa799a11eeabc1/element'
08:44:22.498 [AsyncHttpClient-1-8] DEBUG org.asynchttpclient.netty.handler.HttpHandler - 

Request DefaultHttpRequest(decodeResult: success, version: HTTP/1.1)
POST /session/ee50e6468c79ab3d30aa799a11eeabc1/element HTTP/1.1
User-Agent: selenium/4.13.0 (java mac)
Content-Length: 75
Content-Type: application/json; charset=utf-8
host: localhost:40422
accept: */*

Response DefaultHttpResponse(decodeResult: success, version: HTTP/1.1)
HTTP/1.1 404 Not Found
Content-Length: 1947
Content-Type: application/json; charset=utf-8
cache-control: no-cache

08:44:22.498 [AsyncHttpClient-1-8] DEBUG org.asynchttpclient.netty.channel.ChannelManager - Adding key: http://localhost:40422 for channel [id: 0x240157d6, L:/127.0.0.1:51484 - R:localhost/127.0.0.1:40422]
08:44:23.002 [Forwarding findElement on session ee50e6468c79ab3d30aa799a11eeabc1 to remote] DEBUG org.asynchttpclient.netty.request.NettyRequestSender - Using pooled Channel '[id: 0x240157d6, L:/127.0.0.1:51484 - R:localhost/127.0.0.1:40422]' for 'POST' to 'http://localhost:40422/session/ee50e6468c79ab3d30aa799a11eeabc1/element'
08:44:23.002 [Forwarding findElement on session ee50e6468c79ab3d30aa799a11eeabc1 to remote] DEBUG org.asynchttpclient.netty.request.NettyRequestSender - Using open Channel [id: 0x240157d6, L:/127.0.0.1:51484 - R:localhost/127.0.0.1:40422] for POST '/session/ee50e6468c79ab3d30aa799a11eeabc1/element'
08:44:23.011 [AsyncHttpClient-1-8] DEBUG org.asynchttpclient.netty.handler.HttpHandler - 

Request DefaultHttpRequest(decodeResult: success, version: HTTP/1.1)
POST /session/ee50e6468c79ab3d30aa799a11eeabc1/element HTTP/1.1
User-Agent: selenium/4.13.0 (java mac)
Content-Length: 75
Content-Type: application/json; charset=utf-8
host: localhost:40422
accept: */*

Response DefaultHttpResponse(decodeResult: success, version: HTTP/1.1)
HTTP/1.1 404 Not Found
Content-Length: 1947
Content-Type: application/json; charset=utf-8
cache-control: no-cache

08:44:23.011 [AsyncHttpClient-1-8] DEBUG org.asynchttpclient.netty.channel.ChannelManager - Adding key: http://localhost:40422 for channel [id: 0x240157d6, L:/127.0.0.1:51484 - R:localhost/127.0.0.1:40422]
08:44:23.243 [AsyncHttpClient-1-1] DEBUG org.asynchttpclient.netty.channel.DefaultChannelPool - Entry count for : http://localhost:51485 : 1
08:44:23.243 [AsyncHttpClient-1-1] DEBUG org.asynchttpclient.netty.channel.DefaultChannelPool - Entry count for : http://localhost:40422 : 1
08:44:23.518 [Forwarding findElement on session ee50e6468c79ab3d30aa799a11eeabc1 to remote] DEBUG org.asynchttpclient.netty.request.NettyRequestSender - Using pooled Channel '[id: 0x240157d6, L:/127.0.0.1:51484 - R:localhost/127.0.0.1:40422]' for 'POST' to 'http://localhost:40422/session/ee50e6468c79ab3d30aa799a11eeabc1/element'
08:44:23.518 [Forwarding findElement on session ee50e6468c79ab3d30aa799a11eeabc1 to remote] DEBUG org.asynchttpclient.netty.request.NettyRequestSender - Using open Channel [id: 0x240157d6, L:/127.0.0.1:51484 - R:localhost/127.0.0.1:40422] for POST '/session/ee50e6468c79ab3d30aa799a11eeabc1/element'
08:44:23.530 [AsyncHttpClient-1-8] DEBUG org.asynchttpclient.netty.handler.HttpHandler - 

Request DefaultHttpRequest(decodeResult: success, version: HTTP/1.1)
POST /session/ee50e6468c79ab3d30aa799a11eeabc1/element HTTP/1.1
User-Agent: selenium/4.13.0 (java mac)
Content-Length: 75
Content-Type: application/json; charset=utf-8
host: localhost:40422
accept: */*

Response DefaultHttpResponse(decodeResult: success, version: HTTP/1.1)
HTTP/1.1 404 Not Found
Content-Length: 1947
Content-Type: application/json; charset=utf-8
cache-control: no-cache

08:44:23.530 [AsyncHttpClient-1-8] DEBUG org.asynchttpclient.netty.channel.ChannelManager - Adding key: http://localhost:40422 for channel [id: 0x240157d6, L:/127.0.0.1:51484 - R:localhost/127.0.0.1:40422]
08:44:24.034 [Forwarding findElement on session ee50e6468c79ab3d30aa799a11eeabc1 to remote] DEBUG org.asynchttpclient.netty.request.NettyRequestSender - Using pooled Channel '[id: 0x240157d6, L:/127.0.0.1:51484 - R:localhost/127.0.0.1:40422]' for 'POST' to 'http://localhost:40422/session/ee50e6468c79ab3d30aa799a11eeabc1/element'
08:44:24.034 [Forwarding findElement on session ee50e6468c79ab3d30aa799a11eeabc1 to remote] DEBUG org.asynchttpclient.netty.request.NettyRequestSender - Using open Channel [id: 0x240157d6, L:/127.0.0.1:51484 - R:localhost/127.0.0.1:40422] for POST '/session/ee50e6468c79ab3d30aa799a11eeabc1/element'
08:44:24.043 [AsyncHttpClient-1-8] DEBUG org.asynchttpclient.netty.handler.HttpHandler - 

Request DefaultHttpRequest(decodeResult: success, version: HTTP/1.1)
POST /session/ee50e6468c79ab3d30aa799a11eeabc1/element HTTP/1.1
User-Agent: selenium/4.13.0 (java mac)
Content-Length: 75
Content-Type: application/json; charset=utf-8
host: localhost:40422
accept: */*

Response DefaultHttpResponse(decodeResult: success, version: HTTP/1.1)
HTTP/1.1 404 Not Found
Content-Length: 1947
Content-Type: application/json; charset=utf-8
cache-control: no-cache

08:44:24.043 [AsyncHttpClient-1-8] DEBUG org.asynchttpclient.netty.channel.ChannelManager - Adding key: http://localhost:40422 for channel [id: 0x240157d6, L:/127.0.0.1:51484 - R:localhost/127.0.0.1:40422]
08:44:24.344 [AsyncHttpClient-1-1] DEBUG org.asynchttpclient.netty.channel.DefaultChannelPool - Entry count for : http://localhost:51485 : 1
08:44:24.344 [AsyncHttpClient-1-1] DEBUG org.asynchttpclient.netty.channel.DefaultChannelPool - Entry count for : http://localhost:40422 : 1
08:44:24.545 [Forwarding findElement on session ee50e6468c79ab3d30aa799a11eeabc1 to remote] DEBUG org.asynchttpclient.netty.request.NettyRequestSender - Using pooled Channel '[id: 0x240157d6, L:/127.0.0.1:51484 - R:localhost/127.0.0.1:40422]' for 'POST' to 'http://localhost:40422/session/ee50e6468c79ab3d30aa799a11eeabc1/element'
08:44:24.545 [Forwarding findElement on session ee50e6468c79ab3d30aa799a11eeabc1 to remote] DEBUG org.asynchttpclient.netty.request.NettyRequestSender - Using open Channel [id: 0x240157d6, L:/127.0.0.1:51484 - R:localhost/127.0.0.1:40422] for POST '/session/ee50e6468c79ab3d30aa799a11eeabc1/element'
08:44:24.551 [AsyncHttpClient-1-8] DEBUG org.asynchttpclient.netty.handler.HttpHandler - 

Request DefaultHttpRequest(decodeResult: success, version: HTTP/1.1)
POST /session/ee50e6468c79ab3d30aa799a11eeabc1/element HTTP/1.1
User-Agent: selenium/4.13.0 (java mac)
Content-Length: 75
Content-Type: application/json; charset=utf-8
host: localhost:40422
accept: */*

Response DefaultHttpResponse(decodeResult: success, version: HTTP/1.1)
HTTP/1.1 404 Not Found
Content-Length: 1947
Content-Type: application/json; charset=utf-8
cache-control: no-cache

08:44:24.551 [AsyncHttpClient-1-8] DEBUG org.asynchttpclient.netty.channel.ChannelManager - Adding key: http://localhost:40422 for channel [id: 0x240157d6, L:/127.0.0.1:51484 - R:localhost/127.0.0.1:40422]
08:44:25.058 [Forwarding findElement on session ee50e6468c79ab3d30aa799a11eeabc1 to remote] DEBUG org.asynchttpclient.netty.request.NettyRequestSender - Using pooled Channel '[id: 0x240157d6, L:/127.0.0.1:51484 - R:localhost/127.0.0.1:40422]' for 'POST' to 'http://localhost:40422/session/ee50e6468c79ab3d30aa799a11eeabc1/element'
08:44:25.058 [Forwarding findElement on session ee50e6468c79ab3d30aa799a11eeabc1 to remote] DEBUG org.asynchttpclient.netty.request.NettyRequestSender - Using open Channel [id: 0x240157d6, L:/127.0.0.1:51484 - R:localhost/127.0.0.1:40422] for POST '/session/ee50e6468c79ab3d30aa799a11eeabc1/element'
08:44:25.067 [AsyncHttpClient-1-8] DEBUG org.asynchttpclient.netty.handler.HttpHandler - 

Request DefaultHttpRequest(decodeResult: success, version: HTTP/1.1)
POST /session/ee50e6468c79ab3d30aa799a11eeabc1/element HTTP/1.1
User-Agent: selenium/4.13.0 (java mac)
Content-Length: 75
Content-Type: application/json; charset=utf-8
host: localhost:40422
accept: */*

Response DefaultHttpResponse(decodeResult: success, version: HTTP/1.1)
HTTP/1.1 404 Not Found
Content-Length: 1947
Content-Type: application/json; charset=utf-8
cache-control: no-cache

08:44:25.067 [AsyncHttpClient-1-8] DEBUG org.asynchttpclient.netty.channel.ChannelManager - Adding key: http://localhost:40422 for channel [id: 0x240157d6, L:/127.0.0.1:51484 - R:localhost/127.0.0.1:40422]
08:44:25.442 [AsyncHttpClient-1-1] DEBUG org.asynchttpclient.netty.channel.DefaultChannelPool - Entry count for : http://localhost:51485 : 1
08:44:25.442 [AsyncHttpClient-1-1] DEBUG org.asynchttpclient.netty.channel.DefaultChannelPool - Entry count for : http://localhost:40422 : 1
08:44:25.573 [Forwarding findElement on session ee50e6468c79ab3d30aa799a11eeabc1 to remote] DEBUG org.asynchttpclient.netty.request.NettyRequestSender - Using pooled Channel '[id: 0x240157d6, L:/127.0.0.1:51484 - R:localhost/127.0.0.1:40422]' for 'POST' to 'http://localhost:40422/session/ee50e6468c79ab3d30aa799a11eeabc1/element'
08:44:25.574 [Forwarding findElement on session ee50e6468c79ab3d30aa799a11eeabc1 to remote] DEBUG org.asynchttpclient.netty.request.NettyRequestSender - Using open Channel [id: 0x240157d6, L:/127.0.0.1:51484 - R:localhost/127.0.0.1:40422] for POST '/session/ee50e6468c79ab3d30aa799a11eeabc1/element'
08:44:25.580 [AsyncHttpClient-1-8] DEBUG org.asynchttpclient.netty.handler.HttpHandler - 

Request DefaultHttpRequest(decodeResult: success, version: HTTP/1.1)
POST /session/ee50e6468c79ab3d30aa799a11eeabc1/element HTTP/1.1
User-Agent: selenium/4.13.0 (java mac)
Content-Length: 75
Content-Type: application/json; charset=utf-8
host: localhost:40422
accept: */*

Response DefaultHttpResponse(decodeResult: success, version: HTTP/1.1)
HTTP/1.1 404 Not Found
Content-Length: 1947
Content-Type: application/json; charset=utf-8
cache-control: no-cache

08:44:25.580 [AsyncHttpClient-1-8] DEBUG org.asynchttpclient.netty.channel.ChannelManager - Adding key: http://localhost:40422 for channel [id: 0x240157d6, L:/127.0.0.1:51484 - R:localhost/127.0.0.1:40422]
08:44:26.086 [Forwarding findElement on session ee50e6468c79ab3d30aa799a11eeabc1 to remote] DEBUG org.asynchttpclient.netty.request.NettyRequestSender - Using pooled Channel '[id: 0x240157d6, L:/127.0.0.1:51484 - R:localhost/127.0.0.1:40422]' for 'POST' to 'http://localhost:40422/session/ee50e6468c79ab3d30aa799a11eeabc1/element'
08:44:26.086 [Forwarding findElement on session ee50e6468c79ab3d30aa799a11eeabc1 to remote] DEBUG org.asynchttpclient.netty.request.NettyRequestSender - Using open Channel [id: 0x240157d6, L:/127.0.0.1:51484 - R:localhost/127.0.0.1:40422] for POST '/session/ee50e6468c79ab3d30aa799a11eeabc1/element'
08:44:26.095 [AsyncHttpClient-1-8] DEBUG org.asynchttpclient.netty.handler.HttpHandler - 

Request DefaultHttpRequest(decodeResult: success, version: HTTP/1.1)
POST /session/ee50e6468c79ab3d30aa799a11eeabc1/element HTTP/1.1
User-Agent: selenium/4.13.0 (java mac)
Content-Length: 75
Content-Type: application/json; charset=utf-8
host: localhost:40422
accept: */*

Response DefaultHttpResponse(decodeResult: success, version: HTTP/1.1)
HTTP/1.1 404 Not Found
Content-Length: 1947
Content-Type: application/json; charset=utf-8
cache-control: no-cache

08:44:26.095 [AsyncHttpClient-1-8] DEBUG org.asynchttpclient.netty.channel.ChannelManager - Adding key: http://localhost:40422 for channel [id: 0x240157d6, L:/127.0.0.1:51484 - R:localhost/127.0.0.1:40422]
08:44:26.543 [AsyncHttpClient-1-1] DEBUG org.asynchttpclient.netty.channel.DefaultChannelPool - Entry count for : http://localhost:51485 : 1
08:44:26.544 [AsyncHttpClient-1-1] DEBUG org.asynchttpclient.netty.channel.DefaultChannelPool - Entry count for : http://localhost:40422 : 1
08:44:26.599 [Forwarding findElement on session ee50e6468c79ab3d30aa799a11eeabc1 to remote] DEBUG org.asynchttpclient.netty.request.NettyRequestSender - Using pooled Channel '[id: 0x240157d6, L:/127.0.0.1:51484 - R:localhost/127.0.0.1:40422]' for 'POST' to 'http://localhost:40422/session/ee50e6468c79ab3d30aa799a11eeabc1/element'
08:44:26.599 [Forwarding findElement on session ee50e6468c79ab3d30aa799a11eeabc1 to remote] DEBUG org.asynchttpclient.netty.request.NettyRequestSender - Using open Channel [id: 0x240157d6, L:/127.0.0.1:51484 - R:localhost/127.0.0.1:40422] for POST '/session/ee50e6468c79ab3d30aa799a11eeabc1/element'
08:44:26.608 [AsyncHttpClient-1-8] DEBUG org.asynchttpclient.netty.handler.HttpHandler - 

Request DefaultHttpRequest(decodeResult: success, version: HTTP/1.1)
POST /session/ee50e6468c79ab3d30aa799a11eeabc1/element HTTP/1.1
User-Agent: selenium/4.13.0 (java mac)
Content-Length: 75
Content-Type: application/json; charset=utf-8
host: localhost:40422
accept: */*

Response DefaultHttpResponse(decodeResult: success, version: HTTP/1.1)
HTTP/1.1 404 Not Found
Content-Length: 1947
Content-Type: application/json; charset=utf-8
cache-control: no-cache

08:44:26.608 [AsyncHttpClient-1-8] DEBUG org.asynchttpclient.netty.channel.ChannelManager - Adding key: http://localhost:40422 for channel [id: 0x240157d6, L:/127.0.0.1:51484 - R:localhost/127.0.0.1:40422]
08:44:27.115 [Forwarding findElement on session ee50e6468c79ab3d30aa799a11eeabc1 to remote] DEBUG org.asynchttpclient.netty.request.NettyRequestSender - Using pooled Channel '[id: 0x240157d6, L:/127.0.0.1:51484 - R:localhost/127.0.0.1:40422]' for 'POST' to 'http://localhost:40422/session/ee50e6468c79ab3d30aa799a11eeabc1/element'
08:44:27.115 [Forwarding findElement on session ee50e6468c79ab3d30aa799a11eeabc1 to remote] DEBUG org.asynchttpclient.netty.request.NettyRequestSender - Using open Channel [id: 0x240157d6, L:/127.0.0.1:51484 - R:localhost/127.0.0.1:40422] for POST '/session/ee50e6468c79ab3d30aa799a11eeabc1/element'
08:44:27.124 [AsyncHttpClient-1-8] DEBUG org.asynchttpclient.netty.handler.HttpHandler - 

Request DefaultHttpRequest(decodeResult: success, version: HTTP/1.1)
POST /session/ee50e6468c79ab3d30aa799a11eeabc1/element HTTP/1.1
User-Agent: selenium/4.13.0 (java mac)
Content-Length: 75
Content-Type: application/json; charset=utf-8
host: localhost:40422
accept: */*

Response DefaultHttpResponse(decodeResult: success, version: HTTP/1.1)
HTTP/1.1 404 Not Found
Content-Length: 1947
Content-Type: application/json; charset=utf-8
cache-control: no-cache

08:44:27.124 [AsyncHttpClient-1-8] DEBUG org.asynchttpclient.netty.channel.ChannelManager - Adding key: http://localhost:40422 for channel [id: 0x240157d6, L:/127.0.0.1:51484 - R:localhost/127.0.0.1:40422]
08:44:27.626 [Forwarding findElement on session ee50e6468c79ab3d30aa799a11eeabc1 to remote] DEBUG org.asynchttpclient.netty.request.NettyRequestSender - Using pooled Channel '[id: 0x240157d6, L:/127.0.0.1:51484 - R:localhost/127.0.0.1:40422]' for 'POST' to 'http://localhost:40422/session/ee50e6468c79ab3d30aa799a11eeabc1/element'
08:44:27.626 [Forwarding findElement on session ee50e6468c79ab3d30aa799a11eeabc1 to remote] DEBUG org.asynchttpclient.netty.request.NettyRequestSender - Using open Channel [id: 0x240157d6, L:/127.0.0.1:51484 - R:localhost/127.0.0.1:40422] for POST '/session/ee50e6468c79ab3d30aa799a11eeabc1/element'
08:44:27.635 [AsyncHttpClient-1-8] DEBUG org.asynchttpclient.netty.handler.HttpHandler - 

Request DefaultHttpRequest(decodeResult: success, version: HTTP/1.1)
POST /session/ee50e6468c79ab3d30aa799a11eeabc1/element HTTP/1.1
User-Agent: selenium/4.13.0 (java mac)
Content-Length: 75
Content-Type: application/json; charset=utf-8
host: localhost:40422
accept: */*

Response DefaultHttpResponse(decodeResult: success, version: HTTP/1.1)
HTTP/1.1 404 Not Found
Content-Length: 1947
Content-Type: application/json; charset=utf-8
cache-control: no-cache

08:44:27.635 [AsyncHttpClient-1-8] DEBUG org.asynchttpclient.netty.channel.ChannelManager - Adding key: http://localhost:40422 for channel [id: 0x240157d6, L:/127.0.0.1:51484 - R:localhost/127.0.0.1:40422]
08:44:27.642 [AsyncHttpClient-1-1] DEBUG org.asynchttpclient.netty.channel.DefaultChannelPool - Entry count for : http://localhost:51485 : 1
08:44:27.642 [AsyncHttpClient-1-1] DEBUG org.asynchttpclient.netty.channel.DefaultChannelPool - Entry count for : http://localhost:40422 : 1
08:44:28.137 [Forwarding findElement on session ee50e6468c79ab3d30aa799a11eeabc1 to remote] DEBUG org.asynchttpclient.netty.request.NettyRequestSender - Using pooled Channel '[id: 0x240157d6, L:/127.0.0.1:51484 - R:localhost/127.0.0.1:40422]' for 'POST' to 'http://localhost:40422/session/ee50e6468c79ab3d30aa799a11eeabc1/element'
08:44:28.137 [Forwarding findElement on session ee50e6468c79ab3d30aa799a11eeabc1 to remote] DEBUG org.asynchttpclient.netty.request.NettyRequestSender - Using open Channel [id: 0x240157d6, L:/127.0.0.1:51484 - R:localhost/127.0.0.1:40422] for POST '/session/ee50e6468c79ab3d30aa799a11eeabc1/element'
08:44:28.146 [AsyncHttpClient-1-8] DEBUG org.asynchttpclient.netty.handler.HttpHandler - 

Request DefaultHttpRequest(decodeResult: success, version: HTTP/1.1)
POST /session/ee50e6468c79ab3d30aa799a11eeabc1/element HTTP/1.1
User-Agent: selenium/4.13.0 (java mac)
Content-Length: 75
Content-Type: application/json; charset=utf-8
host: localhost:40422
accept: */*

Response DefaultHttpResponse(decodeResult: success, version: HTTP/1.1)
HTTP/1.1 404 Not Found
Content-Length: 1947
Content-Type: application/json; charset=utf-8
cache-control: no-cache

08:44:28.147 [AsyncHttpClient-1-8] DEBUG org.asynchttpclient.netty.channel.ChannelManager - Adding key: http://localhost:40422 for channel [id: 0x240157d6, L:/127.0.0.1:51484 - R:localhost/127.0.0.1:40422]
08:44:28.649 [Forwarding findElement on session ee50e6468c79ab3d30aa799a11eeabc1 to remote] DEBUG org.asynchttpclient.netty.request.NettyRequestSender - Using pooled Channel '[id: 0x240157d6, L:/127.0.0.1:51484 - R:localhost/127.0.0.1:40422]' for 'POST' to 'http://localhost:40422/session/ee50e6468c79ab3d30aa799a11eeabc1/element'
08:44:28.649 [Forwarding findElement on session ee50e6468c79ab3d30aa799a11eeabc1 to remote] DEBUG org.asynchttpclient.netty.request.NettyRequestSender - Using open Channel [id: 0x240157d6, L:/127.0.0.1:51484 - R:localhost/127.0.0.1:40422] for POST '/session/ee50e6468c79ab3d30aa799a11eeabc1/element'
08:44:28.659 [AsyncHttpClient-1-8] DEBUG org.asynchttpclient.netty.handler.HttpHandler - 

Request DefaultHttpRequest(decodeResult: success, version: HTTP/1.1)
POST /session/ee50e6468c79ab3d30aa799a11eeabc1/element HTTP/1.1
User-Agent: selenium/4.13.0 (java mac)
Content-Length: 75
Content-Type: application/json; charset=utf-8
host: localhost:40422
accept: */*

Response DefaultHttpResponse(decodeResult: success, version: HTTP/1.1)
HTTP/1.1 404 Not Found
Content-Length: 1947
Content-Type: application/json; charset=utf-8
cache-control: no-cache

08:44:28.659 [AsyncHttpClient-1-8] DEBUG org.asynchttpclient.netty.channel.ChannelManager - Adding key: http://localhost:40422 for channel [id: 0x240157d6, L:/127.0.0.1:51484 - R:localhost/127.0.0.1:40422]
08:44:28.740 [AsyncHttpClient-1-1] DEBUG org.asynchttpclient.netty.channel.DefaultChannelPool - Entry count for : http://localhost:51485 : 1
08:44:28.740 [AsyncHttpClient-1-1] DEBUG org.asynchttpclient.netty.channel.DefaultChannelPool - Entry count for : http://localhost:40422 : 1
08:44:29.162 [Forwarding findElement on session ee50e6468c79ab3d30aa799a11eeabc1 to remote] DEBUG org.asynchttpclient.netty.request.NettyRequestSender - Using pooled Channel '[id: 0x240157d6, L:/127.0.0.1:51484 - R:localhost/127.0.0.1:40422]' for 'POST' to 'http://localhost:40422/session/ee50e6468c79ab3d30aa799a11eeabc1/element'
08:44:29.162 [Forwarding findElement on session ee50e6468c79ab3d30aa799a11eeabc1 to remote] DEBUG org.asynchttpclient.netty.request.NettyRequestSender - Using open Channel [id: 0x240157d6, L:/127.0.0.1:51484 - R:localhost/127.0.0.1:40422] for POST '/session/ee50e6468c79ab3d30aa799a11eeabc1/element'
08:44:29.171 [AsyncHttpClient-1-8] DEBUG org.asynchttpclient.netty.handler.HttpHandler - 

Request DefaultHttpRequest(decodeResult: success, version: HTTP/1.1)
POST /session/ee50e6468c79ab3d30aa799a11eeabc1/element HTTP/1.1
User-Agent: selenium/4.13.0 (java mac)
Content-Length: 75
Content-Type: application/json; charset=utf-8
host: localhost:40422
accept: */*

Response DefaultHttpResponse(decodeResult: success, version: HTTP/1.1)
HTTP/1.1 404 Not Found
Content-Length: 1947
Content-Type: application/json; charset=utf-8
cache-control: no-cache

08:44:29.171 [AsyncHttpClient-1-8] DEBUG org.asynchttpclient.netty.channel.ChannelManager - Adding key: http://localhost:40422 for channel [id: 0x240157d6, L:/127.0.0.1:51484 - R:localhost/127.0.0.1:40422]
08:44:29.677 [Forwarding findElement on session ee50e6468c79ab3d30aa799a11eeabc1 to remote] DEBUG org.asynchttpclient.netty.request.NettyRequestSender - Using pooled Channel '[id: 0x240157d6, L:/127.0.0.1:51484 - R:localhost/127.0.0.1:40422]' for 'POST' to 'http://localhost:40422/session/ee50e6468c79ab3d30aa799a11eeabc1/element'
08:44:29.677 [Forwarding findElement on session ee50e6468c79ab3d30aa799a11eeabc1 to remote] DEBUG org.asynchttpclient.netty.request.NettyRequestSender - Using open Channel [id: 0x240157d6, L:/127.0.0.1:51484 - R:localhost/127.0.0.1:40422] for POST '/session/ee50e6468c79ab3d30aa799a11eeabc1/element'
08:44:29.683 [AsyncHttpClient-1-8] DEBUG org.asynchttpclient.netty.handler.HttpHandler - 

Request DefaultHttpRequest(decodeResult: success, version: HTTP/1.1)
POST /session/ee50e6468c79ab3d30aa799a11eeabc1/element HTTP/1.1
User-Agent: selenium/4.13.0 (java mac)
Content-Length: 75
Content-Type: application/json; charset=utf-8
host: localhost:40422
accept: */*

Response DefaultHttpResponse(decodeResult: success, version: HTTP/1.1)
HTTP/1.1 404 Not Found
Content-Length: 1947
Content-Type: application/json; charset=utf-8
cache-control: no-cache

08:44:29.684 [AsyncHttpClient-1-8] DEBUG org.asynchttpclient.netty.channel.ChannelManager - Adding key: http://localhost:40422 for channel [id: 0x240157d6, L:/127.0.0.1:51484 - R:localhost/127.0.0.1:40422]
08:44:29.842 [AsyncHttpClient-1-1] DEBUG org.asynchttpclient.netty.channel.DefaultChannelPool - Entry count for : http://localhost:51485 : 1
08:44:29.842 [AsyncHttpClient-1-1] DEBUG org.asynchttpclient.netty.channel.DefaultChannelPool - Entry count for : http://localhost:40422 : 1
08:44:30.191 [Forwarding findElement on session ee50e6468c79ab3d30aa799a11eeabc1 to remote] DEBUG org.asynchttpclient.netty.request.NettyRequestSender - Using pooled Channel '[id: 0x240157d6, L:/127.0.0.1:51484 - R:localhost/127.0.0.1:40422]' for 'POST' to 'http://localhost:40422/session/ee50e6468c79ab3d30aa799a11eeabc1/element'
08:44:30.191 [Forwarding findElement on session ee50e6468c79ab3d30aa799a11eeabc1 to remote] DEBUG org.asynchttpclient.netty.request.NettyRequestSender - Using open Channel [id: 0x240157d6, L:/127.0.0.1:51484 - R:localhost/127.0.0.1:40422] for POST '/session/ee50e6468c79ab3d30aa799a11eeabc1/element'
08:44:30.200 [AsyncHttpClient-1-8] DEBUG org.asynchttpclient.netty.handler.HttpHandler - 

Request DefaultHttpRequest(decodeResult: success, version: HTTP/1.1)
POST /session/ee50e6468c79ab3d30aa799a11eeabc1/element HTTP/1.1
User-Agent: selenium/4.13.0 (java mac)
Content-Length: 75
Content-Type: application/json; charset=utf-8
host: localhost:40422
accept: */*

Response DefaultHttpResponse(decodeResult: success, version: HTTP/1.1)
HTTP/1.1 404 Not Found
Content-Length: 1947
Content-Type: application/json; charset=utf-8
cache-control: no-cache

08:44:30.200 [AsyncHttpClient-1-8] DEBUG org.asynchttpclient.netty.channel.ChannelManager - Adding key: http://localhost:40422 for channel [id: 0x240157d6, L:/127.0.0.1:51484 - R:localhost/127.0.0.1:40422]
08:44:30.704 [Forwarding findElement on session ee50e6468c79ab3d30aa799a11eeabc1 to remote] DEBUG org.asynchttpclient.netty.request.NettyRequestSender - Using pooled Channel '[id: 0x240157d6, L:/127.0.0.1:51484 - R:localhost/127.0.0.1:40422]' for 'POST' to 'http://localhost:40422/session/ee50e6468c79ab3d30aa799a11eeabc1/element'
08:44:30.704 [Forwarding findElement on session ee50e6468c79ab3d30aa799a11eeabc1 to remote] DEBUG org.asynchttpclient.netty.request.NettyRequestSender - Using open Channel [id: 0x240157d6, L:/127.0.0.1:51484 - R:localhost/127.0.0.1:40422] for POST '/session/ee50e6468c79ab3d30aa799a11eeabc1/element'
08:44:30.712 [AsyncHttpClient-1-8] DEBUG org.asynchttpclient.netty.handler.HttpHandler - 

Request DefaultHttpRequest(decodeResult: success, version: HTTP/1.1)
POST /session/ee50e6468c79ab3d30aa799a11eeabc1/element HTTP/1.1
User-Agent: selenium/4.13.0 (java mac)
Content-Length: 75
Content-Type: application/json; charset=utf-8
host: localhost:40422
accept: */*

Response DefaultHttpResponse(decodeResult: success, version: HTTP/1.1)
HTTP/1.1 404 Not Found
Content-Length: 1947
Content-Type: application/json; charset=utf-8
cache-control: no-cache

08:44:30.713 [AsyncHttpClient-1-8] DEBUG org.asynchttpclient.netty.channel.ChannelManager - Adding key: http://localhost:40422 for channel [id: 0x240157d6, L:/127.0.0.1:51484 - R:localhost/127.0.0.1:40422]
08:44:30.943 [AsyncHttpClient-1-1] DEBUG org.asynchttpclient.netty.channel.DefaultChannelPool - Entry count for : http://localhost:51485 : 1
08:44:30.943 [AsyncHttpClient-1-1] DEBUG org.asynchttpclient.netty.channel.DefaultChannelPool - Entry count for : http://localhost:40422 : 1
08:44:31.216 [Forwarding findElement on session ee50e6468c79ab3d30aa799a11eeabc1 to remote] DEBUG org.asynchttpclient.netty.request.NettyRequestSender - Using pooled Channel '[id: 0x240157d6, L:/127.0.0.1:51484 - R:localhost/127.0.0.1:40422]' for 'POST' to 'http://localhost:40422/session/ee50e6468c79ab3d30aa799a11eeabc1/element'
08:44:31.216 [Forwarding findElement on session ee50e6468c79ab3d30aa799a11eeabc1 to remote] DEBUG org.asynchttpclient.netty.request.NettyRequestSender - Using open Channel [id: 0x240157d6, L:/127.0.0.1:51484 - R:localhost/127.0.0.1:40422] for POST '/session/ee50e6468c79ab3d30aa799a11eeabc1/element'
08:44:31.225 [AsyncHttpClient-1-8] DEBUG org.asynchttpclient.netty.handler.HttpHandler - 

Request DefaultHttpRequest(decodeResult: success, version: HTTP/1.1)
POST /session/ee50e6468c79ab3d30aa799a11eeabc1/element HTTP/1.1
User-Agent: selenium/4.13.0 (java mac)
Content-Length: 75
Content-Type: application/json; charset=utf-8
host: localhost:40422
accept: */*

Response DefaultHttpResponse(decodeResult: success, version: HTTP/1.1)
HTTP/1.1 404 Not Found
Content-Length: 1947
Content-Type: application/json; charset=utf-8
cache-control: no-cache

08:44:31.225 [AsyncHttpClient-1-8] DEBUG org.asynchttpclient.netty.channel.ChannelManager - Adding key: http://localhost:40422 for channel [id: 0x240157d6, L:/127.0.0.1:51484 - R:localhost/127.0.0.1:40422]
08:44:31.732 [Forwarding findElement on session ee50e6468c79ab3d30aa799a11eeabc1 to remote] DEBUG org.asynchttpclient.netty.request.NettyRequestSender - Using pooled Channel '[id: 0x240157d6, L:/127.0.0.1:51484 - R:localhost/127.0.0.1:40422]' for 'POST' to 'http://localhost:40422/session/ee50e6468c79ab3d30aa799a11eeabc1/element'
08:44:31.732 [Forwarding findElement on session ee50e6468c79ab3d30aa799a11eeabc1 to remote] DEBUG org.asynchttpclient.netty.request.NettyRequestSender - Using open Channel [id: 0x240157d6, L:/127.0.0.1:51484 - R:localhost/127.0.0.1:40422] for POST '/session/ee50e6468c79ab3d30aa799a11eeabc1/element'
08:44:31.741 [AsyncHttpClient-1-8] DEBUG org.asynchttpclient.netty.handler.HttpHandler - 

Request DefaultHttpRequest(decodeResult: success, version: HTTP/1.1)
POST /session/ee50e6468c79ab3d30aa799a11eeabc1/element HTTP/1.1
User-Agent: selenium/4.13.0 (java mac)
Content-Length: 75
Content-Type: application/json; charset=utf-8
host: localhost:40422
accept: */*

Response DefaultHttpResponse(decodeResult: success, version: HTTP/1.1)
HTTP/1.1 404 Not Found
Content-Length: 1947
Content-Type: application/json; charset=utf-8
cache-control: no-cache

08:44:31.741 [AsyncHttpClient-1-8] DEBUG org.asynchttpclient.netty.channel.ChannelManager - Adding key: http://localhost:40422 for channel [id: 0x240157d6, L:/127.0.0.1:51484 - R:localhost/127.0.0.1:40422]
08:44:32.044 [AsyncHttpClient-1-1] DEBUG org.asynchttpclient.netty.channel.DefaultChannelPool - Entry count for : http://localhost:51485 : 1
08:44:32.044 [AsyncHttpClient-1-1] DEBUG org.asynchttpclient.netty.channel.DefaultChannelPool - Entry count for : http://localhost:40422 : 1
08:44:32.246 [Forwarding findElement on session ee50e6468c79ab3d30aa799a11eeabc1 to remote] DEBUG org.asynchttpclient.netty.request.NettyRequestSender - Using pooled Channel '[id: 0x240157d6, L:/127.0.0.1:51484 - R:localhost/127.0.0.1:40422]' for 'POST' to 'http://localhost:40422/session/ee50e6468c79ab3d30aa799a11eeabc1/element'
08:44:32.246 [Forwarding findElement on session ee50e6468c79ab3d30aa799a11eeabc1 to remote] DEBUG org.asynchttpclient.netty.request.NettyRequestSender - Using open Channel [id: 0x240157d6, L:/127.0.0.1:51484 - R:localhost/127.0.0.1:40422] for POST '/session/ee50e6468c79ab3d30aa799a11eeabc1/element'
08:44:32.252 [AsyncHttpClient-1-8] DEBUG org.asynchttpclient.netty.handler.HttpHandler - 

Request DefaultHttpRequest(decodeResult: success, version: HTTP/1.1)
POST /session/ee50e6468c79ab3d30aa799a11eeabc1/element HTTP/1.1
User-Agent: selenium/4.13.0 (java mac)
Content-Length: 75
Content-Type: application/json; charset=utf-8
host: localhost:40422
accept: */*

Response DefaultHttpResponse(decodeResult: success, version: HTTP/1.1)
HTTP/1.1 404 Not Found
Content-Length: 1947
Content-Type: application/json; charset=utf-8
cache-control: no-cache

08:44:32.253 [AsyncHttpClient-1-8] DEBUG org.asynchttpclient.netty.channel.ChannelManager - Adding key: http://localhost:40422 for channel [id: 0x240157d6, L:/127.0.0.1:51484 - R:localhost/127.0.0.1:40422]
08:44:32.759 [Forwarding findElement on session ee50e6468c79ab3d30aa799a11eeabc1 to remote] DEBUG org.asynchttpclient.netty.request.NettyRequestSender - Using pooled Channel '[id: 0x240157d6, L:/127.0.0.1:51484 - R:localhost/127.0.0.1:40422]' for 'POST' to 'http://localhost:40422/session/ee50e6468c79ab3d30aa799a11eeabc1/element'
08:44:32.760 [Forwarding findElement on session ee50e6468c79ab3d30aa799a11eeabc1 to remote] DEBUG org.asynchttpclient.netty.request.NettyRequestSender - Using open Channel [id: 0x240157d6, L:/127.0.0.1:51484 - R:localhost/127.0.0.1:40422] for POST '/session/ee50e6468c79ab3d30aa799a11eeabc1/element'
08:44:32.768 [AsyncHttpClient-1-8] DEBUG org.asynchttpclient.netty.handler.HttpHandler - 

Request DefaultHttpRequest(decodeResult: success, version: HTTP/1.1)
POST /session/ee50e6468c79ab3d30aa799a11eeabc1/element HTTP/1.1
User-Agent: selenium/4.13.0 (java mac)
Content-Length: 75
Content-Type: application/json; charset=utf-8
host: localhost:40422
accept: */*

Response DefaultHttpResponse(decodeResult: success, version: HTTP/1.1)
HTTP/1.1 404 Not Found
Content-Length: 1947
Content-Type: application/json; charset=utf-8
cache-control: no-cache

08:44:32.769 [AsyncHttpClient-1-8] DEBUG org.asynchttpclient.netty.channel.ChannelManager - Adding key: http://localhost:40422 for channel [id: 0x240157d6, L:/127.0.0.1:51484 - R:localhost/127.0.0.1:40422]
08:44:33.144 [AsyncHttpClient-1-1] DEBUG org.asynchttpclient.netty.channel.DefaultChannelPool - Entry count for : http://localhost:51485 : 1
08:44:33.144 [AsyncHttpClient-1-1] DEBUG org.asynchttpclient.netty.channel.DefaultChannelPool - Entry count for : http://localhost:40422 : 1
08:44:33.275 [Forwarding findElement on session ee50e6468c79ab3d30aa799a11eeabc1 to remote] DEBUG org.asynchttpclient.netty.request.NettyRequestSender - Using pooled Channel '[id: 0x240157d6, L:/127.0.0.1:51484 - R:localhost/127.0.0.1:40422]' for 'POST' to 'http://localhost:40422/session/ee50e6468c79ab3d30aa799a11eeabc1/element'
08:44:33.275 [Forwarding findElement on session ee50e6468c79ab3d30aa799a11eeabc1 to remote] DEBUG org.asynchttpclient.netty.request.NettyRequestSender - Using open Channel [id: 0x240157d6, L:/127.0.0.1:51484 - R:localhost/127.0.0.1:40422] for POST '/session/ee50e6468c79ab3d30aa799a11eeabc1/element'
08:44:33.281 [AsyncHttpClient-1-8] DEBUG org.asynchttpclient.netty.handler.HttpHandler - 

Request DefaultHttpRequest(decodeResult: success, version: HTTP/1.1)
POST /session/ee50e6468c79ab3d30aa799a11eeabc1/element HTTP/1.1
User-Agent: selenium/4.13.0 (java mac)
Content-Length: 75
Content-Type: application/json; charset=utf-8
host: localhost:40422
accept: */*

Response DefaultHttpResponse(decodeResult: success, version: HTTP/1.1)
HTTP/1.1 404 Not Found
Content-Length: 1947
Content-Type: application/json; charset=utf-8
cache-control: no-cache

08:44:33.281 [AsyncHttpClient-1-8] DEBUG org.asynchttpclient.netty.channel.ChannelManager - Adding key: http://localhost:40422 for channel [id: 0x240157d6, L:/127.0.0.1:51484 - R:localhost/127.0.0.1:40422]
08:44:33.786 [Forwarding findElement on session ee50e6468c79ab3d30aa799a11eeabc1 to remote] DEBUG org.asynchttpclient.netty.request.NettyRequestSender - Using pooled Channel '[id: 0x240157d6, L:/127.0.0.1:51484 - R:localhost/127.0.0.1:40422]' for 'POST' to 'http://localhost:40422/session/ee50e6468c79ab3d30aa799a11eeabc1/element'
08:44:33.786 [Forwarding findElement on session ee50e6468c79ab3d30aa799a11eeabc1 to remote] DEBUG org.asynchttpclient.netty.request.NettyRequestSender - Using open Channel [id: 0x240157d6, L:/127.0.0.1:51484 - R:localhost/127.0.0.1:40422] for POST '/session/ee50e6468c79ab3d30aa799a11eeabc1/element'
08:44:33.795 [AsyncHttpClient-1-8] DEBUG org.asynchttpclient.netty.handler.HttpHandler - 

Request DefaultHttpRequest(decodeResult: success, version: HTTP/1.1)
POST /session/ee50e6468c79ab3d30aa799a11eeabc1/element HTTP/1.1
User-Agent: selenium/4.13.0 (java mac)
Content-Length: 75
Content-Type: application/json; charset=utf-8
host: localhost:40422
accept: */*

Response DefaultHttpResponse(decodeResult: success, version: HTTP/1.1)
HTTP/1.1 404 Not Found
Content-Length: 1947
Content-Type: application/json; charset=utf-8
cache-control: no-cache

08:44:33.795 [AsyncHttpClient-1-8] DEBUG org.asynchttpclient.netty.channel.ChannelManager - Adding key: http://localhost:40422 for channel [id: 0x240157d6, L:/127.0.0.1:51484 - R:localhost/127.0.0.1:40422]
08:44:34.242 [AsyncHttpClient-1-1] DEBUG org.asynchttpclient.netty.channel.DefaultChannelPool - Entry count for : http://localhost:51485 : 1
08:44:34.242 [AsyncHttpClient-1-1] DEBUG org.asynchttpclient.netty.channel.DefaultChannelPool - Entry count for : http://localhost:40422 : 1
08:44:34.298 [Forwarding findElement on session ee50e6468c79ab3d30aa799a11eeabc1 to remote] DEBUG org.asynchttpclient.netty.request.NettyRequestSender - Using pooled Channel '[id: 0x240157d6, L:/127.0.0.1:51484 - R:localhost/127.0.0.1:40422]' for 'POST' to 'http://localhost:40422/session/ee50e6468c79ab3d30aa799a11eeabc1/element'
08:44:34.298 [Forwarding findElement on session ee50e6468c79ab3d30aa799a11eeabc1 to remote] DEBUG org.asynchttpclient.netty.request.NettyRequestSender - Using open Channel [id: 0x240157d6, L:/127.0.0.1:51484 - R:localhost/127.0.0.1:40422] for POST '/session/ee50e6468c79ab3d30aa799a11eeabc1/element'
08:44:34.307 [AsyncHttpClient-1-8] DEBUG org.asynchttpclient.netty.handler.HttpHandler - 

Request DefaultHttpRequest(decodeResult: success, version: HTTP/1.1)
POST /session/ee50e6468c79ab3d30aa799a11eeabc1/element HTTP/1.1
User-Agent: selenium/4.13.0 (java mac)
Content-Length: 75
Content-Type: application/json; charset=utf-8
host: localhost:40422
accept: */*

Response DefaultHttpResponse(decodeResult: success, version: HTTP/1.1)
HTTP/1.1 404 Not Found
Content-Length: 1947
Content-Type: application/json; charset=utf-8
cache-control: no-cache

08:44:34.307 [AsyncHttpClient-1-8] DEBUG org.asynchttpclient.netty.channel.ChannelManager - Adding key: http://localhost:40422 for channel [id: 0x240157d6, L:/127.0.0.1:51484 - R:localhost/127.0.0.1:40422]
08:44:34.811 [Forwarding findElement on session ee50e6468c79ab3d30aa799a11eeabc1 to remote] DEBUG org.asynchttpclient.netty.request.NettyRequestSender - Using pooled Channel '[id: 0x240157d6, L:/127.0.0.1:51484 - R:localhost/127.0.0.1:40422]' for 'POST' to 'http://localhost:40422/session/ee50e6468c79ab3d30aa799a11eeabc1/element'
08:44:34.811 [Forwarding findElement on session ee50e6468c79ab3d30aa799a11eeabc1 to remote] DEBUG org.asynchttpclient.netty.request.NettyRequestSender - Using open Channel [id: 0x240157d6, L:/127.0.0.1:51484 - R:localhost/127.0.0.1:40422] for POST '/session/ee50e6468c79ab3d30aa799a11eeabc1/element'
08:44:34.820 [AsyncHttpClient-1-8] DEBUG org.asynchttpclient.netty.handler.HttpHandler - 

Request DefaultHttpRequest(decodeResult: success, version: HTTP/1.1)
POST /session/ee50e6468c79ab3d30aa799a11eeabc1/element HTTP/1.1
User-Agent: selenium/4.13.0 (java mac)
Content-Length: 75
Content-Type: application/json; charset=utf-8
host: localhost:40422
accept: */*

Response DefaultHttpResponse(decodeResult: success, version: HTTP/1.1)
HTTP/1.1 404 Not Found
Content-Length: 1947
Content-Type: application/json; charset=utf-8
cache-control: no-cache

08:44:34.820 [AsyncHttpClient-1-8] DEBUG org.asynchttpclient.netty.channel.ChannelManager - Adding key: http://localhost:40422 for channel [id: 0x240157d6, L:/127.0.0.1:51484 - R:localhost/127.0.0.1:40422]
08:44:35.327 [Forwarding findElement on session ee50e6468c79ab3d30aa799a11eeabc1 to remote] DEBUG org.asynchttpclient.netty.request.NettyRequestSender - Using pooled Channel '[id: 0x240157d6, L:/127.0.0.1:51484 - R:localhost/127.0.0.1:40422]' for 'POST' to 'http://localhost:40422/session/ee50e6468c79ab3d30aa799a11eeabc1/element'
08:44:35.327 [Forwarding findElement on session ee50e6468c79ab3d30aa799a11eeabc1 to remote] DEBUG org.asynchttpclient.netty.request.NettyRequestSender - Using open Channel [id: 0x240157d6, L:/127.0.0.1:51484 - R:localhost/127.0.0.1:40422] for POST '/session/ee50e6468c79ab3d30aa799a11eeabc1/element'
08:44:35.336 [AsyncHttpClient-1-8] DEBUG org.asynchttpclient.netty.handler.HttpHandler - 

Request DefaultHttpRequest(decodeResult: success, version: HTTP/1.1)
POST /session/ee50e6468c79ab3d30aa799a11eeabc1/element HTTP/1.1
User-Agent: selenium/4.13.0 (java mac)
Content-Length: 75
Content-Type: application/json; charset=utf-8
host: localhost:40422
accept: */*

Response DefaultHttpResponse(decodeResult: success, version: HTTP/1.1)
HTTP/1.1 404 Not Found
Content-Length: 1947
Content-Type: application/json; charset=utf-8
cache-control: no-cache

08:44:35.337 [AsyncHttpClient-1-8] DEBUG org.asynchttpclient.netty.channel.ChannelManager - Adding key: http://localhost:40422 for channel [id: 0x240157d6, L:/127.0.0.1:51484 - R:localhost/127.0.0.1:40422]
08:44:35.338 [AsyncHttpClient-1-1] DEBUG org.asynchttpclient.netty.channel.DefaultChannelPool - Entry count for : http://localhost:51485 : 1
08:44:35.339 [AsyncHttpClient-1-1] DEBUG org.asynchttpclient.netty.channel.DefaultChannelPool - Entry count for : http://localhost:40422 : 1
08:44:35.839 [Forwarding findElement on session ee50e6468c79ab3d30aa799a11eeabc1 to remote] DEBUG org.asynchttpclient.netty.request.NettyRequestSender - Using pooled Channel '[id: 0x240157d6, L:/127.0.0.1:51484 - R:localhost/127.0.0.1:40422]' for 'POST' to 'http://localhost:40422/session/ee50e6468c79ab3d30aa799a11eeabc1/element'
08:44:35.839 [Forwarding findElement on session ee50e6468c79ab3d30aa799a11eeabc1 to remote] DEBUG org.asynchttpclient.netty.request.NettyRequestSender - Using open Channel [id: 0x240157d6, L:/127.0.0.1:51484 - R:localhost/127.0.0.1:40422] for POST '/session/ee50e6468c79ab3d30aa799a11eeabc1/element'
08:44:35.849 [AsyncHttpClient-1-8] DEBUG org.asynchttpclient.netty.handler.HttpHandler - 

Request DefaultHttpRequest(decodeResult: success, version: HTTP/1.1)
POST /session/ee50e6468c79ab3d30aa799a11eeabc1/element HTTP/1.1
User-Agent: selenium/4.13.0 (java mac)
Content-Length: 75
Content-Type: application/json; charset=utf-8
host: localhost:40422
accept: */*

Response DefaultHttpResponse(decodeResult: success, version: HTTP/1.1)
HTTP/1.1 404 Not Found
Content-Length: 1947
Content-Type: application/json; charset=utf-8
cache-control: no-cache

08:44:35.849 [AsyncHttpClient-1-8] DEBUG org.asynchttpclient.netty.channel.ChannelManager - Adding key: http://localhost:40422 for channel [id: 0x240157d6, L:/127.0.0.1:51484 - R:localhost/127.0.0.1:40422]
08:44:36.356 [Forwarding findElement on session ee50e6468c79ab3d30aa799a11eeabc1 to remote] DEBUG org.asynchttpclient.netty.request.NettyRequestSender - Using pooled Channel '[id: 0x240157d6, L:/127.0.0.1:51484 - R:localhost/127.0.0.1:40422]' for 'POST' to 'http://localhost:40422/session/ee50e6468c79ab3d30aa799a11eeabc1/element'
08:44:36.356 [Forwarding findElement on session ee50e6468c79ab3d30aa799a11eeabc1 to remote] DEBUG org.asynchttpclient.netty.request.NettyRequestSender - Using open Channel [id: 0x240157d6, L:/127.0.0.1:51484 - R:localhost/127.0.0.1:40422] for POST '/session/ee50e6468c79ab3d30aa799a11eeabc1/element'
08:44:36.365 [AsyncHttpClient-1-8] DEBUG org.asynchttpclient.netty.handler.HttpHandler - 

Request DefaultHttpRequest(decodeResult: success, version: HTTP/1.1)
POST /session/ee50e6468c79ab3d30aa799a11eeabc1/element HTTP/1.1
User-Agent: selenium/4.13.0 (java mac)
Content-Length: 75
Content-Type: application/json; charset=utf-8
host: localhost:40422
accept: */*

Response DefaultHttpResponse(decodeResult: success, version: HTTP/1.1)
HTTP/1.1 404 Not Found
Content-Length: 1947
Content-Type: application/json; charset=utf-8
cache-control: no-cache

08:44:36.366 [AsyncHttpClient-1-8] DEBUG org.asynchttpclient.netty.channel.ChannelManager - Adding key: http://localhost:40422 for channel [id: 0x240157d6, L:/127.0.0.1:51484 - R:localhost/127.0.0.1:40422]
08:44:36.441 [AsyncHttpClient-1-1] DEBUG org.asynchttpclient.netty.channel.DefaultChannelPool - Entry count for : http://localhost:51485 : 1
08:44:36.441 [AsyncHttpClient-1-1] DEBUG org.asynchttpclient.netty.channel.DefaultChannelPool - Entry count for : http://localhost:40422 : 1
08:44:36.868 [Forwarding findElement on session ee50e6468c79ab3d30aa799a11eeabc1 to remote] DEBUG org.asynchttpclient.netty.request.NettyRequestSender - Using pooled Channel '[id: 0x240157d6, L:/127.0.0.1:51484 - R:localhost/127.0.0.1:40422]' for 'POST' to 'http://localhost:40422/session/ee50e6468c79ab3d30aa799a11eeabc1/element'
08:44:36.868 [Forwarding findElement on session ee50e6468c79ab3d30aa799a11eeabc1 to remote] DEBUG org.asynchttpclient.netty.request.NettyRequestSender - Using open Channel [id: 0x240157d6, L:/127.0.0.1:51484 - R:localhost/127.0.0.1:40422] for POST '/session/ee50e6468c79ab3d30aa799a11eeabc1/element'
08:44:36.877 [AsyncHttpClient-1-8] DEBUG org.asynchttpclient.netty.handler.HttpHandler - 

Request DefaultHttpRequest(decodeResult: success, version: HTTP/1.1)
POST /session/ee50e6468c79ab3d30aa799a11eeabc1/element HTTP/1.1
User-Agent: selenium/4.13.0 (java mac)
Content-Length: 75
Content-Type: application/json; charset=utf-8
host: localhost:40422
accept: */*

Response DefaultHttpResponse(decodeResult: success, version: HTTP/1.1)
HTTP/1.1 404 Not Found
Content-Length: 1947
Content-Type: application/json; charset=utf-8
cache-control: no-cache

08:44:36.877 [AsyncHttpClient-1-8] DEBUG org.asynchttpclient.netty.channel.ChannelManager - Adding key: http://localhost:40422 for channel [id: 0x240157d6, L:/127.0.0.1:51484 - R:localhost/127.0.0.1:40422]
08:44:37.379 [Forwarding findElement on session ee50e6468c79ab3d30aa799a11eeabc1 to remote] DEBUG org.asynchttpclient.netty.request.NettyRequestSender - Using pooled Channel '[id: 0x240157d6, L:/127.0.0.1:51484 - R:localhost/127.0.0.1:40422]' for 'POST' to 'http://localhost:40422/session/ee50e6468c79ab3d30aa799a11eeabc1/element'
08:44:37.380 [Forwarding findElement on session ee50e6468c79ab3d30aa799a11eeabc1 to remote] DEBUG org.asynchttpclient.netty.request.NettyRequestSender - Using open Channel [id: 0x240157d6, L:/127.0.0.1:51484 - R:localhost/127.0.0.1:40422] for POST '/session/ee50e6468c79ab3d30aa799a11eeabc1/element'
08:44:37.388 [AsyncHttpClient-1-8] DEBUG org.asynchttpclient.netty.handler.HttpHandler - 

Request DefaultHttpRequest(decodeResult: success, version: HTTP/1.1)
POST /session/ee50e6468c79ab3d30aa799a11eeabc1/element HTTP/1.1
User-Agent: selenium/4.13.0 (java mac)
Content-Length: 75
Content-Type: application/json; charset=utf-8
host: localhost:40422
accept: */*

Response DefaultHttpResponse(decodeResult: success, version: HTTP/1.1)
HTTP/1.1 404 Not Found
Content-Length: 1947
Content-Type: application/json; charset=utf-8
cache-control: no-cache

08:44:37.388 [AsyncHttpClient-1-8] DEBUG org.asynchttpclient.netty.channel.ChannelManager - Adding key: http://localhost:40422 for channel [id: 0x240157d6, L:/127.0.0.1:51484 - R:localhost/127.0.0.1:40422]
]]></system-out>
    <system-err><![CDATA[Jan 14, 2024 8:44:08 AM org.openqa.selenium.devtools.CdpVersionFinder findNearestMatch
WARNING: Unable to find an exact match for CDP version 120, so returning the closest version found: 117
]]></system-err>
  </testcase>
  <testcase name="verifyOfferPageFlightsHDFCFilter" classname="com.sample.modules.OfferPage" time="5.19">
    <system-out><![CDATA[<font color=#FF0000><strong><i> FAIL : verifySearchFlight</i></strong></font>
08:44:37.392 [Forwarding screenshot on session ee50e6468c79ab3d30aa799a11eeabc1 to remote] DEBUG org.asynchttpclient.netty.request.NettyRequestSender - Using pooled Channel '[id: 0x240157d6, L:/127.0.0.1:51484 - R:localhost/127.0.0.1:40422]' for 'GET' to 'http://localhost:40422/session/ee50e6468c79ab3d30aa799a11eeabc1/screenshot'
08:44:37.392 [Forwarding screenshot on session ee50e6468c79ab3d30aa799a11eeabc1 to remote] DEBUG org.asynchttpclient.netty.request.NettyRequestSender - Using open Channel [id: 0x240157d6, L:/127.0.0.1:51484 - R:localhost/127.0.0.1:40422] for GET '/session/ee50e6468c79ab3d30aa799a11eeabc1/screenshot'
08:44:37.543 [AsyncHttpClient-1-1] DEBUG org.asynchttpclient.netty.channel.DefaultChannelPool - Entry count for : http://localhost:51485 : 1
08:44:38.181 [AsyncHttpClient-1-8] DEBUG org.asynchttpclient.netty.handler.HttpHandler - 

Request DefaultFullHttpRequest(decodeResult: success, version: HTTP/1.1, content: EmptyByteBufBE)
GET /session/ee50e6468c79ab3d30aa799a11eeabc1/screenshot HTTP/1.1
Cache-Control: no-cache
User-Agent: selenium/4.13.0 (java mac)
Content-Type: application/json; charset=utf-8
host: localhost:40422
accept: */*

Response DefaultHttpResponse(decodeResult: success, version: HTTP/1.1)
HTTP/1.1 200 OK
Content-Length: 3019132
Content-Type: application/json; charset=utf-8
cache-control: no-cache

08:44:38.187 [AsyncHttpClient-1-8] DEBUG org.asynchttpclient.netty.channel.ChannelManager - Adding key: http://localhost:40422 for channel [id: 0x240157d6, L:/127.0.0.1:51484 - R:localhost/127.0.0.1:40422]
Total testcases:-3
Total passed testcases:-1
Total failed testcases:-2
08:44:38.232 [Driver Command Executor] DEBUG org.asynchttpclient.netty.request.NettyRequestSender - Using pooled Channel '[id: 0x240157d6, L:/127.0.0.1:51484 - R:localhost/127.0.0.1:40422]' for 'DELETE' to 'http://localhost:40422/session/ee50e6468c79ab3d30aa799a11eeabc1'
08:44:38.232 [Driver Command Executor] DEBUG org.asynchttpclient.netty.request.NettyRequestSender - Using open Channel [id: 0x240157d6, L:/127.0.0.1:51484 - R:localhost/127.0.0.1:40422] for DELETE '/session/ee50e6468c79ab3d30aa799a11eeabc1'
08:44:38.232 [AsyncHttpClient-1-10] DEBUG org.asynchttpclient.netty.handler.WebSocketHandler - Channel Closed: [id: 0x6b683a23, L:/127.0.0.1:51490 ! R:localhost/127.0.0.1:51485] with attribute DISCARD
08:44:38.253 [AsyncHttpClient-1-9] DEBUG org.asynchttpclient.netty.handler.HttpHandler - Channel Closed: [id: 0xd6c91719, L:/127.0.0.1:51489 ! R:localhost/127.0.0.1:51485] with attribute DISCARD
08:44:38.285 [AsyncHttpClient-1-8] DEBUG org.asynchttpclient.netty.handler.HttpHandler - 

Request DefaultFullHttpRequest(decodeResult: success, version: HTTP/1.1, content: EmptyByteBufBE)
DELETE /session/ee50e6468c79ab3d30aa799a11eeabc1 HTTP/1.1
User-Agent: selenium/4.13.0 (java mac)
Content-Type: application/json; charset=utf-8
host: localhost:40422
accept: */*

Response DefaultHttpResponse(decodeResult: success, version: HTTP/1.1)
HTTP/1.1 200 OK
Content-Length: 14
Content-Type: application/json; charset=utf-8
cache-control: no-cache

08:44:38.286 [AsyncHttpClient-1-8] DEBUG org.asynchttpclient.netty.channel.ChannelManager - Adding key: http://localhost:40422 for channel [id: 0x240157d6, L:/127.0.0.1:51484 - R:localhost/127.0.0.1:40422]
08:44:38.334 [AsyncHttpClient-1-8] DEBUG org.asynchttpclient.netty.handler.HttpHandler - Channel Closed: [id: 0x240157d6, L:/127.0.0.1:51484 ! R:localhost/127.0.0.1:40422] with attribute DISCARD
08:44:38.640 [AsyncHttpClient-1-1] DEBUG org.asynchttpclient.netty.channel.DefaultChannelPool - Entry count for : http://localhost:51485 : 1
08:44:38.640 [AsyncHttpClient-1-1] DEBUG org.asynchttpclient.netty.channel.DefaultChannelPool - Entry count for : http://localhost:40422 : 1
08:44:38.640 [AsyncHttpClient-1-1] DEBUG org.asynchttpclient.netty.channel.DefaultChannelPool - Adding Candidate expired Channel [id: 0xd6c91719, L:/127.0.0.1:51489 ! R:localhost/127.0.0.1:51485] isIdleTimeoutExpired=false isRemotelyClosed=true isTtlExpired=false
08:44:38.640 [AsyncHttpClient-1-1] DEBUG org.asynchttpclient.netty.channel.DefaultChannelPool - Closing Idle Channel [id: 0xd6c91719, L:/127.0.0.1:51489 ! R:localhost/127.0.0.1:51485]
08:44:38.640 [AsyncHttpClient-1-1] DEBUG org.asynchttpclient.netty.channel.DefaultChannelPool - Adding Candidate expired Channel [id: 0x240157d6, L:/127.0.0.1:51484 ! R:localhost/127.0.0.1:40422] isIdleTimeoutExpired=false isRemotelyClosed=true isTtlExpired=false
08:44:38.640 [AsyncHttpClient-1-1] DEBUG org.asynchttpclient.netty.channel.DefaultChannelPool - Closing Idle Channel [id: 0x240157d6, L:/127.0.0.1:51484 ! R:localhost/127.0.0.1:40422]
08:44:38.640 [AsyncHttpClient-1-1] DEBUG org.asynchttpclient.netty.channel.DefaultChannelPool - Closed 2 connections out of 2 in 0 ms
08:44:43.452 [AsyncHttpClient-1-11] DEBUG org.asynchttpclient.netty.channel.NettyConnectListener - Using new Channel '[id: 0x9ed5462e, L:/127.0.0.1:51534 - R:localhost/127.0.0.1:48014]' for 'POST' to '/session'
08:44:44.329 [AsyncHttpClient-1-11] DEBUG org.asynchttpclient.netty.handler.HttpHandler - 

Request DefaultHttpRequest(decodeResult: success, version: HTTP/1.1)
POST /session HTTP/1.1
User-Agent: selenium/4.13.0 (java mac)
Content-Length: 291
Content-Type: application/json; charset=utf-8
host: localhost:48014
accept: */*

Response DefaultHttpResponse(decodeResult: success, version: HTTP/1.1)
HTTP/1.1 200 OK
Content-Length: 891
Content-Type: application/json; charset=utf-8
cache-control: no-cache

08:44:44.329 [AsyncHttpClient-1-11] DEBUG org.asynchttpclient.netty.channel.ChannelManager - Adding key: http://localhost:48014 for channel [id: 0x9ed5462e, L:/127.0.0.1:51534 - R:localhost/127.0.0.1:48014]
08:44:44.336 [AsyncHttpClient-1-12] DEBUG org.asynchttpclient.netty.channel.NettyConnectListener - Using new Channel '[id: 0x4a272d3e, L:/127.0.0.1:51539 - R:localhost/127.0.0.1:51535]' for 'GET' to '/json/version'
08:44:44.340 [AsyncHttpClient-1-12] DEBUG org.asynchttpclient.netty.handler.HttpHandler - 

Request DefaultFullHttpRequest(decodeResult: success, version: HTTP/1.1, content: EmptyByteBufBE)
GET /json/version HTTP/1.1
User-Agent: selenium/4.13.0 (java mac)
host: localhost:51535
accept: */*

Response DefaultHttpResponse(decodeResult: success, version: HTTP/1.1)
HTTP/1.1 200 OK
Content-Security-Policy: frame-ancestors 'none'
Content-Length: 422
Content-Type: application/json; charset=UTF-8

08:44:44.340 [AsyncHttpClient-1-12] DEBUG org.asynchttpclient.netty.channel.ChannelManager - Adding key: http://localhost:51535 for channel [id: 0x4a272d3e, L:/127.0.0.1:51539 - R:localhost/127.0.0.1:51535]
08:44:44.343 [AsyncHttpClient-1-13] DEBUG org.asynchttpclient.netty.channel.NettyConnectListener - Using new Channel '[id: 0xb35a63af, L:/127.0.0.1:51540 - R:localhost/127.0.0.1:51535]' for 'GET' to '/devtools/browser/34e2c8c2-06cf-4a8b-b1b2-2fe1842722e5'
08:44:44.345 [AsyncHttpClient-1-13] DEBUG org.asynchttpclient.netty.handler.WebSocketHandler - 

Request DefaultFullHttpRequest(decodeResult: success, version: HTTP/1.1, content: EmptyByteBufBE)
GET /devtools/browser/34e2c8c2-06cf-4a8b-b1b2-2fe1842722e5 HTTP/1.1
upgrade: websocket
connection: upgrade
sec-websocket-key: U5DLqChsPz6q0Vi40eu33g==
sec-websocket-version: 13
origin: http://localhost:51535
host: localhost:51535
accept: */*
user-agent: AHC/2.1

Response DefaultHttpResponse(decodeResult: success, version: HTTP/1.1)
HTTP/1.1 101 WebSocket Protocol Handshake
Upgrade: WebSocket
Connection: Upgrade
Sec-WebSocket-Accept: ALyawHDod0yYN1vuHjK0ZbFhMB0=

08:44:44.349 [Forwarding maximizeCurrentWindow on session 23d9c5781625806cf0ca99e2859fb2aa to remote] DEBUG org.asynchttpclient.netty.request.NettyRequestSender - Using pooled Channel '[id: 0x9ed5462e, L:/127.0.0.1:51534 - R:localhost/127.0.0.1:48014]' for 'POST' to 'http://localhost:48014/session/23d9c5781625806cf0ca99e2859fb2aa/window/maximize'
08:44:44.349 [Forwarding maximizeCurrentWindow on session 23d9c5781625806cf0ca99e2859fb2aa to remote] DEBUG org.asynchttpclient.netty.request.NettyRequestSender - Using open Channel [id: 0x9ed5462e, L:/127.0.0.1:51534 - R:localhost/127.0.0.1:48014] for POST '/session/23d9c5781625806cf0ca99e2859fb2aa/window/maximize'
08:44:44.822 [AsyncHttpClient-1-11] DEBUG org.asynchttpclient.netty.handler.HttpHandler - 

Request DefaultHttpRequest(decodeResult: success, version: HTTP/1.1)
POST /session/23d9c5781625806cf0ca99e2859fb2aa/window/maximize HTTP/1.1
User-Agent: selenium/4.13.0 (java mac)
Content-Length: 3
Content-Type: application/json; charset=utf-8
host: localhost:48014
accept: */*

Response DefaultHttpResponse(decodeResult: success, version: HTTP/1.1)
HTTP/1.1 200 OK
Content-Length: 50
Content-Type: application/json; charset=utf-8
cache-control: no-cache

08:44:44.822 [AsyncHttpClient-1-11] DEBUG org.asynchttpclient.netty.channel.ChannelManager - Adding key: http://localhost:48014 for channel [id: 0x9ed5462e, L:/127.0.0.1:51534 - R:localhost/127.0.0.1:48014]
08:44:44.824 [Forwarding get on session 23d9c5781625806cf0ca99e2859fb2aa to remote] DEBUG org.asynchttpclient.netty.request.NettyRequestSender - Using pooled Channel '[id: 0x9ed5462e, L:/127.0.0.1:51534 - R:localhost/127.0.0.1:48014]' for 'POST' to 'http://localhost:48014/session/23d9c5781625806cf0ca99e2859fb2aa/url'
08:44:44.824 [Forwarding get on session 23d9c5781625806cf0ca99e2859fb2aa to remote] DEBUG org.asynchttpclient.netty.request.NettyRequestSender - Using open Channel [id: 0x9ed5462e, L:/127.0.0.1:51534 - R:localhost/127.0.0.1:48014] for POST '/session/23d9c5781625806cf0ca99e2859fb2aa/url'
08:44:45.242 [AsyncHttpClient-1-1] DEBUG org.asynchttpclient.netty.channel.DefaultChannelPool - Entry count for : http://localhost:51535 : 1
08:44:46.339 [AsyncHttpClient-1-1] DEBUG org.asynchttpclient.netty.channel.DefaultChannelPool - Entry count for : http://localhost:51535 : 1
08:44:47.442 [AsyncHttpClient-1-1] DEBUG org.asynchttpclient.netty.channel.DefaultChannelPool - Entry count for : http://localhost:51535 : 1
08:44:47.599 [AsyncHttpClient-1-11] DEBUG org.asynchttpclient.netty.handler.HttpHandler - 

Request DefaultHttpRequest(decodeResult: success, version: HTTP/1.1)
POST /session/23d9c5781625806cf0ca99e2859fb2aa/url HTTP/1.1
User-Agent: selenium/4.13.0 (java mac)
Content-Length: 57
Content-Type: application/json; charset=utf-8
host: localhost:48014
accept: */*

Response DefaultHttpResponse(decodeResult: success, version: HTTP/1.1)
HTTP/1.1 200 OK
Content-Length: 14
Content-Type: application/json; charset=utf-8
cache-control: no-cache

08:44:47.599 [AsyncHttpClient-1-11] DEBUG org.asynchttpclient.netty.channel.ChannelManager - Adding key: http://localhost:48014 for channel [id: 0x9ed5462e, L:/127.0.0.1:51534 - R:localhost/127.0.0.1:48014]
Step 1 : Open URL - https://www.makemytrip.com/
Step 2 : Click on super offer tab in header.
08:44:47.601 [Forwarding findElement on session 23d9c5781625806cf0ca99e2859fb2aa to remote] DEBUG org.asynchttpclient.netty.request.NettyRequestSender - Using pooled Channel '[id: 0x9ed5462e, L:/127.0.0.1:51534 - R:localhost/127.0.0.1:48014]' for 'POST' to 'http://localhost:48014/session/23d9c5781625806cf0ca99e2859fb2aa/element'
08:44:47.601 [Forwarding findElement on session 23d9c5781625806cf0ca99e2859fb2aa to remote] DEBUG org.asynchttpclient.netty.request.NettyRequestSender - Using open Channel [id: 0x9ed5462e, L:/127.0.0.1:51534 - R:localhost/127.0.0.1:48014] for POST '/session/23d9c5781625806cf0ca99e2859fb2aa/element'
08:44:47.615 [AsyncHttpClient-1-11] DEBUG org.asynchttpclient.netty.handler.HttpHandler - 

Request DefaultHttpRequest(decodeResult: success, version: HTTP/1.1)
POST /session/23d9c5781625806cf0ca99e2859fb2aa/element HTTP/1.1
User-Agent: selenium/4.13.0 (java mac)
Content-Length: 106
Content-Type: application/json; charset=utf-8
host: localhost:48014
accept: */*

Response DefaultHttpResponse(decodeResult: success, version: HTTP/1.1)
HTTP/1.1 404 Not Found
Content-Length: 1968
Content-Type: application/json; charset=utf-8
cache-control: no-cache

08:44:47.616 [AsyncHttpClient-1-11] DEBUG org.asynchttpclient.netty.channel.ChannelManager - Adding key: http://localhost:48014 for channel [id: 0x9ed5462e, L:/127.0.0.1:51534 - R:localhost/127.0.0.1:48014]
08:44:48.119 [Forwarding findElement on session 23d9c5781625806cf0ca99e2859fb2aa to remote] DEBUG org.asynchttpclient.netty.request.NettyRequestSender - Using pooled Channel '[id: 0x9ed5462e, L:/127.0.0.1:51534 - R:localhost/127.0.0.1:48014]' for 'POST' to 'http://localhost:48014/session/23d9c5781625806cf0ca99e2859fb2aa/element'
08:44:48.119 [Forwarding findElement on session 23d9c5781625806cf0ca99e2859fb2aa to remote] DEBUG org.asynchttpclient.netty.request.NettyRequestSender - Using open Channel [id: 0x9ed5462e, L:/127.0.0.1:51534 - R:localhost/127.0.0.1:48014] for POST '/session/23d9c5781625806cf0ca99e2859fb2aa/element'
08:44:48.129 [AsyncHttpClient-1-11] DEBUG org.asynchttpclient.netty.handler.HttpHandler - 

Request DefaultHttpRequest(decodeResult: success, version: HTTP/1.1)
POST /session/23d9c5781625806cf0ca99e2859fb2aa/element HTTP/1.1
User-Agent: selenium/4.13.0 (java mac)
Content-Length: 106
Content-Type: application/json; charset=utf-8
host: localhost:48014
accept: */*

Response DefaultHttpResponse(decodeResult: success, version: HTTP/1.1)
HTTP/1.1 200 OK
Content-Length: 95
Content-Type: application/json; charset=utf-8
cache-control: no-cache

08:44:48.129 [AsyncHttpClient-1-11] DEBUG org.asynchttpclient.netty.channel.ChannelManager - Adding key: http://localhost:48014 for channel [id: 0x9ed5462e, L:/127.0.0.1:51534 - R:localhost/127.0.0.1:48014]
08:44:48.131 [Forwarding isElementDisplayed on session 23d9c5781625806cf0ca99e2859fb2aa to remote] DEBUG org.asynchttpclient.netty.request.NettyRequestSender - Using pooled Channel '[id: 0x9ed5462e, L:/127.0.0.1:51534 - R:localhost/127.0.0.1:48014]' for 'POST' to 'http://localhost:48014/session/23d9c5781625806cf0ca99e2859fb2aa/execute/sync'
08:44:48.131 [Forwarding isElementDisplayed on session 23d9c5781625806cf0ca99e2859fb2aa to remote] DEBUG org.asynchttpclient.netty.request.NettyRequestSender - Using open Channel [id: 0x9ed5462e, L:/127.0.0.1:51534 - R:localhost/127.0.0.1:48014] for POST '/session/23d9c5781625806cf0ca99e2859fb2aa/execute/sync'
08:44:48.143 [AsyncHttpClient-1-11] DEBUG org.asynchttpclient.netty.handler.HttpHandler - 

Request DefaultHttpRequest(decodeResult: success, version: HTTP/1.1)
POST /session/23d9c5781625806cf0ca99e2859fb2aa/execute/sync HTTP/1.1
User-Agent: selenium/4.13.0 (java mac)
Content-Length: 48814
Content-Type: application/json; charset=utf-8
host: localhost:48014
accept: */*

Response DefaultHttpResponse(decodeResult: success, version: HTTP/1.1)
HTTP/1.1 200 OK
Content-Length: 14
Content-Type: application/json; charset=utf-8
cache-control: no-cache

08:44:48.144 [AsyncHttpClient-1-11] DEBUG org.asynchttpclient.netty.channel.ChannelManager - Adding key: http://localhost:48014 for channel [id: 0x9ed5462e, L:/127.0.0.1:51534 - R:localhost/127.0.0.1:48014]
08:44:48.144 [Forwarding isElementEnabled on session 23d9c5781625806cf0ca99e2859fb2aa to remote] DEBUG org.asynchttpclient.netty.request.NettyRequestSender - Using pooled Channel '[id: 0x9ed5462e, L:/127.0.0.1:51534 - R:localhost/127.0.0.1:48014]' for 'GET' to 'http://localhost:48014/session/23d9c5781625806cf0ca99e2859fb2aa/element/0C11D3B4114A6321A3C47534661838B1_element_33/enabled'
08:44:48.144 [Forwarding isElementEnabled on session 23d9c5781625806cf0ca99e2859fb2aa to remote] DEBUG org.asynchttpclient.netty.request.NettyRequestSender - Using open Channel [id: 0x9ed5462e, L:/127.0.0.1:51534 - R:localhost/127.0.0.1:48014] for GET '/session/23d9c5781625806cf0ca99e2859fb2aa/element/0C11D3B4114A6321A3C47534661838B1_element_33/enabled'
08:44:48.152 [AsyncHttpClient-1-11] DEBUG org.asynchttpclient.netty.handler.HttpHandler - 

Request DefaultFullHttpRequest(decodeResult: success, version: HTTP/1.1, content: EmptyByteBufBE)
GET /session/23d9c5781625806cf0ca99e2859fb2aa/element/0C11D3B4114A6321A3C47534661838B1_element_33/enabled HTTP/1.1
Cache-Control: no-cache
User-Agent: selenium/4.13.0 (java mac)
Content-Type: application/json; charset=utf-8
host: localhost:48014
accept: */*

Response DefaultHttpResponse(decodeResult: success, version: HTTP/1.1)
HTTP/1.1 200 OK
Content-Length: 14
Content-Type: application/json; charset=utf-8
cache-control: no-cache

08:44:48.152 [AsyncHttpClient-1-11] DEBUG org.asynchttpclient.netty.channel.ChannelManager - Adding key: http://localhost:48014 for channel [id: 0x9ed5462e, L:/127.0.0.1:51534 - R:localhost/127.0.0.1:48014]
08:44:48.154 [Forwarding executeScript on session 23d9c5781625806cf0ca99e2859fb2aa to remote] DEBUG org.asynchttpclient.netty.request.NettyRequestSender - Using pooled Channel '[id: 0x9ed5462e, L:/127.0.0.1:51534 - R:localhost/127.0.0.1:48014]' for 'POST' to 'http://localhost:48014/session/23d9c5781625806cf0ca99e2859fb2aa/execute/sync'
08:44:48.154 [Forwarding executeScript on session 23d9c5781625806cf0ca99e2859fb2aa to remote] DEBUG org.asynchttpclient.netty.request.NettyRequestSender - Using open Channel [id: 0x9ed5462e, L:/127.0.0.1:51534 - R:localhost/127.0.0.1:48014] for POST '/session/23d9c5781625806cf0ca99e2859fb2aa/execute/sync'
08:44:48.158 [AsyncHttpClient-1-11] DEBUG org.asynchttpclient.netty.handler.HttpHandler - 

Request DefaultHttpRequest(decodeResult: success, version: HTTP/1.1)
POST /session/23d9c5781625806cf0ca99e2859fb2aa/execute/sync HTTP/1.1
User-Agent: selenium/4.13.0 (java mac)
Content-Length: 179
Content-Type: application/json; charset=utf-8
host: localhost:48014
accept: */*

Response DefaultHttpResponse(decodeResult: success, version: HTTP/1.1)
HTTP/1.1 200 OK
Content-Length: 14
Content-Type: application/json; charset=utf-8
cache-control: no-cache

08:44:48.158 [AsyncHttpClient-1-11] DEBUG org.asynchttpclient.netty.channel.ChannelManager - Adding key: http://localhost:48014 for channel [id: 0x9ed5462e, L:/127.0.0.1:51534 - R:localhost/127.0.0.1:48014]
08:44:48.159 [Forwarding clickElement on session 23d9c5781625806cf0ca99e2859fb2aa to remote] DEBUG org.asynchttpclient.netty.request.NettyRequestSender - Using pooled Channel '[id: 0x9ed5462e, L:/127.0.0.1:51534 - R:localhost/127.0.0.1:48014]' for 'POST' to 'http://localhost:48014/session/23d9c5781625806cf0ca99e2859fb2aa/element/0C11D3B4114A6321A3C47534661838B1_element_33/click'
08:44:48.160 [Forwarding clickElement on session 23d9c5781625806cf0ca99e2859fb2aa to remote] DEBUG org.asynchttpclient.netty.request.NettyRequestSender - Using open Channel [id: 0x9ed5462e, L:/127.0.0.1:51534 - R:localhost/127.0.0.1:48014] for POST '/session/23d9c5781625806cf0ca99e2859fb2aa/element/0C11D3B4114A6321A3C47534661838B1_element_33/click'
08:44:48.259 [AsyncHttpClient-1-11] DEBUG org.asynchttpclient.netty.handler.HttpHandler - 

Request DefaultHttpRequest(decodeResult: success, version: HTTP/1.1)
POST /session/23d9c5781625806cf0ca99e2859fb2aa/element/0C11D3B4114A6321A3C47534661838B1_element_33/click HTTP/1.1
User-Agent: selenium/4.13.0 (java mac)
Content-Length: 57
Content-Type: application/json; charset=utf-8
host: localhost:48014
accept: */*

Response DefaultHttpResponse(decodeResult: success, version: HTTP/1.1)
HTTP/1.1 200 OK
Content-Length: 14
Content-Type: application/json; charset=utf-8
cache-control: no-cache

08:44:48.259 [AsyncHttpClient-1-11] DEBUG org.asynchttpclient.netty.channel.ChannelManager - Adding key: http://localhost:48014 for channel [id: 0x9ed5462e, L:/127.0.0.1:51534 - R:localhost/127.0.0.1:48014]
Step 3 : Verify offer page opened.
08:44:48.260 [Forwarding getCurrentWindowHandle on session 23d9c5781625806cf0ca99e2859fb2aa to remote] DEBUG org.asynchttpclient.netty.request.NettyRequestSender - Using pooled Channel '[id: 0x9ed5462e, L:/127.0.0.1:51534 - R:localhost/127.0.0.1:48014]' for 'GET' to 'http://localhost:48014/session/23d9c5781625806cf0ca99e2859fb2aa/window'
08:44:48.260 [Forwarding getCurrentWindowHandle on session 23d9c5781625806cf0ca99e2859fb2aa to remote] DEBUG org.asynchttpclient.netty.request.NettyRequestSender - Using open Channel [id: 0x9ed5462e, L:/127.0.0.1:51534 - R:localhost/127.0.0.1:48014] for GET '/session/23d9c5781625806cf0ca99e2859fb2aa/window'
08:44:48.260 [AsyncHttpClient-1-11] DEBUG org.asynchttpclient.netty.handler.HttpHandler - 

Request DefaultFullHttpRequest(decodeResult: success, version: HTTP/1.1, content: EmptyByteBufBE)
GET /session/23d9c5781625806cf0ca99e2859fb2aa/window HTTP/1.1
Cache-Control: no-cache
User-Agent: selenium/4.13.0 (java mac)
Content-Type: application/json; charset=utf-8
host: localhost:48014
accept: */*

Response DefaultHttpResponse(decodeResult: success, version: HTTP/1.1)
HTTP/1.1 200 OK
Content-Length: 44
Content-Type: application/json; charset=utf-8
cache-control: no-cache

08:44:48.261 [AsyncHttpClient-1-11] DEBUG org.asynchttpclient.netty.channel.ChannelManager - Adding key: http://localhost:48014 for channel [id: 0x9ed5462e, L:/127.0.0.1:51534 - R:localhost/127.0.0.1:48014]
08:44:48.262 [Forwarding getWindowHandles on session 23d9c5781625806cf0ca99e2859fb2aa to remote] DEBUG org.asynchttpclient.netty.request.NettyRequestSender - Using pooled Channel '[id: 0x9ed5462e, L:/127.0.0.1:51534 - R:localhost/127.0.0.1:48014]' for 'GET' to 'http://localhost:48014/session/23d9c5781625806cf0ca99e2859fb2aa/window/handles'
08:44:48.262 [Forwarding getWindowHandles on session 23d9c5781625806cf0ca99e2859fb2aa to remote] DEBUG org.asynchttpclient.netty.request.NettyRequestSender - Using open Channel [id: 0x9ed5462e, L:/127.0.0.1:51534 - R:localhost/127.0.0.1:48014] for GET '/session/23d9c5781625806cf0ca99e2859fb2aa/window/handles'
08:44:48.266 [AsyncHttpClient-1-11] DEBUG org.asynchttpclient.netty.handler.HttpHandler - 

Request DefaultFullHttpRequest(decodeResult: success, version: HTTP/1.1, content: EmptyByteBufBE)
GET /session/23d9c5781625806cf0ca99e2859fb2aa/window/handles HTTP/1.1
Cache-Control: no-cache
User-Agent: selenium/4.13.0 (java mac)
Content-Type: application/json; charset=utf-8
host: localhost:48014
accept: */*

Response DefaultHttpResponse(decodeResult: success, version: HTTP/1.1)
HTTP/1.1 200 OK
Content-Length: 81
Content-Type: application/json; charset=utf-8
cache-control: no-cache

08:44:48.266 [AsyncHttpClient-1-11] DEBUG org.asynchttpclient.netty.channel.ChannelManager - Adding key: http://localhost:48014 for channel [id: 0x9ed5462e, L:/127.0.0.1:51534 - R:localhost/127.0.0.1:48014]
08:44:48.271 [Forwarding switchToWindow on session 23d9c5781625806cf0ca99e2859fb2aa to remote] DEBUG org.asynchttpclient.netty.request.NettyRequestSender - Using pooled Channel '[id: 0x9ed5462e, L:/127.0.0.1:51534 - R:localhost/127.0.0.1:48014]' for 'POST' to 'http://localhost:48014/session/23d9c5781625806cf0ca99e2859fb2aa/window'
08:44:48.271 [Forwarding switchToWindow on session 23d9c5781625806cf0ca99e2859fb2aa to remote] DEBUG org.asynchttpclient.netty.request.NettyRequestSender - Using open Channel [id: 0x9ed5462e, L:/127.0.0.1:51534 - R:localhost/127.0.0.1:48014] for POST '/session/23d9c5781625806cf0ca99e2859fb2aa/window'
08:44:48.273 [AsyncHttpClient-1-11] DEBUG org.asynchttpclient.netty.handler.HttpHandler - 

Request DefaultHttpRequest(decodeResult: success, version: HTTP/1.1)
POST /session/23d9c5781625806cf0ca99e2859fb2aa/window HTTP/1.1
User-Agent: selenium/4.13.0 (java mac)
Content-Length: 50
Content-Type: application/json; charset=utf-8
host: localhost:48014
accept: */*

Response DefaultHttpResponse(decodeResult: success, version: HTTP/1.1)
HTTP/1.1 200 OK
Content-Length: 14
Content-Type: application/json; charset=utf-8
cache-control: no-cache

08:44:48.273 [AsyncHttpClient-1-11] DEBUG org.asynchttpclient.netty.channel.ChannelManager - Adding key: http://localhost:48014 for channel [id: 0x9ed5462e, L:/127.0.0.1:51534 - R:localhost/127.0.0.1:48014]
08:44:48.274 [Forwarding getCurrentUrl on session 23d9c5781625806cf0ca99e2859fb2aa to remote] DEBUG org.asynchttpclient.netty.request.NettyRequestSender - Using pooled Channel '[id: 0x9ed5462e, L:/127.0.0.1:51534 - R:localhost/127.0.0.1:48014]' for 'GET' to 'http://localhost:48014/session/23d9c5781625806cf0ca99e2859fb2aa/url'
08:44:48.274 [Forwarding getCurrentUrl on session 23d9c5781625806cf0ca99e2859fb2aa to remote] DEBUG org.asynchttpclient.netty.request.NettyRequestSender - Using open Channel [id: 0x9ed5462e, L:/127.0.0.1:51534 - R:localhost/127.0.0.1:48014] for GET '/session/23d9c5781625806cf0ca99e2859fb2aa/url'
08:44:48.540 [AsyncHttpClient-1-1] DEBUG org.asynchttpclient.netty.channel.DefaultChannelPool - Entry count for : http://localhost:51535 : 1
08:44:49.639 [AsyncHttpClient-1-1] DEBUG org.asynchttpclient.netty.channel.DefaultChannelPool - Entry count for : http://localhost:51535 : 1
08:44:50.489 [AsyncHttpClient-1-11] DEBUG org.asynchttpclient.netty.handler.HttpHandler - 

Request DefaultFullHttpRequest(decodeResult: success, version: HTTP/1.1, content: EmptyByteBufBE)
GET /session/23d9c5781625806cf0ca99e2859fb2aa/url HTTP/1.1
Cache-Control: no-cache
User-Agent: selenium/4.13.0 (java mac)
Content-Type: application/json; charset=utf-8
host: localhost:48014
accept: */*

Response DefaultHttpResponse(decodeResult: success, version: HTTP/1.1)
HTTP/1.1 200 OK
Content-Length: 46
Content-Type: application/json; charset=utf-8
cache-control: no-cache

08:44:50.489 [AsyncHttpClient-1-11] DEBUG org.asynchttpclient.netty.channel.ChannelManager - Adding key: http://localhost:48014 for channel [id: 0x9ed5462e, L:/127.0.0.1:51534 - R:localhost/127.0.0.1:48014]
Step 4 : Click on flights radio button.
08:44:50.490 [Forwarding findElement on session 23d9c5781625806cf0ca99e2859fb2aa to remote] DEBUG org.asynchttpclient.netty.request.NettyRequestSender - Using pooled Channel '[id: 0x9ed5462e, L:/127.0.0.1:51534 - R:localhost/127.0.0.1:48014]' for 'POST' to 'http://localhost:48014/session/23d9c5781625806cf0ca99e2859fb2aa/element'
08:44:50.490 [Forwarding findElement on session 23d9c5781625806cf0ca99e2859fb2aa to remote] DEBUG org.asynchttpclient.netty.request.NettyRequestSender - Using open Channel [id: 0x9ed5462e, L:/127.0.0.1:51534 - R:localhost/127.0.0.1:48014] for POST '/session/23d9c5781625806cf0ca99e2859fb2aa/element'
08:44:50.500 [AsyncHttpClient-1-11] DEBUG org.asynchttpclient.netty.handler.HttpHandler - 

Request DefaultHttpRequest(decodeResult: success, version: HTTP/1.1)
POST /session/23d9c5781625806cf0ca99e2859fb2aa/element HTTP/1.1
User-Agent: selenium/4.13.0 (java mac)
Content-Length: 66
Content-Type: application/json; charset=utf-8
host: localhost:48014
accept: */*

Response DefaultHttpResponse(decodeResult: success, version: HTTP/1.1)
HTTP/1.1 200 OK
Content-Length: 96
Content-Type: application/json; charset=utf-8
cache-control: no-cache

08:44:50.500 [AsyncHttpClient-1-11] DEBUG org.asynchttpclient.netty.channel.ChannelManager - Adding key: http://localhost:48014 for channel [id: 0x9ed5462e, L:/127.0.0.1:51534 - R:localhost/127.0.0.1:48014]
08:44:50.502 [Forwarding isElementDisplayed on session 23d9c5781625806cf0ca99e2859fb2aa to remote] DEBUG org.asynchttpclient.netty.request.NettyRequestSender - Using pooled Channel '[id: 0x9ed5462e, L:/127.0.0.1:51534 - R:localhost/127.0.0.1:48014]' for 'POST' to 'http://localhost:48014/session/23d9c5781625806cf0ca99e2859fb2aa/execute/sync'
08:44:50.502 [Forwarding isElementDisplayed on session 23d9c5781625806cf0ca99e2859fb2aa to remote] DEBUG org.asynchttpclient.netty.request.NettyRequestSender - Using open Channel [id: 0x9ed5462e, L:/127.0.0.1:51534 - R:localhost/127.0.0.1:48014] for POST '/session/23d9c5781625806cf0ca99e2859fb2aa/execute/sync'
08:44:50.512 [AsyncHttpClient-1-11] DEBUG org.asynchttpclient.netty.handler.HttpHandler - 

Request DefaultHttpRequest(decodeResult: success, version: HTTP/1.1)
POST /session/23d9c5781625806cf0ca99e2859fb2aa/execute/sync HTTP/1.1
User-Agent: selenium/4.13.0 (java mac)
Content-Length: 48815
Content-Type: application/json; charset=utf-8
host: localhost:48014
accept: */*

Response DefaultHttpResponse(decodeResult: success, version: HTTP/1.1)
HTTP/1.1 200 OK
Content-Length: 14
Content-Type: application/json; charset=utf-8
cache-control: no-cache

08:44:50.513 [AsyncHttpClient-1-11] DEBUG org.asynchttpclient.netty.channel.ChannelManager - Adding key: http://localhost:48014 for channel [id: 0x9ed5462e, L:/127.0.0.1:51534 - R:localhost/127.0.0.1:48014]
08:44:50.513 [Forwarding isElementEnabled on session 23d9c5781625806cf0ca99e2859fb2aa to remote] DEBUG org.asynchttpclient.netty.request.NettyRequestSender - Using pooled Channel '[id: 0x9ed5462e, L:/127.0.0.1:51534 - R:localhost/127.0.0.1:48014]' for 'GET' to 'http://localhost:48014/session/23d9c5781625806cf0ca99e2859fb2aa/element/C2F4B3608F6FAB3EB165291F5BD1A4FB_element_106/enabled'
08:44:50.513 [Forwarding isElementEnabled on session 23d9c5781625806cf0ca99e2859fb2aa to remote] DEBUG org.asynchttpclient.netty.request.NettyRequestSender - Using open Channel [id: 0x9ed5462e, L:/127.0.0.1:51534 - R:localhost/127.0.0.1:48014] for GET '/session/23d9c5781625806cf0ca99e2859fb2aa/element/C2F4B3608F6FAB3EB165291F5BD1A4FB_element_106/enabled'
08:44:50.519 [AsyncHttpClient-1-11] DEBUG org.asynchttpclient.netty.handler.HttpHandler - 

Request DefaultFullHttpRequest(decodeResult: success, version: HTTP/1.1, content: EmptyByteBufBE)
GET /session/23d9c5781625806cf0ca99e2859fb2aa/element/C2F4B3608F6FAB3EB165291F5BD1A4FB_element_106/enabled HTTP/1.1
Cache-Control: no-cache
User-Agent: selenium/4.13.0 (java mac)
Content-Type: application/json; charset=utf-8
host: localhost:48014
accept: */*

Response DefaultHttpResponse(decodeResult: success, version: HTTP/1.1)
HTTP/1.1 200 OK
Content-Length: 14
Content-Type: application/json; charset=utf-8
cache-control: no-cache

08:44:50.519 [AsyncHttpClient-1-11] DEBUG org.asynchttpclient.netty.channel.ChannelManager - Adding key: http://localhost:48014 for channel [id: 0x9ed5462e, L:/127.0.0.1:51534 - R:localhost/127.0.0.1:48014]
08:44:50.520 [Forwarding executeScript on session 23d9c5781625806cf0ca99e2859fb2aa to remote] DEBUG org.asynchttpclient.netty.request.NettyRequestSender - Using pooled Channel '[id: 0x9ed5462e, L:/127.0.0.1:51534 - R:localhost/127.0.0.1:48014]' for 'POST' to 'http://localhost:48014/session/23d9c5781625806cf0ca99e2859fb2aa/execute/sync'
08:44:50.520 [Forwarding executeScript on session 23d9c5781625806cf0ca99e2859fb2aa to remote] DEBUG org.asynchttpclient.netty.request.NettyRequestSender - Using open Channel [id: 0x9ed5462e, L:/127.0.0.1:51534 - R:localhost/127.0.0.1:48014] for POST '/session/23d9c5781625806cf0ca99e2859fb2aa/execute/sync'
08:44:50.524 [AsyncHttpClient-1-11] DEBUG org.asynchttpclient.netty.handler.HttpHandler - 

Request DefaultHttpRequest(decodeResult: success, version: HTTP/1.1)
POST /session/23d9c5781625806cf0ca99e2859fb2aa/execute/sync HTTP/1.1
User-Agent: selenium/4.13.0 (java mac)
Content-Length: 180
Content-Type: application/json; charset=utf-8
host: localhost:48014
accept: */*

Response DefaultHttpResponse(decodeResult: success, version: HTTP/1.1)
HTTP/1.1 200 OK
Content-Length: 14
Content-Type: application/json; charset=utf-8
cache-control: no-cache

08:44:50.524 [AsyncHttpClient-1-11] DEBUG org.asynchttpclient.netty.channel.ChannelManager - Adding key: http://localhost:48014 for channel [id: 0x9ed5462e, L:/127.0.0.1:51534 - R:localhost/127.0.0.1:48014]
08:44:50.525 [Forwarding executeScript on session 23d9c5781625806cf0ca99e2859fb2aa to remote] DEBUG org.asynchttpclient.netty.request.NettyRequestSender - Using pooled Channel '[id: 0x9ed5462e, L:/127.0.0.1:51534 - R:localhost/127.0.0.1:48014]' for 'POST' to 'http://localhost:48014/session/23d9c5781625806cf0ca99e2859fb2aa/execute/sync'
08:44:50.525 [Forwarding executeScript on session 23d9c5781625806cf0ca99e2859fb2aa to remote] DEBUG org.asynchttpclient.netty.request.NettyRequestSender - Using open Channel [id: 0x9ed5462e, L:/127.0.0.1:51534 - R:localhost/127.0.0.1:48014] for POST '/session/23d9c5781625806cf0ca99e2859fb2aa/execute/sync'
08:44:50.571 [AsyncHttpClient-1-11] DEBUG org.asynchttpclient.netty.handler.HttpHandler - 

Request DefaultHttpRequest(decodeResult: success, version: HTTP/1.1)
POST /session/23d9c5781625806cf0ca99e2859fb2aa/execute/sync HTTP/1.1
User-Agent: selenium/4.13.0 (java mac)
Content-Length: 167
Content-Type: application/json; charset=utf-8
host: localhost:48014
accept: */*

Response DefaultHttpResponse(decodeResult: success, version: HTTP/1.1)
HTTP/1.1 200 OK
Content-Length: 14
Content-Type: application/json; charset=utf-8
cache-control: no-cache

08:44:50.571 [AsyncHttpClient-1-11] DEBUG org.asynchttpclient.netty.channel.ChannelManager - Adding key: http://localhost:48014 for channel [id: 0x9ed5462e, L:/127.0.0.1:51534 - R:localhost/127.0.0.1:48014]
Step 5 : Click on hdfc checkbox.
08:44:50.572 [Forwarding findElement on session 23d9c5781625806cf0ca99e2859fb2aa to remote] DEBUG org.asynchttpclient.netty.request.NettyRequestSender - Using pooled Channel '[id: 0x9ed5462e, L:/127.0.0.1:51534 - R:localhost/127.0.0.1:48014]' for 'POST' to 'http://localhost:48014/session/23d9c5781625806cf0ca99e2859fb2aa/element'
08:44:50.572 [Forwarding findElement on session 23d9c5781625806cf0ca99e2859fb2aa to remote] DEBUG org.asynchttpclient.netty.request.NettyRequestSender - Using open Channel [id: 0x9ed5462e, L:/127.0.0.1:51534 - R:localhost/127.0.0.1:48014] for POST '/session/23d9c5781625806cf0ca99e2859fb2aa/element'
08:44:50.642 [AsyncHttpClient-1-11] DEBUG org.asynchttpclient.netty.handler.HttpHandler - 

Request DefaultHttpRequest(decodeResult: success, version: HTTP/1.1)
POST /session/23d9c5781625806cf0ca99e2859fb2aa/element HTTP/1.1
User-Agent: selenium/4.13.0 (java mac)
Content-Length: 67
Content-Type: application/json; charset=utf-8
host: localhost:48014
accept: */*

Response DefaultHttpResponse(decodeResult: success, version: HTTP/1.1)
HTTP/1.1 200 OK
Content-Length: 96
Content-Type: application/json; charset=utf-8
cache-control: no-cache

08:44:50.643 [AsyncHttpClient-1-11] DEBUG org.asynchttpclient.netty.channel.ChannelManager - Adding key: http://localhost:48014 for channel [id: 0x9ed5462e, L:/127.0.0.1:51534 - R:localhost/127.0.0.1:48014]
08:44:50.644 [Forwarding isElementDisplayed on session 23d9c5781625806cf0ca99e2859fb2aa to remote] DEBUG org.asynchttpclient.netty.request.NettyRequestSender - Using pooled Channel '[id: 0x9ed5462e, L:/127.0.0.1:51534 - R:localhost/127.0.0.1:48014]' for 'POST' to 'http://localhost:48014/session/23d9c5781625806cf0ca99e2859fb2aa/execute/sync'
08:44:50.644 [Forwarding isElementDisplayed on session 23d9c5781625806cf0ca99e2859fb2aa to remote] DEBUG org.asynchttpclient.netty.request.NettyRequestSender - Using open Channel [id: 0x9ed5462e, L:/127.0.0.1:51534 - R:localhost/127.0.0.1:48014] for POST '/session/23d9c5781625806cf0ca99e2859fb2aa/execute/sync'
08:44:50.655 [AsyncHttpClient-1-11] DEBUG org.asynchttpclient.netty.handler.HttpHandler - 

Request DefaultHttpRequest(decodeResult: success, version: HTTP/1.1)
POST /session/23d9c5781625806cf0ca99e2859fb2aa/execute/sync HTTP/1.1
User-Agent: selenium/4.13.0 (java mac)
Content-Length: 48815
Content-Type: application/json; charset=utf-8
host: localhost:48014
accept: */*

Response DefaultHttpResponse(decodeResult: success, version: HTTP/1.1)
HTTP/1.1 200 OK
Content-Length: 14
Content-Type: application/json; charset=utf-8
cache-control: no-cache

08:44:50.655 [AsyncHttpClient-1-11] DEBUG org.asynchttpclient.netty.channel.ChannelManager - Adding key: http://localhost:48014 for channel [id: 0x9ed5462e, L:/127.0.0.1:51534 - R:localhost/127.0.0.1:48014]
08:44:50.656 [Forwarding isElementEnabled on session 23d9c5781625806cf0ca99e2859fb2aa to remote] DEBUG org.asynchttpclient.netty.request.NettyRequestSender - Using pooled Channel '[id: 0x9ed5462e, L:/127.0.0.1:51534 - R:localhost/127.0.0.1:48014]' for 'GET' to 'http://localhost:48014/session/23d9c5781625806cf0ca99e2859fb2aa/element/C2F4B3608F6FAB3EB165291F5BD1A4FB_element_133/enabled'
08:44:50.656 [Forwarding isElementEnabled on session 23d9c5781625806cf0ca99e2859fb2aa to remote] DEBUG org.asynchttpclient.netty.request.NettyRequestSender - Using open Channel [id: 0x9ed5462e, L:/127.0.0.1:51534 - R:localhost/127.0.0.1:48014] for GET '/session/23d9c5781625806cf0ca99e2859fb2aa/element/C2F4B3608F6FAB3EB165291F5BD1A4FB_element_133/enabled'
08:44:50.663 [AsyncHttpClient-1-11] DEBUG org.asynchttpclient.netty.handler.HttpHandler - 

Request DefaultFullHttpRequest(decodeResult: success, version: HTTP/1.1, content: EmptyByteBufBE)
GET /session/23d9c5781625806cf0ca99e2859fb2aa/element/C2F4B3608F6FAB3EB165291F5BD1A4FB_element_133/enabled HTTP/1.1
Cache-Control: no-cache
User-Agent: selenium/4.13.0 (java mac)
Content-Type: application/json; charset=utf-8
host: localhost:48014
accept: */*

Response DefaultHttpResponse(decodeResult: success, version: HTTP/1.1)
HTTP/1.1 200 OK
Content-Length: 14
Content-Type: application/json; charset=utf-8
cache-control: no-cache

08:44:50.664 [AsyncHttpClient-1-11] DEBUG org.asynchttpclient.netty.channel.ChannelManager - Adding key: http://localhost:48014 for channel [id: 0x9ed5462e, L:/127.0.0.1:51534 - R:localhost/127.0.0.1:48014]
08:44:50.665 [Forwarding executeScript on session 23d9c5781625806cf0ca99e2859fb2aa to remote] DEBUG org.asynchttpclient.netty.request.NettyRequestSender - Using pooled Channel '[id: 0x9ed5462e, L:/127.0.0.1:51534 - R:localhost/127.0.0.1:48014]' for 'POST' to 'http://localhost:48014/session/23d9c5781625806cf0ca99e2859fb2aa/execute/sync'
08:44:50.665 [Forwarding executeScript on session 23d9c5781625806cf0ca99e2859fb2aa to remote] DEBUG org.asynchttpclient.netty.request.NettyRequestSender - Using open Channel [id: 0x9ed5462e, L:/127.0.0.1:51534 - R:localhost/127.0.0.1:48014] for POST '/session/23d9c5781625806cf0ca99e2859fb2aa/execute/sync'
08:44:50.671 [AsyncHttpClient-1-11] DEBUG org.asynchttpclient.netty.handler.HttpHandler - 

Request DefaultHttpRequest(decodeResult: success, version: HTTP/1.1)
POST /session/23d9c5781625806cf0ca99e2859fb2aa/execute/sync HTTP/1.1
User-Agent: selenium/4.13.0 (java mac)
Content-Length: 180
Content-Type: application/json; charset=utf-8
host: localhost:48014
accept: */*

Response DefaultHttpResponse(decodeResult: success, version: HTTP/1.1)
HTTP/1.1 200 OK
Content-Length: 14
Content-Type: application/json; charset=utf-8
cache-control: no-cache

08:44:50.671 [AsyncHttpClient-1-11] DEBUG org.asynchttpclient.netty.channel.ChannelManager - Adding key: http://localhost:48014 for channel [id: 0x9ed5462e, L:/127.0.0.1:51534 - R:localhost/127.0.0.1:48014]
08:44:50.672 [Forwarding executeScript on session 23d9c5781625806cf0ca99e2859fb2aa to remote] DEBUG org.asynchttpclient.netty.request.NettyRequestSender - Using pooled Channel '[id: 0x9ed5462e, L:/127.0.0.1:51534 - R:localhost/127.0.0.1:48014]' for 'POST' to 'http://localhost:48014/session/23d9c5781625806cf0ca99e2859fb2aa/execute/sync'
08:44:50.672 [Forwarding executeScript on session 23d9c5781625806cf0ca99e2859fb2aa to remote] DEBUG org.asynchttpclient.netty.request.NettyRequestSender - Using open Channel [id: 0x9ed5462e, L:/127.0.0.1:51534 - R:localhost/127.0.0.1:48014] for POST '/session/23d9c5781625806cf0ca99e2859fb2aa/execute/sync'
08:44:50.721 [AsyncHttpClient-1-11] DEBUG org.asynchttpclient.netty.handler.HttpHandler - 

Request DefaultHttpRequest(decodeResult: success, version: HTTP/1.1)
POST /session/23d9c5781625806cf0ca99e2859fb2aa/execute/sync HTTP/1.1
User-Agent: selenium/4.13.0 (java mac)
Content-Length: 167
Content-Type: application/json; charset=utf-8
host: localhost:48014
accept: */*

Response DefaultHttpResponse(decodeResult: success, version: HTTP/1.1)
HTTP/1.1 200 OK
Content-Length: 14
Content-Type: application/json; charset=utf-8
cache-control: no-cache

08:44:50.721 [AsyncHttpClient-1-11] DEBUG org.asynchttpclient.netty.channel.ChannelManager - Adding key: http://localhost:48014 for channel [id: 0x9ed5462e, L:/127.0.0.1:51534 - R:localhost/127.0.0.1:48014]
08:44:50.741 [AsyncHttpClient-1-1] DEBUG org.asynchttpclient.netty.channel.DefaultChannelPool - Entry count for : http://localhost:51535 : 1
08:44:50.741 [AsyncHttpClient-1-1] DEBUG org.asynchttpclient.netty.channel.DefaultChannelPool - Entry count for : http://localhost:48014 : 1
08:44:51.842 [AsyncHttpClient-1-1] DEBUG org.asynchttpclient.netty.channel.DefaultChannelPool - Entry count for : http://localhost:51535 : 1
08:44:51.842 [AsyncHttpClient-1-1] DEBUG org.asynchttpclient.netty.channel.DefaultChannelPool - Entry count for : http://localhost:48014 : 1
Step 6 : Verify all offers have hdfc bank logo with terms and conditions.
08:44:52.724 [Forwarding findElements on session 23d9c5781625806cf0ca99e2859fb2aa to remote] DEBUG org.asynchttpclient.netty.request.NettyRequestSender - Using pooled Channel '[id: 0x9ed5462e, L:/127.0.0.1:51534 - R:localhost/127.0.0.1:48014]' for 'POST' to 'http://localhost:48014/session/23d9c5781625806cf0ca99e2859fb2aa/elements'
08:44:52.724 [Forwarding findElements on session 23d9c5781625806cf0ca99e2859fb2aa to remote] DEBUG org.asynchttpclient.netty.request.NettyRequestSender - Using open Channel [id: 0x9ed5462e, L:/127.0.0.1:51534 - R:localhost/127.0.0.1:48014] for POST '/session/23d9c5781625806cf0ca99e2859fb2aa/elements'
08:44:52.736 [AsyncHttpClient-1-11] DEBUG org.asynchttpclient.netty.handler.HttpHandler - 

Request DefaultHttpRequest(decodeResult: success, version: HTTP/1.1)
POST /session/23d9c5781625806cf0ca99e2859fb2aa/elements HTTP/1.1
User-Agent: selenium/4.13.0 (java mac)
Content-Length: 72
Content-Type: application/json; charset=utf-8
host: localhost:48014
accept: */*

Response DefaultHttpResponse(decodeResult: success, version: HTTP/1.1)
HTTP/1.1 200 OK
Content-Length: 185
Content-Type: application/json; charset=utf-8
cache-control: no-cache

08:44:52.736 [AsyncHttpClient-1-11] DEBUG org.asynchttpclient.netty.channel.ChannelManager - Adding key: http://localhost:48014 for channel [id: 0x9ed5462e, L:/127.0.0.1:51534 - R:localhost/127.0.0.1:48014]
08:44:52.737 [Forwarding findElement on session 23d9c5781625806cf0ca99e2859fb2aa to remote] DEBUG org.asynchttpclient.netty.request.NettyRequestSender - Using pooled Channel '[id: 0x9ed5462e, L:/127.0.0.1:51534 - R:localhost/127.0.0.1:48014]' for 'POST' to 'http://localhost:48014/session/23d9c5781625806cf0ca99e2859fb2aa/element'
08:44:52.737 [Forwarding findElement on session 23d9c5781625806cf0ca99e2859fb2aa to remote] DEBUG org.asynchttpclient.netty.request.NettyRequestSender - Using open Channel [id: 0x9ed5462e, L:/127.0.0.1:51534 - R:localhost/127.0.0.1:48014] for POST '/session/23d9c5781625806cf0ca99e2859fb2aa/element'
08:44:52.747 [AsyncHttpClient-1-11] DEBUG org.asynchttpclient.netty.handler.HttpHandler - 

Request DefaultHttpRequest(decodeResult: success, version: HTTP/1.1)
POST /session/23d9c5781625806cf0ca99e2859fb2aa/element HTTP/1.1
User-Agent: selenium/4.13.0 (java mac)
Content-Length: 75
Content-Type: application/json; charset=utf-8
host: localhost:48014
accept: */*

Response DefaultHttpResponse(decodeResult: success, version: HTTP/1.1)
HTTP/1.1 200 OK
Content-Length: 96
Content-Type: application/json; charset=utf-8
cache-control: no-cache

08:44:52.747 [AsyncHttpClient-1-11] DEBUG org.asynchttpclient.netty.channel.ChannelManager - Adding key: http://localhost:48014 for channel [id: 0x9ed5462e, L:/127.0.0.1:51534 - R:localhost/127.0.0.1:48014]
08:44:52.748 [Forwarding executeScript on session 23d9c5781625806cf0ca99e2859fb2aa to remote] DEBUG org.asynchttpclient.netty.request.NettyRequestSender - Using pooled Channel '[id: 0x9ed5462e, L:/127.0.0.1:51534 - R:localhost/127.0.0.1:48014]' for 'POST' to 'http://localhost:48014/session/23d9c5781625806cf0ca99e2859fb2aa/execute/sync'
08:44:52.748 [Forwarding executeScript on session 23d9c5781625806cf0ca99e2859fb2aa to remote] DEBUG org.asynchttpclient.netty.request.NettyRequestSender - Using open Channel [id: 0x9ed5462e, L:/127.0.0.1:51534 - R:localhost/127.0.0.1:48014] for POST '/session/23d9c5781625806cf0ca99e2859fb2aa/execute/sync'
08:44:52.753 [AsyncHttpClient-1-11] DEBUG org.asynchttpclient.netty.handler.HttpHandler - 

Request DefaultHttpRequest(decodeResult: success, version: HTTP/1.1)
POST /session/23d9c5781625806cf0ca99e2859fb2aa/execute/sync HTTP/1.1
User-Agent: selenium/4.13.0 (java mac)
Content-Length: 180
Content-Type: application/json; charset=utf-8
host: localhost:48014
accept: */*

Response DefaultHttpResponse(decodeResult: success, version: HTTP/1.1)
HTTP/1.1 200 OK
Content-Length: 14
Content-Type: application/json; charset=utf-8
cache-control: no-cache

08:44:52.753 [AsyncHttpClient-1-11] DEBUG org.asynchttpclient.netty.channel.ChannelManager - Adding key: http://localhost:48014 for channel [id: 0x9ed5462e, L:/127.0.0.1:51534 - R:localhost/127.0.0.1:48014]
08:44:52.755 [Forwarding isElementDisplayed on session 23d9c5781625806cf0ca99e2859fb2aa to remote] DEBUG org.asynchttpclient.netty.request.NettyRequestSender - Using pooled Channel '[id: 0x9ed5462e, L:/127.0.0.1:51534 - R:localhost/127.0.0.1:48014]' for 'POST' to 'http://localhost:48014/session/23d9c5781625806cf0ca99e2859fb2aa/execute/sync'
08:44:52.755 [Forwarding isElementDisplayed on session 23d9c5781625806cf0ca99e2859fb2aa to remote] DEBUG org.asynchttpclient.netty.request.NettyRequestSender - Using open Channel [id: 0x9ed5462e, L:/127.0.0.1:51534 - R:localhost/127.0.0.1:48014] for POST '/session/23d9c5781625806cf0ca99e2859fb2aa/execute/sync'
08:44:52.762 [AsyncHttpClient-1-11] DEBUG org.asynchttpclient.netty.handler.HttpHandler - 

Request DefaultHttpRequest(decodeResult: success, version: HTTP/1.1)
POST /session/23d9c5781625806cf0ca99e2859fb2aa/execute/sync HTTP/1.1
User-Agent: selenium/4.13.0 (java mac)
Content-Length: 48815
Content-Type: application/json; charset=utf-8
host: localhost:48014
accept: */*

Response DefaultHttpResponse(decodeResult: success, version: HTTP/1.1)
HTTP/1.1 200 OK
Content-Length: 14
Content-Type: application/json; charset=utf-8
cache-control: no-cache

08:44:52.762 [AsyncHttpClient-1-11] DEBUG org.asynchttpclient.netty.channel.ChannelManager - Adding key: http://localhost:48014 for channel [id: 0x9ed5462e, L:/127.0.0.1:51534 - R:localhost/127.0.0.1:48014]
08:44:52.763 [Forwarding findElement on session 23d9c5781625806cf0ca99e2859fb2aa to remote] DEBUG org.asynchttpclient.netty.request.NettyRequestSender - Using pooled Channel '[id: 0x9ed5462e, L:/127.0.0.1:51534 - R:localhost/127.0.0.1:48014]' for 'POST' to 'http://localhost:48014/session/23d9c5781625806cf0ca99e2859fb2aa/element'
08:44:52.763 [Forwarding findElement on session 23d9c5781625806cf0ca99e2859fb2aa to remote] DEBUG org.asynchttpclient.netty.request.NettyRequestSender - Using open Channel [id: 0x9ed5462e, L:/127.0.0.1:51534 - R:localhost/127.0.0.1:48014] for POST '/session/23d9c5781625806cf0ca99e2859fb2aa/element'
08:44:52.773 [AsyncHttpClient-1-11] DEBUG org.asynchttpclient.netty.handler.HttpHandler - 

Request DefaultHttpRequest(decodeResult: success, version: HTTP/1.1)
POST /session/23d9c5781625806cf0ca99e2859fb2aa/element HTTP/1.1
User-Agent: selenium/4.13.0 (java mac)
Content-Length: 75
Content-Type: application/json; charset=utf-8
host: localhost:48014
accept: */*

Response DefaultHttpResponse(decodeResult: success, version: HTTP/1.1)
HTTP/1.1 200 OK
Content-Length: 96
Content-Type: application/json; charset=utf-8
cache-control: no-cache

08:44:52.773 [AsyncHttpClient-1-11] DEBUG org.asynchttpclient.netty.channel.ChannelManager - Adding key: http://localhost:48014 for channel [id: 0x9ed5462e, L:/127.0.0.1:51534 - R:localhost/127.0.0.1:48014]
08:44:52.774 [Forwarding executeScript on session 23d9c5781625806cf0ca99e2859fb2aa to remote] DEBUG org.asynchttpclient.netty.request.NettyRequestSender - Using pooled Channel '[id: 0x9ed5462e, L:/127.0.0.1:51534 - R:localhost/127.0.0.1:48014]' for 'POST' to 'http://localhost:48014/session/23d9c5781625806cf0ca99e2859fb2aa/execute/sync'
08:44:52.774 [Forwarding executeScript on session 23d9c5781625806cf0ca99e2859fb2aa to remote] DEBUG org.asynchttpclient.netty.request.NettyRequestSender - Using open Channel [id: 0x9ed5462e, L:/127.0.0.1:51534 - R:localhost/127.0.0.1:48014] for POST '/session/23d9c5781625806cf0ca99e2859fb2aa/execute/sync'
08:44:52.779 [AsyncHttpClient-1-11] DEBUG org.asynchttpclient.netty.handler.HttpHandler - 

Request DefaultHttpRequest(decodeResult: success, version: HTTP/1.1)
POST /session/23d9c5781625806cf0ca99e2859fb2aa/execute/sync HTTP/1.1
User-Agent: selenium/4.13.0 (java mac)
Content-Length: 180
Content-Type: application/json; charset=utf-8
host: localhost:48014
accept: */*

Response DefaultHttpResponse(decodeResult: success, version: HTTP/1.1)
HTTP/1.1 200 OK
Content-Length: 14
Content-Type: application/json; charset=utf-8
cache-control: no-cache

08:44:52.780 [AsyncHttpClient-1-11] DEBUG org.asynchttpclient.netty.channel.ChannelManager - Adding key: http://localhost:48014 for channel [id: 0x9ed5462e, L:/127.0.0.1:51534 - R:localhost/127.0.0.1:48014]
08:44:52.781 [Forwarding isElementDisplayed on session 23d9c5781625806cf0ca99e2859fb2aa to remote] DEBUG org.asynchttpclient.netty.request.NettyRequestSender - Using pooled Channel '[id: 0x9ed5462e, L:/127.0.0.1:51534 - R:localhost/127.0.0.1:48014]' for 'POST' to 'http://localhost:48014/session/23d9c5781625806cf0ca99e2859fb2aa/execute/sync'
08:44:52.781 [Forwarding isElementDisplayed on session 23d9c5781625806cf0ca99e2859fb2aa to remote] DEBUG org.asynchttpclient.netty.request.NettyRequestSender - Using open Channel [id: 0x9ed5462e, L:/127.0.0.1:51534 - R:localhost/127.0.0.1:48014] for POST '/session/23d9c5781625806cf0ca99e2859fb2aa/execute/sync'
08:44:52.789 [AsyncHttpClient-1-11] DEBUG org.asynchttpclient.netty.handler.HttpHandler - 

Request DefaultHttpRequest(decodeResult: success, version: HTTP/1.1)
POST /session/23d9c5781625806cf0ca99e2859fb2aa/execute/sync HTTP/1.1
User-Agent: selenium/4.13.0 (java mac)
Content-Length: 48815
Content-Type: application/json; charset=utf-8
host: localhost:48014
accept: */*

Response DefaultHttpResponse(decodeResult: success, version: HTTP/1.1)
HTTP/1.1 200 OK
Content-Length: 14
Content-Type: application/json; charset=utf-8
cache-control: no-cache

08:44:52.789 [AsyncHttpClient-1-11] DEBUG org.asynchttpclient.netty.channel.ChannelManager - Adding key: http://localhost:48014 for channel [id: 0x9ed5462e, L:/127.0.0.1:51534 - R:localhost/127.0.0.1:48014]
]]></system-out>
    <system-err><![CDATA[Jan 14, 2024 8:44:44 AM org.openqa.selenium.devtools.CdpVersionFinder findNearestMatch
WARNING: Unable to find an exact match for CDP version 120, so returning the closest version found: 117
]]></system-err>
  </testcase>
  <testcase name="verifyOfferPageHotelAxisFilter" classname="com.sample.modules.OfferPage" time="4.969">
    <system-out><![CDATA[<font color=238E23><strong><i> PASS : verifyOfferPageFlightsHDFCFilter</i></strong></font>
Total testcases:-4
Total passed testcases:-2
Total failed testcases:-2
08:44:52.790 [AsyncHttpClient-1-13] DEBUG org.asynchttpclient.netty.handler.WebSocketHandler - Channel Closed: [id: 0xb35a63af, L:/127.0.0.1:51540 ! R:localhost/127.0.0.1:51535] with attribute DISCARD
08:44:52.790 [Driver Command Executor] DEBUG org.asynchttpclient.netty.request.NettyRequestSender - Using pooled Channel '[id: 0x9ed5462e, L:/127.0.0.1:51534 - R:localhost/127.0.0.1:48014]' for 'DELETE' to 'http://localhost:48014/session/23d9c5781625806cf0ca99e2859fb2aa'
08:44:52.790 [Driver Command Executor] DEBUG org.asynchttpclient.netty.request.NettyRequestSender - Using open Channel [id: 0x9ed5462e, L:/127.0.0.1:51534 - R:localhost/127.0.0.1:48014] for DELETE '/session/23d9c5781625806cf0ca99e2859fb2aa'
08:44:52.812 [AsyncHttpClient-1-12] DEBUG org.asynchttpclient.netty.handler.HttpHandler - Channel Closed: [id: 0x4a272d3e, L:/127.0.0.1:51539 ! R:localhost/127.0.0.1:51535] with attribute DISCARD
08:44:52.845 [AsyncHttpClient-1-11] DEBUG org.asynchttpclient.netty.handler.HttpHandler - 

Request DefaultFullHttpRequest(decodeResult: success, version: HTTP/1.1, content: EmptyByteBufBE)
DELETE /session/23d9c5781625806cf0ca99e2859fb2aa HTTP/1.1
User-Agent: selenium/4.13.0 (java mac)
Content-Type: application/json; charset=utf-8
host: localhost:48014
accept: */*

Response DefaultHttpResponse(decodeResult: success, version: HTTP/1.1)
HTTP/1.1 200 OK
Content-Length: 14
Content-Type: application/json; charset=utf-8
cache-control: no-cache

08:44:52.845 [AsyncHttpClient-1-11] DEBUG org.asynchttpclient.netty.channel.ChannelManager - Adding key: http://localhost:48014 for channel [id: 0x9ed5462e, L:/127.0.0.1:51534 - R:localhost/127.0.0.1:48014]
08:44:52.903 [AsyncHttpClient-1-11] DEBUG org.asynchttpclient.netty.handler.HttpHandler - Channel Closed: [id: 0x9ed5462e, L:/127.0.0.1:51534 ! R:localhost/127.0.0.1:48014] with attribute DISCARD
08:44:52.943 [AsyncHttpClient-1-1] DEBUG org.asynchttpclient.netty.channel.DefaultChannelPool - Entry count for : http://localhost:51535 : 1
08:44:52.943 [AsyncHttpClient-1-1] DEBUG org.asynchttpclient.netty.channel.DefaultChannelPool - Entry count for : http://localhost:48014 : 1
08:44:52.943 [AsyncHttpClient-1-1] DEBUG org.asynchttpclient.netty.channel.DefaultChannelPool - Adding Candidate expired Channel [id: 0x4a272d3e, L:/127.0.0.1:51539 ! R:localhost/127.0.0.1:51535] isIdleTimeoutExpired=false isRemotelyClosed=true isTtlExpired=false
08:44:52.943 [AsyncHttpClient-1-1] DEBUG org.asynchttpclient.netty.channel.DefaultChannelPool - Closing Idle Channel [id: 0x4a272d3e, L:/127.0.0.1:51539 ! R:localhost/127.0.0.1:51535]
08:44:52.943 [AsyncHttpClient-1-1] DEBUG org.asynchttpclient.netty.channel.DefaultChannelPool - Adding Candidate expired Channel [id: 0x9ed5462e, L:/127.0.0.1:51534 ! R:localhost/127.0.0.1:48014] isIdleTimeoutExpired=false isRemotelyClosed=true isTtlExpired=false
08:44:52.943 [AsyncHttpClient-1-1] DEBUG org.asynchttpclient.netty.channel.DefaultChannelPool - Closing Idle Channel [id: 0x9ed5462e, L:/127.0.0.1:51534 ! R:localhost/127.0.0.1:48014]
08:44:52.943 [AsyncHttpClient-1-1] DEBUG org.asynchttpclient.netty.channel.DefaultChannelPool - Closed 2 connections out of 2 in 0 ms
08:44:53.014 [AsyncHttpClient-1-14] DEBUG org.asynchttpclient.netty.channel.NettyConnectListener - Using new Channel '[id: 0x31cb4f58, L:/127.0.0.1:51596 - R:localhost/127.0.0.1:20177]' for 'POST' to '/session'
08:44:53.897 [AsyncHttpClient-1-14] DEBUG org.asynchttpclient.netty.handler.HttpHandler - 

Request DefaultHttpRequest(decodeResult: success, version: HTTP/1.1)
POST /session HTTP/1.1
User-Agent: selenium/4.13.0 (java mac)
Content-Length: 291
Content-Type: application/json; charset=utf-8
host: localhost:20177
accept: */*

Response DefaultHttpResponse(decodeResult: success, version: HTTP/1.1)
HTTP/1.1 200 OK
Content-Length: 891
Content-Type: application/json; charset=utf-8
cache-control: no-cache

08:44:53.897 [AsyncHttpClient-1-14] DEBUG org.asynchttpclient.netty.channel.ChannelManager - Adding key: http://localhost:20177 for channel [id: 0x31cb4f58, L:/127.0.0.1:51596 - R:localhost/127.0.0.1:20177]
08:44:53.902 [AsyncHttpClient-1-15] DEBUG org.asynchttpclient.netty.channel.NettyConnectListener - Using new Channel '[id: 0x52c56b7f, L:/127.0.0.1:51601 - R:localhost/127.0.0.1:51597]' for 'GET' to '/json/version'
08:44:53.906 [AsyncHttpClient-1-15] DEBUG org.asynchttpclient.netty.handler.HttpHandler - 

Request DefaultFullHttpRequest(decodeResult: success, version: HTTP/1.1, content: EmptyByteBufBE)
GET /json/version HTTP/1.1
User-Agent: selenium/4.13.0 (java mac)
host: localhost:51597
accept: */*

Response DefaultHttpResponse(decodeResult: success, version: HTTP/1.1)
HTTP/1.1 200 OK
Content-Security-Policy: frame-ancestors 'none'
Content-Length: 422
Content-Type: application/json; charset=UTF-8

08:44:53.906 [AsyncHttpClient-1-15] DEBUG org.asynchttpclient.netty.channel.ChannelManager - Adding key: http://localhost:51597 for channel [id: 0x52c56b7f, L:/127.0.0.1:51601 - R:localhost/127.0.0.1:51597]
08:44:53.908 [AsyncHttpClient-1-16] DEBUG org.asynchttpclient.netty.channel.NettyConnectListener - Using new Channel '[id: 0x10535c7b, L:/127.0.0.1:51602 - R:localhost/127.0.0.1:51597]' for 'GET' to '/devtools/browser/b84e3be4-f089-400b-9c07-f2bd57b799c9'
08:44:53.910 [AsyncHttpClient-1-16] DEBUG org.asynchttpclient.netty.handler.WebSocketHandler - 

Request DefaultFullHttpRequest(decodeResult: success, version: HTTP/1.1, content: EmptyByteBufBE)
GET /devtools/browser/b84e3be4-f089-400b-9c07-f2bd57b799c9 HTTP/1.1
upgrade: websocket
connection: upgrade
sec-websocket-key: KSmRpr7Wc5zCPyXhTgff1A==
sec-websocket-version: 13
origin: http://localhost:51597
host: localhost:51597
accept: */*
user-agent: AHC/2.1

Response DefaultHttpResponse(decodeResult: success, version: HTTP/1.1)
HTTP/1.1 101 WebSocket Protocol Handshake
Upgrade: WebSocket
Connection: Upgrade
Sec-WebSocket-Accept: erDtDLnmql7RWuKpCZ2PTC7pXbY=

08:44:53.914 [Forwarding maximizeCurrentWindow on session e06ca6dca3b70332b1dfb0a0e3c7069e to remote] DEBUG org.asynchttpclient.netty.request.NettyRequestSender - Using pooled Channel '[id: 0x31cb4f58, L:/127.0.0.1:51596 - R:localhost/127.0.0.1:20177]' for 'POST' to 'http://localhost:20177/session/e06ca6dca3b70332b1dfb0a0e3c7069e/window/maximize'
08:44:53.914 [Forwarding maximizeCurrentWindow on session e06ca6dca3b70332b1dfb0a0e3c7069e to remote] DEBUG org.asynchttpclient.netty.request.NettyRequestSender - Using open Channel [id: 0x31cb4f58, L:/127.0.0.1:51596 - R:localhost/127.0.0.1:20177] for POST '/session/e06ca6dca3b70332b1dfb0a0e3c7069e/window/maximize'
08:44:54.039 [AsyncHttpClient-1-1] DEBUG org.asynchttpclient.netty.channel.DefaultChannelPool - Entry count for : http://localhost:51597 : 1
08:44:54.373 [AsyncHttpClient-1-14] DEBUG org.asynchttpclient.netty.handler.HttpHandler - 

Request DefaultHttpRequest(decodeResult: success, version: HTTP/1.1)
POST /session/e06ca6dca3b70332b1dfb0a0e3c7069e/window/maximize HTTP/1.1
User-Agent: selenium/4.13.0 (java mac)
Content-Length: 3
Content-Type: application/json; charset=utf-8
host: localhost:20177
accept: */*

Response DefaultHttpResponse(decodeResult: success, version: HTTP/1.1)
HTTP/1.1 200 OK
Content-Length: 50
Content-Type: application/json; charset=utf-8
cache-control: no-cache

08:44:54.373 [AsyncHttpClient-1-14] DEBUG org.asynchttpclient.netty.channel.ChannelManager - Adding key: http://localhost:20177 for channel [id: 0x31cb4f58, L:/127.0.0.1:51596 - R:localhost/127.0.0.1:20177]
08:44:54.374 [Forwarding get on session e06ca6dca3b70332b1dfb0a0e3c7069e to remote] DEBUG org.asynchttpclient.netty.request.NettyRequestSender - Using pooled Channel '[id: 0x31cb4f58, L:/127.0.0.1:51596 - R:localhost/127.0.0.1:20177]' for 'POST' to 'http://localhost:20177/session/e06ca6dca3b70332b1dfb0a0e3c7069e/url'
08:44:54.374 [Forwarding get on session e06ca6dca3b70332b1dfb0a0e3c7069e to remote] DEBUG org.asynchttpclient.netty.request.NettyRequestSender - Using open Channel [id: 0x31cb4f58, L:/127.0.0.1:51596 - R:localhost/127.0.0.1:20177] for POST '/session/e06ca6dca3b70332b1dfb0a0e3c7069e/url'
08:44:55.140 [AsyncHttpClient-1-1] DEBUG org.asynchttpclient.netty.channel.DefaultChannelPool - Entry count for : http://localhost:51597 : 1
08:44:56.239 [AsyncHttpClient-1-1] DEBUG org.asynchttpclient.netty.channel.DefaultChannelPool - Entry count for : http://localhost:51597 : 1
08:44:57.340 [AsyncHttpClient-1-1] DEBUG org.asynchttpclient.netty.channel.DefaultChannelPool - Entry count for : http://localhost:51597 : 1
08:44:57.461 [AsyncHttpClient-1-14] DEBUG org.asynchttpclient.netty.handler.HttpHandler - 

Request DefaultHttpRequest(decodeResult: success, version: HTTP/1.1)
POST /session/e06ca6dca3b70332b1dfb0a0e3c7069e/url HTTP/1.1
User-Agent: selenium/4.13.0 (java mac)
Content-Length: 57
Content-Type: application/json; charset=utf-8
host: localhost:20177
accept: */*

Response DefaultHttpResponse(decodeResult: success, version: HTTP/1.1)
HTTP/1.1 200 OK
Content-Length: 14
Content-Type: application/json; charset=utf-8
cache-control: no-cache

08:44:57.462 [AsyncHttpClient-1-14] DEBUG org.asynchttpclient.netty.channel.ChannelManager - Adding key: http://localhost:20177 for channel [id: 0x31cb4f58, L:/127.0.0.1:51596 - R:localhost/127.0.0.1:20177]
Step 1 : Open URL - https://www.makemytrip.com/
Step 2 : Click on super offer tab in header.
08:44:57.463 [Forwarding findElement on session e06ca6dca3b70332b1dfb0a0e3c7069e to remote] DEBUG org.asynchttpclient.netty.request.NettyRequestSender - Using pooled Channel '[id: 0x31cb4f58, L:/127.0.0.1:51596 - R:localhost/127.0.0.1:20177]' for 'POST' to 'http://localhost:20177/session/e06ca6dca3b70332b1dfb0a0e3c7069e/element'
08:44:57.463 [Forwarding findElement on session e06ca6dca3b70332b1dfb0a0e3c7069e to remote] DEBUG org.asynchttpclient.netty.request.NettyRequestSender - Using open Channel [id: 0x31cb4f58, L:/127.0.0.1:51596 - R:localhost/127.0.0.1:20177] for POST '/session/e06ca6dca3b70332b1dfb0a0e3c7069e/element'
08:44:57.475 [AsyncHttpClient-1-14] DEBUG org.asynchttpclient.netty.handler.HttpHandler - 

Request DefaultHttpRequest(decodeResult: success, version: HTTP/1.1)
POST /session/e06ca6dca3b70332b1dfb0a0e3c7069e/element HTTP/1.1
User-Agent: selenium/4.13.0 (java mac)
Content-Length: 106
Content-Type: application/json; charset=utf-8
host: localhost:20177
accept: */*

Response DefaultHttpResponse(decodeResult: success, version: HTTP/1.1)
HTTP/1.1 404 Not Found
Content-Length: 1968
Content-Type: application/json; charset=utf-8
cache-control: no-cache

08:44:57.475 [AsyncHttpClient-1-14] DEBUG org.asynchttpclient.netty.channel.ChannelManager - Adding key: http://localhost:20177 for channel [id: 0x31cb4f58, L:/127.0.0.1:51596 - R:localhost/127.0.0.1:20177]
08:44:57.979 [Forwarding findElement on session e06ca6dca3b70332b1dfb0a0e3c7069e to remote] DEBUG org.asynchttpclient.netty.request.NettyRequestSender - Using pooled Channel '[id: 0x31cb4f58, L:/127.0.0.1:51596 - R:localhost/127.0.0.1:20177]' for 'POST' to 'http://localhost:20177/session/e06ca6dca3b70332b1dfb0a0e3c7069e/element'
08:44:57.979 [Forwarding findElement on session e06ca6dca3b70332b1dfb0a0e3c7069e to remote] DEBUG org.asynchttpclient.netty.request.NettyRequestSender - Using open Channel [id: 0x31cb4f58, L:/127.0.0.1:51596 - R:localhost/127.0.0.1:20177] for POST '/session/e06ca6dca3b70332b1dfb0a0e3c7069e/element'
08:44:57.989 [AsyncHttpClient-1-14] DEBUG org.asynchttpclient.netty.handler.HttpHandler - 

Request DefaultHttpRequest(decodeResult: success, version: HTTP/1.1)
POST /session/e06ca6dca3b70332b1dfb0a0e3c7069e/element HTTP/1.1
User-Agent: selenium/4.13.0 (java mac)
Content-Length: 106
Content-Type: application/json; charset=utf-8
host: localhost:20177
accept: */*

Response DefaultHttpResponse(decodeResult: success, version: HTTP/1.1)
HTTP/1.1 200 OK
Content-Length: 95
Content-Type: application/json; charset=utf-8
cache-control: no-cache

08:44:57.989 [AsyncHttpClient-1-14] DEBUG org.asynchttpclient.netty.channel.ChannelManager - Adding key: http://localhost:20177 for channel [id: 0x31cb4f58, L:/127.0.0.1:51596 - R:localhost/127.0.0.1:20177]
08:44:57.991 [Forwarding isElementDisplayed on session e06ca6dca3b70332b1dfb0a0e3c7069e to remote] DEBUG org.asynchttpclient.netty.request.NettyRequestSender - Using pooled Channel '[id: 0x31cb4f58, L:/127.0.0.1:51596 - R:localhost/127.0.0.1:20177]' for 'POST' to 'http://localhost:20177/session/e06ca6dca3b70332b1dfb0a0e3c7069e/execute/sync'
08:44:57.991 [Forwarding isElementDisplayed on session e06ca6dca3b70332b1dfb0a0e3c7069e to remote] DEBUG org.asynchttpclient.netty.request.NettyRequestSender - Using open Channel [id: 0x31cb4f58, L:/127.0.0.1:51596 - R:localhost/127.0.0.1:20177] for POST '/session/e06ca6dca3b70332b1dfb0a0e3c7069e/execute/sync'
08:44:58.004 [AsyncHttpClient-1-14] DEBUG org.asynchttpclient.netty.handler.HttpHandler - 

Request DefaultHttpRequest(decodeResult: success, version: HTTP/1.1)
POST /session/e06ca6dca3b70332b1dfb0a0e3c7069e/execute/sync HTTP/1.1
User-Agent: selenium/4.13.0 (java mac)
Content-Length: 48814
Content-Type: application/json; charset=utf-8
host: localhost:20177
accept: */*

Response DefaultHttpResponse(decodeResult: success, version: HTTP/1.1)
HTTP/1.1 200 OK
Content-Length: 14
Content-Type: application/json; charset=utf-8
cache-control: no-cache

08:44:58.004 [AsyncHttpClient-1-14] DEBUG org.asynchttpclient.netty.channel.ChannelManager - Adding key: http://localhost:20177 for channel [id: 0x31cb4f58, L:/127.0.0.1:51596 - R:localhost/127.0.0.1:20177]
08:44:58.004 [Forwarding isElementEnabled on session e06ca6dca3b70332b1dfb0a0e3c7069e to remote] DEBUG org.asynchttpclient.netty.request.NettyRequestSender - Using pooled Channel '[id: 0x31cb4f58, L:/127.0.0.1:51596 - R:localhost/127.0.0.1:20177]' for 'GET' to 'http://localhost:20177/session/e06ca6dca3b70332b1dfb0a0e3c7069e/element/F856BB8815455CE58A7211372C050428_element_34/enabled'
08:44:58.004 [Forwarding isElementEnabled on session e06ca6dca3b70332b1dfb0a0e3c7069e to remote] DEBUG org.asynchttpclient.netty.request.NettyRequestSender - Using open Channel [id: 0x31cb4f58, L:/127.0.0.1:51596 - R:localhost/127.0.0.1:20177] for GET '/session/e06ca6dca3b70332b1dfb0a0e3c7069e/element/F856BB8815455CE58A7211372C050428_element_34/enabled'
08:44:58.012 [AsyncHttpClient-1-14] DEBUG org.asynchttpclient.netty.handler.HttpHandler - 

Request DefaultFullHttpRequest(decodeResult: success, version: HTTP/1.1, content: EmptyByteBufBE)
GET /session/e06ca6dca3b70332b1dfb0a0e3c7069e/element/F856BB8815455CE58A7211372C050428_element_34/enabled HTTP/1.1
Cache-Control: no-cache
User-Agent: selenium/4.13.0 (java mac)
Content-Type: application/json; charset=utf-8
host: localhost:20177
accept: */*

Response DefaultHttpResponse(decodeResult: success, version: HTTP/1.1)
HTTP/1.1 200 OK
Content-Length: 14
Content-Type: application/json; charset=utf-8
cache-control: no-cache

08:44:58.012 [AsyncHttpClient-1-14] DEBUG org.asynchttpclient.netty.channel.ChannelManager - Adding key: http://localhost:20177 for channel [id: 0x31cb4f58, L:/127.0.0.1:51596 - R:localhost/127.0.0.1:20177]
08:44:58.013 [Forwarding executeScript on session e06ca6dca3b70332b1dfb0a0e3c7069e to remote] DEBUG org.asynchttpclient.netty.request.NettyRequestSender - Using pooled Channel '[id: 0x31cb4f58, L:/127.0.0.1:51596 - R:localhost/127.0.0.1:20177]' for 'POST' to 'http://localhost:20177/session/e06ca6dca3b70332b1dfb0a0e3c7069e/execute/sync'
08:44:58.013 [Forwarding executeScript on session e06ca6dca3b70332b1dfb0a0e3c7069e to remote] DEBUG org.asynchttpclient.netty.request.NettyRequestSender - Using open Channel [id: 0x31cb4f58, L:/127.0.0.1:51596 - R:localhost/127.0.0.1:20177] for POST '/session/e06ca6dca3b70332b1dfb0a0e3c7069e/execute/sync'
08:44:58.018 [AsyncHttpClient-1-14] DEBUG org.asynchttpclient.netty.handler.HttpHandler - 

Request DefaultHttpRequest(decodeResult: success, version: HTTP/1.1)
POST /session/e06ca6dca3b70332b1dfb0a0e3c7069e/execute/sync HTTP/1.1
User-Agent: selenium/4.13.0 (java mac)
Content-Length: 179
Content-Type: application/json; charset=utf-8
host: localhost:20177
accept: */*

Response DefaultHttpResponse(decodeResult: success, version: HTTP/1.1)
HTTP/1.1 200 OK
Content-Length: 14
Content-Type: application/json; charset=utf-8
cache-control: no-cache

08:44:58.019 [AsyncHttpClient-1-14] DEBUG org.asynchttpclient.netty.channel.ChannelManager - Adding key: http://localhost:20177 for channel [id: 0x31cb4f58, L:/127.0.0.1:51596 - R:localhost/127.0.0.1:20177]
08:44:58.019 [Forwarding clickElement on session e06ca6dca3b70332b1dfb0a0e3c7069e to remote] DEBUG org.asynchttpclient.netty.request.NettyRequestSender - Using pooled Channel '[id: 0x31cb4f58, L:/127.0.0.1:51596 - R:localhost/127.0.0.1:20177]' for 'POST' to 'http://localhost:20177/session/e06ca6dca3b70332b1dfb0a0e3c7069e/element/F856BB8815455CE58A7211372C050428_element_34/click'
08:44:58.019 [Forwarding clickElement on session e06ca6dca3b70332b1dfb0a0e3c7069e to remote] DEBUG org.asynchttpclient.netty.request.NettyRequestSender - Using open Channel [id: 0x31cb4f58, L:/127.0.0.1:51596 - R:localhost/127.0.0.1:20177] for POST '/session/e06ca6dca3b70332b1dfb0a0e3c7069e/element/F856BB8815455CE58A7211372C050428_element_34/click'
08:44:58.117 [AsyncHttpClient-1-14] DEBUG org.asynchttpclient.netty.handler.HttpHandler - 

Request DefaultHttpRequest(decodeResult: success, version: HTTP/1.1)
POST /session/e06ca6dca3b70332b1dfb0a0e3c7069e/element/F856BB8815455CE58A7211372C050428_element_34/click HTTP/1.1
User-Agent: selenium/4.13.0 (java mac)
Content-Length: 57
Content-Type: application/json; charset=utf-8
host: localhost:20177
accept: */*

Response DefaultHttpResponse(decodeResult: success, version: HTTP/1.1)
HTTP/1.1 200 OK
Content-Length: 14
Content-Type: application/json; charset=utf-8
cache-control: no-cache

08:44:58.118 [AsyncHttpClient-1-14] DEBUG org.asynchttpclient.netty.channel.ChannelManager - Adding key: http://localhost:20177 for channel [id: 0x31cb4f58, L:/127.0.0.1:51596 - R:localhost/127.0.0.1:20177]
Step 3 : Verify offer page opened.
08:44:58.118 [Forwarding getCurrentWindowHandle on session e06ca6dca3b70332b1dfb0a0e3c7069e to remote] DEBUG org.asynchttpclient.netty.request.NettyRequestSender - Using pooled Channel '[id: 0x31cb4f58, L:/127.0.0.1:51596 - R:localhost/127.0.0.1:20177]' for 'GET' to 'http://localhost:20177/session/e06ca6dca3b70332b1dfb0a0e3c7069e/window'
08:44:58.118 [Forwarding getCurrentWindowHandle on session e06ca6dca3b70332b1dfb0a0e3c7069e to remote] DEBUG org.asynchttpclient.netty.request.NettyRequestSender - Using open Channel [id: 0x31cb4f58, L:/127.0.0.1:51596 - R:localhost/127.0.0.1:20177] for GET '/session/e06ca6dca3b70332b1dfb0a0e3c7069e/window'
08:44:58.119 [AsyncHttpClient-1-14] DEBUG org.asynchttpclient.netty.handler.HttpHandler - 

Request DefaultFullHttpRequest(decodeResult: success, version: HTTP/1.1, content: EmptyByteBufBE)
GET /session/e06ca6dca3b70332b1dfb0a0e3c7069e/window HTTP/1.1
Cache-Control: no-cache
User-Agent: selenium/4.13.0 (java mac)
Content-Type: application/json; charset=utf-8
host: localhost:20177
accept: */*

Response DefaultHttpResponse(decodeResult: success, version: HTTP/1.1)
HTTP/1.1 200 OK
Content-Length: 44
Content-Type: application/json; charset=utf-8
cache-control: no-cache

08:44:58.120 [AsyncHttpClient-1-14] DEBUG org.asynchttpclient.netty.channel.ChannelManager - Adding key: http://localhost:20177 for channel [id: 0x31cb4f58, L:/127.0.0.1:51596 - R:localhost/127.0.0.1:20177]
08:44:58.120 [Forwarding getWindowHandles on session e06ca6dca3b70332b1dfb0a0e3c7069e to remote] DEBUG org.asynchttpclient.netty.request.NettyRequestSender - Using pooled Channel '[id: 0x31cb4f58, L:/127.0.0.1:51596 - R:localhost/127.0.0.1:20177]' for 'GET' to 'http://localhost:20177/session/e06ca6dca3b70332b1dfb0a0e3c7069e/window/handles'
08:44:58.120 [Forwarding getWindowHandles on session e06ca6dca3b70332b1dfb0a0e3c7069e to remote] DEBUG org.asynchttpclient.netty.request.NettyRequestSender - Using open Channel [id: 0x31cb4f58, L:/127.0.0.1:51596 - R:localhost/127.0.0.1:20177] for GET '/session/e06ca6dca3b70332b1dfb0a0e3c7069e/window/handles'
08:44:58.125 [AsyncHttpClient-1-14] DEBUG org.asynchttpclient.netty.handler.HttpHandler - 

Request DefaultFullHttpRequest(decodeResult: success, version: HTTP/1.1, content: EmptyByteBufBE)
GET /session/e06ca6dca3b70332b1dfb0a0e3c7069e/window/handles HTTP/1.1
Cache-Control: no-cache
User-Agent: selenium/4.13.0 (java mac)
Content-Type: application/json; charset=utf-8
host: localhost:20177
accept: */*

Response DefaultHttpResponse(decodeResult: success, version: HTTP/1.1)
HTTP/1.1 200 OK
Content-Length: 81
Content-Type: application/json; charset=utf-8
cache-control: no-cache

08:44:58.125 [AsyncHttpClient-1-14] DEBUG org.asynchttpclient.netty.channel.ChannelManager - Adding key: http://localhost:20177 for channel [id: 0x31cb4f58, L:/127.0.0.1:51596 - R:localhost/127.0.0.1:20177]
08:44:58.126 [Forwarding switchToWindow on session e06ca6dca3b70332b1dfb0a0e3c7069e to remote] DEBUG org.asynchttpclient.netty.request.NettyRequestSender - Using pooled Channel '[id: 0x31cb4f58, L:/127.0.0.1:51596 - R:localhost/127.0.0.1:20177]' for 'POST' to 'http://localhost:20177/session/e06ca6dca3b70332b1dfb0a0e3c7069e/window'
08:44:58.126 [Forwarding switchToWindow on session e06ca6dca3b70332b1dfb0a0e3c7069e to remote] DEBUG org.asynchttpclient.netty.request.NettyRequestSender - Using open Channel [id: 0x31cb4f58, L:/127.0.0.1:51596 - R:localhost/127.0.0.1:20177] for POST '/session/e06ca6dca3b70332b1dfb0a0e3c7069e/window'
08:44:58.127 [AsyncHttpClient-1-14] DEBUG org.asynchttpclient.netty.handler.HttpHandler - 

Request DefaultHttpRequest(decodeResult: success, version: HTTP/1.1)
POST /session/e06ca6dca3b70332b1dfb0a0e3c7069e/window HTTP/1.1
User-Agent: selenium/4.13.0 (java mac)
Content-Length: 50
Content-Type: application/json; charset=utf-8
host: localhost:20177
accept: */*

Response DefaultHttpResponse(decodeResult: success, version: HTTP/1.1)
HTTP/1.1 200 OK
Content-Length: 14
Content-Type: application/json; charset=utf-8
cache-control: no-cache

08:44:58.127 [AsyncHttpClient-1-14] DEBUG org.asynchttpclient.netty.channel.ChannelManager - Adding key: http://localhost:20177 for channel [id: 0x31cb4f58, L:/127.0.0.1:51596 - R:localhost/127.0.0.1:20177]
08:44:58.128 [Forwarding getCurrentUrl on session e06ca6dca3b70332b1dfb0a0e3c7069e to remote] DEBUG org.asynchttpclient.netty.request.NettyRequestSender - Using pooled Channel '[id: 0x31cb4f58, L:/127.0.0.1:51596 - R:localhost/127.0.0.1:20177]' for 'GET' to 'http://localhost:20177/session/e06ca6dca3b70332b1dfb0a0e3c7069e/url'
08:44:58.128 [Forwarding getCurrentUrl on session e06ca6dca3b70332b1dfb0a0e3c7069e to remote] DEBUG org.asynchttpclient.netty.request.NettyRequestSender - Using open Channel [id: 0x31cb4f58, L:/127.0.0.1:51596 - R:localhost/127.0.0.1:20177] for GET '/session/e06ca6dca3b70332b1dfb0a0e3c7069e/url'
08:44:58.442 [AsyncHttpClient-1-1] DEBUG org.asynchttpclient.netty.channel.DefaultChannelPool - Entry count for : http://localhost:51597 : 1
08:44:59.539 [AsyncHttpClient-1-1] DEBUG org.asynchttpclient.netty.channel.DefaultChannelPool - Entry count for : http://localhost:51597 : 1
08:45:00.170 [AsyncHttpClient-1-14] DEBUG org.asynchttpclient.netty.handler.HttpHandler - 

Request DefaultFullHttpRequest(decodeResult: success, version: HTTP/1.1, content: EmptyByteBufBE)
GET /session/e06ca6dca3b70332b1dfb0a0e3c7069e/url HTTP/1.1
Cache-Control: no-cache
User-Agent: selenium/4.13.0 (java mac)
Content-Type: application/json; charset=utf-8
host: localhost:20177
accept: */*

Response DefaultHttpResponse(decodeResult: success, version: HTTP/1.1)
HTTP/1.1 200 OK
Content-Length: 46
Content-Type: application/json; charset=utf-8
cache-control: no-cache

08:45:00.171 [AsyncHttpClient-1-14] DEBUG org.asynchttpclient.netty.channel.ChannelManager - Adding key: http://localhost:20177 for channel [id: 0x31cb4f58, L:/127.0.0.1:51596 - R:localhost/127.0.0.1:20177]
Step 4 : Click on hotels radio button.
08:45:00.172 [Forwarding findElement on session e06ca6dca3b70332b1dfb0a0e3c7069e to remote] DEBUG org.asynchttpclient.netty.request.NettyRequestSender - Using pooled Channel '[id: 0x31cb4f58, L:/127.0.0.1:51596 - R:localhost/127.0.0.1:20177]' for 'POST' to 'http://localhost:20177/session/e06ca6dca3b70332b1dfb0a0e3c7069e/element'
08:45:00.172 [Forwarding findElement on session e06ca6dca3b70332b1dfb0a0e3c7069e to remote] DEBUG org.asynchttpclient.netty.request.NettyRequestSender - Using open Channel [id: 0x31cb4f58, L:/127.0.0.1:51596 - R:localhost/127.0.0.1:20177] for POST '/session/e06ca6dca3b70332b1dfb0a0e3c7069e/element'
08:45:00.183 [AsyncHttpClient-1-14] DEBUG org.asynchttpclient.netty.handler.HttpHandler - 

Request DefaultHttpRequest(decodeResult: success, version: HTTP/1.1)
POST /session/e06ca6dca3b70332b1dfb0a0e3c7069e/element HTTP/1.1
User-Agent: selenium/4.13.0 (java mac)
Content-Length: 66
Content-Type: application/json; charset=utf-8
host: localhost:20177
accept: */*

Response DefaultHttpResponse(decodeResult: success, version: HTTP/1.1)
HTTP/1.1 200 OK
Content-Length: 96
Content-Type: application/json; charset=utf-8
cache-control: no-cache

08:45:00.183 [AsyncHttpClient-1-14] DEBUG org.asynchttpclient.netty.channel.ChannelManager - Adding key: http://localhost:20177 for channel [id: 0x31cb4f58, L:/127.0.0.1:51596 - R:localhost/127.0.0.1:20177]
08:45:00.184 [Forwarding isElementDisplayed on session e06ca6dca3b70332b1dfb0a0e3c7069e to remote] DEBUG org.asynchttpclient.netty.request.NettyRequestSender - Using pooled Channel '[id: 0x31cb4f58, L:/127.0.0.1:51596 - R:localhost/127.0.0.1:20177]' for 'POST' to 'http://localhost:20177/session/e06ca6dca3b70332b1dfb0a0e3c7069e/execute/sync'
08:45:00.184 [Forwarding isElementDisplayed on session e06ca6dca3b70332b1dfb0a0e3c7069e to remote] DEBUG org.asynchttpclient.netty.request.NettyRequestSender - Using open Channel [id: 0x31cb4f58, L:/127.0.0.1:51596 - R:localhost/127.0.0.1:20177] for POST '/session/e06ca6dca3b70332b1dfb0a0e3c7069e/execute/sync'
08:45:00.196 [AsyncHttpClient-1-14] DEBUG org.asynchttpclient.netty.handler.HttpHandler - 

Request DefaultHttpRequest(decodeResult: success, version: HTTP/1.1)
POST /session/e06ca6dca3b70332b1dfb0a0e3c7069e/execute/sync HTTP/1.1
User-Agent: selenium/4.13.0 (java mac)
Content-Length: 48815
Content-Type: application/json; charset=utf-8
host: localhost:20177
accept: */*

Response DefaultHttpResponse(decodeResult: success, version: HTTP/1.1)
HTTP/1.1 200 OK
Content-Length: 14
Content-Type: application/json; charset=utf-8
cache-control: no-cache

08:45:00.196 [AsyncHttpClient-1-14] DEBUG org.asynchttpclient.netty.channel.ChannelManager - Adding key: http://localhost:20177 for channel [id: 0x31cb4f58, L:/127.0.0.1:51596 - R:localhost/127.0.0.1:20177]
08:45:00.197 [Forwarding isElementEnabled on session e06ca6dca3b70332b1dfb0a0e3c7069e to remote] DEBUG org.asynchttpclient.netty.request.NettyRequestSender - Using pooled Channel '[id: 0x31cb4f58, L:/127.0.0.1:51596 - R:localhost/127.0.0.1:20177]' for 'GET' to 'http://localhost:20177/session/e06ca6dca3b70332b1dfb0a0e3c7069e/element/93D2AF26F9525356FC1B66249FAEE0D4_element_108/enabled'
08:45:00.197 [Forwarding isElementEnabled on session e06ca6dca3b70332b1dfb0a0e3c7069e to remote] DEBUG org.asynchttpclient.netty.request.NettyRequestSender - Using open Channel [id: 0x31cb4f58, L:/127.0.0.1:51596 - R:localhost/127.0.0.1:20177] for GET '/session/e06ca6dca3b70332b1dfb0a0e3c7069e/element/93D2AF26F9525356FC1B66249FAEE0D4_element_108/enabled'
08:45:00.202 [AsyncHttpClient-1-14] DEBUG org.asynchttpclient.netty.handler.HttpHandler - 

Request DefaultFullHttpRequest(decodeResult: success, version: HTTP/1.1, content: EmptyByteBufBE)
GET /session/e06ca6dca3b70332b1dfb0a0e3c7069e/element/93D2AF26F9525356FC1B66249FAEE0D4_element_108/enabled HTTP/1.1
Cache-Control: no-cache
User-Agent: selenium/4.13.0 (java mac)
Content-Type: application/json; charset=utf-8
host: localhost:20177
accept: */*

Response DefaultHttpResponse(decodeResult: success, version: HTTP/1.1)
HTTP/1.1 200 OK
Content-Length: 14
Content-Type: application/json; charset=utf-8
cache-control: no-cache

08:45:00.203 [AsyncHttpClient-1-14] DEBUG org.asynchttpclient.netty.channel.ChannelManager - Adding key: http://localhost:20177 for channel [id: 0x31cb4f58, L:/127.0.0.1:51596 - R:localhost/127.0.0.1:20177]
08:45:00.203 [Forwarding executeScript on session e06ca6dca3b70332b1dfb0a0e3c7069e to remote] DEBUG org.asynchttpclient.netty.request.NettyRequestSender - Using pooled Channel '[id: 0x31cb4f58, L:/127.0.0.1:51596 - R:localhost/127.0.0.1:20177]' for 'POST' to 'http://localhost:20177/session/e06ca6dca3b70332b1dfb0a0e3c7069e/execute/sync'
08:45:00.204 [Forwarding executeScript on session e06ca6dca3b70332b1dfb0a0e3c7069e to remote] DEBUG org.asynchttpclient.netty.request.NettyRequestSender - Using open Channel [id: 0x31cb4f58, L:/127.0.0.1:51596 - R:localhost/127.0.0.1:20177] for POST '/session/e06ca6dca3b70332b1dfb0a0e3c7069e/execute/sync'
08:45:00.210 [AsyncHttpClient-1-14] DEBUG org.asynchttpclient.netty.handler.HttpHandler - 

Request DefaultHttpRequest(decodeResult: success, version: HTTP/1.1)
POST /session/e06ca6dca3b70332b1dfb0a0e3c7069e/execute/sync HTTP/1.1
User-Agent: selenium/4.13.0 (java mac)
Content-Length: 180
Content-Type: application/json; charset=utf-8
host: localhost:20177
accept: */*

Response DefaultHttpResponse(decodeResult: success, version: HTTP/1.1)
HTTP/1.1 200 OK
Content-Length: 14
Content-Type: application/json; charset=utf-8
cache-control: no-cache

08:45:00.210 [AsyncHttpClient-1-14] DEBUG org.asynchttpclient.netty.channel.ChannelManager - Adding key: http://localhost:20177 for channel [id: 0x31cb4f58, L:/127.0.0.1:51596 - R:localhost/127.0.0.1:20177]
08:45:00.211 [Forwarding executeScript on session e06ca6dca3b70332b1dfb0a0e3c7069e to remote] DEBUG org.asynchttpclient.netty.request.NettyRequestSender - Using pooled Channel '[id: 0x31cb4f58, L:/127.0.0.1:51596 - R:localhost/127.0.0.1:20177]' for 'POST' to 'http://localhost:20177/session/e06ca6dca3b70332b1dfb0a0e3c7069e/execute/sync'
08:45:00.211 [Forwarding executeScript on session e06ca6dca3b70332b1dfb0a0e3c7069e to remote] DEBUG org.asynchttpclient.netty.request.NettyRequestSender - Using open Channel [id: 0x31cb4f58, L:/127.0.0.1:51596 - R:localhost/127.0.0.1:20177] for POST '/session/e06ca6dca3b70332b1dfb0a0e3c7069e/execute/sync'
08:45:00.255 [AsyncHttpClient-1-14] DEBUG org.asynchttpclient.netty.handler.HttpHandler - 

Request DefaultHttpRequest(decodeResult: success, version: HTTP/1.1)
POST /session/e06ca6dca3b70332b1dfb0a0e3c7069e/execute/sync HTTP/1.1
User-Agent: selenium/4.13.0 (java mac)
Content-Length: 167
Content-Type: application/json; charset=utf-8
host: localhost:20177
accept: */*

Response DefaultHttpResponse(decodeResult: success, version: HTTP/1.1)
HTTP/1.1 200 OK
Content-Length: 14
Content-Type: application/json; charset=utf-8
cache-control: no-cache

08:45:00.255 [AsyncHttpClient-1-14] DEBUG org.asynchttpclient.netty.channel.ChannelManager - Adding key: http://localhost:20177 for channel [id: 0x31cb4f58, L:/127.0.0.1:51596 - R:localhost/127.0.0.1:20177]
Step 5 : Click on axis checkbox.
08:45:00.256 [Forwarding findElement on session e06ca6dca3b70332b1dfb0a0e3c7069e to remote] DEBUG org.asynchttpclient.netty.request.NettyRequestSender - Using pooled Channel '[id: 0x31cb4f58, L:/127.0.0.1:51596 - R:localhost/127.0.0.1:20177]' for 'POST' to 'http://localhost:20177/session/e06ca6dca3b70332b1dfb0a0e3c7069e/element'
08:45:00.256 [Forwarding findElement on session e06ca6dca3b70332b1dfb0a0e3c7069e to remote] DEBUG org.asynchttpclient.netty.request.NettyRequestSender - Using open Channel [id: 0x31cb4f58, L:/127.0.0.1:51596 - R:localhost/127.0.0.1:20177] for POST '/session/e06ca6dca3b70332b1dfb0a0e3c7069e/element'
08:45:00.313 [AsyncHttpClient-1-14] DEBUG org.asynchttpclient.netty.handler.HttpHandler - 

Request DefaultHttpRequest(decodeResult: success, version: HTTP/1.1)
POST /session/e06ca6dca3b70332b1dfb0a0e3c7069e/element HTTP/1.1
User-Agent: selenium/4.13.0 (java mac)
Content-Length: 67
Content-Type: application/json; charset=utf-8
host: localhost:20177
accept: */*

Response DefaultHttpResponse(decodeResult: success, version: HTTP/1.1)
HTTP/1.1 200 OK
Content-Length: 96
Content-Type: application/json; charset=utf-8
cache-control: no-cache

08:45:00.314 [AsyncHttpClient-1-14] DEBUG org.asynchttpclient.netty.channel.ChannelManager - Adding key: http://localhost:20177 for channel [id: 0x31cb4f58, L:/127.0.0.1:51596 - R:localhost/127.0.0.1:20177]
08:45:00.316 [Forwarding isElementDisplayed on session e06ca6dca3b70332b1dfb0a0e3c7069e to remote] DEBUG org.asynchttpclient.netty.request.NettyRequestSender - Using pooled Channel '[id: 0x31cb4f58, L:/127.0.0.1:51596 - R:localhost/127.0.0.1:20177]' for 'POST' to 'http://localhost:20177/session/e06ca6dca3b70332b1dfb0a0e3c7069e/execute/sync'
08:45:00.316 [Forwarding isElementDisplayed on session e06ca6dca3b70332b1dfb0a0e3c7069e to remote] DEBUG org.asynchttpclient.netty.request.NettyRequestSender - Using open Channel [id: 0x31cb4f58, L:/127.0.0.1:51596 - R:localhost/127.0.0.1:20177] for POST '/session/e06ca6dca3b70332b1dfb0a0e3c7069e/execute/sync'
08:45:00.329 [AsyncHttpClient-1-14] DEBUG org.asynchttpclient.netty.handler.HttpHandler - 

Request DefaultHttpRequest(decodeResult: success, version: HTTP/1.1)
POST /session/e06ca6dca3b70332b1dfb0a0e3c7069e/execute/sync HTTP/1.1
User-Agent: selenium/4.13.0 (java mac)
Content-Length: 48815
Content-Type: application/json; charset=utf-8
host: localhost:20177
accept: */*

Response DefaultHttpResponse(decodeResult: success, version: HTTP/1.1)
HTTP/1.1 200 OK
Content-Length: 14
Content-Type: application/json; charset=utf-8
cache-control: no-cache

08:45:00.329 [AsyncHttpClient-1-14] DEBUG org.asynchttpclient.netty.channel.ChannelManager - Adding key: http://localhost:20177 for channel [id: 0x31cb4f58, L:/127.0.0.1:51596 - R:localhost/127.0.0.1:20177]
08:45:00.330 [Forwarding isElementEnabled on session e06ca6dca3b70332b1dfb0a0e3c7069e to remote] DEBUG org.asynchttpclient.netty.request.NettyRequestSender - Using pooled Channel '[id: 0x31cb4f58, L:/127.0.0.1:51596 - R:localhost/127.0.0.1:20177]' for 'GET' to 'http://localhost:20177/session/e06ca6dca3b70332b1dfb0a0e3c7069e/element/93D2AF26F9525356FC1B66249FAEE0D4_element_131/enabled'
08:45:00.330 [Forwarding isElementEnabled on session e06ca6dca3b70332b1dfb0a0e3c7069e to remote] DEBUG org.asynchttpclient.netty.request.NettyRequestSender - Using open Channel [id: 0x31cb4f58, L:/127.0.0.1:51596 - R:localhost/127.0.0.1:20177] for GET '/session/e06ca6dca3b70332b1dfb0a0e3c7069e/element/93D2AF26F9525356FC1B66249FAEE0D4_element_131/enabled'
08:45:00.337 [AsyncHttpClient-1-14] DEBUG org.asynchttpclient.netty.handler.HttpHandler - 

Request DefaultFullHttpRequest(decodeResult: success, version: HTTP/1.1, content: EmptyByteBufBE)
GET /session/e06ca6dca3b70332b1dfb0a0e3c7069e/element/93D2AF26F9525356FC1B66249FAEE0D4_element_131/enabled HTTP/1.1
Cache-Control: no-cache
User-Agent: selenium/4.13.0 (java mac)
Content-Type: application/json; charset=utf-8
host: localhost:20177
accept: */*

Response DefaultHttpResponse(decodeResult: success, version: HTTP/1.1)
HTTP/1.1 200 OK
Content-Length: 14
Content-Type: application/json; charset=utf-8
cache-control: no-cache

08:45:00.337 [AsyncHttpClient-1-14] DEBUG org.asynchttpclient.netty.channel.ChannelManager - Adding key: http://localhost:20177 for channel [id: 0x31cb4f58, L:/127.0.0.1:51596 - R:localhost/127.0.0.1:20177]
08:45:00.338 [Forwarding executeScript on session e06ca6dca3b70332b1dfb0a0e3c7069e to remote] DEBUG org.asynchttpclient.netty.request.NettyRequestSender - Using pooled Channel '[id: 0x31cb4f58, L:/127.0.0.1:51596 - R:localhost/127.0.0.1:20177]' for 'POST' to 'http://localhost:20177/session/e06ca6dca3b70332b1dfb0a0e3c7069e/execute/sync'
08:45:00.339 [Forwarding executeScript on session e06ca6dca3b70332b1dfb0a0e3c7069e to remote] DEBUG org.asynchttpclient.netty.request.NettyRequestSender - Using open Channel [id: 0x31cb4f58, L:/127.0.0.1:51596 - R:localhost/127.0.0.1:20177] for POST '/session/e06ca6dca3b70332b1dfb0a0e3c7069e/execute/sync'
08:45:00.344 [AsyncHttpClient-1-14] DEBUG org.asynchttpclient.netty.handler.HttpHandler - 

Request DefaultHttpRequest(decodeResult: success, version: HTTP/1.1)
POST /session/e06ca6dca3b70332b1dfb0a0e3c7069e/execute/sync HTTP/1.1
User-Agent: selenium/4.13.0 (java mac)
Content-Length: 180
Content-Type: application/json; charset=utf-8
host: localhost:20177
accept: */*

Response DefaultHttpResponse(decodeResult: success, version: HTTP/1.1)
HTTP/1.1 200 OK
Content-Length: 14
Content-Type: application/json; charset=utf-8
cache-control: no-cache

08:45:00.344 [AsyncHttpClient-1-14] DEBUG org.asynchttpclient.netty.channel.ChannelManager - Adding key: http://localhost:20177 for channel [id: 0x31cb4f58, L:/127.0.0.1:51596 - R:localhost/127.0.0.1:20177]
08:45:00.345 [Forwarding executeScript on session e06ca6dca3b70332b1dfb0a0e3c7069e to remote] DEBUG org.asynchttpclient.netty.request.NettyRequestSender - Using pooled Channel '[id: 0x31cb4f58, L:/127.0.0.1:51596 - R:localhost/127.0.0.1:20177]' for 'POST' to 'http://localhost:20177/session/e06ca6dca3b70332b1dfb0a0e3c7069e/execute/sync'
08:45:00.345 [Forwarding executeScript on session e06ca6dca3b70332b1dfb0a0e3c7069e to remote] DEBUG org.asynchttpclient.netty.request.NettyRequestSender - Using open Channel [id: 0x31cb4f58, L:/127.0.0.1:51596 - R:localhost/127.0.0.1:20177] for POST '/session/e06ca6dca3b70332b1dfb0a0e3c7069e/execute/sync'
08:45:00.390 [AsyncHttpClient-1-14] DEBUG org.asynchttpclient.netty.handler.HttpHandler - 

Request DefaultHttpRequest(decodeResult: success, version: HTTP/1.1)
POST /session/e06ca6dca3b70332b1dfb0a0e3c7069e/execute/sync HTTP/1.1
User-Agent: selenium/4.13.0 (java mac)
Content-Length: 167
Content-Type: application/json; charset=utf-8
host: localhost:20177
accept: */*

Response DefaultHttpResponse(decodeResult: success, version: HTTP/1.1)
HTTP/1.1 200 OK
Content-Length: 14
Content-Type: application/json; charset=utf-8
cache-control: no-cache

08:45:00.390 [AsyncHttpClient-1-14] DEBUG org.asynchttpclient.netty.channel.ChannelManager - Adding key: http://localhost:20177 for channel [id: 0x31cb4f58, L:/127.0.0.1:51596 - R:localhost/127.0.0.1:20177]
08:45:00.640 [AsyncHttpClient-1-1] DEBUG org.asynchttpclient.netty.channel.DefaultChannelPool - Entry count for : http://localhost:51597 : 1
08:45:00.640 [AsyncHttpClient-1-1] DEBUG org.asynchttpclient.netty.channel.DefaultChannelPool - Entry count for : http://localhost:20177 : 1
08:45:01.739 [AsyncHttpClient-1-1] DEBUG org.asynchttpclient.netty.channel.DefaultChannelPool - Entry count for : http://localhost:51597 : 1
08:45:01.739 [AsyncHttpClient-1-1] DEBUG org.asynchttpclient.netty.channel.DefaultChannelPool - Entry count for : http://localhost:20177 : 1
Step 6 : Verify all offers have axis bank logo with terms and conditions.
08:45:02.393 [Forwarding findElements on session e06ca6dca3b70332b1dfb0a0e3c7069e to remote] DEBUG org.asynchttpclient.netty.request.NettyRequestSender - Using pooled Channel '[id: 0x31cb4f58, L:/127.0.0.1:51596 - R:localhost/127.0.0.1:20177]' for 'POST' to 'http://localhost:20177/session/e06ca6dca3b70332b1dfb0a0e3c7069e/elements'
08:45:02.393 [Forwarding findElements on session e06ca6dca3b70332b1dfb0a0e3c7069e to remote] DEBUG org.asynchttpclient.netty.request.NettyRequestSender - Using open Channel [id: 0x31cb4f58, L:/127.0.0.1:51596 - R:localhost/127.0.0.1:20177] for POST '/session/e06ca6dca3b70332b1dfb0a0e3c7069e/elements'
08:45:02.405 [AsyncHttpClient-1-14] DEBUG org.asynchttpclient.netty.handler.HttpHandler - 

Request DefaultHttpRequest(decodeResult: success, version: HTTP/1.1)
POST /session/e06ca6dca3b70332b1dfb0a0e3c7069e/elements HTTP/1.1
User-Agent: selenium/4.13.0 (java mac)
Content-Length: 72
Content-Type: application/json; charset=utf-8
host: localhost:20177
accept: */*

Response DefaultHttpResponse(decodeResult: success, version: HTTP/1.1)
HTTP/1.1 200 OK
Content-Length: 98
Content-Type: application/json; charset=utf-8
cache-control: no-cache

08:45:02.405 [AsyncHttpClient-1-14] DEBUG org.asynchttpclient.netty.channel.ChannelManager - Adding key: http://localhost:20177 for channel [id: 0x31cb4f58, L:/127.0.0.1:51596 - R:localhost/127.0.0.1:20177]
08:45:02.406 [Forwarding findElement on session e06ca6dca3b70332b1dfb0a0e3c7069e to remote] DEBUG org.asynchttpclient.netty.request.NettyRequestSender - Using pooled Channel '[id: 0x31cb4f58, L:/127.0.0.1:51596 - R:localhost/127.0.0.1:20177]' for 'POST' to 'http://localhost:20177/session/e06ca6dca3b70332b1dfb0a0e3c7069e/element'
08:45:02.406 [Forwarding findElement on session e06ca6dca3b70332b1dfb0a0e3c7069e to remote] DEBUG org.asynchttpclient.netty.request.NettyRequestSender - Using open Channel [id: 0x31cb4f58, L:/127.0.0.1:51596 - R:localhost/127.0.0.1:20177] for POST '/session/e06ca6dca3b70332b1dfb0a0e3c7069e/element'
08:45:02.415 [AsyncHttpClient-1-14] DEBUG org.asynchttpclient.netty.handler.HttpHandler - 

Request DefaultHttpRequest(decodeResult: success, version: HTTP/1.1)
POST /session/e06ca6dca3b70332b1dfb0a0e3c7069e/element HTTP/1.1
User-Agent: selenium/4.13.0 (java mac)
Content-Length: 75
Content-Type: application/json; charset=utf-8
host: localhost:20177
accept: */*

Response DefaultHttpResponse(decodeResult: success, version: HTTP/1.1)
HTTP/1.1 200 OK
Content-Length: 96
Content-Type: application/json; charset=utf-8
cache-control: no-cache

08:45:02.415 [AsyncHttpClient-1-14] DEBUG org.asynchttpclient.netty.channel.ChannelManager - Adding key: http://localhost:20177 for channel [id: 0x31cb4f58, L:/127.0.0.1:51596 - R:localhost/127.0.0.1:20177]
08:45:02.416 [Forwarding executeScript on session e06ca6dca3b70332b1dfb0a0e3c7069e to remote] DEBUG org.asynchttpclient.netty.request.NettyRequestSender - Using pooled Channel '[id: 0x31cb4f58, L:/127.0.0.1:51596 - R:localhost/127.0.0.1:20177]' for 'POST' to 'http://localhost:20177/session/e06ca6dca3b70332b1dfb0a0e3c7069e/execute/sync'
08:45:02.416 [Forwarding executeScript on session e06ca6dca3b70332b1dfb0a0e3c7069e to remote] DEBUG org.asynchttpclient.netty.request.NettyRequestSender - Using open Channel [id: 0x31cb4f58, L:/127.0.0.1:51596 - R:localhost/127.0.0.1:20177] for POST '/session/e06ca6dca3b70332b1dfb0a0e3c7069e/execute/sync'
08:45:02.421 [AsyncHttpClient-1-14] DEBUG org.asynchttpclient.netty.handler.HttpHandler - 

Request DefaultHttpRequest(decodeResult: success, version: HTTP/1.1)
POST /session/e06ca6dca3b70332b1dfb0a0e3c7069e/execute/sync HTTP/1.1
User-Agent: selenium/4.13.0 (java mac)
Content-Length: 180
Content-Type: application/json; charset=utf-8
host: localhost:20177
accept: */*

Response DefaultHttpResponse(decodeResult: success, version: HTTP/1.1)
HTTP/1.1 200 OK
Content-Length: 14
Content-Type: application/json; charset=utf-8
cache-control: no-cache

08:45:02.421 [AsyncHttpClient-1-14] DEBUG org.asynchttpclient.netty.channel.ChannelManager - Adding key: http://localhost:20177 for channel [id: 0x31cb4f58, L:/127.0.0.1:51596 - R:localhost/127.0.0.1:20177]
08:45:02.423 [Forwarding isElementDisplayed on session e06ca6dca3b70332b1dfb0a0e3c7069e to remote] DEBUG org.asynchttpclient.netty.request.NettyRequestSender - Using pooled Channel '[id: 0x31cb4f58, L:/127.0.0.1:51596 - R:localhost/127.0.0.1:20177]' for 'POST' to 'http://localhost:20177/session/e06ca6dca3b70332b1dfb0a0e3c7069e/execute/sync'
08:45:02.423 [Forwarding isElementDisplayed on session e06ca6dca3b70332b1dfb0a0e3c7069e to remote] DEBUG org.asynchttpclient.netty.request.NettyRequestSender - Using open Channel [id: 0x31cb4f58, L:/127.0.0.1:51596 - R:localhost/127.0.0.1:20177] for POST '/session/e06ca6dca3b70332b1dfb0a0e3c7069e/execute/sync'
08:45:02.430 [AsyncHttpClient-1-14] DEBUG org.asynchttpclient.netty.handler.HttpHandler - 

Request DefaultHttpRequest(decodeResult: success, version: HTTP/1.1)
POST /session/e06ca6dca3b70332b1dfb0a0e3c7069e/execute/sync HTTP/1.1
User-Agent: selenium/4.13.0 (java mac)
Content-Length: 48815
Content-Type: application/json; charset=utf-8
host: localhost:20177
accept: */*

Response DefaultHttpResponse(decodeResult: success, version: HTTP/1.1)
HTTP/1.1 200 OK
Content-Length: 14
Content-Type: application/json; charset=utf-8
cache-control: no-cache

08:45:02.430 [AsyncHttpClient-1-14] DEBUG org.asynchttpclient.netty.channel.ChannelManager - Adding key: http://localhost:20177 for channel [id: 0x31cb4f58, L:/127.0.0.1:51596 - R:localhost/127.0.0.1:20177]
]]></system-out>
    <system-err><![CDATA[Jan 14, 2024 8:44:53 AM org.openqa.selenium.devtools.CdpVersionFinder findNearestMatch
WARNING: Unable to find an exact match for CDP version 120, so returning the closest version found: 117
]]></system-err>
  </testcase>
  <testcase name="verifyOfferPageTrendingICICIFilter" classname="com.sample.modules.OfferPage" time="4.411">
    <system-out><![CDATA[<font color=238E23><strong><i> PASS : verifyOfferPageHotelAxisFilter</i></strong></font>
Total testcases:-5
Total passed testcases:-3
Total failed testcases:-2
08:45:02.431 [AsyncHttpClient-1-16] DEBUG org.asynchttpclient.netty.handler.WebSocketHandler - Channel Closed: [id: 0x10535c7b, L:/127.0.0.1:51602 ! R:localhost/127.0.0.1:51597] with attribute DISCARD
08:45:02.432 [Driver Command Executor] DEBUG org.asynchttpclient.netty.request.NettyRequestSender - Using pooled Channel '[id: 0x31cb4f58, L:/127.0.0.1:51596 - R:localhost/127.0.0.1:20177]' for 'DELETE' to 'http://localhost:20177/session/e06ca6dca3b70332b1dfb0a0e3c7069e'
08:45:02.432 [Driver Command Executor] DEBUG org.asynchttpclient.netty.request.NettyRequestSender - Using open Channel [id: 0x31cb4f58, L:/127.0.0.1:51596 - R:localhost/127.0.0.1:20177] for DELETE '/session/e06ca6dca3b70332b1dfb0a0e3c7069e'
08:45:02.455 [AsyncHttpClient-1-15] DEBUG org.asynchttpclient.netty.handler.HttpHandler - Channel Closed: [id: 0x52c56b7f, L:/127.0.0.1:51601 ! R:localhost/127.0.0.1:51597] with attribute DISCARD
08:45:02.484 [AsyncHttpClient-1-14] DEBUG org.asynchttpclient.netty.handler.HttpHandler - 

Request DefaultFullHttpRequest(decodeResult: success, version: HTTP/1.1, content: EmptyByteBufBE)
DELETE /session/e06ca6dca3b70332b1dfb0a0e3c7069e HTTP/1.1
User-Agent: selenium/4.13.0 (java mac)
Content-Type: application/json; charset=utf-8
host: localhost:20177
accept: */*

Response DefaultHttpResponse(decodeResult: success, version: HTTP/1.1)
HTTP/1.1 200 OK
Content-Length: 14
Content-Type: application/json; charset=utf-8
cache-control: no-cache

08:45:02.484 [AsyncHttpClient-1-14] DEBUG org.asynchttpclient.netty.channel.ChannelManager - Adding key: http://localhost:20177 for channel [id: 0x31cb4f58, L:/127.0.0.1:51596 - R:localhost/127.0.0.1:20177]
08:45:02.543 [AsyncHttpClient-1-14] DEBUG org.asynchttpclient.netty.handler.HttpHandler - Channel Closed: [id: 0x31cb4f58, L:/127.0.0.1:51596 ! R:localhost/127.0.0.1:20177] with attribute DISCARD
08:45:02.648 [AsyncHttpClient-1-17] DEBUG org.asynchttpclient.netty.channel.NettyConnectListener - Using new Channel '[id: 0x4c386e8c, L:/127.0.0.1:51657 - R:localhost/127.0.0.1:14501]' for 'POST' to '/session'
08:45:02.841 [AsyncHttpClient-1-1] DEBUG org.asynchttpclient.netty.channel.DefaultChannelPool - Entry count for : http://localhost:51597 : 1
08:45:02.841 [AsyncHttpClient-1-1] DEBUG org.asynchttpclient.netty.channel.DefaultChannelPool - Entry count for : http://localhost:20177 : 1
08:45:02.841 [AsyncHttpClient-1-1] DEBUG org.asynchttpclient.netty.channel.DefaultChannelPool - Adding Candidate expired Channel [id: 0x52c56b7f, L:/127.0.0.1:51601 ! R:localhost/127.0.0.1:51597] isIdleTimeoutExpired=false isRemotelyClosed=true isTtlExpired=false
08:45:02.841 [AsyncHttpClient-1-1] DEBUG org.asynchttpclient.netty.channel.DefaultChannelPool - Closing Idle Channel [id: 0x52c56b7f, L:/127.0.0.1:51601 ! R:localhost/127.0.0.1:51597]
08:45:02.841 [AsyncHttpClient-1-1] DEBUG org.asynchttpclient.netty.channel.DefaultChannelPool - Adding Candidate expired Channel [id: 0x31cb4f58, L:/127.0.0.1:51596 ! R:localhost/127.0.0.1:20177] isIdleTimeoutExpired=false isRemotelyClosed=true isTtlExpired=false
08:45:02.841 [AsyncHttpClient-1-1] DEBUG org.asynchttpclient.netty.channel.DefaultChannelPool - Closing Idle Channel [id: 0x31cb4f58, L:/127.0.0.1:51596 ! R:localhost/127.0.0.1:20177]
08:45:02.841 [AsyncHttpClient-1-1] DEBUG org.asynchttpclient.netty.channel.DefaultChannelPool - Closed 2 connections out of 2 in 0 ms
08:45:03.491 [AsyncHttpClient-1-17] DEBUG org.asynchttpclient.netty.handler.HttpHandler - 

Request DefaultHttpRequest(decodeResult: success, version: HTTP/1.1)
POST /session HTTP/1.1
User-Agent: selenium/4.13.0 (java mac)
Content-Length: 291
Content-Type: application/json; charset=utf-8
host: localhost:14501
accept: */*

Response DefaultHttpResponse(decodeResult: success, version: HTTP/1.1)
HTTP/1.1 200 OK
Content-Length: 891
Content-Type: application/json; charset=utf-8
cache-control: no-cache

08:45:03.491 [AsyncHttpClient-1-17] DEBUG org.asynchttpclient.netty.channel.ChannelManager - Adding key: http://localhost:14501 for channel [id: 0x4c386e8c, L:/127.0.0.1:51657 - R:localhost/127.0.0.1:14501]
08:45:03.496 [AsyncHttpClient-1-18] DEBUG org.asynchttpclient.netty.channel.NettyConnectListener - Using new Channel '[id: 0xf8b26821, L:/127.0.0.1:51663 - R:localhost/127.0.0.1:51658]' for 'GET' to '/json/version'
08:45:03.499 [AsyncHttpClient-1-18] DEBUG org.asynchttpclient.netty.handler.HttpHandler - 

Request DefaultFullHttpRequest(decodeResult: success, version: HTTP/1.1, content: EmptyByteBufBE)
GET /json/version HTTP/1.1
User-Agent: selenium/4.13.0 (java mac)
host: localhost:51658
accept: */*

Response DefaultHttpResponse(decodeResult: success, version: HTTP/1.1)
HTTP/1.1 200 OK
Content-Security-Policy: frame-ancestors 'none'
Content-Length: 422
Content-Type: application/json; charset=UTF-8

08:45:03.499 [AsyncHttpClient-1-18] DEBUG org.asynchttpclient.netty.channel.ChannelManager - Adding key: http://localhost:51658 for channel [id: 0xf8b26821, L:/127.0.0.1:51663 - R:localhost/127.0.0.1:51658]
08:45:03.501 [AsyncHttpClient-1-19] DEBUG org.asynchttpclient.netty.channel.NettyConnectListener - Using new Channel '[id: 0x3d53bd5f, L:/127.0.0.1:51664 - R:localhost/127.0.0.1:51658]' for 'GET' to '/devtools/browser/6e096425-7edf-48b8-9469-9f9893eba1e8'
08:45:03.503 [AsyncHttpClient-1-19] DEBUG org.asynchttpclient.netty.handler.WebSocketHandler - 

Request DefaultFullHttpRequest(decodeResult: success, version: HTTP/1.1, content: EmptyByteBufBE)
GET /devtools/browser/6e096425-7edf-48b8-9469-9f9893eba1e8 HTTP/1.1
upgrade: websocket
connection: upgrade
sec-websocket-key: AIfQJz+d4jTusalJT8EKkg==
sec-websocket-version: 13
origin: http://localhost:51658
host: localhost:51658
accept: */*
user-agent: AHC/2.1

Response DefaultHttpResponse(decodeResult: success, version: HTTP/1.1)
HTTP/1.1 101 WebSocket Protocol Handshake
Upgrade: WebSocket
Connection: Upgrade
Sec-WebSocket-Accept: gvIjib9AwjTEF8fO+ljutuVnzbs=

08:45:03.507 [Forwarding maximizeCurrentWindow on session 7336d9bba1d6e17afbbd64310ed1d5cd to remote] DEBUG org.asynchttpclient.netty.request.NettyRequestSender - Using pooled Channel '[id: 0x4c386e8c, L:/127.0.0.1:51657 - R:localhost/127.0.0.1:14501]' for 'POST' to 'http://localhost:14501/session/7336d9bba1d6e17afbbd64310ed1d5cd/window/maximize'
08:45:03.507 [Forwarding maximizeCurrentWindow on session 7336d9bba1d6e17afbbd64310ed1d5cd to remote] DEBUG org.asynchttpclient.netty.request.NettyRequestSender - Using open Channel [id: 0x4c386e8c, L:/127.0.0.1:51657 - R:localhost/127.0.0.1:14501] for POST '/session/7336d9bba1d6e17afbbd64310ed1d5cd/window/maximize'
08:45:03.939 [AsyncHttpClient-1-1] DEBUG org.asynchttpclient.netty.channel.DefaultChannelPool - Entry count for : http://localhost:51658 : 1
08:45:03.972 [AsyncHttpClient-1-17] DEBUG org.asynchttpclient.netty.handler.HttpHandler - 

Request DefaultHttpRequest(decodeResult: success, version: HTTP/1.1)
POST /session/7336d9bba1d6e17afbbd64310ed1d5cd/window/maximize HTTP/1.1
User-Agent: selenium/4.13.0 (java mac)
Content-Length: 3
Content-Type: application/json; charset=utf-8
host: localhost:14501
accept: */*

Response DefaultHttpResponse(decodeResult: success, version: HTTP/1.1)
HTTP/1.1 200 OK
Content-Length: 50
Content-Type: application/json; charset=utf-8
cache-control: no-cache

08:45:03.972 [AsyncHttpClient-1-17] DEBUG org.asynchttpclient.netty.channel.ChannelManager - Adding key: http://localhost:14501 for channel [id: 0x4c386e8c, L:/127.0.0.1:51657 - R:localhost/127.0.0.1:14501]
08:45:03.973 [Forwarding get on session 7336d9bba1d6e17afbbd64310ed1d5cd to remote] DEBUG org.asynchttpclient.netty.request.NettyRequestSender - Using pooled Channel '[id: 0x4c386e8c, L:/127.0.0.1:51657 - R:localhost/127.0.0.1:14501]' for 'POST' to 'http://localhost:14501/session/7336d9bba1d6e17afbbd64310ed1d5cd/url'
08:45:03.973 [Forwarding get on session 7336d9bba1d6e17afbbd64310ed1d5cd to remote] DEBUG org.asynchttpclient.netty.request.NettyRequestSender - Using open Channel [id: 0x4c386e8c, L:/127.0.0.1:51657 - R:localhost/127.0.0.1:14501] for POST '/session/7336d9bba1d6e17afbbd64310ed1d5cd/url'
08:45:05.040 [AsyncHttpClient-1-1] DEBUG org.asynchttpclient.netty.channel.DefaultChannelPool - Entry count for : http://localhost:51658 : 1
08:45:06.138 [AsyncHttpClient-1-1] DEBUG org.asynchttpclient.netty.channel.DefaultChannelPool - Entry count for : http://localhost:51658 : 1
08:45:06.299 [AsyncHttpClient-1-17] DEBUG org.asynchttpclient.netty.handler.HttpHandler - 

Request DefaultHttpRequest(decodeResult: success, version: HTTP/1.1)
POST /session/7336d9bba1d6e17afbbd64310ed1d5cd/url HTTP/1.1
User-Agent: selenium/4.13.0 (java mac)
Content-Length: 57
Content-Type: application/json; charset=utf-8
host: localhost:14501
accept: */*

Response DefaultHttpResponse(decodeResult: success, version: HTTP/1.1)
HTTP/1.1 200 OK
Content-Length: 14
Content-Type: application/json; charset=utf-8
cache-control: no-cache

08:45:06.299 [AsyncHttpClient-1-17] DEBUG org.asynchttpclient.netty.channel.ChannelManager - Adding key: http://localhost:14501 for channel [id: 0x4c386e8c, L:/127.0.0.1:51657 - R:localhost/127.0.0.1:14501]
Step 1 : Open URL - https://www.makemytrip.com/
Step 2 : Click on super offer tab in header.
08:45:06.302 [Forwarding findElement on session 7336d9bba1d6e17afbbd64310ed1d5cd to remote] DEBUG org.asynchttpclient.netty.request.NettyRequestSender - Using pooled Channel '[id: 0x4c386e8c, L:/127.0.0.1:51657 - R:localhost/127.0.0.1:14501]' for 'POST' to 'http://localhost:14501/session/7336d9bba1d6e17afbbd64310ed1d5cd/element'
08:45:06.302 [Forwarding findElement on session 7336d9bba1d6e17afbbd64310ed1d5cd to remote] DEBUG org.asynchttpclient.netty.request.NettyRequestSender - Using open Channel [id: 0x4c386e8c, L:/127.0.0.1:51657 - R:localhost/127.0.0.1:14501] for POST '/session/7336d9bba1d6e17afbbd64310ed1d5cd/element'
08:45:06.378 [AsyncHttpClient-1-17] DEBUG org.asynchttpclient.netty.handler.HttpHandler - 

Request DefaultHttpRequest(decodeResult: success, version: HTTP/1.1)
POST /session/7336d9bba1d6e17afbbd64310ed1d5cd/element HTTP/1.1
User-Agent: selenium/4.13.0 (java mac)
Content-Length: 106
Content-Type: application/json; charset=utf-8
host: localhost:14501
accept: */*

Response DefaultHttpResponse(decodeResult: success, version: HTTP/1.1)
HTTP/1.1 200 OK
Content-Length: 95
Content-Type: application/json; charset=utf-8
cache-control: no-cache

08:45:06.378 [AsyncHttpClient-1-17] DEBUG org.asynchttpclient.netty.channel.ChannelManager - Adding key: http://localhost:14501 for channel [id: 0x4c386e8c, L:/127.0.0.1:51657 - R:localhost/127.0.0.1:14501]
08:45:06.381 [Forwarding isElementDisplayed on session 7336d9bba1d6e17afbbd64310ed1d5cd to remote] DEBUG org.asynchttpclient.netty.request.NettyRequestSender - Using pooled Channel '[id: 0x4c386e8c, L:/127.0.0.1:51657 - R:localhost/127.0.0.1:14501]' for 'POST' to 'http://localhost:14501/session/7336d9bba1d6e17afbbd64310ed1d5cd/execute/sync'
08:45:06.382 [Forwarding isElementDisplayed on session 7336d9bba1d6e17afbbd64310ed1d5cd to remote] DEBUG org.asynchttpclient.netty.request.NettyRequestSender - Using open Channel [id: 0x4c386e8c, L:/127.0.0.1:51657 - R:localhost/127.0.0.1:14501] for POST '/session/7336d9bba1d6e17afbbd64310ed1d5cd/execute/sync'
08:45:06.402 [AsyncHttpClient-1-17] DEBUG org.asynchttpclient.netty.handler.HttpHandler - 

Request DefaultHttpRequest(decodeResult: success, version: HTTP/1.1)
POST /session/7336d9bba1d6e17afbbd64310ed1d5cd/execute/sync HTTP/1.1
User-Agent: selenium/4.13.0 (java mac)
Content-Length: 48814
Content-Type: application/json; charset=utf-8
host: localhost:14501
accept: */*

Response DefaultHttpResponse(decodeResult: success, version: HTTP/1.1)
HTTP/1.1 200 OK
Content-Length: 14
Content-Type: application/json; charset=utf-8
cache-control: no-cache

08:45:06.402 [AsyncHttpClient-1-17] DEBUG org.asynchttpclient.netty.channel.ChannelManager - Adding key: http://localhost:14501 for channel [id: 0x4c386e8c, L:/127.0.0.1:51657 - R:localhost/127.0.0.1:14501]
08:45:06.403 [Forwarding isElementEnabled on session 7336d9bba1d6e17afbbd64310ed1d5cd to remote] DEBUG org.asynchttpclient.netty.request.NettyRequestSender - Using pooled Channel '[id: 0x4c386e8c, L:/127.0.0.1:51657 - R:localhost/127.0.0.1:14501]' for 'GET' to 'http://localhost:14501/session/7336d9bba1d6e17afbbd64310ed1d5cd/element/E6760FC76BCDEB668353DC94FEF5BC56_element_32/enabled'
08:45:06.403 [Forwarding isElementEnabled on session 7336d9bba1d6e17afbbd64310ed1d5cd to remote] DEBUG org.asynchttpclient.netty.request.NettyRequestSender - Using open Channel [id: 0x4c386e8c, L:/127.0.0.1:51657 - R:localhost/127.0.0.1:14501] for GET '/session/7336d9bba1d6e17afbbd64310ed1d5cd/element/E6760FC76BCDEB668353DC94FEF5BC56_element_32/enabled'
08:45:06.416 [AsyncHttpClient-1-17] DEBUG org.asynchttpclient.netty.handler.HttpHandler - 

Request DefaultFullHttpRequest(decodeResult: success, version: HTTP/1.1, content: EmptyByteBufBE)
GET /session/7336d9bba1d6e17afbbd64310ed1d5cd/element/E6760FC76BCDEB668353DC94FEF5BC56_element_32/enabled HTTP/1.1
Cache-Control: no-cache
User-Agent: selenium/4.13.0 (java mac)
Content-Type: application/json; charset=utf-8
host: localhost:14501
accept: */*

Response DefaultHttpResponse(decodeResult: success, version: HTTP/1.1)
HTTP/1.1 200 OK
Content-Length: 14
Content-Type: application/json; charset=utf-8
cache-control: no-cache

08:45:06.416 [AsyncHttpClient-1-17] DEBUG org.asynchttpclient.netty.channel.ChannelManager - Adding key: http://localhost:14501 for channel [id: 0x4c386e8c, L:/127.0.0.1:51657 - R:localhost/127.0.0.1:14501]
08:45:06.417 [Forwarding executeScript on session 7336d9bba1d6e17afbbd64310ed1d5cd to remote] DEBUG org.asynchttpclient.netty.request.NettyRequestSender - Using pooled Channel '[id: 0x4c386e8c, L:/127.0.0.1:51657 - R:localhost/127.0.0.1:14501]' for 'POST' to 'http://localhost:14501/session/7336d9bba1d6e17afbbd64310ed1d5cd/execute/sync'
08:45:06.417 [Forwarding executeScript on session 7336d9bba1d6e17afbbd64310ed1d5cd to remote] DEBUG org.asynchttpclient.netty.request.NettyRequestSender - Using open Channel [id: 0x4c386e8c, L:/127.0.0.1:51657 - R:localhost/127.0.0.1:14501] for POST '/session/7336d9bba1d6e17afbbd64310ed1d5cd/execute/sync'
08:45:06.627 [AsyncHttpClient-1-17] DEBUG org.asynchttpclient.netty.handler.HttpHandler - 

Request DefaultHttpRequest(decodeResult: success, version: HTTP/1.1)
POST /session/7336d9bba1d6e17afbbd64310ed1d5cd/execute/sync HTTP/1.1
User-Agent: selenium/4.13.0 (java mac)
Content-Length: 179
Content-Type: application/json; charset=utf-8
host: localhost:14501
accept: */*

Response DefaultHttpResponse(decodeResult: success, version: HTTP/1.1)
HTTP/1.1 200 OK
Content-Length: 14
Content-Type: application/json; charset=utf-8
cache-control: no-cache

08:45:06.627 [AsyncHttpClient-1-17] DEBUG org.asynchttpclient.netty.channel.ChannelManager - Adding key: http://localhost:14501 for channel [id: 0x4c386e8c, L:/127.0.0.1:51657 - R:localhost/127.0.0.1:14501]
08:45:06.629 [Forwarding clickElement on session 7336d9bba1d6e17afbbd64310ed1d5cd to remote] DEBUG org.asynchttpclient.netty.request.NettyRequestSender - Using pooled Channel '[id: 0x4c386e8c, L:/127.0.0.1:51657 - R:localhost/127.0.0.1:14501]' for 'POST' to 'http://localhost:14501/session/7336d9bba1d6e17afbbd64310ed1d5cd/element/E6760FC76BCDEB668353DC94FEF5BC56_element_32/click'
08:45:06.629 [Forwarding clickElement on session 7336d9bba1d6e17afbbd64310ed1d5cd to remote] DEBUG org.asynchttpclient.netty.request.NettyRequestSender - Using open Channel [id: 0x4c386e8c, L:/127.0.0.1:51657 - R:localhost/127.0.0.1:14501] for POST '/session/7336d9bba1d6e17afbbd64310ed1d5cd/element/E6760FC76BCDEB668353DC94FEF5BC56_element_32/click'
08:45:06.848 [AsyncHttpClient-1-17] DEBUG org.asynchttpclient.netty.handler.HttpHandler - 

Request DefaultHttpRequest(decodeResult: success, version: HTTP/1.1)
POST /session/7336d9bba1d6e17afbbd64310ed1d5cd/element/E6760FC76BCDEB668353DC94FEF5BC56_element_32/click HTTP/1.1
User-Agent: selenium/4.13.0 (java mac)
Content-Length: 57
Content-Type: application/json; charset=utf-8
host: localhost:14501
accept: */*

Response DefaultHttpResponse(decodeResult: success, version: HTTP/1.1)
HTTP/1.1 200 OK
Content-Length: 14
Content-Type: application/json; charset=utf-8
cache-control: no-cache

08:45:06.848 [AsyncHttpClient-1-17] DEBUG org.asynchttpclient.netty.channel.ChannelManager - Adding key: http://localhost:14501 for channel [id: 0x4c386e8c, L:/127.0.0.1:51657 - R:localhost/127.0.0.1:14501]
Step 3 : Verify offer page opened.
08:45:06.849 [Forwarding getCurrentWindowHandle on session 7336d9bba1d6e17afbbd64310ed1d5cd to remote] DEBUG org.asynchttpclient.netty.request.NettyRequestSender - Using pooled Channel '[id: 0x4c386e8c, L:/127.0.0.1:51657 - R:localhost/127.0.0.1:14501]' for 'GET' to 'http://localhost:14501/session/7336d9bba1d6e17afbbd64310ed1d5cd/window'
08:45:06.849 [Forwarding getCurrentWindowHandle on session 7336d9bba1d6e17afbbd64310ed1d5cd to remote] DEBUG org.asynchttpclient.netty.request.NettyRequestSender - Using open Channel [id: 0x4c386e8c, L:/127.0.0.1:51657 - R:localhost/127.0.0.1:14501] for GET '/session/7336d9bba1d6e17afbbd64310ed1d5cd/window'
08:45:06.850 [AsyncHttpClient-1-17] DEBUG org.asynchttpclient.netty.handler.HttpHandler - 

Request DefaultFullHttpRequest(decodeResult: success, version: HTTP/1.1, content: EmptyByteBufBE)
GET /session/7336d9bba1d6e17afbbd64310ed1d5cd/window HTTP/1.1
Cache-Control: no-cache
User-Agent: selenium/4.13.0 (java mac)
Content-Type: application/json; charset=utf-8
host: localhost:14501
accept: */*

Response DefaultHttpResponse(decodeResult: success, version: HTTP/1.1)
HTTP/1.1 200 OK
Content-Length: 44
Content-Type: application/json; charset=utf-8
cache-control: no-cache

08:45:06.850 [AsyncHttpClient-1-17] DEBUG org.asynchttpclient.netty.channel.ChannelManager - Adding key: http://localhost:14501 for channel [id: 0x4c386e8c, L:/127.0.0.1:51657 - R:localhost/127.0.0.1:14501]
08:45:06.851 [Forwarding getWindowHandles on session 7336d9bba1d6e17afbbd64310ed1d5cd to remote] DEBUG org.asynchttpclient.netty.request.NettyRequestSender - Using pooled Channel '[id: 0x4c386e8c, L:/127.0.0.1:51657 - R:localhost/127.0.0.1:14501]' for 'GET' to 'http://localhost:14501/session/7336d9bba1d6e17afbbd64310ed1d5cd/window/handles'
08:45:06.851 [Forwarding getWindowHandles on session 7336d9bba1d6e17afbbd64310ed1d5cd to remote] DEBUG org.asynchttpclient.netty.request.NettyRequestSender - Using open Channel [id: 0x4c386e8c, L:/127.0.0.1:51657 - R:localhost/127.0.0.1:14501] for GET '/session/7336d9bba1d6e17afbbd64310ed1d5cd/window/handles'
08:45:06.858 [AsyncHttpClient-1-17] DEBUG org.asynchttpclient.netty.handler.HttpHandler - 

Request DefaultFullHttpRequest(decodeResult: success, version: HTTP/1.1, content: EmptyByteBufBE)
GET /session/7336d9bba1d6e17afbbd64310ed1d5cd/window/handles HTTP/1.1
Cache-Control: no-cache
User-Agent: selenium/4.13.0 (java mac)
Content-Type: application/json; charset=utf-8
host: localhost:14501
accept: */*

Response DefaultHttpResponse(decodeResult: success, version: HTTP/1.1)
HTTP/1.1 200 OK
Content-Length: 81
Content-Type: application/json; charset=utf-8
cache-control: no-cache

08:45:06.858 [AsyncHttpClient-1-17] DEBUG org.asynchttpclient.netty.channel.ChannelManager - Adding key: http://localhost:14501 for channel [id: 0x4c386e8c, L:/127.0.0.1:51657 - R:localhost/127.0.0.1:14501]
08:45:06.859 [Forwarding switchToWindow on session 7336d9bba1d6e17afbbd64310ed1d5cd to remote] DEBUG org.asynchttpclient.netty.request.NettyRequestSender - Using pooled Channel '[id: 0x4c386e8c, L:/127.0.0.1:51657 - R:localhost/127.0.0.1:14501]' for 'POST' to 'http://localhost:14501/session/7336d9bba1d6e17afbbd64310ed1d5cd/window'
08:45:06.859 [Forwarding switchToWindow on session 7336d9bba1d6e17afbbd64310ed1d5cd to remote] DEBUG org.asynchttpclient.netty.request.NettyRequestSender - Using open Channel [id: 0x4c386e8c, L:/127.0.0.1:51657 - R:localhost/127.0.0.1:14501] for POST '/session/7336d9bba1d6e17afbbd64310ed1d5cd/window'
08:45:06.861 [AsyncHttpClient-1-17] DEBUG org.asynchttpclient.netty.handler.HttpHandler - 

Request DefaultHttpRequest(decodeResult: success, version: HTTP/1.1)
POST /session/7336d9bba1d6e17afbbd64310ed1d5cd/window HTTP/1.1
User-Agent: selenium/4.13.0 (java mac)
Content-Length: 50
Content-Type: application/json; charset=utf-8
host: localhost:14501
accept: */*

Response DefaultHttpResponse(decodeResult: success, version: HTTP/1.1)
HTTP/1.1 200 OK
Content-Length: 14
Content-Type: application/json; charset=utf-8
cache-control: no-cache

08:45:06.861 [AsyncHttpClient-1-17] DEBUG org.asynchttpclient.netty.channel.ChannelManager - Adding key: http://localhost:14501 for channel [id: 0x4c386e8c, L:/127.0.0.1:51657 - R:localhost/127.0.0.1:14501]
08:45:06.861 [Forwarding getCurrentUrl on session 7336d9bba1d6e17afbbd64310ed1d5cd to remote] DEBUG org.asynchttpclient.netty.request.NettyRequestSender - Using pooled Channel '[id: 0x4c386e8c, L:/127.0.0.1:51657 - R:localhost/127.0.0.1:14501]' for 'GET' to 'http://localhost:14501/session/7336d9bba1d6e17afbbd64310ed1d5cd/url'
08:45:06.861 [Forwarding getCurrentUrl on session 7336d9bba1d6e17afbbd64310ed1d5cd to remote] DEBUG org.asynchttpclient.netty.request.NettyRequestSender - Using open Channel [id: 0x4c386e8c, L:/127.0.0.1:51657 - R:localhost/127.0.0.1:14501] for GET '/session/7336d9bba1d6e17afbbd64310ed1d5cd/url'
08:45:07.239 [AsyncHttpClient-1-1] DEBUG org.asynchttpclient.netty.channel.DefaultChannelPool - Entry count for : http://localhost:51658 : 1
08:45:08.069 [AsyncHttpClient-1-17] DEBUG org.asynchttpclient.netty.handler.HttpHandler - 

Request DefaultFullHttpRequest(decodeResult: success, version: HTTP/1.1, content: EmptyByteBufBE)
GET /session/7336d9bba1d6e17afbbd64310ed1d5cd/url HTTP/1.1
Cache-Control: no-cache
User-Agent: selenium/4.13.0 (java mac)
Content-Type: application/json; charset=utf-8
host: localhost:14501
accept: */*

Response DefaultHttpResponse(decodeResult: success, version: HTTP/1.1)
HTTP/1.1 200 OK
Content-Length: 46
Content-Type: application/json; charset=utf-8
cache-control: no-cache

08:45:08.070 [AsyncHttpClient-1-17] DEBUG org.asynchttpclient.netty.channel.ChannelManager - Adding key: http://localhost:14501 for channel [id: 0x4c386e8c, L:/127.0.0.1:51657 - R:localhost/127.0.0.1:14501]
Step 4 : Click on trending radio button.
08:45:08.070 [Forwarding findElement on session 7336d9bba1d6e17afbbd64310ed1d5cd to remote] DEBUG org.asynchttpclient.netty.request.NettyRequestSender - Using pooled Channel '[id: 0x4c386e8c, L:/127.0.0.1:51657 - R:localhost/127.0.0.1:14501]' for 'POST' to 'http://localhost:14501/session/7336d9bba1d6e17afbbd64310ed1d5cd/element'
08:45:08.071 [Forwarding findElement on session 7336d9bba1d6e17afbbd64310ed1d5cd to remote] DEBUG org.asynchttpclient.netty.request.NettyRequestSender - Using open Channel [id: 0x4c386e8c, L:/127.0.0.1:51657 - R:localhost/127.0.0.1:14501] for POST '/session/7336d9bba1d6e17afbbd64310ed1d5cd/element'
08:45:08.083 [AsyncHttpClient-1-17] DEBUG org.asynchttpclient.netty.handler.HttpHandler - 

Request DefaultHttpRequest(decodeResult: success, version: HTTP/1.1)
POST /session/7336d9bba1d6e17afbbd64310ed1d5cd/element HTTP/1.1
User-Agent: selenium/4.13.0 (java mac)
Content-Length: 71
Content-Type: application/json; charset=utf-8
host: localhost:14501
accept: */*

Response DefaultHttpResponse(decodeResult: success, version: HTTP/1.1)
HTTP/1.1 200 OK
Content-Length: 95
Content-Type: application/json; charset=utf-8
cache-control: no-cache

08:45:08.083 [AsyncHttpClient-1-17] DEBUG org.asynchttpclient.netty.channel.ChannelManager - Adding key: http://localhost:14501 for channel [id: 0x4c386e8c, L:/127.0.0.1:51657 - R:localhost/127.0.0.1:14501]
08:45:08.085 [Forwarding isElementDisplayed on session 7336d9bba1d6e17afbbd64310ed1d5cd to remote] DEBUG org.asynchttpclient.netty.request.NettyRequestSender - Using pooled Channel '[id: 0x4c386e8c, L:/127.0.0.1:51657 - R:localhost/127.0.0.1:14501]' for 'POST' to 'http://localhost:14501/session/7336d9bba1d6e17afbbd64310ed1d5cd/execute/sync'
08:45:08.085 [Forwarding isElementDisplayed on session 7336d9bba1d6e17afbbd64310ed1d5cd to remote] DEBUG org.asynchttpclient.netty.request.NettyRequestSender - Using open Channel [id: 0x4c386e8c, L:/127.0.0.1:51657 - R:localhost/127.0.0.1:14501] for POST '/session/7336d9bba1d6e17afbbd64310ed1d5cd/execute/sync'
08:45:08.102 [AsyncHttpClient-1-17] DEBUG org.asynchttpclient.netty.handler.HttpHandler - 

Request DefaultHttpRequest(decodeResult: success, version: HTTP/1.1)
POST /session/7336d9bba1d6e17afbbd64310ed1d5cd/execute/sync HTTP/1.1
User-Agent: selenium/4.13.0 (java mac)
Content-Length: 48814
Content-Type: application/json; charset=utf-8
host: localhost:14501
accept: */*

Response DefaultHttpResponse(decodeResult: success, version: HTTP/1.1)
HTTP/1.1 200 OK
Content-Length: 14
Content-Type: application/json; charset=utf-8
cache-control: no-cache

08:45:08.102 [AsyncHttpClient-1-17] DEBUG org.asynchttpclient.netty.channel.ChannelManager - Adding key: http://localhost:14501 for channel [id: 0x4c386e8c, L:/127.0.0.1:51657 - R:localhost/127.0.0.1:14501]
08:45:08.102 [Forwarding isElementEnabled on session 7336d9bba1d6e17afbbd64310ed1d5cd to remote] DEBUG org.asynchttpclient.netty.request.NettyRequestSender - Using pooled Channel '[id: 0x4c386e8c, L:/127.0.0.1:51657 - R:localhost/127.0.0.1:14501]' for 'GET' to 'http://localhost:14501/session/7336d9bba1d6e17afbbd64310ed1d5cd/element/6CA3DD5A7AAC4775B5187B8452AE6262_element_68/enabled'
08:45:08.102 [Forwarding isElementEnabled on session 7336d9bba1d6e17afbbd64310ed1d5cd to remote] DEBUG org.asynchttpclient.netty.request.NettyRequestSender - Using open Channel [id: 0x4c386e8c, L:/127.0.0.1:51657 - R:localhost/127.0.0.1:14501] for GET '/session/7336d9bba1d6e17afbbd64310ed1d5cd/element/6CA3DD5A7AAC4775B5187B8452AE6262_element_68/enabled'
08:45:08.152 [AsyncHttpClient-1-17] DEBUG org.asynchttpclient.netty.handler.HttpHandler - 

Request DefaultFullHttpRequest(decodeResult: success, version: HTTP/1.1, content: EmptyByteBufBE)
GET /session/7336d9bba1d6e17afbbd64310ed1d5cd/element/6CA3DD5A7AAC4775B5187B8452AE6262_element_68/enabled HTTP/1.1
Cache-Control: no-cache
User-Agent: selenium/4.13.0 (java mac)
Content-Type: application/json; charset=utf-8
host: localhost:14501
accept: */*

Response DefaultHttpResponse(decodeResult: success, version: HTTP/1.1)
HTTP/1.1 200 OK
Content-Length: 14
Content-Type: application/json; charset=utf-8
cache-control: no-cache

08:45:08.152 [AsyncHttpClient-1-17] DEBUG org.asynchttpclient.netty.channel.ChannelManager - Adding key: http://localhost:14501 for channel [id: 0x4c386e8c, L:/127.0.0.1:51657 - R:localhost/127.0.0.1:14501]
08:45:08.155 [Forwarding executeScript on session 7336d9bba1d6e17afbbd64310ed1d5cd to remote] DEBUG org.asynchttpclient.netty.request.NettyRequestSender - Using pooled Channel '[id: 0x4c386e8c, L:/127.0.0.1:51657 - R:localhost/127.0.0.1:14501]' for 'POST' to 'http://localhost:14501/session/7336d9bba1d6e17afbbd64310ed1d5cd/execute/sync'
08:45:08.155 [Forwarding executeScript on session 7336d9bba1d6e17afbbd64310ed1d5cd to remote] DEBUG org.asynchttpclient.netty.request.NettyRequestSender - Using open Channel [id: 0x4c386e8c, L:/127.0.0.1:51657 - R:localhost/127.0.0.1:14501] for POST '/session/7336d9bba1d6e17afbbd64310ed1d5cd/execute/sync'
08:45:08.162 [AsyncHttpClient-1-17] DEBUG org.asynchttpclient.netty.handler.HttpHandler - 

Request DefaultHttpRequest(decodeResult: success, version: HTTP/1.1)
POST /session/7336d9bba1d6e17afbbd64310ed1d5cd/execute/sync HTTP/1.1
User-Agent: selenium/4.13.0 (java mac)
Content-Length: 179
Content-Type: application/json; charset=utf-8
host: localhost:14501
accept: */*

Response DefaultHttpResponse(decodeResult: success, version: HTTP/1.1)
HTTP/1.1 200 OK
Content-Length: 14
Content-Type: application/json; charset=utf-8
cache-control: no-cache

08:45:08.162 [AsyncHttpClient-1-17] DEBUG org.asynchttpclient.netty.channel.ChannelManager - Adding key: http://localhost:14501 for channel [id: 0x4c386e8c, L:/127.0.0.1:51657 - R:localhost/127.0.0.1:14501]
08:45:08.163 [Forwarding executeScript on session 7336d9bba1d6e17afbbd64310ed1d5cd to remote] DEBUG org.asynchttpclient.netty.request.NettyRequestSender - Using pooled Channel '[id: 0x4c386e8c, L:/127.0.0.1:51657 - R:localhost/127.0.0.1:14501]' for 'POST' to 'http://localhost:14501/session/7336d9bba1d6e17afbbd64310ed1d5cd/execute/sync'
08:45:08.163 [Forwarding executeScript on session 7336d9bba1d6e17afbbd64310ed1d5cd to remote] DEBUG org.asynchttpclient.netty.request.NettyRequestSender - Using open Channel [id: 0x4c386e8c, L:/127.0.0.1:51657 - R:localhost/127.0.0.1:14501] for POST '/session/7336d9bba1d6e17afbbd64310ed1d5cd/execute/sync'
08:45:08.314 [AsyncHttpClient-1-17] DEBUG org.asynchttpclient.netty.handler.HttpHandler - 

Request DefaultHttpRequest(decodeResult: success, version: HTTP/1.1)
POST /session/7336d9bba1d6e17afbbd64310ed1d5cd/execute/sync HTTP/1.1
User-Agent: selenium/4.13.0 (java mac)
Content-Length: 166
Content-Type: application/json; charset=utf-8
host: localhost:14501
accept: */*

Response DefaultHttpResponse(decodeResult: success, version: HTTP/1.1)
HTTP/1.1 200 OK
Content-Length: 14
Content-Type: application/json; charset=utf-8
cache-control: no-cache

08:45:08.314 [AsyncHttpClient-1-17] DEBUG org.asynchttpclient.netty.channel.ChannelManager - Adding key: http://localhost:14501 for channel [id: 0x4c386e8c, L:/127.0.0.1:51657 - R:localhost/127.0.0.1:14501]
Step 5 : Click on icici checkbox.
08:45:08.315 [Forwarding findElement on session 7336d9bba1d6e17afbbd64310ed1d5cd to remote] DEBUG org.asynchttpclient.netty.request.NettyRequestSender - Using pooled Channel '[id: 0x4c386e8c, L:/127.0.0.1:51657 - R:localhost/127.0.0.1:14501]' for 'POST' to 'http://localhost:14501/session/7336d9bba1d6e17afbbd64310ed1d5cd/element'
08:45:08.315 [Forwarding findElement on session 7336d9bba1d6e17afbbd64310ed1d5cd to remote] DEBUG org.asynchttpclient.netty.request.NettyRequestSender - Using open Channel [id: 0x4c386e8c, L:/127.0.0.1:51657 - R:localhost/127.0.0.1:14501] for POST '/session/7336d9bba1d6e17afbbd64310ed1d5cd/element'
08:45:08.338 [AsyncHttpClient-1-1] DEBUG org.asynchttpclient.netty.channel.DefaultChannelPool - Entry count for : http://localhost:51658 : 1
08:45:08.425 [AsyncHttpClient-1-17] DEBUG org.asynchttpclient.netty.handler.HttpHandler - 

Request DefaultHttpRequest(decodeResult: success, version: HTTP/1.1)
POST /session/7336d9bba1d6e17afbbd64310ed1d5cd/element HTTP/1.1
User-Agent: selenium/4.13.0 (java mac)
Content-Length: 68
Content-Type: application/json; charset=utf-8
host: localhost:14501
accept: */*

Response DefaultHttpResponse(decodeResult: success, version: HTTP/1.1)
HTTP/1.1 200 OK
Content-Length: 96
Content-Type: application/json; charset=utf-8
cache-control: no-cache

08:45:08.425 [AsyncHttpClient-1-17] DEBUG org.asynchttpclient.netty.channel.ChannelManager - Adding key: http://localhost:14501 for channel [id: 0x4c386e8c, L:/127.0.0.1:51657 - R:localhost/127.0.0.1:14501]
08:45:08.428 [Forwarding isElementDisplayed on session 7336d9bba1d6e17afbbd64310ed1d5cd to remote] DEBUG org.asynchttpclient.netty.request.NettyRequestSender - Using pooled Channel '[id: 0x4c386e8c, L:/127.0.0.1:51657 - R:localhost/127.0.0.1:14501]' for 'POST' to 'http://localhost:14501/session/7336d9bba1d6e17afbbd64310ed1d5cd/execute/sync'
08:45:08.428 [Forwarding isElementDisplayed on session 7336d9bba1d6e17afbbd64310ed1d5cd to remote] DEBUG org.asynchttpclient.netty.request.NettyRequestSender - Using open Channel [id: 0x4c386e8c, L:/127.0.0.1:51657 - R:localhost/127.0.0.1:14501] for POST '/session/7336d9bba1d6e17afbbd64310ed1d5cd/execute/sync'
08:45:08.441 [AsyncHttpClient-1-17] DEBUG org.asynchttpclient.netty.handler.HttpHandler - 

Request DefaultHttpRequest(decodeResult: success, version: HTTP/1.1)
POST /session/7336d9bba1d6e17afbbd64310ed1d5cd/execute/sync HTTP/1.1
User-Agent: selenium/4.13.0 (java mac)
Content-Length: 48815
Content-Type: application/json; charset=utf-8
host: localhost:14501
accept: */*

Response DefaultHttpResponse(decodeResult: success, version: HTTP/1.1)
HTTP/1.1 200 OK
Content-Length: 14
Content-Type: application/json; charset=utf-8
cache-control: no-cache

08:45:08.441 [AsyncHttpClient-1-17] DEBUG org.asynchttpclient.netty.channel.ChannelManager - Adding key: http://localhost:14501 for channel [id: 0x4c386e8c, L:/127.0.0.1:51657 - R:localhost/127.0.0.1:14501]
08:45:08.442 [Forwarding isElementEnabled on session 7336d9bba1d6e17afbbd64310ed1d5cd to remote] DEBUG org.asynchttpclient.netty.request.NettyRequestSender - Using pooled Channel '[id: 0x4c386e8c, L:/127.0.0.1:51657 - R:localhost/127.0.0.1:14501]' for 'GET' to 'http://localhost:14501/session/7336d9bba1d6e17afbbd64310ed1d5cd/element/6CA3DD5A7AAC4775B5187B8452AE6262_element_161/enabled'
08:45:08.442 [Forwarding isElementEnabled on session 7336d9bba1d6e17afbbd64310ed1d5cd to remote] DEBUG org.asynchttpclient.netty.request.NettyRequestSender - Using open Channel [id: 0x4c386e8c, L:/127.0.0.1:51657 - R:localhost/127.0.0.1:14501] for GET '/session/7336d9bba1d6e17afbbd64310ed1d5cd/element/6CA3DD5A7AAC4775B5187B8452AE6262_element_161/enabled'
08:45:08.450 [AsyncHttpClient-1-17] DEBUG org.asynchttpclient.netty.handler.HttpHandler - 

Request DefaultFullHttpRequest(decodeResult: success, version: HTTP/1.1, content: EmptyByteBufBE)
GET /session/7336d9bba1d6e17afbbd64310ed1d5cd/element/6CA3DD5A7AAC4775B5187B8452AE6262_element_161/enabled HTTP/1.1
Cache-Control: no-cache
User-Agent: selenium/4.13.0 (java mac)
Content-Type: application/json; charset=utf-8
host: localhost:14501
accept: */*

Response DefaultHttpResponse(decodeResult: success, version: HTTP/1.1)
HTTP/1.1 200 OK
Content-Length: 14
Content-Type: application/json; charset=utf-8
cache-control: no-cache

08:45:08.450 [AsyncHttpClient-1-17] DEBUG org.asynchttpclient.netty.channel.ChannelManager - Adding key: http://localhost:14501 for channel [id: 0x4c386e8c, L:/127.0.0.1:51657 - R:localhost/127.0.0.1:14501]
08:45:08.451 [Forwarding executeScript on session 7336d9bba1d6e17afbbd64310ed1d5cd to remote] DEBUG org.asynchttpclient.netty.request.NettyRequestSender - Using pooled Channel '[id: 0x4c386e8c, L:/127.0.0.1:51657 - R:localhost/127.0.0.1:14501]' for 'POST' to 'http://localhost:14501/session/7336d9bba1d6e17afbbd64310ed1d5cd/execute/sync'
08:45:08.451 [Forwarding executeScript on session 7336d9bba1d6e17afbbd64310ed1d5cd to remote] DEBUG org.asynchttpclient.netty.request.NettyRequestSender - Using open Channel [id: 0x4c386e8c, L:/127.0.0.1:51657 - R:localhost/127.0.0.1:14501] for POST '/session/7336d9bba1d6e17afbbd64310ed1d5cd/execute/sync'
08:45:08.459 [AsyncHttpClient-1-17] DEBUG org.asynchttpclient.netty.handler.HttpHandler - 

Request DefaultHttpRequest(decodeResult: success, version: HTTP/1.1)
POST /session/7336d9bba1d6e17afbbd64310ed1d5cd/execute/sync HTTP/1.1
User-Agent: selenium/4.13.0 (java mac)
Content-Length: 180
Content-Type: application/json; charset=utf-8
host: localhost:14501
accept: */*

Response DefaultHttpResponse(decodeResult: success, version: HTTP/1.1)
HTTP/1.1 200 OK
Content-Length: 14
Content-Type: application/json; charset=utf-8
cache-control: no-cache

08:45:08.459 [AsyncHttpClient-1-17] DEBUG org.asynchttpclient.netty.channel.ChannelManager - Adding key: http://localhost:14501 for channel [id: 0x4c386e8c, L:/127.0.0.1:51657 - R:localhost/127.0.0.1:14501]
08:45:08.461 [Forwarding executeScript on session 7336d9bba1d6e17afbbd64310ed1d5cd to remote] DEBUG org.asynchttpclient.netty.request.NettyRequestSender - Using pooled Channel '[id: 0x4c386e8c, L:/127.0.0.1:51657 - R:localhost/127.0.0.1:14501]' for 'POST' to 'http://localhost:14501/session/7336d9bba1d6e17afbbd64310ed1d5cd/execute/sync'
08:45:08.461 [Forwarding executeScript on session 7336d9bba1d6e17afbbd64310ed1d5cd to remote] DEBUG org.asynchttpclient.netty.request.NettyRequestSender - Using open Channel [id: 0x4c386e8c, L:/127.0.0.1:51657 - R:localhost/127.0.0.1:14501] for POST '/session/7336d9bba1d6e17afbbd64310ed1d5cd/execute/sync'
08:45:08.517 [AsyncHttpClient-1-17] DEBUG org.asynchttpclient.netty.handler.HttpHandler - 

Request DefaultHttpRequest(decodeResult: success, version: HTTP/1.1)
POST /session/7336d9bba1d6e17afbbd64310ed1d5cd/execute/sync HTTP/1.1
User-Agent: selenium/4.13.0 (java mac)
Content-Length: 167
Content-Type: application/json; charset=utf-8
host: localhost:14501
accept: */*

Response DefaultHttpResponse(decodeResult: success, version: HTTP/1.1)
HTTP/1.1 200 OK
Content-Length: 14
Content-Type: application/json; charset=utf-8
cache-control: no-cache

08:45:08.517 [AsyncHttpClient-1-17] DEBUG org.asynchttpclient.netty.channel.ChannelManager - Adding key: http://localhost:14501 for channel [id: 0x4c386e8c, L:/127.0.0.1:51657 - R:localhost/127.0.0.1:14501]
08:45:09.444 [AsyncHttpClient-1-1] DEBUG org.asynchttpclient.netty.channel.DefaultChannelPool - Entry count for : http://localhost:14501 : 1
08:45:09.444 [AsyncHttpClient-1-1] DEBUG org.asynchttpclient.netty.channel.DefaultChannelPool - Entry count for : http://localhost:51658 : 1
Step 6 : Verify all offers have icici bank logo with terms and conditions.
08:45:10.524 [Forwarding findElements on session 7336d9bba1d6e17afbbd64310ed1d5cd to remote] DEBUG org.asynchttpclient.netty.request.NettyRequestSender - Using pooled Channel '[id: 0x4c386e8c, L:/127.0.0.1:51657 - R:localhost/127.0.0.1:14501]' for 'POST' to 'http://localhost:14501/session/7336d9bba1d6e17afbbd64310ed1d5cd/elements'
08:45:10.524 [Forwarding findElements on session 7336d9bba1d6e17afbbd64310ed1d5cd to remote] DEBUG org.asynchttpclient.netty.request.NettyRequestSender - Using open Channel [id: 0x4c386e8c, L:/127.0.0.1:51657 - R:localhost/127.0.0.1:14501] for POST '/session/7336d9bba1d6e17afbbd64310ed1d5cd/elements'
08:45:10.536 [AsyncHttpClient-1-17] DEBUG org.asynchttpclient.netty.handler.HttpHandler - 

Request DefaultHttpRequest(decodeResult: success, version: HTTP/1.1)
POST /session/7336d9bba1d6e17afbbd64310ed1d5cd/elements HTTP/1.1
User-Agent: selenium/4.13.0 (java mac)
Content-Length: 73
Content-Type: application/json; charset=utf-8
host: localhost:14501
accept: */*

Response DefaultHttpResponse(decodeResult: success, version: HTTP/1.1)
HTTP/1.1 200 OK
Content-Length: 620
Content-Type: application/json; charset=utf-8
cache-control: no-cache

08:45:10.537 [AsyncHttpClient-1-17] DEBUG org.asynchttpclient.netty.channel.ChannelManager - Adding key: http://localhost:14501 for channel [id: 0x4c386e8c, L:/127.0.0.1:51657 - R:localhost/127.0.0.1:14501]
08:45:10.538 [Forwarding findElement on session 7336d9bba1d6e17afbbd64310ed1d5cd to remote] DEBUG org.asynchttpclient.netty.request.NettyRequestSender - Using pooled Channel '[id: 0x4c386e8c, L:/127.0.0.1:51657 - R:localhost/127.0.0.1:14501]' for 'POST' to 'http://localhost:14501/session/7336d9bba1d6e17afbbd64310ed1d5cd/element'
08:45:10.538 [Forwarding findElement on session 7336d9bba1d6e17afbbd64310ed1d5cd to remote] DEBUG org.asynchttpclient.netty.request.NettyRequestSender - Using open Channel [id: 0x4c386e8c, L:/127.0.0.1:51657 - R:localhost/127.0.0.1:14501] for POST '/session/7336d9bba1d6e17afbbd64310ed1d5cd/element'
08:45:10.539 [AsyncHttpClient-1-1] DEBUG org.asynchttpclient.netty.channel.DefaultChannelPool - Entry count for : http://localhost:51658 : 1
08:45:10.547 [AsyncHttpClient-1-17] DEBUG org.asynchttpclient.netty.handler.HttpHandler - 

Request DefaultHttpRequest(decodeResult: success, version: HTTP/1.1)
POST /session/7336d9bba1d6e17afbbd64310ed1d5cd/element HTTP/1.1
User-Agent: selenium/4.13.0 (java mac)
Content-Length: 76
Content-Type: application/json; charset=utf-8
host: localhost:14501
accept: */*

Response DefaultHttpResponse(decodeResult: success, version: HTTP/1.1)
HTTP/1.1 200 OK
Content-Length: 96
Content-Type: application/json; charset=utf-8
cache-control: no-cache

08:45:10.547 [AsyncHttpClient-1-17] DEBUG org.asynchttpclient.netty.channel.ChannelManager - Adding key: http://localhost:14501 for channel [id: 0x4c386e8c, L:/127.0.0.1:51657 - R:localhost/127.0.0.1:14501]
08:45:10.548 [Forwarding executeScript on session 7336d9bba1d6e17afbbd64310ed1d5cd to remote] DEBUG org.asynchttpclient.netty.request.NettyRequestSender - Using pooled Channel '[id: 0x4c386e8c, L:/127.0.0.1:51657 - R:localhost/127.0.0.1:14501]' for 'POST' to 'http://localhost:14501/session/7336d9bba1d6e17afbbd64310ed1d5cd/execute/sync'
08:45:10.548 [Forwarding executeScript on session 7336d9bba1d6e17afbbd64310ed1d5cd to remote] DEBUG org.asynchttpclient.netty.request.NettyRequestSender - Using open Channel [id: 0x4c386e8c, L:/127.0.0.1:51657 - R:localhost/127.0.0.1:14501] for POST '/session/7336d9bba1d6e17afbbd64310ed1d5cd/execute/sync'
08:45:10.553 [AsyncHttpClient-1-17] DEBUG org.asynchttpclient.netty.handler.HttpHandler - 

Request DefaultHttpRequest(decodeResult: success, version: HTTP/1.1)
POST /session/7336d9bba1d6e17afbbd64310ed1d5cd/execute/sync HTTP/1.1
User-Agent: selenium/4.13.0 (java mac)
Content-Length: 180
Content-Type: application/json; charset=utf-8
host: localhost:14501
accept: */*

Response DefaultHttpResponse(decodeResult: success, version: HTTP/1.1)
HTTP/1.1 200 OK
Content-Length: 14
Content-Type: application/json; charset=utf-8
cache-control: no-cache

08:45:10.553 [AsyncHttpClient-1-17] DEBUG org.asynchttpclient.netty.channel.ChannelManager - Adding key: http://localhost:14501 for channel [id: 0x4c386e8c, L:/127.0.0.1:51657 - R:localhost/127.0.0.1:14501]
08:45:10.555 [Forwarding isElementDisplayed on session 7336d9bba1d6e17afbbd64310ed1d5cd to remote] DEBUG org.asynchttpclient.netty.request.NettyRequestSender - Using pooled Channel '[id: 0x4c386e8c, L:/127.0.0.1:51657 - R:localhost/127.0.0.1:14501]' for 'POST' to 'http://localhost:14501/session/7336d9bba1d6e17afbbd64310ed1d5cd/execute/sync'
08:45:10.555 [Forwarding isElementDisplayed on session 7336d9bba1d6e17afbbd64310ed1d5cd to remote] DEBUG org.asynchttpclient.netty.request.NettyRequestSender - Using open Channel [id: 0x4c386e8c, L:/127.0.0.1:51657 - R:localhost/127.0.0.1:14501] for POST '/session/7336d9bba1d6e17afbbd64310ed1d5cd/execute/sync'
08:45:10.562 [AsyncHttpClient-1-17] DEBUG org.asynchttpclient.netty.handler.HttpHandler - 

Request DefaultHttpRequest(decodeResult: success, version: HTTP/1.1)
POST /session/7336d9bba1d6e17afbbd64310ed1d5cd/execute/sync HTTP/1.1
User-Agent: selenium/4.13.0 (java mac)
Content-Length: 48815
Content-Type: application/json; charset=utf-8
host: localhost:14501
accept: */*

Response DefaultHttpResponse(decodeResult: success, version: HTTP/1.1)
HTTP/1.1 200 OK
Content-Length: 14
Content-Type: application/json; charset=utf-8
cache-control: no-cache

08:45:10.562 [AsyncHttpClient-1-17] DEBUG org.asynchttpclient.netty.channel.ChannelManager - Adding key: http://localhost:14501 for channel [id: 0x4c386e8c, L:/127.0.0.1:51657 - R:localhost/127.0.0.1:14501]
08:45:10.563 [Forwarding findElement on session 7336d9bba1d6e17afbbd64310ed1d5cd to remote] DEBUG org.asynchttpclient.netty.request.NettyRequestSender - Using pooled Channel '[id: 0x4c386e8c, L:/127.0.0.1:51657 - R:localhost/127.0.0.1:14501]' for 'POST' to 'http://localhost:14501/session/7336d9bba1d6e17afbbd64310ed1d5cd/element'
08:45:10.563 [Forwarding findElement on session 7336d9bba1d6e17afbbd64310ed1d5cd to remote] DEBUG org.asynchttpclient.netty.request.NettyRequestSender - Using open Channel [id: 0x4c386e8c, L:/127.0.0.1:51657 - R:localhost/127.0.0.1:14501] for POST '/session/7336d9bba1d6e17afbbd64310ed1d5cd/element'
08:45:10.573 [AsyncHttpClient-1-17] DEBUG org.asynchttpclient.netty.handler.HttpHandler - 

Request DefaultHttpRequest(decodeResult: success, version: HTTP/1.1)
POST /session/7336d9bba1d6e17afbbd64310ed1d5cd/element HTTP/1.1
User-Agent: selenium/4.13.0 (java mac)
Content-Length: 76
Content-Type: application/json; charset=utf-8
host: localhost:14501
accept: */*

Response DefaultHttpResponse(decodeResult: success, version: HTTP/1.1)
HTTP/1.1 200 OK
Content-Length: 96
Content-Type: application/json; charset=utf-8
cache-control: no-cache

08:45:10.573 [AsyncHttpClient-1-17] DEBUG org.asynchttpclient.netty.channel.ChannelManager - Adding key: http://localhost:14501 for channel [id: 0x4c386e8c, L:/127.0.0.1:51657 - R:localhost/127.0.0.1:14501]
08:45:10.574 [Forwarding executeScript on session 7336d9bba1d6e17afbbd64310ed1d5cd to remote] DEBUG org.asynchttpclient.netty.request.NettyRequestSender - Using pooled Channel '[id: 0x4c386e8c, L:/127.0.0.1:51657 - R:localhost/127.0.0.1:14501]' for 'POST' to 'http://localhost:14501/session/7336d9bba1d6e17afbbd64310ed1d5cd/execute/sync'
08:45:10.574 [Forwarding executeScript on session 7336d9bba1d6e17afbbd64310ed1d5cd to remote] DEBUG org.asynchttpclient.netty.request.NettyRequestSender - Using open Channel [id: 0x4c386e8c, L:/127.0.0.1:51657 - R:localhost/127.0.0.1:14501] for POST '/session/7336d9bba1d6e17afbbd64310ed1d5cd/execute/sync'
08:45:10.579 [AsyncHttpClient-1-17] DEBUG org.asynchttpclient.netty.handler.HttpHandler - 

Request DefaultHttpRequest(decodeResult: success, version: HTTP/1.1)
POST /session/7336d9bba1d6e17afbbd64310ed1d5cd/execute/sync HTTP/1.1
User-Agent: selenium/4.13.0 (java mac)
Content-Length: 180
Content-Type: application/json; charset=utf-8
host: localhost:14501
accept: */*

Response DefaultHttpResponse(decodeResult: success, version: HTTP/1.1)
HTTP/1.1 200 OK
Content-Length: 14
Content-Type: application/json; charset=utf-8
cache-control: no-cache

08:45:10.579 [AsyncHttpClient-1-17] DEBUG org.asynchttpclient.netty.channel.ChannelManager - Adding key: http://localhost:14501 for channel [id: 0x4c386e8c, L:/127.0.0.1:51657 - R:localhost/127.0.0.1:14501]
08:45:10.581 [Forwarding isElementDisplayed on session 7336d9bba1d6e17afbbd64310ed1d5cd to remote] DEBUG org.asynchttpclient.netty.request.NettyRequestSender - Using pooled Channel '[id: 0x4c386e8c, L:/127.0.0.1:51657 - R:localhost/127.0.0.1:14501]' for 'POST' to 'http://localhost:14501/session/7336d9bba1d6e17afbbd64310ed1d5cd/execute/sync'
08:45:10.581 [Forwarding isElementDisplayed on session 7336d9bba1d6e17afbbd64310ed1d5cd to remote] DEBUG org.asynchttpclient.netty.request.NettyRequestSender - Using open Channel [id: 0x4c386e8c, L:/127.0.0.1:51657 - R:localhost/127.0.0.1:14501] for POST '/session/7336d9bba1d6e17afbbd64310ed1d5cd/execute/sync'
08:45:10.590 [AsyncHttpClient-1-17] DEBUG org.asynchttpclient.netty.handler.HttpHandler - 

Request DefaultHttpRequest(decodeResult: success, version: HTTP/1.1)
POST /session/7336d9bba1d6e17afbbd64310ed1d5cd/execute/sync HTTP/1.1
User-Agent: selenium/4.13.0 (java mac)
Content-Length: 48815
Content-Type: application/json; charset=utf-8
host: localhost:14501
accept: */*

Response DefaultHttpResponse(decodeResult: success, version: HTTP/1.1)
HTTP/1.1 200 OK
Content-Length: 14
Content-Type: application/json; charset=utf-8
cache-control: no-cache

08:45:10.590 [AsyncHttpClient-1-17] DEBUG org.asynchttpclient.netty.channel.ChannelManager - Adding key: http://localhost:14501 for channel [id: 0x4c386e8c, L:/127.0.0.1:51657 - R:localhost/127.0.0.1:14501]
08:45:10.591 [Forwarding findElement on session 7336d9bba1d6e17afbbd64310ed1d5cd to remote] DEBUG org.asynchttpclient.netty.request.NettyRequestSender - Using pooled Channel '[id: 0x4c386e8c, L:/127.0.0.1:51657 - R:localhost/127.0.0.1:14501]' for 'POST' to 'http://localhost:14501/session/7336d9bba1d6e17afbbd64310ed1d5cd/element'
08:45:10.591 [Forwarding findElement on session 7336d9bba1d6e17afbbd64310ed1d5cd to remote] DEBUG org.asynchttpclient.netty.request.NettyRequestSender - Using open Channel [id: 0x4c386e8c, L:/127.0.0.1:51657 - R:localhost/127.0.0.1:14501] for POST '/session/7336d9bba1d6e17afbbd64310ed1d5cd/element'
08:45:10.600 [AsyncHttpClient-1-17] DEBUG org.asynchttpclient.netty.handler.HttpHandler - 

Request DefaultHttpRequest(decodeResult: success, version: HTTP/1.1)
POST /session/7336d9bba1d6e17afbbd64310ed1d5cd/element HTTP/1.1
User-Agent: selenium/4.13.0 (java mac)
Content-Length: 76
Content-Type: application/json; charset=utf-8
host: localhost:14501
accept: */*

Response DefaultHttpResponse(decodeResult: success, version: HTTP/1.1)
HTTP/1.1 200 OK
Content-Length: 96
Content-Type: application/json; charset=utf-8
cache-control: no-cache

08:45:10.600 [AsyncHttpClient-1-17] DEBUG org.asynchttpclient.netty.channel.ChannelManager - Adding key: http://localhost:14501 for channel [id: 0x4c386e8c, L:/127.0.0.1:51657 - R:localhost/127.0.0.1:14501]
08:45:10.601 [Forwarding executeScript on session 7336d9bba1d6e17afbbd64310ed1d5cd to remote] DEBUG org.asynchttpclient.netty.request.NettyRequestSender - Using pooled Channel '[id: 0x4c386e8c, L:/127.0.0.1:51657 - R:localhost/127.0.0.1:14501]' for 'POST' to 'http://localhost:14501/session/7336d9bba1d6e17afbbd64310ed1d5cd/execute/sync'
08:45:10.601 [Forwarding executeScript on session 7336d9bba1d6e17afbbd64310ed1d5cd to remote] DEBUG org.asynchttpclient.netty.request.NettyRequestSender - Using open Channel [id: 0x4c386e8c, L:/127.0.0.1:51657 - R:localhost/127.0.0.1:14501] for POST '/session/7336d9bba1d6e17afbbd64310ed1d5cd/execute/sync'
08:45:10.605 [AsyncHttpClient-1-17] DEBUG org.asynchttpclient.netty.handler.HttpHandler - 

Request DefaultHttpRequest(decodeResult: success, version: HTTP/1.1)
POST /session/7336d9bba1d6e17afbbd64310ed1d5cd/execute/sync HTTP/1.1
User-Agent: selenium/4.13.0 (java mac)
Content-Length: 180
Content-Type: application/json; charset=utf-8
host: localhost:14501
accept: */*

Response DefaultHttpResponse(decodeResult: success, version: HTTP/1.1)
HTTP/1.1 200 OK
Content-Length: 14
Content-Type: application/json; charset=utf-8
cache-control: no-cache

08:45:10.605 [AsyncHttpClient-1-17] DEBUG org.asynchttpclient.netty.channel.ChannelManager - Adding key: http://localhost:14501 for channel [id: 0x4c386e8c, L:/127.0.0.1:51657 - R:localhost/127.0.0.1:14501]
08:45:10.606 [Forwarding isElementDisplayed on session 7336d9bba1d6e17afbbd64310ed1d5cd to remote] DEBUG org.asynchttpclient.netty.request.NettyRequestSender - Using pooled Channel '[id: 0x4c386e8c, L:/127.0.0.1:51657 - R:localhost/127.0.0.1:14501]' for 'POST' to 'http://localhost:14501/session/7336d9bba1d6e17afbbd64310ed1d5cd/execute/sync'
08:45:10.606 [Forwarding isElementDisplayed on session 7336d9bba1d6e17afbbd64310ed1d5cd to remote] DEBUG org.asynchttpclient.netty.request.NettyRequestSender - Using open Channel [id: 0x4c386e8c, L:/127.0.0.1:51657 - R:localhost/127.0.0.1:14501] for POST '/session/7336d9bba1d6e17afbbd64310ed1d5cd/execute/sync'
08:45:10.613 [AsyncHttpClient-1-17] DEBUG org.asynchttpclient.netty.handler.HttpHandler - 

Request DefaultHttpRequest(decodeResult: success, version: HTTP/1.1)
POST /session/7336d9bba1d6e17afbbd64310ed1d5cd/execute/sync HTTP/1.1
User-Agent: selenium/4.13.0 (java mac)
Content-Length: 48815
Content-Type: application/json; charset=utf-8
host: localhost:14501
accept: */*

Response DefaultHttpResponse(decodeResult: success, version: HTTP/1.1)
HTTP/1.1 200 OK
Content-Length: 14
Content-Type: application/json; charset=utf-8
cache-control: no-cache

08:45:10.614 [AsyncHttpClient-1-17] DEBUG org.asynchttpclient.netty.channel.ChannelManager - Adding key: http://localhost:14501 for channel [id: 0x4c386e8c, L:/127.0.0.1:51657 - R:localhost/127.0.0.1:14501]
08:45:10.614 [Forwarding findElement on session 7336d9bba1d6e17afbbd64310ed1d5cd to remote] DEBUG org.asynchttpclient.netty.request.NettyRequestSender - Using pooled Channel '[id: 0x4c386e8c, L:/127.0.0.1:51657 - R:localhost/127.0.0.1:14501]' for 'POST' to 'http://localhost:14501/session/7336d9bba1d6e17afbbd64310ed1d5cd/element'
08:45:10.614 [Forwarding findElement on session 7336d9bba1d6e17afbbd64310ed1d5cd to remote] DEBUG org.asynchttpclient.netty.request.NettyRequestSender - Using open Channel [id: 0x4c386e8c, L:/127.0.0.1:51657 - R:localhost/127.0.0.1:14501] for POST '/session/7336d9bba1d6e17afbbd64310ed1d5cd/element'
08:45:10.624 [AsyncHttpClient-1-17] DEBUG org.asynchttpclient.netty.handler.HttpHandler - 

Request DefaultHttpRequest(decodeResult: success, version: HTTP/1.1)
POST /session/7336d9bba1d6e17afbbd64310ed1d5cd/element HTTP/1.1
User-Agent: selenium/4.13.0 (java mac)
Content-Length: 76
Content-Type: application/json; charset=utf-8
host: localhost:14501
accept: */*

Response DefaultHttpResponse(decodeResult: success, version: HTTP/1.1)
HTTP/1.1 200 OK
Content-Length: 96
Content-Type: application/json; charset=utf-8
cache-control: no-cache

08:45:10.625 [AsyncHttpClient-1-17] DEBUG org.asynchttpclient.netty.channel.ChannelManager - Adding key: http://localhost:14501 for channel [id: 0x4c386e8c, L:/127.0.0.1:51657 - R:localhost/127.0.0.1:14501]
08:45:10.626 [Forwarding executeScript on session 7336d9bba1d6e17afbbd64310ed1d5cd to remote] DEBUG org.asynchttpclient.netty.request.NettyRequestSender - Using pooled Channel '[id: 0x4c386e8c, L:/127.0.0.1:51657 - R:localhost/127.0.0.1:14501]' for 'POST' to 'http://localhost:14501/session/7336d9bba1d6e17afbbd64310ed1d5cd/execute/sync'
08:45:10.626 [Forwarding executeScript on session 7336d9bba1d6e17afbbd64310ed1d5cd to remote] DEBUG org.asynchttpclient.netty.request.NettyRequestSender - Using open Channel [id: 0x4c386e8c, L:/127.0.0.1:51657 - R:localhost/127.0.0.1:14501] for POST '/session/7336d9bba1d6e17afbbd64310ed1d5cd/execute/sync'
08:45:10.630 [AsyncHttpClient-1-17] DEBUG org.asynchttpclient.netty.handler.HttpHandler - 

Request DefaultHttpRequest(decodeResult: success, version: HTTP/1.1)
POST /session/7336d9bba1d6e17afbbd64310ed1d5cd/execute/sync HTTP/1.1
User-Agent: selenium/4.13.0 (java mac)
Content-Length: 180
Content-Type: application/json; charset=utf-8
host: localhost:14501
accept: */*

Response DefaultHttpResponse(decodeResult: success, version: HTTP/1.1)
HTTP/1.1 200 OK
Content-Length: 14
Content-Type: application/json; charset=utf-8
cache-control: no-cache

08:45:10.630 [AsyncHttpClient-1-17] DEBUG org.asynchttpclient.netty.channel.ChannelManager - Adding key: http://localhost:14501 for channel [id: 0x4c386e8c, L:/127.0.0.1:51657 - R:localhost/127.0.0.1:14501]
08:45:10.632 [Forwarding isElementDisplayed on session 7336d9bba1d6e17afbbd64310ed1d5cd to remote] DEBUG org.asynchttpclient.netty.request.NettyRequestSender - Using pooled Channel '[id: 0x4c386e8c, L:/127.0.0.1:51657 - R:localhost/127.0.0.1:14501]' for 'POST' to 'http://localhost:14501/session/7336d9bba1d6e17afbbd64310ed1d5cd/execute/sync'
08:45:10.632 [Forwarding isElementDisplayed on session 7336d9bba1d6e17afbbd64310ed1d5cd to remote] DEBUG org.asynchttpclient.netty.request.NettyRequestSender - Using open Channel [id: 0x4c386e8c, L:/127.0.0.1:51657 - R:localhost/127.0.0.1:14501] for POST '/session/7336d9bba1d6e17afbbd64310ed1d5cd/execute/sync'
08:45:10.640 [AsyncHttpClient-1-17] DEBUG org.asynchttpclient.netty.handler.HttpHandler - 

Request DefaultHttpRequest(decodeResult: success, version: HTTP/1.1)
POST /session/7336d9bba1d6e17afbbd64310ed1d5cd/execute/sync HTTP/1.1
User-Agent: selenium/4.13.0 (java mac)
Content-Length: 48815
Content-Type: application/json; charset=utf-8
host: localhost:14501
accept: */*

Response DefaultHttpResponse(decodeResult: success, version: HTTP/1.1)
HTTP/1.1 200 OK
Content-Length: 14
Content-Type: application/json; charset=utf-8
cache-control: no-cache

08:45:10.640 [AsyncHttpClient-1-17] DEBUG org.asynchttpclient.netty.channel.ChannelManager - Adding key: http://localhost:14501 for channel [id: 0x4c386e8c, L:/127.0.0.1:51657 - R:localhost/127.0.0.1:14501]
08:45:10.640 [Forwarding findElement on session 7336d9bba1d6e17afbbd64310ed1d5cd to remote] DEBUG org.asynchttpclient.netty.request.NettyRequestSender - Using pooled Channel '[id: 0x4c386e8c, L:/127.0.0.1:51657 - R:localhost/127.0.0.1:14501]' for 'POST' to 'http://localhost:14501/session/7336d9bba1d6e17afbbd64310ed1d5cd/element'
08:45:10.640 [Forwarding findElement on session 7336d9bba1d6e17afbbd64310ed1d5cd to remote] DEBUG org.asynchttpclient.netty.request.NettyRequestSender - Using open Channel [id: 0x4c386e8c, L:/127.0.0.1:51657 - R:localhost/127.0.0.1:14501] for POST '/session/7336d9bba1d6e17afbbd64310ed1d5cd/element'
08:45:10.650 [AsyncHttpClient-1-17] DEBUG org.asynchttpclient.netty.handler.HttpHandler - 

Request DefaultHttpRequest(decodeResult: success, version: HTTP/1.1)
POST /session/7336d9bba1d6e17afbbd64310ed1d5cd/element HTTP/1.1
User-Agent: selenium/4.13.0 (java mac)
Content-Length: 76
Content-Type: application/json; charset=utf-8
host: localhost:14501
accept: */*

Response DefaultHttpResponse(decodeResult: success, version: HTTP/1.1)
HTTP/1.1 200 OK
Content-Length: 96
Content-Type: application/json; charset=utf-8
cache-control: no-cache

08:45:10.650 [AsyncHttpClient-1-17] DEBUG org.asynchttpclient.netty.channel.ChannelManager - Adding key: http://localhost:14501 for channel [id: 0x4c386e8c, L:/127.0.0.1:51657 - R:localhost/127.0.0.1:14501]
08:45:10.651 [Forwarding executeScript on session 7336d9bba1d6e17afbbd64310ed1d5cd to remote] DEBUG org.asynchttpclient.netty.request.NettyRequestSender - Using pooled Channel '[id: 0x4c386e8c, L:/127.0.0.1:51657 - R:localhost/127.0.0.1:14501]' for 'POST' to 'http://localhost:14501/session/7336d9bba1d6e17afbbd64310ed1d5cd/execute/sync'
08:45:10.651 [Forwarding executeScript on session 7336d9bba1d6e17afbbd64310ed1d5cd to remote] DEBUG org.asynchttpclient.netty.request.NettyRequestSender - Using open Channel [id: 0x4c386e8c, L:/127.0.0.1:51657 - R:localhost/127.0.0.1:14501] for POST '/session/7336d9bba1d6e17afbbd64310ed1d5cd/execute/sync'
08:45:10.656 [AsyncHttpClient-1-17] DEBUG org.asynchttpclient.netty.handler.HttpHandler - 

Request DefaultHttpRequest(decodeResult: success, version: HTTP/1.1)
POST /session/7336d9bba1d6e17afbbd64310ed1d5cd/execute/sync HTTP/1.1
User-Agent: selenium/4.13.0 (java mac)
Content-Length: 180
Content-Type: application/json; charset=utf-8
host: localhost:14501
accept: */*

Response DefaultHttpResponse(decodeResult: success, version: HTTP/1.1)
HTTP/1.1 200 OK
Content-Length: 14
Content-Type: application/json; charset=utf-8
cache-control: no-cache

08:45:10.656 [AsyncHttpClient-1-17] DEBUG org.asynchttpclient.netty.channel.ChannelManager - Adding key: http://localhost:14501 for channel [id: 0x4c386e8c, L:/127.0.0.1:51657 - R:localhost/127.0.0.1:14501]
08:45:10.657 [Forwarding isElementDisplayed on session 7336d9bba1d6e17afbbd64310ed1d5cd to remote] DEBUG org.asynchttpclient.netty.request.NettyRequestSender - Using pooled Channel '[id: 0x4c386e8c, L:/127.0.0.1:51657 - R:localhost/127.0.0.1:14501]' for 'POST' to 'http://localhost:14501/session/7336d9bba1d6e17afbbd64310ed1d5cd/execute/sync'
08:45:10.657 [Forwarding isElementDisplayed on session 7336d9bba1d6e17afbbd64310ed1d5cd to remote] DEBUG org.asynchttpclient.netty.request.NettyRequestSender - Using open Channel [id: 0x4c386e8c, L:/127.0.0.1:51657 - R:localhost/127.0.0.1:14501] for POST '/session/7336d9bba1d6e17afbbd64310ed1d5cd/execute/sync'
08:45:10.664 [AsyncHttpClient-1-17] DEBUG org.asynchttpclient.netty.handler.HttpHandler - 

Request DefaultHttpRequest(decodeResult: success, version: HTTP/1.1)
POST /session/7336d9bba1d6e17afbbd64310ed1d5cd/execute/sync HTTP/1.1
User-Agent: selenium/4.13.0 (java mac)
Content-Length: 48815
Content-Type: application/json; charset=utf-8
host: localhost:14501
accept: */*

Response DefaultHttpResponse(decodeResult: success, version: HTTP/1.1)
HTTP/1.1 200 OK
Content-Length: 14
Content-Type: application/json; charset=utf-8
cache-control: no-cache

08:45:10.665 [AsyncHttpClient-1-17] DEBUG org.asynchttpclient.netty.channel.ChannelManager - Adding key: http://localhost:14501 for channel [id: 0x4c386e8c, L:/127.0.0.1:51657 - R:localhost/127.0.0.1:14501]
08:45:10.665 [Forwarding findElement on session 7336d9bba1d6e17afbbd64310ed1d5cd to remote] DEBUG org.asynchttpclient.netty.request.NettyRequestSender - Using pooled Channel '[id: 0x4c386e8c, L:/127.0.0.1:51657 - R:localhost/127.0.0.1:14501]' for 'POST' to 'http://localhost:14501/session/7336d9bba1d6e17afbbd64310ed1d5cd/element'
08:45:10.665 [Forwarding findElement on session 7336d9bba1d6e17afbbd64310ed1d5cd to remote] DEBUG org.asynchttpclient.netty.request.NettyRequestSender - Using open Channel [id: 0x4c386e8c, L:/127.0.0.1:51657 - R:localhost/127.0.0.1:14501] for POST '/session/7336d9bba1d6e17afbbd64310ed1d5cd/element'
08:45:10.674 [AsyncHttpClient-1-17] DEBUG org.asynchttpclient.netty.handler.HttpHandler - 

Request DefaultHttpRequest(decodeResult: success, version: HTTP/1.1)
POST /session/7336d9bba1d6e17afbbd64310ed1d5cd/element HTTP/1.1
User-Agent: selenium/4.13.0 (java mac)
Content-Length: 76
Content-Type: application/json; charset=utf-8
host: localhost:14501
accept: */*

Response DefaultHttpResponse(decodeResult: success, version: HTTP/1.1)
HTTP/1.1 200 OK
Content-Length: 96
Content-Type: application/json; charset=utf-8
cache-control: no-cache

08:45:10.674 [AsyncHttpClient-1-17] DEBUG org.asynchttpclient.netty.channel.ChannelManager - Adding key: http://localhost:14501 for channel [id: 0x4c386e8c, L:/127.0.0.1:51657 - R:localhost/127.0.0.1:14501]
08:45:10.675 [Forwarding executeScript on session 7336d9bba1d6e17afbbd64310ed1d5cd to remote] DEBUG org.asynchttpclient.netty.request.NettyRequestSender - Using pooled Channel '[id: 0x4c386e8c, L:/127.0.0.1:51657 - R:localhost/127.0.0.1:14501]' for 'POST' to 'http://localhost:14501/session/7336d9bba1d6e17afbbd64310ed1d5cd/execute/sync'
08:45:10.675 [Forwarding executeScript on session 7336d9bba1d6e17afbbd64310ed1d5cd to remote] DEBUG org.asynchttpclient.netty.request.NettyRequestSender - Using open Channel [id: 0x4c386e8c, L:/127.0.0.1:51657 - R:localhost/127.0.0.1:14501] for POST '/session/7336d9bba1d6e17afbbd64310ed1d5cd/execute/sync'
08:45:10.679 [AsyncHttpClient-1-17] DEBUG org.asynchttpclient.netty.handler.HttpHandler - 

Request DefaultHttpRequest(decodeResult: success, version: HTTP/1.1)
POST /session/7336d9bba1d6e17afbbd64310ed1d5cd/execute/sync HTTP/1.1
User-Agent: selenium/4.13.0 (java mac)
Content-Length: 180
Content-Type: application/json; charset=utf-8
host: localhost:14501
accept: */*

Response DefaultHttpResponse(decodeResult: success, version: HTTP/1.1)
HTTP/1.1 200 OK
Content-Length: 14
Content-Type: application/json; charset=utf-8
cache-control: no-cache

08:45:10.679 [AsyncHttpClient-1-17] DEBUG org.asynchttpclient.netty.channel.ChannelManager - Adding key: http://localhost:14501 for channel [id: 0x4c386e8c, L:/127.0.0.1:51657 - R:localhost/127.0.0.1:14501]
08:45:10.681 [Forwarding isElementDisplayed on session 7336d9bba1d6e17afbbd64310ed1d5cd to remote] DEBUG org.asynchttpclient.netty.request.NettyRequestSender - Using pooled Channel '[id: 0x4c386e8c, L:/127.0.0.1:51657 - R:localhost/127.0.0.1:14501]' for 'POST' to 'http://localhost:14501/session/7336d9bba1d6e17afbbd64310ed1d5cd/execute/sync'
08:45:10.681 [Forwarding isElementDisplayed on session 7336d9bba1d6e17afbbd64310ed1d5cd to remote] DEBUG org.asynchttpclient.netty.request.NettyRequestSender - Using open Channel [id: 0x4c386e8c, L:/127.0.0.1:51657 - R:localhost/127.0.0.1:14501] for POST '/session/7336d9bba1d6e17afbbd64310ed1d5cd/execute/sync'
08:45:10.687 [AsyncHttpClient-1-17] DEBUG org.asynchttpclient.netty.handler.HttpHandler - 

Request DefaultHttpRequest(decodeResult: success, version: HTTP/1.1)
POST /session/7336d9bba1d6e17afbbd64310ed1d5cd/execute/sync HTTP/1.1
User-Agent: selenium/4.13.0 (java mac)
Content-Length: 48815
Content-Type: application/json; charset=utf-8
host: localhost:14501
accept: */*

Response DefaultHttpResponse(decodeResult: success, version: HTTP/1.1)
HTTP/1.1 200 OK
Content-Length: 14
Content-Type: application/json; charset=utf-8
cache-control: no-cache

08:45:10.687 [AsyncHttpClient-1-17] DEBUG org.asynchttpclient.netty.channel.ChannelManager - Adding key: http://localhost:14501 for channel [id: 0x4c386e8c, L:/127.0.0.1:51657 - R:localhost/127.0.0.1:14501]
08:45:10.688 [Forwarding findElement on session 7336d9bba1d6e17afbbd64310ed1d5cd to remote] DEBUG org.asynchttpclient.netty.request.NettyRequestSender - Using pooled Channel '[id: 0x4c386e8c, L:/127.0.0.1:51657 - R:localhost/127.0.0.1:14501]' for 'POST' to 'http://localhost:14501/session/7336d9bba1d6e17afbbd64310ed1d5cd/element'
08:45:10.688 [Forwarding findElement on session 7336d9bba1d6e17afbbd64310ed1d5cd to remote] DEBUG org.asynchttpclient.netty.request.NettyRequestSender - Using open Channel [id: 0x4c386e8c, L:/127.0.0.1:51657 - R:localhost/127.0.0.1:14501] for POST '/session/7336d9bba1d6e17afbbd64310ed1d5cd/element'
08:45:10.697 [AsyncHttpClient-1-17] DEBUG org.asynchttpclient.netty.handler.HttpHandler - 

Request DefaultHttpRequest(decodeResult: success, version: HTTP/1.1)
POST /session/7336d9bba1d6e17afbbd64310ed1d5cd/element HTTP/1.1
User-Agent: selenium/4.13.0 (java mac)
Content-Length: 76
Content-Type: application/json; charset=utf-8
host: localhost:14501
accept: */*

Response DefaultHttpResponse(decodeResult: success, version: HTTP/1.1)
HTTP/1.1 200 OK
Content-Length: 96
Content-Type: application/json; charset=utf-8
cache-control: no-cache

08:45:10.697 [AsyncHttpClient-1-17] DEBUG org.asynchttpclient.netty.channel.ChannelManager - Adding key: http://localhost:14501 for channel [id: 0x4c386e8c, L:/127.0.0.1:51657 - R:localhost/127.0.0.1:14501]
08:45:10.698 [Forwarding executeScript on session 7336d9bba1d6e17afbbd64310ed1d5cd to remote] DEBUG org.asynchttpclient.netty.request.NettyRequestSender - Using pooled Channel '[id: 0x4c386e8c, L:/127.0.0.1:51657 - R:localhost/127.0.0.1:14501]' for 'POST' to 'http://localhost:14501/session/7336d9bba1d6e17afbbd64310ed1d5cd/execute/sync'
08:45:10.698 [Forwarding executeScript on session 7336d9bba1d6e17afbbd64310ed1d5cd to remote] DEBUG org.asynchttpclient.netty.request.NettyRequestSender - Using open Channel [id: 0x4c386e8c, L:/127.0.0.1:51657 - R:localhost/127.0.0.1:14501] for POST '/session/7336d9bba1d6e17afbbd64310ed1d5cd/execute/sync'
08:45:10.702 [AsyncHttpClient-1-17] DEBUG org.asynchttpclient.netty.handler.HttpHandler - 

Request DefaultHttpRequest(decodeResult: success, version: HTTP/1.1)
POST /session/7336d9bba1d6e17afbbd64310ed1d5cd/execute/sync HTTP/1.1
User-Agent: selenium/4.13.0 (java mac)
Content-Length: 180
Content-Type: application/json; charset=utf-8
host: localhost:14501
accept: */*

Response DefaultHttpResponse(decodeResult: success, version: HTTP/1.1)
HTTP/1.1 200 OK
Content-Length: 14
Content-Type: application/json; charset=utf-8
cache-control: no-cache

08:45:10.702 [AsyncHttpClient-1-17] DEBUG org.asynchttpclient.netty.channel.ChannelManager - Adding key: http://localhost:14501 for channel [id: 0x4c386e8c, L:/127.0.0.1:51657 - R:localhost/127.0.0.1:14501]
08:45:10.703 [Forwarding isElementDisplayed on session 7336d9bba1d6e17afbbd64310ed1d5cd to remote] DEBUG org.asynchttpclient.netty.request.NettyRequestSender - Using pooled Channel '[id: 0x4c386e8c, L:/127.0.0.1:51657 - R:localhost/127.0.0.1:14501]' for 'POST' to 'http://localhost:14501/session/7336d9bba1d6e17afbbd64310ed1d5cd/execute/sync'
08:45:10.703 [Forwarding isElementDisplayed on session 7336d9bba1d6e17afbbd64310ed1d5cd to remote] DEBUG org.asynchttpclient.netty.request.NettyRequestSender - Using open Channel [id: 0x4c386e8c, L:/127.0.0.1:51657 - R:localhost/127.0.0.1:14501] for POST '/session/7336d9bba1d6e17afbbd64310ed1d5cd/execute/sync'
08:45:10.710 [AsyncHttpClient-1-17] DEBUG org.asynchttpclient.netty.handler.HttpHandler - 

Request DefaultHttpRequest(decodeResult: success, version: HTTP/1.1)
POST /session/7336d9bba1d6e17afbbd64310ed1d5cd/execute/sync HTTP/1.1
User-Agent: selenium/4.13.0 (java mac)
Content-Length: 48815
Content-Type: application/json; charset=utf-8
host: localhost:14501
accept: */*

Response DefaultHttpResponse(decodeResult: success, version: HTTP/1.1)
HTTP/1.1 200 OK
Content-Length: 14
Content-Type: application/json; charset=utf-8
cache-control: no-cache

08:45:10.710 [AsyncHttpClient-1-17] DEBUG org.asynchttpclient.netty.channel.ChannelManager - Adding key: http://localhost:14501 for channel [id: 0x4c386e8c, L:/127.0.0.1:51657 - R:localhost/127.0.0.1:14501]
]]></system-out>
    <system-err><![CDATA[Jan 14, 2024 8:45:03 AM org.openqa.selenium.devtools.CdpVersionFinder findNearestMatch
WARNING: Unable to find an exact match for CDP version 120, so returning the closest version found: 117
]]></system-err>
  </testcase>
</testsuite>