<?xml version="1.0" encoding="UTF-8"?>
<!-- Generated by org.testng.reporters.JUnitReportReporter -->
<testsuite hostname="APPLEs-MacBook-Pro.local" failures="0" tests="1" name="com.sample.modules.HomePage" time="8.518" errors="0" timestamp="2024-01-12T08:34:31 IST" skipped="0">
  <testcase classname="com.sample.modules.HomePage" name="verifyCountryCurrencyWidget" time="8.518"/>
  <system-out>
    <![CDATA[Step 1 : Open URL - https://www.makemytrip.com/
Step 2 : Verify mmt country & currency selection section present.
Step 3 : Click on mmt country & currency selection section present.
Step 4 : Select country USA from dropdown.
Step 5 : Click on apply button.
Step 6 : Verify language english annd currency USD selected.
<font color=238E23><strong><i> PASS : verifyCountryCurrencyWidget</i></strong></font>]]>
  </system-out>
</testsuite> <!-- com.sample.modules.HomePage -->
