<?xml version="1.0" encoding="UTF-8"?>
<!-- Generated by org.testng.reporters.JUnitReportReporter -->
<testsuite hostname="APPLEs-MacBook-Pro.local" failures="0" tests="3" name="com.sample.modules.OfferPage" time="27.478" errors="0" timestamp="2024-01-14T08:45:15 IST" skipped="0">
  <testcase classname="com.sample.modules.OfferPage" name="verifyOfferPageTrendingICICIFilter" time="8.278"/>
  <system-out>
    <![CDATA[Step 1 : Open URL - https://www.makemytrip.com/
Step 2 : Click on super offer tab in header.
Step 3 : Verify offer page opened.
Step 4 : Click on trending radio button.
Step 5 : Click on icici checkbox.
Step 6 : Verify all offers have icici bank logo with terms and conditions.
<font color=238E23><strong><i> PASS : verifyOfferPageTrendingICICIFilter</i></strong></font>]]>
  </system-out>
  <testcase classname="com.sample.modules.OfferPage" name="verifyOfferPageFlightsHDFCFilter" time="9.560"/>
  <system-out>
    <![CDATA[Step 1 : Open URL - https://www.makemytrip.com/
Step 2 : Click on super offer tab in header.
Step 3 : Verify offer page opened.
Step 4 : Click on flights radio button.
Step 5 : Click on hdfc checkbox.
Step 6 : Verify all offers have hdfc bank logo with terms and conditions.
<font color=238E23><strong><i> PASS : verifyOfferPageFlightsHDFCFilter</i></strong></font>]]>
  </system-out>
  <testcase classname="com.sample.modules.OfferPage" name="verifyOfferPageHotelAxisFilter" time="9.640"/>
  <system-out>
    <![CDATA[Step 1 : Open URL - https://www.makemytrip.com/
Step 2 : Click on super offer tab in header.
Step 3 : Verify offer page opened.
Step 4 : Click on hotels radio button.
Step 5 : Click on axis checkbox.
Step 6 : Verify all offers have axis bank logo with terms and conditions.
<font color=238E23><strong><i> PASS : verifyOfferPageHotelAxisFilter</i></strong></font>]]>
  </system-out>
</testsuite> <!-- com.sample.modules.OfferPage -->
