<?xml version="1.0" encoding="UTF-8"?>
<!-- Generated by org.testng.reporters.JUnitReportReporter -->
<testsuite hostname="APPLEs-MacBook-Pro.local" failures="0" tests="3" name="com.sample.modules.OfferPage" time="27.527" errors="0" timestamp="2024-01-11T23:07:13 IST" skipped="0">
  <testcase classname="com.sample.modules.OfferPage" name="verifyOfferPageHotelAxisFilter" time="8.682"/>
  <system-out>
    <![CDATA[Step 0 : Open URL - null
Step 1 : Click oon super offer tab in header.
Message : Normal
Step 2 : Verify offer page opend.
Step 3 : Click on hotels radio button.
Step 4 : Click on axis checkbox.
Step 5 : Verify all offers have axis bank logo with terms and conditions.
Message : PASS : verifyOfferPageHotelAxisFilter]]>
  </system-out>
  <testcase classname="com.sample.modules.OfferPage" name="verifyOfferPageTrendingICICIFilter" time="9.963"/>
  <system-out>
    <![CDATA[Step 0 : Open URL - null
Step 1 : Click oon super offer tab in header.
Message : Normal
Step 2 : Verify offer page opend.
Step 3 : Click on trending radio button.
Step 4 : Click on icici checkbox.
Step 5 : Verify all offers have icici bank logo with terms and conditions.
Message : PASS : verifyOfferPageTrendingICICIFilter]]>
  </system-out>
  <testcase classname="com.sample.modules.OfferPage" name="verifyOfferPageFllightsHDFCFilter" time="8.882"/>
  <system-out>
    <![CDATA[Step 0 : Open URL - null
Step 1 : Click oon super offer tab in header.
Message : Normal
Step 2 : Verify offer page opend.
Step 3 : Click on flights radio button.
Step 4 : Click on hdfc checkbox.
Step 5 : Verify all offers have hdfc bank logo with terms and conditions.
Message : PASS : verifyOfferPageFllightsHDFCFilter]]>
  </system-out>
</testsuite> <!-- com.sample.modules.OfferPage -->
